['0', '100', '150', '250', '300', '350', '450', '60', '107', '108', '171', '241', '301', '349', '359']
['1', '151', '201', '351', '401', '451', '50', '67']
['2', '102', '152', '202', '252', '302', '352', '402', '452', '13', '24', '70', '101', '103', '211', '346']
['3', '53', '203', '253', '303', '353', '403', '453', '4', '52', '54', '91', '330', '424']
['104', '154', '204', '254', '304', '354', '404', '454', '7', '35', '71', '138', '284', '405']
['5', '55', '105', '155', '205', '255', '305', '355', '455', '98', '157', '207']
['56', '106', '156', '206', '256', '306', '356', '406', '456', '78', '180', '279', '308', '386', '485']
['257', '307', '357', '407', '457', '16', '17', '137', '470']
['58', '158', '208', '258', '408', '458', '153']
['59', '109', '159', '209', '259', '309', '409', '459', '61', '116', '358']
['210', '310', '360', '410', '460']
['11', '111', '161', '261', '311', '361', '411', '461', '372']
['62', '112', '162', '212', '262', '312', '362', '412', '462', '113', '114', '260']
['63', '163', '213', '263', '313', '363', '413', '463']
['14', '164', '214', '264', '314', '364', '414', '464', '9', '10', '12']
['15', '65', '115', '165', '215', '265', '315', '365', '415', '465', '83']
['66', '166', '216', '266', '316', '366', '416', '466']
['167', '217', '267', '317', '367', '417', '467']
['18', '68', '118', '168', '268', '318', '368', '418', '468']
['19', '69', '119', '169', '219', '269', '319', '369', '419', '469', '218', '251']
['120', '170', '220', '270', '320', '370']
['121', '221', '271', '321', '371', '421', '471', '420']
['22', '72', '122', '172', '222', '272', '322', '422', '472', '427']
['73', '223', '273', '323', '373', '423', '473', '225']
['74', '174', '224', '274', '324', '374']
['25', '125', '175', '275', '375', '425', '475']
['26', '76', '126', '176', '226', '276', '326', '376', '426', '476', '75', '191']
['77', '127', '177', '227', '277', '327', '377', '477', '394', '400']
['28', '128', '178', '228', '278', '328', '378', '428', '478', '27', '46']
['29', '79', '179', '229', '329', '379', '429', '479']
['130', '280', '380', '430', '480']
['81', '131', '181', '231', '331', '381', '431', '481']
['32', '82', '132', '182', '232', '282', '332', '382', '432', '482', '34', '45', '134', '281']
['33', '133', '183', '233', '283', '333', '383', '433', '483', '20', '21', '94', '160', '173']
['84', '184', '234', '434', '484', '6', '85', '87']
['135', '235', '285', '335', '385', '435']
['36', '86', '136', '186', '236', '286', '336', '436', '486', '8', '325', '334']
['37', '187', '237', '287', '337', '387', '437', '487', '110', '185', '198', '384']
['38', '88', '188', '238', '288', '338', '388', '438', '488', '30', '31', '57', '230', '390']
['39', '89', '139', '189', '239', '289', '339', '389', '439', '489', '129']
['90', '140', '190', '240', '290', '340', '440', '141']
['291', '341', '391', '441']
['42', '92', '142', '192', '242', '292', '342', '392', '442', '40', '41', '64', '123', '124']
['43', '93', '143', '193', '243', '293', '393', '443']
['44', '144', '194', '244', '294', '344', '444', '296']
['95', '145', '195', '245', '295', '345', '395', '445', '80', '117', '343']
['96', '146', '196', '246', '396', '446']
['47', '97', '147', '197', '247', '297', '347', '397', '447', '51', '200', '474']
['48', '148', '248', '298', '348', '398', '448', '23']
['49', '99', '149', '199', '249', '299', '399', '449']
