['76', '279', '194', '69', '264', '343', '253', '44', '204', '261', '34', '16', '170', '281', '125', '274', '233', '350', '349', '54', '110', '221', '4']
['165', '105', '197', '160', '195', '186', '353', '39', '268', '100', '347', '107', '112', '228', '254', '101', '65', '177', '238', '176', '124', '9']
['137', '295', '297', '237', '329', '58', '342', '37', '75', '62', '273', '38', '73', '230', '85', '296', '284', '140', '36', '207', '71', '131', '87', '1', '336']
['208', '96', '109', '149', '232', '307', '285', '216', '275', '161', '363', '172', '22', '317', '27', '235', '24', '348']
['244', '300', '289', '247', '66', '182', '155', '29', '346', '240', '162', '117', '151', '145', '156']
['241', '257', '328', '248', '318', '164', '222', '320', '83']
['2', '188', '212', '332', '256', '167', '338', '77', '246', '31', '135', '358']
['224', '179', '319', '128', '184', '119', '362', '280', '180', '88', '189', '258']
['19', '360', '356', '203', '263', '150', '53', '359', '126', '205', '255', '288', '209', '312']
['341', '108', '282', '355', '277', '298', '74', '147', '309', '132', '286', '334', '154', '3', '175']
['143', '93', '243', '259', '171', '115', '260', '81', '215', '305', '111', '323', '293']
['331', '32', '250', '361', '46', '199', '123', '10', '218', '79', '335', '23', '114', '344', '130', '315', '94']
['173', '322', '90', '41', '220', '316', '142', '50', '185']
['345', '252', '72', '91', '174', '118', '102', '333', '287', '206', '30', '292', '314']
['213', '11', '302', '14', '231', '78', '163']
['0', '15', '106', '127', '99', '330', '55', '89', '28', '40', '303', '158', '48', '64', '187', '52', '299', '225']
['5', '354', '139', '21', '223', '159', '181', '67', '325', '290', '183', '45', '251', '141']
['357', '104', '7', '134', '178', '219', '227', '236', '129', '157', '191', '17', '304', '51', '98', '306', '20', '190', '308']
['267', '192', '226', '321', '43', '57', '210', '133', '26', '198', '310', '337', '265', '351', '63', '326']
['116', '276', '113', '272', '211', '120', '25', '153', '217', '61', '245', '311', '201', '283', '6', '202']
['193', '239', '270', '86', '262', '152', '294', '166', '168', '56', '144', '33', '13', '242', '271']
['84', '146', '229', '121', '138', '269', '82', '214', '95', '196', '92', '8', '97']
['266', '68', '49', '70', '59', '249', '339', '103', '352', '35', '148', '18', '301', '291', '47', '42']
['12', '80', '169', '313', '324', '327', '60', '136', '200', '278', '122', '340', '234']
