['243', '15', '47', '179', '241']
['82', '163', '45', '1']
['83', '164', '31', '43', '81', '89', '226']
['246']
['166', '247', '70', '267', '5']
['167', '248', '2']
['87', '249', '86', '98']
['88', '250', '8']
['170']
['171', '252', '21', '251']
['172', '36', '42', '4']
['92', '173', '254', '39']
['174', '255', '44']
['13', '94', '175', '256', '206']
['176', '257']
['177', '258']
['97', '178', '259', '46', '66']
['17', '260']
['18', '99', '180', '261']
['100', '181', '262']
['101']
['102', '183', '264', '91']
['22', '184', '265', '7']
['104', '185', '266']
['24', '105', '186', '25', '114']
['268']
['107', '188', '269', '169']
['27', '189']
['190']
['110', '191']
['30', '111', '192']
['112', '193', '93']
['32', '113', '194', '29', '52']
['195', '244']
['34', '115', '196', '23', '65']
['35', '116', '197', '12', '73']
['117', '198']
['118', '199', '57', '108']
['119', '200', '28', '232', '245']
['120', '201']
['40', '121', '202', '64', '84', '123']
['122', '203', '95']
['204']
['124', '205', '165']
['125']
['207', '3']
['127', '208', '162']
['128', '209']
['129']
['49', '130', '211', '33']
['131', '212']
['51', '132', '213', '48']
['133', '214']
['53', '134', '215', '19']
['54', '135', '216', '11', '63', '90']
['55', '136']
['137', '218', '103', '253']
['138', '219', '38', '152']
['139', '220']
['221']
['60', '141', '222', '153']
['61', '142', '223', '58']
['62', '143', '224']
['144', '225']
['145', '140']
['146', '227', '20', '41', '75', '109', '126', '187', '217']
['147', '228', '16', '50']
['148', '229', '10', '56', '59', '0']
['68', '149', '230']
['69', '150', '231', '85', '106', '182']
['151']
['71', '233', '26']
['72', '234', '14', '67', '210']
['154', '235']
['155', '236']
['156', '237', '263']
['76', '157', '238', '96', '6']
['77', '158', '239', '37', '74', '168']
['78', '159', '240']
['79', '160', '9']
['80', '161', '242']
