['200', '30', '76', '121']
['201']
['202', '45', '158']
['203']
['204']
['205']
['206']
['207']
['208']
['209']
['210']
['11', '211']
['212']
['213']
['214']
['215']
['16', '216']
['217']
['218']
['19', '219']
['220']
['21', '221']
['222']
['23', '223', '17']
['24', '224', '22']
['225']
['26', '226']
['27', '227']
['28', '228', '8']
['29', '229', '4']
['230']
['31', '231', '3']
['32', '232', '37', '65']
['33', '233', '47', '187']
['34', '234', '2']
['35', '235', '12']
['236']
['237']
['38', '238', '6']
['39', '239', '50']
['40', '240', '18']
['241']
['242']
['243']
['44', '244', '43']
['245']
['46', '246']
['247']
['48', '248', '122']
['49', '249']
['250']
['51', '251']
['252']
['53', '253']
['254']
['55', '255']
['56', '256', '92', '339']
['57', '257']
['258']
['59']
['60', '260']
['61', '261', '84', '311']
['62', '262']
['63', '263']
['64', '264', '68']
['265', '10']
['66', '266', '160']
['67', '267']
['268']
['69', '269']
['70', '270']
['71', '271', '14']
['72', '272', '25', '378']
['273']
['74', '274']
['275']
['276']
['77', '277']
['78', '278', '149']
['79', '279']
['80', '280']
['81', '281']
['82', '282']
['83', '283', '20']
['284']
['85', '285']
['86', '286']
['87']
['88']
['89', '289']
['290']
['91', '291']
['292']
['93', '293']
['94', '294']
['95', '295']
['296']
['97', '297', '96', '396']
['98', '298']
['99', '299']
['100', '300', '147']
['101', '301']
['102', '302', '288']
['103', '303']
['104', '304']
['105', '305', '120']
['106', '306']
['107', '307']
['108', '308']
['109', '309']
['110', '310']
['111']
['112', '312']
['113', '313']
['114', '314']
['115', '315']
['116', '316']
['117', '317']
['118', '318']
['119', '319']
['320']
['321']
['322']
['123', '323', '287']
['324']
['125']
['126', '326']
['127', '327', '52']
['128']
['329', '36', '42']
['130', '330', '124']
['131', '331']
['132', '332', '362']
['133', '333', '259']
['134', '334']
['135', '335']
['136', '336']
['137', '337']
['138', '338']
['139']
['140', '340', '90', '143']
['141', '341']
['142', '342']
['343', '54']
['144', '344', '0']
['145']
['146', '346']
['347']
['148', '348', '41', '129']
['349']
['150', '350']
['151', '351']
['152', '352']
['153', '353']
['154', '354']
['155', '355', '5']
['156', '356']
['157']
['358', '9']
['159', '359']
['360', '13', '7']
['161', '361', '15', '191', '1']
['162']
['163', '363']
['164', '364']
['165', '365']
['166', '366']
['167', '367']
['168', '368']
['169', '369']
['170', '370']
['171', '371']
['172', '372']
['173', '373']
['174', '374', '328']
['175', '375']
['176', '376', '58']
['177', '377']
['178']
['179', '379']
['180', '380']
['181', '381']
['182', '382']
['183', '383', '198']
['184', '384', '345']
['185', '385']
['186', '386']
['387']
['188', '388']
['189', '389', '325']
['190', '390', '73']
['391']
['192', '392']
['193', '393', '75']
['194', '394']
['195', '395']
['196']
['197', '397']
['398']
['199', '399', '357']
