['208']
['100']
['194', '30', '10', '228', '67', '121', '175', '110', '36', '96']
['81']
['245', '84', '221', '58', '171', '239']
['37', '154']
['79', '105']
['169']
['217']
['77']
['3', '176', '222']
['139']
['31']
['116', '149']
['229']
['138']
['14', '41']
['63', '140', '120']
['45', '243']
['76', '189']
['52', '161']
['205', '24']
['212', '144']
['90', '186']
['160', '46']
['13', '20']
['73', '158']
['133', '231']
['86', '190']
['103', '29']
['206', '234']
['40', '134']
['233', '92']
['16', '248']
['150', '180']
['184', '118']
['164', '203']
['113', '33']
['219', '173']
['2', '207']
['108', '98']
['170', '122']
['159', '65']
['18', '227']
['249', '204']
['238', '99']
['156', '163']
['127', '235']
['43', '75']
['11', '182']
['193', '5']
['26', '157']
['178']
['57']
['246', '12']
['247', '130']
['226', '119']
['62', '114']
['54', '151']
['106', '199']
['48', '213']
['109', '141']
['111', '47']
['82', '148']
['200', '32']
['44', '83']
['132', '4']
['34', '71']
['70', '135']
['166', '9']
['69', '242']
['94', '165']
['17', '64']
['80', '230']
['220', '74']
['223', '240']
['85', '218']
['49', '167']
['181', '185']
['147', '56']
['196', '117']
['88', '78']
['97']
['89', '115']
['187', '168']
['7', '124']
['172', '59']
['60', '93']
['27', '61']
['155', '179']
['23', '145']
['214', '216']
['152', '192']
['21', '142']
['50', '210']
['126', '91']
['8', '22']
['146']
['101', '183']
['174', '198']
['42', '236']
['6', '162']
['241', '201']
['55', '177']
['72', '107']
['28', '191']
['25', '38']
['209', '131']
['237', '244']
['188', '125']
['215', '143']
['1', '39']
['51', '15']
['211', '232']
['225', '195']
['128', '104']
['202', '153']
['35', '136']
['129', '137']
['123', '66']
['53', '95']
['0', '102']
['68', '112']
['19', '197']
['224']
['87']
