['474lol', '21lol', '368lol', '98lol']
['392lol', '63lol', '217lol', '235lol']
['363lol', '268lol', '2lol', '230lol']
['203lol', '222lol', '435lol', '229lol']
['37lol', '258lol', '81lol', '417lol', '69lol']
['240lol', '91lol', '70lol', '86lol', '28lol', '492lol', '416lol']
['413lol', '420lol', '272lol', '169lol', '61lol']
['340lol', '208lol', '31lol', '409lol', '15lol', '291lol', '319lol', '465lol']
['100lol', '397lol', '483lol', '311lol', '308lol', '290lol']
['38lol', '249lol', '161lol', '396lol', '327lol', '344lol']
['185lol', '428lol', '176lol', '299lol']
['29lol', '59lol', '371lol', '214lol']
['234lol', '0lol', '139lol', '77lol', '244lol']
['341lol', '18lol', '491lol', '499lol', '399lol']
['199lol', '476lol', '181lol', '330lol', '51lol']
['83lol', '152lol', '106lol', '494lol', '43lol']
['224lol', '247lol', '65lol', '265lol']
['93lol', '355lol', '82lol', '484lol', '360lol']
['302lol', '206lol', '124lol', '132lol', '175lol']
['376lol', '480lol', '156lol', '393lol', '252lol']
['398lol', '213lol', '110lol', '328lol', '446lol']
['49lol', '27lol', '354lol', '242lol', '348lol']
['160lol', '298lol', '408lol', '452lol', '90lol']
['42lol', '138lol', '358lol', '334lol', '243lol']
['143lol', '148lol', '78lol', '481lol', '123lol']
['6lol', '41lol', '54lol', '342lol', '219lol']
['174lol', '301lol', '356lol', '226lol', '192lol']
['72lol', '162lol', '390lol', '405lol', '239lol']
['216lol', '131lol', '80lol', '433lol', '478lol']
['270lol', '109lol', '94lol', '458lol', '365lol']
['99lol', '107lol', '295lol', '84lol']
['64lol', '211lol', '473lol', '45lol', '191lol']
['349lol', '292lol', '115lol', '166lol', '447lol']
['279lol', '451lol', '56lol', '312lol', '303lol']
['113lol', '304lol', '163lol', '445lol', '245lol']
['387lol', '380lol', '383lol', '375lol', '10lol']
['287lol', '89lol', '285lol', '353lol', '53lol', '352lol', '438lol', '4lol']
['250lol', '142lol', '331lol', '114lol', '429lol']
['105lol', '257lol', '147lol', '269lol', '477lol', '253lol']
['350lol', '57lol', '425lol', '495lol', '120lol']
['335lol', '133lol', '128lol', '318lol']
['455lol', '406lol', '437lol', '482lol']
['30lol', '232lol', '130lol', '369lol', '173lol']
['442lol', '424lol', '347lol', '141lol', '427lol']
['345lol', '467lol', '278lol', '310lol', '46lol']
['324lol', '184lol', '404lol', '395lol', '440lol']
['453lol', '58lol', '284lol', '136lol', '496lol']
['251lol', '439lol', '346lol', '276lol', '386lol']
['190lol', '223lol', '286lol', '267lol', '118lol']
['262lol', '486lol', '168lol', '14lol', '88lol']
['361lol', '177lol', '125lol', '71lol']
['339lol', '25lol', '9lol', '463lol', '306lol']
['281lol', '164lol', '236lol', '119lol', '259lol']
['187lol', '411lol', '32lol', '309lol', '179lol']
['338lol', '1lol', '441lol', '430lol', '315lol']
['231lol', '332lol', '384lol', '24lol', '283lol']
['209lol', '97lol', '488lol', '260lol', '195lol']
['266lol', '237lol', '134lol', '178lol', '388lol']
['201lol', '194lol', '448lol', '3lol', '159lol']
['305lol', '436lol', '288lol', '186lol', '443lol', '357lol']
['40lol', '470lol', '126lol', '44lol', '456lol']
['275lol', '490lol', '464lol', '362lol', '11lol']
['460lol', '359lol', '127lol', '202lol', '19lol', '373lol']
['165lol', '48lol', '55lol', '321lol', '462lol']
['5lol', '333lol', '8lol', '316lol', '485lol']
['215lol', '50lol', '145lol', '400lol', '273lol']
['329lol', '426lol', '150lol', '233lol', '394lol', '66lol']
['402lol', '227lol', '62lol', '366lol', '33lol']
['225lol', '320lol', '108lol', '200lol', '135lol']
['300lol', '454lol', '382lol', '228lol', '26lol', '204lol']
['39lol', '23lol', '220lol', '351lol', '297lol']
['489lol', '307lol', '167lol', '407lol', '238lol', '112lol']
['422lol', '16lol', '196lol', '471lol', '182lol']
['12lol', '153lol', '92lol', '188lol', '370lol']
['497lol', '17lol', '343lol', '121lol', '67lol']
['96lol', '79lol', '459lol', '104lol']
['372lol', '193lol', '401lol', '76lol']
['248lol', '379lol', '170lol', '180lol']
['210lol', '263lol', '475lol', '323lol']
['326lol', '129lol', '75lol', '13lol']
['137lol', '87lol', '336lol', '282lol']
['431lol', '122lol', '47lol', '457lol']
['472lol', '498lol', '289lol', '157lol']
['469lol', '385lol', '52lol', '461lol']
['198lol', '415lol', '95lol', '325lol']
['154lol', '74lol', '254lol', '241lol']
['36lol', '205lol', '293lol', '102lol']
['367lol', '149lol']
['221lol', '68lol', '271lol', '85lol']
['207lol', '412lol', '158lol', '466lol']
['274lol', '7lol', '403lol', '418lol']
['294lol', '189lol', '264lol', '117lol']
['450lol', '487lol', '34lol']
['261lol', '313lol', '172lol', '378lol']
['197lol', '183lol', '73lol']
['155lol', '101lol', '391lol', '419lol']
['116lol', '314lol', '410lol', '364lol']
['256lol', '381lol', '377lol', '246lol']
['35lol', '337lol', '146lol', '296lol']
['479lol', '218lol', '277lol', '60lol']
['140lol', '493lol', '144lol', '374lol']
['255lol', '317lol', '423lol', '171lol']
['212lol', '322lol', '414lol', '111lol']
['389lol', '434lol', '468lol', '151lol']
['103lol', '22lol', '20lol', '421lol']
['449lol', '444lol', '280lol', '432lol']
