['60', '90', '120', '150', '180', '240', '270', '1']
['31', '61', '91', '121', '151', '181', '211', '241', '271', '38', '207']
['32', '62', '122', '152', '182', '212', '242', '272', '85', '86']
['63', '93', '123', '153', '183', '213', '243', '273']
['34', '64', '94', '124', '154', '184', '214', '244', '274', '18', '68', '117', '2']
['35', '65', '95', '125', '155', '185', '215', '245', '275', '21', '27', '7']
['36', '66', '96', '126', '156', '186', '216', '246', '276', '19', '72', '8']
['37', '67', '97', '127', '157', '187', '217', '247', '277', '28', '102', '5']
['98', '128', '158', '188', '218', '248', '278']
['69', '99', '129', '159', '189', '219', '249', '279']
['10', '40', '70', '100', '130', '160', '220', '250', '280']
['41', '71', '101', '131', '161', '191', '221', '251', '281', '16', '190', '3']
['42', '132', '162', '192', '222', '252', '282', '11']
['43', '73', '103', '133', '163', '193', '223', '253', '283', '173', '289']
['14', '44', '74', '104', '134', '164', '194', '224', '254', '284', '12', '33', '176', '0', '9']
['45', '75', '105', '135', '165', '195', '225', '255', '285']
['46', '76', '136', '166', '196', '226', '256', '286']
['17', '47', '77', '107', '137', '167', '197', '227', '257', '287', '39', '262']
['48', '78', '108', '138', '168', '198', '228', '258', '288']
['49', '79', '109', '139', '169', '199', '229', '259', '210']
['20', '50', '80', '110', '140', '170', '200', '230', '260', '290']
['51', '81', '111', '141', '171', '201', '231', '261', '291', '13']
['22', '52', '82', '112', '142', '172', '202', '232', '292', '106', '6']
['23', '53', '83', '113', '143', '203', '233', '263', '293', '30']
['24', '54', '84', '114', '144', '174', '204', '234', '264', '294', '26']
['55', '115', '145', '175', '205', '235', '265', '295', '92', '4']
['56', '116', '146', '206', '236', '266', '296']
['57', '87', '147', '177', '237', '267', '297', '15']
['58', '88', '118', '148', '178', '208', '238', '268', '298', '25']
['29', '59', '89', '119', '149', '179', '209', '239', '269', '299']
