['0', '122', '366', '120', '365']
['1', '123', '245', '367']
['2', '368']
['3', '125', '247', '369', '124']
['4', '126', '248', '370', '246']
['5', '249', '371']
['6', '128', '127']
['7', '129', '251', '373', '250']
['8', '130', '252', '10']
['9', '375', '372', '374']
['132', '254', '131', '253']
['11', '133', '255', '377', '376']
['256', '378']
['13', '135', '257', '12']
['14', '136', '258', '380', '134']
['137', '259']
['16', '382', '15', '379', '381']
['17', '139', '261', '383', '138']
['18', '140', '262', '384', '260']
['263', '385']
['20', '142', '264', '19']
['21', '143', '265', '387', '141']
['144', '266', '388', '386', '389']
['23', '145', '146']
['24', '268', '22', '267']
['25', '147', '269', '391', '390']
['270', '392']
['27', '149', '271', '26']
['28', '150', '272', '394', '148']
['151', '273', '395', '393', '396']
['30']
['31', '153', '275', '152']
['32', '154', '398', '29', '397']
['277', '399', '274', '276']
['34', '156', '278', '33']
['35', '157', '279', '401', '155']
['158', '280', '402', '400', '403']
['37', '36']
['38', '160', '282', '159']
['39', '161', '405', '404']
['284', '406', '281', '283']
['41', '163', '285', '40']
['42', '164', '286', '408', '162']
['165', '287', '409', '407', '410']
['44', '43']
['45', '167', '289', '411', '166']
['46', '168', '290', '412', '288']
['291', '413']
['48', '170', '292', '47']
['49', '171', '293', '415', '169']
['172', '294', '416', '414', '417']
['51', '50']
['52', '174', '296', '418', '173']
['53', '175', '297', '419', '295']
['298', '420']
['55', '177', '299', '54']
['56', '178', '300', '422', '176']
['179', '301', '423', '421', '424']
['58', '57']
['59', '181', '303', '425', '180']
['60', '182', '304', '426', '302']
['305']
['62', '184', '61']
['63', '307', '306']
['186', '308', '183', '185']
['65', '64']
['66', '188', '310', '187', '309']
['67', '189', '311']
['312']
['69', '191', '68', '190']
['70', '192', '314', '313']
['193', '315']
['72', '71']
['73', '195', '317', '194', '316']
['74', '196', '318']
['319']
['76', '198', '75', '197']
['77', '199', '321', '320']
['200', '322']
['79', '201', '202']
['80', '324', '78', '81', '323']
['203', '325']
['326']
['83', '205', '82', '204']
['84', '206', '328', '327']
['207', '329']
['86']
['209', '331', '208']
['88', '210', '85', '87']
['333', '330', '332']
['90', '212', '89', '211']
['91', '213', '335', '334']
['214', '336']
['93', '92']
['94', '216', '338', '215']
['95', '217']
['340', '337', '339']
['97', '219', '96', '218']
['98', '220', '342', '341']
['221', '343']
['100', '99']
['101', '223', '345', '222', '344']
['102', '224', '346']
['347']
['104', '226', '103', '225']
['105', '227', '349', '348']
['228', '350']
['107', '106']
['108', '230', '352', '229', '351']
['109', '231', '353']
['354']
['111', '233', '355', '110', '356']
['112', '234', '232', '235']
['357']
['114', '113']
['115', '237', '359', '236', '358']
['116', '238', '360']
['361']
['118', '240', '117']
['119', '363', '362']
['242', '364', '239', '241']
['121', '243', '244']
