['2', '388', '363', '321', '296', '281', '256', '193', '174', '153', '78', '59', '38', '19', '452', '421', '422', '409', '384', '386', '360', '361', '362', '365', '350', '318', '191', '192', '84', '77']
['429', '404', '389', '364', '337', '322', '297', '257', '235', '216', '194', '1119', '100', '79', '60', '428', '403', '407', '336', '338', '340', '295', '299', '252', '231', '236', '99', '58']
['430', '405', '298', '271', '11115', '11111', '195', '11110', '101', '80', '61', '40', '7', '427', '270', '275', '212', '189', '98', '102', '103', '104', '81', '56', '1113', '12']
['465', '446', '431', '406', '379', '11121', '339', '272', '11116', '237', '11112', '142', '121', '62', '41', '8', '462', '463', '464', '467', '426', '420', '277', '234', '141', '120', '35', '36', '37', '39']
['466', '447', '11122', '273', '143', '122', '82', '28', '9', '444', '445', '140', '119', '33', '10']
['381', '341', '314', '289', '274', '11128', '225', '184', '163', '144', '123', '83', '50', '29', '5', '451', '378', '380', '382', '313', '317', '224', '182', '186', '162', '49', '51', '53']
['4', '449', '397', '315', '290', '226', '185', '164', '145', '124', '11', '448', '323', '288', '11127', '211', '161', '154', '1118', '17']
['1', '423', '383', '356', '331', '316', '206', '165', '146', '125', '52', '31', '354', '279', '209', '6']
['439', '424', '399', '332', '292', '265', '247', '207', '187', '166', '93', '13', '3', '438', '440', '442', '443', '398', '333', '334', '264', '267', '245', '251', '203', '91', '92']
['425', '400', '358', '293', '248', '229', '208', '188', '167', '134', '113', '94', '73', '54', '1111', '355', '291', '246', '227', '228', '230', '204', '205', '183', '112', '115', '118', '71', '72', '11129']
['458', '441', '401', '374', '359', '307', '11117', '249', '135', '114', '74', '55', '34', '1112', '456', '457', '396', '373', '357', '301', '70', '30', '32']
['459', '415', '11123', '375', '335', '308', '11118', '268', '250', '176', '96', '75', '42', '11113', '0', '414', '417', '402', '372', '376', '330', '312', '306', '311', '175', '178', '133', '43', '45', '11114']
['460', '416', '11124', '349', '309', '269', '218', '177', '156', '137', '116', '97', '76', '22', '310', '266', '217', '221', '180', '136', '95']
['461', '377', '325', '283', '258', '219', '197', '138', '117', '23', '326', '329', '282', '24']
['433', '418', '351', '239', '179', '158', '139', '85', '64', '348']
['419', '352', '327', '300', '285', '199', '65', '46', '25', '324', '284', '63']
['435', '408', '393', '368', '353', '200', '181', '160', '127', '106', '87', '66', '47', '26', '432', '434', '390', '392', '366', '367', '370', '371', '198', '155', '157', '159', '105', '109', '111', '86']
['436', '394', '369', '302', '287', '262', '242', '223', '201', '128', '107', '48', '27', '391', '286', '259', '261', '220', '222', '196', '126', '130', '131', '132', '44', '21']
['437', '395', '11119', '303', '263', '243', '210', '202', '169', '129', '108', '89', '68', '342', '328', '260', '238', '240', '241', '244', '168', '170', '88']
['453', '11125', '411', '344', '11120', '304', '90', '69', '1114', '450', '410', '343', '345', '67']
['454', '11126', '412', '385', '305', '278', '190', '171', '150', '110', '1115', '16', '276', '172', '148', '149', '1116', '15']
['455', '413', '346', '319', '294', '254', '232', '213', '151', '57', '253', '215', '147']
['387', '347', '320', '280', '255', '233', '214', '173', '152', '1117', '18', '14', '20']
