['75', '100', '150', '175', '200', '225', '250', '275', '300', '325', '350', '375', '400', '425', '450', '475', '63', '258', '262', '318', '467']
['51', '76', '101', '126', '151', '201', '251', '276', '326', '351', '401', '426', '451', '476', '7', '8', '71']
['2', '52', '102', '127', '202', '227', '252', '302', '327', '377', '402', '427', '452', '477', '3', '50', '0']
['28', '53', '78', '103', '128', '228', '253', '303', '353', '378', '403', '428', '453', '478', '473']
['54', '79', '104', '129', '154', '204', '229', '254', '279', '304', '329', '354', '379', '404', '429', '454', '479']
['30', '55', '80', '105', '130', '180', '205', '230', '255', '280', '305', '330', '355', '380', '405', '430', '455', '480', '34', '39', '40', '56', '87', '93', '125', '139', '152', '153', '178', '240']
['31', '81', '106', '131', '156', '181', '206', '231', '256', '281', '306', '331', '356', '381', '406', '431', '456', '481', '94', '98', '203', '292', '337', '352', '471']
['32', '82', '107', '132', '157', '182', '207', '232', '257', '282', '307', '332', '357', '382', '407', '432', '457', '6', '29', '47', '68', '124', '137', '155', '220', '278', '287', '298', '301']
['33', '58', '83', '133', '158', '183', '208', '233', '283', '308', '333', '358', '383', '408', '433', '458', '64', '177', '217', '243', '295', '5']
['9', '59', '84', '109', '134', '159', '184', '209', '234', '259', '284', '309', '334', '359', '384', '409', '434', '459', '484', '1', '26', '27', '60', '62', '66', '108', '114', '118', '119', '120']
['10', '85', '110', '135', '160', '185', '210', '235', '260', '285', '310', '335', '360', '385', '410', '435', '460', '485']
['11', '36', '61', '111', '136', '161', '186', '211', '236', '261', '286', '311', '336', '361', '386', '411', '436', '461', '486', '468', '482']
['12', '37', '112', '162', '187', '212', '237', '312', '362', '387', '412', '437', '462', '487', '38', '145', '194']
['13', '88', '113', '163', '188', '213', '238', '263', '288', '338', '363', '388', '413', '438', '463', '488', '69', '483']
['14', '89', '164', '189', '214', '239', '264', '339', '364', '389', '414', '439', '464', '489', '18', '21', '179']
['65', '90', '115', '140', '165', '190', '215', '265', '290', '315', '340', '365', '390', '415', '440', '465', '490', '138', '171', '277', '289']
['16', '41', '91', '116', '141', '166', '191', '216', '241', '266', '291', '316', '341', '366', '391', '416', '441', '466', '491', '328']
['17', '42', '67', '92', '117', '142', '167', '192', '242', '267', '317', '342', '367', '392', '417', '442', '57']
['43', '168', '193', '218', '268', '293', '343', '368', '393', '418', '443', '493']
['44', '144', '169', '219', '244', '269', '294', '319', '344', '369', '394', '419', '444', '469', '494', '86', '143']
['20', '45', '70', '95', '170', '195', '245', '270', '320', '345', '370', '395', '420', '445', '470', '495', '25', '77']
['46', '96', '121', '146', '196', '221', '246', '271', '296', '321', '346', '371', '396', '421', '446', '496', '4', '19', '35', '49', '176', '313', '376']
['22', '97', '122', '147', '172', '197', '222', '247', '272', '297', '322', '347', '372', '397', '422', '447', '472', '497', '15', '24', '226', '314']
['23', '48', '73', '123', '148', '173', '198', '223', '248', '273', '323', '348', '373', '398', '423', '448', '498', '72', '492']
['74', '99', '149', '174', '199', '224', '249', '274', '299', '324', '349', '374', '399', '424', '449', '474', '499']
