['100', '200', '300', '10', '24', '356', '7']
['201', '301', '4']
['202', '302', '16', '55']
['103', '203', '303', '25', '57']
['104', '204', '304']
['105', '205', '305']
['206']
['107', '207', '307']
['108', '208']
['109', '209', '309']
['110', '210', '310', '148']
['111', '211', '311']
['12', '112', '212', '312', '306', '317']
['13', '113', '213', '313']
['14', '114', '314', '8']
['15', '115', '215', '315', '9']
['116', '216', '316', '383']
['217']
['118', '218', '318']
['119', '219', '319']
['120', '220', '320', '308']
['121', '221', '321']
['122', '222', '322']
['123', '223', '323', '6']
['224', '324']
['125', '325']
['126', '226', '326']
['127', '227', '327', '102']
['28', '128', '228', '328', '43', '45', '46', '53', '59']
['29', '129', '229', '329', '76', '386']
['30', '130', '230', '330', '27', '335']
['31', '131', '231', '331', '20', '197', '249']
['132', '232', '332', '11', '18', '95', '242']
['33', '133', '333']
['134', '234', '334', '17']
['35', '135', '235']
['36', '136', '236', '336']
['37', '237', '337', '185']
['38', '138', '238', '338']
['139', '239', '339']
['140', '240', '340']
['41', '141', '241', '341', '263', '290', '0']
['42', '142', '342']
['143', '243', '343']
['44', '144', '244', '344']
['145', '245', '345']
['246', '346']
['147', '247', '347', '381']
['48', '248', '348', '225']
['49', '149', '349', '54']
['50', '150', '350']
['51', '151', '251', '351']
['152', '252', '352', '283']
['153', '253', '353']
['154', '254', '354']
['155', '255', '355', '84']
['56', '156', '256']
['157', '257', '357']
['58', '158', '258', '358', '146']
['259', '359']
['60', '160', '260', '360', '364']
['61', '161', '261', '361', '39']
['62', '262', '362']
['63', '163', '363']
['64', '164', '264']
['65', '165', '265', '365', '5']
['166', '266', '366', '159']
['67', '167', '267', '367', '106', '124', '137']
['168', '268', '368']
['69', '169', '269', '369']
['170', '270', '370']
['171', '271']
['72', '172', '272', '372']
['73', '173', '273', '373', '22']
['74', '174', '274', '374', '21', '47', '162', '250', '399']
['75', '175', '275', '375']
['176', '276', '376', '214']
['77', '177', '277', '377', '34', '2']
['78', '178', '278', '378', '52', '71', '1']
['79', '179', '279', '379', '32']
['180', '280', '380']
['81', '181']
['82', '182', '282', '382', '80']
['83', '183']
['184', '284', '384']
['85', '285', '385']
['86', '186', '286', '295']
['87', '187', '287', '387']
['88', '188', '288', '388', '189', '371']
['89', '289', '389', '101', '117']
['90', '190', '390', '70', '3']
['91', '191', '291', '391']
['92', '192', '292', '392']
['93', '193', '293', '393']
['94', '194', '294', '394', '26']
['195', '395']
['96', '196', '296', '396', '40', '68', '233']
['97', '297', '397', '23', '66']
['98', '198', '298', '398', '19', '281']
['99', '199', '299']
