['150', '200', '250', '300', '350', '400', '450', '6', '7', '22', '114', '120', '135', '155', '223', '297', '331']
['51', '101', '201', '301', '401', '451', '27', '35', '54', '141', '191', '192', '479']
['102', '152', '252', '302', '352', '402', '452', '119', '151', '433']
['153', '253', '303', '403', '453', '8', '48', '188']
['154', '254', '304', '354', '404', '454', '36', '53', '73']
['55', '105', '205', '255', '305', '355', '405', '455', '190', '293', '336', '360']
['56', '106', '156', '206', '256', '306', '356', '406', '456', '296', '419']
['57', '157', '307', '357', '407', '457', '14', '38', '76', '100', '273']
['158', '208', '308', '408', '458', '23', '274']
['109', '159', '209', '259', '309', '359', '409', '459', '19', '69']
['110', '160', '210', '260', '310', '410', '460']
['61', '161', '261', '361', '411', '461', '10', '45', '59']
['62', '112', '162', '212', '262', '312', '362', '412', '462', '3', '16', '175', '224']
['63', '113', '213', '263', '313', '413', '463', '78', '123']
['64', '164', '214', '264', '314', '364', '414', '464', '202', '326']
['165', '215', '265', '315', '365', '415', '465']
['66', '216', '316', '366', '416', '466', '15', '58', '230']
['67', '167', '217', '267', '317', '367', '417', '467', '203', '369']
['18', '118', '168', '218', '268', '318', '368', '418', '468', '0', '28', '104', '126', '351']
['169', '269', '319', '469']
['70', '170', '270', '320', '370', '420', '470']
['71', '121', '171', '221', '271', '321', '371', '471', '68', '98', '204', '345']
['72', '122', '172', '322', '372', '422', '472']
['173', '323', '373', '423', '473']
['24', '124', '174', '324', '374', '424', '474', '21', '49', '290']
['25', '75', '125', '225', '275', '325', '375', '425', '235', '485']
['176', '226', '276', '376', '426', '476', '42']
['77', '127', '227', '277', '327', '377', '427', '477', '60']
['128', '178', '228', '278', '328', '378', '428', '478', '184']
['29', '79', '129', '179', '229', '279', '329', '429', '2', '266']
['30', '80', '130', '180', '280', '330', '380', '430', '480', '34', '358']
['31', '81', '131', '181', '231', '281', '381', '431', '481', '222', '363', '421', '496']
['82', '132', '182', '232', '282', '332', '382', '482', '20', '251', '311', '475']
['183', '283', '333', '383', '483', '26', '32', '39', '41', '258']
['84', '134', '234', '284', '334', '384', '434', '4', '52', '103', '207', '233']
['185', '285', '335', '385', '435', '1']
['86', '136', '186', '236', '286', '386', '436', '486', '5', '11', '12', '177', '484']
['37', '87', '137', '187', '237', '287', '337', '387', '437', '487', '85', '88', '108', '115', '163', '166', '211', '219', '292']
['138', '238', '288', '338', '438', '488']
['89', '139', '189', '239', '289', '339', '389', '439', '489', '9', '33', '96', '133']
['40', '90', '140', '240', '340', '390', '440', '490', '117', '272']
['91', '241', '291', '341', '391', '441', '491', '379']
['142', '242', '342', '392', '442', '492', '111', '116']
['93', '193', '243', '343', '393', '443', '493', '92', '220', '388', '432']
['44', '94', '144', '194', '244', '294', '344', '394', '444', '494', '46', '47', '83', '257']
['95', '145', '195', '245', '295', '395', '445', '495', '13', '353']
['146', '196', '246', '346', '396', '446', '50', '65']
['97', '147', '197', '247', '347', '397', '497', '43']
['148', '198', '248', '298', '348', '398', '448', '498']
['99', '149', '199', '249', '299', '349', '399', '449', '499', '17', '74', '107', '143', '447']
