['1', '101', '121', '161', '181', '201', '241', '261', '281', '19', '33', '34', '37', '54', '91', '110', '126', '131', '135', '160', '166', '171', '204', '265', '288']
['2', '142', '162', '182', '202', '222', '242', '282', '29', '48', '79', '148', '150', '186', '221']
['3', '43', '63', '103', '123', '143', '163', '183', '203', '223', '243', '263', '283', '26', '32', '70', '109', '132', '164', '194', '207', '227', '287']
['4', '24', '44', '64', '84', '104', '124', '144', '184', '224', '244', '264', '72', '89', '113', '114', '213', '272']
['5', '25', '65', '145', '185', '205', '225', '245', '285', '78', '198']
['6', '66', '86', '146', '206', '226', '246', '266', '286', '41', '47', '69', '82', '230', '233', '280']
['7', '27', '67', '107', '127', '147', '167', '187', '267', '59', '116', '169', '172', '251']
['8', '68', '88', '128', '188', '208', '228', '268']
['9', '49', '149', '189', '229', '289', '42', '122', '158']
['50', '90', '130', '170', '190', '210', '250', '270', '290', '11', '46', '71', '80', '111', '195', '284', '296']
['31', '51', '151', '211', '271', '291', '22', '120', '249']
['52', '92', '112', '152', '192', '212', '232', '252', '292', '36', '45', '108', '191', '209', '262']
['73', '133', '153', '173', '193', '293', '247']
['74', '94', '134', '174', '214', '234', '274', '294', '13', '23', '129', '156', '253']
['75', '95', '115', '155', '175', '215', '235', '255', '275', '295', '85', '141', '240', '269']
['56', '76', '176', '196', '216', '256', '276', '99']
['97', '117', '137', '157', '177', '197', '217', '237', '257', '277', '297', '12', '20', '21', '35', '53', '61', '81', '96', '136', '165', '168', '199', '231', '236']
['18', '38', '58', '98', '118', '138', '178', '218', '238', '258', '278', '298', '16', '17', '28', '55', '57', '62', '77', '83', '87', '93', '106', '248']
['39', '119', '139', '159', '179', '219', '239', '259', '279', '299', '10', '15', '102', '105', '154', '254', '260']
['40', '60', '100', '140', '180', '200', '220', '300', '14', '30', '125', '273']
