['0', '46', '115', '138', '161', '253', '17', '56', '73', '74', '84', '100', '116', '200', '211', '302']
['1', '47', '93', '139', '162', '185', '231', '254', '277', '300', '11', '18', '19', '23', '29', '71', '132', '220']
['25', '48', '94', '163', '186', '209', '255', '278', '8', '26', '31', '61', '63', '122', '172', '173', '262', '303']
['95', '164', '210', '233', '256', '279', '7']
['27', '96', '257', '22', '24', '44', '92', '121', '177', '192', '217', '225', '237', '249', '250']
['51', '166', '212', '235', '258', '281', '304', '179', '215', '228', '265', '267', '270', '275', '309']
['6', '52', '75', '98', '144', '167', '190', '259', '282']
['30', '53', '76', '168', '191', '283', '3', '16', '59', '110', '175', '178', '188', '189', '239', '245']
['77', '146', '238', '284', '307']
['55', '101', '147', '170', '216', '285', '10', '28', '54', '89', '118', '125', '131', '176', '230', '301', '312']
['33', '79', '148', '171', '240', '263', '286', '5', '14', '82', '99', '117', '234', '246', '299', '308']
['34', '57', '103', '126', '218', '241', '310', '9', '87', '142', '184', '194', '208', '232', '261', '306']
['12', '35', '150', '196', '219', '288', '311', '4', '32', '72', '80', '124', '137', '141', '157', '213', '273', '294']
['36', '105', '128', '151', '266', '289']
['60', '83', '129', '152', '198', '221', '244', '290']
['38', '107', '130', '153', '222', '268', '291', '49', '58', '65', '97', '112', '149', '155', '158', '271', '280', '305']
['62', '85', '108', '154', '269', '292', '15', '37', '165', '169', '187', '236', '242', '243', '260', '264']
['40', '86', '109', '201', '224']
['41', '64', '133', '156', '202', '69', '102', '104', '120', '145', '174', '181', '223', '293', '313']
['42', '88', '111', '134', '180', '203', '226', '272', '295', '2', '119', '123', '127', '193', '195', '197', '229']
['43', '66', '135', '204', '227', '296', '39', '78', '81', '106', '199', '207', '248', '287']
['21', '67', '90', '113', '136', '159', '182', '205', '251', '274', '297']
['45', '68', '91', '114', '160', '183', '206', '252', '298', '13', '20', '50', '70', '140', '143', '214', '247', '276']
