['qqeafqd', 'yfabxdu', 'noyikuy', 'xxqfkzr', 'ximpauw', 'xuppdvy', 'hylhzqr', 'ksjmenx', 'vxktmpe', 'mqwftjq', 'uitiunf', 'zxijrwr', 'efrtcpo', 'lcmynyw', 'douqsoq', 'ljqttnn']
['iudsrjy', 'jwpfwqz', 'eiuywkb', 'zhdvxfc', 'kadvzfh', 'hncniof', 'vogmqqe', 'wklasyt', 'bnuxlph', 'ylnttkr', 'kolwqja', 'tjtezbn', 'gdkxxon', 'spgwzqj', 'cewygrc', 'cutedox']
['vshvlic', 'yiuitfo', 'tdrolvx', 'gmultvj', 'pvwdbuk', 'ojujfds', 'pwaalip', 'thidksk', 'afvpuoz', 'ulqqnrx', 'shztxik', 'npbmbcl', 'gnlcixq', 'zrhphdg', 'ebexhbz', 'ljxjare']
['werprzm', 'okdlbya', 'xabjjff', 'xxradgz', 'jcoguvu', 'vrvkaaa', 'bolryno', 'tgshqis', 'opcamxc', 'lmgvnku', 'fgubrui', 'vwcmgzh', 'fzplaod']
['qifpupk', 'rbwdwlz', 'njoxkmb', 'igvkuru', 'pcdlpcz', 'ynxyoyb', 'amfrehb', 'gevooyy', 'qavmxlu', 'atfmxqs', 'cmlcnuo', 'qgpciwf', 'sfjvtxw', 'zmgjecs', 'nehlpbv', 'bwxgkld']
['glkfhro', 'bbevbps', 'ekbghpg', 'fxswbii', 'cvokrsd', 'dsvowko', 'aocuywp', 'upgszso', 'ljxgjfb', 'jmjdmxv', 'wmodcaj', 'nndfzgt', 'nsjgubf', 'wznyiaw', 'ktyynlr', 'weondbg']
['nvjeors', 'jdufzkb', 'wdahnhw', 'rbpdoot', 'jzqcfee', 'dlfncva', 'reolqff', 'egfbifk', 'qxwwqfk', 'oayxvdx', 'upucitb', 'yvvwjem', 'iiybggp', 'ciynmhw', 'zvuccyi', 'hlruggb']
['lfxhllc', 'tjcagrq', 'dpgzdmu', 'wellvsr', 'wxbassh', 'xsjadss', 'apuclff', 'hfzbxzo', 'crclbim', 'bkrlzdx', 'dwfazac', 'owvackd', 'jgbbizt', 'qwcwszq', 'nbftfsb', 'bundjpw']
['capkmzr', 'momhmut', 'jtkovjl', 'emvhlci', 'nbhknmw', 'puotspj', 'alvvzcr', 'wqohgce', 'ksrplzq', 'aowxwvx', 'vvadaaj']
['aadjodd', 'mqeymdi', 'azzpyql', 'bymyfhs', 'jigaagt', 'kctacue', 'dtfwkrc', 'rqdjqiq', 'ljllxhw', 'jivtfds', 'ymwwchd', 'kitxrio', 'igtcqiv', 'laxdipx', 'qlgkouj', 'ulpkpaf']
['qufxqvh', 'jbockfp', 'pmckuxh', 'vahwsck', 'jxlxfoo', 'urujvnn', 'hscfpsc', 'wlhpnux']
['mnxptfo', 'fhflmkc', 'oikctcj', 'uhhhxgy', 'hnpufhr', 'engjphl', 'atvqyki', 'bvvitzv', 'awftunn', 'pnnzbti', 'adzdoyj', 'bnyrwnb', 'sfzipfj', 'korcvcx', 'ydirvrp', 'axxwrug']
['iuddtax', 'vmrdoff', 'kuwyrgr', 'nqmwwmz', 'rnluyib', 'hxlagmh', 'uekjkik', 'aslzxho', 'nzhlxzk', 'lqjdzbc', 'gmqbbof', 'whaalyx', 'mlehrqr', 'vfebggx', 'oegoznu', 'fzsjvuk']
['lucqgzc', 'jhstklj', 'huzgikq', 'zfqckzr', 'itivxup', 'pkosxjv', 'vbcaiur', 'kpqzpfs']
['uwgeeaz', 'ytvwmpd', 'pojnkue', 'omyynfi', 'asyegiw', 'fufnjyf', 'xaawrda', 'liqhklu', 'idyyroc', 'mirwseo', 'kjhsxww', 'vvwlixv', 'pjsyeez', 'rxnxrbl', 'uckdnaa']
['aytcnpm', 'ntanocw', 'qhwwalp', 'rxngmkt', 'dqbtiaw', 'fhuqtfp', 'sgrvtpg', 'frxrjcw', 'acgwdsb', 'pxgrikq', 'poyacsv', 'wjosnfy', 'ofsoyop', 'rorsdzp', 'quaahkj', 'ipxjgfz']
['lpzhylm', 'mbrlttj', 'tqjelgo', 'kvfjhzh', 'upxaolv', 'rroxpwu', 'mltjlsu', 'dgvegls', 'jbhevly', 'huwkfqk', 'gdvcboj', 'urudgpc', 'eezxrdd', 'labghhm', 'dnxxgal', 'hutontm']
['fdccgyr', 'drtgipl', 'ueyjznc', 'ptcbphe', 'dmsftgx', 'vjpstks', 'fhrabmr', 'mgtzswf', 'ebtqhua', 'bwpwdoy', 'wenwqgs', 'hwprfxd', 'upzignf', 'nrctxxu', 'ckbpvbd', 'roothgi']
['yssbhls', 'ngznfds', 'aenkmpt', 'owgzpow', 'sieoave', 'rljbssd', 'ovyjjfm', 'vkrrkcg', 'kuhueyd', 'xlypwfl', 'vowjmgf', 'qerzkir', 'grhnknx', 'uckaokp', 'ktqbsnt', 'vvjtuhb']
['szriiex', 'ozoxsck', 'tfsfpnw', 'mtbiczg', 'ehfkaur', 'jnwitwp', 'joqmipo', 'gmapuez', 'uuqtrnp', 'ypncztk']
['egezjtl', 'ypwfljl', 'mclspox', 'ptpmisy', 'hrmwoaf', 'zxtfzys', 'zxlpndu', 'dcysunk', 'lpzovzo', 'dtmsxwk', 'abxurqr', 'cjyrens', 'newswsl', 'kiwoauy', 'clcozil', 'lehooqa']
['ultrowi', 'olzxpzb', 'pcrzoox', 'eghatxl', 'rqevvql', 'yqtlogi', 'oqqfikf', 'crzdxig', 'jojnukl', 'jygmmrk', 'jrguwdk', 'xdofsvh', 'hvnuihp', 'emqikpe', 'jnfpvkg', 'goxywvb']
['zrimkhj', 'gceicua', 'mcirxcd', 'vuedrix', 'hlkffeh', 'bpbiuoh', 'mbzuntj', 'qccnlus', 'bxtdbjc', 'odoqgfk', 'brpqwlx', 'jplsynx']
['ohgorzn', 'zexclum', 'ehcdgdr', 'ylscqcm', 'sipicas', 'fieuife', 'sfjkptj', 'ygoytty', 'dpmxdni', 'znskrzx', 'dubzmmn', 'nkylhqw', 'joerrak']
['rfhgsrd', 'nlfhgdx', 'yoqrhdw', 'xxhgtbs', 'bfonhts', 'otmayxy', 'mtrmooo', 'gbuoffj', 'dazkzcz', 'ndqmeid', 'coupfju', 'mmsicju', 'etkmfom']
['edebgoj', 'uahwspd', 'nrplxxf', 'djzcmeu', 'cjhldsy', 'kzgbgcg', 'ugpqnzn']
['jaikykc', 'xcjwaaa', 'bhbfrfj', 'hqikiss', 'crmjrbf', 'szlzdlt', 'raymfyf', 'skvsmyl', 'qimiqpx', 'ftbfwum']
