['0', '60', '100', '120', '160', '180', '200', '220', '240', '260', '300', '320', '360', '13', '19', '23', '59', '61', '90', '92', '99', '102', '119', '138', '159', '161', '179', '299', '346']
['1', '41', '81', '101', '121', '141', '221', '241', '281', '321', '341', '361', '381', '20', '193', '242', '251', '340', '380', '382', '391']
['2', '22', '62', '122', '162', '182', '222', '262', '282', '302', '322', '342', '362', '21', '32', '105', '183', '201', '204', '223', '283', '294', '323', '363', '377']
['3', '43', '83', '103', '143', '203', '243', '303', '343', '383', '53', '73', '84', '144', '166', '234']
['4', '24', '44', '64', '104', '124', '184', '224', '264', '284', '304', '324', '364', '384', '25', '45', '63', '69', '123', '185', '268', '275', '285', '325', '365']
['5', '85', '145', '165', '245', '265', '305', '345', '385', '154']
['6', '26', '46', '66', '106', '126', '146', '186', '206', '226', '286', '306', '326', '366', '386', '27', '205']
['7', '167', '207', '247', '267', '307', '327', '347', '367', '387', '86', '308', '328', '335']
['8', '28', '48', '68', '88', '108', '128', '148', '168', '188', '208', '228', '288', '348', '368', '388', '29', '42', '47', '67', '80', '87', '107', '109', '129', '147', '273', '287', '344', '349']
['49', '89', '249', '269', '289', '309', '329', '369', '389', '50', '244', '248', '261', '266', '270', '301', '330', '359', '370']
['10', '30', '70', '110', '130', '150', '170', '190', '210', '230', '250', '290', '310', '350', '390', '71', '111', '149', '169', '189', '199', '202', '209', '212', '229', '231', '291']
['31', '51', '91', '131', '151', '171', '191', '211', '271', '311', '331', '351', '371', '65', '78', '82', '127', '225', '272', '312', '332']
['12', '52', '72', '112', '132', '192', '232', '252', '292', '352', '372', '392', '9', '113', '353', '373']
['33', '93', '153', '173', '213', '233', '253', '293', '313', '333', '393', '34', '152', '195', '214']
['14', '54', '74', '94', '134', '174', '194', '254', '274', '314', '334', '354', '374', '394', '133', '255']
['35', '115', '155', '175', '215', '235', '295', '355', '114']
['16', '56', '76', '96', '116', '136', '156', '196', '216', '236', '256', '276', '296', '316', '336', '376', '396', '15', '17', '55', '57', '75', '77', '95', '117', '135', '142', '157', '181', '375']
['37', '137', '177', '217', '297', '317', '337', '357', '397', '11', '36', '38', '163', '164', '176', '187', '356', '398', '399']
['18', '58', '98', '118', '158', '178', '198', '238', '258', '278', '298', '318', '338', '358', '378', '97', '125', '140', '172', '197', '237', '239', '246', '257', '259', '263', '277', '315', '319']
['39', '79', '139', '219', '279', '339', '379', '40', '218', '227', '280', '395']
