['0']
['1', '101', '201', '100', '102', '200']
['2', '202', '302', '300', '301', '303']
['3', '103', '203']
['4']
['5', '105', '305', '104', '106', '107', '304']
['6', '206', '306', '204', '205', '207']
['7', '307']
['8', '10', '11']
['9', '109', '209', '108', '110', '208']
['210', '310', '308', '309', '311']
['111', '211']
['312', '313', '314']
['13', '113', '12', '14', '112']
['114', '214', '212', '213', '215']
['15', '115', '315']
['316', '317', '318', '319']
['17', '217', '16', '18', '19', '216']
['118', '218', '116', '117', '119']
['219']
['320', '321', '322']
['21', '121', '20', '22', '120']
['122', '222', '220', '221', '223']
['23', '123', '323']
['324', '325', '326', '327']
['25', '225', '24', '26', '27', '224']
['126', '226', '124', '125', '127']
['227']
['328', '329', '330']
['29', '129', '28', '30', '128']
['130', '230', '228', '229', '231']
['31', '131', '331']
['332', '333', '334', '335']
['33', '233', '32', '34', '35', '232']
['134', '234', '132', '133', '135']
['235']
['336', '337', '338']
['37', '137', '36', '38', '136']
['138', '238', '236', '237', '239']
['39', '139', '339']
['340', '341', '342', '343']
['41', '241', '40', '42', '43', '240']
['142', '242', '140', '141', '143']
['243']
['344', '345', '346']
['45', '145', '44', '46', '144']
['146', '246', '244', '245', '247']
['47', '147', '347']
['348', '349', '350', '351']
['49', '249', '48', '50', '51', '248']
['150', '250', '148', '149', '151']
['251']
['352', '353', '354']
['53', '153', '52', '54', '152']
['154', '254', '252', '253', '255']
['55', '155', '355']
['356', '357', '358', '359']
['57', '257', '56', '58', '59', '256']
['158', '258', '156', '157', '159']
['259']
['360', '361', '362']
['61', '161', '60', '62', '160']
['162', '262', '260', '261', '263']
['63', '163', '363']
['364', '365', '366', '367']
['65', '265', '64', '66', '67', '264']
['166', '266', '164', '165', '167']
['267']
['368', '369', '370']
['69', '169', '68', '70', '168']
['170', '270', '268', '269', '271']
['71', '171', '371']
['372', '373', '374', '375']
['73', '273', '72', '74', '75', '272']
['174', '274', '172', '173', '175']
['275']
['376', '377', '378']
['77', '177', '76', '78', '176']
['178', '278', '276', '277', '279']
['79', '179', '379']
['380', '381', '382', '383']
['81', '281', '80', '82', '83', '280']
['182', '282', '180', '181', '183']
['283']
['384', '385', '386']
['85', '185', '84', '86', '184']
['186', '286', '284', '285', '287']
['87', '187', '387']
['388', '389', '390', '391']
['89', '289', '88', '90', '91', '288']
['190', '290', '188', '189', '191']
['291']
['392', '393', '394']
['93', '193', '92', '94', '192']
['194', '294', '292', '293', '295']
['95', '195', '395']
['396', '397', '398', '399']
['97', '297', '96', '98', '99', '296']
['198', '298', '196', '197', '199']
['299']
