['0', '20', '60', '80', '120', '140', '220', '260', '280', '300', '320', '340', '360', '380', '400', '420', '440', '460', '480', '30', '38', '62', '64', '73', '82', '116', '166', '273', '311', '312']
['1', '21', '61', '101', '121', '141', '161', '181', '201', '241', '261', '281', '301', '321', '341', '361', '381', '401', '441', '461', '481', '19', '40', '46', '74', '91', '112', '124', '262', '442']
['2', '22', '42', '102', '122', '162', '222', '242', '282', '302', '322', '342', '362', '382', '402', '462', '482', '35', '41', '50', '59', '77', '125', '175', '244', '485']
['3', '43', '63', '103', '123', '143', '163', '183', '203', '263', '283', '323', '343', '363', '383', '403', '423', '443', '483', '14', '33', '52', '75', '157', '200', '207', '247', '289', '378', '469']
['4', '44', '84', '104', '164', '184', '264', '284', '304', '324', '344', '364', '384', '424', '464', '484', '58', '86', '288']
['25', '85', '145', '165', '185', '205', '265', '285', '305', '325', '365', '385', '405', '425', '445', '465', '8', '212', '227', '399']
['26', '66', '106', '146', '186', '246', '286', '306', '326', '346', '366', '386', '406', '426', '446', '7', '225', '317']
['27', '87', '107', '127', '147', '167', '187', '287', '307', '327', '347', '367', '387', '407', '427', '447', '467', '487', '16', '49', '53', '202', '489']
['28', '88', '108', '128', '148', '168', '188', '208', '228', '268', '308', '348', '368', '388', '428', '448', '488', '11', '12', '94', '100', '113', '117', '142', '144', '422']
['29', '89', '129', '169', '189', '209', '229', '249', '269', '309', '329', '349', '369', '389', '409', '429', '449', '68', '71', '93', '97', '136', '139']
['110', '150', '190', '210', '230', '270', '290', '330', '370', '390', '410', '430', '470', '490', '65', '67', '96', '111', '114', '267', '303', '355']
['31', '51', '131', '151', '171', '211', '231', '251', '271', '291', '331', '371', '391', '411', '431', '451', '471', '491', '34', '55', '105', '126', '180', '204', '232', '243', '248', '252', '345', '408']
['32', '72', '92', '132', '152', '172', '192', '272', '292', '332', '352', '372', '392', '412', '432', '452', '472', '6', '90', '99', '221', '351', '404', '466']
['133', '153', '173', '213', '233', '253', '293', '313', '333', '353', '373', '393', '413', '433', '453', '473', '493', '47', '109', '240', '339', '444', '492', '495']
['54', '154', '174', '214', '234', '254', '274', '294', '314', '334', '354', '374', '394', '414', '434', '454', '474', '494', '57', '149', '250', '421']
['95', '135', '155', '195', '215', '235', '255', '275', '295', '315', '335', '375', '395', '415', '435', '455', '475', '48', '83', '130', '245', '266']
['36', '56', '76', '176', '196', '216', '236', '256', '276', '296', '316', '336', '356', '376', '396', '416', '436', '456', '476', '496', '15', '69', '115', '160', '178', '199', '223', '278', '328', '450']
['37', '137', '177', '197', '217', '237', '257', '277', '297', '337', '357', '377', '397', '417', '437', '457', '477', '497', '13', '45', '70', '138', '156', '191', '224', '310', '350']
['78', '98', '118', '158', '198', '218', '238', '258', '298', '318', '338', '358', '398', '418', '438', '458', '478', '498', '5', '10', '17', '24', '79', '81', '193', '194', '206', '226', '463', '486']
['39', '119', '159', '179', '219', '239', '259', '279', '299', '319', '359', '379', '419', '439', '459', '479', '499', '9', '18', '23', '134', '170', '182', '468']
