['1', '84', '166', '2', '3', '4', '5', '6', '7', '8', '9', '10', '11', '12', '13', '14', '15', '16', '17', '18', '19', '20', '21', '22', '23', '24', '25', '26', '27', '28', '29', '30', '31', '32', '33', '34', '35', '36', '37', '38', '39', '40', '41', '42', '43', '44', '45', '46', '47', '48', '49', '50', '51', '52', '53', '54', '55', '56', '57', '58', '59', '60', '61', '62', '63', '64', '65', '66', '67', '68', '69', '70', '71', '72', '73', '74', '75', '76', '77', '78', '79', '80', '81', '82', '83', '85', '165']
['9916', '9751', '9750', '9752']
['167']
['9998', '9915', '9833', '9999', '9834', '9832']
['168']
['9997', '250']
['86']
['9996', '9831']
['170', '169', '171']
['9995', '9913', '9914', '9912']
['88', '87', '89']
['9994', '9829', '9830', '9828']
['172']
['9993', '9911']
['90']
['9992', '9827']
['174', '173', '175']
['9991', '9909', '9910', '9908']
['92', '91', '93']
['9990', '9825', '9826', '9824']
['176']
['9989', '9907']
['94']
['9988', '9823']
['178', '177', '179']
['9987', '9905', '9906', '9904']
['96', '95', '97']
['9986', '9821', '9822', '9820']
['180']
['9985', '9903']
['98']
['9984', '9819']
['182', '181', '183']
['9983', '9901', '9902', '9900']
['100', '99', '101']
['9982', '9817', '9818', '9816']
['184']
['9981', '9899']
['102']
['9980', '9815']
['186', '185', '187']
['9979', '9897', '9898', '9896']
['104', '103', '105']
['9978', '9813', '9814', '9812']
['188']
['9977', '9895']
['106']
['9976', '9811']
['190', '189', '191']
['9975', '9893', '9894', '9892']
['108', '107', '109']
['9974', '9809', '9810', '9808']
['192']
['9973', '9891']
['110']
['9972', '9807']
['194', '193', '195']
['9971', '9889', '9890', '9888']
['112', '111', '113']
['9970', '9805', '9806', '9804']
['196']
['9969', '9887']
['114']
['9968', '9803']
['198', '197', '199']
['9967', '9885', '9886', '9884']
['116', '115', '117']
['9966', '9801', '9802', '9800']
['200']
['9965', '9883']
['118']
['9964', '9799']
['202', '201', '203']
['9963', '9881', '9882', '9880']
['120', '119', '121']
['9962', '9797', '9798', '9796']
['204']
['9961', '9879']
['122']
['9960', '9795']
['206', '205', '207']
['9959', '9877', '9878', '9876']
['124', '123', '125']
['9958', '9793', '9794', '9792']
['208']
['9957', '9875']
['126']
['9956', '9791']
['210', '209', '211']
['9955', '9873', '9874', '9872']
['128', '127', '129']
['9954', '9789', '9790', '9788']
['212']
['9953', '9871']
['130']
['9952', '9787']
['214', '213', '215']
['9951', '9869', '9870', '9868']
['132', '131', '133']
['9950', '9785', '9786', '9784']
['216']
['9949', '9867']
['134']
['9948', '9783']
['218', '217', '219']
['9947', '9865', '9866', '9864']
['136', '135', '137']
['9946', '9781', '9782', '9780']
['220']
['9945', '9863']
['138']
['9944', '9779']
['222', '221', '223']
['9943', '9861', '9862', '9860']
['140', '139', '141']
['9942', '9777', '9778', '9776']
['224']
['9941', '9859']
['142']
['9940', '9775']
['226', '225', '227']
['9939', '9857', '9858', '9856']
['144', '143', '145']
['9938', '9773', '9774', '9772']
['228']
['9937', '9855']
['146']
['9936', '9771']
['230', '229', '231']
['9935', '9853', '9854', '9852']
['148', '147', '149']
['9934', '9769', '9770', '9768']
['232']
['9933', '9851']
['150']
['9932', '9767']
['234', '233', '235']
['9931', '9849', '9850', '9848']
['152', '151', '153']
['9930', '9765', '9766', '9764']
['236']
['9929', '9847']
['154']
['9928', '9763']
['238', '237', '239']
['9927', '9845', '9846', '9844']
['156', '155', '157']
['9926', '9761', '9762', '9760']
['240']
['9925', '9843']
['158']
['9924', '9759']
['242', '241', '243']
['9923', '9841', '9842', '9840']
['160', '159', '161']
['9922', '9757', '9758', '9756']
['244']
['9921', '9839']
['162']
['9920', '9755']
['246', '245', '247']
['9919', '9837', '9838', '9836']
['164', '163']
['9918', '9753', '9754']
['248', '249']
['9917', '9835']
