['262', '331', '259', '119', '117', '161', '63', '246', '23', '143', '254', '275', '381', '19', '373', '385', '239', '188', '133']
['171', '76', '261', '355', '277', '189', '186', '293', '31', '212', '187', '292', '127', '337', '376', '175', '144', '138', '13', '213', '387', '40']
['348', '177', '35', '306', '343', '84', '33', '93', '28', '11', '181', '242', '255', '220', '294', '227', '79', '204', '50', '36', '111']
['388', '152', '383', '107', '250', '323', '14', '226', '235', '218', '353', '215', '267', '174', '368', '394', '301', '253', '164', '344', '295', '122']
['260', '148', '243', '78', '312', '321', '157', '140', '290', '238', '104', '229', '363', '266']
['16', '75', '222', '184', '199', '24', '112', '195', '81', '168', '39', '284', '159', '286', '87', '101', '59', '201', '85', '244', '324']
['10', '367', '166', '252', '91', '172', '230', '351', '89', '110', '179', '53', '180', '165', '386', '316', '320', '153', '326', '198', '137', '281', '29', '302']
['272', '8', '234', '237', '395', '183', '20', '170', '115', '314', '369', '354', '264', '211', '334', '136', '345', '27']
['336', '130', '100', '228', '219', '197', '49', '203', '274', '200', '58', '173', '309', '258', '288', '208']
['108', '60', '67', '192', '128', '311', '68', '221', '249', '205', '366', '121', '80', '92', '398', '233', '103', '56', '391', '393', '298', '225']
['30', '82', '43', '370', '42', '247', '289', '74', '69', '361', '51', '291', '118', '6', '224', '358', '18', '379', '207', '389', '109', '378', '396', '347']
['270', '240', '113', '196', '278', '384', '105', '299', '349', '134', '248', '124', '178', '0', '342', '47', '151', '282', '150', '297', '191']
['158', '94', '380', '315', '193', '182', '318', '256', '362', '139', '333', '86', '146', '1', '217', '279', '352', '245', '330', '350']
['300', '332', '285', '313', '214', '377', '310', '17', '280', '399', '296', '283', '156', '194', '97', '322', '102', '141', '382', '328']
['98', '135', '317', '32', '185', '62', '327', '287', '21', '304', '66', '365', '176', '273', '265', '364', '77', '335', '142', '52']
['263', '83', '338', '232', '129', '45', '206', '319', '163', '216', '3', '308', '34', '160', '71', '46', '303', '269', '12', '169']
['305', '374', '341', '126', '131', '257', '155', '55', '48', '116', '65', '392', '15', '371', '90', '5', '125', '22', '145']
['231', '9', '375', '241', '190', '7', '37', '70', '95', '149', '357', '307', '4', '114', '236', '372', '359', '390', '54', '210']
['339', '346', '123', '88', '73', '167', '147', '154', '38', '209', '202', '96', '57', '41', '44', '397', '268', '251']
['223', '276', '360', '26', '2', '329', '72', '271', '106', '132', '25', '64', '61', '99', '356', '340', '120', '162', '325']
