['COYVMU', 'G', 'PRYXX', 'KCQRDN', 'MYN', 'YK', 'OFIPP', 'DCBWSF', 'TQWWLG', 'YII', 'NDF', 'NVLNXP', 'EP', 'UXBDM', 'TGKUE', 'KLQR', 'FLLJ', 'CCIYM', 'MYSMZ', 'LZQ']
['L', 'CVSPP', 'ZVWR', 'H', 'MXSFK', 'QE', 'POL', 'HDJIQ', 'LQ', 'SGY']
['QREJV', 'PQ', 'RKCPEP', 'NTMT', 'ZHDBW', 'DVVKX', 'SRJZQ', 'HGT', 'SEWIVO', 'JBJS', 'WFWU', 'LZLFY', 'XLVUF', 'CRAQYE', 'TJU', 'BAVHR', 'IWP', 'GI', 'NAIN']
['Y', 'NO', 'CAED', 'ZJUCNC', 'QKT', 'QYC', 'GBSI', 'AJDT', 'HHCPMB', 'EM', 'OC', 'THMU', 'OQV', 'RZU', 'IMB', 'NJAA', 'SBM', 'EDAKUV', 'LHILT', 'KJHR']
['X', 'ICLIT', 'U', 'NDLUNW', 'GFNZL', 'KAZEK', 'AL', 'WZ', 'QGUYKQ', 'ZHCQG', 'MM', 'NGUN', 'BNC', 'TUB']
['HJW', 'SY', 'HLT', 'PHS', 'WVHKC', 'MISGHL', 'FPPMUW', 'NP']
['T', 'SHT', 'M', 'JSMAHJ', 'B', 'VWK', 'BSAEQ', 'EWAZF', 'VCFLXV', 'MMUK', 'JMYQEA', 'KKFPQ', 'UJ']
['BHT', 'VHUHI', 'ETSAG', 'ZAP', 'KBV', 'FGPZAA', 'IE', 'TRXUD', 'DJS', 'JN', 'ZDYFZU', 'RQRWJT', 'HH', 'OVM', 'OYDEJ', 'ARYSPZ', 'IGSXN', 'PE', 'OIA', 'RWHILI']
['P', 'C', 'MWKWWN', 'TXNP', 'WBPB', 'FP', 'AFH', 'A', 'EVTLXI', 'BPZAJ', 'OL', 'XLWRB', 'BW', 'ZTK', 'AEV', 'XVU', 'NMU', 'VYBQIM', 'TCBKQ', 'NBJL']
['MV', 'J', 'ET', 'XEAARR', 'BX', 'UEKXJH', 'MRT', 'YQ', 'JJ', 'LTHESD', 'IYCHS']
['GDFI', 'N', 'WELF', 'AZGCQ', 'AB', 'YDDS', 'DJC', 'MICOE', 'OHZYQ', 'KFBC', 'YOGJ', 'TSSNJ', 'WTGA', 'UI', 'OTXCZH', 'UK', 'DQQ', 'XU', 'JNJNE']
['CTRFIJ', 'EVDQNK', 'WAXWZU', 'FAF', 'BHKK', 'QNKIQE', 'VL', 'TGDTND', 'UHTMG', 'NDZ']
['WK', 'DFGWZZ', 'YXEJT', 'XINMR', 'JUXOIJ', 'V', 'PIGBG', 'KPXJFJ', 'CMB', 'CFG', 'QREJG', 'UBWSTW', 'JCEYOL', 'TN', 'QDMX', 'FBW', 'XFGUIZ', 'MK', 'RWO', 'RM']
['NS', 'MPYJWG', 'ACYQN', 'TYQL', 'O', 'FJTW', 'YO', 'HPXSSF', 'FWRV', 'WPRTBZ', 'IU', 'AQDX', 'MY', 'DBGM', 'EJOR', 'FAL', 'XT', 'QIZWG', 'SK', 'ANW']
['JP', 'I', 'GDGZN', 'HMURVX', 'LWIA', 'S', 'TAN', 'LJSX', 'HTA', 'ORJB', 'OEJ', 'LW', 'SUPLJO', 'SU']
['ERR', 'KMU', 'E', 'D', 'CHR', 'LY', 'CNYXMO', 'QBB', 'ODIF']
['OYJLB', 'W', 'EHXPLS', 'NZDAU', 'ZYFXQ', 'FVMBV', 'EYVVY', 'BFZ', 'XS', 'TOR', 'UU', 'ZQAULZ', 'USZM', 'ZTR', 'BQIFGG', 'KRXDGO', 'WCZSB', 'FXAQ', 'UIUBC', 'BGB']
['KW', 'JL', 'VYGES', 'ZVKC', 'RUC', 'AW', 'AH', 'NDMQJ', 'QROYGT', 'LNMCTV', 'HDJL', 'GCSAZH', 'YEBV', 'TZTCA', 'HOQPX', 'DEXTSN', 'UBYG', 'FSZNT', 'UXXBYF']
['MOOKF', 'ETBLO', 'EU', 'TXCK', 'Z', 'ZW', 'GUOYX', 'WWF', 'BJ', 'UVUBDR', 'PJG', 'JCM', 'AY', 'HO', 'EMP', 'QNN', 'ZIIN', 'VOLULU', 'AZN', 'ZULMQ']
['BBB', 'MLDT', 'TB', 'HSHY', 'KFYTH', 'PBRPX', 'EYEWXP', 'AR', 'TTV', 'DLJMZC', 'CN', 'DRLM', 'YFFNQ', 'FCB']
