['289', '256', '251', '344', '210', '166', '329', '123', '100', '130', '217']
['339', '186', '72', '96', '5', '204', '75', '316', '82', '174', '357']
['162', '241', '245', '337', '154', '214', '48', '176', '94', '353', '320']
['319', '126', '170', '128', '109', '265', '29', '160', '183', '212', '355', '269', '111', '117']
['206', '64', '169', '293', '350', '3', '279', '46', '328', '263']
['273', '310', '375', '163', '78', '347', '16', '44', '145', '220']
['184', '307', '45', '321', '278', '370', '189', '361', '58', '372', '295', '13', '332']
['142', '193', '354', '101', '11', '359', '139', '83', '71', '253', '62', '2', '346']
['209', '185', '250', '303', '54', '363', '26', '317', '224', '39']
['70', '113', '296', '231', '152', '325', '313', '87', '138', '24', '240', '106']
['258', '246', '299', '90', '122', '33', '12', '294', '69', '226']
['312', '21', '179', '358', '352', '121', '247', '309', '63', '177', '127', '35', '41', '15', '141']
['104', '116', '158', '168', '52', '368', '244', '374', '42', '191', '34', '88', '140', '364']
['59', '288', '216', '50', '236', '280', '298', '322', '228', '132', '338']
['84', '200', '73', '330', '86', '324', '223', '195', '369', '227', '97', '341']
['340', '119', '252', '297', '211', '255', '326', '61', '65', '348', '151', '222', '85', '110', '238']
['36', '40', '207', '257', '107', '201', '215', '159', '262', '285', '235']
['38', '120', '22', '365', '272', '327', '260', '281', '156', '336', '199', '10', '286', '300']
['149', '333', '264', '93', '77', '18', '115', '277', '356', '342']
['345', '20', '173', '167', '190', '155', '28', '131', '261', '371', '318', '129', '49']
['197', '95', '284', '9', '125', '1', '304', '202', '136', '17', '134', '292', '172', '301', '267', '234']
['305', '164', '8', '275', '219', '68', '302', '334', '308', '148', '188', '192', '25']
['323', '4', '351', '239', '135', '32', '315', '105', '103', '335', '225', '282', '283', '232']
['218', '66', '178', '249', '270', '180', '266', '124', '274', '157', '268']
['360', '147', '373', '182', '171', '112', '271', '233', '259', '43']
['14', '229', '56', '287', '367', '254', '243', '165', '242', '349', '102']
['37', '81', '27', '92', '79', '80', '198', '187', '331']
['99', '133', '175', '153', '194', '311', '362', '55', '343', '137', '221']
['208', '276', '290', '89', '248', '306', '114', '51', '60', '91']
['98', '181', '144', '6', '314', '203', '118', '230', '19', '196', '53']
['205', '366', '7', '31', '108', '74', '161', '143', '291', '57', '30']
['150', '76', '47', '237', '213', '67', '146', '23']
