['0', '40', '80', '240', '37', '41', '42', '237', '241', '242']
['1', '121', '161', '118', '120', '122', '123', '124']
['2', '82', '202', '84', '85', '200', '201', '203', '204']
['3', '83', '163', '156', '162', '164', '165']
['4', '44', '244', '243', '245', '246', '247']
['5', '205']
['6', '46', '86', '126', '166', '87', '89', '95']
['7', '47', '167']
['8', '88', '128', '208', '248', '10', '81', '206', '207', '209']
['9', '49', '129', '169', '249', '48', '159', '170', '172']
['90', '130', '210', '92', '125', '127']
['11', '51', '91', '171', '211', '12', '14', '20', '50', '168']
['52', '132', '53', '54']
['13', '133', '173', '213', '212', '214', '215']
['94', '174']
['15', '55', '17']
['16', '96', '136', '216', '93', '98', '135', '137', '139']
['57', '97', '177', '217', '56', '58', '59', '60', '175', '176']
['138', '178', '131']
['19', '99', '179', '219', '18', '218', '220', '221', '222']
['140', '180', '142']
['21', '61', '101', '141', '62', '64']
['22', '182']
['63', '103', '183', '223']
['24', '104', '144', '224', '23', '134', '143', '145', '146']
['65', '105', '67', '100', '102']
['26', '66', '186', '25', '27', '28', '29', '185', '187']
['107', '147', '227', '109', '110', '225', '226', '228', '229', '230']
['108', '148', '188', '181']
['69', '149', '189', '68']
['30', '190', '192']
['71', '111', '191']
['32', '152', '232', '31', '33', '34', '35', '150', '151', '231']
['113', '153', '233', '106', '112', '114', '115', '234', '235']
['74', '154', '194', '70', '72', '73', '184', '193', '195']
['155']
['36', '76', '116', '196', '236', '43', '45', '75', '77', '198']
['117', '157', '197', '160']
['38', '78', '158', '238']
['39', '79', '119', '199', '239']
