['20', '40', '60', '80', '100', '120', '140', '160', '180', '200', '220', '240', '16', '26', '77', '114', '161', '219', '3']
['21', '41', '81', '101', '121', '141', '181', '201', '221', '241', '144']
['22', '42', '62', '82', '102', '122', '142', '162', '182', '202', '222', '242', '12', '63', '94', '7']
['23', '43', '83', '103', '123', '143', '163', '183', '203', '223', '243', '15', '6']
['24', '44', '64', '84', '104', '124', '164', '184', '204', '224', '244', '14', '37']
['25', '45', '65', '85', '105', '125', '145', '165', '185', '205', '225', '245', '39', '109', '2']
['66', '86', '106', '126', '146', '186', '206', '226', '246']
['27', '47', '67', '87', '107', '127', '147', '167', '187', '207', '227', '247', '159', '0']
['28', '48', '68', '88', '108', '128', '148', '168', '188', '208', '228', '248', '59', '75', '210', '9']
['29', '49', '69', '89', '129', '149', '169', '189', '209', '229', '249', '54', '115', '8']
['10', '30', '50', '70', '90', '110', '130', '150', '170', '190', '230', '18', '166', '5']
['11', '31', '51', '71', '91', '111', '131', '151', '171', '191', '211', '231', '19']
['32', '52', '72', '92', '112', '132', '152', '172', '192', '212', '232']
['33', '53', '73', '93', '113', '133', '153', '173', '193', '213', '233']
['34', '74', '134', '154', '174', '194', '214', '234', '4']
['35', '55', '95', '135', '155', '175', '195', '215', '235', '61', '1']
['36', '56', '76', '96', '116', '136', '156', '176', '196', '216', '236', '17', '46']
['57', '97', '117', '137', '157', '177', '197', '217', '237']
['38', '58', '78', '98', '118', '138', '158', '178', '198', '218', '238']
['79', '99', '119', '139', '179', '199', '239', '13']
