['0', '45', '225', '270', '315', '360', '405', '450', '495', '230', '231', '232']
['1', '46', '271', '316', '361', '406', '451', '496', '234', '235', '236', '237']
['2', '47', '92', '137', '272', '317', '362', '407', '452', '497', '238', '239']
['3', '48', '93', '273', '318', '363', '408', '453', '498', '242', '243', '244']
['4', '49', '274', '319', '364', '409', '454', '499', '246', '247', '248', '249']
['50', '185', '275', '320', '365', '410', '5']
['51', '276', '321', '366', '411', '456', '455', '457', '458', '459', '460', '461']
['52', '97', '277', '322', '367', '412', '7']
['53', '233', '278', '323', '368', '413', '8']
['54', '144', '189', '279', '324', '369', '414', '9']
['10', '55', '145', '280', '325', '370', '415', '90', '91']
['11', '56', '101', '281', '326', '371', '416', '94', '95', '96']
['12', '57', '282', '327', '372', '417', '462', '98', '99', '100']
['13', '58', '103', '148', '193', '283', '328', '373', '418', '463', '102', '104']
['14', '59', '149', '284', '329', '374', '419', '464', '106', '107', '108']
['15', '60', '105', '240', '285', '330', '375', '420', '465', '110', '111', '112']
['16', '61', '241', '286', '331', '376', '421', '466', '114', '115']
['17', '62', '197', '287', '332', '377', '422', '467', '118', '119', '120']
['18', '63', '153', '288', '333', '378', '423', '468', '122', '123', '124']
['19', '64', '109', '289', '334', '379', '424', '469', '126', '127']
['20', '65', '155', '245', '290', '335', '380', '425', '470', '130', '131']
['21', '66', '156', '201', '291', '336', '381', '426', '471', '134', '135', '136']
['22', '67', '157', '292', '337', '382', '427', '472', '138', '139', '140', '141']
['23', '68', '113', '293', '338', '383', '428', '473', '142', '143']
['24', '69', '159', '204', '294', '339', '384', '429', '474', '146', '147']
['25', '70', '160', '205', '295', '340', '385', '430', '475', '150', '151', '152']
['26', '71', '116', '161', '251', '296', '341', '386', '431', '476', '154', '250']
['27', '72', '117', '252', '297', '342', '387', '432', '477', '158', '255', '256']
['28', '73', '163', '208', '253', '298', '343', '388', '433', '478', '162', '164']
['29', '74', '209', '254', '299', '344', '389', '434', '479', '166', '167', '168']
['30', '75', '165', '345', '390', '435', '480', '170', '6', '171', '172', '173']
['31', '76', '121', '301', '346', '391', '436', '481', '174', '175', '300', '302']
['32', '77', '257', '347', '392', '437', '482', '178', '179', '180', '181']
['33', '78', '258', '303', '348', '393', '438', '483', '182', '183', '184']
['34', '79', '169', '259', '304', '349', '394', '439', '484', '186', '187', '188']
['35', '80', '125', '260', '305', '395', '440', '485', '190', '191', '192']
['36', '81', '216', '261', '306', '351', '396', '441', '486', '194', '195', '196']
['37', '82', '217', '262', '307', '352', '397', '442', '487', '198', '199', '200']
['38', '83', '128', '263', '308', '353', '398', '443', '488', '202', '350', '203']
['39', '84', '129', '219', '264', '309', '354', '399', '444', '489', '206', '207']
['40', '85', '220', '265', '310', '355', '445', '490', '210', '211', '212', '213']
['41', '86', '176', '221', '266', '311', '356', '401', '446', '491', '214', '215']
['42', '87', '132', '177', '267', '312', '357', '402', '447', '492', '218', '400']
['43', '88', '133', '223', '268', '313', '358', '403', '448', '493', '222', '224']
['44', '89', '269', '314', '359', '404', '449', '494', '226', '227', '228', '229']
