['1', '63', '125', '187', '311', '435', '497', '67', '253']
['126', '188', '250', '312', '374', '436', '498', '4', '41', '70']
['127', '189', '251', '313', '375', '437', '499', '30', '37', '68']
['66', '128', '190', '252', '314', '376', '438', '500', '25', '42']
['129', '191', '377', '439', '9', '43', '65', '109']
['130', '192', '316', '378', '440', '8', '22', '456']
['69', '131', '255', '317', '379', '441', '158', '199']
['132', '256', '318', '380', '442', '54', '91']
['71', '133', '195', '257', '319', '381', '443', '21', '161', '180']
['72', '134', '196', '258', '320', '382', '444', '418']
['11', '73', '259', '321', '445', '56']
['74', '136', '198', '260', '322', '384', '446', '186', '284']
['13', '75', '137', '261', '323', '385', '447', '35', '64', '334']
['14', '76', '138', '200', '262', '386', '448', '12', '58', '359']
['201', '263', '325', '387', '449']
['16', '78', '140', '264', '326', '388', '50', '92', '315', '455']
['79', '141', '203', '265', '451', '352']
['80', '204', '266', '328', '390', '452', '33', '254']
['81', '143', '205', '267', '329', '391', '453', '5', '17']
['144', '268', '330', '392', '454']
['83', '331', '393', '193']
['146', '208', '270', '394', '53', '172', '248', '269', '425']
['85', '147', '209', '271', '333', '395', '457', '29', '60', '373']
['86', '148', '210', '272', '396', '458', '82', '102', '106']
['87', '149', '211', '273', '335', '397']
['26', '88', '150', '212', '274', '336', '398', '460']
['89', '151', '213', '275', '337', '399', '461', '18', '100', '207']
['28', '152', '214', '276', '338', '400', '462', '77', '332', '403']
['153', '215', '277', '339', '401']
['216', '278', '340', '402', '464']
['31', '217', '279', '465']
['32', '156', '218', '280', '342', '404', '466', '19', '162', '235']
['157', '219', '281', '343', '405', '467', '7', '15', '48', '341']
['34', '96', '220', '282', '344', '406', '468', '23', '90', '299']
['97', '159', '221', '283', '345', '407', '469', '121', '166', '247']
['98', '160', '222', '346', '408', '470', '27', '52', '154', '297']
['223', '285', '347', '409', '471', '38', '40', '194', '243', '249']
['224', '286', '348', '410', '472', '113', '124', '327', '383']
['39', '101', '225', '287', '349', '411', '473', '45', '55', '206']
['164', '226', '288', '350', '412', '474', '298']
['103', '227', '289', '351', '413', '475', '95']
['104', '228', '290', '414', '476', '3', '24', '47', '197']
['105', '167', '229', '291', '353', '415', '477', '155', '163', '181']
['44', '168', '230', '292', '354', '416', '478', '459']
['107', '169', '293', '355', '417', '479', '135']
['46', '108', '170', '232', '294', '356', '480', '20', '36']
['171', '233', '295', '357', '419', '481', '59']
['110', '234', '296', '358', '420', '482', '93']
['49', '173', '421', '483']
['112', '174', '236', '360', '422', '484', '99', '165']
['51', '175', '237', '361', '423', '485', '10']
['114', '176', '238', '300', '362', '424', '486', '57']
['115', '177', '239', '301', '363', '487', '450']
['116', '178', '240', '302', '364', '426', '488', '2', '139', '231']
['179', '241', '303', '365', '427', '489', '84', '111']
['118', '242', '304', '366', '428', '490']
['119', '305', '367', '429', '491', '6', '120']
['182', '244', '306', '368', '430', '492']
['183', '245', '307', '369', '431', '493', '142', '202', '389', '463']
['184', '246', '308', '370', '432', '494', '94', '145', '324']
['61', '123', '185', '309', '371', '433', '495', '117', '122']
['62', '310', '372', '434', '496']
