['0', '42', '63', '84', '105', '126', '168', '189', '210', '231', '252', '273', '294', '315', '336', '357', '399', '22', '162', '62']
['1', '64', '85', '106', '148', '169', '190', '211', '232', '253', '274', '295', '316', '337', '358', '379', '10', '23', '46', '130']
['2', '86', '107', '128', '149', '170', '191', '212', '233', '254', '275', '296', '338', '359', '380', '11', '24', '51', '71', '331']
['3', '45', '87', '108', '129', '150', '171', '192', '213', '234', '276', '297', '318', '360', '381', '12', '25', '92', '272', '352']
['4', '67', '88', '151', '172', '193', '214', '235', '256', '277', '298', '319', '340', '361', '382', '13', '27', '47', '127', '147']
['5', '26', '68', '89', '110', '131', '152', '173', '194', '215', '236', '257', '299', '320', '341', '362', '383', '14', '94', '334']
['6', '69', '90', '111', '132', '153', '174', '195', '216', '258', '279', '300', '321', '342', '363', '384', '15', '28', '75', '255']
['7', '70', '91', '112', '133', '154', '175', '196', '217', '238', '259', '280', '301', '322', '343', '385', '16', '36', '396', '116']
['8', '50', '113', '134', '155', '176', '197', '239', '260', '302', '323', '344', '365', '386', '17', '37', '77', '117', '237', '317']
['9', '30', '72', '93', '114', '135', '156', '177', '198', '219', '261', '282', '303', '324', '345', '366', '387', '18', '65', '285']
['31', '52', '73', '115', '136', '157', '178', '199', '220', '241', '262', '283', '325', '346', '367', '388', '19', '20', '119', '339']
['32', '74', '95', '137', '158', '179', '200', '221', '242', '263', '284', '305', '326', '347', '368', '389', '21', '29', '141', '281']
['33', '54', '96', '138', '159', '180', '201', '222', '243', '306', '327', '348', '369', '390', '53', '393']
['34', '55', '76', '97', '118', '139', '181', '202', '223', '244', '265', '286', '307', '328', '349', '370', '391', '41', '66', '186']
['35', '56', '140', '161', '182', '203', '245', '266', '287', '308', '329', '350', '371', '392', '40', '43', '143', '160', '163', '240']
['57', '78', '99', '120', '183', '204', '225', '246', '267', '288', '309', '330', '351', '372', '48', '98', '208', '218', '278', '378']
['58', '79', '100', '121', '142', '184', '205', '226', '247', '268', '289', '310', '373', '394', '44', '224', '264', '304', '364']
['38', '59', '80', '101', '122', '164', '185', '206', '227', '248', '269', '290', '311', '332', '353', '374', '395', '49', '109', '229']
['39', '60', '81', '102', '123', '144', '165', '207', '228', '249', '270', '291', '312', '333', '354', '375']
['61', '82', '103', '124', '145', '166', '187', '250', '271', '292', '313', '355', '376', '397']
['83', '104', '125', '146', '167', '188', '209', '230', '251', '293', '314', '335', '356', '377', '398']
