['0', '32', '64', '192', '288', '384', '416', '448', '10', '98', '136', '304']
['1', '97', '161', '193', '225', '257', '289', '321', '353', '385', '417', '449', '481', '25', '66', '75', '148']
['2', '34', '162', '194', '226', '258', '290', '322', '354', '418', '482', '36', '112', '124', '200', '451']
['3', '67', '99', '131', '163', '195', '323', '355', '387', '419', '14', '63', '238', '318', '414']
['4', '132', '196', '228', '260', '324', '356', '388', '420', '452', '484', '50', '91', '125', '263', '330', '426']
['5', '101', '133', '229', '293', '325', '357', '389', '453', '485', '26', '62', '77', '174', '207', '266']
['6', '166', '198', '262', '294', '326', '358', '390', '422', '454', '486', '54', '122', '183', '221', '275', '276']
['7', '39', '71', '103', '167', '199', '231', '295', '359', '391', '423', '455', '487', '12', '164', '264', '346']
['8', '168', '232', '296', '328', '360', '392', '424', '456', '488', '27', '57', '81', '178', '230', '245', '352']
['9', '41', '73', '137', '169', '201', '233', '297', '329', '425', '489', '38', '118', '283', '379', '421', '472']
['74', '138', '170', '202', '298', '362', '394', '490', '46', '69', '120', '158', '269', '271', '427']
['11', '43', '107', '139', '171', '203', '235', '267', '299', '331', '363', '395', '459', '491', '56', '96', '450']
['76', '108', '140', '172', '204', '236', '300', '364', '396', '428', '492', '35', '141', '173', '320', '441', '462']
['109', '237', '301', '333', '365', '429', '461', '493', '89', '129', '134', '145', '155', '181', '292', '308', '436']
['110', '142', '206', '270', '334', '398', '430', '494', '90', '147', '160', '433']
['15', '47', '79', '111', '239', '303', '335', '367', '399', '431', '463', '495', '102', '180', '189', '227', '291']
['176', '208', '240', '336', '368', '400', '432', '464', '42', '146']
['49', '113', '177', '209', '241', '273', '305', '337', '369', '401', '465', '497', '23', '29', '100', '149', '458']
['18', '82', '114', '242', '274', '306', '338', '370', '434', '466', '498', '151', '272', '302']
['51', '211', '243', '307', '339', '371', '403', '435', '467', '499', '33', '40', '210', '259', '265', '313', '332']
['52', '116', '212', '340', '372', '404', '468', '72', '143', '144', '179', '197', '205', '393', '447', '496']
['21', '53', '117', '213', '277', '309', '341', '373', '405', '437', '469', '361', '386', '402', '407']
['22', '214', '246', '278', '310', '342', '374', '406', '438', '470', '115', '261', '397']
['55', '87', '119', '215', '247', '279', '311', '343', '375', '439', '471', '17', '44', '70', '224', '234', '460']
['24', '88', '152', '184', '216', '248', '280', '312', '344', '376', '408', '440', '16', '30', '60', '128', '480']
['121', '153', '185', '217', '249', '281', '345', '377', '409', '473', '20', '28', '45', '105', '187']
['58', '154', '186', '218', '250', '282', '314', '378', '410', '442', '474', '37', '78', '84', '104', '175', '366']
['59', '123', '219', '251', '315', '347', '411', '443', '475', '130', '256', '268', '457']
['92', '156', '188', '220', '252', '284', '316', '348', '380', '412', '444', '476', '48', '106', '135', '182', '223']
['61', '93', '157', '253', '285', '317', '349', '381', '413', '445', '477', '86', '150', '383']
['94', '126', '190', '222', '254', '286', '350', '382', '446', '478', '13', '80', '83', '85', '165', '327', '483']
['31', '95', '127', '159', '191', '255', '287', '319', '351', '415', '479', '19', '65', '68', '244']
