['20', '40', '60', '80', '100', '160', '180', '200', '220', '280', '300', '320', '340', '360', '380', '460', '480', '284', '412', '413', '414', '415', '416', '417', '432', '434', '435', '436', '437']
['21', '41', '61', '81', '101', '161', '181', '201', '221', '241', '261', '281', '301', '321', '341', '361', '381', '461', '481', '138', '268', '398', '418', '438']
['22', '42', '62', '82', '102', '162', '182', '202', '222', '242', '262', '282', '302', '322', '342', '362', '382', '442', '462', '482', '139', '251', '294', '295', '296', '297', '298', '299', '419', '439']
['23', '43', '63', '83', '103', '163', '183', '203', '223', '243', '263', '283', '303', '323', '343', '363', '383', '443', '463', '483', '6', '140', '399', '400', '420', '440']
['24', '44', '64', '84', '104', '164', '184', '204', '224', '264', '304', '324', '344', '364', '384', '444', '464', '484', '121', '141', '401', '421', '441']
['25', '45', '65', '85', '165', '185', '205', '225', '245', '265', '285', '305', '325', '345', '365', '385', '445', '465', '485', '122', '142', '402', '422']
['26', '46', '66', '86', '166', '186', '206', '226', '246', '266', '286', '306', '326', '346', '366', '386', '446', '466', '486', '143', '403', '423']
['27', '47', '67', '87', '167', '187', '227', '247', '267', '307', '327', '347', '367', '387', '447', '467', '487', '124', '135', '144', '240', '404', '424']
['28', '48', '68', '88', '148', '168', '188', '208', '228', '248', '288', '308', '328', '348', '368', '388', '448', '468', '488', '120', '125', '145', '405', '425']
['9', '29', '49', '69', '89', '149', '169', '189', '229', '249', '269', '289', '309', '329', '349', '369', '389', '409', '449', '469', '489', '106', '118', '126', '406', '426']
['10', '30', '50', '70', '90', '150', '170', '190', '230', '250', '270', '310', '330', '350', '370', '390', '410', '430', '450', '470', '490', '0', '1', '2', '107', '127', '147', '209', '407', '427']
['11', '31', '51', '71', '91', '151', '171', '191', '211', '231', '291', '311', '331', '351', '371', '391', '411', '431', '451', '471', '3', '128', '260', '397', '408', '428']
['12', '32', '52', '72', '92', '152', '172', '192', '212', '232', '252', '272', '292', '312', '332', '352', '372', '392', '452', '472', '4', '109', '129', '207']
['13', '33', '53', '73', '93', '153', '173', '193', '213', '233', '253', '273', '293', '313', '333', '353', '373', '393', '433', '453', '473', '5', '108', '110', '119', '123', '130']
['14', '34', '54', '74', '94', '154', '174', '194', '214', '234', '254', '274', '314', '334', '354', '374', '394', '454', '474', '111', '131', '146']
['15', '35', '55', '75', '95', '115', '155', '175', '195', '215', '235', '255', '275', '315', '335', '355', '375', '395', '455', '475', '7', '112', '132', '271']
['16', '36', '56', '76', '96', '116', '136', '156', '176', '196', '216', '236', '256', '276', '316', '336', '356', '376', '396', '456', '476', '8', '105', '113', '133', '429']
['17', '37', '57', '77', '97', '117', '137', '157', '177', '197', '217', '237', '257', '277', '317', '337', '357', '377', '457', '477', '114', '134', '210', '287']
['18', '38', '58', '78', '98', '158', '178', '198', '218', '238', '258', '278', '318', '338', '358', '378', '458', '478', '244', '290']
['19', '39', '59', '79', '99', '159', '179', '199', '219', '239', '259', '279', '319', '339', '359', '379', '459', '479']
