['20', '40', '60', '80', '100', '120', '140', '160', '180', '200', '220', '240', '260', '280', '300', '320', '340', '360', '380', '400', '420', '440', '460', '480']
['21', '41', '81', '101', '121', '201', '221', '241', '281', '301', '321', '341', '361', '381', '401', '421', '441', '461', '481', '5', '56']
['22', '42', '62', '82', '102', '122', '142', '162', '182', '202', '222', '242', '262', '282', '302', '322', '342', '362', '382', '402', '422', '442', '462', '482', '77', '199', '376']
['23', '43', '63', '83', '103', '123', '143', '163', '183', '203', '223', '243', '263', '283', '303', '343', '363', '383', '403', '423', '443', '463', '483']
['24', '44', '64', '84', '104', '124', '144', '164', '184', '204', '224', '244', '264', '284', '304', '324', '344', '364', '384', '404', '424', '444', '464', '484']
['45', '65', '105', '125', '145', '165', '185', '205', '225', '245', '265', '285', '305', '325', '345', '365', '385', '405', '425', '445', '465', '485', '157']
['26', '46', '66', '86', '106', '126', '146', '166', '186', '206', '226', '246', '266', '286', '306', '326', '346', '366', '386', '406', '426', '446', '466', '486', '48']
['27', '47', '87', '107', '127', '147', '167', '187', '207', '227', '247', '267', '287', '307', '327', '347', '367', '387', '407', '427', '447', '467', '487', '3', '9']
['28', '68', '88', '108', '148', '168', '188', '208', '228', '248', '268', '288', '308', '328', '348', '368', '388', '408', '428', '448', '468', '488', '6', '67']
['29', '49', '69', '109', '129', '149', '169', '189', '209', '229', '249', '269', '289', '309', '329', '349', '369', '389', '409', '429', '449', '469', '489']
['10', '30', '50', '70', '90', '110', '130', '150', '170', '190', '210', '230', '250', '270', '290', '310', '330', '350', '370', '390', '410', '430', '450', '470', '490', '161']
['11', '31', '51', '71', '91', '111', '131', '151', '171', '191', '211', '231', '251', '271', '291', '311', '331', '351', '371', '391', '411', '431', '451', '471', '491', '16']
['12', '32', '72', '92', '112', '132', '152', '172', '192', '212', '232', '252', '272', '292', '312', '332', '352', '372', '392', '412', '432', '452', '472', '492', '7', '14', '85', '89', '261']
['13', '33', '53', '73', '93', '113', '133', '153', '173', '193', '213', '233', '253', '273', '293', '313', '333', '353', '373', '393', '413', '433', '453', '473', '493', '2', '4', '36', '61', '128', '181']
['34', '54', '74', '94', '114', '134', '154', '174', '194', '214', '234', '254', '274', '294', '314', '334', '354', '374', '394', '414', '434', '454', '474', '494', '8', '57', '117', '141']
['15', '35', '55', '75', '95', '115', '135', '155', '175', '195', '215', '235', '255', '275', '295', '315', '335', '355', '375', '395', '415', '435', '455', '475', '495', '0', '323']
['76', '96', '116', '136', '156', '176', '196', '216', '236', '256', '276', '296', '316', '336', '356', '396', '416', '436', '456', '476', '496']
['17', '37', '97', '137', '177', '197', '217', '237', '257', '277', '297', '317', '337', '357', '377', '397', '417', '437', '457', '477', '497', '52', '59']
['18', '38', '58', '78', '98', '118', '138', '158', '178', '198', '218', '238', '258', '278', '298', '318', '338', '358', '378', '398', '418', '438', '458', '478', '498', '1', '25', '139']
['19', '39', '79', '99', '119', '159', '179', '219', '239', '259', '279', '299', '319', '339', '359', '379', '399', '419', '439', '459', '479', '499']
