['Jarno1', 'Demis2', 'Brigitta8', 'Ercole1', 'Tolomeo6', 'Joshua0', 'Matilde9', 'Sasha7', 'Timoteo5', 'Matteo9', 'Edilio2', 'Trevis8', 'Mietta1', 'Claudia6', 'Sebastian4', 'Timoteo9', 'Marzio5', 'Nestore4', 'Alan9', 'Giancarlo3']
['Oretta5', 'Jole3', 'Adriano0', 'Elda4', 'Valdo9', 'Patrizio4', 'Vania2', 'Orfeo9', 'Renato5', 'Joseph7', 'Orfeo1', 'Fatima2', 'Lamberto6', 'Cassiopea9', 'Zelida4', 'Amedeo1', 'Siro9', 'Moreno5', 'Rufo5', 'Alessio3']
['Ludovico2', 'Michael4', 'Ercole9', 'Diamante6', 'Pietro1', 'Armando8', 'Kris3', 'Marcella3', 'Mattia6', 'Vania3', 'Ethan3', 'Marcella4', 'Adriano1', 'Fortunata0', 'Violante6', 'Giacobbe7', 'Marzio7', 'Alighiero7', 'Samira4', 'Zaccaria2']
['Arduino8', 'Ian2', 'Cosetta2', 'Celeste3', 'Furio5', 'Rosita1', 'Marzio4', 'Osea0', 'Rosalino2', 'Orfeo4', 'Eusebio6', 'Iacopo1', 'Quirino1', 'Gianriccardo3', 'Loredana0', 'Umberto6', 'Radames7', 'Piersilvio0', 'Cira8', 'Armando0']
['Lidia4', 'Silvano4', 'Xavier5', 'Ione9', 'Armando5', 'Ermes4', 'Michael9', 'Gelsomina6', 'Tristano8', 'Nestore5', 'Soriana6', 'Jari0', 'Siro2', 'Kayla3', 'Tancredi4', 'Loretta4', 'Diamante4', 'Maggiore2', 'Emanuel1', 'Vinicio8']
['Odone4', 'Guido1', 'Teseo4', 'Caio6', 'Amedeo5', 'Ariel9', 'Pacifico5', 'Penelope5', 'Penelope7', 'Isabel1', 'Giorgio3', 'Santo3', 'Nicoletta3', 'Nico6', 'Antonino6', 'Fiorenzo1', 'Rosalba8', 'Nathan2', 'Monia8', 'Giovanna3']
['Ubaldo1', 'Prisca2', 'Cassiopea8', 'Thea4', 'Terzo7', 'Cleopatra5', 'Renzo5', 'Cleros4', 'Evangelista9', 'Serse1', 'Benedetta1', 'Folco0', 'Gregorio7', 'Fiorenzo7', 'Deborah9', 'Renzo6', 'Michele7', 'Priamo8', 'Dante0', 'Tancredi5']
['Sabatino1', 'Eustachio1', 'Bortolo9', 'Giordano5', 'Luce6', 'Davide1', 'Costantino7', 'Claudia1', 'Sesto8', 'Mariagiulia4', 'Erminio9', 'Eriberto7', 'Jack2', 'Folco3', 'Antonio9', 'Fernando8', 'Gioacchino7', 'Doriana2', 'Bettino8', 'Ileana5']
['Karim8', 'Filomena4', 'Rosalino0', 'Enzo3', 'Ferdinando0', 'Rosaria8', 'Oretta9', 'Ercole8', 'Olimpia3', 'Eliziario6', 'Anselmo3', 'Raoul7', 'Bortolo5', 'Emanuel7', 'Lia2', 'Avide3', 'Samira6', 'Sabino2', 'Edilio5', 'Cleros5']
['Odino6', 'Isabel6', 'Maggiore3', 'Costanzo6', 'Mauro7', 'Domiziano7', 'Mariagiulia0', 'Gregorio2', 'Lauro5', 'Lisa0', 'Alessio7', 'Jacopo3', 'Primo3', 'Caio2', 'Bibiana6', 'Italo9', 'Ethan9', 'Noah6', 'Prisca3', 'Sasha9']
['Albino1', 'Cleopatra8', 'Carmela6', 'Noel4', 'Mietta0', 'Siro3', 'Odino9', 'Oreste0', 'Giorgio2', 'Laerte0', 'Ubaldo2', 'Egisto1', 'Nathan3', 'Rosolino0', 'Nabil5', 'Santo9', 'Tancredi6', 'Rebecca5', 'Amerigo1', 'Davide5']
['Eustachio2', 'Osvaldo5', 'Mietta2', 'Tommaso8', 'Priamo0', 'Odone9', 'Maika9', 'Elsa1', 'Folco4', 'Secondo0', 'Demi6', 'Marzio6', 'Ivano3', 'Cleros7', 'Marino4', 'Gioacchino6', 'Folco6', 'Cirino1', 'Modesto4', 'Deborah4']
['Valdo2', 'Miriam8', 'Osea9', 'Cleros6', 'Marieva8', 'Mattia9', 'Fabiano1', 'Giulio2', 'Noah0', 'Ruth1', 'Timoteo4', 'Nathan9', 'Aroldo4', 'Eriberto1', 'Demi9', 'Trevis2', 'Laura9', 'Emanuel3', 'Graziano0', 'Pierfrancesco0']
['Sue2', 'Leonardo1', 'Cesidia8', 'Gianantonio5', 'Pablo9', 'Anselmo8', 'Primo1', 'Sirio1', 'Orfeo5', 'Flaviana6', 'Xavier7', 'Luigi4', 'Joseph3', 'Mariagiulia9', 'Brigitta5', 'Nestore7', 'Baldassarre3', 'Rodolfo9', 'Artes8', 'Rebecca6']
['Elio8', 'Mattia1', 'Danuta0', 'Gianantonio3', 'Kayla9', 'Filomena3', 'Edilio6', 'Miriam7', 'Sesto2', 'Augusto8', 'Fabio9', 'Marianita5', 'Nayade9', 'Gavino8', 'Assia4', 'Miriana7', 'Sirio6', 'Marianita7', 'Gaetano4', 'Marianita1']
['Giobbe6', 'Giulietta7', 'Fabio8', 'Fiorenzo8', 'Loredana6', 'Jari2', 'Arcibaldo8', 'Marina7', 'Muzio8', 'Quasimodo0', 'Ulrico6', 'Erminia2', 'Akira3', 'Radames1', 'Gilda2', 'Trevis3', 'Lino4', 'Nestore6', 'Edipo5', 'Primo9']
['Concetta9', 'Max1', 'Deborah2', 'Sebastian2', 'Rita6', 'Piersilvio3', 'Romeo4', 'Maruska3', 'Joshua3', 'Jacopo4', 'Dante5', 'Enzo0', 'Fortunata6', 'Cleopatra7', 'Rosalba1', 'Enzo6', 'Jelena1', 'Nazzareno0', 'Romeo2', 'Nestore3']
['Cleros2', 'Cira7', 'Fatima9', 'Alessandro3', 'Pacifico0', 'Vera2', 'Giorgio6', 'Carmela3', 'Kris2', 'Bettino1', 'Assia0', 'Elsa0', 'Ethan7', 'Demis1', 'Arduino5', 'Elda2', 'Erminia8', 'Danthon5', 'Rocco9', 'Ludovico9']
['Mecren5', 'Siro8', 'Clodovea1', 'Manfredi5', 'Gerlando9', 'Marianita8', 'Umberto9', 'Folco8', 'Siro0', 'Irene7', 'Erminia5', 'Ettore0', 'Bibiana4', 'Elio3', 'Raniero0', 'Ian0', 'Mariano0', 'Ercole4', 'Sue0', 'Tolomeo0']
['Fiorentino3', 'Marina6', 'Anastasio3', 'Umberto0', 'Eusebio3', 'Emidio9', 'Sibilla4', 'Marcella0', 'Ercole2', 'Costanzo4', 'Liborio8', 'Lidia0', 'Marvin0', 'Gianmaria7', 'Secondo5', 'Iacopo2', 'Antimo9', 'Dylan9', 'Ferdinando6', 'Azue3']
['Pablo7', 'Enrico1', 'Rebecca2', 'Luce0', 'Tristano5', 'Amedeo6', 'Carlo1', 'Celeste4', 'Carmelo4', 'Mirko4', 'Leonardo0', 'Elga3', 'Orfeo7', 'Guendalina3', 'Cassiopea3', 'Ausonio0', 'Monia6', 'Marino8', 'Alighieri1', 'Gianmarco5']
['Laura1', 'Liborio4', 'Anastasio7', 'Mariagiulia3', 'Donatella7', 'Quarto3', 'Nestore8', 'Sandro2', 'Enzo7', 'Davide8', 'Radames4', 'Audenico0', 'Ursula5', 'Laerte9', 'Gianleonardo6', 'Eriberto9', 'Hector0', 'Giacinto6', 'Damiana9', 'Elga8']
['Benedetta4', 'Loretta1', 'Ermes9', 'Damiana2', 'Lauro3', 'Kai5', 'Loris4', 'Walter7', 'Benedetta5', 'Concetta5', 'Karim1', 'Gianriccardo2', 'Marieva7', 'Nico1', 'Ilario9', 'Sarita4', 'Gianantonio6', 'Guido6', 'Demis3', 'Arturo8']
['Fabiano3', 'Alberto5', 'Battista3', 'Giovanna5', 'Miriana9', 'Caligola0', 'Thea5', 'Mecren9', 'Tazio7', 'Erminio4', 'Edipo4', 'Joannes5', 'Gilda5', 'Marina4', 'Walter3', 'Clodovea2', 'Anselmo9', 'Cleopatra1', 'Lorenzo9', 'Caligola7']
['Italo5', 'Osea1', 'Concetta1', 'Genziana8', 'Miriana4', 'Odone8', 'Mirko6', 'Gaetano5', 'Walter1', 'Luigi7', 'Lazzaro2', 'Fatima0', 'Amerigo5', 'Sarita7', 'Sesto4', 'Laerte5', 'Leonardo7', 'Lidia6', 'Maika6', 'Tazio1']
