['46', '69', '92', '115', '138', '161', '184', '207', '230', '253', '276', '299', '322', '345', '368', '391', '414', '437', '460', '483', '1']
['24', '47', '70', '93', '116', '139', '162', '185', '208', '231', '254', '277', '300', '323', '346', '369', '415', '461', '484']
['25', '71', '94', '117', '140', '163', '186', '209', '232', '255', '278', '301', '324', '347', '370', '393', '416', '439', '462', '485', '7', '22', '392']
['49', '72', '95', '118', '164', '187', '256', '279', '302', '325', '348', '371', '394', '417', '440', '463', '486']
['27', '50', '73', '96', '119', '142', '165', '188', '211', '234', '257', '280', '303', '326', '349', '372', '395', '418', '441', '464', '487', '6', '12']
['28', '51', '74', '97', '120', '143', '166', '189', '212', '235', '258', '281', '304', '327', '350', '373', '396', '419', '442', '465', '488', '9', '35']
['29', '52', '75', '98', '121', '144', '167', '190', '213', '236', '259', '282', '305', '328', '351', '374', '397', '420', '443', '466', '489']
['30', '99', '122', '145', '168', '191', '214', '237', '260', '283', '306', '329', '352', '375', '398', '421', '444', '467', '490', '4', '337']
['31', '54', '77', '100', '123', '146', '169', '192', '215', '238', '261', '284', '307', '330', '353', '376', '399', '422', '445', '468', '491', '210', '233']
['32', '55', '78', '101', '124', '147', '170', '193', '216', '239', '262', '285', '308', '331', '354', '377', '400', '423', '446', '469', '492', '8', '26']
['10', '33', '56', '79', '102', '125', '148', '171', '194', '217', '240', '263', '286', '309', '332', '355', '378', '401', '424', '447', '470', '493', '23']
['11', '34', '57', '80', '103', '126', '149', '172', '195', '218', '241', '264', '287', '310', '333', '356', '379', '402', '425', '448', '471', '494', '2']
['58', '81', '104', '127', '150', '173', '196', '219', '242', '265', '288', '311', '334', '357', '380', '403', '449', '472', '495', '5', '45', '48', '438']
['13', '36', '59', '82', '105', '128', '151', '174', '197', '220', '243', '266', '289', '312', '335', '358', '381', '404', '427', '450', '473', '496', '76']
['14', '37', '60', '83', '106', '129', '152', '175', '198', '221', '244', '267', '290', '313', '336', '359', '382', '405', '428', '451', '474', '497', '20']
['15', '38', '61', '84', '107', '130', '153', '176', '199', '222', '245', '268', '291', '314', '360', '383', '406', '429', '452', '475', '498', '3', '426']
['16', '39', '62', '85', '108', '131', '154', '177', '200', '223', '246', '269', '292', '315', '338', '361', '384', '407', '430', '453', '476', '499', '0']
['17', '40', '63', '86', '109', '132', '155', '178', '201', '224', '247', '270', '293', '316', '339', '362', '385', '408', '431', '454', '477', '19', '114']
['18', '41', '64', '87', '110', '133', '156', '179', '202', '225', '248', '271', '294', '317', '340', '363', '386', '409', '432', '455', '478', '44', '141']
['42', '65', '88', '111', '134', '157', '180', '203', '226', '249', '272', '295', '318', '341', '364', '387', '410', '433', '456', '479', '53']
['43', '66', '89', '112', '135', '158', '181', '204', '227', '250', '273', '296', '319', '342', '365', '388', '411', '434', '457', '480']
['21', '67', '90', '113', '136', '159', '182', '205', '228', '251', '274', '297', '320', '343', '366', '389', '412', '435', '458', '481']
['68', '91', '137', '160', '183', '206', '229', '252', '275', '298', '321', '344', '367', '390', '413', '436', '459', '482']
