['344', '108', '339', '96', '148', '394', '179', '189', '328', '79', '310', '384', '254', '350', '285', '51', '303', '152', '349', '134', '55', '304']
['345', '109', '338', '238', '149', '29', '82', '178', '11', '329', '78', '317', '385', '255', '359', '284', '50', '155']
['346', '335', '133', '400', '83', '177', '10', '2', '316', '287', '53', '305', '347', '34', '395', '161']
['103', '334', '234', '132', '80', '176', '13', '200', '8', '315', '387', '169', '286', '52', '306', '157', '320']
['340', '197', '100', '337', '235', '131', '378', '81', '175', '203', '68', '314', '388', '164', '217', '263', '63', '307', '156', '173', '168']
['341', '196', '101', '336', '236', '130', '371', '86', '174', '15', '120', '3', '165', '214', '262', '115', '229', '159', '195', '106', '65']
['342', '331', '237', '137', '87', '14', '205', '121', '368', '60', '166', '215', '261', '114', '228', '158', '182']
['190', '107', '330', '230', '136', '373', '84', '172', '17', '204', '122', '369', '61', '167', '212', '260', '117', '227', '399', '38', '135', '389', '154']
['348', '193', '104', '333', '231', '372', '85', '171', '16', '207', '123', '366', '258', '160', '213', '267', '116', '226', '398', '198', '31', '239', '139', '243']
['192', '105', '332', '232', '375', '7', '170', '19', '206', '124', '367', '259', '210', '266', '111', '225', '48', '191', '28']
['270', '39', '6', '233', '245', '253', '18', '209', '125', '364', '64', '162', '211', '265', '110', '224', '49', '379', '247', '129', '386']
['99', '1', '138', '377', '244', '62', '208', '126', '365', '163', '218', '264', '223', '46', '297', '275', '30', '370', '353']
['296', '272', '33', '98', '146', '24', '376', '183', '322', '127', '362', '66', '9', '219', '269', '112', '222', '47', '343', '291', '113']
['273', '32', '91', '147', '25', '393', '246', '180', '323', '76', '128', '363', '67', '289', '268', '119', '221', '44', '374', '358']
['294', '274', '90', '144', '26', '392', '241', '181', '360', '356', '288', '59', '118', '220', '45']
['295', '93', '145', '27', '88', '186', '321', '74', '319', '361', '69', '355', '4', '58', '308', '391', '42', '271', '37', '35', '202', '357']
['292', '276', '92', '142', '20', '89', '187', '326', '73', '318', '380', '250', '354', '281', '309', '390', '43', '298', '299', '290', '397', '12', '252', '216']
['293', '277', '36', '95', '143', '21', '242', '184', '327', '72', '313', '381', '251', '280', '54', '300', '151', '40', '194', '75']
['278', '94', '140', '22', '396', '249', '185', '324', '71', '312', '382', '256', '352', '283', '57', '301', '150', '41', '77']
['279', '97', '141', '23', '248', '188', '325', '70', '311', '383', '257', '351', '282', '56', '302', '153', '5', '199', '102', '240', '201']
