['Myron', 'Jamel', 'Elena', 'Emily', 'Sadie', 'Maria']
['Barry', 'Melba', 'Perry', 'Brent', 'Audra', 'Major', 'Timmy', 'Pearl', 'Steve', 'Nelda', 'Donny', 'Dixie', 'Kayla', 'Wendi', 'Effie', 'Linda', 'Roman']
['Irvin', 'Wyatt', 'Darin', 'Mitch', 'Tammi', 'Randy', 'Bette', 'Sally', 'Rufus']
['Viola', 'Chris', 'Aaron', 'Lorna', 'Daron', 'Bryan', 'Quinn']
['Casey', 'Gayle', 'Rhoda', 'Erick', 'Fritz', 'Tonia', 'Randi', 'Olive', 'Eddie', 'Maura', 'Tracy', 'Nikki']
['Felix', 'Wally', 'Daisy', 'Edwin', 'Sheri', 'Brock', 'Sammy', 'Leann', 'Julio', 'Terri', 'Elvin', 'Devin', 'Jaime', 'Issac', 'Trent', 'Freda', 'Odell', 'Chase', 'Brady']
['Zelma', 'Carly', 'Bryon', 'Renee', 'Maude', 'Dusty', 'Rusty', 'Wanda', 'Lanny', 'Tonya', 'Chong', 'Elvia']
['Janet', 'Josie', 'Laura', 'Avery', 'Joyce', 'Jared', 'Hilda', 'Leila', 'Orval', 'Jacob', 'Nancy', 'Grant']
['Erika', 'Staci', 'Billy', 'Craig', 'Garry', 'Merle', 'Benny', 'Elmer', 'Emery', 'Cyrus', 'Dario', 'Wilma', 'Amado', 'Brian', 'Davis', 'Teddy', 'Robyn', 'Percy']
['Lydia', 'Cindy', 'Jamar', 'Ilene', 'Kevin', 'Sandy', 'Sybil', 'Alice', 'Twila', 'Helga', 'Danny', 'Peter', 'Flora', 'Verna']
['Mitzi', 'James', 'Buddy', 'Roxie', 'Willy', 'Clara', 'Cliff', 'Berta', 'Della', 'Candy', 'Margo', 'Lauri', 'Chang', 'Basil', 'Alvin', 'Mario']
['Bruno', 'Leroy', 'Marci', 'Corey', 'Wendy', 'Robin', 'Roger', 'Aline', 'Homer']
['Leona', 'Queen', 'Fidel', 'Shaun', 'Nadia', 'Clint', 'Naomi', 'Moses', 'Claud']
['Ellen', 'Vicky', 'Bobbi', 'Essie', 'Kathy', 'Tyron', 'Pedro', 'Ervin']
['Ariel', 'Sonja', 'Kelly', 'Adela', 'Terry', 'Karin', 'Shane']
['Josef', 'Lorie', 'Hazel', 'Dante', 'Amber', 'Marla']
['Adele', 'Tommy', 'Clark', 'Louis', 'Patti', 'Kirby', 'Mamie', 'Ruben', 'Deann', 'Pansy', 'Mable', 'Becky', 'Jonah', 'David', 'Mikel', 'Cesar', 'Ebony', 'Ahmad', 'Carla', 'Vilma', 'Tasha', 'Mandy', 'Arlen', 'Monty', 'Dwain', 'Annie', 'Sonny', 'Hyman', 'Joann', 'Karen', 'Brant', 'Jason']
['Britt', 'Marcy', 'Holly', 'Rhett', 'Ronny', 'Erica', 'Alton', 'Tanya', 'Moshe', 'April', 'Jayne', 'Julia', 'Ollie', 'Greta', 'Elsie', 'Elias', 'Clyde', 'Bryce']
['Marty', 'Paige', 'Tessa', 'Katie', 'Mason', 'Lacey', 'Donna', 'Micah', 'Lucio', 'Allan', 'Doris', 'Lyman', 'Misty']
['Ernie', 'Malik', 'Betsy', 'Janis', 'Debra', 'Sofia']
