['Gabriel', 'Roman', 'Tristan', 'Alex', 'Avery', 'Kyle', 'Cayden', 'Stephen', 'James', 'Xavier']
['Jason', 'Ryder', 'Brody', 'Steven', 'Myles', 'Holden', 'Kameron', 'Jackson', 'Isaac', 'Dallas']
['William', 'Jeremiah', 'Santiago', 'Bennett', 'Malachi', 'Graham', 'Peter', 'Griffin', 'Tobias', 'Christopher']
['George', 'Emmanuel', 'Kaleb', 'Charlie', 'Arthur', 'Manuel', 'Mason', 'Robert', 'Kingston', 'Amir']
['Jack', 'Emmett', 'Jonah', 'Jasper', 'Kyrie', 'Amari', 'Aiden', 'Easton', 'Emerson', 'August']
['Julian', 'Gavin', 'Justin', 'Beau', 'Jesse', 'Thiago', 'Felix', 'Samuel', 'King', 'Cash']
['Levi', 'Nolan', 'Leonardo', 'Kai', 'Jude', 'Matteo', 'Brian', 'Louis', 'Elijah', 'Sawyer']
['Nicholas', 'Kayden', 'Max', 'Antonio', 'Jake', 'Cody', 'Matthew', 'Mateo', 'Leon', 'Andre']
['Oliver', 'Joshua', 'Ezra', 'Ayden', 'Diego', 'Alan', 'Zayden', 'Andres', 'Killian', 'Finley']
['Jacob', 'Andrew', 'Colton', 'Jameson', 'Luca', 'Elliott', 'Preston', 'Lukas', 'Iker', 'Wyatt']
['Lucas', 'Angel', 'Kevin', 'Ryker', 'Elliot', 'Aidan', 'Sean', 'Martin', 'Ryan', 'Adrian']
['Michael', 'Brayden', 'Bentley', 'Carlos', 'Waylon', 'Jax', 'Adriel', 'Rafael', 'Asher', 'Remington']
['Alexander', 'Jordan', 'Zachary', 'Maxwell', 'Xander', 'Jeremy', 'Riley', 'Nash', 'Vincent', 'Legend']
['Everett', 'Timothy', 'Alejandro', 'Milo', 'Archer', 'Beckham', 'Theodore', 'Abraham', 'Tucker', 'Zion']
['Daniel', 'Austin', 'Axel', 'Ivan', 'Victor', 'Marcus', 'Paul', 'Evan', 'Ethan', 'Caden']
['Aaron', 'Ian', 'Tyler', 'Maddox', 'Bryce', 'Dawson', 'Beckett', 'Erick', 'Karson', 'Carter']
['Isaiah', 'Adam', 'Micah', 'Juan', 'Finn', 'Lorenzo', 'Brady', 'Enzo', 'Rylan', 'Greyson']
['Thomas', 'Elias', 'Ashton', 'Brantley', 'Messiah', 'Corbin', 'Reid', 'Jesus', 'Clayton']
['Jaxson', 'Weston', 'Jayce', 'Edward', 'Omar', 'Francisco', 'Theo', 'Anthony', 'Leo', 'Kenneth']
['Caleb', 'Miles', 'Rowan', 'Maximus', 'Bradley', 'Ace', 'Lincoln', 'Gael', 'Oscar', 'Colin']
['Josiah', 'Jose', 'Wesley', 'Kaiden', 'Patrick', 'River', 'Javier', 'Emilio', 'Eduardo', 'Grayson']
['Christian', 'Ezekiel', 'Nathaniel', 'Giovanni', 'Grant', 'Zane', 'Knox', 'Gunner', 'Benjamin', 'John']
['David', 'Hunter', 'Carson', 'Harrison', 'Eric', 'Karter', 'Mark', 'Jaden', 'Simon', 'am']
['Hayden', 'Brooks', 'Barrett', 'Noah', 'Hudson']
['Jonathan', 'Maverick', 'Cole', 'Calvin', 'Richard', 'Walter', 'Henry', 'Charles', 'Dominic', 'Dean']
['Jayden', 'Connor', 'Bryson', 'Declan', 'Abel', 'Miguel', 'Paxton', 'Matias', 'Damien', 'Nathan']
['Landon', 'Jace', 'Luis', 'Joel', 'Judah', 'Jorge', 'Chance', 'Jaxon', 'Eli', 'Nicolas']
['Owen', 'Cooper', 'Braxton', 'Camden', 'Emiliano', 'Zander', 'Phoenix', 'Logan', 'Brandon', 'Israel']
['Dylan', 'Damian', 'Kaden', 'Derek', 'Colt', 'Joseph', 'Chase']
['Luke', 'Cameron', 'Parker', 'Silas', 'Blake', 'Rhett', 'Bryan', 'Josue', 'Tanner', 'Sebastian']
