['0', '80', '120', '160', '240', '320', '360', '400', '12', '60', '238', '313']
['41', '81', '161', '201', '241', '281', '321', '361', '3', '16', '24', '136']
['42', '122', '202', '322', '362', '7', '44', '66', '98', '216', '374']
['43', '123', '163', '203', '243', '283', '323', '363', '27', '67', '74', '93']
['84', '164', '244', '324', '364', '55', '61', '75', '139', '154']
['45', '165', '245', '285', '325', '365', '11', '82', '124', '143', '153', '226']
['86', '126', '166', '206', '286', '326', '366', '151', '170', '212', '282', '284']
['127', '167', '207', '247', '287', '327', '367', '130', '239']
['168', '208', '288', '328', '368', '62']
['89', '129', '169', '209', '249', '289', '329', '369', '23', '28', '63', '88']
['50', '90', '210', '250', '290', '330', '370', '2', '47']
['91', '131', '171', '211', '251', '291', '331', '371', '78', '248']
['92', '132', '172', '252', '292', '332', '372', '48', '276']
['53', '133', '173', '253', '293', '333', '373', '52', '174', '200', '246']
['14', '54', '134', '214', '254', '294', '334', '6', '20', '376']
['95', '135', '175', '215', '255', '295', '335', '375', '10', '128']
['56', '96', '176', '336']
['17', '97', '177', '217', '257', '297', '337', '377', '204', '256']
['138', '178', '218', '258', '298', '378', '113']
['59', '99', '179', '219', '259', '379']
['100', '140', '180', '220', '260', '300', '340', '380', '49', '137', '145']
['101', '141', '181', '301', '341', '381', '8']
['102', '142', '182', '222', '302', '342', '382', '4', '83', '119', '205']
['103', '183', '223', '263', '303', '343', '68', '87', '111', '227']
['64', '104', '144', '184', '264', '304', '344', '384', '26', '262', '299']
['65', '105', '185', '225', '305', '345', '385', '94', '221']
['106', '146', '186', '306', '346', '386', '29']
['107', '147', '187', '267', '307', '347', '387', '296']
['148', '188', '228', '268', '308', '348', '388', '5', '213']
['109', '149', '189', '229', '269', '309', '349', '389', '108', '155']
['30', '70', '110', '150', '190', '230', '270', '310', '350', '390', '13', '15']
['31', '71', '191', '231', '271', '311', '351', '391', '18', '22', '338']
['32', '72', '112', '152', '192', '232', '272', '312', '352', '392', '1', '19']
['73', '233', '273', '353', '393', '57', '58', '69', '224', '383']
['34', '114', '194', '234', '274', '314', '354', '394', '38', '51', '242', '266']
['35', '115', '195', '235', '275', '315', '355', '395', '25', '40', '85', '162']
['36', '76', '116', '196', '236', '316', '356', '396', '21', '193', '261', '280']
['37', '77', '117', '157', '197', '237', '277', '317', '357', '397', '46', '79']
['118', '158', '198', '278', '318', '358', '398', '33', '121', '156', '339']
['39', '159', '199', '279', '319', '359', '399', '9', '125', '265']
