['0', '13']
['1', '287', '20', '57']
['2', '288', '26', '34', '360']
['3', '289', '12', '17', '31']
['4', '290', '286']
['5']
['6', '292']
['7', '293']
['8', '294']
['9']
['296']
['297']
['298']
['299']
['300', '66']
['301']
['302']
['303']
['304']
['19']
['306']
['21']
['22']
['309']
['310']
['311']
['312']
['313']
['28', '314']
['29', '315']
['316']
['317']
['32', '15', '73']
['319']
['320']
['35', '321']
['322']
['37', '323']
['324']
['325']
['326']
['41', '327']
['42', '328']
['329']
['44']
['45']
['46', '332']
['333']
['48', '334']
['49', '335', '36']
['50', '336']
['337']
['52', '338']
['339']
['54', '340']
['341']
['56', '342']
['343']
['58', '344']
['59', '345']
['60']
['61']
['62', '348']
['63', '349']
['350', '18', '23', '51']
['65', '351', '25', '318']
['352']
['353']
['68']
['69', '53']
['70', '356', '10']
['71', '357']
['72', '358', '224']
['359']
['74']
['75', '361']
['362']
['77']
['78']
['79']
['80']
['81']
['82']
['83']
['84']
['85']
['86']
['87']
['88']
['89']
['90']
['91']
['92']
['93']
['94']
['95']
['96']
['97', '40', '76']
['98']
['99', '291', '346']
['100']
['101', '67']
['102']
['103']
['104']
['105']
['106']
['107']
['108']
['109']
['110']
['111']
['112']
['113']
['114']
['115']
['116']
['117']
['118']
['119']
['120']
['121', '24']
['122']
['123']
['124']
['125']
['126']
['127']
['128', '330', '331']
['129', '33']
['130', '30']
['131']
['132']
['133']
['134']
['135']
['136']
['137']
['138']
['139']
['140']
['141']
['142']
['143']
['144']
['145']
['146']
['147']
['148']
['149']
['150']
['151']
['152']
['153']
['154']
['155']
['156']
['157']
['158']
['159']
['160', '14']
['161']
['162', '27', '55']
['163', '47']
['164', '43']
['165', '305']
['166']
['167']
['168']
['169']
['170']
['171']
['172']
['173']
['174']
['175']
['176']
['177']
['178']
['179']
['180']
['181']
['182']
['183']
['184']
['185']
['186']
['187']
['188']
['189']
['190']
['191']
['192', '307', '308']
['193']
['194']
['195']
['196']
['197']
['198']
['199']
['200', '295']
['201']
['202']
['203']
['204']
['205']
['206']
['207']
['208']
['209']
['210']
['211']
['212']
['213']
['214']
['215']
['216']
['217']
['218']
['219']
['220']
['221']
['222']
['223']
['39']
['225', '11', '64']
['226']
['227']
['228', '355']
['229']
['230']
['231']
['232']
['233']
['234']
['235']
['236']
['237']
['238', '347']
['239']
['240']
['241']
['242']
['243']
['244']
['245']
['246']
['247']
['248']
['249']
['250']
['251']
['252']
['253']
['254']
['255']
['256', '16']
['257']
['258']
['259', '354']
['260']
['261']
['262']
['263']
['264']
['265']
['266']
['267']
['268']
['269']
['270']
['271']
['272']
['273']
['274']
['275']
['276']
['277']
['278']
['279']
['280']
['281']
['282', '38']
['283']
['284']
['285']
