['Larrissa', 'Tashvi', 'Alyze', 'Ahnaya', 'Daxen', 'Dyami', 'Tajuan', 'Kaeley', 'Meryl', 'Jaaziah', 'Olive', 'Chyna', 'Ricky', 'Sanae', 'Avigail', 'Lilienne', 'Brenya', 'Keyin', 'Taye', 'Yavian', 'Andriy', 'Jaeline', 'Jaleesa', 'Fidel', 'Kaymarie', 'Analiah']
['Coraline', 'Elway', 'Davidjr', 'Crystina', 'Merissa', 'Shalonda', 'Maude', 'Jarem', 'Fabrizzio', 'Bristol', 'Rey', 'Lailani', 'Jaquis', 'Eleah', 'Jaydah', 'Joed', 'Serenety', 'Soriya', 'Xaviel', 'Julia', 'Jacob', 'Rock', 'Nakaya']
['Kenniyah', 'Litsy', 'Kenzington', 'Fox', 'Handsome', 'Nishta', 'Tafari', 'Marcellius', 'Quintavious', 'Leighann', 'Matt']
['Anela', 'Hannelore', 'Margie']
['Merary', 'Ramses', 'Nidhi', 'Delara', 'Endi']
['Masud', 'Amonti', 'Salif', 'Raeleigh', 'Noami', 'Apollonia', 'Jekeria', 'Mailen', 'Bailei', 'Jandre', 'Sydelle', 'Doyle', 'Adaisha', 'Devaun', 'Jersi', 'Aman', 'Zamyah', 'Kaeleen', 'Bailynn', 'Mylez', 'Trystian', 'Cisco']
['Dessie', 'Ilyn', 'Natasia', 'Jailon', 'Vanesa']
['Sevren', 'Marnae', 'Jahlen', 'Kinzie', 'Citlally', 'Johnavan', 'Dashun', 'Shamiyah']
['Jasiya', 'Sihaam', 'Jamaad', 'Sevastian', 'Anastacio', 'Aryeh']
['Jahred', 'Leib', 'Nethra', 'Siena', 'Nakari', 'Amor', 'Renyah']
['Thaddius', 'Zuzanna', 'Prakruti', 'Cynae', 'Detravion', 'Aanyah']
['Shakila', 'Kyo', 'Casandra', 'Salmaan', 'Keyvin', 'Helaman']
['Jesus', 'Zahriyah', 'Lukis', 'Janine', 'Sheniyah', 'Lakiyah', 'Shamyia', 'Marialy', 'Ellarie', 'Eliziah', 'Tam']
['Sincere', 'Desteni', 'Dusan', 'Sashya', 'Tasi', 'Jirah', 'Katarina', 'Jameisha', 'Jemiah', 'Lealand', 'Seiry', 'Lazaria', 'Mumin', 'Sussy', 'Guadalupe', 'Vyncent', 'Farah', 'Juliano', 'Antrone', 'Thien', 'Adeleine', 'Keili', 'Charlett', 'Lilyonna', 'Kemily']
['Tobias', 'Ingrid', 'Vinnie', 'Kenzlie', 'Sinia']
['Stafford', 'Bow', 'Arsalan']
['Cylah', 'Kayliann', 'Tanyla', 'Eeliyah', 'Jazir', 'Reynaldo', 'Rayne', 'Taigen', 'Mylani', 'Eddieberto', 'Zyeir', 'Artyom', 'Jesalyn', 'Elysha', 'Jamiyla', 'Hashem', 'Marrius', 'Kapena', 'Janesha', 'Aysenur', 'Ebany']
['Aarohi', 'Mezmariah', 'Leilah', 'Yonason', 'Kaira', 'Raphael', 'Kimball', 'Hayven', 'Cliff', 'Khamil', 'Seleen', 'Saheim', 'Asha', 'Jasahn', 'Michai', 'Jabes', 'Shahid', 'Zoiee', 'Alainna', 'Satomi']
['Anagha', 'Ishmel', 'Sameeha', 'Akasha', 'Armita', 'Derionna']
['Dorcas', 'Yarisbel', 'Khalee', 'Gor', 'Britnee', 'Kaymi', 'Benito', 'Kaushik', 'Ally']
['Atika', 'Jatziry', 'Ettel', 'Yaire', 'Ryleeann', 'Ailene']
['Yarithza', 'Deriyon', 'Suri', 'Aayana', 'Dajana', 'Ron']
['Navia', 'Braeley', 'Tobechi', 'Denize', 'Abdoulaziz', 'Estephanie', 'Kameryn', 'Azavier', 'Emmely']
['Tahir', 'Aibhilin', 'Shanaiya', 'Zackrey', 'Quintasia', 'Nohely', 'Alaija', 'Jerriah', 'Gwendolynn', 'Caliegh', 'Oluwatobi']
['Kobe', 'Sagan', 'Giankarlo', 'Jerel', 'Hakop', 'Abriyana', 'Serra', 'Mikea', 'Antwane', 'Azzareya', 'Emilie', 'Jeru', 'Anwesha', 'Orren']
['Adaley', 'Amritha', 'Deidre', 'Venezia', 'Malaja', 'Zykerria', 'Kalum', 'Chanze', 'Demetreus', 'Terriona', 'Gertrude', 'Lada', 'Ganon', 'Adysen', 'Katalina', 'Jdan', 'Spartan', 'Niemah', 'Donnelle', 'Loni', 'Kay', 'Noha']
['Aley', 'Miley', 'Alison', 'Treyonna', 'Marck', 'Anadalay', 'Leni', 'Asa', 'Mylie', 'Abdulrehman', 'Rexford', 'Mikaelah']
['Sayd', 'Jaquan', 'Liat', 'Coulson']
['Dairon', 'Sharlene', 'Jax']
['Rohil', 'Hugo', 'Ayahna', 'Kellon', 'Kirubel', 'Abdulraheem', 'Cyris']
['Ancel', 'Carine', 'Jos', 'Gyzelle', 'Ameerah', 'Nalaya', 'Carsten', 'Ori', 'Kitty', 'Zolin', 'Khloee', 'Stefanny', 'Marifer', 'Byron', 'Tyannah', 'Griffon', 'Mircale']
['Samauri', 'Liann', 'Jalilah', 'Deliany', 'Mikelle', 'Jalyiah', 'Farha']
['Vedika', 'Quentyn', 'Tralyn', 'Jaimarie', 'Tacori', 'Fe', 'Soniah']
['Jovey', 'Jeremias', 'Marik', 'Shannel', 'Trenise', 'Cordai', 'Dereck', 'Alayasia', 'Aylana', 'Mykaylah', 'Mikyla', 'Aleiyah', 'Jophy', 'Jakelin', 'Dhyan', 'Michaell', 'Giannie', 'Kariana', 'Jaleena', 'Khila']
['Carena', 'Milene', 'Trinitey', 'Dhalia', 'Kirrah', 'Montana', 'Brydan', 'Adanna', 'Elisah', 'Basha', 'Shardae', 'Nakeya', 'Zinia', 'Rielly', 'Gauge', 'Selena', 'Kvaughn', 'Mariaelena']
['Danyca', 'Natsumi']
['Isaak', 'Kairy', 'Amr', 'Mykenna', 'Charlize']
['Lauralynn', 'Merlina', 'Kaleo', 'Emmanuela', 'Raymir', 'Coi', 'Emree']
['Delisha', 'Nitzia', 'Hesham']
['Shiala', 'Evangelyne', 'Marwan', 'Shy', 'Larry']
['Daxx', 'Jebediah', 'Colie', 'Thadius', 'Zayquan', 'Shelbee', 'Keion', 'Oviya', 'Halo', 'Artie', 'Lizmari', 'Bright', 'Shanell', 'Nayara', 'Jarrell', 'Dell', 'Brinleigh', 'Sabastion', 'Deedra', 'Jamear', 'Kenzo', 'Blaine', 'Shamaiya', 'Harlem']
['Tayseer', 'Timia', 'Alyiana', 'Iris', 'Anouk', 'Srinath', 'Jayme', 'Camill', 'Kamora', 'Avielle', 'Azeriah', 'Guy', 'Osmin', 'Antonin', 'Casondra', 'Tralaya']
['Monserath', 'Tayyab']
['Veena', 'Jema', 'Yajahira', 'Inaki', 'Jomary']
['Lamariah', 'Lynia', 'Donnovan', 'Treyson', 'Zaahir']
['Kyston', 'Dominika', 'Alieyah', 'Hallei', 'Evia']
['Jamonte', 'Markise', 'Yu', 'Dea', 'Kensleigh', 'Chidi', 'Vivica', 'Marcellino', 'Cicily', 'Abhinav', 'Takia', 'Abaan', 'Rosalio', 'Adriene', 'Dainen', 'Nancy', 'Dragon', 'Aizik', 'Jamaine', 'Haya', 'Gracia', 'Gunther', 'Makyra', 'Feven', 'Keni', 'Jezzelle', 'Taegan', 'Keemya', 'Mckaylin', 'Laticia']
