['0', '87', '145', '232', '261', '290', '377', '406', '464', '493', '39', '85', '105', '140', '155', '156', '228', '243', '246', '252', '260', '286', '358', '446', '450', '483']
['1', '59', '117', '146', '175', '262', '291', '320', '349', '378', '407', '436', '465', '494', '28', '38', '56', '89', '268', '284', '288', '348', '374', '431', '433', '453', '492']
['2', '31', '60', '118', '147', '205', '234', '263', '292', '321', '350', '379', '408', '437', '466', '495', '10', '21', '30', '58', '139', '148', '166', '194', '200', '201', '203', '242', '281', '306']
['3', '32', '61', '90', '119', '293', '351', '380', '409', '57', '82', '100', '158', '282', '354', '361', '387']
['4', '33', '91', '178', '236', '265', '294', '352', '381', '410', '468', '34', '76', '80', '129', '183', '189', '264', '266', '271', '366']
['5', '63', '92', '121', '150', '179', '208', '237', '295', '324', '353', '382', '411', '469', '18', '70', '83', '88', '142', '143', '207', '369']
['6', '35', '64', '93', '122', '151', '180', '238', '267', '296', '383', '441', '470', '17', '53', '54', '96', '141', '174', '224', '273']
['7', '36', '94', '123', '152', '181', '210', '239', '297', '326', '355', '384', '442', '471', '24', '111', '116', '287', '333', '473']
['8', '37', '66', '124', '153', '182', '211', '240', '298', '356', '385', '414', '443', '11', '27', '43', '44', '74', '113', '173', '188', '230', '233', '341', '412', '430', '439', '475']
['9', '67', '125', '154', '212', '270', '299', '328', '357', '386', '415', '444', '29', '45', '84', '128', '133', '135', '137', '149', '269', '325', '343']
['97', '126', '184', '213', '300', '329', '416', '445', '474', '127', '161', '435', '449', '467']
['40', '69', '185', '214', '301', '330', '388', '417', '15', '41', '50', '176']
['12', '157', '186', '244', '302', '331', '360', '389', '418', '447', '476', '98', '169', '190', '209', '319']
['13', '42', '71', '187', '274', '303', '332', '419', '448', '477', '359', '438']
['101', '130', '159', '217', '275', '304', '362', '391', '420', '478']
['73', '102', '160', '276', '305', '334', '363', '392', '479', '14', '484']
['103', '132', '219', '248', '277', '335', '393', '422', '451', '480', '62', '215', '245', '254', '327', '390']
['46', '75', '104', '162', '220', '249', '278', '307', '336', '365', '394', '423', '452', '481', '72', '95', '120', '167', '216', '218', '223', '251', '323', '337', '429', '462']
['47', '134', '192', '221', '250', '279', '308', '424', '482', '206', '309', '318', '413']
['19', '48', '77', '106', '164', '193', '222', '280', '338', '367', '396', '425', '454', '22', '172']
['20', '49', '78', '107', '136', '165', '310', '339', '368', '397', '426', '455', '16', '65', '364', '421']
['79', '108', '195', '253', '311', '340', '398', '427', '456', '485', '272', '322', '440']
['51', '109', '138', '196', '225', '283', '312', '370', '399', '428', '457', '486']
['52', '81', '110', '168', '197', '226', '255', '313', '342', '371', '458', '487', '25', '131', '204']
['198', '227', '256', '285', '314', '372', '401', '459', '488', '23', '68', '177', '235', '403']
['112', '170', '199', '257', '315', '344', '402', '460', '489', '247', '395', '472']
['26', '55', '171', '229', '258', '316', '345', '432', '461', '490', '99', '163', '191']
['114', '259', '317', '346', '375', '404', '491']
['86', '115', '144', '202', '231', '289', '347', '376', '405', '434', '463', '241', '373', '400']
