['v10', 'c10', 'l6', 'w2', 'e5', 'h9', 'm5', 'p6', 's3', 'i4']
['y9', 'm10', 'l7', 'b2', 'e4', 'a7', 'm4', 'p7', 's2', 'i7']
['y8', 'g7', 'l4', 'b3', 'e7', 'o10', 'm7', 'p4', 's1', 'i6']
['c4', 'g6', 'l5', 'b8', 'e6', 'h2', 'm6', 'p5', 's7', 'a1']
['d8', 'g5', 'l2', 'y3', 'e1', 'h3', 'm1', 'h10', 's6', 'v1']
['d9', 'g4', 'l3', 'w9', 'f10', 'h1', 'm3', 'p8', 's5', 'v2']
['y1', 'j10', 'l1', 'w8', 'e3', 'h6', 'm2', 'p9', 's4', 'v3']
['d7', 'g2', 'x10', 'd5', 'e2', 'h7', 'u10', 'b6', 'k3', 'v4']
['d4', 'r10', 'l8', 'd2', 'r4', 'h4', 'm9', 'w4', 'k2', 'v5']
['y2', 'p3', 'l9', 'l10', 'r5', 'h5', 'm8', 'c7', 'k1', 'v6']
['y5', 'g9', 'n10', 'y4', 'r6', 'a9', 'c3', 'b1', 'k7', 'v7']
['d3', 'g8', 'j8', 'a6', 'r7', 'a8', 'b9', 'f1', 'k6', 'v8']
['y7', 'p10', 'j9', 't10', 'r1', 'x1', 'c9', 'f2', 'k5', 'v9']
['d1', 'e8', 'j4', 'o9', 'r2', 'a3', 'c8', 'f3', 'k4', 'i10']
['q1', 'o4', 'j5', 'o8', 'r3', 'k10', 'x2', 'f4', 'b5', 'n8']
['q3', 'x4', 'j6', 'o7', 'r8', 'u9', 'x3', 'f5', 'k9', 'n9']
['q2', 't8', 'j7', 'o6', 'r9', 'u8', 'c1', 'f6', 'k8', 'x9']
['q5', 't9', 'j1', 'o5', 'a2', 'n7', 'j3', 'f7', 'i9', 'd6']
['q4', 't6', 'j2', 'y6', 'q8', 'u5', 'x6', 'f8', 'i8', 'n1']
['q7', 't7', 'w10', 'o3', 'a5', 'u4', 'x7', 'f9', 'a10', 'n2']
['q6', 't4', 'b4', 'o2', 'x8', 'u7', 'c2', 'g3', 'i1', 'n3']
['q9', 't5', 'w6', 'o1', 'y10', 'u6', 'x5', 's9', 'b10', 'n4']
['e10', 't2', 'w5', 's10', 'a4', 'u1', 'p2', 's8', 'i3', 'n5']
['c6', 't3', 'b7', 'e9', 'w1', 'u3', 'w7', 'd10', 'i2', 'n6']
['c5', 't1', 'w3', 'q10', 'h8', 'u2', 'p1', 'g1', 'i5', 'g10']
