['26', '51', '101', '126', '176', '226', '251', '301', '351', '376', '401', '4', '82', '236', '248']
['27', '52', '102', '127', '177', '202', '252', '352', '402', '427', '452', '5', '426', '451', '454', '455', '459', '460', '463', '466', '467', '471', '475']
['28', '53', '103', '128', '178', '203', '253', '278', '303', '328', '353', '403', '478', '7', '84', '89', '279', '477', '487']
['29', '54', '79', '104', '129', '154', '179', '204', '329', '354', '429', '479', '122', '184', '327', '428', '441', '444', '476']
['30', '55', '80', '105', '130', '180', '205', '230', '255', '280', '305', '405', '430', '231', '245', '276', '277', '283', '318', '434', '439', '440']
['31', '56', '106', '131', '181', '206', '256', '306', '356', '381', '406', '431', '456', '481', '153', '228', '387', '390', '415', '490']
['32', '57', '107', '132', '157', '182', '207', '232', '257', '307', '357', '382', '407', '432', '457', '482', '151', '159', '188', '219', '227', '234', '480', '483']
['33', '58', '83', '108', '133', '158', '183', '208', '233', '258', '308', '383', '408', '433', '458', '6', '76', '77', '81', '99', '110', '196', '229', '237', '241', '254', '409']
['34', '134', '259', '284', '309', '334', '359', '484', '281', '297', '302', '332']
['10', '35', '60', '135', '160', '185', '210', '235', '260', '285', '310', '360', '385', '410', '435', '485', '3', '8', '67', '333', '379']
['11', '61', '86', '111', '136', '161', '186', '211', '261', '286', '311', '336', '361', '386', '411', '436', '461', '486', '109', '326', '330', '331', '358', '373']
['12', '37', '62', '87', '112', '162', '187', '212', '262', '287', '312', '362', '412', '437', '462', '9', '36', '304', '453']
['13', '38', '63', '113', '138', '213', '238', '263', '288', '313', '338', '363', '388', '413', '438', '488', '85', '380', '384', '391', '392', '394', '397']
['14', '39', '64', '139', '164', '189', '214', '239', '264', '289', '314', '339', '364', '389', '414', '464', '489', '156', '193', '377']
['15', '40', '65', '115', '140', '165', '190', '215', '240', '265', '290', '315', '340', '365', '465', '1', '22', '59', '152', '355']
['16', '41', '66', '91', '116', '141', '166', '191', '216', '266', '291', '316', '341', '366', '416', '491', '155', '163', '209', '282', '335', '337']
['17', '42', '92', '117', '142', '167', '192', '217', '242', '267', '292', '317', '367', '417', '442', '492']
['18', '43', '68', '93', '118', '143', '168', '218', '243', '268', '293', '343', '368', '393', '418', '443', '468', '493']
['19', '44', '69', '94', '119', '144', '169', '194', '244', '269', '294', '319', '344', '369', '419', '469', '494']
['20', '45', '70', '95', '120', '145', '170', '195', '220', '270', '295', '320', '345', '370', '395', '420', '445', '470', '495', '78', '201']
['21', '46', '71', '96', '121', '146', '171', '221', '246', '271', '296', '321', '346', '371', '396', '421', '446', '496', '2', '88', '398']
['47', '72', '97', '147', '172', '197', '222', '247', '272', '322', '347', '372', '422', '447', '472', '497', '378', '404']
['23', '48', '73', '98', '123', '148', '173', '198', '223', '273', '298', '323', '348', '423', '448', '473', '498']
['24', '49', '74', '124', '149', '174', '199', '224', '249', '274', '299', '324', '349', '374', '399', '424', '449', '474', '499', '342']
['25', '50', '75', '100', '125', '150', '175', '200', '225', '250', '275', '300', '325', '350', '375', '400', '425', '450', '500', '90', '114', '137']
