['Corey', 'Paula', 'Esther', 'Clarissa', 'Nicole', 'Pat']
['Juan', 'Margaret', 'Maria', 'Tanya', 'Selma', 'Mario', 'Stanley', 'Dennis', 'Andre', 'Ouida']
['Brandon', 'Inez', 'Marcelino']
['Pauline', 'Crystal', 'Bradley', 'Lucie', 'Patricia']
['Tamika', 'Reinaldo', 'Ellis']
['Roy', 'Robert', 'Darrell', 'Raeann', 'Richard']
['Alvin', 'Roosevelt', 'Theodore']
['Connie', 'Audrey', 'Winnifred']
['Pamella', 'Morgan', 'Therese', 'Michelle']
['Martha', 'Barbara', 'Dale', 'Amos']
['Ronald', 'Helen', 'Beth', 'Danielle']
['Joseph', 'Mack', 'Andrew', 'Natalie']
['Marjorie', 'Matt', 'Dorothy']
['Douglas', 'Olivia', 'Dorothea', 'Clarence']
['Evelyn', 'Joni', 'Amy', 'Elia']
['Rachel', 'Ruby', 'Wesley', 'Suzie']
['Mark', 'Jessica', 'Curtis', 'Lana']
['Ray', 'Hugh', 'Diana', 'Imogene']
['Tim', 'Kathleen', 'Polly', 'Christina']
['Kelly', 'George', 'Fredda', 'Andrea']
['Debra', 'Glen', 'Kisha', 'Carmelita']
['Myron', 'Eric', 'Thelma', 'Rebecca']
['Teresa', 'Pamela', 'Frederick']
['Charles', 'Laurie', 'Janet', 'Jeanine']
['Mary', 'Vella', 'Nancy', 'Reggie', 'Ryan', 'Troy', 'Nola', 'Ruth']
['Tara', 'Lisha', 'Anthony', 'Rick']
['Dawn', 'Belinda', 'Pablo', 'Lilian']
['Roberto', 'Harold', 'Francisco', 'Gertrude']
['Rolf', 'Donald', 'Emery', 'Ellen']
['Rosie', 'Mireya', 'Peter', 'Clayton']
['Kaitlyn', 'Everett', 'Derek', 'Lahoma', 'Michele', 'Thomas']
['Karren', 'Morris', 'Quintin', 'Cecile']
['Jeffrey', 'Larry', 'Margert']
['Kerri', 'Christopher', 'Blair', 'Jacque']
['Irving', 'Antonio', 'Toni', 'Wilson']
['Shirley', 'Carl', 'Reuben', 'Jeffery']
['Alison', 'Kristine', 'Raymond', 'Cassie']
['Kylie', 'Robin', 'Daniel', 'Alex']
['Joann', 'Patrick', 'Gerardo']
['Frank', 'Nelson', 'Louis']
['Angela', 'Glenna', 'Dana', 'Gilda']
['Jesse', 'Walter', 'Jodi', 'Harvey']
['Kirk', 'Victor', 'Jeff', 'Keri']
['Ann', 'Brian', 'Phillip', 'Lucy']
['Jose', 'Carmen', 'Irene', 'Nina']
['Ida', 'Berta', 'Sarita', 'Mable']
['Katherine', 'Tracy', 'Betty', 'Alexander']
['Martin', 'Ollie', 'Tommy', 'Lyle']
['Alicia', 'Latisha', 'Marcella', 'Bernard']
['Paul', 'Bertha', 'Gail', 'Laura']
['William', 'Selina', 'Leigh', 'Ingeborg']
['Christian', 'Jennifer', 'Tuan', 'Calvin']
['Fernando', 'Brenda', 'Herbert', 'Alfred']
['Michael', 'Marlin', 'Jane', 'Rhonda']
['Gary', 'Sylvia', 'Lloyd', 'Sam']
['John', 'Melanie', 'Joanne', 'Glennie']
['Gerald', 'Clyde', 'Charlotte', 'Stacie']
['Cathy', 'Derrick', 'Del', 'Rafael']
['Mike', 'Margarito', 'Veronica', 'Marco']
['Adam', 'Moses', 'Stephen', 'Erik']
['Steven', 'Samuel', 'Peggy', 'Bethany']
['Miguel', 'Heather', 'Jimmy', 'Jeremy']
['Gregory', 'Gordon', 'Deborah', 'Ashley']
['Deanna', 'Roger', 'Burl']
['Anna', 'Sharon', 'Kenneth', 'Ricky']
['Catherine', 'Juanita', 'Steve', 'Timothy']
['Bobby', 'Wayne', 'Bruce', 'Janene']
['Marilyn', 'Tony', 'Don', 'Caridad']
['Winifred', 'Carol', 'Cesar', 'Miles']
['Mae', 'Krysten', 'Cornelius', 'Beulah']
['Melissa', 'Elizabeth', 'Susanna']
['Joe', 'Adele', 'Jorge', 'Lucille']
['Edwin', 'Linda', 'Wilma', 'Garrett']
['Warren', 'Freda', 'Kellie', 'Randolph']
['Marie', 'Emily', 'Kathryn', 'Arturo']
['Karen', 'Raul', 'Carole', 'Willis']
['Edward', 'Reginald', 'Phyllis', 'Lulu']
['Bessie', 'Annette', 'Willie', 'Theresa']
['Robyn', 'Leona', 'Jayme', 'Monica']
['Bonnie', 'Ralph', 'Georgette', 'Matthew']
['Norman', 'Travis', 'Wallace', 'Laurence']
['Eleanor', 'Marian', 'Doris', 'Grant']
['Jo', 'Annalee', 'Carlos', 'Lori']
['Mabel', 'Constance', 'Angelica', 'Marquerite']
['Marlene', 'April', 'Jacob', 'Chris']
['Ursula', 'Priscilla', 'Lewis']
['Booker', 'Lessie', 'Eva', 'Raphael']
['Shannon', 'Scot', 'Andres', 'Dean']
['Beverly', 'Marion', 'Alice', 'Sheryl']
['Pete', 'Hedwig', 'Gwen', 'Kimberly']
['Lorraine', 'Roberta', 'Joshua', 'Jonathan']
['Ernest', 'Rosa', 'Jean', 'Kerrie']
['Cheryl', 'Eura', 'Maureen', 'Sofia']
['Leticia', 'Lillian', 'Domingo', 'Sherri']
['Lane', 'Justin', 'Josephine', 'Seth']
['Donna', 'Darlene', 'Ernestine', 'Viola']
['Christine', 'Jesus', 'Gloria', 'Stephany']
['Virginia', 'Sylvester', 'Cassandra', 'Emmie']
['Loraine', 'Stacy', 'Ana', 'Sally']
['David', 'Geraldine', 'Eugenia', 'Ward']
['Judith', 'Kevin', 'Mildred', 'Maryann']
['Judy', 'Craig', 'Eugene']
['Susan', 'Gladys', 'Ivonne', 'Cecilia']
['James', 'Guy', 'Myriam', 'Kristin']
['Albert', 'Lydia', 'Dawna', 'Norma']
['Cory', 'Fredrick', 'Fred', 'Danny']
['Lynne', 'Terry', 'Wendy', 'Will']
['Cindy', 'Jason', 'Molly']
['Stephanie', 'Philip', 'Lonnie', 'Lawrence']
['Ronda', 'Elsie', 'Rosalee', 'Kim']
['Lena', 'Wanda', 'Rosalyn', 'Leanne']
