['0', '100', '200', '300', '44', '55', '118', '133', '171', '352']
['1', '101', '201', '301', '23', '51', '99', '102', '292']
['202', '302', '197', '319']
['303', '29']
['104', '204', '304']
['105', '205', '88', '128']
['106', '206', '306', '9', '159']
['107', '307']
['108', '208', '308', '27', '61']
['109', '209', '309']
['210', '310']
['211', '5']
['12', '112', '212', '312', '2']
['113', '213', '313']
['114']
['115', '215', '315']
['116', '216', '316', '22']
['17', '217', '317', '111', '267']
['218', '318']
['19', '119', '219', '68']
['20', '120', '220', '320']
['121', '221', '321']
['122', '222', '322']
['323']
['124', '224', '324']
['225', '325']
['26', '126', '326', '103']
['227', '327']
['228', '328']
['229']
['130', '230', '330']
['31', '131', '231']
['32', '132', '232', '332', '14', '16', '18', '70', '141', '214', '331']
['233', '333', '24', '40', '153']
['134', '234', '334', '57', '164']
['35', '135', '235', '335', '4', '146']
['136', '236', '336', '64', '81']
['137', '237', '337', '21']
['138', '238', '338', '34']
['139', '239', '339', '94', '110', '207']
['140', '240', '340', '168']
['341']
['42', '142', '242']
['143', '243', '343']
['144', '244', '344']
['45', '145', '345', '38']
['46', '346']
['47', '147', '247', '347', '191']
['48', '248', '348']
['49', '149', '349', '37']
['250']
['151', '251', '351']
['252']
['53', '253', '353']
['54', '154', '254', '354', '123']
['155', '255', '355', '117', '373']
['56', '156', '256', '356']
['157', '257', '357']
['58', '158', '258', '358', '152']
['59', '259', '359']
['160', '360']
['161', '261', '361']
['62', '162', '262', '362']
['163', '263', '363']
['264', '364', '30']
['65', '165', '265', '365', '3', '13', '41', '148', '223', '226', '297']
['66', '166', '266', '366', '15', '25', '75', '203', '350']
['67', '167', '367', '10', '43']
['268', '368', '342']
['69', '169', '269', '369', '8', '52']
['170', '270', '370', '150']
['71', '271', '371', '314']
['72', '172', '272', '372']
['73', '273', '7']
['74', '174', '274', '374', '36', '63']
['175', '275', '375', '296', '329']
['76', '176', '276', '376']
['77', '177', '277', '377', '11']
['78', '178', '278', '378']
['79', '179', '279', '379', '60']
['80', '180', '280', '380', '241', '246']
['181', '281', '381']
['82', '282', '382']
['83', '183', '283', '383', '311']
['84', '184', '284', '384']
['85', '185', '285', '385']
['86', '286', '386', '249']
['87', '187', '287', '387']
['188', '288', '388']
['89', '189', '289', '389', '245']
['90', '190', '290', '390', '127']
['91', '291', '391']
['92', '192', '392', '39']
['93', '193', '293', '393']
['194', '294', '394']
['95', '195', '295', '395']
['96', '196', '396', '6', '28', '33', '50', '186', '305']
['97', '397', '173', '182']
['98', '198', '298', '398', '125', '129']
['199', '299', '399', '260']
