['299', '133', '50', '134', '125', '141', '432', '230', '347', '447', '172', '365', '97', '374', '366', '348', '196', '443', '99']
['166', '96', '340', '117', '13', '322', '108', '137', '214', '439', '416', '184', '136', '378', '450', '467', '60', '61', '408', '360', '277', '404', '287', '192', '210']
['159', '127', '139', '410', '367', '390', '119', '267', '56', '465', '250', '5', '222', '470', '218', '186']
['151', '224', '445', '440', '275', '113', '220', '94', '294', '149', '380', '45', '394', '357', '414', '418', '433']
['100', '298', '91', '110', '327', '317', '338', '427', '28', '462', '329', '353', '115', '334', '177', '344', '154', '305', '200', '242', '295', '75', '355', '302']
['400', '207', '358', '290', '212', '165', '70', '311', '436', '271', '116', '11', '442', '176', '459', '24', '332', '182']
['233', '379', '157', '206', '152', '315', '217', '37', '319', '153', '382', '393', '476', '422', '229', '479', '10', '351', '191', '135']
['41', '42', '424', '161', '409', '203', '417', '167', '244', '326', '303', '129', '178', '288', '57', '461', '128']
['215', '4', '85', '232', '95', '7', '76', '354', '226', '193', '383', '460', '304', '93', '268', '64', '201', '143', '343', '86', '89', '156', '31', '423', '457']
['104', '101', '458', '255', '188', '0', '385', '103', '446', '190', '397', '473', '279', '411', '466', '33', '72', '392', '293', '261', '253', '187', '403', '341']
['389', '474', '396', '74', '395', '63', '478', '81', '352', '197', '441', '286', '231', '107', '98', '349', '420', '1', '237', '318', '109']
['181', '118', '426', '140', '306', '105', '273', '387', '377', '211', '361', '452', '68', '66', '342', '36', '67', '401', '216', '52']
['148', '58', '324', '236', '419', '29', '412', '333', '300', '256', '252', '9', '285', '284', '20', '241', '307', '434']
['234', '122', '35', '88', '55', '160', '221', '179', '468', '320', '475', '415', '27', '208', '331', '32', '145', '301', '376', '170']
['158', '16', '272', '263', '12', '219', '258', '448', '398', '463', '23', '174', '292', '112', '308', '269', '449', '369']
['198', '346', '131', '51', '168', '53', '69', '205', '124', '239', '339', '453', '132', '15', '90', '163', '150', '402', '281', '282']
['43', '283', '21', '185', '356', '388', '173', '54', '71', '278', '83', '48', '38', '323', '314', '257', '180', '309', '92', '296', '171', '399']
['431', '26', '368', '425', '312', '251', '47', '364', '22', '82', '472', '209', '438', '79', '428', '245', '235']
['260', '227', '204', '330', '25', '19', '169', '147', '130', '248', '183', '175', '259', '225', '310', '34', '87', '238', '345', '78', '316', '73']
['199', '371', '228', '289', '123', '381', '120', '375', '59', '80', '213', '155', '429', '451', '337', '297', '194', '270', '336', '106']
['372', '406', '195', '437', '359', '464', '65', '14', '246', '386', '146', '223', '384', '49', '435', '111', '373', '243', '249', '430', '313', '121', '455', '40']
['477', '456', '39', '142', '421', '247', '202', '164', '469', '363', '391', '262', '189', '265', '138', '407', '266', '44', '102', '114', '328']
['46', '413', '254', '126', '362', '370', '274', '18', '405', '17', '350', '321', '276', '335', '30', '2']
['162', '444', '280', '325', '240', '144', '84', '471', '264', '3', '8', '454', '6', '291', '62', '77']
