['0', '30', '90', '120', '150', '210', '240', '270', '300', '330', '390', '420', '450', '480', '20', '21', '22', '88', '209', '383']
['1', '31', '61', '91', '151', '241', '271', '301', '331', '391', '451', '481', '59', '60', '62', '144', '229', '230', '447', '448']
['2', '32', '92', '122', '212', '242', '272', '332', '362', '392', '452', '482', '121', '123', '124', '125', '164', '320', '321', '465']
['3', '33', '63', '93', '153', '183', '213', '273', '333', '363', '393', '453', '483', '180', '181', '182', '184', '360', '361']
['34', '64', '94', '154', '214', '274', '334', '364', '394', '424', '454', '484', '421', '422', '423', '425', '426', '427', '428', '429']
['5', '35', '65', '95', '155', '185', '215', '275', '335', '365', '395', '455', '485', '486', '489', '490', '491', '493']
['6', '36', '66', '96', '126', '156', '186', '216', '276', '336', '366', '396', '456', '384']
['37', '67', '97', '127', '157', '187', '217', '277', '307', '337', '367', '397', '457', '487', '302', '303', '304', '305', '306']
['8', '38', '68', '98', '128', '158', '188', '218', '248', '278', '308', '338', '368', '398', '458', '488', '100', '211']
['9', '39', '69', '99', '129', '159', '189', '219', '249', '279', '309', '339', '369', '399', '459']
['10', '40', '130', '160', '190', '220', '250', '280', '310', '370', '400', '430', '460', '243', '244', '245', '246', '247']
['11', '101', '131', '161', '191', '221', '251', '281', '311', '341', '371', '401', '431', '461', '70', '340', '342', '343', '344']
['12', '72', '102', '132', '162', '192', '222', '252', '282', '312', '432', '462', '492']
['13', '73', '133', '163', '193', '223', '253', '313', '403', '433', '463', '7', '402', '404', '405', '406', '407', '409', '410']
['14', '74', '104', '134', '194', '224', '254', '314', '434', '464', '494', '103', '105', '106', '107']
['15', '75', '165', '225', '255', '315', '345', '435', '495']
['16', '46', '76', '136', '226', '256', '316', '346', '436', '466', '135', '137', '138', '139', '140']
['17', '47', '77', '167', '227', '257', '287', '317', '347', '377', '437', '467', '372', '373', '374', '375', '376', '378', '379']
['48', '78', '108', '168', '198', '228', '258', '288', '318', '348', '408', '41', '42', '43', '44', '45']
['19', '49', '79', '109', '169', '199', '259', '289', '319', '349', '439', '469', '4', '18', '71', '438', '440', '441', '442', '443']
['50', '80', '110', '170', '200', '260', '290', '350', '380', '470']
['51', '81', '111', '141', '171', '201', '231', '261', '291', '351', '381', '411', '471', '468']
['52', '82', '112', '142', '172', '202', '232', '262', '292', '322', '352', '382', '412', '472']
['23', '53', '83', '113', '143', '173', '203', '233', '293', '323', '353', '413', '473']
['24', '54', '84', '114', '174', '204', '234', '294', '324', '354', '414', '444', '474']
['25', '55', '85', '115', '145', '175', '205', '235', '265', '295', '325', '355', '385', '415', '445', '475', '263', '264', '267', '268']
['26', '56', '86', '116', '146', '176', '206', '236', '266', '296', '326', '356', '386', '416', '446', '476', '283', '284', '285', '286']
['27', '57', '87', '117', '147', '177', '207', '237', '297', '327', '357', '387', '417', '477', '152', '195', '196', '197']
['28', '58', '118', '148', '178', '208', '238', '298', '328', '358', '388', '418', '478']
['29', '89', '119', '149', '179', '239', '269', '299', '329', '359', '389', '419', '449', '479', '166']
