['Marcella', 'Kim', 'Kris', 'Darrel', 'Almeta', 'Dorthea', 'Alexa', 'Xavier', 'Danita', 'Elvia', 'Hillary', 'Aretha', 'Kelly', 'Jacque', 'Louise', 'Janetta', 'Spencer', 'Trey', 'Easter', 'Vada']
['Nicole', 'Eugene', 'Elena', 'Lilly', 'Irma', 'Rosalee', 'Russell', 'Carson', 'Yevette', 'Sharlene', 'Hilario', 'Kurtis', 'Chan', 'Zoraida', 'Clarence', 'Darwin', 'Horace', 'Madison', 'Toya', 'Savanna', 'Lue', 'Rachael', 'Ocie', 'Kasey', 'Garland', 'Vivien', 'Kareem']
['Debora', 'Johnny', 'Clarinda', 'Antonina', 'Leonida', 'Lizabeth', 'Lisa', 'Herlinda']
['Byron', 'Tiffani', 'Hiroko', 'Son', 'Kitty', 'Oscar', 'Theo', 'Florinda', 'Nickolas', 'Annabel', 'Kristopher', 'Jeremy', 'Tressa', 'Ema', 'Loura', 'Sharell', 'Laticia', 'Stephani', 'Carolee', 'Marvis', 'Rolando', 'Merrill', 'Hui', 'Naomi', 'Alfred', 'Mariah']
['Zena', 'Chun', 'Miranda', 'Rosalba', 'Sharilyn', 'Audie', 'Junior', 'Leonard', 'Renetta', 'Stanley', 'Stanford']
['Kendall', 'Eve', 'Alton', 'Treena', 'Isabel', 'Jae', 'Kay', 'Christiane']
['Rachel', 'Helene', 'Marlo', 'Altagracia', 'Jesus', 'Loria', 'Jeanette']
['Lamonica', 'Doyle', 'Esperanza', 'Milissa', 'Bonnie', 'Winford', 'Pa']
['Naida', 'Lyn', 'Deirdre', 'Jeffrey', 'Marion', 'Jama', 'Tammi']
['Marvin', 'Felix', 'Earnest', 'Eustolia', 'Joelle', 'Bertha', 'Freddie', 'Tanisha', 'Susannah', 'Millicent', 'Cortney', 'Alane', 'Leila', 'Clarice', 'Neida']
['Marquis', 'Percy', 'Tyisha', 'Juliet']
['Ok', 'Refugio', 'Reita', 'Tamisha', 'Glenda', 'German', 'Sharan', 'Sharla', 'Harvey', 'Tarah', 'Whitney', 'Carmon', 'Tina', 'Oneida', 'Jami', 'Michaela', 'Cristi']
['Piedad', 'Emmanuel', 'Irena', 'Alexandra']
['Claudie', 'Dusti', 'Adah', 'Hassan', 'Terry', 'Oma']
['Marquitta', 'Delmar', 'Nieves', 'Jennie', 'Elliott']
['An', 'Margart', 'Leilani', 'Florencio', 'Frederic', 'Ambrose']
['Dong', 'Rodrigo', 'Alvin', 'Shavon', 'Vernia', 'Flavia', 'Grant', 'Travis', 'Ella', 'Wes', 'Lauren', 'Danial']
['Angeline', 'Sherwood', 'Antoinette', 'Raul', 'Lucia', 'June', 'Murray', 'Ron', 'Cassie', 'Odell', 'Latia', 'Valorie', 'Hortense', 'Elfrieda', 'Kirstin', 'Selma', 'Brendon', 'Allena']
['Clinton', 'Glenna', 'Vincenzo']
['Deana', 'Xuan', 'Kyung', 'Shelton', 'Joan', 'Chas', 'Logan', 'Dagmar', 'Dora', 'Tai', 'Angella', 'Lana', 'Joanne', 'Aaron', 'Elicia', 'Marilynn', 'Verona', 'Hershel', 'Elvie', 'Clyde']
['Kristi', 'Charmaine', 'In', 'Renea', 'Artie']
['Marci', 'Clifton', 'Martin', 'Dewitt', 'Robert', 'Jina', 'Clara', 'Tameika', 'Vernon', 'Hyun', 'Inga', 'Alicia', 'Porter']
['Trena', 'Latoya', 'Lyndon', 'Shaun']
['Darnell', 'Gerardo', 'Alethia', 'Kylie', 'Dewayne', 'Chang', 'Fanny', 'Marcos']
['Princess', 'Beverley', 'Meagan', 'Hayden', 'Osvaldo', 'Antonette', 'Anabel', 'Caitlyn', 'Lasonya', 'Shonda', 'Orval', 'Alex', 'Riley', 'Edmond', 'Imogene', 'Pearlie', 'Jay', 'Leontine', 'Elenora', 'Taneka', 'Mariano', 'Randall']
['Mariette', 'Clarissa', 'Laraine', 'Alvera', 'Camelia', 'Gisela', 'Destiny', 'Phylis', 'Claretha', 'Amada', 'Charisse', 'Raleigh', 'Nathalie', 'Nadia', 'Oswaldo', 'Sheldon', 'Chester']
['Dorene', 'Jan', 'Garret', 'Eloisa', 'Gerard', 'Loren', 'Tamala', 'Rita', 'Rima', 'Louella', 'Lezlie', 'Lola', 'Chance', 'Susan']
['Saul', 'Lucas', 'Randa', 'Honey', 'Eufemia', 'Houston', 'Roxane', 'Jefferey', 'Lashay']
['Olevia', 'Heide', 'Jade', 'Annamarie', 'Griselda', 'Joye', 'Dion', 'Nohemi']
['Pinkie', 'Ryann', 'Lorelei', 'Arcelia', 'Tracie', 'Cleotilde', 'Retta', 'Kimbra', 'Enola', 'Marcie']
