['0', '50', '100', '200', '250', '300', '350', '450', '14', '190', '364']
['1', '301', '351', '451', '16', '273']
['2', '52', '102', '152', '202', '252', '302', '352', '402', '452', '25', '44', '151', '401']
['3', '53', '103', '153', '303', '403', '453', '38', '216']
['4', '54', '154', '254', '404', '454', '79']
['5', '105', '155', '255', '305', '355', '405', '455', '31', '104', '116', '129']
['6', '56', '106', '156', '256', '306', '356', '406', '456', '32']
['7', '57', '107', '157', '207', '257', '407', '457', '115', '337']
['8', '58', '158', '258', '358', '408', '458', '182', '204', '205', '265']
['9', '59', '109', '159', '209', '259', '309', '359', '409', '459', '132', '177', '308', '357']
['110', '160', '210', '260', '310', '360', '410', '460', '67', '181', '187']
['11', '111', '211', '261', '311', '361', '411', '461', '212']
['162', '262', '312', '362', '412', '462', '197', '201', '321']
['13', '113', '163', '213', '263', '313', '363', '463', '135']
['114', '164', '214', '264', '314', '414', '464', '34', '76', '220', '379']
['15', '65', '165', '215', '315', '365', '415', '465', '108', '125', '237', '325']
['166', '266', '316', '366', '416', '466', '124', '206', '232', '413']
['17', '117', '167', '217', '267', '317', '367', '417', '467', '62', '208']
['18', '118', '218', '268', '318', '368', '418', '468', '78', '87', '131']
['19', '69', '219', '319', '369', '419', '469']
['20', '70', '120', '320', '370', '420', '470', '251', '381']
['121', '171', '221', '271', '371', '421', '471', '168', '236']
['22', '72', '172', '222', '272', '372', '422', '472', '64', '174', '307', '373']
['23', '123', '173', '423', '473', '150', '335']
['24', '74', '224', '274', '324', '374', '424', '474', '295', '298']
['175', '225', '275', '425', '475', '95', '244']
['126', '176', '226', '276', '326', '376', '476', '37', '96', '269', '390']
['127', '227', '277', '327', '377', '427', '477', '36', '60', '193', '375']
['28', '128', '178', '228', '278', '378', '478', '27', '68', '233', '270', '288']
['29', '229', '279', '329', '429', '479', '119']
['30', '80', '130', '180', '230', '280', '330', '380', '430', '480', '51', '66', '223']
['231', '281', '331', '431', '481', '179']
['82', '282', '332', '382', '482', '81', '161', '170']
['33', '183', '283', '333', '383', '433', '483', '101', '122', '328']
['134', '184', '234', '284', '334', '384', '434', '484', '61', '98', '146', '169', '199', '353']
['35', '85', '185', '235', '285', '385', '435', '485', '186']
['86', '136', '286', '336', '386', '436', '486', '55', '203', '395']
['137', '287', '387', '437', '487']
['88', '188', '238', '338', '388', '438', '488', '99', '198', '322']
['89', '189', '239', '289', '339', '389', '439', '489', '133', '440']
['40', '90', '240', '290', '340', '490', '10', '71', '428']
['41', '91', '141', '191', '241', '291', '341', '391', '441', '491', '63', '73', '92', '140', '253', '293']
['42', '142', '192', '242', '292', '342', '392', '442', '492', '83', '139', '323', '432', '445']
['43', '93', '143', '243', '343', '393', '443', '493', '26', '49', '426']
['94', '144', '194', '294', '344', '394', '444', '84', '97', '400']
['45', '145', '195', '245', '345', '495']
['46', '196', '246', '296', '346', '396', '446', '496', '39', '75', '354']
['47', '147', '247', '297', '347', '397', '447', '497', '12', '21', '112', '304']
['48', '148', '248', '348', '398', '448', '498', '138', '494']
['149', '249', '299', '349', '399', '449', '499', '77']
