['0', '250', '450', '49', '146', '170', '241', '243', '432', '443']
['1', '151', '201', '301', '351', '401', '57', '71', '153']
['152', '202', '302', '452', '7', '23', '91', '93', '95', '101', '121', '124', '137', '216', '257', '286', '399', '404', '409', '457', '458', '482']
['53', '6', '221', '245', '377', '472']
['4', '104', '154', '204', '454']
['255', '305', '355', '405']
['56', '106', '156', '206', '256', '406', '456', '8', '102', '103', '145', '161', '165', '167', '177', '183', '226', '260', '261', '280', '296', '297', '324', '369', '416', '429', '498']
['307', '69']
['58', '108', '158', '258', '358', '408', '207']
['59', '209', '309', '459', '100', '134', '219', '248', '268', '341', '481']
['110', '160', '310', '360', '410', '460', '11', '34', '203', '300', '394', '448']
['211']
['12', '62', '262', '312', '362', '412', '462', '13', '46', '87', '141', '149', '163', '172', '205', '321', '339', '385', '397', '411', '417', '419', '445']
['63', '213', '313', '463', '26', '50', '105', '162', '199', '346', '353', '396', '423']
['14', '114', '264', '414']
['215']
['66', '166', '466']
['217', '267']
['68', '118', '168', '218', '318', '368', '418', '37', '44', '61', '73', '169', '174', '357', '359', '379', '402', '403', '413', '440', '485', '491', '496']
['19', '269', '469']
['20', '70', '120', '220', '320', '370', '420', '231', '237', '249', '308', '366', '455', '479']
['171', '271', '421', '471', '65', '136', '180', '195', '229', '311', '317', '330', '437', '444']
['22', '72', '122', '222', '322', '372', '422', '17', '40', '179', '233', '259', '303', '327', '336', '487', '492']
['123', '173', '273', '323']
['74', '224', '274', '424']
['25', '125', '175', '375', '475']
['76', '126', '176', '276', '326', '376', '426', '31', '51', '52', '67', '112', '144', '150', '228', '240', '252', '253', '315', '343', '354']
['227']
['78', '128', '178', '328', '378', '428']
['29', '79', '129', '279', '24', '98', '113', '192', '200', '214', '382', '427']
['30', '230', '430', '480', '21', '111', '119', '208', '266', '306', '431', '433', '477', '489', '494']
['81', '131', '181', '281', '331', '381']
['32', '132', '182', '232', '332', '9', '16', '38', '39', '54', '55', '60', '85', '130', '155', '191', '223', '236', '270', '333', '350', '363', '439']
['33', '133', '283', '383', '483', '2', '27', '82', '142', '147', '196', '210', '234', '254', '291', '314', '325', '344', '348', '361', '364', '384', '449', '453', '468']
['84', '184', '284', '434', '185', '275', '277', '435', '464']
['135', '235', '335']
['36', '86', '186', '386', '486', '35', '42', '157', '265', '272', '282', '285', '290', '380', '391', '465', '470', '488', '499']
['187', '287', '288']
['88', '138', '188', '238', '338', '388', '438', '89']
['239', '289', '64']
['90', '140', '190', '340', '390', '490', '159', '278', '337', '389']
['441']
['92', '242', '292', '342', '392', '442']
['143', '193', '293', '393', '493', '3', '41', '189', '263', '294', '295', '316', '374', '387', '451', '467']
['94', '194', '244', '43', '109', '115', '319', '373']
['345', '395', '495']
['96', '246', '446', '80', '225', '415', '461']
['47', '97', '247', '347', '447', '497', '5', '10', '28', '45', '77', '83', '116', '117', '139', '164', '212', '251', '299', '334', '352', '356', '407', '425', '436', '474', '478', '484']
['48', '148', '198', '298', '398', '15', '18', '75', '107', '127', '197', '304', '329', '365', '367', '371', '400', '473', '476']
['99', '349']
