['0', '55', '165', '275', '385', '495', '50', '160', '270', '380', '490']
['1', '56', '111', '166', '221', '276', '331', '386', '441', '496', '110']
['2', '57', '112', '167', '222', '277', '332', '387', '442', '497', '220']
['3', '58', '113', '168', '223', '278', '333', '388', '443', '498', '330']
['4', '59', '114', '169', '224', '279', '334', '389', '444', '499', '440']
['5', '115', '225', '335', '445']
['6', '61', '116', '226', '281', '336', '391', '446', '60', '62', '280']
['7', '117', '172', '227', '282', '337', '447', '170', '171', '173']
['8', '63', '118', '228', '283', '338', '393', '448', '390', '392', '394']
['9', '64', '119', '174', '229', '284', '339', '449']
['65', '175', '285', '395']
['11', '66', '176', '231', '286', '341', '396', '451', '10', '12', '230']
['67', '122', '177', '232', '287', '397', '452', '120', '121', '123', '450']
['13', '68', '178', '233', '288', '343', '398', '453', '340', '342', '344']
['14', '69', '124', '179', '234', '289', '399', '454']
['15', '125', '235', '345', '455']
['16', '71', '126', '236', '291', '346', '401', '456', '70', '72', '290']
['17', '127', '182', '237', '292', '347', '457', '180', '181', '183']
['18', '73', '128', '238', '293', '348', '403', '458', '400', '402', '404']
['19', '74', '129', '184', '239', '294', '349', '459']
['75', '185', '295', '405']
['21', '76', '186', '241', '296', '351', '406', '461', '20', '22', '240']
['77', '132', '187', '242', '297', '407', '462', '130', '131', '133', '460']
['23', '78', '188', '243', '298', '353', '408', '463', '350', '352', '354']
['24', '79', '134', '189', '244', '299', '409', '464']
['25', '135', '245', '355', '465']
['26', '81', '136', '246', '301', '356', '411', '466']
['27', '82', '137', '192', '247', '302', '357', '412', '467']
['28', '83', '138', '193', '248', '303', '358', '413', '468']
['29', '84', '139', '194', '249', '304', '359', '414', '469']
['85', '195', '305', '415']
['86', '141', '196', '251', '306', '361', '416', '471']
['32', '142', '197', '252', '307', '362', '417', '472', '30', '31', '140']
['33', '88', '143', '198', '253', '308', '363', '418', '473', '80', '87']
['34', '89', '144', '199', '309', '419', '474', '190', '191', '300', '410']
['35', '145', '255', '365', '475', '250', '254', '256', '360', '364', '470']
['36', '91', '146', '311', '366', '421', '476', '90', '92', '310', '312']
['37', '147', '202', '257', '367', '422', '477', '200', '201', '203', '420']
['38', '93', '148', '258', '313', '368', '423', '478']
['39', '94', '149', '204', '259', '314', '369', '424', '479']
['95', '205', '315', '425']
['41', '96', '206', '261', '316', '371', '426', '481', '40', '42', '260']
['97', '152', '207', '262', '317', '427', '482', '150', '151', '153', '480']
['43', '98', '208', '263', '318', '373', '428', '483', '370', '372', '374']
['44', '99', '154', '209', '264', '319', '429', '484']
['45', '155', '265', '375', '485']
['46', '101', '156', '266', '321', '376', '431', '486', '100', '102', '320']
['47', '157', '212', '267', '322', '377', '487', '210', '211', '213']
['48', '103', '158', '268', '323', '378', '433', '488', '430', '432', '434']
['49', '104', '159', '214', '269', '324', '379', '489']
['105', '215', '325', '435']
['51', '106', '161', '216', '271', '326', '381', '436', '491']
['52', '107', '162', '217', '272', '327', '382', '437', '492']
['53', '108', '163', '218', '273', '328', '383', '438', '493']
['54', '109', '164', '219', '274', '329', '384', '439', '494']
