['0', '50', '150', '200', '108']
['1', '151', '152', '155', '156']
['2', '52', '102', '202', '51', '201']
['3', '53', '103', '153', '203', '21']
['4', '154']
['5', '55', '105', '205', '54', '204']
['6', '56', '106', '206', '100', '209']
['7', '57', '107', '207', '101']
['8', '208']
['9', '59', '109', '159', '10', '158']
['110', '160', '210', '111', '113', '157']
['11', '61', '12', '62']
['112', '162', '161', '163']
['13', '63', '213', '60', '211', '212']
['114', '115', '116']
['15', '65', '165', '215', '64', '214']
['16', '66', '166', '216', '14', '164']
['17', '67', '117', '167', '217', '46']
['18', '68', '118', '168', '218']
['19', '69', '119', '169', '219']
['20', '170', '220']
['71', '121', '171', '221']
['22', '72', '122', '172', '222']
['23', '73', '123', '173', '223']
['24', '74', '124', '174', '224']
['25', '75', '125', '175', '225']
['226', '227', '230', '231', '232']
['27', '77', '127', '177', '76']
['28', '78', '128', '178', '29', '129']
['229', '120']
['30', '80', '130', '180', '79', '179']
['31', '81', '131', '181', '126']
['32', '82', '182', '26', '176', '104']
['83', '133', '183', '84', '184']
['34', '134', '234', '33', '132', '233']
['85', '135', '185', '235', '86', '88']
['36', '236', '35', '98', '237', '238']
['87', '137', '187', '58', '136', '138']
['38', '188', '37', '186', '70']
['139', '239', '140', '141', '228', '240']
['40', '190', '39', '189', '41', '191']
['91', '241', '89', '90']
['42', '92', '142', '192', '242']
['93', '143', '193', '243']
['44', '94', '144', '194', '244']
['45', '95', '145', '195', '245']
['96', '146', '196', '246']
['47', '97', '147', '197', '247']
['48', '148', '198', '248']
['49', '99', '149', '199', '249', '43']
