['1', '253', '7']
['323', '191', '3', '67', '107', '17', '325', '72', '285', '349', '235', '64', '79', '232', '313', '199', '35', '19', '113', '227', '331', '284', '243', '300', '76']
['146', '0', '233', '8', '99', '376', '181', '276', '224', '176', '100', '158', '355', '68', '242', '87', '139', '279', '14', '143', '217', '205', '234', '296', '360']
['341', '206', '280', '273', '157', '347', '125', '223', '222', '184', '53', '265', '299', '310', '365', '262', '366']
['132', '361', '58', '190', '354', '372', '96', '340', '238', '84', '112', '272', '93', '338', '23', '379', '103', '159', '180', '31', '59', '92', '154']
['189', '333', '104', '34', '275', '392', '236', '201', '282', '387', '110', '127', '172', '380', '15']
['133', '397', '261', '315', '186', '267', '386', '367', '77', '102', '109', '356', '311', '144', '4', '178', '302', '155', '314', '332', '268', '337', '210', '185', '145']
['114', '291', '140', '207', '88', '188', '215', '336', '391', '126', '106', '174', '98', '41', '307', '13', '221', '394', '183', '245', '322']
['345', '293', '12', '122', '22', '134', '44', '357', '289', '228', '225', '214', '39', '373', '16', '374', '271', '38', '231', '9', '196']
['49', '187', '377', '395', '287', '124', '142', '148', '18', '257', '60', '150', '270', '69', '115', '161', '388', '138', '254', '116', '381']
['173', '256', '248', '89', '70', '247', '344', '339', '316', '177', '389', '194', '330', '43', '162', '61', '141', '327']
['358', '342', '288', '160', '274', '169', '229', '152', '166', '211', '375', '136', '30', '283', '213', '286']
['241', '25', '364', '220', '219', '216', '94', '329', '294', '46', '359', '62', '193', '65', '117', '27', '298', '52', '135', '182', '164']
['320', '28', '249', '51', '2', '209', '48', '308', '105', '278', '130', '168', '297', '55', '202', '91', '317', '353', '244', '246', '230', '29']
['350', '171', '363', '75', '101', '346', '21', '266', '179', '306', '301', '212', '10', '334', '385', '20', '252', '352', '393', '295', '319', '226']
['312', '371', '362', '255', '269', '129', '45', '137', '382', '304', '36', '108', '33', '11', '73', '335', '197', '204', '37']
['153', '80', '26', '149', '175', '119', '264', '326', '290', '251', '156', '369', '121', '277', '71', '208', '50', '131', '85', '318', '165', '83', '384']
['203', '399', '309', '263', '378', '281', '95', '368', '151', '292', '120', '97', '348', '32', '390', '90', '47', '63', '396', '118', '258', '123']
['57', '260', '324', '111', '192', '328', '147', '303', '167', '6', '128', '218', '259', '305', '42', '54', '383', '163', '170', '250']
['86', '5', '321', '239', '200', '40', '81', '198', '351', '24', '66', '78', '240', '237', '74', '343', '370', '195', '56', '82', '398']
