['52', '150', '193', '250', '303', '347', '400', '450']
['53', '101', '151', '201', '251', '304', '348', '401', '451']
['54', '102', '152', '202', '252', '293', '352', '402', '452']
['46', '103', '153', '203', '253', '296', '353', '403', '453']
['48', '104', '154', '204', '254', '298', '354', '405', '454']
['55', '106', '155', '205', '255', '305', '355', '406', '455']
['56', '105', '156', '206', '256', '306', '356', '407', '456']
['57', '107', '157', '207', '257', '307', '357', '408', '457']
['58', '109', '159', '208', '258', '308', '358', '409', '458', '7']
['59', '110', '160', '209', '259', '309', '359', '410', '459', '2']
['10', '61', '111', '161', '210', '260', '310', '360', '411', '460', '4']
['62', '112', '158', '261', '311', '361', '412', '461']
['13', '63', '113', '162', '212', '262', '313', '362', '413', '462', '12']
['11', '64', '114', '163', '213', '263', '314', '363', '404', '463', '3']
['14', '65', '116', '164', '214', '264', '315', '364', '414', '464', '8']
['15', '66', '117', '165', '215', '265', '316', '365', '416', '465', '31']
['16', '67', '118', '166', '216', '266', '317', '366', '417', '466']
['17', '68', '119', '167', '217', '267', '318', '367', '418', '467']
['18', '69', '120', '168', '218', '268', '319', '369', '419', '468', '0', '37']
['19', '60', '121', '169', '219', '269', '320', '370', '415', '469']
['20', '70', '122', '170', '220', '270', '321', '371', '420', '470']
['21', '71', '123', '171', '222', '271', '322', '372', '422', '472']
['72', '108', '172', '223', '272', '312', '374', '423', '474']
['23', '73', '115', '173', '224', '273', '323', '368', '424', '478']
['24', '75', '124', '174', '225', '274', '324', '373', '425', '479']
['77', '125', '175', '226', '275', '325', '375', '421', '480']
['27', '78', '126', '177', '227', '277', '326', '377', '426', '481']
['28', '79', '127', '178', '228', '279', '327', '378', '427', '482']
['29', '80', '128', '179', '221', '280', '328', '379', '428', '471', '1', '25']
['30', '81', '129', '180', '229', '276', '329', '380', '429', '473', '100']
['82', '130', '176', '230', '278', '330', '381', '430', '475']
['33', '76', '131', '181', '232', '281', '331', '382', '431', '477']
['32', '83', '132', '182', '233', '282', '332', '385', '432', '476', '5']
['26', '74', '133', '183', '234', '283', '333', '387', '433', '483']
['34', '84', '134', '184', '235', '284', '334', '389', '434', '484']
['35', '85', '135', '186', '236', '285', '335', '390', '435', '485', '9']
['36', '86', '136', '187', '237', '286', '336', '376', '436', '486']
['38', '88', '137', '188', '238', '287', '337', '383', '438', '487']
['39', '89', '138', '185', '239', '288', '338', '384', '439', '488']
['40', '90', '139', '189', '240', '289', '339', '386', '440', '489', '6', '22', '302']
['41', '92', '140', '190', '241', '290', '340', '388', '441', '490']
['42', '93', '142', '191', '242', '291', '341', '391', '442', '491']
['87', '143', '192', '231', '292', '342', '392', '443', '493']
['43', '91', '144', '194', '243', '294', '343', '393', '444', '494']
['44', '94', '141', '195', '244', '295', '344', '394', '437', '492']
['45', '95', '145', '196', '245', '297', '345', '395', '445', '495']
['47', '96', '146', '197', '246', '299', '346', '396', '446', '496', '211']
['49', '97', '147', '198', '247', '300', '349', '397', '447', '497']
['50', '98', '148', '199', '248', '301', '350', '398', '448', '498']
['51', '99', '149', '200', '249', '351', '399', '449', '499']
