['0', '74', '148', '222', '296', '370', '444', '70', '147', '217', '294', '364', '441']
['1', '75', '149', '223', '297', '445']
['2', '76', '150', '298', '372', '446', '371']
['3', '151', '225', '299', '373', '447', '10', '224', '227']
['4', '78', '152', '226', '300', '374', '77']
['5', '79', '153', '375', '449', '12', '448', '453']
['6', '80', '228', '302', '376', '450', '301']
['7', '81', '155', '229', '303', '377', '451', '11', '13', '154']
['8', '82', '156', '230', '304', '452']
['9', '83', '157', '305', '379', '378']
['158', '232', '306', '380', '454', '231']
['85', '159', '233', '307', '381', '84']
['86', '160', '234', '382', '456', '455']
['87', '235', '309', '383', '457', '308']
['88', '162', '236', '310', '384', '458', '161']
['15', '89', '163', '237', '311', '459', '14']
['16', '90', '164', '312', '386', '460', '385']
['17', '165', '239', '313', '387', '461', '238']
['18', '92', '166', '240', '314', '388', '91']
['19', '93', '167', '241', '389', '463', '462']
['20', '94', '242', '316', '390', '464', '315']
['95', '169', '243', '317', '391', '465', '168']
['22', '96', '170', '244', '318', '466', '21']
['23', '97', '171', '319', '393', '467', '392']
['24', '172', '246', '320', '394', '468', '245']
['25', '99', '173', '247', '321', '395', '98']
['26', '100', '174', '248', '396', '470', '469']
['27', '101', '249', '323', '397', '471']
['102', '176', '250', '324', '398', '472']
['29', '103', '177', '251', '325', '473']
['30', '104', '178', '326', '400', '474']
['31', '179', '253', '327', '401', '475']
['32', '106', '180', '254', '328', '402', '28', '105', '175', '252', '322', '399']
['33', '107', '181', '255', '403', '477', '476']
['34', '108', '256', '330', '404', '478', '329']
['109', '183', '257', '331', '405', '479', '182']
['36', '110', '184', '258', '332', '480', '35']
['37', '111', '185', '333', '407', '481', '406']
['38', '186', '260', '334', '408', '482', '259']
['39', '113', '187', '261', '335', '409', '112']
['40', '114', '188', '262', '410', '484', '483']
['41', '115', '263', '337', '411', '485', '336']
['116', '190', '264', '338', '412', '486', '189']
['43', '117', '191', '265', '339', '487', '42']
['44', '118', '192', '340', '414', '488', '413']
['45', '193', '267', '341', '415', '489', '266']
['46', '120', '194', '268', '342', '416', '119']
['47', '121', '195', '269', '417', '491', '490']
['48', '122', '270', '344', '418', '492', '343']
['123', '197', '271', '345', '419', '493', '196']
['50', '124', '198', '272', '346', '494', '49']
['51', '125', '199', '347', '421', '495', '420']
['52', '200', '274', '348', '422', '496', '273']
['53', '127', '201', '275', '349', '423', '126']
['54', '128', '202', '276', '424']
['55', '129', '277', '351', '425', '350']
['130', '204', '278', '352', '426', '203']
['57', '131', '205', '279', '353', '56']
['58', '132', '206', '354', '428', '427']
['59', '207', '281', '355', '429']
['60', '134', '208', '282', '356', '430']
['61', '135', '209', '283', '431']
['62', '136', '284', '358', '432']
['137', '211', '285', '359', '433']
['64', '138', '212', '286', '360', '63', '133', '210', '280', '357']
['65', '139', '213', '361', '435', '434']
['66', '214', '288', '362', '436', '287']
['67', '141', '215', '289', '363', '437', '140']
['68', '142', '216', '290', '438']
['69', '143', '291', '365', '439']
['144', '218', '292', '366', '440']
['71', '145', '219', '293', '367']
['72', '146', '220', '368', '442']
['73', '221', '295', '369', '443']
