['1', '21', '41', '61', '81', '121', '141', '161', '181', '221', '241', '261', '281', '10', '11', '12', '13', '14', '282', '15']
['2', '22', '42', '62', '82', '122', '142', '162', '182', '202', '222', '242', '262', '201', '203', '204', '205', '206', '207', '208']
['3', '23', '43', '63', '83', '123', '143', '163', '183', '223', '243', '263', '283', '284']
['4', '24', '44', '64', '84', '124', '144', '164', '184', '224', '244', '264']
['5', '25', '45', '65', '85', '125', '145', '165', '185', '225', '245', '265', '285', '286']
['6', '26', '46', '66', '86', '106', '126', '146', '166', '186', '226', '246', '266']
['7', '27', '47', '67', '87', '107', '127', '147', '167', '187', '227', '247', '267', '287']
['8', '28', '48', '68', '88', '108', '128', '148', '168', '188', '228', '248', '268']
['9', '29', '49', '69', '89', '109', '129', '149', '169', '189', '209', '229', '249', '269', '289', '288', '290']
['30', '50', '70', '90', '110', '130', '150', '170', '190', '210', '230', '250', '270']
['31', '51', '71', '91', '111', '131', '151', '171', '191', '211', '231', '251', '271', '291', '292']
['32', '52', '72', '92', '112', '132', '152', '172', '192', '212', '232', '252', '272']
['33', '53', '73', '93', '113', '133', '153', '173', '193', '213', '233', '253', '273', '293']
['34', '54', '74', '94', '114', '134', '154', '174', '194', '214', '234', '254', '274', '294']
['35', '55', '75', '95', '115', '135', '155', '175', '195', '215', '235', '255', '275', '295']
['16', '36', '56', '76', '96', '116', '136', '156', '176', '196', '216', '236', '256', '276', '296']
['17', '37', '57', '77', '97', '117', '137', '157', '177', '197', '217', '237', '257', '277', '297']
['18', '38', '58', '78', '98', '118', '138', '158', '178', '198', '218', '238', '258', '278', '298']
['19', '39', '59', '79', '99', '119', '139', '159', '179', '199', '219', '239', '259', '279', '299']
['20', '40', '60', '80', '100', '120', '140', '160', '180', '200', '220', '240', '260', '280', '300', '101', '102', '103', '104', '105']
