['76', '101', '126', '151', '176', '201', '226']
['27', '52', '77', '127', '152', '177', '202', '227', '5']
['28', '53', '78', '103', '128', '153', '178', '203', '228']
['29', '54', '79', '104', '129', '154', '179', '204', '229']
['30', '55', '80', '105', '130', '155', '180', '205']
['31', '56', '81', '106', '131', '156', '181', '231', '230']
['32', '57', '82', '107', '132', '157', '182', '207']
['33', '58', '83', '108', '133', '158', '183', '208', '233', '45']
['34', '59', '84', '109', '159', '184', '209', '234', '2']
['35', '85', '110', '135', '185', '210', '235']
['11', '36', '61', '86', '111', '161', '186', '211', '236', '171', '9']
['12', '37', '62', '87', '112', '137', '162', '187', '212', '237', '51', '134', '206']
['13', '63', '88', '113', '138', '163', '188', '213', '238', '1']
['14', '39', '64', '89', '114', '139', '164', '189', '214', '239', '3']
['15', '40', '65', '90', '115', '140', '165', '190', '215', '240', '8']
['16', '41', '66', '91', '116', '141', '166', '191', '216', '241', '10', '38', '43', '60', '102', '136', '160', '4']
['17', '42', '67', '92', '117', '142', '167', '192', '217', '242']
['18', '68', '93', '118', '143', '168', '193', '218', '243']
['19', '44', '69', '94', '119', '144', '169', '194', '219', '244']
['20', '70', '95', '120', '145', '170', '195', '220', '245', '26', '232']
['21', '46', '71', '96', '121', '146', '196', '221', '246']
['22', '47', '72', '97', '122', '147', '172', '197', '222', '247']
['23', '48', '73', '98', '123', '148', '173', '198', '223', '248', '6']
['24', '49', '74', '99', '124', '149', '174', '199', '224', '249', '75']
['25', '50', '100', '125', '150', '175', '200', '225', '250', '7']
