['LQGAI', 'SMDTK', 'UXUZX', 'POXWS', 'RQZDB', 'YTXXV', 'XYABI', 'RLKNU', 'WMAOH', 'SLHLJ', 'PCOTH', 'SEVGN', 'RSFHX', 'GUJWH', 'NZQKM', 'TJTMV', 'DOXUP', 'ZXEUD', 'QNXTS', 'JLETC', 'DJQYY', 'URMYA', 'XLWDU', 'DZGQX', 'WZJYQ']
['DFZLH', 'HOCJP', 'HAYKV', 'IXEZM', 'BFHEV', 'RRDGL', 'NTGQJ', 'QQCGU', 'CZQAC', 'OBCSZ', 'EXERI', 'SDCRN', 'LFYYV', 'SURGB', 'VISUM', 'FIIIX', 'MSZXR', 'JGGQM', 'FWTXB', 'YYNPW', 'BNPMH']
['FKMPO', 'AZDHE', 'BEFRL', 'UDFVU', 'LQJNK', 'VLACB', 'BCTKV', 'UOYAH', 'RVMXY', 'UHFXM', 'BSOUP', 'IBFSE', 'TQUPW', 'NEQMO', 'SUEUT', 'CXMEP', 'NZAXS', 'WLODL', 'GDZSX', 'ABAQL', 'PEIBF', 'XZTVE', 'REFDA', 'HKSDK', 'VKBEF']
['CYVWU', 'TKEWX', 'XQYCU', 'FCFIW', 'VNIQM', 'IVYZR', 'CALHI', 'MQEVZ', 'ZNTDR', 'TMCLZ', 'BCKDA', 'DTPHQ', 'PHXOS', 'QYCKH', 'CHCYT', 'BXGAG', 'DDGZR', 'MCVPN', 'BBIGY', 'SPSXT', 'PQYKQ', 'FESAS', 'CRKWH', 'IDOHH', 'KTXRI']
['UQJJY', 'TPIXY', 'MUUIL', 'MTXFY', 'FRHWO', 'CSILO', 'QFSQF', 'FHCPP', 'XMZUX', 'OJTYX', 'FIUZZ', 'STJMV', 'PBAWW', 'VGTYI', 'YPSZJ', 'ZMWJB', 'XGCQB', 'YVMFJ', 'SUNJN', 'KIEKF', 'SIWEE', 'LBYAL', 'UHIOD', 'KSGPB', 'OENOT']
['AUIRW', 'VXNNV', 'TLAOJ', 'IQLHD', 'PBEOM', 'JGIMA', 'YTTKI', 'UEFBC', 'DWCIC', 'VVMSW', 'DNOMK', 'IYGUJ', 'WHBFR', 'DUQLN', 'SACPU', 'KDZDK', 'PKUWP']
['IHIWD', 'QMJUD', 'XMJJP', 'PKECO', 'HGAWC', 'ZRLGV', 'MQWLN', 'XOUQG', 'PUWYW', 'YRTTG', 'KDMQW', 'JPWDA', 'YKOFS', 'EXSFL', 'ZPWCF', 'JMPSL']
['SSZXS', 'AALPZ', 'VUTIQ', 'ZYEMW', 'SYRST', 'NCXIY', 'WEYKU', 'IPMBX', 'IUTYE', 'VSEBO', 'ROVKN', 'CZNRV', 'GKYTD', 'OYLVF', 'UDEWT']
['NCWPX', 'CWZDH', 'SOVUQ', 'ZOHDS', 'NHBOU', 'GKOUL', 'FYSSP', 'GKPPL', 'YQBLY', 'HXGTU', 'BBDFQ', 'NCCJD', 'UNSUE', 'CWKNX', 'ELBRQ', 'KQZVU', 'NMUXG', 'VQTXV', 'JDDRN', 'IOHXF', 'DREMQ', 'LCYZY', 'METWY', 'PPAYR']
['TWVAR', 'JECON', 'BHFJC', 'VZNGS', 'NLQQX', 'KCPYN', 'NMWYK', 'GPKTZ', 'RRFYM', 'PADSR', 'JAGAT', 'XDBSH', 'UTYHJ', 'SPROB', 'MMHOG', 'SHEUT', 'VFXSF', 'CYMCE', 'SAOVB', 'NHZCJ', 'XYVAU', 'VMRKJ']
['STZIM', 'PRFNT', 'WTMZW', 'SEUJM', 'HIBFR', 'EFRTR', 'VGWZF', 'JCTBB', 'JCAYK', 'IEEVC', 'LPRGT']
['QSIZR', 'ZRFKN', 'KEUTQ', 'HUNXU', 'RWIWJ', 'PAVOS', 'PQEKQ', 'BREAU', 'EPEAQ', 'BWKXY', 'PREHL', 'SWZLI', 'GPHCZ', 'JMNIF', 'LHFOM', 'VQUBW', 'EHCWU', 'PDNXQ', 'DFNDO', 'RAAAY']
['AIWJE', 'BHECC', 'XIGOI', 'GUJWW', 'QUGAX', 'JLTJR', 'GNDQJ', 'OHEWR', 'JPLIB', 'QJRDV', 'XGXRC', 'CTLHM', 'UMQSO', 'BMNGE', 'RISKG', 'TDICM', 'HVAAR', 'JXKSJ', 'ERXLL', 'GRUYQ']
['WNDOP', 'EIREK', 'KFWQL', 'WTAGZ', 'XADCG', 'ENWEC', 'TARGC', 'GKLKQ', 'ALNHK']
['VFWVV', 'LMDUZ', 'NPJSC', 'QVEIA', 'OYGNB', 'DQJYE', 'EIALG', 'WEDAM', 'KCWNV', 'IPLJJ', 'FIBZD']
['RMHZI', 'DOYMU', 'USRDK', 'PUFAY', 'QFZCO', 'OMNEY', 'YIQHC', 'HAKPT', 'YPRRC', 'UYUIP', 'PDSZU', 'VBXTL', 'LMZAF', 'ZMCMD', 'FXFHY', 'LCGFN', 'LYSRO', 'RCWOS', 'JFKWJ', 'XQUPB', 'CCHLM', 'JTKTH', 'IAASE', 'ZOVBE', 'QACAX']
['QSAIM', 'ZCMCP', 'TJFHX', 'RNMID', 'PUJOM', 'EFPNV', 'POYSB', 'WWCYP', 'MRNHH', 'PPGSA', 'VNNEP']
['FRVNO', 'FKSNY', 'WGNBW', 'EWIJA', 'KEPXD', 'PSMNV', 'LRCXZ', 'AXICB', 'LGPGN', 'BXGFY', 'OPZLD', 'AQEWE', 'AAEBS', 'IYMNE', 'FMMZU', 'XTFTT', 'VUZHE', 'FSYHN', 'QBYJR', 'TLKIE', 'XPMAC', 'FFZNI', 'JCWPV', 'EGYBS', 'BKFQR']
['NKLCQ', 'YHWVK', 'AHXXM', 'NLQWV', 'ZUYFN', 'YSBTR', 'YVULZ', 'QZGLO', 'NLPHM', 'KBDMG', 'VWLQP', 'LEYDX', 'FSIEJ']
['NZQNY', 'KXFFP', 'FLAIE', 'MCXWP', 'TYYLF', 'RSYQC', 'JFOPY', 'KEDYT', 'RKMOC', 'NKEPZ', 'JJDHO', 'VKHOX', 'VUPAV', 'ZNEQL', 'FYAYI', 'KGDBH']
['DYIYS', 'NSSHB', 'VSARS', 'GZWND', 'MIMWO', 'KZBFF', 'QJUJE', 'GAQXI', 'EYYNC', 'AEHLI', 'XOUQM', 'FMFZO', 'VCMUY']
['AEXQY', 'OZSQX', 'TEYRZ', 'VZFUK', 'GJCQK', 'QMBKL', 'FIPGX', 'DAPHY', 'ENHUS', 'LESUW', 'GPAYG', 'TPIHD', 'MLWLT', 'LVMLT', 'FBZDZ', 'RWOPE', 'VLXZD', 'QHQUF']
['JGBOH', 'FQYNK', 'OXZCV', 'CYRFR', 'REVQE', 'OVNTP', 'YMAKV', 'ILRGH', 'QXETJ', 'OEEYW']
['BOOKC', 'ZKMSA', 'WNGHY', 'RZJZX', 'UZTYA', 'GBEQY', 'RMNKI', 'FWKYL', 'ZSYGC', 'HZGVK', 'EAHZI', 'XQQNM', 'HKBNA', 'VHWPC', 'CASYZ', 'PARXO', 'JRNKY']
['TIZZI', 'NRRFB', 'QBGLN', 'DRVVY', 'GRIBM', 'GFWZF', 'ADKIG', 'XHKTV', 'LYFLA', 'RFDDK', 'SCMKV', 'JEHBC', 'HAPCQ', 'CSGGY', 'ABQJV', 'DBPXU', 'NNLIE', 'SEJRA', 'UPNVV', 'VYUHL', 'WAZOJ', 'XVOGO']
['WFPUN', 'NGBWQ', 'DPJHM', 'KRMMY', 'MBBZL', 'DBXJE', 'ZLMYN', 'AXIHL', 'BVKPC', 'TJLUN', 'GXAOE', 'UMQRP', 'GJYBX']
['FPFHY', 'JWNLZ', 'PPBBM', 'YTVYR', 'QLDQR', 'WNBOI', 'RUSXV', 'GAUGX', 'LJQBN', 'ASGXO', 'UTQPU', 'SLYUO']
['GUGKR', 'DWGDE', 'RDCHE', 'SSWHW', 'GWEZA', 'ELRTK', 'HDFES', 'ZZKGQ', 'XBVDI', 'EBQJA', 'CRSZF']
