['132', '248', '67', '283', '72', '54', '91', '210']
['136', '250', '82', '285', '73']
['137', '251', '83', '286', '74']
['138', '252', '85', '289', '87']
['141', '260', '94', '290', '100']
['143', '261', '103', '292', '142']
['146', '262', '107', '295', '149']
['147', '264', '108', '296', '194']
['16', '148', '266', '109', '297', '199', '240']
['24', '151', '268', '111', '301', '218', '0']
['28', '152', '269', '112', '302', '221', '5', '7']
['30', '153', '270', '113', '309', '233']
['36', '159', '116', '310', '259', '104', '1']
['37', '160', '275', '117', '314', '272', '15', '84', '128']
['39', '161', '277', '118', '315', '282', '245']
['41', '163', '278', '126', '317', '293', '10', '44']
['43', '164', '279', '144', '325', '305']
['165', '280', '145', '11', '26']
['46', '168', '284', '150', '12', '40', '6', '9']
['47', '170', '287', '154', '14', '68']
['48', '171', '288', '155', '18', '77']
['49', '172', '291', '158', '19', '98', '4']
['173', '294', '162', '21', '101']
['175', '298', '174', '33', '134']
['56', '177', '299', '176', '35', '267']
['57', '178', '300', '179', '42', '25', '271']
['58', '182', '303', '180', '61', '38']
['60', '183', '304', '181', '62', '81']
['66', '184', '307', '186', '64', '157', '55', '3']
['70', '188', '308', '187', '65', '185']
['75', '191', '311', '189', '71', '225', '8']
['76', '192', '312', '190', '79', '249']
['78', '193', '313', '196', '80', '50']
['195', '316', '197', '90']
['86', '200', '318', '198', '96']
['88', '204', '319', '201', '110']
['89', '206', '320', '202', '127']
['207', '321', '203', '129', '2']
['92', '208', '322', '211', '133']
['93', '209', '323', '212', '135']
['95', '324', '217', '139']
['97', '213', '326', '219', '140']
['99', '214', '327', '224', '156']
['102', '215', '226', '166']
['216', '229', '167']
['105', '220', '230', '169']
['106', '222', '17', '234', '205']
['114', '223', '20', '235', '246']
['115', '227', '23', '241', '247']
['119', '228', '27', '242', '253']
['120', '231', '29', '258']
['121', '232', '31', '254', '273']
['122', '236', '32', '255', '276']
['123', '237', '34', '256', '306']
['124', '238', '51', '257']
['125', '239', '52', '263', '13']
['53', '265', '22']
['130', '243', '59', '274', '45']
['131', '244', '63', '281', '69']
