['0', '30', '120', '150', '210', '240', '300', '330', '360', '390', '420', '450', '47', '50', '117', '179', '181', '212', '274']
['1', '121', '211', '271', '331', '361', '391', '421', '451', '481', '41', '68', '155', '177', '221', '259', '264', '286', '308', '314']
['2', '122', '152', '182', '242', '272', '302', '332', '362', '392', '452', '482', '31', '40', '57', '103', '105', '127', '255']
['3', '183', '243', '273', '303', '423', '453', '483', '81', '192', '224', '369', '394', '433']
['4', '64', '124', '154', '184', '214', '304', '334', '364', '454', '484', '23', '108', '111', '185', '229', '268']
['5', '35', '95', '125', '215', '245', '275', '305', '335', '365', '395', '455', '485', '74', '100', '440']
['6', '126', '156', '186', '246', '276', '336', '366', '396', '426', '456', '99', '333']
['7', '37', '187', '217', '247', '277', '307', '367', '427', '457', '487', '149', '448']
['8', '98', '128', '158', '188', '218', '248', '278', '338', '368', '428', '488', '20', '48', '61', '67', '86', '486']
['9', '39', '249', '399', '429', '459', '21', '97', '106', '162', '416']
['70', '130', '160', '190', '220', '340', '370', '400', '430', '460', '490', '16', '219', '233', '241', '244', '253', '288', '301', '355']
['11', '71', '131', '161', '191', '251', '341', '371', '401', '431', '461', '491', '36', '65', '77', '115', '142', '337', '425']
['12', '72', '102', '132', '222', '312', '342', '372', '402', '432', '462', '492', '22', '54', '82', '88', '208', '447']
['13', '43', '73', '133', '163', '193', '343', '373', '403', '463', '493', '109', '226', '250', '281']
['14', '44', '104', '194', '254', '284', '344', '374', '404', '434', '464', '494', '42', '80', '87', '118', '189', '238', '270', '325']
['75', '135', '165', '195', '285', '345', '375', '405', '435', '465', '495', '38', '93', '112', '397', '398']
['46', '76', '136', '196', '256', '316', '346', '376', '406', '436', '466', '496', '25', '33', '34', '56', '148', '171', '257', '298']
['17', '107', '137', '167', '197', '227', '317', '347', '377', '407', '437', '467', '497', '10', '24', '26', '134', '157', '280', '310']
['78', '168', '198', '258', '318', '348', '378', '408', '468', '498', '28', '52', '129', '159', '164', '174', '216', '306', '424']
['79', '139', '169', '199', '289', '319', '379', '409', '439', '469', '499', '18', '101', '144', '225', '309', '311', '313', '326', '446']
['140', '170', '200', '230', '260', '290', '320', '350', '380', '410', '470', '32', '60', '138', '279', '445', '489']
['51', '141', '201', '231', '261', '291', '321', '351', '381', '411', '441', '84', '94', '213', '252', '349', '449']
['202', '232', '292', '322', '352', '412', '442', '472', '91', '110', '151', '295']
['53', '83', '113', '143', '173', '263', '293', '323', '353', '383', '443', '473', '19', '223', '234', '339', '382', '422']
['204', '294', '324', '384', '414', '444', '474', '49', '58', '69', '90', '116', '172', '228', '239', '282', '393']
['55', '85', '145', '235', '265', '385', '415', '475', '63', '114', '166', '180', '203', '262', '413']
['146', '176', '206', '236', '266', '296', '356', '386', '476', '62', '66', '96', '153', '205', '299', '354', '458', '477']
['27', '147', '207', '237', '267', '297', '327', '357', '387', '417', '45', '92', '283']
['178', '328', '358', '388', '418', '478', '175', '363', '438', '471']
['29', '59', '89', '119', '209', '269', '329', '359', '389', '419', '479', '15', '123', '287', '315', '480']
