['41', '46']
['14', '253', '243', '113', '244', '277', '403']
['35', '160', '433', '51', '466', '202']
['398', '470', '292', '146', '434', '12', '418']
['121', '206', '326', '457', '193', '153', '320', '314', '86', '269', '485', '172', '195', '315', '447', '197', '439', '455', '411', '31', '450', '492', '386', '129', '341', '15', '385', '317', '215', '110', '323', '420', '295', '111', '66', '116', '179']
['490', '130', '393', '11', '251', '229', '49', '132', '112', '107', '267', '245', '340', '152', '55', '70', '191', '367', '259', '13', '165', '352', '301', '173', '287', '232', '257', '330', '34', '38', '431']
['462', '264', '157']
['378', '469', '400', '36']
['498', '344', '59', '414', '58', '123', '209', '338', '231', '90', '480', '234', '248', '186', '464', '374', '359', '421', '336', '339', '370', '79', '154', '217', '427', '199', '458', '106', '438', '280', '72', '32', '436', '119', '430', '423', '491', '319', '468', '288']
['4', '497', '163', '270']
['8', '358', '64', '437', '6', '27', '60', '380', '68', '28', '184', '247', '196', '18', '364']
['332', '236', '161', '312', '442', '24', '109', '488', '74', '260', '87', '192', '409', '362']
['475', '200', '221', '114', '284', '318', '237', '56', '207', '226', '389', '100', '10', '322', '218', '201', '460', '268', '472', '453', '266', '95', '354', '145', '23', '102', '404', '62', '296', '368', '471', '474', '410']
['177', '155', '141', '422', '212', '357', '265', '53', '298', '73', '65', '483', '487', '127', '85', '454', '81', '138', '181', '328', '435']
['1', '22', '0', '452', '286', '5']
['7', '307', '324', '413', '258', '381', '278', '285', '379', '220', '252', '331', '208', '309', '99', '77', '44', '275', '373', '419', '429', '289', '224', '96', '151', '174', '261']
['499', '142', '479', '361', '189', '235', '188', '242', '29', '19', '388', '348', '325', '40', '122', '311', '167', '214']
['495', '54', '2', '387', '365', '477', '134', '43', '148', '182', '255', '61', '92', '89', '230', '240', '486', '30', '63', '451', '406', '432', '327', '137', '372', '211', '117']
['366', '233', '478', '394', '425', '302', '57', '443', '156', '300', '125', '390', '407', '126', '279', '225']
['3', '93', '271', '198', '273', '190', '371', '397', '216', '76', '446', '222', '228', '415', '223', '337', '290', '467']
['445', '293', '392', '144', '140', '25', '408', '494', '456', '444', '496', '39', '162']
['94', '98', '305', '306', '164']
['171', '405']
['176', '166', '440', '238']
['84', '335', '194', '16']
['351', '484', '139', '254', '333']
['396', '131', '482', '9', '360', '48']
['347', '272', '169', '334', '377', '33', '50', '26', '363', '203', '101', '308', '297', '294', '37', '183', '375', '170', '316', '428', '75']
['147', '384', '120', '401', '150', '82', '281', '256', '47', '133', '135', '441', '178', '45', '282', '21', '481', '105', '88', '369', '283', '350', '383', '97', '204', '180', '128', '449', '263', '426', '493', '349', '42', '149', '52', '115', '399', '459', '213', '69', '382', '80', '353', '83', '476', '461', '342', '20', '241', '356', '417', '104', '136', '489', '346', '210', '168']
['343', '416', '219', '465', '321', '313', '249', '71', '250', '291', '185', '304', '473', '274', '345', '158', '187', '205', '310', '402', '227', '246', '159', '276', '376', '175', '391', '118', '124', '355', '108', '329', '412', '299', '67', '448', '103', '143', '463', '303', '262', '239', '395', '78']
['17', '91', '424']
