['20', '40', '120', '140', '220', '240', '260', '280', '300', '320', '340', '360', '380', '400', '420', '440', '480', '9', '48', '61', '109', '113', '209', '244', '314', '464']
['21', '41', '101', '121', '161', '201', '221', '241', '261', '281', '301', '321', '341', '361', '381', '401', '421', '461', '481', '5', '30', '69', '82', '146', '193', '482']
['22', '62', '102', '142', '162', '182', '222', '242', '262', '282', '302', '322', '342', '362', '382', '402', '422', '442', '462', '3', '17', '53', '97', '131', '233', '483']
['63', '83', '103', '123', '163', '203', '223', '243', '263', '283', '303', '343', '383', '423', '463', '6', '34', '37', '46', '156', '187', '355', '369']
['24', '44', '64', '84', '104', '124', '144', '164', '184', '204', '224', '264', '284', '304', '324', '344', '384', '404', '424', '444', '484', '23', '43', '338', '367']
['45', '85', '105', '125', '145', '165', '185', '205', '225', '245', '265', '285', '305', '325', '345', '365', '385', '405', '445', '465', '485', '42', '51', '57', '122']
['66', '106', '126', '166', '186', '206', '226', '266', '286', '306', '326', '346', '366', '386', '406', '426', '466', '60', '143', '174', '197', '239', '288', '431', '447']
['27', '47', '67', '87', '107', '127', '147', '167', '207', '227', '247', '267', '287', '307', '327', '347', '387', '407', '427', '467', '487', '18', '28', '200', '417', '479']
['68', '88', '108', '128', '168', '208', '248', '268', '308', '328', '348', '368', '388', '408', '428', '448', '468', '488', '19', '31', '33', '49', '181', '254', '317', '443']
['89', '129', '169', '189', '229', '249', '269', '289', '309', '329', '349', '389', '409', '469', '489', '4', '54', '99', '173', '372']
['10', '50', '70', '90', '110', '130', '150', '170', '190', '210', '230', '250', '270', '290', '310', '330', '350', '390', '410', '450', '490', '2', '58', '425', '495']
['11', '71', '91', '151', '171', '191', '211', '231', '251', '271', '291', '311', '331', '351', '371', '391', '451', '471', '491', '0', '59', '114', '116', '138', '449', '460']
['12', '32', '52', '72', '92', '112', '132', '152', '172', '192', '212', '232', '252', '272', '292', '332', '352', '392', '412', '432', '452', '472', '492', '7', '323', '397']
['13', '133', '153', '253', '273', '293', '313', '333', '353', '373', '393', '413', '433', '453', '473', '493', '65', '81', '117', '297', '411', '429', '430']
['14', '74', '94', '134', '154', '214', '234', '274', '294', '334', '374', '394', '414', '434', '454', '474', '494', '73', '76', '86', '183', '188', '296', '319', '364', '457']
['15', '35', '55', '75', '95', '115', '135', '155', '175', '195', '215', '235', '255', '275', '295', '315', '335', '375', '415', '435', '455', '475', '1', '403', '486']
['16', '36', '56', '96', '136', '176', '196', '216', '236', '256', '276', '316', '356', '376', '396', '416', '436', '456', '476', '496', '80', '98', '149', '194', '312', '354']
['137', '157', '177', '217', '237', '257', '277', '337', '357', '437', '477', '497', '25', '29', '79', '100', '148', '160', '228', '246', '363', '441', '446', '470']
['78', '118', '158', '178', '218', '238', '258', '278', '298', '318', '358', '378', '398', '418', '438', '458', '478', '498', '8', '26', '77', '93', '111', '141', '202', '370']
['39', '119', '139', '159', '179', '199', '219', '259', '279', '299', '339', '359', '379', '399', '419', '439', '459', '499', '38', '180', '198', '213', '336', '377', '395']
