['426']
['214']
['428', '33', '34', '45', '63', '102', '114', '135', '144', '158', '163', '191', '206', '208', '225', '270', '294']
['429']
['430']
['431']
['219', '432', '7', '10', '76', '84', '85', '104', '130', '148', '154', '159', '167', '193', '200', '222', '229', '241', '260', '261', '272', '450', '490', '498']
['433']
['434']
['435']
['436']
['11', '224', '5', '6', '14', '16', '23', '25', '28', '40', '43', '47', '48', '49', '52', '54', '56', '57', '60', '61', '64', '74', '80', '93', '100', '106', '122', '125', '134', '145', '146', '168', '169', '171', '183', '185', '192', '196', '198', '211', '213', '215', '218', '220', '234', '238', '243', '244', '245', '247', '254', '255', '256', '258', '263', '273', '275', '278', '280', '284', '286', '309', '342', '353', '427', '441']
['438']
['439']
['440']
['228']
['442']
['443']
['444']
['445']
['446', '248']
['447']
['448']
['449']
['24', '237', '2', '4', '19', '38', '62', '66', '67', '68', '69', '75', '83', '107', '124', '128', '150', '162', '164', '177', '181', '187', '221', '223', '231', '236', '266', '267', '344', '346']
['451']
['452']
['453']
['454']
['455']
['456']
['457']
['458']
['459']
['460', '32', '77', '111', '121', '175', '188', '194', '207', '217']
['461']
['462']
['463']
['464']
['39', '465', '0', '17', '26', '44', '53', '78', '79', '89', '94', '113', '119', '120', '126', '136', '152', '197', '271', '437', '476']
['466']
['467']
['468']
['469']
['257', '470', '22', '31', '58', '72', '103', '105', '110', '115', '117', '118', '139', '141', '155', '157', '160', '161', '172', '173', '174', '184', '186', '190', '201', '203', '233', '235', '246', '282']
['471']
['472']
['473']
['474']
['262', '475', '20', '87']
['50']
['477']
['478']
['479']
['480', '251']
['481']
['482']
['483', '55', '264', '265']
['484']
['485']
['486']
['487']
['488']
['489']
['277', '46', '97']
['491']
['492']
['493']
['494']
['495']
['496']
['497']
['285', '3', '59', '227']
['499']
['287']
['288']
['289']
['290']
['291']
['292']
['293']
['81', '30']
['295']
['296']
['297']
['298']
['299']
['300']
['301']
['302']
['303']
['304']
['305']
['306']
['307']
['308']
['96', '21', '51', '90', '138', '166', '204', '259']
['310']
['311']
['312']
['313', '82', '109', '142', '170', '276']
['314']
['315', '226']
['316']
['317']
['318']
['319']
['320']
['321']
['322']
['323']
['324']
['325']
['326']
['327']
['328']
['329']
['330']
['331']
['332']
['333']
['334']
['335']
['336']
['337']
['338']
['339']
['340']
['341', '27', '70', '108', '123']
['129', '101', '178', '210', '249', '268']
['343']
['131', '65', '392']
['132']
['133']
['347']
['348']
['349']
['137', '350', '1', '15', '29', '35', '36', '73', '86', '88', '99', '112', '116', '127', '140', '149', '156', '165', '176', '202', '205', '209', '212', '216', '230', '240', '252', '345', '360']
['351']
['352', '13', '42', '71', '95', '143', '151', '153', '182', '195', '232', '250', '274', '279', '281', '283']
['98']
['354']
['355']
['356']
['357', '239']
['358']
['359']
['147']
['361']
['362']
['363']
['364']
['365']
['366']
['367']
['368']
['369']
['370']
['371']
['372']
['373']
['374']
['375', '8', '41', '92']
['376']
['377']
['378', '18', '37', '189', '199', '269']
['379']
['380']
['381']
['382']
['383']
['384']
['385']
['386']
['387']
['388']
['389']
['390']
['391']
['179']
['393']
['394']
['395']
['396']
['397']
['398']
['399']
['400']
['401']
['402']
['403']
['404']
['405']
['406', '9', '12', '91', '180', '242', '253']
['407']
['408']
['409']
['410']
['411']
['412']
['413']
['414']
['415']
['416']
['417']
['418']
['419']
['420']
['421']
['422']
['423']
['424']
['425']
