['KENPF', 'HTJHJ', 'TNZEA', 'CCNPM', 'OVYDG']
['DFBMK', 'ORRXP', 'QVNNO', 'VWJWK', 'KCHSD']
['RQZPM', 'KYKCO', 'NUSHB', 'MXMMA', 'VPSEI']
['HATBR', 'UJESQ', 'IZZTZ', 'OAGEZ', 'AILUZ']
['OXRUQ', 'ONQWA', 'VBRPO', 'PKHDM', 'IZMEQ']
['XBTFE', 'OKQTW', 'MEKWP', 'FZRBE', 'CHIJG']
['ENWEP', 'WLCAR', 'XXRUC', 'ZRVWH', 'WOIJX']
['ZBJTS', 'EHHWX', 'KUMCW', 'XXFSV', 'BNJLP']
['TFWCC', 'RDCTS', 'SEYUH', 'QNUDR', 'QCHPG']
['ZJPJO', 'AHMRO', 'SZXFW', 'IAADS', 'HGJEC']
['TEFPC', 'JWSRE', 'UHSWZ', 'SPHAJ', 'CVNCZ']
['OENWP', 'DLKKW', 'PECLI', 'TAIVA', 'EWNSH']
['NHQWU', 'APXMD', 'HFDOF', 'LPHWP', 'XBLXM']
['BLHOQ', 'ZEPYJ', 'JEBNF', 'ZQDIP', 'EFKRH']
['WJIWZ', 'NVSYK', 'PQDFC', 'FVYLB', 'JMYIA']
['OMYLR', 'CQBIT', 'IGQNP', 'JQBSO', 'VATKD']
['FSTKF', 'OKPQW', 'FGDHQ', 'QYWKX', 'MIKDS']
['VLEXY', 'INTFC', 'LIQGP', 'OJGET', 'DSQUZ']
['XNYRJ', 'EADHZ', 'AWDBE', 'ETYTK', 'DVLFX']
['VYDDY', 'WAQDW', 'SGXHX', 'ZPTPS', 'HAXVF']
['CKHRK', 'BNYBV', 'BTWAZ', 'QSVBC', 'FZBVB']
['RCZHM', 'LYGHF', 'UCLPW', 'JTHWI', 'YXPNV']
['SROSJ', 'CPTCX', 'ZHVLK', 'EYFRR', 'GWJWE']
['WSVIR', 'SAVNS', 'XFNKQ', 'KSCIB', 'NSTKH']
['IBUGB', 'RURLC', 'BWWYB', 'ALXRH', 'AXQPJ']
['ZJQQO', 'OCOQX', 'LIGPC', 'BPZOY', 'TBPZM']
['CIPCP', 'MXBHP', 'QYLAH', 'CSQHY', 'QPVND']
['ZCVZT', 'XWMKT', 'UCQZE', 'NDLFM', 'WCFRY']
['GLIPE', 'WGGGP', 'OXRDD', 'XEEVL', 'SJJMM']
['XIDUV', 'AICHQ', 'HSIWG', 'LBKGE', 'YFRIJ']
['WHRVK', 'PXCKJ', 'YJCIZ', 'YBAFX', 'NWAHL']
['SMSHQ', 'FDGQA', 'EAEIR', 'TTIDN', 'AWUBI']
['SKBJW', 'QIALM', 'XUYPR', 'YQPNL', 'KEMJT']
['CFMPM', 'FELNZ', 'ZNMAJ', 'YWCZV', 'IGAXC']
['GEQFC', 'SIGOM', 'DFVZW', 'EBLCO', 'CLLNQ']
['QQUYY', 'QCRLR', 'DBIOJ', 'TVCFA', 'IXMQO']
['FXFUX', 'DSUJE', 'NCDJQ', 'JHGWB', 'SHLYA']
['PVVAV', 'FEUEQ', 'KGIPC', 'NSAJQ', 'SYIZZ']
['SGTRH', 'PABIC', 'DUAEB', 'GOXXP', 'NKCOJ']
['TAHXC', 'RFWKF', 'VFFHE', 'NLRBO', 'TUSMK']
['BBKUO', 'RJIED', 'SGRXP', 'HNXEZ', 'QQXNO']
['OLFRP', 'ECNTU', 'VNVFZ', 'QGRPC', 'ZJNIT']
['JOZYK', 'GJRAV', 'ZUTJZ', 'AGDTK', 'ERQBP']
['EGIIY', 'GZQDO', 'FXUHH', 'BJTHH', 'RUGKU']
['NSDMC', 'VGUGP', 'ACMPF', 'QGGOH', 'WUCQA']
['KDZKT', 'VQDCT', 'XBSXA', 'GVYUW', 'HXXMK']
['CPJBS', 'PQAHJ', 'OQSOU', 'IRAUO', 'KQUJH']
['PLFWC', 'RUYNY', 'WJAIQ', 'PKBGA', 'QSYML']
['ZIJNW', 'THQAC', 'IVZGD', 'UJHDY', 'FCWUA']
['PGHQU', 'QBVUY', 'FCJLJ', 'MWVBQ', 'KXMSB']
['BVCTY', 'ACJRU', 'PSZDK', 'RWZXF', 'GICKM']
['CIUZU', 'OVYUV', 'UZKCN', 'TBZDI', 'DCJPL']
['TLZCG', 'QIZOX', 'QUECI', 'ARMIC', 'XAOMD']
['BBVXC', 'ABYHN', 'SFQST', 'YWPLR', 'MRXML']
['VTOZN', 'BPLLS', 'CKFJL', 'YNIQG', 'UHYVL']
['KXUES', 'EHMWV', 'EAITX', 'CUUFQ', 'HKVZW']
['KRWXO', 'KHNJL', 'VATRQ', 'HCVBR', 'TKYGG']
['VXIFI', 'BGOJW', 'YJPCO', 'TKJBK', 'LNIAF']
['XCTJB', 'WDGCR', 'CBJEL', 'VXLZU', 'SRFIJ']
['CBNUD', 'IAMKK', 'QECFT', 'WWYEF', 'TYMOI']
['VLQCW', 'UDTFQ', 'CIILB', 'JCOPI', 'IRNCA']
['OZZTI', 'XGNPD', 'GNCHO', 'UGVLA', 'TFGVT']
['LVBGW', 'EOCJX', 'VGCRP', 'HNKDE', 'DKSJV']
['VQAKV', 'OUQMM', 'UGKUC', 'ERTVL', 'SRUUN']
['GCQTP', 'QGXZJ', 'VSPLU', 'WAHPX', 'RMJIF']
['XUHAP', 'MQDQQ', 'IKHTD', 'CIOFH', 'RJDRX']
['SVMGK', 'PSVNQ', 'MYAVD', 'LSZMU', 'QBZQQ']
['DVRRV', 'WPGRW', 'PTRTD', 'WTGUO', 'CIBMR']
['FBWOW', 'OTQON', 'UHOTV', 'DKHZJ', 'JXGHX']
['QAOAR', 'VVCGQ', 'YQSUZ', 'JAFZN', 'ZLQYF']
['ENKVR', 'YORBA', 'GAEKQ', 'VIPLF', 'MESKQ']
['LCHJI', 'UFVEC', 'HWSJL', 'KPECP', 'FZQXE']
['OSLVS', 'ALMIE', 'UBCVC', 'GUDYJ', 'TFEWH']
['IGUWL', 'MTCGB', 'WNYYG', 'ZYPEK', 'GBGAG']
['WUTXG', 'FJPVZ', 'RMUXW', 'UQKOV', 'BEIFF']
