['0']
['1']
['102']
['3', '103']
['4', '104']
['105']
['6', '106']
['107']
['8']
['109']
['10', '110']
['11', '111']
['12', '112']
['13', '113', '213', '101']
['14', '114']
['15', '115', '215', '200', '201', '202', '203', '204', '205', '206', '207', '208', '209', '210', '211', '212', '214', '216', '217', '218', '219', '221', '222', '223', '224', '225', '226', '232', '233', '235', '236', '237', '239', '241', '243', '244', '245', '246', '249']
['16', '116']
['17', '117']
['18', '118']
['19', '119']
['20', '120', '220', '5']
['21', '121']
['22', '122']
['23', '123']
['24', '124']
['25', '125']
['26', '126']
['27', '127', '227', '150']
['28', '128', '228']
['29', '129', '229']
['30', '130', '230']
['31', '131', '231', '100', '108']
['32', '132']
['33', '133']
['34', '134', '234']
['35', '135']
['36', '136']
['37', '137', '2']
['38', '138', '238', '9']
['39', '139']
['40', '140', '240']
['41', '141']
['42', '142', '242', '50']
['43', '143']
['44', '144']
['45', '145']
['46', '146']
['47', '147', '247']
['48', '148', '248', '7']
['49', '149']
['250']
['51']
['52', '152']
['153']
['54', '154']
['55', '155']
['56', '156']
['57', '157']
['58', '158']
['59', '159']
['60', '160']
['61', '161']
['62', '162']
['63', '163']
['64', '164']
['65', '165']
['66', '166']
['67', '167']
['68', '168']
['69', '169']
['70', '170']
['71', '171']
['72', '172']
['73', '173']
['74', '174']
['75', '175']
['76', '176']
['77', '177']
['78', '178']
['79', '179']
['80', '180', '151']
['81', '181', '53']
['82', '182']
['83', '183']
['84', '184']
['85', '185']
['86', '186']
['87', '187']
['88', '188']
['89', '189']
['90', '190']
['91', '191']
['92', '192']
['93', '193']
['94', '194']
['95', '195']
['96', '196']
['97', '197']
['98', '198']
['99', '199']
