['0', '31', '62', '93', '124', '155', '186', '217', '248', '279', '32', '33', '63', '64', '94', '95']
['1', '280', '281', '282', '283']
['2', '126', '157', '188', '219', '250', '125', '129', '130', '156', '160', '161', '187', '191', '192']
['3', '34', '65', '96', '127', '158', '189', '220', '251', '131', '132', '193', '194', '218', '221']
['4', '35', '66', '97', '128', '159', '190', '252', '10', '40', '41', '71', '72', '102', '249']
['5', '36', '67', '98', '222', '284', '12', '43', '74', '104', '105', '228', '229', '290', '291']
['6', '37', '68', '99', '254', '285', '253', '261', '262']
['7', '286']
['8', '39', '70', '101', '163', '225', '256', '287', '17', '18', '48', '49', '79', '80', '162', '224']
['9', '133', '195', '226', '288', '20', '134', '143', '144', '196', '205', '206', '236', '237', '298', '299']
['103', '165', '227', '258', '289', '114', '115', '164', '176', '177', '239', '257', '269', '270', '301']
['11', '42', '73', '135', '166', '197', '259']
['136', '167', '198', '260']
['13', '44', '75', '106', '137', '168', '199', '230', '292', '107', '223', '231']
['138', '169', '200', '185']
['108', '139', '170', '201', '232', '263', '255', '264']
['16', '47', '78', '109', '140', '171', '202', '233', '295', '15', '38', '46', '69', '77', '100', '294']
['141', '203', '265', '266']
['111', '142', '173', '204', '235', '297', '110', '172', '234', '296']
['19', '50', '81', '112', '174', '267']
['51', '82', '113', '175', '268']
['21', '52', '83', '145', '207', '238', '300']
['22', '53', '84', '146', '208']
['116', '178', '240', '271', '302']
['24', '55', '86', '117', '148', '210', '241', '303', '23', '54', '85', '147', '149', '209', '211']
['25', '56', '87', '118', '180', '242', '273', '304', '179', '181', '272', '274']
['26', '57', '88', '119', '150', '212', '243', '305', '27', '58', '89', '120', '151', '213', '244', '306']
['182', '275']
['28', '59', '90', '121', '152', '214', '245', '276', '307', '153', '215']
['29', '60', '91', '122', '184', '246', '277', '308', '14', '30', '45', '61', '76', '92', '183', '293']
['123', '154', '216', '247', '278', '309']
