['1', '31', '61', '121', '211', '241', '29', '119', '209', '213']
['2', '32', '62', '122', '212', '28', '118', '208', '210']
['3', '63', '93', '153', '243', '145', '147', '151', '235', '237']
['4', '34', '94', '124', '184', '214', '92', '96', '182']
['5', '35', '95', '125', '185', '215', '33', '123']
['6', '36', '126', '216', '246', '244', '248', '250', '252']
['7', '67', '97', '157', '187', '247', '65', '155', '159', '245']
['8', '68', '98', '158', '188', '186']
['9', '39', '99', '189', '219', '249', '37', '91', '181', '183']
['40', '70', '130', '160', '220', '38', '42', '128', '218']
['41', '71', '131', '161', '221', '251', '69', '127', '129', '217']
['12', '72', '162', '222', '64', '66', '154', '156', '224']
['13', '43', '103', '133', '193', '223', '11', '101', '191']
['14', '44', '104', '134', '194', '132', '190', '192']
['45', '75', '105', '135', '195', '225', '107', '197']
['16', '76', '106', '166', '196', '256', '74', '78', '164', '254']
['17', '77', '167', '257', '15', '73', '163', '165', '253', '255']
['18', '108', '138', '168', '198', '228', '258', '10', '100', '102']
['49', '79', '139', '169', '229', '259', '47', '51', '137', '227']
['50', '80', '140', '170', '230', '260', '46', '48', '136', '226']
['21', '81', '111', '171', '261']
['22', '52', '112', '142', '202', '232', '20', '110', '200']
['23', '53', '113', '143', '203', '233', '141', '231']
['54', '84', '114', '144', '204', '234', '116', '206']
['25', '85', '115', '175', '205', '265', '19', '83', '173', '263']
['26', '86', '176', '266', '24', '82', '172', '174', '262', '264']
['27', '57', '117', '207', '55', '109', '199', '201']
['58', '88', '148', '178', '238', '268', '56', '60', '146', '236']
['59', '89', '149', '179', '239', '269', '87', '177', '267']
['30', '90', '120', '150', '180', '240', '270', '152', '242']
