['0', '60', '120', '150', '210', '240', '270', '32', '54', '62', '117', '124', '144', '152', '207', '213', '234', '235', '236']
['1', '61', '91', '121', '151', '181', '211', '241', '271', '10', '34', '90', '92', '93', '180', '187']
['2', '122', '182', '212', '242', '272', '11', '33']
['3', '123', '183', '273', '14']
['4', '64', '94', '154', '184', '214', '244', '274', '63', '67', '70', '153', '157', '159', '243', '245', '251']
['5', '35', '65', '95', '125', '155', '185', '215', '275']
['6', '66', '96', '156', '186', '246', '276']
['7', '37', '97', '127', '217', '247', '277', '36', '39', '44', '126', '129', '130', '216', '219', '221']
['8', '38', '68', '98', '128', '158', '188', '218', '248', '278', '31']
['9', '69', '249', '279', '12', '15']
['40', '100', '160', '190', '220', '250', '280', '99', '103', '104', '189', '192', '193']
['41', '71', '101', '131', '161', '191', '281']
['42', '102', '132', '222', '282']
['13', '43', '73', '133', '163', '223', '253', '283', '72', '75', '78', '162', '252', '255', '259']
['74', '134', '164', '194', '224', '254', '284']
['105', '165', '195', '285']
['16', '46', '76', '106', '136', '166', '196', '226', '256', '286', '45', '48', '51', '135', '225', '228', '233']
['17', '47', '77', '107', '137', '167', '197', '227', '257', '287']
['138', '168', '258', '288']
['49', '79', '109', '139', '169', '199', '229', '289', '18', '21', '24', '108', '111', '116', '198']
['20', '50', '80', '110', '140', '170', '200', '230', '260', '290']
['141', '201', '231', '291']
['22', '52', '82', '112', '142', '172', '202', '232', '262', '292', '81', '84', '89', '171', '175', '261', '266']
['23', '53', '83', '113', '143', '173', '203', '263', '293']
['114', '174', '204', '264', '294']
['25', '55', '85', '115', '145', '205', '265', '295']
['26', '56', '86', '146', '176', '206', '296']
['27', '57', '87', '147', '177', '237', '267', '297', '30']
['28', '58', '88', '118', '148', '178', '208', '238', '268', '298', '19']
['29', '59', '119', '149', '179', '209', '239', '269', '299']
