['Milton', 'Gregory', 'Joshua']
['Dena', 'Phyllis', 'Kristen']
['Delia', 'Marge', 'Elvera', 'Johnathan']
['Louise', 'Nellie', 'Dottie']
['Emilee', 'Doretha', 'Sally']
['Pauline', 'Raymond', 'Vance']
['Houston', 'Alex', 'Janet', 'Roger', 'Alice']
['Annie', 'Deandre', 'Olive']
['Tiara', 'Maybell']
['Larry', 'Lillie', 'Kenny', 'Eduardo', 'Norma', 'Tracy', 'Salvatore']
['Isaac', 'Jodi', 'Julia', 'Bruce', 'Harry']
['Ella', 'Heidi', 'Donald']
['Pearl', 'Vicky', 'Isabelle']
['Doris', 'Melvin', 'Jerome', 'Sheldon', 'Porfirio']
['Shelly', 'Shirley', 'Esta']
['Shaun', 'Jewel', 'Lela', 'Victoria']
['Arturo', 'Earl', 'Quentin', 'Russel']
['Tommy', 'Argentina', 'Rhonda', 'Wade']
['Margaret', 'Cathleen', 'Lucy']
['Jason', 'Martha', 'Peter', 'Stephanie']
['Kim', 'Christine', 'Linda', 'Betty']
['Dorothy', 'Clara', 'Kathleen', 'Anna']
['Mona', 'Michael', 'Arline', 'Erik']
['Kelli', 'Derrick', 'Sheila', 'Jim', 'Scotty', 'Anita']
['Hilton', 'Stacy', 'Patrick', 'Lester']
['Brittany', 'James', 'Mari', 'Steve']
['George', 'Lexie']
['Irene', 'Kristina', 'Beverly', 'Danielle']
['Mitchell', 'Judith', 'Evan', 'Carmen']
['Latonya', 'Ashley', 'Tommie', 'Harold']
['Dwayne', 'Randall', 'Kelvin', 'Lori']
['Cheryl', 'Craig', 'Lucille', 'Melissa']
['Alonzo', 'Megan', 'John', 'Tomas', 'Tammy', 'Pat', 'Cesar']
['Josie', 'Jammie', 'Lizzie']
['Ladonna', 'William', 'Gerald', 'Jessica']
['Loretta', 'Diane', 'Terry', 'Sharon']
['Bonita', 'Matt', 'Sam', 'Joyce']
['Andre', 'Guadalupe', 'Geraldine', 'Gale', 'Antonietta']
['Walter', 'Peggy', 'Hildegard', 'Gail']
['Kenneth', 'Antoinette', 'Carlos', 'Samantha']
['Regina', 'Lydia', 'Toni', 'Felipe']
['Chelsea', 'Roy', 'Lorena', 'Daphne', 'Rory', 'Dawn']
['Pamela', 'Cedric', 'Rafael', 'Adrian']
['Anthony', 'Brett', 'Devon', 'Randy']
['Kathryne', 'Jessie', 'Gordon', 'Arthur']
['Rocio', 'Julius', 'Abdul', 'Carina', 'Carroll']
['Austin', 'Mae', 'Marjorie', 'Keith']
['Melanie', 'Vicente', 'Robert', 'Monica']
['Krista', 'Kimberly', 'Mark', 'Gerard']
['Henry', 'Harriett', 'Marybeth', 'Bernice']
['Minnie', 'Elizabeth', 'Deborah', 'Renee']
['Bernard', 'Antonio', 'Steven', 'Barbra', 'Joe']
['Damian', 'Leigh', 'Wilfredo', 'Carolyn', 'Wanda']
['Lorenzo', 'Kurt', 'Stephen', 'Maxine']
['Clifford', 'Cyndy', 'Cameron', 'Molly']
['Christiana', 'Hillary', 'Hazel', 'Shawna']
['Tanya', 'Carol', 'Colleen', 'Jennifer']
['Maureen', 'Jewell', 'Ted', 'Iris']
['Patricia', 'Evelyn', 'Jeanette', 'Erica']
['Josephine', 'Bernie', 'Marie', 'Luis']
['Marta', 'Charlotte', 'Ericka', 'Lacey']
['Daniel', 'Roberto', 'Frank', 'Nicholas']
['Dennis', 'Harriet', 'Gene', 'Robin']
['Charles', 'Rick', 'Cara', 'Lawrence']
['Patsy', 'Ronald', 'Fay', 'Jeffrey']
['Johnny', 'Debbie', 'Clyde', 'Eva']
['Cheri', 'Melony', 'Shante', 'Eunice']
['Zachary', 'Leola', 'Edwin', 'Newton']
['Mary', 'Paula', 'Dewayne', 'Nancy']
['Fredrick', 'Justine', 'Ruth']
['Dolores', 'Marla', 'Adam', 'Theresa']
['Jayne', 'Allen', 'Cynthia', 'Douglas']
['Alan', 'Fred', 'Brandon', 'Jeffery']
['Matilda', 'Teresa', 'Levi', 'Todd']
['Ernest', 'Rachel', 'Brenda', 'Jean']
['Wilbur', 'Corinne', 'Laurie', 'Ricardo']
['Ada', 'Susan', 'Justin', 'Rod', 'Esther']
['Tonya', 'Samuel', 'Patrice', 'Ivan']
['Horace', 'Debra', 'Bessie', 'Bobby']
['Lottie', 'Carrie', 'Sara', 'Barry']
['Cindy', 'Darryl', 'Jonathon', 'Aileen']
['Desiree', 'Ralph', 'Philip', 'Katherine']
['Michelle', 'Louis', 'Lisa', 'Jerry']
['Marion', 'Hector', 'Kelly', 'Anne']
['Lakesha', 'Timothy', 'Lidia', 'Casandra']
['Jami', 'Vickie', 'Donna', 'Jeff']
['Ethel', 'Lucia', 'Warren', 'Sulema']
['Benjamin', 'Emily', 'Fletcher', 'Crystal']
['Claire', 'Oscar', 'Ray', 'Lorene']
['Katrina', 'Catherine', 'Darrin', 'Vanessa']
['Mildred', 'Joseph', 'Rueben', 'Andrea']
['Lowell', 'Jane', 'Brian', 'Chester']
['Amanda', 'Grace', 'Christopher', 'Brooks']
['Joan', 'Janice', 'Barbara', 'Gloria']
['Tabatha', 'Maryann', 'Alberta', 'Cleo']
['Jeremy', 'Vera', 'Carla', 'Virginia']
['Raquel', 'Beatriz', 'Rena', 'Frida']
['Alvin', 'Weldon', 'Christian', 'Sheryl']
['Carlton', 'Virgie', 'Juan', 'Richard']
['Blanche', 'Gladys', 'Kristine', 'Thomas']
['Katie', 'Tim', 'Karen', 'Manuel']
['Shane', 'Lauren', 'Matthew', 'Aron']
['Kyle', 'Esperanza', 'Laura', 'Julie']
['Bernadette', 'Joel', 'Claudia', 'Miriam']
['Hugo', 'Mavis', 'Phillip']
['Billie', 'Maria', 'Marcus']
['Emerson', 'Carole', 'Angel']
['Kathryn', 'Thelma', 'Gary']
['Mario', 'Sarah', 'Noma']
['Stanley', 'Paul', 'Rebecca']
['Merle', 'Shawn']
['Gilbert', 'Sandra', 'Leo']
['Nathaniel', 'Eric', 'Beatrice']
['Ruthie', 'Myra', 'Martin']
['Edward', 'Octavia', 'Dan']
['Heather', 'Jasmine', 'Jonathan']
['Roberta', 'Colin', 'Chris']
['Carl', 'Frances', 'Curtis']
['Victor', 'Jacqueline', 'Helen']
['David', 'Tom', 'Erma']
['Mamie', 'Mireya', 'Trenton']
['Lena', 'Kay']
['Albert', 'Mei', 'Byron']
['Joy', 'Johnnie', 'Reggie']
