['AIA', 'AJP', 'AOK']
['ABQ', 'AGL', 'AMV', 'AOL', 'ARQ', 'AAR', 'AAW', 'ABX', 'ACD', 'ACF', 'ACX', 'AFF', 'AFO', 'AJC', 'AJR', 'ANJ', 'ARF', 'ATI']
['ABR', 'AGM', 'ALH', 'AMW', 'AQC', 'ARR', 'AEF', 'AIK', 'AKM', 'ANL', 'APJ', 'AQI', 'ARY', 'ASJ', 'ASW']
['AEX', 'AID', 'AJS', 'ALI', 'AMX', 'AON', 'ARS', 'ABH', 'ABL', 'ADS', 'ADW', 'AFE', 'AFY', 'AGB', 'AGP', 'AGU', 'AQF']
['AEY', 'AGO', 'AIE', 'AJT', 'ALJ', 'AQE', 'ART', 'ATJ', 'AAK', 'AAN', 'ABE', 'ACP', 'ADN', 'AEE', 'AEJ', 'AEP', 'ANB', 'ARN']
['ABU', 'ADK', 'AJU', 'ANA', 'ARU', 'ABF', 'ACE', 'ACJ', 'ADO', 'AJB', 'AJQ', 'ALD', 'AMK', 'AMR', 'APK']
['AGQ', 'AJV', 'ALL', 'AQG', 'ATL', 'ACH', 'ADD', 'ADF', 'ADI', 'AEK', 'AIR', 'AIW', 'AOM', 'ARH', 'ARM', 'ASE', 'ATY']
['ADM', 'AGR', 'AJW', 'AQH', 'ATM', 'AAO', 'AEG', 'AIJ', 'AIX', 'AKS', 'ALP', 'AMM', 'AOO', 'AOP', 'AOX', 'ATO']
['AGS', 'AII', 'ALN', 'ARX', 'ABP', 'ADJ', 'AIP', 'AJE', 'AMF', 'AOQ', 'APS', 'APY', 'ASI', 'ATX']
['AGT', 'ALO', 'ANE', 'AOT', 'AQJ', 'AAS', 'ACN', 'AEH', 'AGA', 'AHP', 'AHY', 'AML', 'AOS', 'APD', 'AQX', 'ARW']
['ADP', 'AOU', 'AQK', 'ASA', 'ATP', 'ABV', 'ACT', 'AFC', 'AGD', 'AHN', 'AHQ', 'AHW', 'AJX', 'AMT', 'ANP', 'AQD']
['AFG', 'AGV', 'AIL', 'ANG', 'AOV', 'AAP', 'ABY', 'AFJ', 'AFR', 'AFT', 'AGW', 'AHB', 'AKR', 'ALU', 'ALW', 'AQY', 'ASO']
['AKC', 'ANH', 'AOW', 'ASC', 'ATR', 'ABA', 'ABC', 'ACK', 'ACV', 'AEB', 'AKN', 'AKU', 'AQB', 'AQN', 'AQS', 'AQT']
['AFI', 'AGX', 'ALS', 'ATS', 'ADT', 'AFP', 'AHR', 'AKF', 'AKQ', 'ALM', 'ANY', 'AOF', 'AQA', 'ATG', 'ATQ']
['AGY', 'AKE', 'ATT', 'ACC', 'ACQ', 'ADA', 'AEM', 'AMA', 'AMN', 'APB', 'APX', 'ARV', 'ASB', 'ASD']
['ADU', 'AFK', 'AHA', 'ANK', 'APA', 'ASF', 'ATU', 'AAJ', 'ADB', 'AEL', 'AGE', 'AGN', 'AIQ', 'AKL', 'ALG', 'AQO', 'ASS', 'ATF']
['AAQ', 'ADV', 'AFL', 'ALV', 'AQQ', 'ATV', 'AAT', 'ABK', 'ABO', 'ACA', 'ADQ', 'ADR', 'AHS', 'AJF', 'AMG', 'ANQ', 'APP']
['AFM', 'AHC', 'APC', 'ASH', 'AAG', 'ABS', 'AEV', 'AEW', 'AHG', 'AHK', 'AHT', 'AKB', 'ANC', 'ANF', 'ASG']
['AFN', 'AKI', 'ALX', 'AHI']
['ADY', 'AHE', 'AIT', 'AKJ', 'ALY', 'ANO', 'APE']
['AEA', 'AHF', 'AKK', 'APF', 'AQU', 'ASK', 'ACL', 'ADC', 'AEN', 'AFV', 'AIC', 'AIG', 'AKH', 'AOG', 'AQM', 'ASV']
['AIV', 'AMB', 'AQV', 'ASL', 'AER', 'AET', 'ALF', 'AMI', 'AND', 'ANI', 'ANM', 'API', 'APW', 'ARG', 'ATK']
['AHH', 'AMC', 'ANR', 'APH', 'AQW', 'ASM', 'ACB', 'AIB', 'AIU', 'AKD', 'AKG', 'ALR', 'ANV', 'AOY', 'ARE', 'ATW']
['AFS', 'AMD', 'ASN']
['AHJ', 'AIY', 'AKO', 'AME', 'ANT']
['AFU', 'AJA', 'AKP', 'ANU', 'ARA', 'ASP', 'AAF', 'AAU', 'ACO', 'AFQ', 'AIH', 'AJY', 'AKA', 'ALK', 'APO', 'APU', 'ARC']
['APL', 'ASQ']
['ACR', 'AFW', 'AMH', 'ANW', 'APM', 'ASR', 'ACU', 'ADG', 'ADX', 'AFB', 'AJL', 'AJN', 'ANS', 'AOI', 'AQP', 'ATC']
['ABD', 'ACS', 'AEI', 'AJD', 'ANX', 'APN', 'AAD', 'ACG', 'AEQ', 'AFA', 'AHM', 'AHX', 'AIN', 'APG', 'APT', 'AQR']
['AHO', 'AKT', 'AST']
['ASU']
['ABG', 'AKV', 'AOB', 'APQ']
['ACW', 'AGC', 'AJH', 'AKW', 'AOC', 'APR', 'ABI', 'ADH', 'ADL', 'AEC', 'AFX', 'AGH', 'AIS', 'AJG', 'ALQ', 'AMY', 'ARP', 'ATN']
['AJI', 'AOD', 'ARI', 'ASX']
['ABJ', 'ACY', 'AEO', 'AJJ', 'AKY', 'AMO', 'AOE', 'ARJ', 'ASY', 'AAA', 'AAE', 'AAH', 'AAI', 'AAL', 'AAM', 'AGK', 'AHU', 'AQL']
['AGF', 'AJK', 'AMP', 'ATA', 'AAC', 'AAY', 'ABT', 'ACI', 'ADE', 'AEU', 'AFD', 'ALC', 'ALT', 'ANN', 'ARB']
['AGG', 'ALB', 'AMQ', 'APV', 'ARL', 'ATB', 'ALA']
['ABM', 'AOH', 'AMJ']
['ABN', 'AES', 'AGI', 'AMS', 'ATD', 'AAB', 'AAV', 'AHL', 'AIM', 'AJM', 'AKX', 'AOA', 'AOR', 'ARK', 'ATH']
['AGJ', 'AJO', 'ALE', 'AOJ', 'ARO', 'ATE', 'AAX', 'ABB', 'ABW', 'ACM', 'AED', 'AFH', 'AHD', 'AHV', 'AIF', 'AIO', 'AMU', 'ARD']
