['a', 'cccccccc', 'ggggggg', 'kkkkkk', 'ooooo', 'ssss', 'www', 'E', 'GGGGGGGG', 'OOOOOO', 'SSSSS', 'WWWW', '111', 'bb', 'bbb', 'bbbbbbb', 'bbbbbbbb', 'cc', 'dd', 'ddd', 'cccc', 'hhhhhh', 'kk', 'll', 'kkk', 'llll', 'kkkkk', 'lllll', 'kkkkkkk', 'lllllll', 'kkkkkkkk', 'pppp', 'sss', 'ssssss', 'ww', 'xxx', 'wwww', 'xxxx', 'wwwww', 'wwwwwwww', 'EE', 'FFF', 'EEEE', 'FFFFFFF', 'EEEEEEEE', 'FFFFFFFF', 'GGG', 'OOOOOOO', 'SS', 'WWW', 'XXX', 'XXXX', 'XXXXXXX', '11', '22', '222', '22222', '111111', '222222']
['b', 'dddddddd', 'hhhhhhh', 'llllll', 'tttt', 'F', 'HHHHHHHH', 'PPPPPP', 'TTTTT', '66', 'aa', 'aaaaaa', 'ccc', 'ccccc', 'gg', 'hh', 'ggg', 'hhh', 'hhhhh', 'hhhhhhhh', 'GG', 'HHH', 'OO', 'OOOO', 'OOOOO', 'SSS', 'SSSSSSS', '55']
['e', 'gggggggg', 'oooooo', 'sssss', 'AAA', 'I', 'KKKKKKKK', 'SSSSSS', 'WWWWW', 'ee', 'eee', 'ss', 'tt', 'tttttttt', 'AA', 'AAAA', 'BBBB', 'II', 'JJJ', 'IIII', 'JJJJJJJ', 'KK', 'LL', 'KKK', 'KKKK', 'KKKKKKK', 'LLLLLLL', 'LLLLLLLL']
['f', 'ttttt', 'BBB', 'FF', 'J', 'PPPPPPP', 'TTTTTT', 'XXXXX', '2222', '666', 'fffff', 'BB', 'JJ', 'III', '1111', '555', '5555', '666666', '5555555']
['aaa', 'i', 'EEE', 'M', 'OOOOOOOO', 'WWWWWW', '11111', 'MMM', 'WW']
['ff', 'j', 'llllllll', 'ppppppp', 'tttttt', 'xxxxx', 'N', 'PPPPPPPP', 'TTTTTTT', 'XXXXXX', '6666', 'oo', 'ooo', 'ppppp', 'pppppp', 'ooooooo', 'MM', 'TT']
['aaaa', 'm', 'oooooooo', 'sssssss', 'wwwwww', 'AAAAA', 'Q', 'SSSSSSSS', 'WWWWWWW', '55555', 'QQ', 'RR', 'QQQ', 'QQQQ', 'RRRR', 'QQQQQ', 'QQQQQQ', 'RRRRRR', 'QQQQQQQ', 'QQQQQQQQ']
['bbbb', 'fff', 'jj', 'n', 'pppppppp', 'ttttttt', 'xxxxxx', 'BBBBB', 'FFFF', 'R', 'TTTTTTTT', '66666', 'ii', 'iii', 'iiii', 'iiiiiii', 'iiiiiiii', 'mmm', 'xx']
['aaaaa', 'eeee', 'q', 'ssssssss', 'wwwwwww', 'AAAAAA', 'EEEEE', 'U', 'WWWWWWWW', '1111111', '555555', 'qq', 'UU', 'UUU', 'VVV', 'UUUU']
['bbbbb', 'ffff', 'jjj', 'r', 'xxxxxxx', 'BBBBBB', 'FFFFF', 'JJJJ', 'NNN', 'V', 'XXXXXXXX', '2222222', 'NNNN', 'MMMMM']
['eeeee', 'u', 'AAAAAAA', 'EEEEEE', 'IIIII', 'MMMM', 'Y', '11111111', 'uu', 'uuu']
['bbbbbb', 'jjjj', 'rr', 'v', 'xxxxxxxx', 'BBBBBBB', 'FFFFFF', 'JJJJJ', 'RRR', 'VV', 'Z', '22222222', '6666666', 'qqqq', 'rrrr']
['aaaaaaa', 'eeeeee', 'iiiii', 'y', 'AAAAAAAA', 'EEEEEEE', 'IIIIII', '3', '55555555', 'zzz', 'zzzz', 'yyyyy', 'zzzzzzz', '33', '44', '44444444']
['jjjjj', 'nnnn', 'rrr', 'vv', 'z', 'BBBBBBBB', 'JJJJJJ', 'NNNNN', 'ZZ', '4', '66666666', 'nnn', 'vvv', 'uuuu', 'vvvvv', 'uuuuuuu', 'YY', 'YYY', 'ZZZZZ', 'YYYYYY', 'YYYYYYY', 'YYYYYYYY']
['aaaaaaaa', 'eeeeeee', 'iiiiii', 'mmmmm', 'C', 'IIIIIII', 'MMMMMM', '7', 'NN']
['fffffff', 'jjjjjj', 'nnnnn', 'zz', 'D', 'NNNNNN', 'RRRRR', 'VVVV', 'ZZZ', '8', 'yy', 'UUUUU', '77', '88', '777', '888', '7777', '8888', '77777', '88888', '888888', '8888888', '77777777']
['c', 'eeeeeeee', 'mmmmmm', 'qqqqq', 'yyy', 'G', 'IIIIIIII', 'MMMMMMM', 'YYYY', 'ffffff']
['d', 'ffffffff', 'jjjjjjj', 'nnnnnn', 'rrrrr', 'vvvv', 'H', 'JJJJJJJJ', 'NNNNNNN', 'VVVVV', 'ZZZZ', '444', 'nn', 'mmmm', 'HH', '333']
['g', 'mmmmmmm', 'qqqqqq', 'uuuuu', 'yyyy', 'K', 'MMMMMMMM', 'UUUUUU', 'YYYYY', '3333', 'mm', 'qqq']
['h', 'jjjjjjjj', 'nnnnnnn', 'rrrrrr', 'L', 'NNNNNNNN', 'RRRRRRR', 'VVVVVV']
['k', 'mmmmmmmm', 'qqqqqqq', 'uuuuuu', 'CCCC', 'O', 'UUUUUUU', '33333', 'CC', 'CCC', 'CCCCCCC']
['l', 'nnnnnnnn', 'rrrrrrr', 'vvvvvv', 'zzzzz', 'DDDD', 'P', 'RRRRRRRR', 'VVVVVVV', 'ZZZZZZ', '44444', 'DD']
['o', 'qqqqqqqq', 'yyyyyy', 'CCCCC', 'GGGG', 'S', 'UUUUUUUU', '333333']
['dddd', 'p', 'rrrrrrrr', 'vvvvvvv', 'zzzzzz', 'DDDDD', 'HHHH', 'LLL', 'PP', 'T', 'VVVVVVVV', 'ZZZZZZZ', '444444']
['gggg', 's', 'uuuuuuuu', 'yyyyyyy', 'CCCCCC', 'GGGGG', 'OOO', 'W', '3333333', '777777', 'DDD', '4444']
['ddddd', 'hhhh', 'lll', 'pp', 't', 'vvvvvvvv', 'DDDDDD', 'HHHHH', 'LLLL', 'PPP', 'X', 'ZZZZZZZZ', '4444444']
['cccccc', 'ggggg', 'kkkk', 'w', 'yyyyyyyy', 'GGGGGG', 'KKKKK', '1', '33333333', '7777777']
['dddddd', 'ppp', 'x', 'zzzzzzzz', 'DDDDDDD', 'HHHHHH', 'LLLLL', 'PPPP', 'TTT', 'XX', '2']
['ccccccc', 'gggggg', 'oooo', 'A', 'CCCCCCCC', 'GGGGGGG', 'KKKKKK', 'SSSS', '5']
['ddddddd', 'ttt', 'B', 'DDDDDDDD', 'HHHHHHH', 'LLLLLL', 'PPPPP', 'TTTT', '6', '88888888']
