['58', '87', '116', '145', '174', '203', '232', '261', '290']
['30', '59', '88', '117', '146', '175', '204', '233', '262', '291']
['31', '60', '89', '118', '147', '176', '205', '234', '263', '292', '66', '4']
['32', '61', '90', '119', '148', '177', '206', '235', '264', '293', '33']
['62', '91', '120', '149', '178', '207', '236', '265', '294', '9']
['34', '63', '92', '150', '208', '237', '266', '295']
['35', '64', '93', '122', '151', '180', '209', '238', '267', '296', '8']
['65', '94', '123', '152', '181', '210', '239', '268', '297']
['95', '124', '153', '182', '211', '240', '269', '298']
['38', '67', '96', '125', '154', '183', '212', '241', '270', '299', '12', '179', '0']
['10', '39', '68', '97', '126', '155', '184', '213', '242', '271', '300', '53']
['11', '40', '69', '98', '127', '156', '185', '214', '243', '272', '301', '36', '223', '286']
['41', '70', '99', '128', '157', '186', '215', '244', '273', '302']
['13', '42', '71', '100', '129', '158', '187', '216', '245', '274', '303']
['14', '43', '72', '101', '130', '159', '188', '217', '246', '275', '304', '37', '7']
['15', '44', '73', '102', '131', '160', '189', '218', '247', '276', '305']
['16', '45', '74', '103', '132', '161', '190', '219', '248', '277', '306', '1']
['17', '46', '75', '104', '133', '162', '191', '220', '249', '278', '307', '121']
['18', '47', '76', '105', '134', '163', '192', '221', '250', '279']
['19', '48', '77', '106', '135', '164', '193', '222', '251', '280']
['20', '49', '78', '107', '136', '165', '194', '252', '281', '29']
['21', '50', '79', '108', '137', '166', '195', '224', '253', '282', '3']
['22', '51', '80', '109', '138', '167', '196', '225', '254', '283', '27', '6']
['23', '52', '81', '110', '139', '168', '197', '226', '255', '284']
['24', '82', '111', '140', '169', '198', '227', '256', '285']
['25', '54', '83', '112', '141', '170', '199', '228', '257']
['26', '55', '84', '113', '142', '171', '200', '229', '258', '287']
['56', '85', '114', '143', '172', '201', '230', '259', '288', '2']
['28', '57', '86', '115', '144', '173', '202', '231', '260', '289', '5']
