['88', '110', '132', '154', '176', '198', '220', '286', '308', '352', '374', '396', '418', '440', '484', '1', '25', '82', '98', '118', '169', '174', '246', '262', '311', '341', '371', '381', '407', '426', '447']
['23', '67', '89', '199', '221', '265', '287', '331', '353', '397', '441', '463', '6', '11', '17', '48', '56', '122', '167', '212', '230', '462', '464', '466']
['24', '90', '112', '134', '156', '200', '222', '266', '288', '310', '332', '354', '376', '398', '442', '486', '9', '117', '133', '157', '189', '219', '254', '316', '324', '333', '338', '347', '383', '386', '419']
['69', '91', '113', '135', '179', '223', '245', '267', '289', '355', '377', '399', '421', '443', '465', '13', '14', '27', '44', '53', '55', '60', '81', '93', '116', '139', '164', '177', '184', '264', '359']
['92', '180', '202', '312', '334', '378', '400', '422', '444', '488', '5', '52', '159', '325']
['49', '71', '181', '203', '225', '269', '313', '335', '357', '379', '401', '423', '445', '467', '10', '33', '38', '151', '187', '224', '406', '487']
['72', '94', '160', '182', '204', '248', '270', '292', '314', '358', '380', '402', '424', '446', '468', '20', '34', '68', '76', '87', '136', '155', '201', '285', '360', '375', '460', '492']
['51', '95', '161', '183', '205', '227', '249', '271', '293', '315', '337', '403', '425', '491', '178', '361']
['162', '206', '228', '250', '272', '382', '404', '448', '253', '431', '432']
['31', '75', '97', '119', '141', '185', '229', '273', '295', '317', '405', '427', '449', '493', '16', '21', '29', '115', '158', '280', '429']
['54', '120', '186', '208', '252', '274', '296', '318', '340', '362', '384', '428', '450', '472', '494', '19', '74', '79', '146', '368', '456', '469', '470', '471']
['77', '99', '121', '143', '165', '209', '231', '275', '319', '363', '385', '451', '473', '495', '22', '32', '45', '147', '244', '268', '339', '454', '455']
['78', '100', '144', '166', '188', '210', '298', '320', '342', '408', '430', '452', '474', '496', '7', '50']
['101', '123', '211', '233', '255', '299', '321', '343', '365', '387', '409', '453', '475', '497', '0', '15', '207', '283']
['58', '102', '124', '168', '190', '256', '278', '300', '322', '344', '366', '388', '410', '476', '498', '131', '173', '251', '276', '329', '420', '485', '489', '490']
['37', '59', '125', '191', '213', '235', '257', '279', '301', '323', '345', '367', '389', '411', '433', '477', '499', '2', '28', '41', '80', '152', '214', '242', '243', '291', '309']
['104', '126', '148', '192', '236', '258', '302', '346', '390', '412', '434', '478', '43', '47', '66', '73', '138', '145', '336', '364']
['39', '61', '83', '105', '127', '149', '171', '193', '215', '237', '259', '281', '303', '369', '391', '413', '435', '457', '479', '4', '35', '36', '62', '137', '290', '294', '297', '330', '350', '356', '415']
['40', '84', '106', '128', '150', '172', '194', '216', '238', '260', '282', '304', '326', '348', '370', '392', '414', '436', '458', '480', '46', '70', '96', '163', '226', '416']
['63', '85', '107', '129', '195', '217', '239', '261', '305', '327', '349', '393', '437', '459', '481', '12', '18', '26', '57', '86', '111', '140', '170', '247']
['42', '64', '108', '130', '196', '218', '240', '284', '306', '328', '372', '394', '438', '482', '3', '114', '142', '232', '277']
['65', '109', '153', '175', '197', '241', '263', '307', '351', '373', '395', '417', '439', '461', '483', '8', '30', '103', '234']
