['Vertex80', 'Vertex120', 'Vertex160', 'Vertex200', 'Vertex240', 'Vertex280', 'Vertex320', 'Vertex360', 'Vertex400', 'Vertex125', 'Vertex149', 'Vertex168', 'Vertex356']
['Vertex81', 'Vertex121', 'Vertex161', 'Vertex201', 'Vertex241', 'Vertex281', 'Vertex321', 'Vertex361', 'Vertex235']
['Vertex82', 'Vertex122', 'Vertex162', 'Vertex202', 'Vertex242', 'Vertex282', 'Vertex322', 'Vertex362', 'Vertex402', 'Vertex64', 'Vertex65', 'Vertex95', 'Vertex100', 'Vertex207']
['Vertex83', 'Vertex163', 'Vertex203', 'Vertex243', 'Vertex283', 'Vertex323', 'Vertex363', 'Vertex403', 'Vertex49']
['Vertex84', 'Vertex124', 'Vertex164', 'Vertex244', 'Vertex284', 'Vertex324', 'Vertex364', 'Vertex404', 'Vertex67']
['Vertex85', 'Vertex165', 'Vertex205', 'Vertex245', 'Vertex325', 'Vertex365', 'Vertex405', 'Vertex68']
['Vertex86', 'Vertex126', 'Vertex166', 'Vertex206', 'Vertex246', 'Vertex286', 'Vertex326', 'Vertex366', 'Vertex406', 'Vertex154', 'Vertex285']
['Vertex127', 'Vertex167', 'Vertex247', 'Vertex287', 'Vertex327', 'Vertex367', 'Vertex407', 'Vertex60', 'Vertex300']
['Vertex88', 'Vertex208', 'Vertex248', 'Vertex288', 'Vertex328', 'Vertex368', 'Vertex408']
['Vertex129', 'Vertex169', 'Vertex209', 'Vertex249', 'Vertex289', 'Vertex329', 'Vertex369', 'Vertex409']
['Vertex50', 'Vertex90', 'Vertex130', 'Vertex170', 'Vertex210', 'Vertex250', 'Vertex290', 'Vertex330', 'Vertex370', 'Vertex410', 'Vertex46', 'Vertex51', 'Vertex401']
['Vertex91', 'Vertex131', 'Vertex171', 'Vertex211', 'Vertex251', 'Vertex291', 'Vertex331', 'Vertex371', 'Vertex411', 'Vertex116']
['Vertex132', 'Vertex172', 'Vertex212', 'Vertex252', 'Vertex292', 'Vertex332', 'Vertex372', 'Vertex412', 'Vertex96', 'Vertex115']
['Vertex53', 'Vertex93', 'Vertex133', 'Vertex213', 'Vertex253', 'Vertex293', 'Vertex333', 'Vertex413', 'Vertex73']
['Vertex94', 'Vertex134', 'Vertex174', 'Vertex214', 'Vertex254', 'Vertex294', 'Vertex334', 'Vertex374', 'Vertex414', 'Vertex373']
['Vertex135', 'Vertex175', 'Vertex215', 'Vertex255', 'Vertex295', 'Vertex335', 'Vertex375', 'Vertex415', 'Vertex57', 'Vertex87', 'Vertex228']
['Vertex56', 'Vertex136', 'Vertex176', 'Vertex216', 'Vertex256', 'Vertex296', 'Vertex336', 'Vertex376', 'Vertex416']
['Vertex97', 'Vertex137', 'Vertex177', 'Vertex257', 'Vertex297', 'Vertex337', 'Vertex377', 'Vertex417', 'Vertex66', 'Vertex76', 'Vertex110']
['Vertex98', 'Vertex138', 'Vertex178', 'Vertex218', 'Vertex298', 'Vertex338', 'Vertex378', 'Vertex418', 'Vertex47', 'Vertex123', 'Vertex139', 'Vertex153']
['Vertex59', 'Vertex99', 'Vertex179', 'Vertex219', 'Vertex259', 'Vertex299', 'Vertex339', 'Vertex379', 'Vertex419']
['Vertex140', 'Vertex180', 'Vertex220', 'Vertex260', 'Vertex340', 'Vertex380', 'Vertex420']
['Vertex61', 'Vertex101', 'Vertex141', 'Vertex181', 'Vertex221', 'Vertex261', 'Vertex301', 'Vertex341', 'Vertex381', 'Vertex421', 'Vertex43', 'Vertex48', 'Vertex58', 'Vertex77', 'Vertex79']
['Vertex62', 'Vertex102', 'Vertex142', 'Vertex182', 'Vertex222', 'Vertex262', 'Vertex302', 'Vertex342', 'Vertex382', 'Vertex422', 'Vertex40']
['Vertex63', 'Vertex103', 'Vertex143', 'Vertex183', 'Vertex223', 'Vertex263', 'Vertex303', 'Vertex343', 'Vertex383', 'Vertex423', 'Vertex89', 'Vertex186']
['Vertex104', 'Vertex144', 'Vertex184', 'Vertex224', 'Vertex264', 'Vertex304', 'Vertex344', 'Vertex384', 'Vertex424', 'Vertex52']
['Vertex105', 'Vertex145', 'Vertex185', 'Vertex225', 'Vertex265', 'Vertex305', 'Vertex345', 'Vertex385', 'Vertex425']
['Vertex106', 'Vertex146', 'Vertex226', 'Vertex266', 'Vertex306', 'Vertex346', 'Vertex386', 'Vertex426', 'Vertex42']
['Vertex107', 'Vertex147', 'Vertex187', 'Vertex227', 'Vertex267', 'Vertex307', 'Vertex347', 'Vertex387', 'Vertex427']
['Vertex108', 'Vertex148', 'Vertex188', 'Vertex268', 'Vertex308', 'Vertex348', 'Vertex388', 'Vertex428']
['Vertex69', 'Vertex109', 'Vertex189', 'Vertex229', 'Vertex269', 'Vertex309', 'Vertex349', 'Vertex389', 'Vertex429', 'Vertex41', 'Vertex71', 'Vertex74', 'Vertex173', 'Vertex258']
['Vertex70', 'Vertex150', 'Vertex190', 'Vertex230', 'Vertex270', 'Vertex310', 'Vertex350', 'Vertex390', 'Vertex430', 'Vertex92', 'Vertex128']
['Vertex151', 'Vertex191', 'Vertex231', 'Vertex271', 'Vertex311', 'Vertex351', 'Vertex391', 'Vertex431']
['Vertex72', 'Vertex112', 'Vertex152', 'Vertex192', 'Vertex232', 'Vertex272', 'Vertex312', 'Vertex352', 'Vertex392', 'Vertex432', 'Vertex54', 'Vertex204']
['Vertex113', 'Vertex193', 'Vertex233', 'Vertex273', 'Vertex313', 'Vertex353', 'Vertex393', 'Vertex433', 'Vertex55']
['Vertex114', 'Vertex194', 'Vertex234', 'Vertex274', 'Vertex314', 'Vertex354', 'Vertex394', 'Vertex434', 'Vertex45']
['Vertex75', 'Vertex155', 'Vertex195', 'Vertex275', 'Vertex315', 'Vertex355', 'Vertex395', 'Vertex435', 'Vertex111']
['Vertex156', 'Vertex196', 'Vertex236', 'Vertex276', 'Vertex316', 'Vertex396', 'Vertex436']
['Vertex117', 'Vertex157', 'Vertex197', 'Vertex237', 'Vertex277', 'Vertex317', 'Vertex357', 'Vertex397', 'Vertex437', 'Vertex44']
['Vertex78', 'Vertex118', 'Vertex158', 'Vertex198', 'Vertex238', 'Vertex278', 'Vertex318', 'Vertex358', 'Vertex398', 'Vertex438']
['Vertex119', 'Vertex159', 'Vertex199', 'Vertex239', 'Vertex279', 'Vertex319', 'Vertex359', 'Vertex399', 'Vertex439', 'Vertex217']
