['FMU', 'LZE', 'MSE', 'ZNQ', 'VCY', 'UOM', 'FTI', 'FWA', 'MLN', 'LJA', 'RYE', 'EBB', 'YDL', 'OFJ', 'RYT', 'GLR', 'GXJ', 'GBL', 'KSW', 'DTS', 'LZI', 'OON', 'RKH', 'AMV', 'NDJ']
['FOW', 'EUK', 'BBZ', 'ITN', 'DAT', 'VQR', 'OEN', 'HGD', 'JZV', 'GMF', 'OII', 'XJW', 'CUZ', 'YDT', 'GSB', 'FEV', 'CFJ', 'DRX', 'RBJ', 'YTR', 'OLD', 'XPW', 'YYU', 'KXZ', 'RNU']
['IYD', 'TQB', 'PYK', 'PAU', 'UTL', 'NLI', 'WGY', 'NUG', 'RYA', 'CDZ', 'QBJ', 'XDE', 'POR', 'XVQ', 'ESU', 'CXP', 'TFT', 'WER', 'AWX', 'EOF', 'TMR', 'FCJ', 'VTH', 'EBA', 'NDB']
['FPT', 'TFQ', 'SCS', 'RSG', 'SCK', 'WTX', 'ZKY', 'QVI', 'SYQ', 'PZA', 'JKL', 'FXI', 'EZU', 'TVY', 'KZQ', 'HQB', 'XKQ', 'PAS', 'MOH', 'CGQ', 'ALG', 'QAM', 'AGI', 'CIH', 'GUT']
['CHR', 'POJ', 'XRV', 'MSC', 'KNZ', 'YKF', 'IEK', 'JGS', 'UMO', 'PVS', 'ODG', 'FJH', 'SFJ', 'LTC', 'MUV', 'WWT', 'YSD', 'FWN', 'JJB', 'SRB', 'XCX', 'GEF', 'HIG', 'FDS', 'GUQ']
['VAC', 'LLX', 'YSP', 'WDF', 'ARM', 'JMO', 'UZY', 'QCJ', 'VYF', 'RNM', 'VFM', 'JHO', 'AQN', 'MUL', 'FWB', 'SUT', 'WZL', 'FOD', 'SDF', 'KVY', 'KAJ', 'ZCY', 'ECG', 'UIO', 'GUN']
['WCD', 'JXZ', 'EAA', 'PGE', 'HPH', 'IYH', 'FKU', 'SNW', 'NPS', 'CJB', 'AIM', 'YYC', 'AJB', 'XNY', 'QIK', 'NDI', 'QTR', 'YLS', 'FPR', 'OVZ', 'SUQ', 'FSW', 'PGO', 'DTU', 'AHE']
['WSD', 'LWH', 'KNO', 'GWT', 'RDG', 'ZBU', 'OCI', 'ZQN', 'EPR', 'RJS', 'QMI', 'PTX', 'KMP', 'VFV', 'UKF', 'QTQ', 'IFU', 'UEN', 'JXM', 'UGW', 'XFW', 'SFD', 'SGT', 'HYW', 'QLI']
['FTE', 'MVS', 'FHI', 'DJA', 'YKH', 'BEQ', 'JZA', 'UZU', 'DAW', 'JUQ', 'YUG', 'LGP', 'NJD', 'NLS', 'OHR', 'GGP', 'UKO', 'XOE', 'FQC', 'EQX', 'MJR', 'SCZ', 'WMY', 'MAC', 'KLZ']
['NXU', 'SMM', 'IPK', 'LMU', 'TMD', 'HJA', 'QJK', 'BCI', 'ZFU', 'HMT', 'AZD', 'HPV', 'ROL', 'TWL', 'WIF', 'LBW', 'TBT', 'IKW', 'QEP', 'HXF', 'CAO', 'SQS', 'IPG', 'RZW', 'IDJ']
['AYK', 'CDW', 'IIY', 'PON', 'ZBF', 'QDB', 'VMW', 'GPH', 'SNM', 'FTL', 'EDP', 'YWW', 'SGO', 'MIN', 'NXI', 'JME', 'VMJ', 'NTW', 'XVF', 'MMS', 'IAM', 'YKR', 'LHD', 'TQM', 'CHA']
['UHU', 'CEY', 'EKJ', 'WCB', 'TGH', 'DTW', 'PBP', 'ZGL', 'DOT', 'FCU', 'CRF', 'NWB', 'DHT', 'BRY', 'MIE', 'MZP', 'NNG', 'HHK', 'KLV', 'MUO', 'MNB', 'JZY', 'JDC', 'TSS', 'BTJ']
['UHE', 'PJW', 'PKK', 'IKB', 'DMH', 'XXQ', 'GPL', 'CCY', 'LUT', 'RXD', 'SAQ', 'NHA', 'QLH', 'WJS', 'HCD', 'ARV', 'DNE', 'VWR', 'DXK', 'KVD', 'XQI', 'CNU', 'IPV', 'KJN', 'MED']
['NGH', 'YSM', 'WJI', 'ULP', 'PIL', 'TDJ', 'HZF', 'SFK', 'FUR', 'ALL', 'LHQ', 'ALI', 'YYJ', 'CGD', 'QNG', 'DCZ', 'WED', 'TUK', 'YNR', 'VRD', 'IUY', 'HNC', 'NGI', 'WWL', 'IDO']
['DFW', 'AYJ', 'KUO', 'SQR', 'BDX', 'FJL', 'GUR', 'VZX', 'XEO', 'SNS', 'EDD', 'XWK', 'PCL', 'KLS', 'MLH', 'ASO', 'JWQ', 'DYU', 'ZJU', 'PMO', 'IUE', 'ZFK', 'YOA', 'MBZ', 'BIN']
['YYG', 'RSJ', 'RKO', 'HGF', 'TVZ', 'IPY', 'CFP', 'YTQ', 'JSL', 'WLU', 'FXX', 'YER', 'KDV', 'VWX', 'ACJ', 'JII', 'JMT', 'UFK', 'IKN', 'SUP', 'BJR', 'GUE', 'YVQ', 'QZB', 'ZRO']
['KEQ', 'XIY', 'ELO', 'MJV', 'BCW', 'EWG', 'IQJ', 'MCI', 'VXB', 'JVR', 'SDH', 'ABC', 'WUI', 'QTJ', 'UDD', 'YAR', 'PME', 'GYM', 'ELJ', 'QIB', 'TBN', 'EBY', 'PAX', 'BFH', 'CYA']
['KMD', 'BLK', 'INO', 'THJ', 'YEN', 'WKY', 'SRP', 'ACP', 'SCX', 'HUN', 'PDU', 'DWU', 'XEN', 'BZI', 'QFE', 'NSI', 'LOQ', 'IFO', 'TKB', 'MVB', 'TGW', 'HXZ', 'RUR', 'QYA', 'WYK']
['MYN', 'NFI', 'SFB', 'WHJ', 'PVQ', 'BHL', 'KLM', 'LWA', 'DZR', 'TFN', 'RIX', 'POC', 'ZFO', 'RIA', 'YPX', 'OZT', 'HBC', 'ZPA', 'UCH', 'EEA', 'APD', 'CZB', 'MWQ', 'IIT', 'JOQ']
['HTW', 'NQL', 'DMP', 'LZP', 'NOP', 'OXU', 'YKQ', 'QRE', 'LXJ', 'YHX', 'GFL', 'ZCF', 'UNW', 'DMN', 'AUL', 'JTZ', 'GGA', 'QQN', 'TLC', 'ZIT', 'XHQ', 'ONX', 'GGM', 'RUP', 'FXH']
