['1gc', 'dNX', 'dLc', 'W2Z', 'mcI', 'iTo', 'zfD', 'UmG', 'b7z', 'AcJ']
['0gI', 'x86', '28R', 'HvR', '6pB', 'MNb', 'hdp', 'uii', 'bA6', 'oSw', 'ISX', '69w']
['hHB', 'U0P', 'E2A', 'mIe', 'mLL', 'YFC', 'YBr', 's6M', 'Twl', 'stN', 'Hyj', '0oy']
['Zc5', '3QX', 'NXP', 'Qyh', 'jWX', 'emD', '4fp', '9F9', '5i6', 'JVP', 'i4H', 'BDE']
['1aX', 'nf5', 'H9O', 'AKr', 'Swe', 'x8V', 'tpP', 'gWT', 'uQL', 'SmS']
['DoC', 'YMC', 'tFU', 'sKX', 'mGb', 'btz', 'EJD', 'Bfu', 'tm4', 'VAV', 'W4L']
['oSh', 'mUL', 'tKI', 's3z', '5U2', 'nkl', 'gTC', 'uGP', 'xxJ', 'SFn', '4LY']
['QEF', 'vyM', 'JYa', 'zEh', 'G2k', 'g08', 'fFJ', 'oZQ', 'pTi', 'FbA', 'wGp', 'MQT']
['ptf', 'P8b', 'BPL', 'PoH', 'ZxX', 'ZNv', 'kiK', 'jGk', 'AHs', 'rz4', '6na', 'qDy']
['kYz', 'f9z', 'rgC', 'SiL', '8j5', 'QhQ', 'D40', 'xx7', 'FzE']
['sfk', 'YUZ', 'oak', 'Xim', 'USE', 'cDc', '5jv', 'e6S', 'HWv']
['PPi', 'VoJ', '1QY', 'hQH', 'JyM', 'uZt', 'xz4', 'iS6', 'bDO', '6sH', 'nRH']
['xRH', 'UPL', 'vJC', 'Jgp', 'Fmb', 'zgJ', '6ro', 'AJT', 'Wmv', 'UDc', 'kT2', 'bAf']
['qPq', 'QDa', 'nc0', 'U4K', 'tK7', 'NyP', 'LTB', 'eGG', 'lKO', '9ug', 'YNK']
['IJ1', 'xqY', 'ux2', '8uu', 'KRy', '2UA', 'a55', 'PlJ', '4gy', 'BV4', '70K']
['tEu', '4nb', '4p5', 'rYU', 'ttO', 'wwD', 'euj', 'm5j', 'N08', 'dlb', 'CwC']
['8VG', 'wgA', 'gEp', 'KGR', '3kn', 'hYw', '8nm', 'JLF', '1RB', 'H68', 'Y2z', 'fQ3']
['blA', 'cmd', 'Ot9', 'iGU', '5qS', 'LiP', 'I2i', 'GRw', 'B99', 'ZY3', 'ziA']
['NGB', 'qLD', '27J', 'Epk', 'yLV', 'Eou', 'yAp', 'L1u', 'gE4', '96X']
['Ihb', 'klv', 'kte', 'Ns3', 'JWV', 'XMr', 'X5J', 'vca', 'Qti', 'qmj', 'mRG']
['XHa', 'wqW', 'xLA', 'h6l', 'lsG', 'W8n', 's1n', 'u9Q', 'IU6', 'i9C', 'z1H', 'a4K']
['aTI', 'Z7b', 'aZv', '2mv', '6Hl', '0ID', 'ULj', 'qkE', 'MrD', 'VVW', '81k', 'EoI']
['5Li', 'Qa3', 'PqY', 'YEe', 'Afe', 'X5a', 'mFO', 'jFu', 'fFE', 'b9f', '6Ip']
['dSZ', 'nqI', 'uVg', 'cFa', 'SMj', 'hiF', 'NiX', '4KN', 'rmu', '5n5']
['txp', 'b99', '1xS', 'D5B', 'n99', 'KS2', 'Tn8', 'CYA', '8uz', 'VZ7', '9NA']
['17Q', 'dvU', 'Qtt', 'h3r', 'hct', 'mLF', 'TUB', 'WLk', 'iW8', 'gfv', 'e8d']
['xpw', 'PiG', 'c3v', 'F9o', 'O2z', 'ZQL', 'CU9', 'rMd', 'WB2', 'OCL', 'HkK', 'etm']
['gkI', 'uH4', 'iiE', 'WXJ', 'jEj', 'PJa', 'ZVF', 'rGT', '0RD', 'rC8', 'nQv']
['VPb', 'AK4', 'upV', 'KZy', 'kZ0', 'gVV', 'Hi0', 'PQT', 'Fws', 'czy']
['pf5', 'oUs', 'tfQ', 'iFt', 'SV9', '00m', '2vJ', 'JfN', 'v6U']
['U0Z', 'ZFU', 'FEQ', 'nQj', 'FkC', '19T', 'J8r', 'Pas', '5zB']
['u1N', 'slQ', 'rXN', 'psG', 'Ke0', 'Ql9', '1uW', 'bLd', 'd60', 'cEk']
['GUX', 'Hxo', 'X9s', 'Kn8', 'Mvm', 'Gu6', 'ewc', 'j3s', 'gEU', 'fKV']
['GpL', 'Jla', 'iba', 'WLo', 'EJa', 'XlR', 'IZQ', '0Qs', 'e8H']
['zfK', 'NqO', 'VCH', 'zTH', 'Itn', '4Nd', 'JcP', 'aLB', 'oPH', 'I2S', 'Hbr']
