['Brandi', 'Christyna', 'Annabela', 'Ashlie', 'Annadiane', 'Bridgette', 'Cariotta', 'Ardene', 'Anne', 'Cody']
['Aubine', 'Charlot', 'David', 'Beatrice', 'Benita', 'Bobby', 'Adelice', 'Carole', 'Annora', 'Augusta']
['Cesya', 'Angie', 'Chiquia', 'Christye', 'Athena', 'Abby', 'Abra', 'Amy', 'Caron']
['Carmel', 'Cele', 'Aeriel', 'Ara', 'Bobbye', 'Agnola', 'Catherine', 'Ambur', 'Ashli', 'Aile']
['Caro', 'Berri', 'Berni', 'Anastassia', 'Adorne', 'Babs', 'Adoree', 'Catlaina', 'Carmelita']
['Catharine', 'Betty', 'Alejandra', 'Alice', 'Aliza', 'Bertine', 'Auroora', 'Blanche', 'Brigid']
['Cherise', 'Alikee', 'Anthiathia', 'Angil', 'Brandie', 'Carlee', 'Bobbie', 'Austina', 'Beverie', 'Caryn']
['Bellanca', 'Celestine', 'Billie', 'Berty', 'Bethany', 'Arlie', 'Andree', 'Annelise']
['Camella', 'Charleen', 'Cherye', 'Caren', 'Cassondra', 'Audy', 'Anet', 'Carri', 'Bobette', 'Cammy']
['Caril', 'Candra', 'Alys', 'Bernardina', 'Asia', 'Belva', 'Bunny', 'Adelheid', 'Angela', 'Charmion']
['Christan', 'Christal', 'Anallese', 'Bernadine', 'Chelsey', 'Berta', 'Athene', 'Antoinette', 'Alysa', 'Brier']
['Celie', 'Charin', 'Amabel', 'Christel', 'Calli', 'Blancha', 'Belita', 'Arlina', 'Addi', 'Anabal']
['Bernardine', 'Blythe', 'Brittaney', 'Binni', 'Babette', 'Bryna', 'Bamby', 'Barbra', 'Angel', 'Chiarra']
['Analiese', 'Alayne', 'Cal', 'Barbey', 'Berna', 'Carolyn', 'Ada', 'Ariela', 'Aili', 'Andi']
['Annabelle', 'Aaren', 'Cathrine', 'Aurore', 'Catriona', 'Bernete', 'Caroljean', 'Bunni', 'Casie', 'Charyl']
['Bobinette', 'Allix', 'Babbie', 'Aimil', 'Bren', 'Alvira', 'Catlee', 'Penny', 'Almeda', 'Babara']
['Babbette', 'Alissa', 'Ashlen', 'Andrea', 'Bride', 'Amanda', 'Amargo', 'Billy', 'Bibbie', 'Brandea']
['Carlye', 'Celestyn', 'Alexandrina', 'Angelina', 'Carena', 'April', 'Cacilia', 'Ali', 'Benetta']
['Ardella', 'Allegra', 'Aurelea', 'Alix', 'Babita', 'Allissa', 'Calida', 'Avis', 'Bobbee', 'Alexi']
['Ailene', 'Carina', 'Anabelle', 'Alisun', 'Bert', 'Bliss', 'Bill', 'Cammi', 'Blinnie']
['Bettine', 'Alverta', 'Calla', 'Brandy', 'Betteann', 'Ardra', 'Casandra', 'Barbaraanne', 'Cami', 'Alexia']
['Alyda', 'Betti', 'Annabel', 'Alanah', 'Catie', 'Annamaria', 'Anatola', 'Alie', 'Anica']
['Camel', 'Carmine', 'Aubrette', 'Christabella', 'Anastasia', 'Bessy', 'Chanda', 'Arlene', 'Cheslie', 'Arliene']
['Charity', 'Agace', 'Callida', 'Cherrita', 'Carolina', 'Carlyn', 'Ardeen', 'Aveline']
['Candis', 'Barbabra', 'Cherilyn', 'Andriana', 'Carlynn', 'Agatha', 'Anni', 'Anjela', 'Cassy', 'Billi']
['Brigida', 'Caryl', 'Caralie', 'Astrix', 'Alicea', 'Bess', 'Carrissa', 'Chelsy', 'Brandise', 'Bonnee']
