['D65E29', '3D046E', 'FB3B86', '26DA83', 'C96CD6', 'B8B01F', '6DCBC8', '15AA36', 'CC9A13', 'E0044F', '5D4F2F', '068D28', 'CC4384', '46371B', '5C91EE', '593AF4', 'A03FB7', '6E3DED', 'D78532', '3E6399']
['B49939', '41AFC9', '78E144', '929578', '0264AF', 'B2CB4D', '4AE7C7', '4BBAFA', '0C4437', 'E277CB', '82BD08', '2B8E0B', '2BEC39', 'B6FA16', '89A551', '478A7C', 'E191B0', '73F93C', '31B801', 'A4EAD9']
['9B09E5', '052CC7', 'FF3177', '6246E1', '93D432', '160ED4', '189812', '24A4D1', '66F8EA', 'F4C13E', 'E9F19A', '0A3E48', '7D4045', '74ADA7', '503A55', 'B13536', '5B4152', 'D79D49', '0FE5DD', '940AC5']
['45CE10', '1D4417', 'F9011B', 'D8A834', '2D4D61', '7F8E1D', 'EB7E6A', '035E05', '56B4C2', 'F1DB81', '92C42A', '04279E', '75C017', '608F21', 'D83AF7', '1F4650', '29D22B', '2F46CD', 'EC2626', 'DFE9C6']
['83ACF7', '20C0D0', '8ECA84', 'E3583F', '2B8F4B', '463E2C', 'D883C0', '38EA17', '42EE34', '3CB50A', '7B325B', '40C7FF', '51197D', '3F75A9', 'E81232', '28CCA5', '8AC55C', 'C4882F', 'CC66B0', '8EC8D8']
['38515C', '0C3AFF', '2DE42A', '43FE78', 'EB9D60', '739ABF', '5ADC6D', '3D4600', '1C3933', '14A3E7', '29267F', 'EFBA0C', '18AEFC', 'E46F9E', '81A0D3', 'BE3703', '8806E7', '09CFE9', 'F28C7F', '8E8C76']
['BA7ED0', '60B803', 'C748A2', '6C5208', '9BAC71', '78DB65', '0FC6EE', '1B06C5', '76131B', '3235BA', '3FAE1E', '4EBF50', '2E4B9D', 'FD33F7', '77042F', 'F32B0B', '5D5C76', 'EC35B5', 'B4BD91', '118FE2']
['82B105', '4DBE20', 'E4F6EF', '2215AE', '026256', 'B2C27D', '4BD8B1', '833C34', 'D2BDB6', 'F448AE', '0D6A28', '88FFF8', '58ED2B', '1DD8D0', '97D861', 'DE6241', '4430C2', '87EE7F', 'CB5EDA', '66C38E']
['9330C0', '88E0AE', '77B9A5', '2EDC82', '7334F9', '18D668', 'F2B7FD', 'FBB00D', '90E78E', 'EED7BB', '6C1A62', '380FF7', '882258', '47063A', '747199', 'E2701A', 'B166D1', '5248A9', 'E4C3BA', '6E7E64']
['316244', '5C5B8D', '696B37', '5A3E90', '2D56C1', '7FE1F2', '244528', '09944C', '846154', '1350AD', 'FCB503', '7FADE3', '8FF839', '823C51', 'C5416A', '400D20', 'FBF275', '414B77', 'DF5F9C', '2D2248']
['B32674', '3963FC', '98B1CA', 'B2C529', '113E1F', 'D363AB', '8254EB', '468F31', 'FD1DAC', '187923', 'B78EF9', '593840', '0AFD91', 'E15D93', 'F4EDF8', 'D6F426', 'CD374A', '35DA72', 'A4F4BB', 'EDB261']
['0231A4', '923B8C', 'FFD642', '099A40', 'DCB902', '3D830C', 'AF83FA', '1986A0', '565E46', '601CA7', '75002A', 'DDA295', '4C0FCD', 'FE7E47', '8883AC', '00C269', '3EF396', '2E6B38', '255208', '415552']
['C2A74D', '09FFA6', '398310', 'E1B665', '1D39ED', 'CD5322', '9DF876', '364B78', '292CB3', '9923B4', 'B00B7F', '7C8A3D', '539972', '6AFCAC', 'F1B367', '8DF985', '25B295', '1D0C35', '0E6FA7', '0E78AA']
['1D9893', '05F2DC', '8963E1', 'BCD2F5', 'F545E1', '2B3DD7', '4BC7D0', '57FCD8', '177A03', '31C6A3', 'C1CAB9', '29BFBC', '9C4F00', '5E2607', 'D0E5BE', '1A770B', '369765', '029563', '943005', '037831']
['7647CD', 'C07CCC', 'F8B91A', '0CFFC9', 'F85131', 'A911EF', 'A5F27A', '848C87', 'D50881', '219F75', 'E8C5B8', '718436', 'F9EB1F', '552199', '55B952', '865328', 'C34593', '82F466', '9FCB42', 'CC08F5']
['22394B', '10BBE1', 'BB986B', 'DBF47C', '1FBE40', '7848BA', 'E492E0', '861E09', '2F584A', 'EF37A6', '0AC7A0', '1E571E', 'C19610', 'B0F05D', '672145', 'EB90EE', 'AB96B9', '80F9BC', '1CAAAC', 'DB6CBF']
['5C016B', 'A0DDCD', 'E7EFA5', '30C157', 'D9180C', '54C37C', '9D8AD8', 'B6ACFC', '77EB41', 'D2EB79', '4AC817', 'CED5FC', '5A681E', '52BFE5', '6C3CD5', 'C69699', '5F88E7', 'EE9200', '0B99EF', 'A1D29E']
['33ABEE', '3228BB', '99392B', '00CD58', '6833E8', '1600AD', '01E026', '83752D', '72D023', '9C0B9D', 'F3EDD7', 'E8A38A', 'C9EF6D', '3A0D10', '34ACF3', 'D324E7', '5C4F81', '4E8355', '935873', 'AAAF0B']
['5ABFA9', '5332A9', 'F37211', '71AC6D', '511040', '9C5DCF', 'BC38A8', 'B4257C', '420711', 'B38307', '5E4F6B', 'FAB638', '4FCF52', 'E77DD8', 'F7F9CB', 'D78522', '36FCBF', '9CE56C', '8D43AD', '1D216B']
['62BC31', '26B294', '9D6554', 'BE5B1D', 'BB9072', '5C0D69', '49EEB4', 'D98FB6', 'C0A19A', '5AF312', '4D74EB', 'D2F8E5', '4C1D36', 'C54164', 'AD6105', '9ABAFB', '7B306C', '6D4C8F', 'CA893B', '1E0B30']
['73271F', 'F61AD7', 'A34095', '99E133', 'BA6187', '7AADBC', '43F505', 'C60FE7', '3E7F60', '8F75EC', '52FB79', 'FC75E7', '628552', '1D528C', '39CAB7', '0525B9', '8BEC15', '920715', '81DA52', '66547C']
['F13455', '05473A', 'DF44F5', 'DDB7C8', '992AEE', '326662', 'C8F1A7', '1656DC', '95F017', '1743CD', 'D049CD', '26C6B9', '5BEDDF', '7CC3A7', '03B42D', '5A5DE8', '66B93A', '770A4C', 'FCD63D', '85CFC7']
['A89402', '89372A', '1330B3', '6BF4D3', '49EB71', '1866E0', 'D31361', '605983', '81E0FA', 'AC34B5', 'CBE0EA', 'D0E36A', 'FECCAB', 'E33128', 'E1A380', 'C0EA59', '2819EE', '917501', 'EEF23E', '31B17E']
['273165', 'D6DD9E', '5BC875', '1F6554', 'B56D74', '7C730C', '206150', '26DB4C', 'F33ACF', 'C3678B', '6EEE66', '94AED5', 'B85F11', 'ABE83F', '81A856', 'E93252', '98497D', 'B0C2D3', '71AE93', '34E9FE']
['A4FCD1', 'E479C8', '94C20E', 'EB3718', 'B2A692', 'DBDDB5', '2C02B7', '3B6837', 'D8849E', 'D8492F', '9C4CA5', '69FD70', '19EFAF', '6D4DDC', '30EA83', '5451FF', '893D61', '2961DB', '4A32EA', 'CE0D10']
