['Amber', 'Leah', 'Hope', 'Amaya', 'Guadalupe', 'Lisa', 'Helen', 'Litzy', 'Felicity', 'Jayden']
['Mary', 'Katie', 'Brittney', 'Kylee', 'Genesis', 'Hallie', 'Tiana', 'Tatyana', 'Tyra', 'Alanna']
['Danielle', 'Gabriella', 'Lydia', 'Maggie', 'Yesenia', 'Anne', 'Cassie', 'Melody', 'Taryn', 'Malia']
['Gabrielle', 'Cheyenne', 'Hayley', 'Makenzie', 'Julianna', 'Rose', 'Kayleigh', 'Jessie', 'Kaylin', 'Angie']
['Jordan', 'Cassandra', 'Evelyn', 'Claudia', 'Skyler', 'Liliana', 'Marina', 'Brandy', 'Ellen', 'Carlie']
['Brooke', 'Tiffany', 'Bethany', 'Cameron', 'Alexus', 'Kristin', 'Heidi', 'Alisha', 'Kiley', 'Nora']
['Michelle', 'Erica', 'Shannon', 'Kyra', 'Tatiana', 'Marisa', 'Ivy', 'Hunter', 'Jaclyn', 'Kailee']
['Sierra', 'Lindsey', 'Michaela', 'Karla', 'Alana', 'Imani', 'Ashton', 'Noelle', 'Rhiannon', 'Carrie']
['Katelyn', 'Kylie', 'Karen', 'Kathleen', 'Elise', 'Kailey', 'Clara', 'Carla', 'Madisyn', 'Elaina']
['Andrea', 'Diana', 'Jamie', 'Abby', 'Kirsten', 'Deanna', 'Meagan', 'Francesca', 'Colleen', 'Sylvia']
['Madeline', 'Amy', 'Daniela', 'Delaney', 'Nadia', 'Annie', 'Gina', 'Tia', 'Joy', 'Sonia']
['Sara', 'Cassidy', 'Angelina', 'Amelia', 'Sandra', 'Nia', 'Linda', 'Layla', 'Pamela', 'Genevieve']
['Kimberly', 'Mikayla', 'Kaitlin', 'Casey', 'Dominique', 'Carolyn', 'Gloria', 'Krista', 'Tania', 'Kenya']
['Courtney', 'Ariana', 'Karina', 'Serena', 'Haylee', 'Anastasia', 'Jacquelyn', 'Zoey', 'Charity', 'Piper']
['Erin', 'Margaret', 'Sophie', 'Savanna', 'Ruby', 'Brenna', 'Ellie', 'Carley', 'Fiona', 'Marilyn']
['Brittany', 'Kelly', 'Sofia', 'Aaliyah', 'Jayla', 'Dana', 'Jenny', 'Janet', 'Alyson', 'Amari']
['Vanessa', 'Miranda', 'Diamond', 'Giselle', 'Tori', 'Shayla', 'Renee', 'Carissa', 'Kaila', 'Macey']
['Jacqueline', 'Maya', 'Payton', 'Mallory', 'Cindy', 'Kassidy', 'Daniella', 'Iris', 'Annabelle', 'Marlene']
['Jenna', 'Melanie', 'Cynthia', 'April', 'Sidney', 'Ashlee', 'Lizbeth', 'Kaleigh', 'Emely', 'Tayler']
['Caroline', 'Audrey', 'Alexia', 'Adrianna', 'Ella', 'Alaina', 'Anahi', 'Tyler', 'Alina', 'Barbara']
['Faith', 'Jade', 'Valerie', 'Raven', 'Tessa', 'Rosa', 'Virginia', 'Theresa', 'Angelique', 'Julianne']
['Makayla', 'Gabriela', 'Monica', 'Christine', 'Carolina', 'Wendy', 'Gisselle', 'Tamara', 'Regan', 'Brooklynn']
['Bailey', 'Caitlyn', 'Peyton', 'Kristina', 'Jaqueline', 'Logan', 'Kaitlynn', 'Yasmine', 'Irene', 'Lorena']
['Paige', 'Angel', 'Carly', 'Asia', 'Camille', 'Tabitha', 'Julissa', 'Tatum', 'Johanna', 'Perla']
['Shelby', 'Jillian', 'Bianca', 'Nina', 'Whitney', 'Paola', 'Cheyanne', 'Susan', 'Janae', 'Elisa']
['Melissa', 'Alicia', 'Hanna', 'Natalia', 'Carmen', 'Callie', 'Lacey', 'Sharon', 'Janelle', 'Kaley']
['Kaylee', 'Jocelyn', 'Brenda', 'Valeria', 'Vivian', 'Addison', 'Haleigh', 'Alice', 'Madyson', 'Leilani']
['Christina', 'Erika', 'Rebekah', 'Aubrey', 'Bridget', 'Lucy', 'Marie', 'Yasmin', 'Justine', 'Eden']
['Trinity', 'Lily', 'Alejandra', 'Lauryn', 'Priscilla', 'Gillian', 'Eleanor', 'Tamia', 'Paris', 'Miracle']
['Caitlin', 'Heather', 'Mya', 'Kate', 'Celeste', 'Clarissa', 'Martha', 'Abbey', 'Chelsey', 'Devin']
['Mariah', 'Madelyn', 'Avery', 'Jazmin', 'Kiana', 'Destinee', 'Kierra', 'Alayna', 'Sasha', 'Aileen']
['Autumn', 'Adriana', 'Brooklyn', 'Patricia', 'Makenna', 'Josie', 'Tiara', 'Kali', 'Paulina', 'Chyna']
['Marissa', 'Arianna', 'Ashlyn', 'Rachael', 'Alissa', 'Denise', 'Talia', 'Bailee', 'Mayra', 'Athena']
['Angela', 'Lillian', 'Lindsay', 'Katelynn', 'Madeleine', 'Katlyn', 'Kaylie', 'Lesley', 'Zaria', 'Esperanza']
['Breanna', 'Kiara', 'Ava', 'Cierra', 'Natasha', 'Esther', 'Mikaela', 'Lilly', 'Skye', 'Regina']
['Catherine', 'Riley', 'Desiree', 'Alison', 'Miriam', 'Mariana', 'Eliza', 'Mckayla', 'Brisa', 'Adrienne']
['Zoe', 'Crystal', 'Alondra', 'Macy', 'Ciara', 'Bryanna', 'Harley', 'Ayanna', 'Cora', 'Shyanne']
['Briana', 'Mckenzie', 'Camryn', 'Nancy', 'Cecilia', 'Emilee', 'Jaden', 'Serenity', 'Emilie', 'Luz']
['Jada', 'Meghan', 'Ariel', 'Elena', 'Kassandra', 'Georgia', 'Madalyn', 'Karissa', 'Felicia', 'Tierra']
['Laura', 'Skylar', 'Naomi', 'Kyla', 'Mercedes', 'Deja', 'Hailee', 'Jane', 'Larissa', 'Cristal']
['Claire', 'Ana', 'Jordyn', 'Katrina', 'Reagan', 'Kamryn', 'Kasey', 'Maddison', 'Tianna', 'Clare']
['Alexa', 'Britney', 'Kendra', 'Jazmine', 'Aliyah', 'Ashleigh', 'Ashlynn', 'Precious', 'Macie', 'Eliana']
['Kelsey', 'Angelica', 'Mckenna', 'Joanna', 'Josephine', 'Cristina', 'Brandi', 'Jayda', 'Aurora', 'Kelli']
['Kathryn', 'Kennedy', 'Holly', 'Tara', 'Charlotte', 'Baylee', 'Lesly', 'Kelsie', 'Sage', 'Eve']
['Leslie', 'Chelsea', 'Julie', 'Gianna', 'Rylee', 'Heaven', 'Elisabeth', 'Lexi', 'Lucia', 'Sydnee']
['Alexandria', 'Daisy', 'Kendall', 'Juliana', 'Shania', 'Raquel', 'Allie', 'Phoebe', 'Alma', 'Madelynn']
['Sabrina', 'Kristen', 'Kara', 'Fatima', 'Kira', 'Monique', 'Viviana', 'Halle', 'Chasity', 'Breana']
['Mia', 'Veronica', 'Jasmin', 'Allyson', 'Meredith', 'Teresa', 'Cara', 'Kiersten', 'Ann', 'Melina']
['Isabel', 'Isabelle', 'Selena', 'Gracie', 'Eva', 'Ruth', 'Marisol', 'Kiera', 'Nichole', 'Arielle']
['Molly', 'Summer', 'Esmeralda', 'Sadie', 'Dakota', 'Krystal', 'India', 'Annika', 'Deborah', 'Toni']
