['6', '205', '42', '101', '78', '235', '47', '213', '82', '167']
['76', '178', '224', '193', '58', '20']
['166', '245', '98', '139', '59', '57', '75', '3', '35', '99']
['12', '60', '147', '64', '5', '85', '247', '241']
['40', '233', '150', '214', '91', '223', '137', '54', '56', '24']
['212', '156', '41', '1', '81', '87', '107', '121', '232', '204']
['154', '238', '144', '158', '140', '8', '96', '157', '194', '215']
['88', '71', '168', '30', '124', '119', '17']
['148', '80', '110', '112', '134', '160', '105', '196', '206', '32']
['248', '200', '242', '129', '69', '201', '138', '0', '26', '174']
['52', '43', '239', '203', '177', '221', '237', '49', '176']
['21', '189', '53', '155', '162', '14']
['7', '216', '170', '93', '11', '66', '118', '243']
['100', '180', '187', '74', '169', '136']
['61', '44', '164', '149', '145', '220', '89', '175', '48']
['18', '141', '217', '65', '195', '79']
['115', '67', '226', '227', '94', '55', '219', '152', '210']
['9', '184', '146', '229', '46', '73', '165', '38']
['95', '234', '33', '131', '202', '116', '197', '208']
['117', '45', '126', '104', '181', '222', '34', '70', '68']
['240', '127', '209', '228', '39', '132', '173', '109', '161']
['77', '142', '130', '236', '244', '62', '15', '122', '84', '83']
['191', '22', '179', '143', '183', '25', '190', '211']
['230', '172', '182', '90', '63', '86', '106']
['171', '103', '102', '231', '13', '27', '249', '153']
['23', '72', '36', '92', '10', '125', '31']
['198', '4', '192', '50', '16', '225', '108', '151']
['159', '120', '163', '29', '199', '128', '111']
['186', '51', '188', '218', '2', '28', '123', '207']
['135', '113', '246', '37', '19', '114', '133', '97', '185']
