['0', '310', '270', '353', '101', '479', '466', '135', '366', '52', '75', '104', '113', '118', '360', '437', '450', '431']
['328', '272', '358', '109', '497', '41', '153', '396', '72', '257']
['273', '372', '110', '47', '161', '467']
['338', '275', '373', '123', '44', '76', '254', '167', '252']
['341', '277', '379', '46', '82', '365', '452', '45']
['308', '411', '151', '63', '98', '415', '38', '266', '132', '264']
['359', '427', '158', '78', '190', '425', '51', '386']
['31', '329', '428', '180', '85', '211', '472', '127', '298', '2']
['37', '362', '343', '465', '188', '88', '229', '493', '268', '289', '129', '295']
['361', '475', '195', '103', '234', '28']
['369', '363', '476', '199', '163', '236', '54', '108', '421', '471']
['382', '370', '495', '207', '198', '241', '152', '185', '461']
['384', '378', '208', '221', '248', '205', '235']
['67', '387', '391', '15', '224', '253', '214', '255']
['406', '392', '24', '227', '297', '262', '302', '394', '23']
['407', '393', '26', '243', '337', '304', '481', '463', '16', '8']
['408', '398', '62', '263', '340', '17', '142', '164']
['81', '403', '65', '267', '377', '115', '144', '349', '284']
['86', '432', '413', '80', '283', '381', '134', '204', '458', '49', '117', '364']
['94', '433', '418', '84', '305', '173', '218', '201', '9']
['419', '107', '309', '402', '206', '29', '159', '69', '213', '1']
['442', '422', '119', '324', '420', '220', '33', '291']
['445', '430', '121', '325', '435', '390', '79', '299', '60', '477']
['459', '436', '124', '331', '439', '401', '99', '114']
['449', '136', '347', '446', '410', '105', '100', '61']
['453', '150', '355', '457', '10', '238']
['120', '487', '469', '171', '357', '462', '32', '326', '271']
['146', '498', '470', '179', '371', '468', '36', '279', '111', '240', '345', '50']
['478', '197', '374', '388', '55', '4']
['160', '18', '484', '200', '375', '482', '66', '412', '174', '13', '90']
['30', '499', '226', '389', '485', '429', '367', '217']
['169', '35', '245', '443', '489', '91', '186', '233', '350', '451']
['170', '56', '246', '447', '490', '102', '19', '356']
['183', '58', '269', '455', '20', '172', '71', '287', '133']
['187', '64', '70', '276', '483', '40', '178', '260']
['73', '93', '318', '486', '59', '181', '281', '322', '112', '327']
['194', '77', '106', '323', '488', '96', '400', '300', '222', '335', '182', '3']
['203', '83', '333', '491', '131', '444', '317', '192']
['216', '92', '147', '344', '138', '116', '380', '7']
['122', '148', '346', '27', '189', '417']
['126', '156', '351', '34', '223', '139', '494', '339']
['237', '128', '157', '368', '43', '225', '143', '282']
['130', '175', '376', '125', '228', '319', '286', '11']
['244', '137', '184', '395', '176', '239', '332', '399']
['249', '141', '202', '404', '230', '242', '383', '21', '154']
['155', '209', '405', '296', '251', '12', '313', '48']
['162', '219', '416', '315', '285', '25', '424']
['259', '165', '231', '440', '316', '292', '140', '68']
['261', '166', '460', '320', '306', '212', '454', '448', '5']
['265', '177', '256', '480', '397', '311', '247', '74']
['191', '278', '492', '409', '314', '303', '258']
['274', '193', '290', '22', '414', '342', '312', '330', '6']
['280', '196', '294', '39', '423', '354', '441', '438', '464']
['210', '321', '42', '385', '97']
['288', '334', '53', '426', '168', '89']
['215', '336', '57', '348', '145']
['293', '232', '87', '473', '434', '496', '149']
['301', '250', '352', '95', '474', '456', '14', '307']
