['239', '191', '282', '268', '254', '135', '21', '184', '227', '216', '130', '89', '225', '224', '226', '240', '234', '232', '231']
['88', '151', '384', '211', '173', '349', '379', '64', '377', '333', '371', '217', '369', '366', '368', '380', '376', '372', '365', '378']
['82', '166', '160', '81', '236', '253', '373', '46', '293', '55', '168', '104', '244', '196', '97', '241', '172', '42', '50', '52']
['341', '347', '276', '84', '218', '340', '79', '47', '169', '181', '308', '32', '329', '51', '322', '165', '352', '162', '343', '344']
['95', '94', '208', '91', '93', '248', '392', '140', '132', '101', '134', '107', '238', '54', '92', '126', '99', '96', '86', '87']
['272', '221', '153', '264', '179', '321', '242', '291', '161', '100', '80', '154', '259', '317', '147', '250', '159', '141', '157']
['176', '255', '314', '301', '247', '302', '49', '69', '174', '144', '136', '330', '40', '309', '310', '303', '304', '45', '306', '311']
['1', '117', '72', '252', '188', '383', '7', '70', '305', '287', '114', '102', '77', '36', '351', '354', '116', '63', '106', '110']
['108', '246', '327', '65', '56', '190', '76', '115', '201', '251', '26', '29', '37', '278', '71', '31', '22', '30', '61', '24']
['220', '342', '353', '39', '300', '323', '296', '35', '44', '263', '281', '3', '283', '290', '299', '285', '294', '289', '279', '284']
['230', '6', '266', '171', '105', '164', '274', '400', '360', '103', '237', '38', '229', '273', '177', '269', '280', '175', '275', '267']
['9', '271', '8', '200', '17', '394', '295', '73', '332', '307', '158', '192', '14', '18', '15', '13', '19', '12', '11', '10']
['265', '178', '261', '288', '118', '148', '262', '325', '98', '357', '346', '152', '258', '260', '257', '256']
['350', '358', '59', '57', '298', '319', '202', '313', '396', '163', '129', '335', '362', '331', '16', '363', '359', '326', '334', '324']
['388', '312', '146', '399', '53', '337', '23', '58', '382', '111', '292', '33', '391', '386', '385', '389', '390', '387', '393', '397']
['155', '68', '90', '180', '145', '186', '398', '381', '34', '128', '167', '286', '228']
['189', '214', '212', '209', '203', '195', '213', '320', '66', '137', '27', '28', '316', '361', '336', '233', '112', '206', '207', '204']
['245', '113', '270', '339', '364', '125', '367', '356', '123', '235', '223']
['345', '121', '139', '205', '142', '138', '25', '120', '62', '328', '193', '149', '348', '119', '131', '124', '122', '127', '143']
['78', '297', '370', '318', '43', '109', '41', '133', '75', '83', '395']
['215', '222', '277', '5', '67', '2', '219', '355', '194', '170', '187', '74', '60', '375', '199', '185', '197', '198', '183', '182']
['210', '150', '249', '315', '156', '243', '374', '4', '48', '85', '338', '20']
