['0', '102', '153', '204', '255', '306', '357', '408', '459', '101', '103', '104', '105', '106', '107', '108', '109', '151', '152', '154', '155', '156', '157', '158', '159', '201', '202', '203', '205', '206', '207', '208', '209', '251', '252', '253', '254', '256', '257', '258', '259', '301', '302', '303', '304', '305', '307', '308', '309', '351', '352', '353', '354', '355', '356', '358', '359', '401', '402', '403', '404', '405', '406', '407', '409', '451', '452', '453', '454', '455', '456', '457', '458']
['1', '52', '460', '51', '53', '54', '55', '56', '57', '58', '59', '461', '462', '463', '464', '465', '466', '467', '468']
['2']
['3']
['4']
['5']
['6']
['7']
['8']
['9']
['469']
['11', '62', '113', '164', '215', '266', '317', '368', '419', '470', '10', '12', '13', '14', '15', '16', '17', '18', '19', '60', '61', '63', '64', '65', '66', '67', '68', '69', '110', '111', '112', '114', '115', '116', '117', '118', '119', '160', '161', '162', '163', '165', '166', '167', '168', '169', '210', '211', '212', '213', '214', '216', '217', '218', '219', '260', '261', '262', '263', '264', '265', '267', '268', '269', '310', '311', '312', '313', '314', '315', '316', '318', '319', '360', '361', '362', '363', '364', '365', '366', '367', '369', '410', '411', '412', '413', '414', '415', '416', '417', '418', '471', '472', '473', '474', '475', '476', '477', '478', '479']
['420', '421', '422', '423', '424', '425', '426', '427', '428', '429']
['370', '371', '372', '373', '374', '375', '376', '377', '378', '379']
['320', '321', '322', '323', '324', '325', '326', '327', '328', '329']
['270', '271', '272', '273', '274', '275', '276', '277', '278', '279']
['220', '221', '222', '223', '224', '225', '226', '227', '228', '229']
['170', '171', '172', '173', '174', '175', '176', '177', '178', '179']
['120', '121', '122', '123', '124', '125', '126', '127', '128', '129']
['70', '71', '72', '73', '74', '75', '76', '77', '78', '79']
['20', '21', '22', '23', '24', '25', '26', '27', '28', '29']
['480', '481', '482', '483', '484', '485', '486', '487', '488', '489']
['430', '431', '432', '433', '434', '435', '436', '437', '438', '439']
['380']
['330']
['280']
['230']
['180']
['130']
['80']
['30']
['490']
['32', '83', '134', '185', '236', '287', '338', '389', '440', '31', '33', '34', '35', '36', '37', '38', '39', '81', '82', '84', '85', '86', '87', '88', '89', '131', '132', '133', '135', '136', '137', '138', '139', '181', '182', '183', '184', '186', '187', '188', '189', '231', '232', '233', '234', '235', '237', '238', '239', '281', '282', '283', '284', '285', '286', '288', '289', '331', '332', '333', '334', '335', '336', '337', '339', '381', '382', '383', '384', '385', '386', '387', '388', '441', '442', '443', '444', '445', '446', '447', '448']
['390', '492', '391', '392', '393', '394', '395', '396', '397', '398', '399', '491', '493', '494', '495', '496', '497', '498', '499']
['340', '341', '342', '343', '344', '345', '346', '347', '348', '349']
['290', '291', '292', '293', '294', '295', '296', '297', '298', '299']
['240', '241', '242', '243', '244', '245', '246', '247', '248', '249']
['190', '191', '192', '193', '194', '195', '196', '197', '198', '199']
['140', '141', '142', '143', '144', '145', '146', '147', '148', '149']
['90', '91', '92', '93', '94', '95', '96', '97', '98', '99']
['40', '41', '42', '43', '44', '45', '46', '47', '48', '49']
['449']
['450']
['400']
['350']
['300']
['250']
['200']
['150']
['100']
['50']
