['a471', 'a446', 'a421', 'a346', 'a321', 'a296', 'a271', 'a246', 'a221', 'a196', 'a171', 'a146', 'a121', 'a96', 'a71', 'a46', 'a21', 'a486']
['a445', 'a420', 'a395', 'a345', 'a320', 'a270', 'a245', 'a220', 'a195', 'a170', 'a145', 'a120', 'a95', 'a70', 'a45', 'a20', 'a487', 'a474', 'a386', 'a303', 'a62']
['a469', 'a444', 'a419', 'a394', 'a344', 'a319', 'a294', 'a269', 'a219', 'a194', 'a169', 'a144', 'a119', 'a94', 'a69', 'a44', 'a19', 'a473', 'a461', 'a440', 'a340', 'a267']
['a468', 'a443', 'a418', 'a393', 'a368', 'a343', 'a318', 'a293', 'a268', 'a243', 'a218', 'a193', 'a168', 'a143', 'a118', 'a93', 'a68', 'a43', 'a18', 'a482', 'a481', 'a479', 'a466', 'a465', 'a426']
['a392', 'a342', 'a317', 'a292', 'a242', 'a192', 'a167', 'a142', 'a117', 'a92', 'a67', 'a42', 'a17', 'a425', 'a414', 'a295']
['a441', 'a366', 'a341', 'a316', 'a291', 'a241', 'a216', 'a191', 'a166', 'a141', 'a116', 'a91', 'a66', 'a41', 'a16']
['a415', 'a365', 'a315', 'a290', 'a265', 'a240', 'a215', 'a190', 'a165', 'a140', 'a115', 'a90', 'a65', 'a40', 'a15', 'a485', 'a475']
['a464', 'a439', 'a389', 'a364', 'a339', 'a314', 'a289', 'a239', 'a214', 'a189', 'a164', 'a139', 'a114', 'a89', 'a64', 'a39', 'a14', 'a490', 'a480', 'a463', 'a459']
['a438', 'a413', 'a363', 'a338', 'a313', 'a288', 'a263', 'a238', 'a213', 'a188', 'a163', 'a138', 'a113', 'a88', 'a63', 'a38', 'a13', 'a494', 'a489', 'a470', 'a397', 'a391', 'a217', 'a150']
['a462', 'a437', 'a412', 'a387', 'a362', 'a312', 'a287', 'a262', 'a237', 'a212', 'a187', 'a162', 'a137', 'a112', 'a87', 'a37', 'a478', 'a382', 'a367']
['a411', 'a361', 'a336', 'a311', 'a286', 'a261', 'a236', 'a211', 'a186', 'a161', 'a136', 'a111', 'a86', 'a61', 'a36', 'a11', 'a488', 'a477', 'a458', 'a448', 'a442', 'a432', 'a431', 'a369', 'a12']
['a460', 'a435', 'a410', 'a385', 'a360', 'a335', 'a310', 'a285', 'a260', 'a235', 'a210', 'a185', 'a160', 'a135', 'a110', 'a85', 'a60', 'a35', 'a10', 'a491', 'a451', 'a398', 'a388', 'a300', 'a75']
['a434', 'a384', 'a359', 'a334', 'a309', 'a284', 'a259', 'a234', 'a209', 'a184', 'a159', 'a134', 'a109', 'a84', 'a59', 'a34', 'a9', 'a352', 'a307']
['a483', 'a408', 'a383', 'a358', 'a333', 'a308', 'a283', 'a258', 'a233', 'a208', 'a183', 'a158', 'a133', 'a108', 'a83', 'a58', 'a33', 'a8', 'a472', 'a422', 'a248']
['a457', 'a407', 'a357', 'a332', 'a282', 'a257', 'a232', 'a207', 'a182', 'a157', 'a132', 'a107', 'a82', 'a57', 'a32', 'a7', 'a453']
['a456', 'a406', 'a356', 'a331', 'a306', 'a281', 'a256', 'a231', 'a206', 'a181', 'a156', 'a131', 'a106', 'a81', 'a56', 'a31', 'a6', 'a492', 'a476', 'a416']
['a455', 'a430', 'a380', 'a355', 'a330', 'a305', 'a280', 'a255', 'a230', 'a205', 'a180', 'a155', 'a130', 'a105', 'a80', 'a55', 'a30', 'a5', 'a484', 'a403', 'a390', 'a371', 'a337', 'a266', 'a225']
['a454', 'a429', 'a404', 'a379', 'a354', 'a329', 'a304', 'a279', 'a254', 'a229', 'a204', 'a179', 'a154', 'a129', 'a104', 'a79', 'a54', 'a29', 'a4', 'a495', 'a467', 'a436', 'a417', 'a347', 'a264']
['a378', 'a353', 'a328', 'a278', 'a253', 'a228', 'a203', 'a178', 'a153', 'a128', 'a103', 'a78', 'a53', 'a28', 'a3']
['a452', 'a427', 'a402', 'a377', 'a327', 'a302', 'a277', 'a252', 'a227', 'a202', 'a177', 'a152', 'a127', 'a102', 'a77', 'a52', 'a27', 'a2', 'a496', 'a198']
['a401', 'a376', 'a351', 'a326', 'a301', 'a276', 'a251', 'a226', 'a201', 'a176', 'a151', 'a126', 'a101', 'a76', 'a51', 'a26', 'a1', 'a493', 'a433', 'a409', 'a396', 'a381', 'a375', 'a370', 'a244']
['a450', 'a400', 'a350', 'a325', 'a275', 'a250', 'a200', 'a175', 'a125', 'a100', 'a50', 'a25', 'a428']
['a449', 'a424', 'a399', 'a374', 'a349', 'a324', 'a299', 'a274', 'a249', 'a224', 'a199', 'a174', 'a149', 'a124', 'a99', 'a74', 'a49', 'a24', 'a405', 'a173']
['a423', 'a373', 'a348', 'a323', 'a298', 'a273', 'a223', 'a148', 'a123', 'a98', 'a73', 'a48', 'a23']
['a447', 'a372', 'a322', 'a297', 'a272', 'a247', 'a222', 'a197', 'a172', 'a147', 'a122', 'a97', 'a72', 'a47', 'a22']
