['417', '263', '153', '131', '109', '87', '65', '43', '21']
['306', '284', '240', '218', '196', '174', '130', '64', '20', '461']
['459', '393', '371', '349', '305', '261', '217', '195', '151', '129', '85', '63', '19', '482', '60']
['480', '348', '326', '260', '194', '150', '106', '84', '40', '18', '372', '262', '251', '250']
['457', '435', '413', '369', '325', '303', '281', '259', '237', '215', '171', '149', '127', '105', '83', '61', '39', '17', '460', '458', '455', '454', '452', '448', '443', '395', '394', '283', '241', '239', '223', '152', '148', '107']
['478', '456', '412', '390', '368', '346', '324', '302', '280', '258', '236', '214', '170', '126', '104', '82', '38', '16', '475', '350', '328', '299', '294', '207']
['477', '411', '389', '323', '301', '279', '257', '235', '213', '191', '169', '147', '125', '103', '59', '37', '15', '347', '313', '285']
['476', '432', '410', '388', '366', '344', '322', '300', '278', '256', '234', '212', '190', '168', '146', '124', '102', '80', '58', '36', '14', '391', '197', '193', '192', '189', '184', '176', '175', '108']
['453', '409', '387', '365', '343', '321', '277', '255', '233', '211', '167', '145', '123', '101', '79', '13', '121']
['474', '408', '386', '364', '342', '320', '298', '276', '254', '232', '210', '188', '166', '144', '122', '100', '78', '56', '34', '12', '219', '203', '135', '132', '120']
['473', '451', '429', '407', '385', '363', '341', '319', '297', '275', '253', '231', '209', '187', '165', '143', '99', '77', '55', '33', '479', '415', '373', '173']
['472', '450', '428', '406', '384', '362', '340', '318', '274', '252', '230', '208', '186', '164', '142', '98', '76', '54', '32', '10', '416', '351', '329', '42', '41', '35', '31', '11']
['471', '449', '405', '383', '361', '339', '317', '295', '273', '229', '185', '163', '141', '119', '97', '53', '9', '392', '327', '304', '296', '216', '57']
['470', '426', '404', '382', '360', '338', '316', '272', '228', '206', '162', '140', '118', '96', '74', '52', '30', '8', '370', '367', '307', '238', '160', '128', '117', '75', '62']
['469', '447', '425', '403', '381', '359', '337', '315', '293', '271', '249', '227', '205', '183', '161', '139', '95', '73', '51', '29', '7', '439', '438', '437', '436', '434', '433', '431', '430', '427', '423', '422', '418', '172', '86', '81']
['468', '446', '424', '402', '380', '358', '336', '314', '292', '270', '248', '226', '204', '182', '138', '116', '94', '72', '50', '28', '6', '282']
['467', '445', '401', '379', '357', '335', '291', '269', '247', '225', '181', '159', '137', '115', '93', '71', '49', '27', '5', '345']
['466', '444', '400', '378', '356', '334', '312', '290', '268', '246', '224', '202', '180', '158', '136', '114', '92', '70', '48', '26', '4']
['465', '421', '399', '377', '355', '333', '311', '289', '267', '245', '201', '179', '157', '113', '91', '69', '47', '25', '3']
['464', '442', '420', '398', '376', '354', '332', '310', '288', '266', '244', '222', '200', '178', '156', '134', '112', '90', '68', '46', '24', '2', '483', '481', '414']
['463', '441', '419', '397', '375', '353', '331', '309', '287', '265', '243', '221', '199', '177', '155', '133', '111', '89', '67', '45', '23', '1']
['462', '440', '396', '374', '352', '330', '308', '286', '264', '242', '220', '198', '154', '110', '88', '66', '44', '22', '0']
