['258', '306', '82', '428', '361', '27', '68', '56', '476', '411', '462', '333', '359', '368', '104', '273', '343', '410', '207', '430', '301']
['138', '363', '34', '467', '103', '0', '319', '289', '400', '64', '214', '274', '196', '463', '382', '182', '395', '149', '101']
['174', '310', '183', '433', '111', '294', '69', '194', '309', '261', '225', '413', '439', '223', '489', '314', '11', '293', '497', '458', '154', '388', '474', '435', '336', '276', '486', '484', '341', '369']
['238', '344', '25', '136', '495', '277', '391', '351', '380', '487', '78', '396', '49', '420', '297', '45', '398', '107', '366', '19']
['239', '219', '329', '151', '321', '61', '425', '377', '195', '358', '407', '86', '445', '90', '105', '271', '267', '371', '12', '119', '355', '166', '281', '185', '133']
['102', '459', '417', '374', '272', '244', '265', '285', '161', '397', '248', '60', '471', '264', '226', '17', '227', '299', '243', '218', '399', '211', '236', '240', '419']
['156', '74', '324', '450', '256', '44', '197', '184', '408', '466', '307', '36', '125', '134', '99', '123', '30', '499', '251', '346', '88', '296', '175']
['28', '455', '4', '5', '73', '132', '402', '421', '129', '188', '62', '192', '491', '46', '232', '405', '338', '172', '340', '2', '305', '291', '322', '155']
['253', '488', '250', '247', '284', '229', '270', '83', '169', '357', '144', '43', '485', '213', '376', '38', '26', '84', '201', '79', '379', '106', '452', '210', '160', '465', '216']
['80', '318', '92', '24', '6', '448', '350', '9', '116', '32', '181', '141', '48', '168', '1', '385', '204', '282', '334', '171', '257']
['312', '66', '117', '460', '59', '206', '440', '76', '147', '279', '39', '33', '124', '164', '14', '37', '165', '372', '142', '208', '170', '412', '473', '150', '221', '87', '443']
['246', '234', '442', '70', '20', '42', '404', '203', '157', '454', '52', '67', '381', '118', '469', '95', '280', '386', '390', '295', '354', '145', '394', '438', '480', '252', '230']
['115', '375', '401', '326', '241', '263', '190', '475', '112', '352', '85', '383', '15', '356', '97', '21', '63', '202', '58', '121']
['266', '163', '55', '191', '200', '304', '287', '323', '316', '353', '483', '481', '423', '180', '135', '339', '317', '54', '337', '65', '152']
['292', '436', '75', '446', '479', '288', '31', '492', '140', '418', '35', '498', '255', '283', '29', '71', '23', '224', '414', '167', '286', '315', '345']
['93', '220', '16', '110', '470', '431', '325', '303', '245', '212', '237', '77', '113', '122', '365', '130', '143', '114', '464', '384', '173', '300', '451', '262']
['406', '162', '392', '89', '41', '347', '364', '254', '51', '153', '387', '13', '453', '441', '94', '432', '22', '468', '298', '444', '131', '177', '302']
['367', '96', '108', '137', '335', '478', '205', '389', '53', '178', '290', '57', '98', '311', '3', '179', '209', '260', '449']
['139', '457', '259', '189', '434', '332', '120', '360', '461', '427', '393', '330', '233', '176', '415', '127', '100', '494', '278', '148', '159', '235']
['217', '72', '378', '409', '424', '342', '331', '128', '10', '349', '193', '109', '496', '426', '50', '268', '8', '186', '231', '187', '437']
['308', '228', '222', '91', '215', '242', '81', '146', '493', '422', '40', '313', '198', '472', '447', '249']
['199', '429', '477', '416', '482', '275', '362', '370', '269', '348', '158', '126', '327', '490', '7', '47', '18', '373', '403', '328', '456', '320']
