['022', '044', '066', '088', '110', '176', '198', '220', '242', '264', '286', '374', '396', '418', '440', '462', '177', '178', '179', '180', '181', '182', '183']
['023', '045', '067', '089', '111', '199', '221', '243', '265', '287', '309', '397', '419', '441', '463', '485']
['002', '024', '046', '068', '090', '112', '134', '200', '222', '244', '266', '288', '310', '376', '398', '420', '442', '464', '486', '000', '001', '201', '375']
['003', '025', '047', '069', '091', '113', '135', '223', '245', '267', '289', '311', '377', '399', '421', '443', '465', '487', '027', '028', '378', '379', '380', '381', '382']
['004', '026', '048', '070', '092', '114', '136', '202', '224', '246', '268', '290', '312', '400', '422', '444', '466', '488', '203', '204', '205', '402', '403', '206', '404']
['005', '049', '071', '093', '115', '137', '159', '225', '247', '269', '291', '313', '401', '423', '445', '467', '489', '227', '228', '229', '230', '231', '232']
['006', '050', '072', '094', '116', '138', '160', '226', '248', '270', '292', '314', '336', '424', '446', '468', '490', '052', '053', '054', '055', '056', '057']
['007', '029', '051', '073', '095', '117', '139', '161', '249', '271', '293', '315', '337', '425', '447', '469', '491', '427', '428', '429', '430', '431', '432', '433', '434']
['008', '030', '074', '096', '118', '140', '162', '184', '250', '272', '294', '316', '338', '426', '448', '470', '492', '252', '253', '254', '255', '256']
['009', '031', '075', '097', '119', '141', '163', '185', '207', '251', '273', '295', '317', '339', '361', '383', '405', '449', '471', '493', '077', '078', '079', '080', '081']
['010', '032', '076', '098', '120', '142', '164', '186', '208', '274', '296', '318', '340', '362', '384', '406', '450', '472', '494', '452', '453', '454', '455', '456', '457']
['011', '033', '099', '121', '143', '165', '187', '209', '275', '297', '319', '341', '363', '385', '407', '451', '473', '495', '277', '278', '279', '280', '281', '282', '283']
['012', '034', '100', '122', '144', '166', '188', '210', '276', '298', '320', '342', '364', '386', '408', '474', '496', '102', '103', '104', '105', '106', '107', '108']
['013', '035', '101', '123', '145', '167', '189', '211', '233', '299', '321', '343', '365', '387', '409', '475', '497', '477', '478', '479', '480', '481', '482', '483', '484']
['014', '036', '058', '124', '146', '168', '190', '212', '234', '300', '322', '344', '366', '388', '410', '476', '498', '302', '303', '304', '305', '306', '307', '308']
['015', '037', '059', '125', '147', '169', '191', '213', '235', '257', '301', '323', '345', '367', '389', '411', '499', '127', '128', '129', '130', '131', '132', '133']
['016', '038', '060', '082', '126', '148', '170', '192', '214', '236', '258', '324', '346', '368', '390', '412']
['017', '039', '061', '083', '149', '171', '193', '215', '237', '259', '325', '347', '369', '391', '413', '435', '327', '328', '329', '330', '331', '332', '333', '334', '335']
['018', '040', '062', '084', '150', '172', '194', '216', '238', '260', '326', '348', '370', '392', '414', '436', '458', '152', '153', '154', '155', '156', '157', '158']
['019', '041', '063', '085', '151', '173', '195', '217', '239', '261', '349', '371', '393', '415', '437', '459']
['020', '042', '064', '086', '174', '196', '218', '240', '262', '284', '350', '372', '394', '416', '438', '460', '352', '353', '354', '355', '356', '357', '358', '359', '360']
['021', '043', '065', '087', '109', '175', '197', '219', '241', '263', '285', '351', '373', '395', '417', '439', '461']
