['Orsa', 'Lesly', 'Rhodia', 'Sileas', 'Fania', 'Teddi', 'Lira', 'Tani', 'Agnes', 'Tarra', 'Nancie', 'Brook', 'Cassandra', 'Lotte', 'Bonita']
['Rowena', 'Winifred', 'Morena', 'Adriane', 'Patty', 'Nicoli', 'Selinda', 'Georgiana', 'Kania', 'Sada', 'Lani', 'Zulema', 'Pammy', 'Valli', 'Corly']
['Joelly', 'Estele', 'Kathleen', 'Harriet', 'Marlie', 'Oralee', 'Birgitta', 'Clemmie', 'Rosamond', 'Lorena', 'Gwennie', 'Rita', 'Melloney', 'Stephannie', 'Bernice']
['Alexandrina', 'Karie', 'Cristen', 'Kiele', 'Helyn', 'Malva', 'Sonni', 'Opal', 'Tamara', 'Peg', 'Korney', 'Reggi', 'Conchita', 'Desiri', 'Mufinella']
['Marcie', 'Row', 'Corinne', 'Jaynell', 'Quintana', 'Shoshana', 'Laverne', 'Gerry', 'Colline', 'Flory', 'Aviva', 'Mariellen', 'Julie', 'Krissy', 'Lyda']
['Stesha', 'Austina', 'Rivkah', 'Agneta', 'Veradis', 'Nanon', 'Erica', 'Babara', 'Jen', 'Sula', 'Allene', 'Nicki', 'Marisa', 'Sile', 'Zenia']
['Cheslie', 'Charita', 'Doroteya', 'Vanni', 'Gale', 'Gae', 'Elvera', 'Joanna', 'Marcella', 'Marris', 'Oliy', 'Nissie', 'Brunhilda', 'Else', 'Mella']
['Carroll', 'Yovonnda', 'Willi', 'Hedwiga', 'Jesse', 'Katti', 'Jacqui', 'Ramonda', 'Kaitlin', 'Agatha', 'Adiana', 'Leanora', 'Gianina', 'Maxie', 'Alyson']
['Moyna', 'Ruperta', 'Avivah', 'Dee', 'Vicky', 'Jorrie', 'Stormi', 'Diane', 'Fawnia', 'Lynnet', 'Vinni', 'Josepha', 'Jemie', 'Lulu', 'Britteny']
['Estella', 'Daphene', 'Clemence', 'Alia', 'Neile', 'Caryn', 'Netty', 'Tanitansy', 'Mechelle', 'Janice', 'Sheila', 'Cristionna', 'Yoshi', 'Bekki', 'Delly']
['Drusy', 'Shirl', 'Kathy', 'Leda', 'Camala', 'Xylina', 'Terese', 'Sadye', 'Mei', 'Jolie', 'Randie', 'Tim', 'Antonietta', 'Edith', 'Martina']
['Gaby', 'Sandie', 'Agnese', 'Marijo', 'Kaitlynn', 'Gavra', 'Anastassia', 'Rosana', 'Annice', 'Brear', 'Fran', 'Dominica', 'Nelie', 'Dyane', 'Euphemia']
['Tiphanie', 'Kara', 'Carla', 'Idalina', 'Yetta', 'Chelsy', 'Risa', 'Danni', 'Briny', 'Brittan', 'Britney', 'Madelena', 'Kellie', 'Kala', 'Thia']
['Inga', 'Doris', 'Tiffany', 'Ranice', 'Vonni', 'Anabel', 'Noreen', 'Fernande', 'Yolanda', 'Latisha', 'Della', 'Melinde', 'Catha', 'Allie', 'Maddalena']
['Paulina', 'Dena', 'Sherrie', 'Charmine', 'Monique', 'Faythe', 'Addi', 'Nedda', 'Dita', 'Sofie', 'Bertie', 'Lorain', 'Millisent', 'Marabel', 'Haley']
['Brigitte', 'Dorine', 'Andie', 'Erminia', 'Rosene', 'Paige', 'Idelle', 'Roxane', 'Georgeanne', 'Tiffy', 'Angelica', 'Starlin', 'Myrtle', 'Anabal', 'Cathryn']
['Livy', 'Carri', 'Shanie', 'Dotti', 'Eran', 'Cristabel', 'Frankie', 'Ulrike', 'Jessamyn', 'Lydie', 'Stefa', 'Cindie', 'Fredericka', 'Noell', 'Anette']
['Kittie', 'Clarissa', 'Cherilynn', 'Eve', 'Bridgette', 'Mirna', 'Silva', 'Athena', 'Gabbie', 'Ingunna', 'Johanna', 'Tamra', 'Andromache', 'Kellsie', 'Collete']
['Emelda', 'Beatrice', 'Claudie', 'Missy', 'Rhody', 'Lorie', 'Marlena', 'Hortense', 'Debora', 'Cassondra', 'Natalya', 'Belle', 'Arlee', 'Demetria', 'Ronnica']
['Roslyn', 'Mair', 'Amalee', 'Anabelle', 'Casi', 'Meggi', 'Ansley', 'Kathryn', 'Eulalie', 'Diahann', 'Serena', 'Matilde', 'Tallie', 'Eolanda', 'Lisette']
