['0', '22', '44', '66', '88', '110', '132', '154', '198', '242', '264', '308', '330', '352', '396', '20', '21', '23', '24', '42', '43', '45', '64', '65', '68', '86', '87', '89', '108', '109', '111', '130', '131', '133', '134', '152', '153', '174', '178', '197', '199', '218', '222', '241', '243', '244', '262', '263', '284', '288', '307', '309', '328', '329', '331', '332', '350', '351', '372', '376', '395']
['1', '67', '177', '221', '287', '375', '419', '47', '157', '176', '201', '220', '267', '286', '355', '374', '418']
['2', '46', '90', '112', '156', '200', '266', '310', '354', '398', '26', '136', '180', '246', '334']
['3', '25', '69', '91', '113', '135', '179', '223', '245', '289', '311', '333', '377', '399', '12', '33', '37', '50', '54', '58', '70', '71', '75', '92', '96', '105', '115', '117', '126', '138', '147', '155', '159', '168', '185', '189', '193', '206', '210', '214', '225', '227', '231', '235', '248', '252', '256', '265', '269', '273', '277', '290', '294', '298', '303', '313', '315', '324', '336', '345', '353', '357', '366', '378', '400']
['4', '48', '114', '158', '202', '224', '268', '312', '356']
['5', '27', '49', '93', '137', '181', '203', '247', '291', '335', '379', '401']
['6', '72', '116', '160', '226', '270', '314', '358']
['7', '51', '95', '139', '205', '249', '293', '337', '403', '402']
['8', '30', '74', '118', '162', '184', '228', '272', '316', '360', '382', '10', '28', '29', '31', '73', '94', '98', '119', '142', '161', '163', '164', '182', '183', '204', '208', '229', '271', '292', '296', '317', '340', '361', '362', '380', '381', '383']
['9', '53', '97', '141', '207', '251', '295', '339', '405', '52', '77', '121', '140', '187', '250', '275', '319', '338', '359', '404']
['32', '76', '120', '186', '230', '274', '318', '384', '56', '100', '166', '254', '364']
['11', '55', '99', '143', '165', '209', '253', '297', '341', '363', '385', '407', '35', '79', '145', '233', '343', '389', '397', '406']
['34', '78', '122', '144', '188', '232', '276', '320', '342', '386', '14', '387']
['13', '57', '101', '123', '167', '211', '255', '299', '321', '365', '409', '408']
['36', '80', '146', '190', '234', '278', '344', '388']
['15', '59', '125', '169', '213', '257', '323', '367', '411', '410']
['38', '82', '104', '148', '192', '236', '280', '302', '346', '390', '18', '39', '81', '83', '102', '103', '124', '149', '191', '212', '216', '237', '260', '281', '300', '301', '322', '326', '347', '391']
['17', '61', '127', '171', '215', '259', '325', '369', '413', '16', '60', '170', '195', '239', '258', '279', '305', '368', '412']
['40', '62', '84', '106', '128', '150', '172', '194', '238', '282', '304', '348', '370', '392']
['19', '41', '63', '85', '107', '129', '151', '173', '217', '261', '283', '327', '349', '371', '393', '415', '414']
['196', '240', '306', '394']
['175', '219', '285', '373', '417', '416']
