['50', '100', '150', '200', '250', '56']
['101', '201', '15', '25']
['102', '152', '202', '54', '57']
['53', '103', '153', '203', '31', '60']
['104', '154', '204', '144']
['55', '105', '155', '205']
['106', '156', '206', '33', '41']
['107', '157', '207', '52', '236']
['108', '158', '208', '164']
['59', '109', '159', '209', '51']
['160', '210']
['111', '161', '211', '151']
['62', '162', '212', '67', '74', '7']
['13', '113', '163', '213', '244', '0']
['14', '64', '114', '214', '116']
['65', '115', '165', '215', '43', '8']
['66', '166', '216', '63']
['17', '117', '167', '217', '61', '68']
['168', '218']
['19', '69', '119', '169', '219', '5']
['20', '120', '170', '220', '112', '1']
['121', '171', '221', '136']
['72', '122', '222']
['23', '73', '123', '173', '223', '172']
['124', '174', '224']
['75', '125', '175', '225']
['26', '76', '126', '176', '226', '27']
['77', '127', '177', '227', '132']
['28', '78', '128', '178', '228', '6']
['79', '129', '179', '229']
['80', '130', '180', '230', '10', '2']
['81', '181', '231', '110']
['32', '82', '182', '232', '21', '9']
['83', '133', '183', '233', '71', '3']
['34', '84', '134', '184', '234', '11']
['35', '85', '135', '185', '235', '4']
['36', '86', '186', '44']
['37', '87', '137', '187', '237', '29']
['38', '88', '138', '188', '238', '24']
['89', '139', '189', '239', '70']
['40', '90', '140', '190', '240', '18']
['91', '141', '191', '241', '30']
['42', '92', '142', '192', '242', '39']
['93', '143', '193', '243', '58', '16']
['94', '194', '118']
['45', '95', '145', '195', '245', '12']
['96', '146', '196', '246', '22']
['47', '97', '147', '197', '247', '46']
['48', '98', '148', '198', '248', '131']
['49', '99', '149', '199', '249']
