['220', '343', '314', '272', '294', '473', '10', '31', '477']
['9', '391', '154', '16', '409', '454', '150', '360']
['224', '395', '296', '66', '114', '344', '365', '416', '443', '48', '387', '253']
['95', '424', '7', '131', '27', '30', '106', '140', '480']
['347', '441', '183', '435']
['13', '226', '303', '139', '143', '199', '225', '231', '252']
['19', '97', '478', '112', '87', '418']
['18', '119', '177']
['8']
['230', '269', '227', '75', '386', '185']
['234', '302', '310', '124', '12']
['376', '355', '331', '203', '333', '61', '244', '315']
['4', '1', '155']
['80', '406', '308']
['74', '161', '469', '147', '178']
['170', '113', '70', '23', '180', '212', '417']
['104', '53', '123', '194']
['472', '64', '219', '444', '28']
['167', '251', '90', '148', '247']
['257', '304', '102']
['105', '394', '307']
['151', '485', '46', '202']
['235', '35', '163', '171', '345']
['317', '411', '6', '229']
['322', '239', '34', '241', '137', '462']
['350', '156']
['353', '2', '452', '262', '396']
['400', '470', '267', '399']
['482', '210', '65', '414', '401']
['432', '479', '292']
['174', '283', '22', '428']
['259', '295', '69']
['369', '413', '382', '312', '94', '93', '197', '264', '342', '415', '67', '390', '275', '373', '446', '497']
['128']
['82', '488', '389', '238', '117', '299', '338', '495']
['213', '429', '232']
['388', '135', '130']
['456', '217', '54', '186', '175', '40', '381']
['361', '162', '265']
['289', '474', '422', '412', '286', '421', '39', '158']
['84', '423', '110', '349', '420']
['437', '49', '184', '260']
['476', '191', '207', '36', '311', '419', '460', '466']
['122', '498', '284', '326', '169']
['335', '29', '449', '145', '237', '59', '79']
['339', '152', '187', '455']
['218']
['439', '198', '176', '447']
['494', '268', '320', '490', '182', '273', '109', '297']
['149', '393', '425', '351', '195', '73', '496']
['25', '384', '357', '236', '471']
['433', '96', '214', '14', '129', '271', '491', '127']
['72', '83']
['188', '301', '89', '431', '26']
['215', '325', '293', '37', '91']
['211', '346']
['276', '327', '20', '383', '243']
['280', '32', '250']
['377', '223', '99', '426']
['467', '164', '98', '465', '63', '192', '367']
['279', '300']
['427', '278', '337', '17']
['282', '405', '120', '62']
['499']
['86', '359', '157', '206', '160', '44', '77', '103', '348', '445', '181', '370', '486', '15', '133', '287', '321', '385', '438', '487']
['483', '403', '291', '281', '45']
['489', '358', '144']
['43', '50', '375']
['392', '78', '58', '410', '52', '436']
['5', '100', '118', '56', '255', '288', '372', '440', '450']
['200', '256', '0', '138', '146', '228']
['254', '468', '459', '68', '173', '179', '362', '458']
['38', '116', '126', '101', '378', '261']
['41', '134', '196']
['88', '233']
['313', '309', '263']
['319', '363', '318', '371']
['221', '464', '463', '85']
['323', '404', '42', '475', '493']
['60', '208', '21', '125', '168', '205', '246', '434']
['132', '248', '242', '55', '159', '328', '397', '141']
['71', '270', '57', '142', '201', '324', '332']
['92', '189']
['258', '33', '245', '430']
['153', '340', '111', '352']
['341', '290']
['11', '366', '24']
['3', '492', '166', '47', '81', '121']
['334', '330', '266', '190', '115', '298']
['368', '76', '457', '240']
['193', '380', '222']
['306', '402', '442', '356']
['379', '277', '451', '316']
['484', '165', '329']
['172', '374', '407', '249', '448', '136']
['453', '408', '336', '481']
['216', '51', '364', '209', '305', '398', '204']
['107', '274', '461']
['354', '285', '108']
