['0', '40', '120', '160', '180', '220', '240', '260', '280', '360', '380', '440', '460', '480', '16', '21', '26', '29', '36', '37', '74', '149', '177', '178', '207', '376', '391', '394', '406', '424']
['1', '61', '121', '161', '221', '241', '261', '301', '321', '341', '361', '401', '421', '441', '461', '39', '57', '70', '99', '105', '112', '118', '133', '138', '145', '214', '279', '340', '407', '499']
['2', '42', '82', '102', '122', '182', '202', '222', '242', '282', '322', '342', '362', '382', '402', '422', '442', '482', '43', '49', '54', '60', '66', '69', '90', '143', '181', '303', '315', '469']
['3', '63', '163', '183', '203', '223', '243', '263', '283', '323', '343', '403', '423', '463', '483', '212']
['4', '64', '104', '184', '244', '264', '284', '324', '344', '364', '384', '404', '444', '464', '484', '12', '20', '101', '103', '136', '201', '271', '302', '358', '363', '393', '467']
['5', '85', '125', '165', '185', '205', '225', '245', '265', '285', '305', '325', '345', '365', '385', '405', '425', '445', '465', '485', '14', '15', '44', '79', '95', '141', '199', '383']
['6', '46', '86', '126', '146', '166', '186', '206', '226', '246', '286', '306', '326', '366', '386', '426', '466', '486', '58', '194', '293', '367', '415']
['7', '87', '107', '147', '167', '187', '227', '247', '267', '287', '307', '327', '347', '387', '427', '447', '487', '78', '116', '124', '190', '353', '412']
['8', '28', '48', '68', '88', '108', '148', '168', '188', '248', '268', '288', '308', '328', '368', '388', '408', '428', '448', '468', '488', '22', '23', '27', '33', '35', '204', '251', '262', '378']
['9', '89', '129', '189', '209', '229', '249', '269', '289', '309', '329', '349', '369', '389', '429', '449', '24', '47', '72', '75', '131', '140', '208', '346', '420', '432', '443']
['30', '110', '130', '150', '170', '210', '230', '250', '270', '290', '310', '350', '370', '390', '410', '430', '450', '470', '18', '25', '31', '32', '45', '56', '117', '119', '128', '239', '357']
['91', '111', '151', '171', '191', '211', '231', '291', '311', '331', '351', '371', '411', '431', '471', '491', '84', '158', '162', '195', '217', '234', '318', '359', '462']
['52', '92', '152', '172', '232', '252', '272', '352', '372', '392', '452', '472', '492', '10', '11', '94', '127', '142', '278', '481']
['53', '73', '93', '113', '153', '173', '213', '233', '253', '273', '333', '373', '413', '433', '453', '473', '76', '169', '348', '396']
['34', '114', '134', '154', '174', '254', '274', '294', '314', '354', '374', '414', '434', '454', '474', '494', '67', '77', '123', '164', '292', '313', '400', '493']
['55', '115', '135', '155', '175', '215', '235', '255', '275', '295', '335', '355', '375', '395', '435', '455', '475', '495', '98', '144', '192', '237', '300', '312', '330', '409']
['96', '156', '176', '196', '216', '236', '256', '296', '316', '336', '356', '416', '436', '456', '476', '496', '38', '50', '80', '100', '132', '224', '281', '332', '457']
['17', '97', '137', '197', '257', '297', '317', '337', '377', '397', '417', '437', '477', '497', '13', '19', '109', '193', '200', '228', '266', '276', '339', '490']
['198', '218', '238', '258', '298', '338', '398', '418', '438', '458', '478', '498', '59', '62', '65', '71', '157', '304', '334', '381', '446', '489']
['139', '159', '179', '219', '259', '299', '319', '379', '399', '419', '439', '459', '479', '41', '51', '81', '83', '106', '277', '320', '451']
