['Y', 'OS', 'RL', 'OO', 'BV']
['GI', 'EL', 'NT', 'IE', 'LJ', 'EF', 'DI']
['CD', 'O', 'ER', 'JE', 'PV', 'JA', 'JI']
['PY', 'G', 'CP', 'CX', 'RN', 'GB']
['OC', 'HY', 'LY', 'PN', 'HL', 'ND', 'RR']
['LW', 'HC', 'NI', 'QR', 'NA']
['NV', 'KH', 'LA', 'HZ', 'QT']
['LV', 'KI', 'IB', 'SH', 'PR']
['GR', 'LQ', 'PF', 'RQ', 'ED', 'CT', 'GC']
['JK', 'LS', 'RF', 'FE']
['CI', 'QS', 'KQ', 'DW', 'MT', 'DG']
['BY', 'LZ', 'LP']
['QA', 'QW', 'RC', 'JG']
['RH', 'TB', 'OJ', 'DF', 'FB', 'BS']
['MQ', 'QV', 'KO', 'BC', 'IC']
['KX', 'NJ', 'NL', 'GF', 'BN', 'SB']
['GS', 'FL', 'SR']
['SM', 'QF', 'JQ', 'MZ', 'SS']
['OR', 'NU', 'JS', 'CR', 'QI']
['ON', 'MD', 'RE']
['QG', 'FF', 'F', 'DC', 'SG', 'ME', 'EO']
['BH', 'LH', 'EH', 'GE', 'KU']
['MX', 'T', 'Q']
['JD', 'BK', 'HI', 'RO']
['HB', 'QX', 'GP', 'S', 'MB']
['BM', 'DD', 'LX', 'QN', 'EW']
['JF', 'II', 'ID', 'NK', 'J']
['CQ', 'HW', 'PI', 'FM', 'CO']
['MO', 'FS', 'C', 'RA', 'IS']
['BL', 'OP', 'KF']
['BJ', 'FJ', 'NP', 'IP', 'FV', 'KE']
['JB', 'OQ', 'NR', 'LC', 'JZ', 'JC']
['SP', 'EG', 'PQ', 'IR', 'IW', 'FC']
['X', 'U', 'CF', 'GL', 'HR', 'OH', 'PZ', 'NQ']
['CH', 'QH', 'HO']
['RM', 'PD', 'FH', 'EA', 'NS']
['GW', 'N', 'PW', 'CB']
['FU', 'PM', 'QY', 'E', 'NX', 'OF']
['MI', 'CL', 'ET', 'KL', 'IZ', 'PK']
['KR', 'HH', 'QK', 'HP', 'QO']
['IQ', 'MV', 'QZ']
['EJ', 'LD', 'BW', 'SI']
['MU', 'NZ', 'BG', 'OZ']
['GX', 'MW', 'KB', 'EE']
['MY', 'DT', 'GQ', 'SX', 'DX', 'MC']
['PT', 'NO', 'KW', 'MP']
['SW', 'QJ', 'CN', 'LF']
['EP', 'FT', 'ML', 'KN']
['HE', 'JT', 'KK', 'RS', 'HJ']
['PG', 'HQ', 'EB', 'QD']
['PJ', 'SZ', 'CW', 'CY', 'IV', 'PL']
['SU', 'OD', 'IU', 'HA', 'PA', 'GH', 'OX', 'EC']
['GG', 'RZ', 'RT', 'LB', 'EM', 'FR', 'JX']
['PS', 'H', 'BX', 'JV', 'NG']
['BB', 'SV', 'LR', 'DJ', 'OW', 'IY', 'RI']
['EV', 'GD', 'GM', 'GY', 'QP']
['CZ', 'FP', 'SA']
['OV', 'OE', 'OL', 'BP']
['SJ', 'JN', 'IT', 'BT', 'QL', 'JU', 'MF']
['TA', 'CV', 'DQ', 'IM', 'FY']
['LI', 'PU', 'IG', 'FN']
['LU', 'FW', 'DR', 'GK', 'GV']
['Z', 'CM', 'GT', 'QE']
['PP', 'NM', 'OM', 'QM']
['CJ', 'IK', 'OI', 'GN', 'MR', 'FI', 'HG', 'NF', 'SY']
['QQ', 'IL', 'HS', 'HD', 'FA']
['DK', 'SO', 'B', 'QB', 'CG', 'RG']
['KZ', 'KT', 'W', 'FK', 'EN']
['GJ', 'HM', 'FD', 'TE', 'RW', 'JJ']
['BE', 'LE', 'BI', 'LM', 'M', 'DZ']
['LN', 'SC', 'MG', 'FQ', 'HN', 'OG', 'KJ', 'NC']
['GO', 'HT']
['RV', 'JH', 'RY']
['P', 'BD', 'DH']
['DB', 'HX', 'QC']
['ST', 'GA', 'DE', 'IJ', 'FX']
['IF', 'BR', 'KP', 'PC', 'L', 'JY']
['DO', 'I', 'BQ', 'RP', 'CS', 'LT']
['CU', 'A', 'NB', 'LG', 'DN']
['KY', 'OA', 'EX', 'BF', 'TD', 'CA']
['IH', 'SN', 'BO', 'HV', 'RX']
['TF', 'MS', 'PE', 'JR']
['RB', 'JL', 'R']
['MJ', 'KV', 'OT', 'DL', 'ES']
['MK', 'PB', 'FZ', 'GZ', 'PH']
['K', 'KG', 'MM', 'BU', 'IO']
['FG', 'RU', 'NE', 'LL', 'MA', 'CC', 'NH']
['MN', 'DM', 'BZ', 'SD', 'EK']
['KD', 'EZ', 'PX', 'JP', 'KS']
['OK', 'DV', 'JO', 'FO', 'QU', 'NY']
['DP', 'IX', 'DA']
['EU', 'V', 'KC']
['LK', 'EI', 'HF', 'PO', 'CK']
['JW', 'LO', 'SQ', 'HK']
['OU', 'SF', 'NW', 'HU']
['OY', 'IN', 'D']
['KM', 'GU', 'JM', 'SE']
['SL', 'EY', 'RD', 'MH']
['RK', 'EQ', 'IA', 'NN', 'TC', 'DS', 'OB']
['KA', 'CE', 'RJ', 'DU', 'BA', 'DY', 'SK']
