['20', '40', '80', '100', '120', '143', '160', '180', '200', '220', '240', '266', '280', '300', '320', '340', '360', '389', '400', '420', '440', '460', '480', '6', '27', '88', '137', '178']
['21', '41', '61', '121', '144', '161', '181', '201', '221', '241', '267', '281', '301', '321', '341', '361', '390', '401', '421', '441', '461', '481', '9', '31', '34', '39', '234']
['22', '42', '62', '82', '102', '122', '145', '162', '182', '202', '222', '242', '268', '282', '302', '322', '342', '362', '391', '402', '422', '442', '462', '482', '1', '253']
['23', '43', '63', '103', '123', '146', '163', '183', '203', '223', '243', '269', '283', '303', '323', '343', '363', '392', '403', '423', '443', '463', '483', '466']
['24', '44', '64', '84', '104', '124', '147', '164', '184', '204', '224', '244', '270', '284', '304', '324', '344', '364', '393', '404', '424', '444', '464', '484']
['25', '45', '65', '105', '128', '148', '165', '185', '205', '225', '245', '271', '305', '325', '345', '365', '394', '405', '425', '445', '465', '485', '237']
['26', '46', '86', '129', '166', '186', '206', '226', '246', '272', '286', '306', '326', '346', '366', '395', '406', '426', '446', '486', '376']
['47', '67', '87', '107', '130', '125', '167', '187', '207', '227', '247', '273', '287', '327', '347', '367', '396', '407', '427', '447', '467', '487', '8']
['48', '68', '108', '131', '126', '168', '188', '208', '228', '248', '274', '288', '308', '328', '348', '368', '397', '408', '428', '448', '468', '488', '29', '81']
['49', '69', '109', '132', '127', '169', '189', '209', '229', '249', '250', '289', '309', '329', '349', '369', '398', '409', '429', '449', '469', '489']
['10', '30', '50', '70', '90', '133', '150', '170', '190', '210', '230', '256', '251', '290', '310', '330', '350', '370', '399', '410', '430', '450', '470', '490', '4', '89']
['11', '51', '71', '91', '111', '134', '151', '171', '191', '211', '231', '257', '252', '291', '311', '331', '351', '371', '375', '411', '431', '451', '471', '491']
['12', '32', '72', '92', '112', '135', '152', '172', '192', '212', '232', '258', '292', '312', '332', '352', '372', '412', '432', '452', '472', '492', '5', '83', '149']
['13', '33', '53', '73', '93', '113', '136', '153', '173', '193', '213', '233', '259', '254', '293', '313', '333', '353', '373', '377', '413', '433', '453', '473', '493', '2', '3', '56', '101', '106', '110', '307']
['14', '54', '74', '94', '114', '154', '174', '194', '214', '260', '255', '294', '314', '334', '354', '374', '378', '414', '434', '454', '474', '494', '0', '52', '85']
['15', '35', '55', '75', '95', '115', '138', '155', '175', '195', '215', '235', '261', '275', '295', '315', '335', '355', '384', '379', '415', '435', '455', '475', '495', '60']
['16', '36', '76', '96', '116', '139', '156', '176', '196', '216', '236', '262', '276', '296', '316', '336', '356', '385', '380', '416', '436', '456', '476', '496', '28', '37', '66']
['17', '57', '77', '97', '117', '140', '157', '197', '217', '263', '277', '297', '317', '337', '357', '386', '381', '417', '437', '457', '477', '497', '285']
['18', '38', '58', '78', '118', '141', '158', '198', '218', '238', '264', '278', '298', '318', '338', '358', '387', '382', '418', '438', '458', '478', '498', '7', '177']
['19', '59', '79', '99', '119', '142', '159', '179', '199', '219', '239', '265', '279', '299', '319', '339', '359', '388', '383', '419', '439', '459', '479', '499', '98']
