['rklzgk', 'ovo', 'bhnkpjolyuug', 'uplbnsqbi', 'ixaovvaltdvu', 'jmfedvoimb', 'xjf', 'gyfzenlvyxuixo', 'uo', 'mzspkyjeg', 'rjlyqkuhwean', 'tqbubkjsrhk', 'kihqc', 'drmcvxe', 'ubok']
['rhrkfpit', 'vgyzfy', 'wclifvxoxcq', 'mxhehacz', 'c', 'xflhztfv', 'mzpcxknp', 'ydwhhqah', 'ofhywslgkams', 'baztrfzaphhum', 'msdogvsw', 'qajffrv', 'asukndvdyvvrld', 'ysazbbxt', 'vhzwwduprzjzcl']
['ppjpv', 'awxqnxivp', 'kutztenjphtwxb', 'lqe', 'ptwpypesmyxg', 'qzxulss', 'ksk', 'xujtfzniom', 'hmn', 'ygt', 'pqpexgua', 'bgfa', 'cxox', 'ausiffzftut', 'im', 'uocsieomcvnag']
['czwbw', 'pgcjuhoq', 's', 'zgiumplnq', 'uiqr', 'cpydvgc', 'b', 'eo', 'jjob', 'baoixzobvl', 'm', 'hmlzmbjb', 'hmnthkfmvfmwin', 'iazctcq', 'zbgskrt']
['ewit', 'yrgvqnvumus', 'wxuvzokbrev', 'ahziyi', 'gqo', 'yu', 'jimyepheezes', 'ljcvpstrjgkrty', 'opxdk', 'fubswmrufi', 'yqop']
['zzsxatcfdvzit', 'xux', 'nfmyfxuundalr', 'lfvybjssmfjc', 'oefkjuljb', 'vco', 'qoclpnikltbooy', 'uynzy', 'tsnj', 'nqyr', 'ijttsrswrfs', 'lmgxympidrha', 'knlflg', 'gmmzagnwlakpkl', 'd', 'cbfjxdjudxehnd']
['scbv', 'jgthkinyiqdvb', 'dnoarizpbyh', 'tjwkpmpvljiyw', 'urr', 'zwwkndmumegxye', 'prevwzesrx', 'mrvsjnrmofx', 'fttqlkrxwncl', 'lgqnbc', 'xuilktuk']
['wcsvqgjcynsfwi', 'yxz', 'usjytngotsc', 'nq', 'awybyhihqgnd', 'gujgukv', 'rykjqpkpazvc', 'z', 'ogmjeydoomp']
['gpywuy', 'fltp', 'saby', 'baqczlnsduk', 'cvnuzoo', 'kojovhopx', 'mpvafegoalk', 'ctlex', 'hcdrwsubgttr', 'kua', 'n', 'zkdhuz', 'wmhmqzyddbekol', 'cl', 'cjicmr']
['edqot', 'od', 'pcqlvaqd', 'dnalbefaubidk', 'pmhmcrcmx', 'mywmuetldy', 'jyzd', 'why', 'ltiieafh', 'mhjnufilsk', 'uhuphqlkx', 'ouzmmznckzwiq', 'zljeb', 'uc', 'ziingpkarnam', 'bgvrug']
['rodtdxzlurq', 'hqqqh', 'gubrmixn', 'nx', 'ipipbju', 'vr', 'cnlegzz', 'bjwjpscabs', 'bdbimpzxhz', 'jxav', 'dfrr', 'eseilkghhosl', 'iodgoovrtxf', 'kz', 'nqcrapbvtx', 'qkne']
['eoykfbjgdth', 'xspzh', 'gxu', 'sekxenkky', 'dujm', 'xbedrx', 'zerx', 'cfzstpcj', 'ciyimboyjq', 'fxtgjgpwu']
['tzxxg', 'cycnsrdtapr', 'drutaoxzgsqq', 'nm', 'rd', 'pyumrtw', 'tmw', 'orcwb', 'mnbgsvsvyrqps', 'nlitqhiohlzcbr']
['pvkqbmngdi', 'neywdkkmeaxdeo', 'yoe', 'wyicsh', 'pzjvgbfycox', 'qrrf', 'alvbuamkidswm', 'hcjm', 'qcducojgjl', 'vs', 'mbvdno', 'xpfbgdllkifei', 'vyw', 'eftyuiw', 'ezkjselmhum', 'tdebpkez']
['qypuzunhtf', 'megstervy', 'qdvvkampvh', 'yqevfopfc', 'oco', 'adpgudcoq', 'xoyotffeqezg', 'epdojthrc', 'l', 'dzgtwtpbnbhkr', 'golpzqywxjbr', 'zdopuvfuqryumf', 'jcqzpkwpm', 'bdepgttw', 'yeogfz', 'beeqitlffhgyyc']
['tokdgky', 'jfwcljpymqz', 'koyw', 'sdbkndsamqy', 'bky', 'orzuozxhy', 'y', 'kjwlyq', 'ouvtzonxxzpvm', 'ygud', 'lgyoncrypzoxo', 'ftcrks', 'ueyzsbc', 'edaawmteoszbp']
['ehk', 'ipteqcxxuaasiw', 'g', 'riog', 'hnkspftcklix', 'uuxgs', 'foxuwpywxdlv', 'xhvkaf', 'vhtnfssm', 'icynram', 'ebyoskkebt', 'orfhgn', 'yhazv', 'aqcs', 'jsysvcoldildym', 'klnrbicimtj']
['xlndwhqjzwu', 'jmjzlxndwz', 'uabkhswsy', 'jfmd', 'hneuntwcbrionj', 'eaiw', 'jqolt', 'wzjpqysedtenaq', 'bxjvtgnxmzlf', 'gvhbyfzintdl', 'qhkhnasnf', 'cjgyvcvxclehzf', 'dbggbc', 'fbapgfogwn', 'pysq', 'qwpainsdo']
['qploeeqtnqdoz', 'suiffkcmjatqe', 'tucetaxjmtuc', 'xstlohxodxtw', 'vzmrgwwbcwrct', 'fxczzbq', 'jickwmu', 'qvenwoyb', 'uzrvuhnxncrxl', 'uzydlygxxfkgxn', 'fjeenz', 'a', 'tj', 'qunrctvfhqusml', 'pdn', 'tnpmyqonunnwe']
['vsnz', 'bepkqb', 'zjbdut', 'afncyu', 'fmmddwl', 'ibxd', 'je', 'gpgcvdvurv', 'q', 'wgofwn', 'urjhltgkjnq', 'vejp', 'nqj']
['etziwamnt', 'hijhpqxrtwpw', 'ksvfrkff', 'tno', 'zbcsdbhilkgr', 'yegblbnuzt', 'vmcgdf', 'wxaumngssenzd', 'wxfmzpjmwda', 'cjewbdmeajhvjf', 'quxwagw', 'okocbk']
['mseyxc', 'juevlc', 'pn', 'irktzyhtbl', 'rylu', 'cfxox', 'kbjhohp', 'r', 'xqkqfwvygwjl', 'xtus', 'vjeoz']
['kbo', 'ewexvanks', 'lvlsppjsue', 'azc', 'eejomgo', 'lixgupobttfpm', 'x', 'vekcthccodt', 'roieny', 'avzecxsd']
['fgiqqwwyrzj', 'tmvmx', 'qykcosyvaaaazy', 'ajswbm', 'qtjrarkemdelfr', 'pcoohogddl', 'k', 'dbvb', 'pzqwcmqld', 'mctojvqmkb', 'euoerojyr', 'xppxwktioww', 'ulfs', 'srltmixiv', 'czxcsj']
['gpbvky', 'jwqznf', 'vikiudyya', 'knniwfnsnwja', 'sbqdednjs', 'vv', 'nfsphnjpackab', 'zmjlgdprdot', 'ytcftc', 'hjznslhe', 'fbjt', 'ymi', 'kzm', 'ewjhmctdkhjri', 'qdzolbsezrdfsi', 'nqdiyujq']
['ljztzqj', 'p', 'nmag', 'utqhfq', 'u', 'qlcis', 'lkpldoakvk', 'hdjpmuhdghaho', 'uaxcy', 'xnunumjvjbmmj', 'sxfy', 'uoxcrenqeslq', 'aqzuhasumo', 'vpeqxofxhiy', 'oizf', 'rvyve']
['nsmhi', 'axkscgtourfe', 'wtw', 'tiyougssz', 'dhtcqxknjsr', 'vwxgmflgwy', 'rquuks', 'uqizekbs', 'o', 'wmius', 'arhqvfkecher']
