['adw', 'afu', 'ahs', 'ajq', 'alo', 'anm', 'apk', 'ari']
['abz', 'adx', 'afv', 'aht', 'ajr', 'alp', 'ann', 'apl', 'arj']
['aca', 'ady', 'afw', 'ahu', 'ajs', 'alq', 'ano', 'apm', 'ark']
['acb', 'adz', 'afx', 'ahv', 'ajt', 'alr', 'anp', 'apn', 'arl']
['acc', 'aea', 'afy', 'ahw', 'aju', 'als', 'anq', 'apo', 'arm']
['acd', 'afz', 'ahx', 'ajv', 'alt', 'anr', 'app', 'arn']
['aag', 'ace', 'aec', 'aga', 'ahy', 'ajw', 'alu', 'ans', 'apq', 'aro', 'aaf', 'aap']
['aah', 'acf', 'aed', 'agb', 'ahz', 'ajx', 'alv', 'ant', 'apr', 'arp']
['aai', 'acg', 'aee', 'agc', 'aia', 'ajy', 'alw', 'anu', 'aps', 'arq', 'aad']
['aaj', 'ach', 'aef', 'agd', 'aib', 'ajz', 'alx', 'anv', 'apt', 'arr']
['aak', 'aci', 'aeg', 'age', 'aic', 'aka', 'aly', 'anw', 'apu', 'ars']
['aal', 'aeh', 'agf', 'aid', 'akb', 'alz', 'anx', 'apv', 'art']
['ack', 'aei', 'agg', 'aie', 'akc', 'ama', 'any', 'apw', 'aru']
['aan', 'aej', 'agh', 'aif', 'akd', 'amb', 'anz', 'apx', 'arv']
['aao', 'aek', 'agi', 'aig', 'ake', 'amc', 'aoa', 'apy', 'arw']
['ael', 'agj', 'aih', 'akf', 'amd', 'aob', 'apz', 'arx']
['aem', 'agk', 'aii', 'akg', 'ame', 'aoc', 'aqa', 'ary']
['aar', 'acp', 'aen', 'agl', 'aij', 'akh', 'amf', 'aod', 'aqb', 'arz', 'aaa', 'aab', 'aac', 'aae', 'aam', 'aaq', 'aas', 'aau', 'abi', 'abj', 'abn', 'abr', 'abx', 'aby', 'acj', 'acl', 'acm', 'acn', 'aco', 'acq', 'acv', 'acw', 'adb', 'add', 'adg', 'adp', 'adu', 'aeb']
['aeo', 'agm', 'aik', 'aki', 'amg', 'aoe', 'aqc', 'asa']
['aat', 'acr', 'aep', 'agn', 'ail', 'akj', 'amh', 'aof', 'aqd', 'asb']
['acs', 'aeq', 'ago', 'aim', 'akk', 'ami', 'aog', 'aqe', 'asc']
['aav', 'act', 'aer', 'agp', 'ain', 'akl', 'amj', 'aoh', 'aqf', 'asd']
['aaw', 'acu', 'aes', 'agq', 'aio', 'akm', 'amk', 'aoi', 'aqg', 'ase']
['aax', 'aet', 'agr', 'aip', 'akn', 'aml', 'aoj', 'aqh', 'asf']
['aay', 'aeu', 'ags', 'aiq', 'ako', 'amm', 'aok', 'aqi', 'asg']
['aaz', 'acx', 'aev', 'agt', 'air', 'akp', 'amn', 'aol', 'aqj', 'ash']
['aba', 'acy', 'aew', 'agu', 'ais', 'akq', 'amo', 'aom', 'aqk', 'asi']
['abb', 'acz', 'aex', 'agv', 'ait', 'akr', 'amp', 'aon', 'aql', 'asj']
['abc', 'ada', 'aey', 'agw', 'aiu', 'aks', 'amq', 'aoo', 'aqm', 'ask']
['aez', 'agx', 'aiv', 'akt', 'amr', 'aop', 'aqn', 'asl']
['abe', 'adc', 'afa', 'agy', 'aiw', 'aku', 'ams', 'aoq', 'aqo', 'asm', 'abd']
['abf', 'afb', 'agz', 'aix', 'akv', 'amt', 'aor', 'aqp', 'asn']
['abg', 'ade', 'afc', 'aha', 'aiy', 'akw', 'amu', 'aos', 'aqq', 'aso']
['abh', 'adf', 'afd', 'ahb', 'aiz', 'akx', 'amv', 'aot', 'aqr', 'asp']
['afe', 'ahc', 'aja', 'aky', 'amw', 'aou', 'aqs', 'asq']
['adh', 'aff', 'ahd', 'ajb', 'akz', 'amx', 'aov', 'aqt', 'asr']
['abk', 'adi', 'afg', 'ahe', 'ajc', 'ala', 'amy', 'aow', 'aqu', 'ass']
['abl', 'adj', 'afh', 'ahf', 'ajd', 'alb', 'amz', 'aox', 'aqv', 'ast']
['abm', 'adk', 'afi', 'ahg', 'aje', 'alc', 'ana', 'aoy', 'aqw', 'asu']
['adl', 'afj', 'ahh', 'ajf', 'ald', 'anb', 'aoz', 'aqx', 'asv']
['abo', 'adm', 'afk', 'ahi', 'ajg', 'ale', 'anc', 'apa', 'aqy', 'asw']
['abp', 'adn', 'afl', 'ahj', 'ajh', 'alf', 'and', 'apb', 'aqz', 'asx']
['abq', 'ado', 'afm', 'ahk', 'aji', 'alg', 'ane', 'apc', 'ara', 'asy']
['afn', 'ahl', 'ajj', 'alh', 'anf', 'apd', 'arb', 'asz']
['abs', 'adq', 'afo', 'ahm', 'ajk', 'ali', 'ang', 'ape', 'arc', 'ata']
['abt', 'adr', 'afp', 'ahn', 'ajl', 'alj', 'anh', 'apf', 'ard', 'atb']
['abu', 'ads', 'afq', 'aho', 'ajm', 'alk', 'ani', 'apg', 'are', 'atc']
['abv', 'adt', 'afr', 'ahp', 'ajn', 'all', 'anj', 'aph', 'arf', 'atd']
['abw', 'afs', 'ahq', 'ajo', 'alm', 'ank', 'api', 'arg', 'ate']
['adv', 'aft', 'ahr', 'ajp', 'aln', 'anl', 'apj', 'arh', 'atf']
