['4', '173', '474', '240', '307', '172', '324', '61', '398', '455', '294', '270']
['393', '300']
['396', '381', '314', '291', '132']
['85', '451', '401']
['405', '42', '135', '30', '454', '228']
['21', '319', '389']
['70', '274', '16', '285', '137']
['139', '320']
['366', '360', '460', '111', '59', '56', '493', '230', '448']
['13', '28', '102', '23']
['7', '192', '476', '134', '461', '441', '377', '347', '265']
['125', '373', '414', '45', '171']
['430', '53', '41', '254']
['338', '298', '471', '301', '68', '116', '408']
['491', '380', '148']
['385', '205', '263', '239']
['494', '203', '390', '361', '58', '358', '304', '348', '181', '105']
['209', '247', '202', '220', '375', '432', '226', '407']
['458']
['24', '295', '235', '403', '47', '179', '50', '168']
['87', '326', '333', '276']
['196', '431', '321', '91']
['138', '332', '214']
['142', '397']
['345', '483', '90', '136', '266', '421', '335', '340']
['106', '2', '22', '108', '34', '252', '312', '227', '35']
['309']
['422', '10', '296']
['92', '250', '330', '29']
['64', '77']
['55', '466', '51']
['349', '112']
['411', '287', '175', '277', '427', '197', '101', '315', '167', '382', '241', '99']
['369', '31', '305', '464', '383', '329']
['443', '123', '234', '229']
['178', '140', '201', '242']
['32', '131']
['452', '353', '129', '260', '417', '499', '368', '459', '447']
['225', '152']
['156', '96', '497', '355', '248']
['437', '190', '342', '388', '363', '356', '160', '66', '84', '289', '193', '199', '322']
['195', '308', '145', '27', '327', '117', '371', '456', '180', '409', '88', '222']
['480', '184', '490']
['198', '236', '283', '268', '158']
['176', '362']
['257', '39', '412']
['473', '164', '119', '89', '500', '115', '207', '479', '453', '130']
['310', '133']
['185', '210', '208', '387', '72', '317', '495', '244']
['169', '470', '25']
['444', '303', '9', '433', '74', '365', '488', '386']
['402', '94']
['219', '216', '3', '223', '213']
['211', '186', '469', '364']
['67', '246']
['5', '232', '155', '177', '153', '343', '126']
['98', '438']
['238', '284', '166', '141']
['273', '482', '52', '183', '275', '259']
['489', '297']
['26', '182', '281', '435']
['376', '127']
['440', '37']
['496', '18']
['413', '95', '187', '243', '33', '262', '43', '120', '113', '69', '334', '218', '485', '269', '150', '293', '449']
['81', '224', '391', '336', '233', '344', '399', '318']
['143', '60', '352', '62', '146', '118', '299', '54']
['124', '144', '11', '249', '147', '425']
['79', '162', '325', '306']
['245', '149', '372', '337']
['237', '477']
['154', '48', '44']
['107', '188', '418', '157']
['82', '367', '302', '80', '191', '97', '280']
['65', '350', '46', '73', '163']
['110', '165', '492', '128', '57']
['370', '14', '121', '12']
['76', '278']
['434', '17', '346']
['194', '311', '282', '404']
['200', '436', '428', '63', '204', '424', '253', '83', '251']
['415', '49', '215', '20', '256', '481', '351', '159', '394']
['217', '1', '212', '341', '290']
['462', '465', '114', '255', '420']
['75', '93']
['15', '292', '170', '221']
['475', '122', '19', '38', '472', '484']
['498', '374']
['426', '378', '271', '416', '439', '487', '357', '467', '328', '272']
['410', '261', '279', '286', '288', '442']
['231', '71', '392', '86', '457']
['6', '109', '419', '400']
['104', '478', '40', '429']
['450']
['359', '445', '406']
['36', '339', '395', '423', '151']
['264', '100', '78']
['313', '8', '331', '384', '354', '258', '189', '103', '446']
['206', '174', '379', '323', '267']
['161', '486', '316', '463', '468']
