['0', '60', '80', '99', '160', '180', '200', '240', '260', '300', '400', '419', '460', '480', '59', '61', '79', '81', '100', '159', '161', '179', '181', '199', '239', '241', '259', '261', '299', '301', '399', '401', '420', '459', '479', '481']
['2', '21', '101', '120', '141', '221', '320', '341', '361', '380', '421', '440', '20', '22', '102', '121', '140', '220', '222', '321', '340', '360', '362', '381', '422', '441']
['1', '41', '62', '82', '122', '162', '182', '201', '242', '262', '281', '302', '322', '382', '402', '442', '461', '42', '83', '123', '163', '183', '202', '243', '263', '282', '303', '323', '383', '403', '443', '462']
['3', '23', '43', '103', '142', '203', '223', '283', '342', '363', '423', '463', '482', '44', '104', '143', '204', '284', '343', '424', '464', '483']
['4', '63', '84', '124', '144', '164', '184', '244', '264', '324', '344', '384', '444', '484', '64', '85', '125', '145', '185', '265', '325', '345', '385', '445', '485']
['5', '24', '45', '65', '105', '205', '224', '285', '304', '364', '404', '425', '465', '25', '46', '66', '206', '225', '286', '305', '365', '405', '466']
['6', '26', '126', '146', '165', '186', '226', '245', '306', '326', '346', '366', '386', '406', '446', '486', '127', '166', '246']
['7', '47', '67', '86', '106', '167', '207', '247', '266', '287', '426', '467', '427']
['8', '28', '88', '108', '148', '187', '228', '268', '308', '327', '348', '368', '388', '408', '428', '447', '488', '27', '29', '87', '89', '107', '109', '147', '149', '188', '227', '229', '267', '269', '307', '309', '328', '347', '349', '367', '369', '387', '407', '487']
['48', '69', '128', '169', '189', '209', '249', '288', '329', '449', '468', '49', '68', '70', '129', '168', '170', '190', '208', '248', '250', '289', '330', '448', '450', '469']
['9', '30', '50', '90', '110', '130', '230', '270', '290', '310', '370', '389', '410', '430', '470', '489', '10', '31', '51', '91', '111', '131', '231', '271', '291', '371', '390', '409', '411', '429', '431', '471', '490']
['11', '150', '191', '210', '251', '331', '350', '391', '451', '491', '12', '151', '192', '211', '332', '351', '392', '452', '492']
['32', '52', '71', '92', '112', '132', '152', '171', '212', '272', '292', '311', '352', '432', '472', '53', '72', '113', '133', '153', '172', '213', '293', '312', '353', '473']
['13', '73', '173', '193', '232', '252', '313', '333', '372', '393', '412', '453', '493', '14', '74', '174', '233', '253', '314', '334', '373', '394', '413', '494']
['33', '54', '93', '134', '154', '214', '234', '254', '273', '294', '354', '374', '414', '433', '34', '55', '94', '274', '295', '434']
['15', '35', '75', '95', '114', '175', '194', '275', '315', '395', '435', '454', '474', '495', '16', '496']
['116', '135', '156', '196', '216', '236', '256', '335', '356', '376', '416', '456', '476', '115', '117', '136', '155', '157', '195', '197', '215', '235', '237', '255', '257', '336', '355', '375', '377', '415', '417', '455', '457', '475', '477']
['37', '56', '77', '97', '137', '177', '277', '296', '317', '337', '396', '437', '36', '38', '57', '76', '96', '98', '138', '176', '276', '278', '297', '316', '318', '338', '397', '436', '438']
['17', '58', '118', '198', '217', '298', '357', '378', '398', '418', '458', '478', '497', '18', '119', '218', '358', '379', '498']
['19', '39', '78', '139', '158', '178', '219', '238', '258', '279', '319', '339', '359', '439', '499', '40', '280']
