['100', '200', '400', '500', '600', '700', '800', '900', '17', '679']
['101', '201', '401', '501', '601', '701', '801', '901', '18', '103', '120']
['302', '402', '502', '602', '702', '802', '902', '33', '81', '209', '612']
['203', '303', '503', '603', '703', '803', '903', '26', '34', '89']
['104', '204', '304', '404', '504', '604', '704', '804', '904', '42', '176', '194']
['105', '205', '405', '505', '605', '705', '805', '905', '140', '313']
['106', '206', '306', '406', '506', '606', '706', '806', '906', '115', '252']
['107', '307', '407', '507', '707', '807', '907', '21']
['108', '308', '408', '508', '608', '708', '808', '908', '67']
['109', '409', '509', '609', '709', '809', '909']
['210', '310', '410', '510', '610', '710', '810', '910', '41', '43', '202']
['111', '211', '311', '411', '511', '611', '711', '811', '911', '931']
['112', '212', '312', '412', '512', '712', '812', '912', '57', '75', '93']
['113', '213', '413', '613', '713', '813', '913', '0', '85', '191', '818']
['114', '214', '314', '414', '514', '614', '714', '814', '914', '53', '155']
['15', '215', '315', '415', '515', '615', '715', '815', '915', '73', '77']
['216', '316', '416', '516', '616', '716', '816', '916', '23', '35', '301']
['217', '317', '417', '517', '617', '717', '817', '917', '207']
['118', '218', '318', '418', '618', '718', '918']
['119', '219', '319', '419', '519', '619', '719', '819', '919', '38', '66', '470']
['320', '520', '620', '720', '820', '920', '11', '427']
['121', '221', '321', '421', '521', '621', '721', '821', '921', '2', '32', '110']
['122', '222', '322', '422', '522', '622', '722', '822', '922', '56', '59', '240']
['123', '223', '323', '423', '523', '623', '723', '823', '923', '1', '376', '607']
['124', '224', '324', '424', '524', '624', '724', '824', '924', '88']
['125', '225', '325', '425', '525', '625', '725', '825', '925', '8']
['226', '326', '426', '526', '626', '726', '826', '926', '484']
['127', '227', '327', '527', '627', '727', '827', '927', '82']
['28', '128', '228', '328', '428', '528', '628', '728', '828', '928', '13', '29']
['129', '229', '329', '429', '529', '629', '729', '829', '929', '20', '208', '241']
['230', '330', '430', '530', '630', '730', '830', '930', '19', '49', '63']
['31', '131', '231', '331', '431', '531', '731', '30', '65', '954']
['132', '232', '332', '432', '532', '632', '732', '832', '932']
['133', '233', '333', '433', '533', '633', '733', '833', '933']
['134', '334', '534', '634', '734', '834', '934']
['135', '235', '335', '435', '535', '635', '735', '835', '935', '9', '518', '547']
['236', '336', '436', '536', '636', '736', '836', '936', '12', '513']
['37', '137', '237', '337', '437', '537', '637', '737', '837', '937', '3', '68']
['138', '238', '338', '438', '538', '638', '738', '838', '938', '10', '234', '696']
['39', '239', '339', '439', '539', '639', '739', '839', '939', '173']
['40', '340', '440', '540', '640', '740', '940', '47']
['141', '341', '441', '541', '641', '741', '841']
['242', '342', '442', '542', '642', '742', '842', '942', '6']
['143', '243', '343', '443', '543', '643', '743', '843', '943', '4', '671']
['44', '144', '244', '344', '444', '544', '644', '744', '844', '944', '279']
['45', '145', '245', '345', '445', '545', '645', '745', '845', '945', '36', '305']
['46', '146', '246', '346', '446', '546', '646', '746', '846', '946', '7', '97']
['147', '247', '347', '447', '647', '747', '847', '947', '117']
['48', '248', '348', '448', '548', '648', '748', '848', '948']
['249', '349', '449', '549', '649', '749', '849', '949', '22']
['50', '150', '250', '350', '450', '550', '650', '750', '850', '950']
['51', '251', '351', '451', '551', '651', '751', '851', '951', '220']
['52', '152', '352', '452', '552', '652', '752', '852', '952', '71', '420']
['153', '253', '353', '453', '653', '753', '853', '953']
['54', '154', '254', '354', '454', '554', '654', '754', '854']
['55', '255', '355', '455', '555', '655', '755', '855', '955', '189', '309']
['156', '256', '356', '456', '556', '656', '756', '856', '956', '24']
['157', '257', '357', '457', '557', '657', '757', '857', '957', '840']
['58', '158', '258', '358', '458', '558', '658', '758', '958']
['159', '259', '359', '459', '559', '659', '759', '859', '959', '151']
['60', '160', '260', '360', '460', '560', '660', '760', '860', '960', '170', '880']
['161', '261', '361', '461', '561', '661', '761', '861', '961']
['62', '162', '262', '362', '462', '562', '662', '762', '862', '136', '389']
['163', '263', '363', '463', '563', '663', '763', '863', '963', '148', '187']
['64', '164', '264', '364', '464', '564', '664', '764', '864', '964']
['165', '265', '365', '465', '565', '665', '765', '865', '965']
['166', '266', '366', '466', '566', '666', '766', '866', '966']
['167', '267', '367', '467', '567', '667', '767', '867', '967']
['168', '268', '368', '468', '568', '668', '768', '868', '968', '5', '14']
['69', '169', '269', '369', '469', '569', '669', '769', '869', '969', '126']
['70', '270', '370', '570', '670', '770', '870', '970', '61', '102']
['171', '271', '371', '471', '571', '771', '871', '971']
['172', '272', '372', '472', '572', '672', '772', '872', '972', '689']
['273', '373', '473', '573', '673', '773', '873', '973', '142']
['74', '174', '274', '374', '474', '574', '674', '774', '874', '974', '286', '396']
['175', '275', '375', '475', '575', '675', '775', '875', '975', '116', '403']
['76', '276', '476', '576', '676', '776', '876', '976', '831']
['177', '277', '377', '477', '577', '677', '777', '877', '977']
['78', '178', '278', '378', '478', '578', '678', '778', '878', '978']
['179', '379', '479', '579', '779', '879', '979']
['80', '180', '280', '380', '480', '580', '680', '780', '980', '25', '139']
['181', '281', '381', '481', '581', '681', '781', '881', '981']
['182', '282', '382', '482', '582', '682', '782', '882', '982', '149', '553']
['83', '183', '283', '383', '483', '583', '683', '783', '883', '983', '79', '631']
['84', '184', '284', '384', '684', '784', '884', '984']
['185', '285', '385', '485', '585', '685', '785', '885', '985', '693']
['86', '186', '386', '486', '586', '686', '786', '886', '986', '16', '90']
['87', '287', '387', '487', '587', '687', '787', '887', '987']
['188', '288', '388', '488', '588', '688', '788', '888', '988']
['289', '489', '589', '789', '889', '989']
['190', '290', '390', '490', '590', '690', '790', '890', '990', '858']
['91', '291', '391', '491', '591', '691', '791', '891', '991']
['92', '192', '292', '392', '492', '592', '692', '792', '892', '992', '941', '962']
['193', '293', '393', '493', '593', '793', '893', '993']
['94', '294', '394', '494', '594', '694', '794', '894', '994', '300']
['95', '195', '295', '395', '495', '595', '695', '795', '895', '995', '584']
['96', '196', '296', '496', '596', '796', '896', '996', '99']
['197', '297', '397', '497', '597', '697', '797', '897', '997']
['98', '198', '298', '398', '498', '598', '698', '798', '898', '998', '434']
['199', '299', '399', '499', '599', '699', '799', '899', '999', '27', '72', '130']
