['139', '689', '83', '688', '553', '436', '570', '502', '3', '371', '649', '713', '230', '402', '425', '503', '431', '44', '353', '669', '298', '215', '427']
['630', '111', '660', '110', '348', '296', '680', '507', '312', '174', '552', '687', '309', '658', '701', '351', '483', '395', '116', '60', '199', '191', '366', '241', '667']
['370', '443', '444', '52', '651', '508', '336', '36', '544', '593', '103', '573', '61', '208', '423', '284', '313', '217', '119', '474', '488', '240']
['321', '726', '283', '634', '722', '299', '229', '674', '563', '213', '256', '13', '357', '450', '664', '252']
['189', '489', '334', '71', '569', '459', '238', '513', '424', '107', '560', '479']
['724', '338', '49', '194', '719', '495', '711', '130', '192', '361', '404', '635', '403', '591', '388', '30', '279', '434', '69', '681', '77', '163', '504']
['567', '693', '540', '344', '486', '322', '25', '702', '216', '391', '331', '697', '269', '82']
['475', '109', '249', '235', '178', '221', '580', '704', '714', '467', '499', '9', '29', '505', '92', '154']
['673', '28', '571', '347', '656', '385', '91', '169', '433', '10', '172', '317', '220', '301', '151']
['5', '723', '517', '556', '420', '144', '22', '458', '725', '160', '339', '453', '318', '519', '234', '84', '529']
['498', '511', '491', '590', '236', '94', '588', '195', '700', '6', '490', '143', '712', '115', '421', '98']
['0', '175', '616', '75', '435', '104', '550', '324', '231', '390', '389', '112', '248', '585', '183']
['295', '606', '596', '20', '99', '547', '23', '628', '438', '615', '89', '280', '464', '40', '222']
['468', '566', '542', '288', '327', '369', '33', '465', '207', '610', '128', '343', '607', '545', '510', '562', '225']
['539', '521', '74', '410', '17', '190', '138', '646', '617', '67', '720', '310', '587', '620', '522']
['253', '727', '180', '367', '472', '598', '708', '399', '359', '47', '461', '125', '149', '412', '555', '451']
['267', '278', '342', '382', '611', '79', '272', '58', '636', '639', '196', '188', '684', '497', '583', '270', '694', '150']
['118', '523', '307', '463', '260', '341', '530', '432', '671', '576', '153', '35', '363', '329', '487', '59']
['623', '551', '166', '239', '346', '413', '42', '261', '16', '629', '394', '265']
['114', '127', '460', '209', '601', '303', '264', '481', '105', '182', '548', '686', '123', '37', '147']
['561', '717', '155', '214', '48', '445', '349', '476', '428', '333', '710', '683', '358']
['171', '655', '345', '108', '549', '167', '622', '124', '64']
['494', '614', '631', '157', '643', '197', '589', '430', '448', '271', '156', '135', '422']
['543', '509', '1', '53', '647', '605', '304', '332', '579', '473', '663', '355', '454', '281']
['31', '244', '439', '437', '14', '652', '204', '392', '65', '319', '672', '554', '515', '581', '558', '145']
['411', '45', '429', '50', '608', '39', '245', '38', '330', '282', '682', '57', '500', '397', '290', '520', '140', '482', '87', '416', '541']
['19', '211', '159', '337', '457', '372', '407', '177', '287', '120', '275', '624', '129', '141', '568', '493', '592']
['179', '662', '645', '173', '86', '415', '418', '316']
['557', '133', '380', '340', '574', '164', '122', '62', '72', '381', '638', '242', '640', '206', '203', '599', '564', '292', '546']
['514', '409', '227', '246', '8', '512', '419', '121', '181', '152', '198', '602', '666']
['466', '641', '449', '621', '452', '447', '73', '374', '690', '378', '96', '478', '148', '376', '93', '584', '294', '538']
['254', '7', '308', '379', '496', '709', '648', '368', '532', '609', '90', '168', '158', '572', '469', '661', '219', '228']
['297', '237', '633', '594', '577', '255', '200', '559', '703', '373', '441', '383', '586', '501', '535', '101', '320', '350', '21', '306', '518', '233', '677', '396', '293', '678', '721', '51', '81']
['506', '675', '442', '132', '408', '193', '619', '97', '575', '685', '718', '95', '386', '716', '277', '426', '185', '286', '698', '210', '262', '715']
['650', '247', '462', '24', '162', '626', '2', '113', '12', '375', '625', '691', '533', '377', '137', '302', '56', '470', '186']
['289', '417', '218', '41', '642', '356', '400', '531', '315', '352', '393', '384', '202', '406', '102']
['106', '257', '705', '670', '360', '401', '578', '612', '582', '46', '707', '536', '668', '534', '165', '492', '565', '226', '699', '131', '55', '659', '205']
['354', '258', '446', '311', '335', '314', '142', '516', '305', '325', '268', '604', '706', '80', '387', '364', '223', '291']
['362', '4', '398', '68', '146', '184', '323', '603', '34', '632', '326', '524', '176', '285']
['70', '161', '54', '78', '654', '85', '251', '676', '263', '63', '597', '32', '273', '456', '11', '405', '136', '18', '76', '679', '477']
['480', '528', '170', '365', '692', '595', '665', '696', '414', '600', '657', '224', '274', '15', '471', '328', '232', '117', '187', '525', '695', '527']
['259', '27', '300', '484', '653', '637', '134', '485', '26', '613', '276']
['201', '440', '537', '243', '627', '526', '455', '212', '43', '100', '88', '644', '126', '266', '250', '66', '618']
