['0', '120', '140', '260', '280', '300', '320', '360', '380', '400', '420', '460', '480', '500', '520', '540', '560', '580', '600', '620', '640', '660', '680', '740', '13', '28', '47', '57', '62', '75', '105', '119', '189', '249', '279', '291', '292', '397', '470', '502', '619', '669']
['1', '121', '141', '161', '181', '201', '221', '261', '281', '301', '321', '341', '361', '401', '441', '481', '501', '521', '541', '561', '581', '601', '621', '641', '661', '681', '701', '721', '741', '16', '32', '34', '51', '56', '66', '70', '73', '84', '110', '139', '177', '200', '268', '325', '358', '413', '428', '525', '547', '554']
['122', '142', '162', '182', '222', '242', '262', '282', '302', '322', '342', '362', '382', '422', '442', '462', '482', '522', '542', '562', '582', '602', '622', '662', '682', '702', '722', '742', '9', '21', '40', '41', '91', '104', '113', '125', '159', '236', '312', '315', '383', '455', '471', '474', '589', '595', '632']
['23', '83', '103', '123', '143', '183', '223', '243', '283', '303', '323', '363', '403', '423', '443', '483', '503', '523', '543', '583', '603', '623', '643', '663', '683', '703', '723', '743', '4', '10', '14', '17', '82', '97', '137', '212', '421', '461', '624', '627', '677', '739']
['24', '64', '144', '204', '244', '264', '304', '344', '364', '384', '404', '424', '444', '464', '484', '504', '524', '544', '564', '584', '604', '644', '664', '684', '704', '744', '5', '12', '20', '46', '53', '59', '63', '74', '76', '111', '180', '211', '257', '295', '299', '340', '457', '514', '630', '657', '668']
['25', '65', '85', '145', '165', '185', '205', '225', '245', '265', '285', '305', '345', '365', '385', '405', '445', '465', '485', '505', '545', '565', '585', '605', '645', '665', '685', '705', '725', '745', '44', '60', '78', '107', '131', '164', '248', '271', '406', '598', '650', '673', '720']
['26', '86', '146', '186', '206', '226', '266', '286', '306', '326', '346', '366', '386', '426', '446', '466', '486', '506', '526', '546', '566', '586', '606', '626', '646', '666', '686', '706', '726', '746', '42', '43', '55', '80', '102', '138', '150', '170', '174', '178', '190', '215', '240', '251', '276', '436', '498', '556', '588', '648']
['27', '127', '147', '167', '187', '207', '227', '247', '267', '287', '307', '327', '347', '367', '387', '407', '427', '447', '467', '487', '507', '527', '567', '587', '607', '647', '667', '687', '707', '727', '747', '6', '52', '61', '71', '95', '101', '106', '132', '163', '184', '192', '202', '220', '250', '272', '297', '318', '625']
['68', '88', '108', '148', '168', '188', '288', '308', '328', '348', '368', '388', '408', '448', '468', '488', '508', '528', '548', '568', '608', '628', '688', '708', '728', '748', '22', '130', '311', '350', '381', '517', '736']
['69', '109', '129', '149', '169', '209', '229', '269', '289', '309', '329', '349', '369', '389', '409', '429', '449', '469', '489', '509', '529', '549', '569', '609', '629', '649', '689', '709', '729', '749', '30', '72', '100', '194', '203', '231', '516', '642', '724']
['50', '210', '230', '270', '290', '310', '330', '370', '390', '410', '430', '450', '490', '510', '550', '570', '590', '610', '670', '690', '710', '730', '3', '36', '208', '224']
['11', '31', '151', '171', '331', '351', '371', '391', '411', '431', '451', '491', '511', '531', '551', '571', '591', '611', '631', '651', '671', '691', '711', '751', '54', '67', '99', '275', '433']
['92', '112', '152', '172', '232', '252', '332', '352', '372', '392', '412', '432', '452', '472', '492', '512', '532', '552', '572', '592', '612', '652', '672', '692', '712', '732', '752', '7', '19', '89', '90', '128', '160', '191', '241', '337', '402', '731', '750']
['33', '93', '133', '153', '173', '193', '213', '233', '253', '293', '313', '333', '353', '373', '393', '453', '473', '493', '513', '553', '573', '593', '613', '633', '653', '693', '713', '733', '753', '48', '79', '228', '336', '357', '425', '530']
['94', '114', '134', '154', '214', '254', '274', '294', '314', '334', '354', '374', '394', '414', '434', '454', '494', '594', '614', '634', '654', '674', '694', '714', '734', '754', '8', '45', '81', '417', '440', '463']
['35', '115', '135', '155', '175', '235', '255', '335', '355', '375', '395', '435', '475', '495', '515', '535', '555', '575', '615', '635', '655', '675', '695', '715', '735', '755', '49', '379', '533']
['96', '116', '136', '156', '176', '216', '256', '296', '316', '356', '376', '396', '416', '456', '476', '496', '536', '576', '596', '616', '636', '656', '676', '696', '716', '756', '29', '39', '166', '195', '218', '234', '246', '277', '284', '343', '415', '534', '574']
['37', '117', '157', '197', '217', '237', '317', '377', '437', '477', '497', '537', '557', '577', '597', '617', '637', '697', '717', '737', '2', '563']
['18', '38', '58', '98', '118', '158', '198', '238', '258', '278', '298', '338', '378', '398', '418', '438', '458', '478', '518', '538', '558', '578', '618', '638', '658', '678', '698', '718', '738', '87', '126', '196', '263', '273', '324']
['179', '199', '219', '239', '259', '319', '339', '359', '399', '419', '439', '459', '479', '499', '519', '539', '559', '579', '599', '639', '659', '679', '699', '719', '15', '77', '124', '700']
