['aef', 'aik', 'amp', 'aqu', 'auz', 'aze', 'bdj', 'bho', 'blt']
['aeg', 'ail', 'amq', 'aqv', 'ava', 'azf', 'bdk', 'bhp', 'blu', 'abh', 'ago']
['aim', 'amr', 'aqw', 'azg', 'bdl', 'bhq', 'blv', 'aaa']
['aei', 'ain', 'ams', 'aqx', 'avc', 'azh', 'bdm', 'bhr', 'blw']
['aae', 'aej', 'aio', 'amt', 'aqy', 'avd', 'azi', 'bdn', 'bhs', 'blx', 'aad', 'acs', 'adw', 'afq', 'apj', 'atw', 'bek']
['aaf', 'aek', 'aip', 'amu', 'aqz', 'ave', 'azj', 'bdo', 'bht', 'bly', 'aah']
['aiq', 'amv', 'ara', 'avf', 'azk', 'bdp', 'bhu', 'blz']
['aem', 'air', 'amw', 'arb', 'avg', 'azl', 'bdq', 'bhv', 'bma']
['aai', 'aen', 'ais', 'amx', 'arc', 'avh', 'azm', 'bdr', 'bhw', 'bmb', 'aab', 'aeh', 'ael', 'afe', 'afu', 'agh', 'aij', 'anw', 'apb', 'apw', 'atk', 'bji']
['aaj', 'aeo', 'ait', 'amy', 'ard', 'avi', 'azn', 'bds', 'bhx', 'bmc']
['aak', 'aep', 'aiu', 'amz', 'are', 'avj', 'azo', 'bdt', 'bhy', 'bmd', 'aac', 'axq', 'bln']
['aal', 'aeq', 'aiv', 'ana', 'arf', 'avk', 'azp', 'bdu', 'bhz', 'bme']
['aam', 'aer', 'aiw', 'anb', 'arg', 'avl', 'azq', 'bdv', 'bia', 'bmf']
['aan', 'aes', 'aix', 'anc', 'arh', 'avm', 'azr', 'bdw', 'bib', 'bmg', 'abk', 'avb']
['aet', 'aiy', 'and', 'ari', 'avn', 'azs', 'bdx', 'bic', 'bmh']
['aeu', 'aiz', 'ane', 'arj', 'avo', 'azt', 'bdy', 'bid', 'bmi']
['aaq', 'aev', 'aja', 'anf', 'ark', 'avp', 'azu', 'bdz', 'bie', 'bmj', 'aag', 'aqg']
['aew', 'ajb', 'ang', 'arl', 'avq', 'azv', 'bea', 'bif', 'bmk']
['aas', 'aex', 'ajc', 'anh', 'arm', 'avr', 'azw', 'beb', 'big', 'bml']
['aat', 'aey', 'ajd', 'ani', 'arn', 'avs', 'azx', 'bec', 'bih']
['aau', 'aez', 'aje', 'anj', 'aro', 'avt', 'azy', 'bed', 'bii']
['aav', 'afa', 'ajf', 'ank', 'arp', 'avu', 'azz', 'bee', 'bij']
['aaw', 'afb', 'ajg', 'anl', 'arq', 'avv', 'baa', 'bef', 'bik']
['afc', 'ajh', 'anm', 'arr', 'avw', 'bab', 'beg', 'bil']
['aay', 'afd', 'aji', 'ann', 'ars', 'avx', 'bac', 'beh', 'bim']
['aaz', 'ajj', 'ano', 'art', 'avy', 'bad', 'bei', 'bin']
['aba', 'aff', 'ajk', 'anp', 'aru', 'avz', 'bae', 'bej', 'bio']
['abb', 'afg', 'ajl', 'anq', 'arv', 'awa', 'baf', 'bip']
['abc', 'afh', 'ajm', 'anr', 'arw', 'awb', 'bag', 'bel', 'biq']
['abd', 'afi', 'ajn', 'ans', 'arx', 'awc', 'bah', 'bem', 'bir']
['abe', 'afj', 'ajo', 'ant', 'ary', 'awd', 'bai', 'ben', 'bis']
['abf', 'afk', 'ajp', 'anu', 'arz', 'awe', 'baj', 'beo', 'bit']
['abg', 'afl', 'ajq', 'anv', 'asa', 'awf', 'bak', 'bep', 'biu']
['afm', 'ajr', 'asb', 'awg', 'bal', 'beq', 'biv']
['abi', 'afn', 'ajs', 'anx', 'asc', 'awh', 'bam', 'ber', 'biw', 'aap']
['abj', 'afo', 'ajt', 'any', 'asd', 'awi', 'ban', 'bes', 'bix']
['afp', 'aju', 'anz', 'ase', 'awj', 'bao', 'bet', 'biy']
['abl', 'ajv', 'aoa', 'asf', 'awk', 'bap', 'beu', 'biz']
['abm', 'afr', 'ajw', 'aob', 'asg', 'awl', 'baq', 'bev', 'bja']
['abn', 'afs', 'ajx', 'aoc', 'ash', 'awm', 'bar', 'bew', 'bjb']
['abo', 'aft', 'ajy', 'aod', 'asi', 'awn', 'bas', 'bex', 'bjc']
['abp', 'ajz', 'aoe', 'asj', 'awo', 'bat', 'bey', 'bjd']
['abq', 'afv', 'aka', 'aof', 'ask', 'awp', 'bau', 'bez', 'bje']
['abr', 'afw', 'akb', 'aog', 'asl', 'awq', 'bav', 'bfa', 'bjf']
['abs', 'afx', 'akc', 'aoh', 'asm', 'awr', 'baw', 'bfb', 'bjg', 'adx']
['abt', 'afy', 'akd', 'aoi', 'asn', 'aws', 'bax', 'bfc', 'bjh', 'aar', 'aco']
['abu', 'afz', 'ake', 'aoj', 'aso', 'awt', 'bay', 'bfd']
['abv', 'aga', 'akf', 'aok', 'asp', 'awu', 'baz', 'bfe', 'bjj']
['abw', 'agb', 'akg', 'aol', 'asq', 'awv', 'bba', 'bff', 'bjk']
['abx', 'agc', 'akh', 'aom', 'asr', 'aww', 'bbb', 'bfg', 'bjl']
['aby', 'agd', 'aki', 'aon', 'ass', 'awx', 'bbc', 'bfh', 'bjm']
['abz', 'age', 'akj', 'aoo', 'ast', 'awy', 'bbd', 'bfi', 'bjn', 'ahu', 'bgl']
['aca', 'agf', 'akk', 'aop', 'asu', 'awz', 'bbe', 'bfj', 'bjo']
['acb', 'agg', 'akl', 'aoq', 'asv', 'axa', 'bbf', 'bfk', 'bjp']
['acc', 'akm', 'aor', 'asw', 'axb', 'bbg', 'bfl', 'bjq']
['acd', 'agi', 'akn', 'aos', 'asx', 'axc', 'bbh', 'bfm', 'bjr']
['ace', 'agj', 'ako', 'aot', 'asy', 'axd', 'bbi', 'bfn', 'bjs']
['acf', 'agk', 'akp', 'aou', 'asz', 'axe', 'bbj', 'bfo', 'bjt']
['acg', 'agl', 'akq', 'aov', 'ata', 'axf', 'bbk', 'bfp', 'bju']
['ach', 'agm', 'akr', 'aow', 'atb', 'axg', 'bbl', 'bfq', 'bjv']
['aci', 'agn', 'aks', 'aox', 'atc', 'axh', 'bbm', 'bfr', 'bjw']
['acj', 'akt', 'aoy', 'atd', 'axi', 'bbn', 'bfs', 'bjx']
['ack', 'agp', 'aku', 'aoz', 'ate', 'axj', 'bbo', 'bft', 'bjy']
['acl', 'agq', 'akv', 'apa', 'atf', 'axk', 'bbp', 'bfu', 'bjz']
['acm', 'agr', 'akw', 'atg', 'axl', 'bbq', 'bfv', 'bka']
['acn', 'ags', 'akx', 'apc', 'ath', 'axm', 'bbr', 'bfw', 'bkb']
['agt', 'aky', 'apd', 'ati', 'axn', 'bbs', 'bfx', 'bkc']
['acp', 'agu', 'akz', 'ape', 'atj', 'axo', 'bbt', 'bfy', 'bkd']
['acq', 'agv', 'ala', 'apf', 'axp', 'bbu', 'bfz', 'bke']
['acr', 'agw', 'alb', 'apg', 'atl', 'bbv', 'bga', 'bkf']
['agx', 'alc', 'aph', 'atm', 'axr', 'bbw', 'bgb', 'bkg']
['act', 'agy', 'ald', 'api', 'atn', 'axs', 'bbx', 'bgc', 'bkh']
['acu', 'agz', 'ale', 'ato', 'axt', 'bby', 'bgd', 'bki']
['acv', 'aha', 'alf', 'apk', 'atp', 'axu', 'bbz', 'bge', 'bkj']
['acw', 'ahb', 'alg', 'apl', 'atq', 'axv', 'bca', 'bgf', 'bkk']
['acx', 'ahc', 'alh', 'apm', 'atr', 'axw', 'bcb', 'bgg', 'bkl']
['acy', 'ahd', 'ali', 'apn', 'ats', 'axx', 'bcc', 'bgh', 'bkm']
['acz', 'ahe', 'alj', 'apo', 'att', 'axy', 'bcd', 'bgi', 'bkn', 'aao', 'aax']
['ada', 'ahf', 'alk', 'app', 'atu', 'axz', 'bce', 'bgj', 'bko']
['adb', 'ahg', 'all', 'apq', 'atv', 'aya', 'bcf', 'bgk', 'bkp']
['adc', 'ahh', 'alm', 'apr', 'ayb', 'bcg', 'bkq']
['add', 'ahi', 'aln', 'aps', 'atx', 'ayc', 'bch', 'bgm', 'bkr']
['ade', 'ahj', 'alo', 'apt', 'aty', 'ayd', 'bci', 'bgn', 'bks']
['adf', 'ahk', 'alp', 'apu', 'atz', 'aye', 'bcj', 'bgo', 'bkt']
['adg', 'ahl', 'alq', 'apv', 'aua', 'ayf', 'bck', 'bgp', 'bku']
['adh', 'ahm', 'alr', 'aub', 'ayg', 'bcl', 'bgq', 'bkv']
['adi', 'ahn', 'als', 'apx', 'auc', 'ayh', 'bcm', 'bgr', 'bkw']
['adj', 'aho', 'alt', 'apy', 'aud', 'ayi', 'bcn', 'bgs', 'bkx']
['adk', 'ahp', 'alu', 'apz', 'aue', 'ayj', 'bco', 'bgt', 'bky']
['adl', 'ahq', 'alv', 'aqa', 'auf', 'ayk', 'bcp', 'bgu', 'bkz']
['adm', 'ahr', 'alw', 'aqb', 'aug', 'ayl', 'bcq', 'bgv', 'bla']
['adn', 'ahs', 'alx', 'aqc', 'auh', 'aym', 'bcr', 'bgw', 'blb']
['ado', 'aht', 'aly', 'aqd', 'aui', 'ayn', 'bcs', 'bgx', 'blc']
['adp', 'alz', 'aqe', 'auj', 'ayo', 'bct', 'bgy', 'bld']
['adq', 'ahv', 'ama', 'aqf', 'auk', 'ayp', 'bcu', 'bgz', 'ble']
['adr', 'ahw', 'amb', 'aul', 'ayq', 'bcv', 'bha', 'blf']
['ads', 'ahx', 'amc', 'aqh', 'aum', 'ayr', 'bcw', 'bhb', 'blg']
['adt', 'ahy', 'amd', 'aqi', 'aun', 'ays', 'bcx', 'bhc', 'blh']
['adu', 'ahz', 'ame', 'aqj', 'auo', 'ayt', 'bcy', 'bhd', 'bli']
['adv', 'aia', 'amf', 'aqk', 'aup', 'ayu', 'bcz', 'bhe', 'blj']
['aib', 'amg', 'aql', 'auq', 'ayv', 'bda', 'bhf', 'blk']
['aic', 'amh', 'aqm', 'aur', 'ayw', 'bdb', 'bhg', 'bll']
['ady', 'aid', 'ami', 'aqn', 'aus', 'ayx', 'bdc', 'bhh', 'blm']
['adz', 'aie', 'amj', 'aqo', 'aut', 'ayy', 'bdd', 'bhi']
['aea', 'aif', 'amk', 'aqp', 'auu', 'ayz', 'bde', 'bhj', 'blo']
['aeb', 'aig', 'aml', 'aqq', 'auv', 'aza', 'bdf', 'bhk', 'blp']
['aec', 'aih', 'amm', 'aqr', 'auw', 'azb', 'bdg', 'bhl', 'blq']
['aed', 'aii', 'amn', 'aqs', 'aux', 'azc', 'bdh', 'bhm', 'blr']
['aee', 'amo', 'aqt', 'auy', 'azd', 'bdi', 'bhn', 'bls']
