['258', '516', '774']
['259', '517', '775', '6']
['260', '518', '776', '26', '65', '173']
['261', '519', '777']
['262', '520', '778']
['263', '521', '779']
['264', '522', '780']
['265', '523', '781']
['266', '524', '782', '46', '353']
['267', '525', '783']
['10', '268', '526', '784', '5']
['11', '785']
['12', '270', '528', '786']
['13', '271', '529', '787']
['272', '530', '788', '552']
['15', '273', '531', '789']
['16', '274', '532', '790']
['17', '275', '533', '791']
['18', '276', '534', '792', '29', '36']
['19', '277', '535', '793', '96', '408']
['20', '278', '536', '794']
['279', '537', '795', '3']
['22', '280', '538', '796']
['23', '281', '539', '797', '30']
['282', '540', '798']
['25', '283', '541', '799']
['284', '542', '800']
['27', '285', '543', '801', '21']
['28', '286', '544', '802', '7']
['287', '545', '803']
['288', '546', '804']
['31', '289', '547', '805', '9']
['32', '290', '548', '806', '1']
['33', '291', '549', '807']
['292', '550', '808']
['35', '293', '551', '809', '4']
['294', '810']
['295', '553', '811']
['38', '296', '554', '812', '14', '148', '8']
['39', '297', '555', '813', '82']
['40', '298', '556', '814']
['41', '299', '557', '815', '37', '56']
['42', '300', '558', '816', '34', '527']
['43', '301', '559', '817']
['44', '302', '560', '818']
['45', '303', '561', '819']
['304', '562', '820', '55']
['47', '305', '563', '821']
['48', '306', '564', '822']
['49', '307', '565', '823']
['50', '308', '566', '824', '2']
['51', '309', '567', '825']
['52', '310', '568', '826', '24']
['53', '311', '569', '827', '62', '269']
['54', '312', '570', '828']
['313', '571', '829']
['314', '572', '830']
['57', '315', '573', '831']
['58', '316', '574', '832']
['59', '317', '575', '833', '721']
['60', '318', '576', '834']
['61', '319', '577', '835']
['320', '578', '836']
['63', '321', '579', '837', '126']
['64', '322', '580', '838']
['323', '581', '839']
['66', '324', '582', '840']
['67', '325', '583', '841', '674']
['68', '326', '584', '842']
['69', '327', '585', '843', '140']
['70', '328', '586', '844']
['71', '329', '587']
['72', '330', '588']
['73', '331', '589']
['74', '332', '590']
['75', '333', '591']
['76', '334', '592']
['77', '335', '593']
['78', '336', '594']
['79', '337', '595']
['80', '338', '596']
['81', '339', '597']
['340', '598']
['83', '341', '599']
['84', '342', '600']
['85', '343', '601']
['86', '344', '602']
['87', '345', '603']
['88', '346', '604']
['89', '347', '605']
['90', '348', '606']
['91', '349', '607']
['92', '350', '608']
['93', '351', '609']
['94', '352', '610']
['95', '611']
['354', '612']
['97', '355', '613']
['98', '356', '614']
['99', '357', '615']
['100', '358', '616']
['101', '359', '617']
['102', '360', '618']
['103', '361', '619']
['104', '362', '620']
['105', '363', '621']
['106', '364', '622']
['107', '365', '623']
['108', '366', '624', '0']
['109', '367', '625']
['110', '368', '626']
['111', '369', '627']
['112', '370', '628']
['113', '371', '629']
['114', '372', '630']
['115', '373', '631']
['116', '374', '632']
['117', '375', '633']
['118', '376', '634']
['119', '377', '635']
['120', '378', '636']
['121', '379', '637']
['122', '380', '638']
['123', '381', '639']
['124', '382', '640']
['125', '383', '641']
['384', '642']
['127', '385', '643']
['128', '386', '644']
['129', '387', '645']
['130', '388', '646']
['131', '389', '647']
['132', '390', '648']
['133', '391', '649']
['134', '392', '650']
['135', '393', '651']
['136', '394', '652']
['137', '395', '653', '192']
['138', '396', '654']
['139', '397', '655']
['398', '656']
['141', '399', '657']
['142', '400', '658']
['143', '401', '659']
['144', '402', '660']
['145', '403', '661']
['146', '404', '662']
['147', '405', '663']
['406', '664']
['149', '407', '665']
['150', '666']
['151', '409', '667']
['152', '410', '668']
['153', '411', '669']
['154', '412', '670']
['155', '413', '671']
['156', '414', '672']
['157', '415', '673']
['158', '416']
['159', '417', '675']
['160', '418', '676']
['161', '419', '677']
['162', '420', '678']
['163', '421', '679']
['164', '422', '680']
['165', '423', '681']
['166', '424', '682']
['167', '425', '683']
['168', '426', '684']
['169', '427', '685']
['170', '428', '686']
['171', '429', '687']
['172', '430', '688']
['431', '689']
['174', '432', '690']
['175', '433', '691']
['176', '434', '692']
['177', '435', '693']
['178', '436', '694']
['179', '437', '695']
['180', '438', '696']
['181', '439', '697']
['182', '440', '698']
['183', '441', '699']
['184', '442', '700']
['185', '443', '701']
['186', '444', '702']
['187', '445', '703']
['188', '446', '704']
['189', '447', '705']
['190', '448', '706']
['191', '449', '707']
['450', '708']
['193', '451', '709']
['194', '452', '710']
['195', '453', '711']
['196', '454', '712']
['197', '455', '713']
['198', '456', '714']
['199', '457', '715']
['200', '458', '716']
['201', '459', '717']
['202', '460', '718']
['203', '461', '719']
['204', '462', '720']
['205', '463']
['206', '464', '722']
['207', '465', '723']
['208', '466', '724']
['209', '467', '725']
['210', '468', '726']
['211', '469', '727']
['212', '470', '728']
['213', '471', '729']
['214', '472', '730']
['215', '473', '731']
['216', '474', '732']
['217', '475', '733']
['218', '476', '734']
['219', '477', '735']
['220', '478', '736']
['221', '479', '737']
['222', '480', '738']
['223', '481', '739']
['224', '482', '740']
['225', '483', '741']
['226', '484', '742']
['227', '485', '743']
['228', '486', '744']
['229', '487', '745']
['230', '488', '746']
['231', '489', '747']
['232', '490', '748']
['233', '491', '749']
['234', '492', '750']
['235', '493', '751']
['236', '494', '752']
['237', '495', '753']
['238', '496', '754']
['239', '497', '755']
['240', '498', '756']
['241', '499', '757']
['242', '500', '758']
['243', '501', '759']
['244', '502', '760']
['245', '503', '761']
['246', '504', '762']
['247', '505', '763']
['248', '506', '764']
['249', '507', '765']
['250', '508', '766']
['251', '509', '767']
['252', '510', '768']
['253', '511', '769']
['254', '512', '770']
['255', '513', '771']
['256', '514', '772']
['257', '515', '773']
