['79lol', '583lol', '990lol', '655lol', '810lol']
['736lol', '499lol', '6lol', '478lol', '636lol']
['521lol', '20lol', '387lol', '906lol', '286lol', '382lol']
['909lol', '764lol', '718lol', '103lol', '265lol']
['120lol', '434lol', '338lol', '941lol', '637lol']
['775lol', '333lol', '748lol', '165lol', '50lol']
['250lol', '375lol', '494lol', '648lol', '828lol', '611lol']
['607lol', '224lol', '971lol', '185lol', '363lol', '455lol']
['300lol', '570lol', '816lol', '726lol', '991lol', '89lol']
['72lol', '450lol', '234lol', '469lol', '433lol', '931lol']
['758lol', '618lol', '982lol', '305lol', '506lol']
['323lol', '184lol', '620lol', '643lol', '900lol', '753lol', '111lol']
['842lol', '7lol', '642lol', '556lol', '555lol']
['161lol', '197lol', '365lol', '82lol', '704lol', '236lol', '269lol']
['823lol', '603lol', '173lol', '732lol', '733lol', '380lol']
['332lol', '298lol', '876lol', '539lol', '946lol', '346lol', '981lol']
['849lol', '651lol', '835lol', '916lol', '34lol', '326lol']
['729lol', '370lol', '37lol', '500lol', '366lol', '522lol']
['692lol', '707lol', '427lol', '652lol', '502lol', '794lol', '304lol']
['81lol', '747lol', '875lol', '968lol', '342lol', '498lol', '929lol', '396lol', '633lol']
['414lol', '21lol', '237lol', '26lol', '904lol', '362lol']
['845lol', '812lol', '267lol', '289lol', '431lol', '854lol', '246lol']
['639lol', '706lol', '186lol', '420lol', '418lol', '749lol']
['759lol', '728lol', '905lol', '424lol', '141lol']
['381lol', '409lol', '578lol', '577lol', '942lol', '646lol']
['292lol', '787lol', '675lol', '438lol', '207lol', '220lol']
['878lol', '542lol', '669lol', '571lol', '364lol']
['721lol', '744lol', '179lol', '803lol', '910lol', '162lol']
['31lol', '952lol', '492lol', '508lol', '742lol', '516lol']
['903lol', '426lol', '373lol', '276lol', '86lol', '582lol']
['632lol', '701lol', '191lol', '222lol', '723lol', '261lol']
['134lol', '408lol', '978lol', '834lol', '386lol', '829lol']
['606lol', '768lol', '464lol', '330lol', '567lol', '671lol']
['391lol', '135lol', '805lol', '138lol', '235lol', '672lol']
['868lol', '117lol', '793lol', '357lol', '899lol', '460lol']
['700lol', '266lol', '345lol', '3lol', '453lol', '653lol', '839lol']
['195lol', '374lol', '769lol', '681lol', '182lol', '908lol']
['11lol', '212lol', '589lol', '30lol', '215lol', '457lol', '953lol']
['360lol', '45lol', '271lol', '369lol', '629lol']
['795lol', '917lol', '513lol', '462lol', '493lol', '233lol', '911lol', '919lol']
['524lol', '268lol', '510lol', '88lol', '306lol', '722lol']
['780lol', '122lol', '401lol', '477lol', '761lol', '327lol']
['28lol', '538lol', '0lol', '724lol', '2lol', '741lol']
['13lol', '974lol', '517lol', '858lol', '714lol', '896lol', '686lol']
['64lol', '152lol', '902lol', '180lol', '44lol', '419lol']
['254lol', '213lol', '668lol', '244lol', '490lol', '42lol']
['871lol', '272lol', '389lol', '690lol', '708lol', '102lol']
['91lol', '331lol', '153lol', '640lol', '657lol', '33lol']
['316lol', '309lol', '472lol', '211lol', '739lol', '609lol']
['417lol', '25lol', '590lol', '579lol', '348lol', '204lol']
['852lol', '219lol', '432lol', '123lol', '930lol', '273lol']
['943lol', '475lol', '548lol', '227lol', '907lol']
['238lol', '773lol', '340lol', '248lol', '168lol', '23lol']
['352lol', '860lol', '132lol', '56lol', '719lol', '921lol', '216lol', '307lol']
['600lol', '709lol', '194lol', '354lol', '415lol', '877lol', '471lol']
['552lol', '774lol', '939lol', '425lol', '788lol', '777lol', '746lol']
['627lol', '353lol', '841lol', '881lol', '613lol', '688lol']
['146lol', '402lol', '922lol', '264lol', '485lol', '148lol']
['467lol', '283lol', '171lol', '255lol', '308lol', '36lol']
['822lol', '144lol', '755lol', '779lol', '725lol', '890lol']
['997lol', '623lol', '463lol', '727lol', '815lol', '809lol']
['814lol', '313lol', '456lol', '203lol', '619lol', '772lol']
['644lol', '278lol', '621lol', '277lol', '879lol', '663lol']
['9lol', '880lol', '696lol', '341lol', '979lol', '270lol']
['65lol', '55lol', '167lol', '51lol', '108lol', '682lol']
['693lol', '447lol', '863lol', '994lol', '836lol', '831lol']
['251lol', '785lol', '531lol', '840lol', '676lol', '390lol']
['421lol', '802lol', '52lol', '665lol', '710lol']
['821lol', '119lol', '347lol', '281lol', '325lol', '174lol']
['557lol', '797lol', '188lol', '986lol', '483lol', '833lol']
['851lol', '358lol', '713lol', '867lol', '90lol']
['83lol', '985lol', '77lol', '616lol', '664lol', '966lol']
['183lol', '558lol', '19lol', '817lol', '738lol', '131lol']
['454lol', '936lol', '965lol', '343lol', '782lol', '996lol']
['750lol', '889lol', '336lol', '136lol', '683lol', '10lol']
['393lol', '705lol', '444lol', '105lol', '155lol', '196lol']
['158lol', '92lol', '595lol', '770lol', '660lol', '113lol']
['592lol', '139lol', '154lol', '480lol', '684lol']
['511lol', '756lol', '572lol', '859lol', '78lol']
['61lol', '526lol', '687lol', '783lol', '898lol', '659lol']
['698lol', '202lol', '210lol', '677lol', '505lol', '99lol']
['617lol', '163lol', '263lol', '588lol', '445lol', '869lol']
['496lol', '209lol', '84lol', '200lol', '837lol', '242lol']
['886lol', '674lol', '339lol', '559lol', '963lol', '740lol', '980lol']
['257lol', '249lol', '970lol', '159lol', '177lol', '359lol']
['545lol', '449lol', '80lol', '654lol', '678lol', '901lol']
['329lol', '528lol', '172lol', '145lol', '285lol', '311lol']
['406lol', '181lol', '527lol', '39lol', '957lol', '29lol']
['897lol', '509lol', '73lol', '351lol', '778lol', '647lol']
['847lol', '160lol', '628lol', '166lol', '884lol', '361lol']
['114lol', '544lol', '367lol', '110lol', '645lol', '170lol']
['625lol', '874lol', '312lol', '612lol', '484lol', '954lol']
['503lol', '399lol', '925lol', '140lol', '789lol', '673lol']
['958lol', '912lol', '865lol', '566lol', '562lol', '634lol']
['226lol', '5lol', '695lol', '410lol', '529lol', '947lol']
['169lol', '525lol', '551lol', '53lol', '334lol', '843lol']
['428lol', '918lol', '949lol', '569lol', '504lol', '855lol']
['944lol', '766lol', '940lol', '763lol', '101lol', '720lol']
['771lol', '697lol', '872lol', '489lol', '596lol', '296lol']
['176lol', '861lol', '856lol', '247lol', '66lol', '43lol']
['395lol', '735lol', '711lol', '157lol', '984lol', '519lol']
['240lol', '518lol', '694lol', '554lol', '465lol', '580lol']
['142lol', '955lol', '435lol', '324lol', '470lol', '479lol']
['850lol', '561lol', '584lol', '662lol', '217lol', '520lol']
['60lol', '745lol', '284lol', '279lol', '335lol', '541lol']
['288lol', '388lol', '87lol', '549lol', '430lol', '882lol']
['231lol', '48lol', '315lol', '820lol', '187lol', '935lol']
['15lol', '585lol', '638lol', '956lol', '699lol', '838lol']
['791lol', '536lol', '507lol', '133lol', '459lol', '1lol']
['599lol', '895lol', '466lol', '656lol', '604lol']
['933lol', '857lol', '622lol', '844lol', '473lol', '355lol']
['975lol', '451lol', '404lol', '40lol', '441lol', '476lol']
['691lol', '765lol', '230lol', '914lol', '751lol', '887lol']
['926lol', '967lol', '344lol', '58lol', '670lol', '376lol']
['474lol', '827lol', '591lol', '193lol', '951lol', '776lol', '392lol']
['846lol', '737lol', '18lol', '12lol', '715lol']
['32lol', '96lol', '98lol', '228lol', '658lol']
['239lol', '752lol', '932lol', '258lol', '808lol']
['928lol', '405lol', '873lol', '205lol', '553lol']
['320lol', '987lol', '535lol', '150lol', '95lol']
['481lol', '602lol', '411lol', '130lol', '626lol']
['891lol', '885lol', '801lol', '486lol', '712lol']
['310lol', '760lol', '189lol', '614lol', '945lol']
['703lol', '964lol', '437lol', '400lol', '702lol']
['883lol', '59lol', '290lol', '275lol', '85lol']
['993lol', '24lol', '799lol', '495lol', '568lol']
['452lol', '999lol', '730lol', '328lol', '514lol']
['175lol', '995lol', '550lol', '443lol', '487lol']
['126lol', '321lol', '819lol', '685lol', '853lol']
['67lol', '299lol', '661lol', '280lol', '129lol']
['792lol', '806lol', '57lol', '594lol', '252lol']
['610lol', '731lol', '754lol', '208lol', '960lol']
['796lol', '243lol', '948lol', '679lol', '314lol']
['848lol', '804lol', '680lol', '533lol', '253lol']
['716lol', '368lol', '862lol', '824lol', '383lol']
['667lol', '870lol', '397lol', '147lol', '587lol']
['757lol', '762lol', '282lol', '575lol', '564lol']
['241lol', '832lol', '826lol', '543lol', '608lol']
['537lol', '497lol', '16lol', '295lol', '100lol']
['807lol', '597lol', '68lol', '442lol', '112lol']
['630lol', '8lol', '915lol', '41lol', '689lol']
['786lol', '46lol', '225lol', '121lol', '104lol']
['973lol', '198lol', '547lol', '429lol', '49lol']
['93lol', '649lol', '318lol', '256lol', '27lol']
['534lol', '563lol', '593lol', '937lol', '811lol']
['17lol', '47lol', '35lol', '962lol', '482lol']
['291lol', '920lol', '214lol', '635lol', '546lol']
['969lol', '106lol', '992lol', '624lol', '717lol']
['576lol', '491lol', '961lol', '448lol', '601lol']
['743lol', '322lol', '488lol', '423lol', '4lol']
['337lol', '385lol', '118lol', '301lol', '62lol']
['221lol', '223lol', '977lol', '938lol', '413lol']
['297lol', '125lol', '605lol', '394lol', '436lol']
['229lol', '74lol', '124lol', '294lol', '116lol']
['303lol', '998lol', '149lol', '63lol', '76lol']
['989lol', '461lol', '71lol', '959lol', '523lol']
['894lol', '866lol', '650lol', '164lol']
['983lol', '934lol', '598lol', '232lol', '515lol']
['813lol', '560lol', '574lol', '403lol', '372lol']
['398lol', '800lol', '127lol', '137lol', '190lol']
['468lol', '950lol', '14lol', '927lol', '767lol']
['641lol', '319lol', '94lol', '407lol', '151lol']
['412lol', '565lol', '350lol', '356lol']
['924lol', '192lol', '540lol', '422lol', '440lol']
['586lol', '274lol', '218lol', '384lol', '115lol']
['259lol', '512lol', '976lol', '199lol', '178lol']
['371lol', '287lol', '69lol', '206lol', '581lol']
['22lol', '128lol', '143lol', '416lol', '631lol']
['97lol', '666lol', '530lol', '798lol', '201lol']
['825lol', '784lol', '262lol', '70lol', '781lol']
['888lol', '830lol', '107lol', '293lol']
['790lol', '972lol', '615lol', '864lol', '75lol']
['349lol', '245lol', '379lol', '260lol', '378lol']
['458lol', '893lol', '988lol', '54lol', '446lol']
['317lol', '501lol', '439lol', '38lol', '302lol']
['913lol', '532lol', '892lol', '818lol', '573lol']
['109lol', '156lol', '923lol', '734lol', '377lol']
