['0', '32', '64', '96', '128', '192', '224', '256', '288', '352', '384', '416', '448', '512', '544', '576', '608', '672', '704', '736', '768', '832', '864', '896', '928', '992', '190', '350', '510', '670', '830', '990']
['1', '33', '65', '97', '129', '193', '225', '257', '289', '353', '385', '417', '449', '513', '545', '577', '609', '673', '705', '737', '769', '833', '865', '897', '929', '993', '191', '351', '511', '671', '831', '991']
['2', '34', '66', '98', '162', '194', '226', '258', '322', '354', '386', '418', '482', '514', '546', '578', '642', '674', '706', '738', '802', '834', '866', '898', '962', '994', '160', '320', '480', '640', '800', '960']
['3', '35', '67', '99', '163', '195', '227', '259', '323', '355', '387', '419', '483', '515', '547', '579', '643', '675', '707', '739', '803', '835', '867', '899', '963', '995', '161', '321', '481', '641', '801', '961']
['4', '36', '68', '132', '164', '196', '228', '292', '324', '356', '388', '452', '484', '516', '548', '612', '644', '676', '708', '772', '804', '836', '868', '932', '964', '996', '130', '290', '450', '610', '770', '930']
['5', '37', '69', '133', '165', '197', '229', '293', '325', '357', '389', '453', '485', '517', '549', '613', '645', '677', '709', '773', '805', '837', '869', '933', '965', '997', '131', '291', '451', '611', '771', '931']
['6', '38', '102', '134', '166', '198', '262', '294', '326', '358', '422', '454', '486', '518', '582', '614', '646', '678', '742', '774', '806', '838', '902', '934', '966', '998', '100', '260', '420', '580', '740', '900']
['7', '39', '103', '135', '167', '199', '263', '295', '327', '359', '423', '455', '487', '519', '583', '615', '647', '679', '743', '775', '807', '839', '903', '935', '967', '999', '101', '261', '421', '581', '741', '901']
['8', '72', '104', '136', '168', '232', '264', '296', '328', '392', '424', '456', '488', '552', '584', '616', '648', '712', '744', '776', '808', '872', '904', '936', '968', '70', '71', '230', '390', '550', '710', '870']
['9', '73', '105', '137', '169', '233', '265', '297', '329', '393', '425', '457', '489', '553', '585', '617', '649', '713', '745', '777', '809', '873', '905', '937', '969', '10', '170', '231', '391', '551', '711', '871']
['42', '74', '106', '138', '202', '234', '266', '298', '362', '394', '426', '458', '522', '554', '586', '618', '682', '714', '746', '778', '842', '874', '906', '938', '40', '41', '200', '360', '520', '680', '840']
['43', '75', '107', '139', '203', '235', '267', '299', '363', '395', '427', '459', '523', '555', '587', '619', '683', '715', '747', '779', '843', '875', '907', '939', '140', '201', '300', '361', '521', '681', '841']
['12', '44', '76', '108', '172', '204', '236', '268', '332', '364', '396', '428', '492', '524', '556', '588', '652', '684', '716', '748', '812', '844', '876', '908', '972', '11', '171', '330', '490', '650', '810', '970']
['13', '45', '77', '109', '173', '205', '237', '269', '333', '365', '397', '429', '493', '525', '557', '589', '653', '685', '717', '749', '813', '845', '877', '909', '973', '110', '270', '331', '491', '651', '811', '971']
['14', '46', '78', '142', '174', '206', '238', '302', '334', '366', '398', '462', '494', '526', '558', '622', '654', '686', '718', '782', '814', '846', '878', '942', '974', '141', '301', '460', '461', '620', '780', '940']
['15', '47', '79', '143', '175', '207', '239', '303', '335', '367', '399', '463', '495', '527', '559', '623', '655', '687', '719', '783', '815', '847', '879', '943', '975', '80', '240', '400', '560', '621', '781', '941']
['16', '48', '112', '144', '176', '208', '272', '304', '336', '368', '432', '464', '496', '528', '592', '624', '656', '688', '752', '784', '816', '848', '912', '944', '976', '111', '271', '430', '431', '590', '750', '910']
['17', '49', '113', '145', '177', '209', '273', '305', '337', '369', '433', '465', '497', '529', '593', '625', '657', '689', '753', '785', '817', '849', '913', '945', '977', '50', '210', '370', '530', '591', '751', '911']
['18', '82', '114', '146', '178', '242', '274', '306', '338', '402', '434', '466', '498', '562', '594', '626', '658', '722', '754', '786', '818', '882', '914', '946', '978', '81', '241', '401', '561', '720', '721', '880']
['19', '83', '115', '147', '179', '243', '275', '307', '339', '403', '435', '467', '499', '563', '595', '627', '659', '723', '755', '787', '819', '883', '915', '947', '979', '20', '180', '340', '500', '660', '820', '881']
['52', '84', '116', '148', '212', '244', '276', '308', '372', '404', '436', '468', '532', '564', '596', '628', '692', '724', '756', '788', '852', '884', '916', '948', '51', '211', '371', '531', '690', '691', '850']
['53', '85', '117', '149', '213', '245', '277', '309', '373', '405', '437', '469', '533', '565', '597', '629', '693', '725', '757', '789', '853', '885', '917', '949', '150', '310', '470', '630', '790', '851', '950']
['22', '54', '86', '118', '182', '214', '246', '278', '342', '374', '406', '438', '502', '534', '566', '598', '662', '694', '726', '758', '822', '854', '886', '918', '982', '21', '181', '341', '501', '661', '821', '980']
['23', '55', '87', '119', '183', '215', '247', '279', '343', '375', '407', '439', '503', '535', '567', '599', '663', '695', '727', '759', '823', '855', '887', '919', '983', '120', '280', '440', '600', '760', '920', '981']
['24', '56', '88', '152', '184', '216', '248', '312', '344', '376', '408', '472', '504', '536', '568', '632', '664', '696', '728', '792', '824', '856', '888', '952', '984', '151', '311', '471', '631', '791', '951']
['25', '57', '89', '153', '185', '217', '249', '313', '345', '377', '409', '473', '505', '537', '569', '633', '665', '697', '729', '793', '825', '857', '889', '953', '985', '90', '250', '410', '570', '730', '890']
['26', '58', '122', '154', '186', '218', '282', '314', '346', '378', '442', '474', '506', '538', '602', '634', '666', '698', '762', '794', '826', '858', '922', '954', '986', '121', '281', '441', '601', '761', '921']
['27', '59', '123', '155', '187', '219', '283', '315', '347', '379', '443', '475', '507', '539', '603', '635', '667', '699', '763', '795', '827', '859', '923', '955', '987', '60', '220', '380', '540', '700', '860']
['28', '92', '124', '156', '188', '252', '284', '316', '348', '412', '444', '476', '508', '572', '604', '636', '668', '732', '764', '796', '828', '892', '924', '956', '988', '91', '251', '411', '571', '731', '891']
['29', '93', '125', '157', '189', '253', '285', '317', '349', '413', '445', '477', '509', '573', '605', '637', '669', '733', '765', '797', '829', '893', '925', '957', '989', '30']
['62', '94', '126', '158', '222', '254', '286', '318', '382', '414', '446', '478', '542', '574', '606', '638', '702', '734', '766', '798', '862', '894', '926', '958', '61', '221', '381', '541', '701', '861']
['31', '63', '95', '127', '159', '223', '255', '287', '319', '383', '415', '447', '479', '543', '575', '607', '639', '703', '735', '767', '799', '863', '895', '927', '959']
