['871', '527', '178', '451', '561', '953']
['326', '136', '442', '541', '38', '85', '768', '18', '48', '968']
['325', '498', '870', '360', '293', '93', '204']
['291', '668']
['737', '901', '718', '921', '167']
['401', '869', '162', '865', '213', '946', '465', '434', '151']
['883', '705', '631']
['260', '551', '249', '781', '481']
['393', '788', '603', '313', '642', '475', '540', '487', '766', '748', '184']
['420', '570', '970']
['959', '7', '129']
['957', '107', '13']
['693', '720', '315', '623']
['405', '76', '146', '859']
['817', '312', '853']
['128', '221']
['529', '127', '725', '484', '196', '159', '36', '612', '909', '194', '983', '576']
['713', '986', '305', '791', '99', '67']
['678', '345', '982', '962']
['444', '994', '432', '888']
['197', '145', '927']
['599', '526', '821', '174', '639', '373']
['111', '897']
['694', '354', '989']
['760', '232', '582', '488', '61', '471', '537', '758', '66']
['404', '913', '602', '510', '198']
['622', '938', '548']
['515', '887', '685', '400', '531', '964', '998']
['831', '683', '734', '640', '733', '861', '507']
['769']
['474', '672', '629', '795', '255']
['458', '92', '10']
['691', '2', '894', '992', '900', '486', '166']
['904', '64', '161', '428', '241', '797', '980', '505', '473']
['45', '250', '104', '454']
['841', '80', '539', '835', '37']
['634', '724', '203', '272', '661', '852', '819']
['645', '956', '740']
['798', '280', '525', '113', '469']
['172', '578', '171', '954']
['614', '344', '907', '746', '973', '834', '920', '874', '56']
['813', '863', '274', '201', '98', '846', '394', '910']
['179', '997', '616', '804']
['517', '764', '999', '116', '951']
['226', '402', '387', '143', '670', '604']
['380', '522', '207', '712']
['952', '15', '936']
['538']
['688', '719', '568', '379', '652', '294', '307', '663', '628', '898', '896']
['823']
['21', '155', '424', '972', '664', '186', '918', '494']
['154', '332', '230', '895', '256']
['967', '945', '567', '476']
['165', '100', '78', '219']
['993', '625', '89']
['916', '618', '750']
['195', '908', '609', '636', '780', '757']
['296', '308', '741', '761', '751', '491', '185', '16']
['212', '512', '754', '412', '499', '407']
['624', '638', '977', '333']
['258', '816', '893', '409']
['850', '309', '706', '711']
['29', '569']
['575', '5', '847', '912', '298']
['306', '657', '103', '234']
['866', '283', '923', '352', '990', '228', '682', '356', '926', '31', '914']
['749', '287', '450', '413', '210']
['508', '397', '509', '988', '83']
['557', '367', '123', '205', '177']
['812', '779', '410', '886', '211']
['289', '363']
['422', '592']
['271', '544', '69', '392', '786', '727', '334', '851', '744', '446', '587']
['500', '534', '745', '659', '844', '680', '53']
['467', '490', '783', '784', '253', '593']
['810', '348', '837', '589', '457', '74', '581', '285', '245']
['965', '632', '384', '304']
['237', '236']
['377', '42', '163', '608']
['808', '349', '502']
['892', '158', '148', '54', '375', '199', '698', '514']
['836', '362', '222', '667', '747', '493']
['34', '857']
['848', '396']
['32', '338', '138', '969']
['696', '65', '518', '430', '398', '60']
['785', '653', '543']
['214', '943', '337', '762', '655']
['50', '782', '981', '46', '70', '501']
['702', '879', '935', '721', '679', '140', '588', '915', '160', '411', '674', '12']
['503']
['3', '288', '716']
['775', '277', '934', '961', '75']
['864', '948', '763']
['68', '556']
['429', '930', '239', '504']
['700', '262', '820', '275', '971', '310', '767', '796', '960', '586', '448', '43']
['4', '263', '225', '102', '112', '876']
['708', '939', '265', '318', '520']
['770', '63', '202', '119']
['456', '266', '227', '77', '590']
['726', '149']
['41']
['110', '637', '771', '790']
['206', '39', '984', '723', '579', '461', '669', '715']
['707', '336', '278', '947', '383']
['23', '742', '600', '829', '369', '571', '118']
['811', '606', '156']
['545', '597']
['137', '17']
['97', '598']
['190', '996', '801', '139', '105', '873', '825']
['477', '675', '506', '209', '347', '59', '809']
['421', '806', '753', '577', '950', '385', '665', '944']
['372', '96']
['252', '121', '463', '299']
['978', '649', '220', '843']
['117', '483', '141', '191', '132']
['445', '955']
['942', '342', '940', '822', '440', '787']
['875', '595', '300', '553']
['699', '395', '323', '359', '924', '30', '114']
['803', '732', '532']
['542']
['958', '985', '832', '441', '941']
['689', '555', '492', '268', '842', '173', '462']
['460', '650', '218', '596']
['427', '975', '922']
['709', '677', '361', '447', '839', '736', '150', '516', '24', '327']
['802', '242', '854']
['244', '627', '335', '911', '339', '264', '752', '324', '513']
['594', '55', '849', '28']
['353', '425', '120', '6', '794', '297', '535']
['714']
['426', '673', '765', '704', '671', '862', '276']
['554', '729', '743']
['937', '431', '563', '455', '613', '329', '549', '929', '884']
['800', '919', '722', '558']
['619', '902', '406', '19', '807', '240', '216']
['314', '830', '115', '479', '391']
['565', '122', '899', '376']
['35', '464', '223', '170', '1', '644', '182', '295']
['867', '778']
['286', '302', '317', '157', '889']
['651', '320', '676', '433', '273', '472', '243', '805', '436']
['890', '572', '95', '772', '281', '169']
['87', '717', '247', '71', '966']
['928', '524', '621']
['101', '192', '833', '905']
['470', '331', '108', '144']
['630', '845', '605', '635', '189', '550', '662', '547']
['415', '208', '584']
['987', '872', '435', '774', '856', '660']
['269', '646', '881', '633', '681', '615', '574', '695']
['824', '176', '8', '666']
['20', '254', '183', '49', '81', '303']
['248', '826', '528', '26', '47', '591']
['33']
['106', '974', '370', '224', '552']
['316', '417', '11']
['238', '187', '496', '976', '130', '52', '330', '229']
['573', '523', '51', '468', '641']
['710', '607', '284', '267', '703', '459']
['14', '860', '991', '489', '658', '497', '580', '799', '40', '480', '701']
['251', '91', '815', '620']
['519', '495', '22']
['319', '478', '559', '355', '759']
['917', '601', '270', '885', '687']
['188', '388', '86', '94', '408', '321', '301', '261', '84', '57']
['88', '453', '466', '365', '399']
['259', '357', '73', '485', '546', '610']
['346', '164', '656']
['358', '931', '827', '378']
['82', '386', '949', '133']
['437', '90', '840']
['692', '124', '530', '877']
['181', '626', '690', '246', '511', '560', '153']
['282', '390', '738', '180', '109', '654', '585']
['533', '789', '731', '279', '443', '684', '438']
['755', '381', '773']
['72', '564', '617', '566']
['583', '416']
['855', '328', '882']
['341', '647', '979', '932']
['374', '933', '168', '62', '903', '382', '728', '858', '777']
['643', '231', '193', '611', '730', '814', '134']
['648', '756']
['414', '838', '818', '235', '995']
['58', '343']
['126', '364', '906']
['311', '131', '371', '423']
['828', '27']
['418', '175', '322', '482', '142', '449', '200']
['217', '735', '891', '44', '878', '686', '233', '536', '351', '125', '868', '419', '366', '925', '562', '135']
['1000', '697', '368', '403', '290']
['152', '739', '25', '389', '521', '880']
['257', '793', '792']
['963', '439', '9', '776', '79', '292', '350']
['215']
['147', '452', '340']
