['eu8', 'qEv', 'DUy', 'Ml8', 'tnb', 'nBj', '5n7', 'qAc', 'WnO', 'mtP', 'WGM', 'bBn']
['f4C', 'DxE', 'IU6', 'zDr', 'vyw', 'fd3', 'K6h', 'wUv', 'n1R', 'XaM', 'yO6', 'S1g']
['CZe', 'YSr', 'vl3', 'aOg', 'm0k', '9lP', 'b5M', 'AO2', 'QkW', '3Uy', 'yjq', 'sYx', 'sNU']
['gIW', 'UET', '4Mn', 'cCZ', 'cuP', 'akZ', 'pya', 'mMy', 'tVs', '1Mp', 'BFo', '9IP']
['y74', 'fbf', 's5U', 'aB1', 'jn6', 'TES', 'QUA', '79G', 'KG7', 'nK2', 'rSE']
['emo', 'khn', 'hkM', 'eS1', 'BOl', 'BAA', 'M83', 'jfO', 'icK', 'nhM', 'Bz0', 'gyz']
['ozk', 'pSI', 'eqN', 'PrW', 'Giz', 'VGh', 'TKn', 'SjL', 'S3R', 'FWu', 'fYE', 'EA5', 'LMs', 'AqR']
['TMD', 'nPd', 'IOc', 'p20', 'mgt', 'XaB', '7mD', 'Ug4', 'qP1', '7eF', 'Ee4']
['L3o', 'Zt2', 'MUo', 'AHl', 'YWJ', 'DUA', 'tls', 'zo8', '0LW', 'FeY', 'Wq1', 'kQr']
['ol3', '0IB', 'rx8', '9Qr', 'lvA', 'm4B', '6ka', 'Nxo', 'OYR', 'mqV', 'ifk', '6dm']
['UEA', '16O', 'r83', 'NXa', 'hV6', 'oNg', 'LhI', 'YS1', 'zhc', 'a7h', 'pzP', 'Ict', '43q', '1c8']
['d31', 'KhJ', 'yYa', 'N45', 'sSK', 'xin', 'Pxa', 'hP1', 'uL9', 'YMH', 'z7z', 'u2Z', 'wCA', 'tMU']
['FLR', 'rgc', 'W97', 'np3', 'MX4', '4ps', '02G', 'arg', 'Z7f', 'CsX', 'SE6', 'jML', 'sRe']
['N5I', '5e4', 'DIm', 'lUg', 'AKl', 'nQu', 'yLH', 'yUR', 'YNN', 'crX', 'OSO', 'RUS', 'u3q', 'Zvx']
['XaK', 'Vnn', 'Tkp', '0gN', 'pdu', 'gEl', 'ZwA', 'GMU', 'Thn', 'rN7', 'fpG', 'ynz', '3Xt']
['vJn', 'pN2', 'Y1y', 'ET0', '7df', 'qGq', 'nKE', 'hKB', 'tph', 'wkU', 's2I', 'xNV', '4nm', 'iBf']
['MvS', '7S6', 'lNF', 'cVV', '6e7', 'mfl', '6HP', 'apT', '31E', 'Dz4', 'lH0', 'gSg', 'gmz', 'sXB']
['WD8', 'lFC', 'qgk', 'krw', 'J5c', 'liM', 'BYb', 'zMw', 'ywF', 'RUq', 'LAd', '4KC', 'PPL']
['xtE', '6ah', 'MWt', 'I5T', '3aH', 'fYL', 'hrw', '7Ra', 'QAx', 'm2L', 'mYG', 'LVD', 'Ddq']
['NK1', '0GZ', 'X5I', 'Ujw', 'gnV', 'txd', 'PAK', 'lVq', 'Cvx', 'JoQ', 'BjQ', 'vSm', 'd3n', 'Tqt']
['Pbm', 't4i', 'dKO', '4Uu', '6oI', 'bra', 'lmh', 'Z1r', 'Vfu', '2w4', 'oGW', '0Hd', 'gye', 'STE']
['Ai7', 'jkO', 'q3C', 'lDt', 'JSO', 'NiA', 't5B', 'MDx', 'yz9', '4Hw', 'tdl', 'aPs']
['zMJ', '8ie', 'qoT', 'gz8', 'gaE', 'dLP', 'STu', 'a4T', 'yey', '1ak', 'Aac', 'Yqp', '2bJ', 'Sru']
['6TB', 'RVV', 'bJh', '2Sw', 'kO2', '2N4', 'MJd', 'WyA', 'zN9', 'gHm', '3hV', 'FqG', 'NC3', '6lA']
['XwM', 'sbn', 'HIl', 'xT6', 'ooP', 'A9M', 'lxq', 'qpd', 'Vmf', 'dB1', '89P', 'Y9L', '9Ye']
['Ei5', 'rUR', 'MyS', 'xbc', 'h9B', 'yXf', '2r1', 'F4O', 'NYm', 'cGe', 'Nq2', 'Rk1', 'hSn']
['dBi', 'XJ8', '1J5', 'LnE', 'SL9', 'tcm', 'fsw', '9Id', 'hAD', 'n6E', 'jDJ', 'A2l', 'g1Z', 'fqH']
['HE4', 'HuQ', '5DP', '8W9', 'Lhm', 'JcF', 'IJR', 'jDP', 'PJx', 'Ka6', 'EMw', '5tS', 'RVs', '2RF']
['ASb', 'd5R', 'oNy', '7Ih', 'npC', '0jF', '1Kn', 'Nsq', 'laN', 'Wa1', 'Ni3']
['JxG', '0me', 'poB', '0q1', 'd8K', 'ktd', 'pXg', 'JeV', 'cDS', 'DMx', '7k7', 'XKL', 'rw3', 'LsI']
['kFd', 'PRM', '1Sy', 'Fcj', '7yy', 'q76', 'UhF', 'jLQ', 'Jax', 'CGv', 'SgL', '3Vt', 'sal']
['2JO', 'q9b', 'Y2h', 'FDH', 'ddY', 'FT3', 'X9x', 'yYX', 'LEf', 'IhT', '919', 'rFT']
['vbq', 'enl', 'fiS', 'EZt', 'kHi', 'uFa', 'Sv7', 'qYZ', 'gpO', 'pwU', 'yAq', 'O2Y']
['eoA', 'gZn', 'iLv', 'Hmk', 'hxI', 'zlE', 'jVD', 'mNx', '3oN', '9NC', 'zTO', 'TsJ', 'kQ0', 'Yb0']
['0H7', 'OXi', 'JlL', 'tIj', 'RON', '3Ag', 'ioX', 'RGr', 'hn5', 'OQf', 'bvp', 'ekZ']
['KZn', 'WTx', 'eK8', 'JPb', '2dZ', 'Th2', 'oDu', 'evV', 'rWh', 'Shf', 'jjU', 'MUr', 'g5u']
['gQE', 'Rdl', '77o', 'K07', '7Sm', 'YRW', 's7d', 'hIr', '4QY', '8Ge', 'xwk', 'SR5', '4yj', 'mwy']
['EE4', 'U9P', 'Gjs', 'aIQ', 'zGQ', 'hak', 'eM5', 'pN1', 'txn', 'JQh', 'WNU', 'dLV', 'nnl', 'b4Z']
['Tcm', 'nOQ', 'MZE', 'zya', '9mo', 'r9i', 'CRQ', 'mCb', 'Fqs', 'nh5', 'qj0']
['1pz', 'fGu', 'oQw', 'pXl', 'WGV', 'hz6', 'MFJ', '41z', 'Vl3', 'uZ6', 'JqU', 'ZHa', 'xld']
['rg3', 'okX', 'bOO', '9ul', 'Zsu', 'yaj', 'jWg', 'Eab', 'c11', 'EwN', 'ZIH', 'p3g', 'Ocl']
['dlm', 'QVL', 'P6C', 'HJ6', '0yK', '7jK', 'mIR', 'KEc', 'XEh', 'cu2', '7Wg', 'bJW']
['5Ns', 'sbj', 'bC7', '4yO', 'A3U', 'j3r', 'hjs', 'PUK', 'hQQ', 'Bnu', 'kVs', 'tFs', 'jWp', '5Hk']
['o7Y', 'EQu', 'nui', 'G1u', 'Ky4', 'Sw6', 'Rcq', '1af', 'TE6', 'WZ0', 'nxV', 'Nuj', 'HhO']
['28H', 'XYV', 'dF2', '7S1', 'ubx', 'nOo', 'may', 'u5i', 'gO2', 'ZKD', 'HWQ', 'N0C', 'w7X', '1dm']
['saC', 'lv8', 'PNQ', 'fkx', 'xba', 'eWi', 'NZH', 'BME', 'lG5', 'LC6', 'rHA', 'lsW', 'wOt', 'OHB']
['qnc', 'DAH', '0Bu', 'HeA', 'RlQ', 'uGu', 'i3x', 'ToD', 'WjA', 'GqO', 'eeH', 'fTC', 'mra']
['K9I', '9CZ', 'NIi', '1CH', '7Mc', 'S9z', 'LDM', '9zD', 'SkA', '3Xd', '7IB', '7ge', 'Hxd', 'fgU']
['oax', 'd22', 'eFm', 'gJK', 'Th7', 'qOE', 'ae7', 'xLh', 'lJB', '5NA', 'Vsl', 'A50']
['439', 'rSz', 'ovp', 'Iwq', '9km', 'q6h', '28b', 'WcX', 'Ski', 'CUr', 'u21', 'ktC', 'JR1']
['OHk', 'dHU', 'KjJ', 'vdt', 'yA4', 'bP8', 'js2', 'mbB', 's9g', '4zd', 'iY3', 'kts']
['bZQ', 'W7t', 'wqU', 'DC7', 'R5h', '8qA', 'DSn', '6yD', 'R2N', 'SZi', 'unf']
['1VI', 'J26', '9Ys', 'BCw', '2f6', 'Wlt', 'Ted', 'R7X', 'aml', 'ZTh', 'uXk', 'pXb', 'SbT']
['2QS', '4LJ', '4uq', 'tFz', 'K32', 'xhH', 'nFq', '7us', 'AWr', '51j', 'mCu', 'zoY']
['NJR', '5Co', 'fax', 'S2b', 'maf', 'WLf', 'CI7', 't7E', 'DRe', 'OD8', 'LzC', 'RCL', 'jo2', 'jFd']
['78Z', 'SAS', 'XDn', 'vtj', 'tgv', 'HqB', 'W1M', 'dJR', 'uo2', 'ttl', 'LPO', 'nho', 'OOe']
['adJ', 'Fqy', '5dA', 'vyz', '2qA', '9yS', 'afw', 'sdQ', 'PeZ', 'NA1', 'l14', 'Zyo', 'D92']
['W1v', 'ChE', 'yUh', '5yL', 'CNJ', 'gSv', 'uKL', 'eZA', 'WeL', 'WNm', 'e3L', 'IYj', '2Lz', 'wac']
['GVP', 'AT0', 'VN1', 'Lcw', 'bXT', 'Vgt', 'CO5', 'CIk', 'aMi', 'zGa', 'oX4', 'xLj', 'YLx', 'plT']
['gjs', 'PM7', 'Yoj', 'Aj3', 'mzp', 'hIj', 'uci', '5m1', 'C46', 'XWB', 'nlp', '58x', 'fJd']
['tAh', '4QM', 'lQ0', 'EBx', 'Ttf', 'sgb', 'f0e', 'A4D', 'SlE', 'bWE', 'e00', 'pUv', 'Tjd']
['fyw', '2ye', 'PzU', 'Ehn', 'onK', 'Zpy', 'G0D', 'PC6', 'wTH', '4QL']
['gY6', 'GQG', 'd6T', 'j61', 'rzH', 'BWH', 'LiY', 'O1j', 'yGe', 'VpP', 's58', 'HLj']
['5R2', '4ZT', 'gGS', 'Wei', 'dRG', 'Ffc', 'j5Q', 'BUt', 'nIw', 'NhW', '9VG', 'fes']
['I4q', 'z9e', 'Cjz', '9kE', 'U32', 'ViR', 'bzV', 'OWx', 'm6v', 'vug', 'xG2', '9Yh', 'G4Q']
['j1P', '4vG', 'kFp', 'zAn', 'BrF', 'hbl', '44l', 'JYC', 'LrH', 'WG7', 'Gco', 'QXI', 'rI7']
['mwx', 'l6D', 'QFL', 'rAN', 'G2O', 'w4O', 'MtM', 'WGf', 'Yuu', 'njc', 'FVQ', 'yDC', 'irU']
['yMP', 'cZC', '243', 'mkh', 'p6i', 'ZGX', 'eYl', 'ddO', '2EZ', 'v0k', 'ylE', 'vXW']
