['0', '100', '200', '300', '400', '500', '600', '700', '800', '900', '36', '57', '115', '155', '241']
['101', '201', '301', '401', '501', '601', '701', '801', '42', '43', '139', '216', '316', '339']
['102', '202', '302', '402', '502', '602', '702', '802', '902', '699', '836', '931']
['203', '303', '403', '503', '603', '703', '803', '903', '133', '444']
['304', '404', '504', '604', '704', '804', '30', '571']
['105', '205', '305', '605', '705', '805', '905']
['306', '406', '506', '606', '706', '806', '906']
['107', '207', '307', '407', '507', '607', '807', '907', '10', '21', '269']
['108', '208', '308', '408', '508', '708', '808', '908']
['109', '409', '509', '609', '709', '809', '909', '35', '97', '213', '505', '562', '775', '819']
['110', '210', '410', '510', '710', '810', '910', '38', '237']
['411', '611', '711', '911']
['112', '212', '312', '412', '512', '612', '712', '812', '912', '8', '19', '45', '132', '158', '344']
['113', '313', '413', '513', '613', '713', '813', '913', '2', '587']
['114', '314', '414', '514', '614', '714', '814', '914', '39']
['515', '615', '715', '815']
['416', '516', '816', '916', '564']
['217', '317', '417', '517', '617', '717', '817', '917']
['18', '318', '418', '518', '718', '818', '918', '3', '88', '610']
['119', '219', '319', '419', '519', '619', '719', '919', '5', '60']
['20', '220', '420', '520', '620', '720', '820', '920']
['221', '321', '421', '521', '621', '721', '821', '921', '23', '48']
['122', '222', '322', '522', '622', '722', '822', '922', '144']
['223', '323', '423', '523', '623', '723', '823', '923', '191']
['124', '324', '424', '524', '624', '724', '824', '924', '121']
['25', '225', '325', '425', '525', '625', '925', '181']
['126', '226', '326', '426', '526', '626', '726', '826', '926']
['327', '427', '527', '627', '727', '827']
['128', '228', '328', '428', '628', '728', '828', '928', '12', '436', '707']
['129', '329', '429', '529', '629', '729', '829', '929', '360', '369']
['130', '230', '330', '530', '630', '730', '830', '930']
['231', '331', '431', '531', '631', '731', '831', '476', '648']
['232', '332', '532', '632', '732', '832', '932', '6', '54', '149', '218', '964']
['233', '333', '433', '533', '633', '733', '833', '933', '29', '71', '84', '320', '553', '608', '739']
['334', '434', '534', '634', '734', '834', '309', '559']
['135', '235', '435', '535', '635', '735', '835', '935', '64', '480', '716', '763']
['136', '536', '636', '936', '55', '430']
['137', '337', '437', '537', '637', '737', '120', '215']
['138', '338', '438', '538', '638', '738', '938', '204', '669']
['239', '439', '539', '639', '839', '939', '26', '336']
['240', '340', '440', '540', '640', '740', '840', '940', '34', '837', '904']
['341', '441', '541', '641', '741', '841', '941']
['142', '242', '342', '442', '642', '742', '842', '942', '229', '310', '884']
['143', '343', '443', '543', '643', '743', '843', '943', '248']
['244', '544', '644', '744', '844', '944', '511']
['145', '245', '345', '445', '545', '645', '745', '845', '945', '195', '209']
['146', '246', '346', '446', '546', '646', '746', '846', '946', '63', '123', '422']
['147', '247', '347', '447', '647', '747', '847', '947', '40', '111']
['148', '348', '448', '548', '748', '848', '948']
['49', '249', '349', '449', '549', '649', '749', '849', '949', '236', '432', '585']
['150', '250', '350', '450', '550', '650', '750', '850', '950', '44', '551', '736']
['51', '151', '251', '351', '451', '651', '751', '851', '951', '542', '811']
['152', '252', '352', '452', '552', '652', '752', '852', '952']
['153', '253', '353', '453', '653', '853', '953', '140', '458']
['154', '254', '354', '454', '554', '754', '854', '954']
['255', '355', '455', '555', '655', '755', '855', '955', '561']
['56', '156', '256', '356', '456', '556', '656', '756', '856', '956', '725']
['157', '257', '457', '557', '657', '757', '857', '957', '65', '160']
['258', '558', '658', '758', '858', '958']
['59', '259', '359', '459', '759', '859', '959', '415']
['460', '560', '660', '760', '860', '960', '311', '469']
['61', '161', '261', '361', '461', '661', '761', '861', '961', '590']
['62', '262', '362', '462', '662', '762', '862', '962']
['263', '363', '463', '563', '663', '863', '963', '14']
['264', '364', '464', '664', '764', '864', '9', '32', '67', '89', '162', '163', '388']
['165', '265', '365', '465', '565', '665', '765', '865', '965', '53', '69', '188', '293', '296', '335']
['66', '166', '266', '366', '466', '566', '666', '766', '866', '966', '7', '22', '52', '315', '370']
['167', '267', '367', '467', '567', '667', '767', '867', '967', '106', '394']
['68', '168', '268', '368', '468', '568', '668', '768', '868', '968', '50', '80', '189']
['169', '569', '769', '869', '969', '92']
['70', '170', '270', '470', '570', '670', '770', '870', '970', '13', '81', '659', '889', '915', '937']
['171', '271', '371', '471', '671', '771', '871', '971', '238', '692']
['72', '172', '372', '472', '572', '672', '772', '872', '972', '206']
['73', '173', '273', '373', '473', '573', '673', '773', '873', '973', '17', '24', '46', '227', '243']
['74', '274', '374', '474', '574', '674', '774', '874', '974', '159']
['75', '175', '275', '475', '575', '675', '875', '975', '276']
['76', '376', '576', '676', '776', '876', '976', '103', '118']
['177', '277', '377', '577', '677', '777', '877', '977', '11', '15', '27', '37', '125', '375']
['178', '278', '378', '478', '578', '678', '778', '878', '978', '33', '86']
['79', '179', '279', '479', '579', '679', '779', '879', '979', '1', '16', '357', '825', '934']
['180', '280', '380', '580', '680', '780', '880', '980', '211', '901']
['281', '381', '481', '581', '681', '781', '881', '981', '104']
['382', '482', '582', '682', '782', '882', '982', '528']
['83', '183', '283', '383', '483', '583', '683', '783', '883', '983', '182', '224']
['184', '284', '384', '484', '584', '684', '784', '984', '4', '131', '838']
['85', '185', '285', '385', '485', '685', '785', '885', '985', '127', '260']
['186', '286', '386', '486', '586', '686', '786', '886', '986', '116', '896', '927']
['87', '187', '287', '387', '487', '687', '787', '887', '987', '234', '618', '753']
['288', '488', '588', '688', '788', '888', '988']
['289', '389', '489', '589', '689', '789', '989']
['90', '290', '390', '490', '690', '790', '890', '990', '405']
['91', '291', '391', '491', '591', '691', '791', '891', '991', '58', '477']
['192', '292', '392', '492', '592', '792', '892', '992']
['93', '193', '393', '493', '593', '693', '793', '893', '993', '176']
['94', '194', '294', '494', '594', '694', '794', '894', '994', '117']
['95', '295', '395', '495', '595', '695', '795', '895', '995', '164']
['96', '196', '396', '496', '596', '696', '796', '996', '28', '31', '47', '78', '82', '654', '899']
['197', '297', '397', '497', '597', '697', '797', '897', '997', '41', '77', '134', '141', '379']
['98', '198', '298', '398', '498', '598', '698', '798', '898', '998', '174', '214', '272', '282', '358']
['99', '199', '299', '399', '499', '599', '799', '999', '190', '547', '616']
