['0', '40', '80', '200', '240', '320', '400', '440', '560', '600', '720', '38', '106', '183', '184', '196', '236', '244', '379', '427', '489', '528', '710', '730']
['1', '121', '201', '281', '361', '441', '521', '561', '601', '641', '681', '721', '761', '13', '26', '27', '37', '39', '105', '120', '206', '360', '408', '426', '508']
['2', '122', '162', '242', '282', '362', '402', '442', '522', '562', '602', '642', '722', '762', '21', '41', '72', '85', '96', '104', '126', '220', '373', '515']
['3', '83', '163', '363', '483', '523', '563', '603', '643', '683', '723', '763', '14', '58', '64', '67', '113', '149', '310', '469', '535']
['4', '84', '164', '204', '284', '324', '364', '404', '444', '524', '644', '684', '724', '95', '112', '152', '159', '208', '219', '250', '258', '594', '649', '675']
['5', '165', '245', '285', '325', '365', '405', '445', '485', '565', '605', '645', '685', '725', '765', '19', '48', '146', '157', '248', '292', '355', '367', '584', '610']
['6', '46', '166', '246', '326', '366', '406', '446', '526', '606', '726', '766', '42', '77', '398', '454']
['7', '47', '127', '167', '207', '287', '327', '407', '447', '487', '567', '607', '687', '727', '767', '20', '202', '241']
['8', '288', '368', '448', '488', '568', '608', '648', '688', '728', '768', '16', '45', '78', '238', '455', '464', '564']
['9', '49', '89', '249', '369', '409', '449', '529', '569', '609', '689', '769', '50', '55', '60', '70', '110', '131', '185', '300', '343', '403', '493']
['90', '210', '290', '330', '370', '410', '450', '490', '530', '570', '650', '770', '29', '32', '35', '59', '87', '193', '213', '235', '279', '651', '760']
['91', '211', '331', '371', '451', '531', '691', '731', '771', '43', '63', '283', '308', '540']
['172', '212', '372', '452', '532', '572', '612', '652', '692', '732', '33', '73', '525', '646']
['133', '293', '333', '413', '453', '533', '573', '613', '653', '693', '733', '773', '111', '194', '257', '358', '382', '486', '580', '635']
['134', '254', '294', '374', '414', '494', '534', '574', '614', '654', '694', '734', '774', '81', '117', '124', '429', '542']
['135', '255', '295', '335', '375', '415', '495', '615', '655', '695', '735', '775', '53', '492', '541', '558']
['176', '216', '256', '296', '336', '376', '416', '456', '496', '576', '616', '736', '776', '61', '128', '132', '271', '306', '332', '475', '519']
['57', '97', '137', '177', '217', '297', '337', '377', '417', '457', '537', '577', '617', '657', '737', '777', '65', '243', '270', '291', '303', '316', '329', '656']
['18', '138', '178', '218', '298', '338', '418', '458', '578', '618', '658', '698', '738', '778', '11', '125', '145', '209', '263', '342', '502', '520', '729', '744']
['99', '139', '259', '339', '419', '499', '539', '579', '619', '659', '699', '739', '779', '34', '93', '94', '98', '160', '215', '253', '341', '463', '505', '544', '742']
['140', '180', '340', '420', '460', '500', '620', '700', '740', '171', '465', '703', '764']
['141', '181', '221', '261', '381', '421', '461', '501', '581', '621', '701', '741', '781', '103', '321', '323', '350', '480', '686', '690', '696']
['22', '62', '102', '262', '302', '422', '462', '582', '622', '662', '702', '782', '143', '179', '317', '322', '661', '785']
['423', '503', '543', '583', '623', '663', '743', '783', '497', '566', '660']
['24', '144', '224', '304', '344', '384', '424', '504', '624', '704', '100', '148', '175', '280', '301', '311', '397', '432', '527', '575', '604']
['225', '265', '305', '345', '425', '545', '585', '625', '665', '705', '745', '23', '82', '161', '168', '198', '318', '411', '479', '498', '590', '668', '772', '784']
['66', '186', '226', '266', '386', '466', '506', '546', '586', '706', '786', '223', '247', '251', '264', '286', '481', '536', '680']
['107', '147', '187', '227', '267', '307', '387', '467', '507', '547', '587', '627', '667', '707', '747', '787', '10', '86', '136', '182', '232', '309', '328', '383', '443']
['28', '68', '188', '228', '268', '348', '388', '428', '468', '548', '628', '708', '748', '788', '130', '346', '380', '674']
['69', '189', '269', '349', '389', '509', '549', '629', '669', '709', '749', '789', '56', '88', '174', '222', '275', '571']
['190', '230', '390', '430', '470', '510', '550', '630', '670', '750', '790', '260', '491']
['231', '391', '431', '471', '551', '591', '671', '711', '751', '791', '482', '538', '715', '793']
['192', '272', '312', '352', '472', '512', '592', '632', '672', '712', '752', '792', '54', '108', '109', '118', '123', '151', '169', '195', '289', '378', '401', '477', '557']
['233', '273', '313', '353', '393', '433', '473', '513', '553', '593', '633', '673', '713', '753', '31', '114', '115', '191', '252', '347', '412', '664', '697', '746']
['74', '154', '234', '274', '314', '354', '394', '434', '474', '554', '634', '714', '754', '794', '12', '15', '36', '129', '153', '203', '229', '299', '552', '631', '780']
['75', '155', '315', '395', '435', '555', '595', '755', '795', '17', '92', '101', '385', '511', '588', '626', '647']
['76', '116', '156', '276', '356', '396', '436', '476', '516', '556', '596', '636', '676', '716', '756', '796', '30', '52', '71', '170', '214', '351', '459', '514']
['197', '237', '277', '357', '437', '517', '597', '637', '677', '717', '757', '797', '25', '44', '51', '666']
['158', '278', '438', '478', '518', '598', '638', '678', '718', '758', '798', '142', '173', '205', '589', '611']
['79', '119', '199', '239', '319', '359', '399', '439', '559', '599', '639', '679', '719', '759', '799', '150', '334', '392', '484', '640', '682']
