['Audie', 'Alis', 'Alika', 'Benita', 'Abigale', 'Carmella', 'Analiese', 'Carmelle', 'Addi', 'Annabal']
['Celie', 'Anette', 'Cele', 'Ashley', 'Addy', 'Celestina', 'Amity', 'Cecilia', 'Ashlie', 'Carmel']
['Bettina', 'Caresse', 'Billye', 'Carlynne', 'Alice', 'Alyda', 'Alikee', 'Betteanne', 'Chrissie', 'Annamaria']
['Christiane', 'Christy', 'Cate', 'Alidia', 'Anjanette', 'Agace', 'Christiana', 'Andreana', 'Carilyn', 'Annaliese']
['Brandy', 'Bertha', 'Beth', 'Bibby', 'Brandie', 'Abigail', 'Bernita', 'Betta', 'Allina', 'Catie']
['Beulah', 'Anitra', 'Christin', 'Anthia', 'Anatola', 'Bettye', 'Alie', 'Brear', 'Annie', 'Aila']
['Caryl', 'David', 'Abbey', 'Aryn', 'Chloette', 'Camila', 'Adora', 'Agneta', 'Carmita', 'Bekki']
['Brinna', 'Adey', 'Annis', 'Britta', 'Ashlen', 'Carla', 'Alvera', 'Bernetta', 'Ame', 'Alayne']
['Brigida', 'Beckie', 'Blanche', 'Arlen', 'Cathee', 'Abigael', 'Amberly', 'Catlin', 'Alexis', 'Anderea']
['Ashly', 'Adina', 'Angelique', 'Chelsey', 'Camella', 'Catha', 'Bella', 'Cecelia', 'Aprilette', 'Cherianne']
['Aggy', 'Carmela', 'Agnes', 'Amabelle', 'Candra', 'Adoree', 'Blondell', 'Anica', 'Alejandra', 'Beverly']
['Cecil', 'Austin', 'Bathsheba', 'Adrienne', 'Alexandra', 'Betsey', 'Blakeley', 'Alameda', 'Amitie', 'Brigid']
['Britte', 'Annora', 'Alexina', 'Bobby', 'Bryn', 'Benedikta', 'Berrie', 'Mary', 'Chandal', 'Bren']
['Caye', 'Charlotta', 'Andie', 'Brier', 'Adrea', 'Aura', 'Carry', 'Beret', 'Bev', 'Cathleen']
['Camala', 'Ardelia', 'Ardella', 'Anni', 'Cariotta', 'Alanna', 'Babb', 'Blake', 'Alecia', 'Catlaina']
['Adrian', 'Ali', 'Bobbee', 'Cathyleen', 'Charlotte', 'Alma', 'Berta', 'Alyss', 'Birgitta', 'Cammy']
['Ailey', 'Cathie', 'Camel', 'Alyce', 'Bili', 'Barbe', 'Brit', 'Chad', 'Annabella', 'Ashlee']
['Carlin', 'Ava', 'Antoinette', 'Cassandry', 'Anthiathia', 'Ailis', 'Carline', 'Ardyth', 'Avis', 'Bess']
['Bernadette', 'Carina', 'Abbi', 'Alicia', 'Andi', 'Batsheva', 'Bernardina', 'Barbi', 'Britni', 'Amelita']
['Alysa', 'Cammie', 'Arielle', 'Caroline', 'Bryana', 'Audrie', 'Bettine', 'Anny', 'Bonita', 'Arlena']
['Anselma', 'Adah', 'Bennie', 'Cassandra', 'Bree', 'Bernadine', 'Benedicta', 'Brenna', 'Bambi', 'Bambie']
['Brittany', 'Candi', 'Arabelle', 'Anastasie', 'Biddy', 'Bethany', 'Alene', 'Babara', 'Aurilia']
['Cassondra', 'Audra', 'Christean', 'Auberta', 'Angelica', 'Amalle', 'Carley', 'Anett', 'Bride', 'Barbabra']
['Binnie', 'Adelice', 'Benoite', 'Amaleta', 'Bobbi', 'Bette', 'Annelise', 'Agata', 'Brandais']
['Cati', 'Casi', 'Britt', 'Caitrin', 'Amelia', 'Chloris', 'Beryl', 'Brynne', 'Annadiane', 'Ceciley']
['Annamarie', 'Carole', 'Cherin', 'Bobine', 'Chelsy', 'Charlot', 'Ardith', 'Brina', 'Alane']
['Barbara', 'Andromache', 'Andee', 'Camellia', 'Arluene', 'Charmion', 'Benetta', 'Britney', 'Alida', 'Cassie']
['Carolan', 'Bonny', 'Arlinda', 'Ashia', 'Brook', 'Alisa', 'Adel', 'Brande', 'Allyn']
['Ardisj', 'Allyson', 'Alta', 'Aile', 'Ailina', 'Charla', 'Aliza', 'Ardenia', 'Aurelie', 'Alex']
['Amandi', 'Bee', 'Carri', 'Albertine', 'Billie', 'Carlotta', 'Aridatha', 'Amabel', 'Bill']
['Brinn', 'Belvia', 'Amalita', 'Bea', 'Cher', 'Caty', 'Angelia', 'Abbie', 'Carlynn', 'Amii']
['Ashli', 'Babs', 'Arleyne', 'Carin', 'Candide', 'Ayn', 'Celestine', 'Aigneis', 'Adella', 'Cacilia']
['Catriona', 'Ashlan', 'Andra', 'Carlina', 'Carlene', 'Callie', 'Cathy', 'Andria', 'Caterina', 'Bebe']
['Amandie', 'Brittni', 'Cathe', 'Blakelee', 'Charlena', 'Barry', 'Caritta', 'Brittne', 'Bari', 'Aggie']
['Angy', 'Alaine', 'Calli', 'Alanah', 'Averil', 'Camile', 'Anastassia', 'Cammi', 'Aubrie', 'Aloysia']
['Bernardine', 'Amy', 'Aurelea', 'Carolina', 'Brenda', 'Carolee', 'Arlyne', 'Benny', 'Adi', 'Betteann']
['Alexia', 'Angie', 'Adela', 'Adrianna', 'Allison', 'Caryn', 'Adelaida', 'Babette', 'Charlene', 'Carleen']
['Ashla', 'Casie', 'Amargo', 'Ardys', 'Belicia', 'Bonnie', 'Andree', 'Blythe', 'Berny', 'Annette']
['Alvina', 'Jean', 'Charleen', 'Caressa', 'Chere', 'Cesya', 'Arabella', 'Celia', 'Carrissa', 'Bobbette']
['Cathryn', 'Alica', 'Allsun', 'Christina', 'Arliene', 'Briney', 'Ana', 'Aline', 'Allegra', 'Christian']
['Ange', 'Adriane', 'Birdie', 'Atlante', 'Penny', 'Cherye', 'Amalea', 'Carine', 'Christine', 'Carlita']
['Aurore', 'Chrysler', 'Blancha', 'Ainslee', 'Anne', 'Bethena', 'Abagael', 'Cherilyn', 'Cara', 'Carma']
['Arlina', 'Celinka', 'Arlie', 'Arly', 'Celine', 'Avrit', 'Arda', 'Angil', 'Aeriela']
['Audre', 'Aurel', 'Carlye', 'Beatrisa', 'Agatha', 'Ainsley', 'Cody', 'Betty', 'Anetta', 'Carroll']
['Aeriell', 'Bridie', 'Bobbie', 'Bellanca', 'Bobbye', 'Alverta', 'Cherlyn', 'Beverley', 'Cheslie']
['Ambur', 'Adeline', 'Atlanta', 'Audrey', 'Blondy', 'Annalee', 'Ami', 'Antonie', 'Bert', 'Almira']
['Christye', 'Carly', 'Alexa', 'Blithe', 'Alissa', 'Ashleigh', 'Agretha']
['Billi', 'Amara', 'Aimee', 'Bernadene', 'Caitlin', 'Belle', 'Alix', 'Ailsun', 'Brittney', 'Alberta']
['Bridget', 'Ann', 'Andy', 'Anthe', 'Augustine', 'Brunhilde', 'Beverlee', 'Adelheid', 'Antonia', 'Breanne']
['Annetta', 'Ardyce', 'Aloise', 'Ania', 'Charmane', 'Ardis', 'Binny', 'Bobette', 'Bibbye', 'Charmain']
['Berthe', 'Chris', 'Calypso', 'Carolyn', 'Annalise', 'Carmina', 'Carlen', 'Cathrin', 'Cherida', 'Cherri']
