['153', '382', '73', '389', '469', '243', '404', '85', '280', '472', '208', '411', '3', '320', '313', '362', '217', '361', '347', '148', '230', '145', '151', '497']
['333', '150', '454', '156', '177', '10', '127', '59', '312', '271', '238', '42', '224', '465', '486', '178', '75', '117', '448', '499', '51', '16', '106']
['210', '144', '285', '185', '214', '30', '442', '318', '432', '409', '36', '52', '461', '436', '425', '367', '441', '191', '183', '82', '174', '226', '221', '372', '199']
['373', '279', '429', '205', '301', '27', '352', '397', '490', '294', '133', '369', '378', '351', '121', '272', '434', '94', '446']
['386', '337', '169', '241', '233', '124', '308', '396', '211', '245', '287', '179', '194', '463', '315', '387', '417', '398', '200', '168', '167', '252', '416', '38', '49', '412', '98', '34', '356', '391']
['131', '186', '498', '21', '17', '160', '55', '68', '173', '307', '116', '212', '155', '375', '92', '84', '428', '18', '290', '9', '157', '322', '424']
['11', '276', '219', '227', '296', '22', '321', '96', '447', '165', '444', '152', '113', '479', '393', '460', '62', '171', '6', '105', '345', '377', '467', '305']
['44', '376', '61', '275', '196', '326', '48', '242', '341', '122', '46', '344', '261', '4', '493', '297', '215', '349', '468', '408', '118', '293', '41', '365', '295', '319', '104']
['477', '0', '492', '235', '202', '184', '149', '24', '66', '72', '284', '282', '112', '331', '47', '381', '414', '450', '188', '81', '309']
['363', '5', '141', '487', '225', '329', '283', '45', '228', '7', '138', '390', '146', '443', '19', '268', '481', '496', '182', '107', '418']
['383', '250', '43', '209', '476', '74', '161', '254', '449', '130', '328', '110', '40', '334', '89', '163', '192', '97', '420', '298', '323', '395', '14']
['129', '172', '232', '218', '366', '71', '399', '471', '142', '164', '495', '364', '197', '201', '35', '101', '310', '78', '147', '239', '158', '348', '53', '187']
['314', '2', '474', '453', '475', '422', '251', '455', '338', '485', '357', '470', '77', '195', '336', '483', '237', '258', '67', '87', '267', '170', '302', '325', '231', '263', '247', '140', '330', '207', '371', '462', '368']
['240', '277', '288', '136', '206', '482', '289', '1', '458', '478', '139', '57', '269', '317', '126', '273', '166', '480', '405']
['274', '423', '159', '132', '415', '327', '370', '343', '102', '303', '203', '374', '260', '60', '70', '13', '20', '137', '286', '403', '353', '175', '95', '37', '281', '176']
['430', '311', '259', '99', '109', '26', '114', '431', '76', '143', '50', '407', '457', '56', '108', '190', '246', '213', '111', '359', '494', '198', '29', '31', '257', '438', '100']
['54', '79', '154', '216', '220', '88', '23', '262', '193', '119', '316', '32', '25', '69', '189', '445', '162', '466', '360', '255', '93', '265', '304', '350', '223', '456', '291', '392', '489', '83']
['180', '8', '266', '278', '65', '433', '103', '484', '204', '421', '340', '244', '12', '401', '355', '384', '464', '120', '459', '299', '253', '300', '335', '229', '90', '410', '115', '28']
['64', '473', '379', '249', '125', '80', '488', '426', '439', '394', '181', '406', '346', '354', '264', '491', '306', '380', '452', '236', '437', '91', '58', '324', '385', '402', '15']
['86', '248', '128', '388', '39', '427', '134', '451', '222', '400', '342', '123', '270', '332', '440', '135', '33', '63', '256', '413', '292', '435', '234', '419', '358', '339']
