['0']
['401', '400', '409', '410', '411', '412', '413', '414', '416', '417', '418', '419', '421', '422', '424', '425', '426', '427', '428', '429', '430', '432', '438', '439', '440', '443', '444', '445', '447', '449', '450', '452', '453', '454', '455', '456', '457', '458', '459', '460', '461', '463', '464', '465', '466', '467', '468', '470', '471', '472', '473', '476', '477', '479', '480', '481', '482', '483', '484', '485', '488', '489', '490', '491', '492', '495', '496', '497', '498', '499']
['402']
['403']
['4', '404']
['405']
['406']
['407']
['8', '408']
['9']
['10']
['11']
['12', '212']
['13']
['14']
['15', '415', '5']
['16', '216', '1']
['17']
['18']
['19', '219', '2']
['20', '420']
['21']
['22', '222', '200', '201', '202', '203', '204', '205', '206', '207', '208', '209', '210', '211', '213', '214', '215', '217', '218', '220', '221', '223', '224', '225', '226', '227', '228', '229', '230', '231', '232', '233', '234', '235', '236', '237', '238', '239', '240', '241', '242', '243', '244', '245', '246', '247', '248', '249', '250', '251', '252', '253', '254', '256', '257', '258', '259', '260', '261', '262', '263', '264', '265', '266', '267', '268', '269', '270', '271', '272', '273', '274', '275', '276', '277', '278', '279', '280', '281', '282', '283', '284', '285', '286', '287', '288', '289', '290', '291', '292', '293', '295', '296', '297', '298', '299']
['23', '423']
['24']
['25']
['26']
['27']
['28']
['29']
['30']
['31', '431']
['32']
['33', '433']
['34', '434']
['35', '435']
['36', '436']
['37', '437']
['38']
['39']
['40']
['41', '441', '100']
['42', '442', '6']
['43']
['44']
['45']
['46', '446']
['47']
['48', '448']
['49']
['50']
['51', '451', '300']
['52']
['53']
['54']
['55', '255', '3']
['56']
['57']
['58']
['59']
['60']
['61']
['62', '462']
['63']
['64']
['65']
['66']
['67']
['68']
['69', '469']
['70']
['71']
['72']
['73']
['74', '474']
['75', '475']
['76']
['77']
['78', '478']
['79']
['80']
['81']
['82']
['83']
['84']
['85']
['86', '486']
['87', '487']
['88']
['89']
['90']
['91']
['92']
['93', '493']
['94', '294', '494', '7']
['95']
['96']
['97']
['98']
['99']
['500', '502', '503', '504', '506', '507', '508', '509', '510', '511', '515', '517', '519', '520', '521', '522', '523', '524', '525', '527', '528', '529', '530', '531', '533', '537', '538', '540', '541', '542', '543', '544', '545', '546', '547', '548', '550', '551', '552', '553', '554', '555', '556', '557', '558', '559', '560', '561', '562', '563', '564', '565', '566', '567', '568', '569', '570', '571', '572', '573', '574', '575', '576', '577', '578', '579', '580', '581', '582', '583', '584', '585', '586', '587', '588', '589', '590', '591', '592', '593', '594', '595', '596', '597', '598', '599']
['301', '501']
['102']
['103', '303']
['104', '304']
['105', '305', '505']
['106', '306']
['107', '307']
['108', '308']
['109', '309']
['110', '310']
['111', '311']
['112', '312', '512']
['113', '313', '513']
['114', '314', '514']
['115', '315']
['116', '316', '516']
['117', '317']
['118', '318', '518']
['119', '319', '101']
['120', '320']
['121', '321']
['122', '322']
['123', '323']
['124', '324']
['125', '325']
['126', '326', '526']
['127', '327']
['128', '328']
['129', '329']
['130', '330']
['131', '331']
['132', '332', '532']
['133', '333']
['134', '334', '534']
['135', '335', '535']
['136', '336', '536']
['137', '337']
['138', '338']
['139', '339', '539']
['140', '340']
['141', '341']
['142', '342']
['143', '343']
['144', '344']
['145', '345']
['146', '346']
['147', '347']
['148', '348']
['149', '349', '549', '302', '391']
['150', '350']
['151', '351']
['152', '352']
['153', '353']
['154', '354']
['155', '355']
['156', '356']
['157', '357']
['158', '358']
['159', '359']
['160', '360']
['161', '361']
['162', '362']
['163', '363']
['164', '364']
['165', '365']
['166', '366']
['167', '367']
['168', '368']
['169', '369']
['170', '370']
['171', '371']
['172', '372']
['173', '373']
['174', '374']
['175', '375']
['176', '376']
['177', '377']
['178', '378']
['179', '379']
['180', '380']
['181', '381']
['182', '382']
['183', '383']
['184', '384']
['185', '385']
['186', '386']
['187', '387']
['188', '388']
['189', '389']
['190', '390']
['191']
['192', '392']
['193', '393']
['194', '394']
['195', '395']
['196', '396']
['197', '397']
['198', '398']
['199', '399']
