['0', '160', '200', '320', '359', '400', '440', '480', '560', '599', '640', '680', '720', '760', '159', '161', '199', '201', '319', '321', '360', '399', '401', '439', '441', '479', '481', '559', '561', '600', '639', '641', '679', '681', '719', '721', '759', '761']
['2', '41', '81', '121', '241', '281', '361', '521', '601', '40', '80', '82', '120', '122', '240', '242', '280', '282', '362', '520', '522', '602']
['1', '162', '202', '322', '402', '442', '482', '562', '642', '682', '722', '762', '163', '203', '323', '403', '443', '483', '563', '643', '683', '723', '763']
['3', '42', '123', '243', '283', '363', '523', '603', '43', '124', '244', '284', '364', '524', '604']
['4', '44', '83', '164', '204', '324', '404', '444', '484', '564', '644', '684', '724', '764', '45', '84', '165', '325', '405', '445', '485', '565', '645', '685']
['5', '85', '245', '285', '365', '525', '605', '86', '366', '526', '606']
['6', '46', '125', '205', '326', '406', '446', '486', '566', '646', '686', '725', '765', '126', '206', '487', '567', '647', '726', '766']
['7', '87', '127', '166', '207', '246', '286', '367', '607', '727', '767', '608']
['8', '48', '168', '248', '288', '328', '407', '447', '527', '687', '47', '49', '167', '169', '247', '249', '287', '289', '327', '408', '448', '528', '688']
['9', '89', '129', '209', '368', '409', '449', '488', '529', '568', '648', '689', '729', '769', '10', '88', '90', '128', '130', '208', '210', '369', '410', '450', '489', '530', '569', '649', '690', '728', '730', '768', '770']
['50', '170', '250', '290', '329', '370', '490', '570', '609', '650', '51', '171', '251', '291', '330', '371', '491', '571', '610', '651']
['11', '91', '131', '211', '331', '411', '451', '531', '611', '691', '731', '771', '92', '132', '212', '332', '412', '452', '532', '612', '692', '732', '772']
['172', '252', '292', '372', '492', '572', '652', '173', '253', '293', '373', '493', '573', '653']
['12', '52', '93', '133', '213', '333', '413', '453', '533', '613', '693', '733', '773', '13', '53', '134', '214', '334', '414', '454', '534', '614', '694', '734', '774']
['14', '54', '174', '254', '294', '374', '494', '574', '654', '175']
['94', '135', '335', '415', '455', '535', '615', '695', '735', '416', '456', '536']
['16', '56', '96', '215', '255', '296', '376', '496', '576', '656', '775', '15', '17', '55', '57', '95', '97', '216', '256', '295', '375', '377', '495', '497', '575', '577', '655', '657', '776']
['136', '176', '217', '257', '337', '617', '696', '736', '777', '137', '177', '218', '258', '336', '338', '616', '697', '737', '778']
['18', '58', '98', '138', '178', '297', '378', '417', '457', '537', '658', '698', '738', '19', '59', '99', '139', '179', '298', '418', '458', '538', '699', '739']
['219', '259', '299', '419', '459', '498', '539', '578', '618', '779', '220', '260', '300', '420', '460', '499', '540', '579', '619', '780']
['20', '60', '100', '140', '180', '339', '379', '500', '580', '620', '659', '700', '740', '61', '101', '141', '181', '340', '380', '501', '581', '621', '660', '701', '741']
['221', '261', '301', '341', '381', '421', '461', '541', '661', '781', '222', '262', '302', '342', '382', '422', '462', '542', '662', '782']
['21', '102', '142', '182', '502', '582', '622', '702', '742', '22', '103']
['23', '62', '223', '263', '303', '343', '383', '423', '463', '543', '663', '783', '784']
['64', '144', '184', '504', '584', '624', '704', '744', '63', '65', '143', '145', '183', '503', '505', '583', '585', '623', '625', '703', '743']
['25', '104', '225', '265', '305', '345', '385', '425', '465', '545', '665', '24', '26', '105', '224', '264', '304', '306', '344', '346', '384', '386', '424', '426', '464', '466', '544', '546', '664', '666']
['66', '106', '146', '185', '506', '586', '626', '705', '745', '785', '67', '107', '186', '587', '706', '746', '786']
['27', '187', '226', '266', '347', '387', '667', '707', '747', '787', '28', '188', '227', '267', '348', '388', '668', '708', '748', '788']
['68', '108', '147', '228', '268', '307', '427', '467', '507', '547', '627', '69', '109', '148', '229', '269', '308', '428', '468', '508', '548', '628']
['29', '149', '189', '309', '349', '429', '469', '509', '549', '588', '629', '709', '749', '789', '30', '150', '190', '310', '430', '470', '510', '550', '589', '630', '710', '750', '790']
['70', '110', '230', '270', '389', '590', '669', '390', '670']
['151', '191', '311', '350', '391', '431', '471', '511', '551', '631', '671', '711', '751', '791']
['31', '72', '112', '232', '272', '352', '592', '32', '71', '111', '113', '231', '233', '271', '273', '351', '353', '591', '593']
['33', '153', '193', '313', '393', '433', '473', '513', '553', '633', '673', '713', '753', '793', '34', '152', '154', '192', '194', '312', '314', '392', '394', '432', '434', '472', '474', '512', '514', '552', '554', '632', '634', '672', '674', '712', '752', '792', '794']
['73', '114', '234', '274', '354', '594', '74', '275', '355', '595']
['35', '75', '155', '195', '315', '395', '435', '475', '515', '555', '635', '675', '714', '754', '795', '36', '76', '316', '396', '436', '476', '516', '556', '636', '676', '715', '755']
['115', '235', '276', '356', '596', '716', '756', '116', '236', '357', '597', '717', '757']
['37', '77', '117', '156', '196', '237', '317', '397', '437', '477', '557', '637', '677', '796', '38', '78', '118', '157', '197', '238', '797']
['158', '198', '277', '358', '517', '598', '718', '758', '798', '278', '518']
['39', '79', '119', '239', '279', '318', '398', '438', '478', '519', '558', '638', '678', '799']
