['0', '262', '786', '260', '785']
['1', '263', '525', '787']
['2', '788']
['3', '265', '527', '789', '264']
['4', '266', '528', '790', '526']
['5', '529', '791']
['6', '268', '267']
['7', '269', '531', '793', '530']
['8', '270', '532', '10']
['9', '795', '792', '794']
['272', '534', '271', '533']
['11', '273', '535', '797', '796']
['536', '798']
['13', '275', '537', '12']
['14', '276', '538', '800', '274']
['277', '539']
['16', '802', '15', '799', '801']
['17', '279', '541', '803', '278']
['18', '280', '542', '804', '540']
['543', '805']
['20', '282', '544', '19']
['21', '283', '545', '807', '281']
['284', '546', '808', '806', '809']
['23', '285', '286']
['24', '548', '22', '547']
['25', '287', '549', '811', '810']
['550', '812']
['27', '289', '551', '26']
['28', '290', '552', '814', '288']
['291', '553', '815', '813', '816']
['30']
['31', '293', '555', '292']
['32', '294', '818', '29', '817']
['557', '819', '554', '556']
['34', '296', '558', '33']
['35', '297', '559', '821', '295']
['298', '560', '822', '820', '823']
['37', '36']
['38', '300', '562', '299']
['39', '301', '825', '824']
['564', '826', '561', '563']
['41', '303', '565', '40']
['42', '304', '566', '828', '302']
['305', '567', '829', '827', '830']
['44', '43']
['45', '307', '569', '831', '306']
['46', '308', '570', '832', '568']
['571', '833']
['48', '310', '572', '47']
['49', '311', '573', '835', '309']
['312', '574', '836', '834', '837']
['51', '50']
['52', '314', '576', '838', '313']
['53', '315', '577', '839', '575']
['578', '840']
['55', '317', '579', '54']
['56', '318', '580', '842', '316']
['319', '581', '843', '841', '844']
['58', '57']
['59', '321', '583', '845', '320']
['60', '322', '584', '846', '582']
['585', '847']
['62', '324', '61']
['63', '587', '849', '586']
['326', '588', '323', '325']
['65', '851', '64', '848', '850']
['66', '328', '590', '852', '327']
['67', '329', '591', '853', '589']
['592', '854']
['69', '331', '593', '68']
['70', '332', '594', '856', '330']
['333', '595']
['72', '858', '71', '855', '857']
['73', '335', '597', '859', '334']
['74', '336', '598', '860', '596']
['599', '861']
['76', '338', '600', '75']
['77', '339', '601', '863', '337']
['340', '602', '864', '862', '865']
['79', '341', '342']
['80', '604', '78', '603']
['81', '343', '605', '867', '866']
['606', '868']
['83', '345', '607', '82']
['84', '346', '608', '870', '344']
['347', '609', '871', '869', '872']
['86']
['87', '349', '611', '348']
['88', '350', '874', '85', '873']
['613', '875', '610', '612']
['90', '352', '614', '89']
['91', '353', '615', '877', '351']
['354', '616', '878', '876', '879']
['93', '92']
['94', '356', '618', '355']
['95', '357', '881', '880']
['620', '882', '617', '619']
['97', '359', '621', '96']
['98', '360', '622', '884', '358']
['361', '623', '885', '883', '886']
['100', '99']
['101', '363', '625', '887', '362']
['102', '364', '626', '888', '624']
['627', '889']
['104', '366', '628', '103']
['105', '367', '629', '891', '365']
['368', '630', '892', '890', '893']
['107', '106']
['108', '370', '632', '894', '369']
['109', '371', '633', '895', '631']
['634', '896']
['111', '373', '635', '110']
['112', '374', '636', '898', '372']
['375', '637', '899', '897', '900']
['114', '113']
['115', '377', '639', '901', '376']
['116', '378', '640', '902', '638']
['641', '903']
['118', '380', '117']
['119', '643', '905', '642']
['382', '644', '379', '381']
['121', '907', '120', '904', '906']
['122', '384', '646', '908', '383']
['123', '385', '647', '909', '645']
['648', '910']
['125', '387', '649', '124']
['126', '388', '650', '912', '386']
['389', '651']
['128', '914', '127', '911', '913']
['129', '391', '653', '915', '390']
['130', '392', '654', '916', '652']
['655']
['132', '394', '131', '393']
['133', '395', '657', '656']
['396', '658']
['135', '397', '398']
['136', '660', '134', '137', '659']
['399', '661']
['662']
['139', '401', '138', '400']
['140', '402', '664', '663']
['403', '665']
['142']
['405', '667', '404']
['144', '406', '141', '143']
['669', '666', '668']
['146', '408', '145', '407']
['147', '409', '671', '670']
['410', '672']
['149', '148']
['150', '412', '674', '411']
['151', '413']
['676', '673', '675']
['153', '415', '152', '414']
['154', '416', '678', '677']
['417', '679']
['156', '155']
['157', '419', '681', '418', '680']
['158', '420', '682']
['683']
['160', '422', '159', '421']
['161', '423', '685', '684']
['424', '686']
['163', '162']
['164', '426', '688', '425', '687']
['165', '427', '689']
['690']
['167', '429', '691', '166', '692']
['168', '430', '428', '431']
['693']
['170', '169']
['171', '433', '695', '432', '694']
['172', '434', '696']
['697']
['174', '436', '173']
['175', '699', '698']
['438', '700', '435', '437']
['177', '176']
['178', '440', '702', '439', '701']
['179', '441', '703']
['704']
['181', '443', '180', '442']
['182', '444', '706', '705']
['445', '707']
['184', '183']
['185', '447', '709', '446', '708']
['186', '448', '710']
['711']
['188', '450', '187', '449']
['189', '451', '713', '712']
['452', '714']
['191', '453', '454']
['192', '716', '190', '193', '715']
['455', '717']
['718']
['195', '457', '194', '456']
['196', '458', '720', '719']
['459', '721']
['198']
['461', '723', '460']
['200', '462', '197', '199']
['725', '722', '724']
['202', '464', '201', '463']
['203', '465', '727', '726']
['466', '728']
['205', '204']
['206', '468', '730', '467']
['207', '469']
['732', '729', '731']
['209', '471', '208', '470']
['210', '472', '734', '733']
['473', '735']
['212', '211']
['213', '475', '737', '474', '736']
['214', '476', '738']
['739']
['216', '478', '215', '477']
['217', '479', '741', '740']
['480', '742']
['219', '218']
['220', '482', '744', '481', '743']
['221', '483', '745']
['746']
['223', '485', '747', '222', '748']
['224', '486', '484', '487']
['749']
['226', '225']
['227', '489', '751', '488', '750']
['228', '490', '752']
['753']
['230', '492', '229']
['231', '755', '754']
['494', '756', '491', '493']
['233', '232']
['234', '496', '758', '495', '757']
['235', '497', '759']
['760']
['237', '499', '236', '498']
['238', '500', '762', '761']
['501', '763']
['240', '239']
['241', '503', '765', '502', '764']
['242', '504', '766']
['767']
['244', '506', '243', '505']
['245', '507', '769', '768']
['508', '770']
['247', '509', '510']
['248', '772', '246', '249', '771']
['511', '773']
['774']
['251', '513', '250', '512']
['252', '514', '776', '775']
['515', '777']
['254']
['517', '779', '516']
['256', '518', '253', '255']
['781', '778', '780']
['258', '520', '257', '519']
['259', '521', '783', '782']
['522', '784']
['261', '523', '524']
