['0', '32', '64', '96', '128', '160', '192', '224', '256', '288', '320', '352', '384', '416', '448', '480', '512', '544', '576', '608', '640', '672', '704', '736', '768', '800', '832', '864', '896', '30', '31', '62', '65', '95', '97', '126', '127', '129', '158', '159', '190', '193', '223', '226', '254', '255', '257', '286', '287', '318', '321', '351', '354', '382', '383', '385', '414', '415', '446', '449', '450', '481', '510', '511', '542', '545', '575', '578', '606', '607', '609', '638', '639', '670', '673', '703', '706', '734', '735', '737', '766', '767', '798', '801', '831', '834', '862', '863', '865', '894', '895']
['1', '225', '353', '577', '705', '833', '929', '195', '323', '547', '675', '803', '928']
['2', '66', '98', '130', '194', '258', '322', '386', '482', '546', '610', '674', '738', '802', '866', '898', '36', '68', '164', '292', '516', '644', '772']
['3', '35', '67', '99', '131', '163', '227', '259', '291', '355', '387', '419', '451', '483', '515', '579', '611', '643', '707', '739', '771', '835', '867', '899', '12', '20', '28', '33', '34', '37', '41', '45', '49', '53', '57', '70', '74', '78', '82', '86', '100', '101', '103', '107', '111', '115', '124', '132', '133', '140', '148', '153', '161', '162', '169', '177', '182', '186', '198', '202', '206', '215', '228', '229', '231', '244', '252', '260', '261', '268', '273', '281', '289', '290', '297', '302', '306', '310', '314', '326', '335', '343', '356', '357', '364', '372', '380', '388', '393', '401', '409', '417', '418', '422', '426', '430', '434', '438', '442', '452', '453', '455', '463', '471', '484', '485', '492', '500', '508', '513', '514', '521', '529', '537', '550', '554', '558', '562', '566', '580', '581', '583', '591', '604', '612', '613', '620', '628', '633', '641', '642', '649', '657', '662', '666', '678', '682', '686', '695', '708', '709', '711', '724', '732', '740', '741', '748', '753', '761', '769', '770', '777', '782', '786', '790', '794', '806', '815', '823', '836', '837', '844', '852', '860', '868', '900']
['4', '196', '324', '420', '548', '676', '804']
['5', '69', '165', '197', '293', '325', '389', '421', '517', '549', '645', '677', '773', '805', '869', '901']
['6', '38', '102', '134', '230', '262', '358', '454', '486', '582', '614', '710', '742', '838']
['7', '71', '199', '327', '423', '551', '679', '807', '903', '902']
['8', '40', '104', '136', '168', '232', '264', '296', '360', '392', '456', '488', '520', '584', '616', '648', '712', '744', '776', '840', '872', '10', '39', '105', '135', '138', '166', '167', '233', '234', '263', '265', '266', '294', '295', '330', '361', '362', '390', '391', '457', '458', '487', '489', '490', '518', '519', '585', '586', '615', '617', '618', '646', '647', '713', '714', '743', '745', '746', '774', '775', '810', '841', '842', '870', '871']
['9', '73', '137', '201', '329', '425', '553', '681', '809', '905', '43', '72', '171', '200', '299', '328', '359', '395', '424', '523', '552', '651', '680', '779', '808', '839', '904']
['42', '106', '170', '298', '394', '522', '650', '778', '874', '76', '875']
['11', '75', '139', '203', '235', '267', '331', '363', '427', '459', '491', '555', '587', '619', '683', '715', '747', '811', '843', '907', '109', '237', '333', '461', '589', '717', '813', '906']
['44', '108', '172', '204', '236', '300', '332', '396', '428', '460', '524', '556', '588', '652', '684', '716', '780', '812', '876', '14']
['13', '77', '141', '173', '205', '269', '301', '365', '397', '429', '493', '525', '557', '621', '653', '685', '749', '781', '845', '877', '909', '873', '881', '889', '897', '908']
['46', '110', '238', '334', '462', '590', '718', '814']
['15', '79', '207', '303', '431', '559', '687', '783', '911', '910']
['48', '112', '144', '176', '240', '272', '336', '368', '400', '464', '496', '528', '592', '624', '656', '720', '752', '816', '848', '880', '18', '47', '113', '142', '143', '146', '174', '175', '210', '241', '242', '270', '271', '337', '338', '366', '367', '369', '370', '398', '399', '465', '466', '494', '495', '497', '498', '526', '527', '593', '594', '622', '623', '625', '626', '654', '655', '690', '721', '722', '750', '751', '817', '818', '846', '847', '849', '850', '878', '879']
['17', '81', '145', '209', '305', '433', '561', '689', '785', '913', '16', '51', '80', '179', '208', '239', '275', '304', '403', '432', '531', '560', '659', '688', '719', '755', '784', '912']
['50', '114', '178', '274', '402', '530', '658', '754', '882', '84', '883']
['19', '83', '147', '211', '243', '307', '339', '371', '435', '467', '499', '563', '595', '627', '691', '723', '787', '819', '851', '915', '117', '213', '341', '469', '597', '693', '821', '914']
['52', '116', '180', '212', '276', '308', '340', '404', '436', '468', '532', '564', '596', '660', '692', '756', '788', '820', '884', '22']
['21', '85', '149', '181', '245', '277', '309', '373', '405', '437', '501', '533', '565', '629', '661', '725', '757', '789', '853', '885', '917', '916']
['54', '118', '214', '342', '470', '598', '694', '822']
['23', '87', '183', '311', '439', '567', '663', '791', '919', '918']
['56', '120', '152', '216', '248', '280', '344', '376', '408', '472', '504', '536', '600', '632', '696', '728', '760', '824', '856', '888', '26', '55', '90', '121', '122', '150', '151', '217', '218', '246', '247', '249', '250', '278', '279', '345', '346', '374', '375', '377', '378', '406', '407', '473', '474', '502', '503', '505', '506', '534', '535', '570', '601', '602', '630', '631', '697', '698', '726', '727', '729', '730', '758', '759', '825', '826', '854', '855', '857', '858', '886', '887']
['25', '89', '185', '313', '441', '569', '665', '793', '921', '24', '59', '88', '119', '155', '184', '283', '312', '411', '440', '539', '568', '599', '635', '664', '763', '792', '920']
['58', '154', '282', '410', '538', '634', '762', '890', '891']
['27', '91', '123', '187', '219', '251', '315', '347', '379', '443', '475', '507', '571', '603', '667', '699', '731', '795', '827', '859', '923', '93', '221', '349', '477', '573', '701', '829', '922']
['60', '92', '156', '188', '220', '284', '316', '348', '412', '444', '476', '540', '572', '636', '668', '700', '764', '796', '828', '892']
['29', '61', '125', '157', '189', '253', '285', '317', '381', '413', '445', '509', '541', '605', '637', '669', '733', '765', '797', '861', '893', '925', '924']
['94', '222', '350', '478', '574', '702', '830']
['63', '191', '319', '447', '479', '543', '671', '799', '927', '926']
