['s66', 's80', 's405', 's400', 's810', 's160', 's938', 's497', 's242', 's809', 's503', 's230', 's259', 's520', 's335', 's882', 's15', 's717', 's744', 's63', 's825']
['s56', 's656', 's949', 's908', 's466', 's189', 's776', 's0', 's751', 's650', 's697']
['s680', 's101', 's317', 's712', 's733', 's359', 's903', 's327', 's748', 's988', 's635', 's99', 's186', 's992', 's423', 's639', 's227', 's982', 's60', 's493', 's943', 's673', 's691', 's572']
['s11', 's148', 's885', 's784', 's286', 's679', 's661', 's510', 's192', 's337', 's846', 's121', 's720', 's601', 's88', 's419', 's543', 's655', 's455', 's280', 's900', 's681', 's158', 's486']
['s373', 's956', 's523', 's686', 's381', 's547', 's93', 's665', 's915', 's540', 's574', 's264', 's293', 's390', 's933', 's674', 's928', 's219', 's771']
['s247', 's878', 's248', 's564', 's184', 's336', 's567', 's366', 's603', 's867', 's398', 's456', 's669', 's812', 's21', 's228', 's226', 's763', 's762', 's805', 's205', 's38', 's440', 's255', 's129']
['s246', 's482', 's3', 's728', 's573', 's144', 's422', 's368', 's582', 's907', 's975', 's499', 's830', 's53', 's597', 's399', 's685', 's241', 's897', 's698', 's483', 's296', 's145', 's481', 's618', 's467']
['s151', 's87', 's395', 's653', 's772', 's522', 's389', 's660', 's562', 's822', 's167', 's196', 's752', 's633', 's796', 's213', 's291', 's54', 's775', 's764', 's275', 's642', 's946', 's397']
['s542', 's211', 's959', 's729', 's272', 's511', 's829', 's287', 's659', 's84', 's363', 's701', 's171', 's783', 's823', 's26', 's334', 's97', 's377', 's760', 's463']
['s798', 's651', 's31', 's478', 's688', 's194', 's797', 's202', 's412', 's243', 's117', 's281']
['s506', 's648', 's745', 's962', 's347', 's722', 's461', 's781', 's447', 's273', 's998', 's813', 's792', 's816', 's233', 's277', 's360', 's491']
['s261', 's868', 's427', 's530', 's328', 's517', 's4', 's488', 's350', 's819', 's477', 's889', 's102', 's539', 's835', 's887', 's43', 's684', 's302', 's877']
['s238', 's444', 's999', 's161', 's250', 's800', 's290', 's526', 's17', 's769', 's297', 's570', 's766', 's643', 's391', 's694', 's922']
['s513', 's756', 's320', 's974', 's836', 's695', 's596', 's678', 's124', 's106', 's251', 's741', 's70', 's119', 's723', 's977', 's936', 's263', 's429', 's849']
['s614', 's644', 's319', 's406', 's585', 's848', 's201', 's719', 's428', 's569', 's89', 's682', 's396', 's164', 's899', 's628', 's561', 's77', 's773', 's509']
['s480', 's345', 's551', 's371', 's807', 's115', 's197', 's48', 's245', 's634', 's69', 's516', 's262', 's782', 's231', 's35', 's137', 's735', 's718', 's536']
['s107', 's441', 's439', 's906', 's620', 's8', 's668', 's973', 's755', 's298', 's175', 's852', 's341', 's527', 's83', 's362', 's323', 's346', 's258', 's594', 's984']
['s638', 's683', 's431', 's472', 's105', 's855', 's926', 's289', 's67', 's818', 's407', 's476', 's284', 's528', 's749', 's896', 's435', 's840', 's253', 's559', 's960', 's996', 's916', 's537']
['s953', 's923', 's742', 's338', 's857', 's839', 's768', 's563', 's621', 's92', 's408', 's880', 's630', 's591', 's274', 's392', 's696', 's492', 's19', 's794']
['s278', 's707', 's850', 's16', 's312', 's415', 's244', 's210', 's116', 's40', 's871', 's265', 's991', 's451', 's759', 's2', 's983', 's44', 's74', 's549']
['s626', 's216', 's9', 's786', 's452', 's774', 's550', 's489', 's204', 's198', 's25', 's138', 's100', 's361', 's845', 's664', 's941', 's856', 's743', 's375', 's647', 's654', 's747', 's993', 's746', 's967']
['s288', 's905', 's736', 's919', 's935', 's579', 's236', 's901', 's330', 's90', 's401', 's322', 's155', 's378', 's713', 's608', 's207', 's593', 's911', 's847', 's432', 's702']
['s937', 's370', 's340', 's641', 's143', 's770', 's387', 's970', 's460', 's372', 's711', 's725', 's934', 's987', 's828', 's990', 's504', 's134', 's72', 's34', 's78']
['s468', 's505', 's353', 's495', 's546', 's332', 's329', 's384', 's803', 's790', 's616', 's85', 's13', 's473', 's324', 's789', 's22', 's254', 's575', 's445']
['s670', 's894', 's122', 's295', 's799', 's700', 's163', 's157', 's185', 's133', 's446', 's793', 's464', 's47', 's556', 's214', 's892', 's294', 's753']
['s731', 's795', 's385', 's501', 's318', 's443', 's507', 's667', 's827', 's449', 's453', 's315', 's367', 's963', 's589', 's708']
['s417', 's471', 's904', 's508', 's457', 's260', 's780', 's602', 's958', 's199', 's153', 's304', 's978', 's249', 's285', 's156', 's454', 's955', 's425', 's376']
['s215', 's514', 's758', 's430', 's624', 's203', 's42', 's929', 's645', 's326', 's750', 's699', 's952', 's475', 's58', 's861', 's308', 's128', 's364', 's179']
['s73', 's132', 's166', 's311', 's757', 's140', 's584', 's223', 's545', 's902', 's136', 's354', 's808', 's82', 's893', 's535', 's37']
['s52', 's470', 's310', 's947', 's820', 's832', 's942', 's518', 's925', 's619', 's811', 's985', 's869', 's560', 's971', 's687', 's631', 's349', 's806', 's917', 's544']
['s961', 's826', 's386', 's459', 's109', 's159', 's617', 's957', 's314', 's237', 's313', 's209', 's130', 's303', 's418', 's232', 's884', 's141']
['s190', 's307', 's339', 's413', 's355', 's951', 's940', 's103', 's558', 's217', 's519', 's333', 's149', 's64', 's20', 's853', 's710', 's595', 's61', 's986', 's187']
['s94', 's606', 's981', 's627', 's292', 's301', 's356', 's802', 's222', 's75', 's502', 's994', 's27', 's127', 's479', 's611', 's704']
['s469', 's139', 's24', 's126', 's815', 's568', 's114', 's266', 's76', 's529', 's939', 's566', 's426', 's403', 's854', 's181', 's571', 's200', 's79', 's851', 's402', 's724']
['s727', 's966', 's68', 's120', 's948', 's932', 's649', 's930', 's50', 's737', 's29', 's10', 's268', 's726', 's65', 's879']
['s178', 's738', 's306', 's494', 's824', 's5', 's234', 's191', 's944', 's173', 's358', 's864', 's169', 's512', 's557', 's235', 's924', 's859', 's663', 's709']
['s730', 's515', 's282', 's321', 's891', 's487', 's182', 's344', 's622', 's220', 's657', 's814', 's883', 's555', 's414', 's612', 's172', 's997', 's379', 's98', 's45', 's636']
['s86', 's910', 's779', 's876', 's450', 's81', 's57', 's662', 's168', 's96', 's672', 's833', 's33', 's703', 's393', 's91', 's424', 's623']
['s721', 's693', 's394', 's837', 's438', 's500', 's269', 's945', 's36', 's409', 's195', 's625', 's843', 's411', 's533', 's59']
['s135', 's821', 's188', 's604', 's462', 's41', 's465', 's863', 's613', 's146', 's305', 's767', 's865', 's110', 's858']
['s521', 's629', 's351', 's484', 's62', 's912', 's844', 's785', 's257', 's576', 's212', 's968', 's732', 's325', 's652', 's866', 's316', 's112', 's111', 's365', 's174', 's193', 's980']
['s357', 's554', 's778', 's553', 's267', 's162', 's870', 's600', 's964', 's592', 's147', 's252', 's875', 's410', 's71', 's788', 's343', 's831', 's754']
['s49', 's605', 's972', 's125', 's548', 's104', 's954', 's895', 's342', 's881', 's123', 's838', 's979', 's586', 's229', 's421', 's886', 's918']
['s240', 's706', 's777', 's609', 's532', 's39', 's55', 's524', 's30', 's95', 's632', 's352', 's583', 's382', 's577', 's276', 's383', 's224', 's490']
['s206', 's671', 's170', 's898', 's271', 's177', 's581', 's433', 's872', 's498', 's761', 's598', 's299', 's208', 's587', 's791', 's300', 's995', 's599', 's225', 's474', 's131', 's374', 's888', 's834', 's221']
['s142', 's677', 's675', 's118', 's180', 's740', 's588', 's914', 's270', 's12', 's448', 's283', 's607', 's14', 's690', 's590', 's950', 's458', 's380', 's969', 's610']
['s436', 's976', 's817', 's176', 's890', 's256', 's921', 's689', 's538', 's51', 's416', 's6', 's716', 's676', 's734', 's7', 's801', 's862', 's152', 's309']
['s965', 's525', 's183', 's578', 's108', 's640', 's637', 's909', 's442', 's927', 's369', 's150', 's154', 's348', 's874', 's496', 's485', 's615', 's658', 's842']
['s46', 's714', 's404', 's279', 's218', 's666', 's989', 's18', 's388', 's437', 's32', 's646', 's28', 's580', 's113', 's534', 's841', 's692', 's787', 's434']
['s715', 's920', 's705', 's541', 's23', 's331', 's420', 's765', 's165', 's931', 's239', 's565', 's739', 's804', 's531', 's860', 's1', 's873', 's913', 's552']
