['637', '85', '673', '148', '470', '536', '328', '76', '402', '385', '534', '667', '460', '465', '180', '40', '404', '107', '37', '123', '254', '413', '163', '152', '598', '398', '602', '695', '323', '586']
['573', '93', '364', '379', '178', '104', '474', '241', '114', '77', '194', '628', '597', '424', '468', '697', '73', '263', '203', '532', '251', '118', '19', '661', '20', '670', '391', '657', '239', '478']
['522', '69', '134', '327', '154', '498', '479', '173', '633', '671', '197', '612', '39', '223', '456', '548', '3', '492', '464', '666', '238', '506', '106', '660', '201', '59', '419', '469', '365']
['392', '62', '112', '113', '209', '371', '380', '336', '625', '651', '7', '396', '53', '213', '538', '346', '342', '32', '583', '553', '122', '634', '29', '150', '620', '555', '326', '225']
['60', '24', '557', '44', '340', '179', '204', '656', '525', '260', '390', '244', '646', '162', '473', '12', '164', '30', '334', '438', '476', '372', '558', '250', '457', '272']
['165', '333', '377', '668', '17', '87', '632', '595', '681', '121', '130', '222', '146', '686', '381', '588', '483', '616', '216', '341', '61', '235', '322', '66', '294', '549', '429', '132', '477']
['131', '674', '453', '78', '589', '5', '367', '412', '684', '171', '57', '624', '221', '680', '490', '9', '535', '611', '31', '688', '592', '618']
['54', '265', '604', '463', '596', '672', '256', '174', '271', '593', '382', '293', '368', '605', '207', '58', '8', '428', '23']
['95', '246', '447', '585', '330', '13', '245', '383', '231', '579', '224', '168', '35', '600', '452', '375', '21', '566', '292', '551', '187', '291', '275', '489', '149', '347', '116', '329', '505']
['43', '74', '268', '642', '295', '613', '232', '325', '247', '159', '248', '409', '52', '313', '405', '427', '84', '407', '561', '418', '445', '645', '175', '306', '394', '531', '655', '90']
['654', '676', '584', '607', '176', '193', '355', '455', '36', '571', '10', '518', '258', '443', '694', '208', '70', '214', '129', '56', '577', '435', '687', '46', '200', '420']
['541', '332', '212', '41', '22', '242', '249', '648', '257', '128', '510', '199', '100', '683', '228', '253', '387']
['335', '366', '503', '310', '109', '236', '309', '690', '608', '635', '357', '277', '481', '230', '170', '526', '26', '565', '519']
['401', '439', '504', '543', '359', '217', '312', '83', '126', '446', '51', '482', '240', '389', '386', '188', '528', '693', '475', '517', '437', '400', '653', '307']
['520', '523', '316', '652', '601', '619', '289', '431', '699', '426', '373', '480', '617', '284', '161']
['25', '273', '497', '691', '135', '156', '444', '361', '615', '484', '80', '319', '563', '511', '530', '191', '283', '440', '205', '2', '337', '127', '303', '38', '575', '360', '177']
['662', '376', '6', '158', '269', '50', '436', '417', '677', '560', '287', '11', '451', '542', '166', '521', '142', '384', '88', '281', '94', '264']
['47', '636', '349', '524', '614', '432', '454', '576', '234', '610', '643', '408', '305', '352', '374', '378', '363', '685', '49', '647', '300', '682', '590', '415', '500', '698']
['631', '442', '393', '388', '678', '227', '546', '195', '621', '279', '599', '578', '192', '72', '211', '147', '218', '27', '169', '296', '627', '550', '139', '358', '302']
['151', '96', '140', '120', '692', '547', '202', '314', '133', '105', '501', '252', '64', '641', '157', '345', '267', '261', '516']
['339', '675', '471', '99', '108', '509', '410', '286', '317', '622', '640', '75', '219', '255', '425', '124']
['34', '609', '356', '564', '198', '33', '556', '639', '507', '487', '594', '485', '67', '243', '499', '311', '4', '82', '143', '669', '185', '411', '514']
['278', '448', '679', '488', '629', '215', '186', '298', '354', '86', '226', '299', '434', '638', '569', '137', '554', '544', '568', '285', '351', '630', '288']
['68', '220', '606', '441', '1', '63', '422', '414', '320', '353', '572', '449', '495', '545', '280', '472', '144', '237', '406', '513', '529', '138']
['508', '119', '28', '461', '15', '567', '259', '540', '570', '290', '155', '229', '274', '663']
['301', '270', '190', '696', '459', '136', '494', '552', '458', '297', '493', '533', '343', '189', '102', '45', '466', '160', '282', '421', '649', '462', '430', '395', '689', '515', '581']
['233', '103', '559', '79', '331', '183', '527', '262', '71', '502', '318', '101', '81', '210', '350', '362', '416', '403', '110', '92', '172', '397', '450']
['399', '491', '42', '182', '370', '650', '16', '111', '145', '369', '18', '603', '539', '115', '14', '486', '304', '562', '644']
['266', '0', '665', '48', '423', '582', '308', '496', '433', '117', '141', '206', '591', '587', '574', '276', '196', '153', '338', '91']
['658', '659', '315', '167', '467', '537', '55', '125', '65', '321', '344', '181', '664', '512', '98', '89', '324', '97', '626', '580', '623', '348', '184']
