['616', '571', '464', '409', '11121', '309', '254', '206', '102', '619', '570', '462', '466', '408', '411', '307', '311', '253', '205', '207', '208', '98', '1111']
['677', '572', '513', '465', '11122', '310', '255', '148', '103', '44', '671', '673', '510', '511', '512', '378', '306', '252', '147', '149', '99', '42', '43']
['618', '514', '104', '45', '615', '617']
['515', '467', '412', '257', '209', '150', '46', '559', '410', '256', '48']
['717', '620', '516', '413', '11115', '196', '151', '92', '47', '715', '4', '197', '97']
['718', '667', '621', '562', '11131', '457', '402', '357', '11116', '152', '93', '666', '668', '354', '356', '358', '91']
['719', '563', '11132', '303', '11127', '153', '94', '1113', '561', '524', '11141', '343', '302', '305']
['669', '564', '359', '304', '11128', '199', '140', '95', '1114', '713', '665', '300', '202']
['0', '670', '610', '565', '504', '460', '245', '200', '96', '714', '716', '700', '1', '678', '664', '11138', '608', '609', '611', '612', '614', '560', '11133', '503', '505', '508', '11130', '456', '458', '459', '385', '338', '288', '1118']
['461', '406', '349', '294', '201', '142', '36', '403', '404', '405', '407', '355', '348', '350', '351', '353', '11120', '299', '198', '141', '37', '39']
['707', '658', '506', '295', '247', '706', '711', '657', '659', '662', '301', '11117', '246', '249', '251']
['613', '554', '507', '248', '144', '85', '38', '553', '146', '84', '87']
['660', '555', '452', '352', '297', '145', '552', '556', '450', '451', '454', '296', '143']
['710', '661', '601', '509', '453', '398', '298', '250', '40', '709']
['557', '88', '41', '35']
['712', '663', '603', '558', '497', '455', '400', '238', '193', '134', '89', '28', '399', '189']
['604', '498', '444', '401', '344', '289', '194', '135', '90', '602', '496', '499', '501', '445', '446', '447', '11125', '397', '342', '345', '346', '191', '86', '11114']
['11134', '11123', '290', '240', '195', '136', '1115', '30', '396', '292', '293', '239', '190', '192', '29', '33']
['701', '606', '545', '500', '11124', '291', '241', '137', '1116', '31', '699', '705', '2', '605', '546', '548', '550', '242', '244', '133', '32']
['702', '607', '347', '183', '138', '77', '185', '82']
['703', '654', '547', '502', '448', '391', '243', '184', '139', '652', '653', '655', '390']
['704', '449', '392', '337', '79', '34', '78']
['656', '596', '549', '11118', '80', '651']
['6', '597', '394', '339', '232', '187', '128', '81', '22', '708']
['644', '598', '551', '492', '440', '395', '340', '283', '233', '188', '23', '643', '645', '646', '647', '594', '491', '438', '439', '441', '393', '336', '282', '286', '231', '236', '182', '186', '21', '24']
['599', '538', '493', '384', '341', '284', '234', '130', '83', '595', '543', '489', '490', '387', '285', '126']
['600', '494', '442', '235', '131', '70', '127', '129', '71']
['694', '11135', '540', '495', '443', '386', '331', '177', '132', '26', '693', '695', '539', '330', '176', '181', '25']
['648', '11136', '541', '432', '287', '237', '178', '1117', '72', '27', '435', '175', '179', '73', '76']
['649', '542', '388', '333', '14', '3', '544', '332', '335']
['697', '484', '434', '389', '334', '277', '180', '74', '692']
['698', '589', '485', '120', '75']
['590', '486', '436', '379', '279', '227', '121', '17', '696', '483', '380', '276', '280', '224', '225', '226', '15', '16', '18']
['591', '437', '228', '587', '588', '433']
['639', '592', '488', '326', '281', '229', '170', '123', '64', '19', '636', '637', '638', '641', '482', '487', '325', '328', '278', '168', '169', '172', '119', '122', '124', '63', '65']
['687', '640', '593', '534', '11126', '382', '327', '270', '230', '171', '20', '686', '532', '381', '324', '271', '272', '274']
['688', '535', '426', '383', '125', '531', '533', '537', '427', '428']
['689', '642', '581', '536', '477', '329', '67', '8', '583', '66']
['690', '11137', '582', '478', '373', '11119', '174', '68', '650', '173']
['691', '479', '429', '374', '1119', '114', '69', '10', '7']
['629', '584', '525', '480', '375', '275', '221', '11110', '115', '630', '631', '635', '526', '476', '372', '273', '217', '218', '219', '220', '223', '112', '113', '117', '118']
['585', '481', '431', '376', '319', '264', '222', '116', '12', '580', '475', '430', '318', '321', '322']
['679', '586', '420', '377', '320', '162', '58', '13', '680', '682', '683', '684', '421', '422', '423', '424', '161', '56', '9', '11']
['528', '266', '163', '59', '265', '269', '164', '61']
['681', '633', '574', '529', '367', '267', '211', '105', '60', '1112', '527', '370']
['634', '530', '471', '368', '323', '268', '212', '165', '11113', '632', '366']
['369', '166', '107', '62', '110', '57']
['577', '473', '425', '258', '167', '11143']
['11139', '623', '578', '519', '474', '371', '215', '109', '685', '622', '624', '573', '576', '518', '468', '469', '470', '472', '210', '213', '214', '216', '106']
['11140', '579', '520', '11129', '415', '315', '260', '155', '51', '5', '575', '517', '523', '312', '313', '314', '154', '157', '160', '49']
['625', '521', '361', '316', '261', '11111', '156', '111', '52', '360', '363', '259', '262', '108', '50']
['672', '626', '567', '522', '417', '317', '11112', '53', '566', '414', '419']
['627', '568', '11142', '418', '263', '158', '416']
['674', '628', '569', '364', '204', '159', '100', '55', '676', '362', '365', '203', '54']
['675', '463', '308', '101']
