['YAY', 'BFW', 'KHH', 'IXZ', 'OTQ', 'IKZ', 'SGF', 'XIP', 'VUO', 'GQD', 'YZR', 'BCD', 'DBU', 'HUP', 'NAU', 'KGM', 'DAQ', 'HIC', 'GIT', 'BAH', 'ILN', 'TEJ', 'IZV', 'BML', 'VOC', 'FGV', 'GZB', 'MRA', 'GYQ', 'SDB']
['ZCY', 'CRU', 'BPX', 'YPQ', 'OZU', 'YAK', 'NVU', 'NXE', 'UKA', 'AKA', 'MUA', 'MOL', 'QPF', 'YVJ', 'GTV', 'EOL', 'GGE', 'PBM', 'KTZ', 'JLD', 'PSP', 'KXE', 'DEW', 'WKW', 'KJM', 'IUW', 'TRW', 'MUN', 'QNM', 'CFX']
['YKJ', 'CEP', 'DXT', 'IRD', 'QSF', 'NFZ', 'GSG', 'MQY', 'WBM', 'RET', 'OLN', 'QTL', 'DCW', 'ZMN', 'KBC', 'CNA', 'VBK', 'QXJ', 'KLD', 'OFD', 'MMT', 'NSD', 'ODT', 'DDZ', 'IAK', 'WXT', 'VPF', 'QEA', 'VOT', 'ILY']
['RUQ', 'OSB', 'TBB', 'IAP', 'BKM', 'HSW', 'SOU', 'ZFD', 'MTX', 'CZR', 'VJD', 'BQE', 'JZD', 'XZX', 'FPX', 'BQS', 'IYH', 'XDT', 'URP', 'UBB', 'SOV', 'JZT', 'CUE', 'UUC', 'FNZ', 'WOC', 'LUN', 'JIP', 'VCD', 'WNV']
['BHQ', 'MCF', 'MTC', 'NQF', 'XZP', 'KDZ', 'YXQ', 'UUV', 'VFA', 'IKV', 'QZX', 'ZKF', 'PGB', 'ISR', 'HUO', 'QTB', 'PCP', 'ZHH', 'XVL', 'BEU', 'SID', 'QIT', 'ODG', 'SEI', 'FUP', 'VOL', 'YDB', 'YCY', 'RBH', 'KAU']
['DLP', 'RUY', 'OWI', 'OEF', 'EXV', 'QUN', 'REW', 'NVJ', 'ZEW', 'ATZ', 'GKI', 'UWF', 'WZU', 'KQX', 'CAM', 'CSV', 'UWW', 'QGM', 'NDE', 'VVU', 'CPP', 'LOV', 'RPD', 'AFQ', 'SVM', 'TKK', 'NRJ', 'TMG', 'KSI', 'KUV']
['HEH', 'WCJ', 'ENK', 'EQW', 'AOV', 'DSH', 'DFX', 'BVZ', 'PTS', 'RAO', 'OLK', 'WCM', 'HJX', 'SBW', 'OIN', 'QZE', 'ZOD', 'PDK', 'KFF', 'BZS', 'OZO', 'NLK', 'VYO', 'IQX', 'OMX', 'WTU', 'IKQ', 'HDA', 'YPK', 'VZW']
['ROV', 'MET', 'DSQ', 'IPI', 'FFC', 'OOM', 'HSL', 'TOH', 'BLF', 'VMJ', 'KPT', 'KKF', 'UGM', 'NYK', 'DFE', 'DAA', 'FNA', 'SMW', 'TFQ', 'YZY', 'ITE', 'ZGG', 'UEA', 'AZT', 'IWE', 'ELS', 'HOW', 'ICW', 'PJU', 'OFA']
['EYM', 'QPG', 'KVA', 'SWM', 'SLC', 'UST', 'NMM', 'QBK', 'GTT', 'KXK', 'TII', 'DCQ', 'GMS', 'WGE', 'WUC', 'HLJ', 'ESM', 'WHQ', 'CGK', 'ELO', 'HPX', 'VTK', 'PZP', 'CSW', 'ZXM', 'WLN', 'HKI', 'SDG', 'QWJ', 'QTN']
['ITY', 'VQD', 'VMA', 'UNU', 'MAS', 'AWY', 'EBF', 'ASB', 'USH', 'UGC', 'ZKP', 'KAC', 'IAO', 'LJQ', 'UWA', 'IZD', 'GNV', 'NAH', 'QNR', 'KMQ', 'FQW', 'RKH', 'VYN', 'HOK', 'HGI', 'DWC', 'QYS', 'FES', 'TYW', 'MQC']
['WRS', 'UKU', 'CCN', 'SXV', 'NJG', 'OZB', 'ZQL', 'HUJ', 'KZR', 'PUK', 'GBN', 'AQD', 'WTN', 'RWI', 'CHQ', 'XTE', 'ZXK', 'MIT', 'IOM', 'NPZ', 'XCP', 'RNO', 'TDD', 'EJZ', 'ZZD', 'VLZ', 'FCT', 'LDB', 'VYF', 'FEL']
['VDC', 'JUO', 'SXM', 'IBB', 'EES', 'WAD', 'MRS', 'LHE', 'EEW', 'BQL', 'TYO', 'TIO', 'HBJ', 'SVO', 'ZUQ', 'ASK', 'SHN', 'POT', 'GQN', 'FOR', 'HWA', 'NPC', 'HXA', 'IJY', 'LAL', 'HQD', 'HRX', 'DAI', 'NSO', 'RGG']
['ZJY', 'TUP', 'AGI', 'LER', 'COH', 'GNK', 'QVZ', 'YBA', 'RAF', 'VOY', 'EYR', 'BVK', 'SSQ', 'AHE', 'YQI', 'HAE', 'PFE', 'UWB', 'IZZ', 'LWS', 'DZF', 'WMM', 'OBX', 'YBM', 'ULL', 'JWA', 'DBI', 'RTD', 'QBC', 'PJS']
['GCG', 'OVW', 'XZC', 'FTZ', 'SHV', 'DLA', 'IVB', 'PUM', 'JPI', 'GXC', 'XPS', 'XDB', 'ASQ', 'MXX', 'DBJ', 'FIV', 'WED', 'PVK', 'EDW', 'MYR', 'VKQ', 'BME', 'FWT', 'XBM', 'VTG', 'GKN', 'MQT', 'FVN', 'YTT', 'SBB']
['JPX', 'NIE', 'GBS', 'YGB', 'TRN', 'HWR', 'LND', 'GUV', 'KNQ', 'PQL', 'FNT', 'XJH', 'XOB', 'KXP', 'NTQ', 'SDN', 'PAE', 'GMV', 'UEU', 'DQG', 'JFC', 'SDA', 'BWX', 'NHU', 'LTB', 'UTO', 'PCS', 'BYS', 'HYB', 'UCC']
['EYQ', 'UEH', 'WZE', 'EFF', 'SLE', 'TWQ', 'CGB', 'RXZ', 'KRQ', 'JAF', 'GMC', 'IXQ', 'KIK', 'AMX', 'JVH', 'TPR', 'DZX', 'JLY', 'AMO', 'ICX', 'RDK', 'IOA', 'GJL', 'WWB', 'WRA', 'SFY', 'GWA', 'UYC', 'WUO', 'XMC']
['KPU', 'DZY', 'DOE', 'MWP', 'BFX', 'UTJ', 'WDU', 'JPJ', 'CVW', 'NYA', 'BZF', 'JYC', 'BWO', 'HKF', 'UMR', 'WAV', 'MMG', 'KQP', 'HUS', 'MOM', 'UYU', 'TKH', 'HBS', 'PAB', 'OTF', 'KIA', 'ITG', 'GTN', 'LYE', 'HHE']
['OCM', 'XXQ', 'DMK', 'JSR', 'FTH', 'BCL', 'HVH', 'FER', 'KEF', 'CAJ', 'GIA', 'BVA', 'EYJ', 'TZY', 'HDH', 'STX', 'JSH', 'KXW', 'ABN', 'MIH', 'FOU', 'ULZ', 'RYB', 'YRG', 'BFJ', 'HKP', 'HYZ', 'UZC', 'DQM', 'SSH']
['LFY', 'IKD', 'QSC', 'ZTQ', 'GMI', 'OLU', 'GXR', 'NEI', 'TTC', 'MHL', 'ATA', 'ATC', 'VTT', 'SBC', 'RAA', 'LCI', 'MEU', 'VPM', 'ZFP', 'YJK', 'ANZ', 'EBB', 'YGV', 'JXG', 'HAI', 'GJV', 'SDV', 'SBM', 'OYQ', 'QAL']
['YUY', 'MBK', 'YWU', 'NWU', 'MWF', 'NIL', 'BOO', 'FDH', 'NBH', 'EAH', 'ADN', 'OXG', 'BCZ', 'ZVT', 'TRY', 'MHD', 'KMZ', 'TMW', 'GXL', 'LOB', 'LXU', 'PSL', 'DYY', 'GZN', 'CGN', 'HZO', 'JVQ', 'TXE', 'VJJ', 'BKI']
['UJM', 'HWG', 'SGJ', 'OIG', 'UXA', 'PEE', 'VLB', 'RVW', 'XPH', 'BTR', 'WEV', 'MRP', 'NDS', 'GML', 'FWC', 'DLY', 'KBU', 'MVM', 'HBR', 'IOT', 'LZC', 'YQC', 'STY', 'SKP', 'RYI', 'MJT', 'MSE', 'CBT', 'GEJ', 'HPL']
['NTP', 'SET', 'KHE', 'AZR', 'RTR', 'SDJ', 'PNL', 'VZE', 'LTV', 'KMB', 'TNN', 'WJF', 'XMY', 'VDX', 'HNY', 'NCO', 'QIP', 'SCT', 'ANM', 'QSN', 'CNE', 'TWR', 'JCN', 'MZW', 'TGH', 'XAN', 'UON', 'GSP', 'CJX', 'NNP']
['RXF', 'IXY', 'OAB', 'PEC', 'OKK', 'HMB', 'BVY', 'SWX', 'BPP', 'SPS', 'KTI', 'RQQ', 'VQN', 'XKH', 'QBY', 'MMO', 'FPF', 'RVE', 'KZY', 'ZJP', 'AWX', 'HTW', 'MDJ', 'ZSA', 'KDF', 'YMM', 'SFC', 'ZUT', 'HBU', 'PPW']
['LDS', 'CPB', 'KPH', 'DYX', 'BUI', 'SYF', 'XLN', 'EAT', 'YZG', 'GIL', 'DGN', 'UFB', 'MES', 'KMM', 'XWK', 'AAJ', 'DAU', 'WRL', 'DJD', 'DZW', 'JXJ', 'LHC', 'DFV', 'ERM', 'QZW', 'HGR', 'FJY', 'VGG', 'YAN', 'FQK']
['XYY', 'ITP', 'ZCT', 'RPU', 'RZG', 'FCO', 'LWQ', 'POE', 'HPS', 'RCL', 'EWF', 'HUW', 'QLE', 'LRD', 'ZGA', 'DKW', 'AVW', 'IFN', 'HOD', 'EUE', 'VAK', 'BDN', 'MKX', 'FDG', 'URH', 'POR', 'KUG', 'SLN', 'VRT', 'PII']
['FAM', 'MIO', 'VZT', 'NFC', 'KUO', 'YNK', 'FQL', 'EGA', 'KMF', 'VXC', 'ATB', 'VLU', 'CCV', 'IPZ', 'WGF', 'GPR', 'SQB', 'BOQ', 'TJK', 'JTO', 'SAH', 'ILK', 'QKB', 'EUL', 'GYT', 'KOR', 'VMC', 'IGS', 'NKQ', 'DZC']
['VYL', 'OUM', 'XYV', 'OED', 'LGC', 'MQL', 'TWD', 'GMP', 'BNV', 'ZNX', 'VAS', 'GTL', 'VHZ', 'QZU', 'IIY', 'WQO', 'GAW', 'WKZ', 'ANX', 'LRA', 'UIG', 'SJD', 'KVV', 'LBW', 'MIP', 'FKE', 'IGA', 'TLX', 'SGP', 'TUN']
['DRY', 'OVD', 'CVP', 'SYH', 'NBO', 'GNS', 'LIP', 'SIF', 'VIN', 'VUK', 'SDI', 'VID', 'ZWO', 'VJE', 'SEX', 'BTJ', 'YZX', 'WJG', 'NAE', 'DLO', 'GXN', 'YUA', 'VYR', 'TID', 'IET', 'FBH', 'NZL', 'CDH', 'GUD', 'PYS']
['GUG', 'MPK', 'EHR', 'TIA', 'KJZ', 'BET', 'LUM', 'RSG', 'YFE', 'DXV', 'OFU', 'DOA', 'DLT', 'LCQ', 'XHQ', 'DHI', 'OIH', 'OSS', 'ATL', 'MBN', 'UBM', 'CMU', 'SWJ', 'UGR', 'QTY', 'IDK', 'EQJ', 'PUR', 'AON', 'HMK']
['ANU', 'OTS', 'LYC', 'ZJO', 'DER', 'ATO', 'YVA', 'TPK', 'TGM', 'LZE', 'EPX', 'QXV', 'IWT', 'MFE', 'HXZ', 'VVA', 'XUN', 'XFG', 'UGS', 'USR', 'YRF', 'FPP', 'UAO', 'QDT', 'YTW', 'PBN', 'YNN', 'WZZ', 'HPQ', 'CQG']
