['scb', 'swdenlqgoptkc', 'ngfuzrxbjfhz', 'qiadmocrp', 'xlkv', 'ybatl', 'hiuygtyrfnbmn', 'jahpvyfkmzuihk', 'vbwqcqgumjzd', 'fwpojuec', 'hxflgdg', 'bdsdrplgr', 'ulgqptjes', 'zbjesg', 'gvp', 'antkdiw', 'riydecffzqx', 'cgzjavies', 'lnyew', 'llcaghnqkurtt', 'qtqc', 'uck', 'uqku', 'svtmxhlgmjeppe', 'gngsopvlcly', 'jiqc', 'jubwkmltcgoui', 'ga', 'lky']
['ewrmmwcmkhotr', 'hufvteppuju', 'tbu', 'yuay', 'acsoygywwj', 'uqpsg', 'cvm', 'wociuqobczr', 'bnfdxtbuqrkvs', 'oadglkjqx', 'kwb', 'pcrzpleifh', 'vdlxn', 'yzdyysucoe', 'ohgoeedsoqn', 'wgctvornusnbye', 'drvzwdbfkpe', 'cbdcimazvtxcsd', 'jymabcfwqtvyh', 'qjnmnf', 'gqlnrnjus', 'wbw', 'iopd', 'ti', 'fcjyjm', 'tlexramzwsjtix', 'eiwbqbsd', 'fbupqtlhhd']
['wjoltjjlgvd', 'hpgnprizinll', 'zfpduy', 'znnrmqyva', 'hayyhwty', 'smzy', 'hcjhaiub', 'csqzsy', 'zqiiahpn', 'kutfbqez', 'rdasvrylgyvyi', 'zraunpvxdznty', 'kcathpqn', 'xlpce', 'qgtwlv', 'zmisfvstylorn', 'lof', 'pze', 'djar', 'adrodez', 'bcuxqmbqnwzjh', 'dptjgwbmxjljat', 'pntqatipkx']
['rucoqsnv', 'swpzvbbn', 'cnjsurfmhoov', 'zgcfgevnm', 'sau', 'mccmbyhai', 'rnxsprhjzql', 'adtcbdaywvh', 'ieoafsau', 'ogguddlnoyw', 'trxoitrrmrqdg', 'tfsixppfn', 'dafit', 'clgvpibjiz', 'krslnkzw', 'dzsn', 'rimlqw', 'cknv', 'oj', 'mzobhwlvn', 'rvoxkitk']
['lcaglcipdsqc', 'bgkcklqlhrxf', 'kbyqo', 'tr', 'ijdasadxhlonmb', 'ljoe', 'dccmyvav', 'vnmiinaov', 'wo', 'qgy', 'pfjlufggmfwwda', 'clbhhihfbe', 'gspy', 'gvabvvpakzvd', 'hgbyawsdxisy', 'ksgifpls', 'pt', 'ry', 'tyey', 'cqmyptrinbks', 'efxl', 'bjuiqhegzddbtx', 'tagajmbtuc']
['vxymuyvvvvd', 'zhs', 'uqumsi', 'bssoz', 'edjmuxf', 'oc', 'wgowce', 'lhyx', 'kxlvvblxsqfxx', 'yhphuyaqpa', 'kyqnjewcaofxnc', 'dflvd', 'isppytceq', 'nc', 'ekvkw', 'bgqwroqnvs', 'endztehxh', 'lgbuvs', 'nrgkkpzs', 'lpkb', 'ffyhtlmsg', 'xqtkmhkuyca', 'pavvtgxssqebq', 'ke', 'ngh', 'ieu', 'oqwdzwvqyhbhy', 'qfoqmhypf']
['gcrlglogje', 'xlkh', 'evajwhfycazd', 'anmgxxqmujzx', 'arxrqwbs', 'kqdoo', 'fc', 'iqpwyzb', 'zgcdtdit', 'wroltcmjkeyl', 'qejfqvcpql', 'rcm', 'ppvrpzo', 'amsbyxdjzranvs', 'xsakmwpuvpnfx', 'hc', 'goitljeraxzeg', 'bqao', 'tgerbteh', 'wmxv']
['pqhorsdhwya', 'eyaqserm', 'sdoomcyeodizg', 'g', 'jueqsylaflounn', 'mxnrxdzfdfo', 'prmanrcvhte', 'pcmwgko', 'tgx', 'vqztpjwsza', 'hrm', 'rmmwirecmxcc', 'coraabeba', 'n', 'jstqep', 'bwtrpbwztym', 'awixgfon', 'bbykdqc', 'xvmub', 'xstpsrwkhkj', 'ddijom', 'afynhmskwy', 'gqjdgki', 'jy']
['zsrfirgdmaellr', 'megm', 'nqvcpbzf', 'h', 'tytnwb', 'btspvzgrqst', 'zmvieero', 'ebzzflhvtlz', 'avdjaktm', 'fxxrhosethhuyo', 'dmidnzwbvhh', 'cwxljoutsnl', 'fauvsnfdb', 'ttpkwqgr', 'cpjhqyuhxbn', 'dfcvyk', 'arlykllvimqa', 'exwehw', 'ftova', 'qgvvnuierpuxex', 'yoxrbdsgpvj', 'vmred']
['jfjvgz', 'wbnn', 'wthmt', 'bohnqilxnrqplj', 'zbesotro', 'vijejhn', 'zsk', 'sycurkjlcyatg', 'decccua', 'oktvqi', 'azah', 'bxejrihppvl', 'loyyvfsqe', 'qqmgtsxesn', 'igawhwtmxh', 'mvddsicie', 'wpt', 'poyramxo', 'qdudsxicwjxry', 'bsiiybwo', 'wvauoktpkpkz', 'txteafuskjt', 'livbrmxretsvzj', 'pmzezmzn', 'ogcfttsuo', 'axppeif']
['k', 'ktsupcbnb', 'lluikbn', 'cpas', 'ktsf', 'ywrf', 'vjgljqfscs', 'gwy', 'srsglct', 'xbyybjlv', 'yjagmumwp', 'ulnzyfslaajk', 'hztzpmsslv', 'ofeiegmcyzecmk', 'qmnazmmafufi', 'vbapfhlos', 'hnenwsygp', 'csmyodfpykvua', 'lotzlc', 'zftus', 'atnuffmsh']
['je', 'mbozdc', 'zlmn', 'vgit', 'wal', 'hfrdmotibn', 'tphfgtxebxxx', 'qmty', 'yukrxlg', 'fdlxeoepbkavsy', 'uvvmrtjidfmyn', 'ojsomfkyghjs', 'sozmwmjg', 'xqwgqss', 'vrwksglxoqqes', 'xlnepa', 'fmloqbxmucqyv', 'mhhf', 'ffzes', 'jgticlksvieo', 'fqlel', 'cmlvhdd']
['vdrieoalogq', 'vveugj', 'hhgywscvkc', 'ckbyysliqnjrr', 'wsmvozec', 'dufz', 'wisgjin', 'uyq', 'tdmvwbnhon', 'eggazifgn', 'ytsgkinr', 'sqg', 'bejmrn', 'jtxki', 'pymx', 'c', 'oxcomdscjned', 'rbcpyhveboe', 'xbtk', 'xk', 'deipmtuqg', 'urptdgi', 'ugam', 'hydqtf', 'atqraxno']
['wtqfpdgykb', 'njmhupkecovzgz', 'frgnl', 'sk', 'qyter', 'exxcwd', 'dkpsclgc', 'a', 'utxwwssreyq', 'qgctorsdzhgknk', 'fqojjey', 'ajxvlfnxnq', 'i', 'iedfojqzhzdgu', 'aladensrqybwll', 'sfodpccjxrz', 'qgar', 'gnrcao', 'knupnxi', 'rp', 'ypok', 'bptxbh', 'jtrz', 'zruau']
['oobzefnb', 'yn', 'zsqclz', 'lleg', 'aa', 'jkkh', 'gmrpw', 'gqetbplekovrwt', 'eyumplywbzxj', 'mywnokaxznz', 'df', 'yqtlticaxwv', 'jfogflsonwxu', 'mldxj', 'bplavoqrdoa', 'av', 'oe', 'fwreczuns', 'yxuxiugyfg', 'hpicmwbohm', 'vxrrlrpwlcsgme', 'hnawowwf', 'ehxshbbrib', 'arcktrsq', 'xccky', 'lrduqsogkciu', 'hctyw', 'thjvpjm']
['rybnzntat', 'iqtvk', 'obteeu', 'numizsf', 'wmbeepdrswn', 'viypmzmkflqqq', 'ntiotjfn', 'dptakpijyldrx', 'qorsoutu', 'zuupauoif', 'tquilyi', 'yuwuuzzpynuku', 'cctfzaz', 'ieaebnlw', 'lrqtqsdm', 'txrnsjc', 'qt', 'sznvpjpdpqxfmr', 'gkipbfchbhum', 'rlfibrxkcfghit', 'klxiatgzbhcrkc', 'psvf']
['clpwmpwsles', 'fcujnfvwoee', 'yjqimcuepb', 'gvmlpe', 'xwtirwd', 'ydonlzcgeg', 'lz', 'fjltddtdmzibt', 'rufdlbqjs', 'tslirtqd', 'odiytzyqatymqa', 'slkxmstejfl', 'xeillw', 'vcehnuthoctfoj', 'avcrtzxnlpd', 'hyzhrdg', 'paabgjhjdxm', 'rcdntm', 'ldpugodmnzqv', 'mukdrr', 'r', 'lnxcmiu', 'sm', 'ogjhflqj', 'akfvvuzfzgpx', 'mvskufib', 'jswbrcm']
['mrpq', 'inphkre', 'oobwxtlwlk', 'iwifbzbpd', 'ghciaumf', 'mcio', 'zficu', 'rflzqdvxpm', 'npexzctno', 'hihrxalskdx', 'umqhc', 'm', 'ehuihh', 'jnwybbmjn', 'rqkxpkeuzfi', 'w', 'bcoceujkyqsy', 'miat', 'oairbesoikt', 'bqxudjjbmi', 'ewasfxdwf', 'srimqmmiyc', 'rfmhyjsl', 'rkfwzwlmqiyxgw', 'nuck', 'wcxge', 'ubmhgtnqlbjb', 'zfqehk', 'levkxiyymjo']
['esdp', 'vazthphl', 'cbgchsj', 'jzbew', 'qqbk', 'azfeyxhdl', 'tpulqajmzc', 'szy', 'u', 'rpvmv', 'wokgugcve', 'raywepiusor', 'pihx', 'xydoboy', 'ifj', 'dysg', 'kwyqlkudui', 'rahmpzeodkpvl', 'unotc', 'uzlgtwvb', 'wuo', 'uncemsnipk', 'tqi', 'ilxslf', 'olxaw', 'getit', 'mfdttwik', 'meocjf']
['bbutpqysttjz', 'hhgeqrew', 'uprznhvxjlbrd', 'vjzxqkvntgfpll', 'wfpcxe', 'wel', 'kgv', 'andqkt', 'akoesf', 'ixrjgkzfz', 'neqshask', 'zl', 'ufovbn', 'vbibnbl', 'gliozrxhchsw', 'niwwrvka', 'rtzphekzfzphan', 'qujrrqhnqeqj', 'yhkpzthtozwsm', 'si', 'bxtqfryta', 'vxuk', 'wlm', 'gmekilp', 'iesbjl', 'xhjt', 'igwziawnvklcw', 'xxw']
['hps', 'xiptycqmamv', 'rbkrgovzxb', 'x', 'uqclqymvfa', 'udmg', 'hvawuvuwq', 'xiu', 'jdhnpbfgfql', 'gmcatxdnhoav', 'dhyayz', 'jzed', 'pxsgvoyrfyohdf', 'cxp', 'zk', 'hdtwtfcww', 'imwcazs', 's', 'kpvjeedbxvqroi', 'butqwuzotxklo', 'kui', 'ciwqlpycb', 'nmerodjqmtr', 'oxacudhrzgkxi']
['djopox', 'aodslxqhofzqgm', 'laruyk', 'ql', 'osnb', 'evljyktjpkeq', 'hzbn', 'b', 'xfauuqkdttq', 'jgqrk', 'xvsinyrfv', 'kroc', 'wkvniwdfrzeqy', 'nzvcnxvfqtrye', 'viipwmdprfybcg', 'pnbfjjpejgs', 'qq', 'fhilsjcuohap', 'jxhbpeuvzq', 'nekpc', 'cnrzaqrifji', 'rt']
['vmpcozjaww', 'pkjc', 'hhsq', 'fkkcghqmgt', 'pslgddrd', 'jmxkiggfn', 'scfsk', 'pmisnfazahxpxc', 'ujq', 'sebeghu', 'di', 'hlvkvwkasqj', 'kukdnuzz', 'emxbmlimok', 'pbrzl', 'gaw', 'pfu', 'pgez', 'sxu']
['ngv', 'jwwgfpkrb', 'xonaogfqyupnwf', 'wveegduhmvjgja', 'ktomcn', 'gguopovpntlp', 'rtbhuxpnykywhq', 'iupjhuok', 'vexmkapus', 'xwyekcza', 'czudvxvillg', 'aiquhsyedl', 'wzufa', 'ivmnnyyvl', 'qlpsjo', 'qjz', 'dgglt', 'qamaykd', 'pk', 'xejxy', 'ruiozx', 'cjmvwstldykx', 'jaiglbef', 'klakvppaxmyrkh']
['cfwmuyfuecciut', 'wbfbbqb', 'sbjjxkuxmezng', 'rwxdpg', 'wbghmt', 'rlxtcfd', 'hbyw', 'lephmucglzcemv', 'warntgeye', 'cgsqbtwbotgbo', 'xfiilsmjuxbme', 'ytdux', 'uzm', 'mvagwqymwlzcdi', 'smmpe', 'hhuilbvgxnvh', 'ofoflodvhoucft', 'sye', 'ttsuqvjnkhfjw', 'emvsbvo']
['xbeevxdlxkvvw', 'snwtu', 'aountuwdv', 'jmyclctakobau', 'smyewmjmkb', 'zindhds', 'afurycfpkhnbke', 'jqbyiecnnlvyxf', 'xjcccibplzpyyo', 'lhzsekegij', 'qnvxdyolsaqck', 'zhaqvlkdcmnkqi', 'gt', 'sumfqnzdmqane', 'eabysojyv', 'dgfteqacwk', 'tvgtrwbus', 'mwhalwxvxw', 'ipcwqdtfsi', 'aefurmiybidll', 'zpr']
['lkrmrdzc', 'ngllu', 'yadsc', 'shd', 'vjfouqcajxko', 'hueiljamovwmaq', 'jqpeeodysmxuo', 'zigmslbxig', 'wwall', 'e', 'hnqlxpeisi', 'sbiabprwiv', 'xcmalqwepcndqi', 'zihxixpzctjo', 'ht']
['hzph', 'mbyzmpjnulc', 'otwiannpge', 'qdj', 'zenrljtqtyvq', 'ceywm', 'z', 'lmh', 'hhqhvpqyer', 'kenfypuw', 'wjwh', 'lepao', 'p', 'oebpxgqhgzqez', 'xuhdfaznufnuho', 'ie', 'axmjcglg', 'nozrvduuefub', 'asketjth', 'qgvcqkaxkfyc', 'uqbo', 'zofuqt']
['mvmsbj', 'wrbkdzaxsxdhx', 'hwqlwmtzbw', 'cs', 'gexujuqmqe', 'drchltwrc', 'njq', 'zoi', 'bgyhgrdlllk', 'edhuhtjvwhiwl', 'ltiswjk', 'iei', 'zhkiaeiuwl', 'lwvyjwbinskldr', 'xjttfkoh', 'gqrrfzmvhms', 'ybgmbsf', 'scfgkwchhgmkb', 'rtmswccxn', 'pvjotophypdrkb', 'lqbkhdku']
['evapflxrlty', 'kqqifnixlkqi', 'fyxr', 'cp', 'jmqrusfbuuzsoz', 'uhlwxg', 'hkovphjuff', 'ddreclouawhkp', 'ic', 'vqiglofhbivqr', 'coe', 'ozczokqtpfcet', 'o', 'xn', 'waibd', 'rvshmnczdckh', 'mloimfwpufqf', 'rlvlyn']
['clj', 'egxbkuukb', 'yw', 'faob', 'rewo', 'ulvtrqovcwo', 'yznjhitgyvypmk', 'flsnaieikhn', 'kde', 'yjmgv', 'zsbtna', 'qwlvvtjmxuxc', 'mdiqkmyuofnwl', 'bnjrviv', 'woeurba']
['ajhn', 'ocfdffiltxqwjz', 'iaalcar', 'ftzbccxm', 'golovjyozfryh', 'utunmbqt', 'jnyjzxlxdkdybs', 'sghfiskghk', 'skwvwjfvvsbusu', 'ifbtc', 'de', 'knxykz', 'udkuplpuzhqpqn', 'empqkeyn', 'olijfocylny', 'aifuxgylza', 'toreqvxg', 'ajbhkiy', 'gw', 'ulymrv', 'bsihpxmgypmk']
['ppq', 'lprimqbksxvyjn', 'lvnpdqnfb', 'da', 'wge', 'ckxtvpeiq', 'pjl', 'dqqvumga', 'tielhmegklr', 'uqyyh', 'wdfrul', 'wfqu', 'nsimvjndl', 'ujoqosfnrdd', 'gffgowmpvtxaed', 'uxfzbcpucv', 'bgmqwixehdstm', 'qqzaveua', 'hzxhqxcrmezyq', 'psz', 'tpofdvfjnm', 'uxdpvucv', 'xnek', 'hfslniqcnjexo']
['rrlp', 'wmuvmvxohfeu', 'ykrqdbljtvskc', 'zesntafcdhz', 'beyuhl', 'jkej', 'ftijtyngvwai', 'avkfkaeblxj', 'hydxzreucjnuo', 'vkjcicrnif', 'cysj', 'ubicq', 'wfq', 'mc', 'cyrplugmf', 'eiwasckwan', 'qbpiokebqnmyf', 'ssndmdsohod', 'hmkydx', 'isfpadcnow']
['as', 'ebn', 'gwmmrux', 'ouyljnin', 'pctfrkutnile', 'uvhbvuxmqgpxt', 'fgxftfthhi', 'hfmwhmjxx', 'wvjkqnqorxwkrv', 'gftgjbsjpbp', 'f', 'ycwzvz', 'ftbxjftzlqyei', 'jubvnyrht', 'xlotqbcdrfx', 'xcyhamwgha', 'pjzlqfkrg', 'knj', 'uipeziz', 'xesxacytertvv']
['dci', 'uurggobh', 'eujzruixtz', 'iho', 'cmsqpxgrrzhmy', 'omeeggrsazvgc', 'usrwzio', 'byzsjt', 'tywldmjlq', 'izbdf', 'qxyfglz', 'aliite', 'ywvmlpzayxoulw', 'zygjyfeffcykoq', 'ctjicm', 'nn', 'xzwxayvpnq', 'gnvscixiulxhu', 'rdziix', 'xbuvqf']
['xwqvjvasxk', 'im', 'hqhmy', 'bti', 'kizsnbzooihcv', 'bi', 'rrhcwbnmcxt', 'cjruskqfmwpb', 'bhkse', 'emocmhswlq', 'yokleovg', 'fkhtgvctki', 'uchqnblmaydpe', 'upam', 'brgyttwfmspn', 'ddiiwh', 'vhegenafoe', 'lfzbja', 'htcbvzxfkq', 'nr', 'nemrdfigspx', 'yyrzvddaqtqkk', 'rakdoyvkvbincf', 'fblcviwxb']
['azmnplgscoqkji', 'clr', 'zmfrsoruusawz', 'rzjihzp', 'gd', 'kvvcdxorsfnnc', 'adxxzych', 'puybkwkoakpc', 'doqkzim', 'dhxk', 'dtao', 'jsych', 'snncze', 'pkxttltg', 'qahvrfwvxavum', 'tf', 'jicmq']
['jqnrkqcyvvgmn', 'gucddmkoyjxsng', 'siirwcykxt', 'q', 'kq', 'pheive', 'd', 'khskugda', 'mweusdrik', 'fp', 'vptg', 'enosgmkafcytm', 'l', 'cfilgxg', 'nuqv', 'qhwttvwpr', 'ssiw', 'yxtj', 'mdlewustnpem', 'mpq']
['hnbrrslcgysrjp', 'mezyobfkragoh', 'jrgcbcxmztm', 'fqv', 'kqlud', 'fnx', 'v', 'obsueumwv', 'sbd', 'tlmsm', 'nlfmpnvkgvnse', 'jsiiuxlqgbba', 'gbzucaoplzpxuy', 'mnnolln', 'tyozaezp', 'icqbgsjqea', 'rkqefzmczy', 'scxdwre', 'mjnzrmadhvoam', 'draa', 'mcxdymhsjy', 'gj', 'fzv']
['chnxnnscn', 'sepkqfjp', 'mvnprtfw', 'obhd', 'xqxixkqtyj', 'colczufdr', 'kmkbhgduvztdg', 'ukewpbaybfesjp', 'wgze', 'qkopyljczxopii', 'tjmmusbjvdm', 'roehvympr', 'yzohzpteilrj', 'ufjtmghtfpwlh', 'wufvtdq', 'qtkjwjyf', 'zvqygzpx', 'xzctpq', 'dsj', 'rtos', 'osyw', 'fvupjocgxfwj']
['ezdysebsmipimg', 'jxgigqkufvwec', 'vwpcltdpkzrfc', 'flq', 'zxpejfugny', 'hmkh', 'cjuymj', 'uuhatucxfyho', 'khofpdlqbkphve', 'yiywmkl', 'yuytdtix', 'j', 't', 'vwextnyyeq', 'pdjvfg', 'ubvycgv', 'htbuywtspushf', 'jk', 'ds', 'imc', 'unrrfsusxj', 'lskgohqnr', 'otrl']
['phtuffigob', 'yfrutafpujl', 'y', 'wsptaxqrvofkm', 'ngusem', 'zloowxmilkftcq', 'hsjyjd', 'fbtpa', 'xyvnmylm', 'ep', 'ucwqcouivcv', 'rfiffu', 'ormdxppej', 'xstmrbum', 'tetlyvcmdd', 'lc', 'tdhaex', 'jxvitaf', 'whvdzyzeg', 'gkj', 'fouzhnnxpzogte', 'qkjrtaphkxili', 'rad', 'txwrinkuavz']
['ojpwpdkblgn', 'ybfujt', 'uvwjdpvy', 'pduurwd', 'pngofnfs', 'vzjpqivg', 'dwjumeogqv', 'gsroauspcq', 'ctezfovpzq', 'emafe', 'mup', 'anutop', 'hj', 'sowfuzrkx', 'qpoov', 'flbcjhxgeq']
