['876', '524', '215']
['856']
['477', '687']
['805', '721', '666', '35', '331', '468', '986', '79', '458', '33', '130', '369', '737', '974', '254', '512', '211']
['943', '902']
['778', '879', '117']
['900', '453', '484']
['807', '135', '278', '625', '76', '110']
['861', '207', '523', '25', '789', '990', '578', '292', '40', '362', '210', '149', '583', '509', '685', '412', '574', '665', '152', '244']
['419', '49']
['429', '494', '923', '642', '495', '530', '581', '540', '640']
['745', '679', '716']
['899', '881', '850']
['154', '338', '299', '90', '725', '360', '641', '475', '248', '544']
['282', '606', '17', '428']
['460', '507', '314', '405', '673']
['94', '349', '873', '168', '788']
['133', '224']
['846', '620', '367', '911', '100', '830', '787', '430', '867', '146']
['301', '729', '799']
['513', '96', '229', '824', '188']
['208', '836', '255']
['827']
['750', '506', '44', '187', '632']
['660', '175', '192', '18', '921', '740']
['499', '749', '213', '353', '619', '106', '933', '762', '809', '395', '928', '549', '465']
['160', '676']
['852', '919']
['522', '946', '884']
['216', '800', '308', '980']
['437', '275']
['657', '756', '582']
['904', '431', '880', '238', '72', '559', '473', '277', '607', '793']
['263', '451', '968']
['427', '728', '913', '533']
['570', '822', '145']
['959', '4', '403']
['554', '936']
['439', '415', '164']
['87', '239', '547', '892']
['631', '379', '474', '934', '624']
['684', '690', '772', '232']
['949', '324', '773', '132']
['252', '98', '746', '855']
['882', '378', '847', '262', '381', '734', '795']
['131', '422', '488', '811']
['418', '564', '598']
['487', '53', '605', '783']
['287', '650', '726']
['293', '927']
['815', '306', '476']
['752', '190', '837']
['764', '546', '994']
['158', '247', '664']
['649', '722', '391']
['903', '446', '736', '480']
['469', '528', '991', '712', '91']
['542', '20', '138', '179', '674']
['553', '153', '556']
['92', '738', '851']
['781', '64', '455', '573', '404']
['220', '590', '865', '283']
['83', '970', '14']
['658', '167', '75']
['356', '217', '73', '148', '384']
['779', '724', '953', '758']
['823', '374', '5', '240', '393']
['924', '707', '890']
['463', '170', '971', '622']
['156', '150', '67', '532', '954']
['849', '272']
['322', '926', '359', '256']
['731', '414', '373', '316', '929', '969']
['782', '886', '184']
['42', '253', '151', '195', '261']
['84', '228', '667', '29', '587']
['339']
['340', '38', '464', '839']
['869']
['305', '634', '31']
['350']
['449', '993', '539', '302', '798']
['806', '10', '368']
['173', '8']
['732', '354', '948', '677']
['817', '975']
['938', '733', '317']
['24', '137', '753', '113', '479', '655']
['26', '203', '505', '763']
['355', '264', '957']
['325', '548', '521']
['678']
['223', '871']
['2', '231']
['558', '245', '454']
['985', '433', '901']
['483']
['274', '623', '797', '15', '702', '775', '510', '897']
['828']
['545']
['942', '491', '266']
['912', '877']
['389', '983', '935', '388', '442', '801', '889']
['329']
['519']
['633', '964', '610']
['944', '958']
['200', '56', '835']
['399', '941']
['390', '409', '462', '241', '555']
['874', '705']
['662', '977']
['701', '348']
['93', '878', '448', '691', '383', '831']
['111', '48']
['118', '535']
['281', '186']
['718', '115', '997']
['107', '166']
['592', '816', '804']
['853', '713']
['234', '364', '34', '866', '55']
['276', '863']
['616', '931']
['661', '481']
['709', '69', '925', '54', '189']
['109', '185', '1']
['298']
['652', '6', '402', '320']
['864', '157', '832']
['57', '265', '41', '246', '296', '410']
['230', '834']
['891', '142', '251']
['249', '615']
['765', '501', '885', '961']
['717', '646']
['165', '872']
['394', '759', '125', '500']
['45', '101', '813', '557', '577', '663']
['905', '120', '670']
['496', '63']
['514', '643']
['751', '193', '171', '591', '888', '982']
['819', '335', '392']
['951', '382', '218']
['102', '534', '288']
['290', '450']
['825']
['467', '445', '357', '996']
['617', '196']
['526', '730']
['126', '183', '767', '377']
['212', '358', '916']
['786']
['604', '398', '273']
['840', '334', '698', '992']
['260', '139']
['601', '330', '973']
['987', '344']
['176', '182']
['580', '618', '425', '594', '950', '962']
['956', '715', '976']
['599', '906']
['486', '527']
['497', '181', '159', '490']
['332']
['784', '80', '443']
['295', '250', '482']
['518']
['699', '304', '645', '406', '569']
['9', '659', '99', '371', '963']
['300', '16', '440']
['566']
['930', '105']
['303', '227']
['397', '470', '81', '589', '683', '914']
['575', '492', '140']
['966', '686', '447']
['979', '875', '531']
['37', '0']
['323', '177']
['365']
['36', '893', '466', '77', '161', '400', '438', '744']
['257', '887']
['396']
['567']
['407', '144', '697', '59', '336']
['270', '714']
['612', '761']
['794', '307']
['51', '984', '312']
['202', '58']
['416', '401', '86', '89', '629', '541', '689', '695']
['345']
['937', '560']
['27', '688', '489']
['219', '525']
['808', '515']
['909', '858', '586']
['602', '78']
['812', '608', '205', '74', '859']
['894', '235']
['472', '341']
['796', '568']
['116', '318', '162', '668']
['584', '452', '747']
['459', '279']
['122', '671']
['656', '119']
['11', '411']
['319', '43', '478', '32']
['504', '417', '597']
['363', '854', '3']
['421', '485', '328']
['538', '561']
['103', '989', '268']
['286', '706']
['696', '613']
['939', '754', '199', '172', '267', '735', '908']
['704']
['760', '225', '426']
['785', '271']
['7', '551', '739']
['630']
['821', '351', '627']
['770', '39', '147', '638', '860', '917', '628', '988']
['366']
['626', '258', '842']
['536', '654', '644']
['898']
['648', '19', '978']
['385', '327']
['742', '920', '635']
['768', '297', '791', '517']
['70', '180', '432', '757', '771']
['226', '562', '595']
['614']
['895', '952']
['423', '609', '868', '653', '774', '843']
['343']
['682', '333', '585', '370', '434']
['694', '593']
['833', '844']
['945', '342']
['999', '60', '571']
['221', '603', '776', '932', '940']
['361', '611', '243']
['424', '766']
['309', '965', '810', '792']
['408', '13']
['960']
['543', '66', '204', '461']
['896', '346', '127']
['47', '104']
['236', '720', '692']
['174', '967']
['637', '155', '511']
['444', '748', '380']
['280', '498', '21', '237', '376', '563', '194']
['315', '222']
['456', '755']
['918']
['777', '289', '259']
['386', '387', '669', '141', '803', '829']
['651', '719']
['28', '710', '22']
['46', '435', '65']
['639', '818', '503']
['910', '741']
['62', '294']
['675', '502', '191', '50', '471', '493', '550', '596']
['337', '71', '197']
['907', '700']
['82', '242']
['436', '347']
['870', '420']
['284', '826', '124', '820', '947']
['537', '703']
['672', '201', '862', '516', '972']
['780', '576']
['269', '129']
['114', '552', '326', '321']
['134', '838']
['136', '169', '143', '520', '680', '163', '352']
['981']
['441']
['123', '681']
['857', '743']
['85', '214', '233', '636', '121', '790', '285', '802']
['588']
['845', '708']
['955', '915']
['12', '995', '52', '579']
['61', '375']
['621', '88', '178']
['372', '310']
['291', '508', '311', '23', '457']
['108', '693']
['600', '198']
['841', '313', '565']
['922', '647', '814']
['30', '727', '112']
['68', '206', '413']
['723', '572']
['848', '128', '711']
['97', '998', '529', '883']
['769', '209']
['95']
