['70', '105', '175', '245', '280', '315', '350', '385', '420', '455', '490', '525', '560', '595', '630', '665', '700', '735', '770', '805', '840', '875', '910', '945', '980', '7', '52', '247', '314', '321', '427']
['1', '71', '106', '141', '211', '246', '281', '351', '386', '421', '456', '491', '526', '561', '596', '631', '701', '736', '771', '806', '841', '876', '911', '946', '981', '128', '129', '200', '301', '311', '637', '641', '720', '982', '987']
['37', '107', '142', '177', '212', '282', '352', '387', '422', '457', '492', '527', '562', '597', '632', '667', '702', '737', '772', '807', '842', '877', '912', '947', '24', '84', '93', '95', '232', '277', '475', '565', '977']
['3', '38', '143', '178', '213', '283', '318', '353', '388', '423', '458', '493', '528', '563', '598', '633', '668', '703', '738', '773', '808', '843', '878', '913', '948', '983', '9', '40', '44', '507', '970']
['39', '74', '144', '179', '214', '249', '284', '319', '354', '389', '424', '459', '494', '529', '564', '599', '634', '669', '704', '739', '774', '809', '844', '879', '914', '949', '984', '83', '98', '635']
['110', '145', '215', '250', '320', '390', '425', '460', '495', '530', '600', '670', '705', '740', '775', '810', '845', '880', '915', '950', '985', '140', '295', '673']
['76', '146', '181', '216', '251', '286', '391', '426', '461', '496', '531', '566', '601', '636', '671', '706', '741', '776', '811', '846', '881', '916', '951', '986', '56', '183']
['42', '77', '147', '182', '217', '252', '287', '322', '357', '392', '462', '497', '532', '602', '672', '707', '742', '777', '812', '847', '882', '917', '952', '932']
['113', '148', '218', '253', '288', '323', '358', '393', '428', '463', '498', '533', '568', '603', '708', '743', '778', '813', '848', '883', '918', '953', '988', '108', '954']
['79', '114', '184', '219', '289', '324', '359', '394', '429', '464', '499', '534', '569', '604', '639', '674', '709', '744', '779', '814', '849', '884', '919', '19', '176', '221', '228', '305', '768']
['10', '45', '80', '115', '150', '185', '220', '255', '290', '325', '360', '395', '430', '465', '500', '535', '570', '605', '640', '675', '710', '745', '780', '815', '850', '885', '920', '955', '990', '2', '32', '50', '51', '53', '65', '69', '72', '222', '355', '368']
['11', '46', '81', '116', '186', '256', '291', '326', '361', '396', '431', '466', '501', '536', '571', '606', '676', '711', '746', '781', '816', '851', '886', '921', '956', '991', '4', '66', '73', '112', '120', '297', '328', '567', '692']
['12', '82', '117', '152', '187', '292', '327', '362', '397', '432', '467', '502', '572', '607', '642', '677', '747', '782', '817', '852', '887', '922', '957', '992', '151']
['48', '118', '153', '188', '223', '258', '293', '363', '433', '468', '503', '538', '573', '608', '643', '678', '713', '748', '783', '818', '853', '888', '923', '958', '993']
['49', '119', '154', '189', '224', '294', '329', '364', '399', '434', '469', '504', '539', '574', '609', '644', '679', '714', '749', '784', '819', '854', '889', '924', '959', '994', '149', '440']
['155', '190', '225', '260', '330', '365', '400', '435', '470', '505', '540', '575', '610', '645', '680', '715', '750', '785', '820', '855', '890', '925', '960', '995', '14', '41', '109', '172', '317', '398']
['16', '86', '121', '156', '191', '226', '261', '296', '331', '366', '401', '436', '471', '506', '541', '576', '611', '646', '681', '716', '751', '786', '821', '856', '891', '926', '961', '996', '78', '194', '259', '262']
['17', '87', '122', '157', '192', '227', '332', '367', '402', '437', '472', '542', '577', '612', '647', '682', '717', '752', '787', '822', '857', '892', '927', '962', '997', '13', '316']
['18', '88', '123', '158', '193', '263', '298', '333', '403', '438', '473', '508', '543', '578', '613', '648', '683', '718', '753', '788', '823', '858', '893', '928', '963', '998', '21', '268']
['54', '89', '159', '229', '264', '299', '334', '369', '404', '439', '474', '509', '544', '579', '614', '649', '684', '719', '754', '789', '824', '859', '894', '929', '964', '999']
['20', '55', '90', '125', '160', '195', '230', '265', '335', '370', '405', '510', '545', '580', '615', '650', '685', '755', '790', '825', '860', '895', '930', '965', '100', '135', '180']
['91', '126', '196', '231', '266', '336', '371', '406', '441', '476', '511', '546', '581', '616', '651', '686', '721', '756', '791', '826', '861', '896', '931', '966', '35', '36', '103']
['22', '57', '92', '127', '197', '267', '302', '337', '372', '407', '442', '477', '512', '547', '582', '617', '652', '687', '722', '757', '792', '827', '862', '897', '967', '300']
['23', '58', '163', '198', '233', '303', '338', '373', '408', '443', '478', '513', '548', '583', '618', '653', '688', '723', '758', '793', '828', '863', '898', '933', '968', '0', '161', '254']
['59', '94', '164', '199', '234', '269', '304', '339', '374', '409', '444', '479', '514', '549', '584', '619', '654', '689', '724', '759', '794', '829', '864', '899', '969', '96']
['25', '60', '130', '165', '235', '270', '340', '375', '410', '480', '515', '550', '585', '620', '655', '690', '725', '760', '795', '830', '865', '900', '935', '124']
['26', '61', '131', '166', '201', '236', '271', '306', '341', '376', '411', '446', '481', '516', '551', '586', '621', '656', '691', '726', '761', '796', '831', '866', '901', '936', '971', '8', '29', '638']
['27', '132', '167', '202', '237', '272', '307', '342', '377', '412', '447', '482', '517', '552', '587', '622', '657', '727', '762', '797', '832', '867', '902', '937', '972', '111']
['63', '133', '168', '203', '238', '273', '308', '343', '378', '413', '448', '483', '518', '553', '588', '623', '658', '693', '728', '763', '798', '833', '868', '903', '938', '973', '62', '97']
['64', '99', '134', '169', '204', '239', '274', '309', '344', '379', '414', '449', '484', '519', '554', '589', '624', '659', '694', '729', '764', '799', '834', '869', '904', '939', '974', '6', '43', '248', '415']
['30', '170', '205', '240', '275', '310', '345', '380', '450', '485', '520', '555', '590', '625', '660', '695', '730', '765', '800', '835', '870', '905', '940', '975', '28', '75', '162', '206', '257', '356']
['31', '101', '136', '171', '241', '276', '346', '381', '416', '451', '486', '521', '556', '626', '661', '696', '731', '766', '801', '836', '871', '906', '941', '976', '5', '285', '537', '666']
['67', '102', '137', '207', '242', '312', '347', '382', '417', '452', '487', '522', '557', '592', '627', '662', '697', '732', '767', '802', '837', '872', '907', '942', '15']
['33', '68', '138', '173', '208', '243', '278', '313', '348', '383', '418', '453', '488', '523', '558', '593', '628', '663', '698', '733', '803', '838', '873', '908', '943', '978', '85', '210', '591', '712', '934']
['34', '104', '139', '174', '209', '244', '279', '349', '384', '419', '454', '489', '524', '559', '594', '629', '664', '699', '734', '769', '804', '839', '874', '909', '944', '979', '47', '445', '989']
