['81', '162', '243', '324', '405', '486', '567', '648', '729', '810', '891', '972', '6']
['82', '163', '244', '325', '406', '487', '568', '649', '730', '811', '892', '973', '230', '7']
['83', '164', '245', '326', '407', '488', '569', '650', '731', '812', '893', '974']
['84', '165', '246', '327', '408', '489', '570', '651', '732', '813', '894', '975']
['85', '166', '247', '328', '409', '571', '652', '733', '814', '895', '976', '18', '34', '1']
['86', '167', '248', '329', '410', '491', '572', '653', '734', '815', '896', '977', '24', '75']
['87', '168', '249', '330', '411', '492', '573', '735', '816', '897', '978']
['88', '250', '331', '412', '493', '574', '655', '736', '817', '898', '979', '44', '52']
['89', '251', '332', '413', '494', '575', '656', '737', '818', '899', '980', '739']
['90', '171', '252', '333', '414', '495', '576', '657', '738', '819', '900', '981', '214', '239']
['172', '253', '334', '415', '496', '577', '658', '820', '901', '982', '73', '9']
['11', '92', '173', '254', '335', '416', '497', '578', '659', '740', '821', '902', '983', '15']
['93', '174', '255', '336', '417', '498', '579', '660', '741', '822', '903', '984', '80', '2']
['94', '175', '256', '337', '418', '499', '580', '661', '742', '823', '904', '985', '592', '5']
['14', '95', '176', '257', '338', '419', '500', '581', '662', '743', '824', '905', '986', '0']
['96', '177', '258', '339', '420', '501', '582', '663', '744', '825', '906', '987', '16']
['97', '178', '259', '340', '421', '502', '583', '664', '745', '826', '907', '988']
['17', '98', '179', '260', '341', '422', '503', '584', '665', '746', '827', '908', '989', '25']
['99', '180', '261', '342', '423', '504', '585', '666', '747', '828', '909', '990']
['19', '100', '181', '262', '343', '424', '505', '586', '667', '748', '829', '910', '991']
['182', '263', '344', '425', '506', '587', '668', '749', '830', '911', '992']
['21', '102', '183', '264', '345', '426', '507', '588', '669', '750', '831', '912', '993', '12']
['22', '103', '184', '265', '346', '427', '508', '589', '670', '751', '832', '913', '994', '23']
['104', '185', '266', '347', '428', '509', '590', '671', '752', '833', '914', '995', '47']
['105', '186', '267', '348', '429', '510', '591', '672', '753', '834', '915', '996', '3']
['106', '187', '268', '349', '430', '511', '673', '754', '835', '916', '997']
['26', '107', '188', '269', '350', '431', '512', '593', '674', '755', '836', '917', '998', '161']
['189', '270', '351', '432', '513', '594', '675', '756', '837', '918', '999']
['28', '109', '190', '271', '352', '433', '514', '595', '676', '757', '838', '919']
['29', '110', '191', '272', '353', '434', '515', '596', '677', '758', '839', '920']
['30', '111', '192', '273', '354', '435', '516', '597', '678', '759', '840', '921', '77', '91']
['112', '193', '355', '436', '517', '598', '760', '841', '922']
['32', '113', '194', '275', '356', '437', '518', '599', '680', '761', '842', '923']
['114', '195', '276', '438', '519', '600', '681', '762', '843', '924']
['115', '196', '277', '358', '439', '520', '601', '682', '763', '844', '925']
['116', '197', '278', '359', '440', '521', '602', '683', '764', '845', '926']
['36', '117', '198', '279', '360', '441', '522', '603', '684', '765', '846', '927', '33']
['37', '118', '199', '280', '361', '442', '523', '604', '685', '766', '847', '928', '35', '53']
['119', '200', '281', '362', '443', '524', '605', '686', '767', '848', '929', '65', '317']
['39', '120', '201', '282', '363', '444', '525', '606', '687', '768', '849', '930', '45', '449']
['40', '121', '202', '283', '364', '445', '607', '688', '769', '850', '931']
['41', '122', '203', '284', '365', '446', '527', '608', '689', '770', '851', '932']
['123', '204', '285', '366', '447', '528', '609', '690', '771', '852', '933']
['43', '124', '205', '286', '367', '448', '529', '610', '691', '772', '853', '934', '274', '526']
['206', '287', '368', '530', '611', '692', '773', '935', '42', '128']
['126', '207', '288', '369', '450', '531', '612', '693', '774', '855', '936', '311']
['46', '127', '208', '289', '370', '451', '532', '613', '694', '775', '856', '937']
['209', '290', '371', '452', '533', '614', '695', '776', '857', '938']
['48', '129', '210', '291', '372', '453', '534', '615', '696', '777', '858', '939', '38', '49']
['130', '211', '292', '373', '454', '535', '616', '697', '778', '859', '940']
['50', '131', '212', '293', '374', '455', '536', '617', '698', '779', '860', '941']
['51', '213', '294', '375', '456', '537', '618', '699', '780', '861', '942', '76', '169']
['133', '295', '376', '457', '538', '619', '700', '781', '862', '943']
['134', '215', '296', '377', '458', '539', '620', '701', '782', '863', '944', '20']
['54', '135', '216', '297', '378', '459', '540', '621', '702', '783', '864', '945']
['55', '136', '217', '298', '379', '460', '541', '622', '703', '784', '865', '946', '654']
['56', '137', '218', '299', '380', '461', '542', '623', '704', '785', '866', '947', '679']
['57', '138', '219', '300', '381', '462', '543', '624', '705', '786', '867', '948', '27']
['58', '139', '220', '301', '382', '463', '544', '625', '706', '787', '868', '949']
['59', '140', '221', '302', '383', '464', '545', '626', '707', '788', '869', '950', '170']
['60', '141', '222', '303', '384', '465', '546', '627', '708', '789', '951', '854']
['61', '142', '223', '304', '385', '466', '547', '628', '709', '790', '871', '952']
['62', '143', '224', '305', '386', '467', '548', '629', '710', '791', '872', '953']
['63', '144', '225', '306', '387', '468', '549', '630', '711', '792', '873', '954', '10', '357']
['64', '145', '226', '307', '388', '469', '550', '631', '712', '793', '874', '955', '8']
['227', '308', '389', '470', '551', '632', '713', '794', '875', '956']
['66', '147', '228', '309', '390', '471', '552', '633', '714', '795', '876', '957', '13', '31']
['67', '148', '229', '310', '391', '472', '553', '634', '715', '796', '877', '958', '132', '870']
['68', '149', '392', '473', '554', '635', '716', '797', '878', '959', '146']
['69', '150', '231', '312', '393', '474', '555', '636', '717', '798', '879', '960', '101', '108']
['70', '151', '232', '313', '394', '475', '556', '637', '718', '799', '880', '961']
['71', '152', '233', '314', '395', '476', '557', '638', '719', '800', '881', '962']
['72', '153', '234', '315', '396', '477', '558', '639', '720', '801', '882', '963']
['154', '235', '316', '397', '478', '559', '721', '802', '883', '964']
['74', '155', '236', '398', '479', '560', '641', '722', '803', '884', '965']
['156', '237', '318', '399', '480', '561', '642', '723', '804', '885', '966']
['157', '238', '319', '400', '481', '562', '643', '724', '805', '886', '967', '640']
['158', '320', '401', '482', '563', '644', '725', '806', '887', '968']
['78', '159', '240', '321', '402', '483', '564', '645', '726', '807', '888', '969', '125']
['79', '160', '241', '322', '403', '484', '565', '646', '727', '808', '889', '970', '490', '4']
['242', '323', '404', '485', '566', '647', '728', '809', '890', '971']
