['0', '40', '80', '120', '160', '200', '240', '280', '300', '340', '360', '380', '400', '480', '500', '520', '540', '560', '600', '620', '640', '660', '680', '41', '42', '81', '82', '121', '122', '161', '162', '201', '202', '241', '242', '281', '282', '301', '302', '341', '342', '359', '361', '362', '381', '382', '481', '482', '501', '601']
['1', '21', '61', '101', '141', '181', '221', '261', '321', '421', '441', '581', '20', '22', '23', '60', '62', '63', '100', '102', '103', '140', '142', '143', '180', '182', '183', '220', '222', '223', '260', '262', '263', '320', '322', '420', '422', '423', '440', '580', '582', '583']
['2', '402', '442', '462', '502', '522', '542', '562', '602', '622', '642', '662', '682', '401', '403', '443', '460', '461', '463', '521', '523', '541', '543', '561', '563', '621', '623', '641', '643', '661', '663', '681', '683']
['3', '43', '83', '123', '163', '203', '243', '283', '303', '323', '343', '363', '383', '483', '503', '603', '44', '84', '124', '164', '204', '244', '284', '304', '324', '344', '364', '384', '484', '504', '604']
['4', '24', '64', '104', '144', '184', '224', '264', '404', '424', '444', '464', '524', '544', '564', '584', '624', '644', '664', '684', '25', '26', '65', '66', '105', '106', '145', '146', '185', '186', '225', '226', '265', '266', '405', '406', '425', '426', '445', '446', '465', '466', '525', '526', '545', '546', '565', '566', '585', '625']
['5', '45', '85', '125', '165', '205', '245', '285', '305', '325', '345', '365', '385', '485', '505', '605', '307', '327', '347', '367', '387']
['6', '46', '86', '126', '166', '206', '246', '286', '306', '326', '346', '366', '386', '486', '506', '586', '606', '626', '646', '666', '686', '645', '647', '665', '667', '685', '687']
['7', '27', '67', '107', '147', '187', '227', '267', '407', '427', '447', '467', '527', '547', '567', '587', '627']
['8', '48', '88', '128', '168', '208', '248', '288', '308', '328', '348', '368', '388', '488', '508', '608', '648', '668', '688', '10', '47', '49', '50', '87', '89', '90', '127', '129', '130', '167', '169', '170', '207', '209', '210', '247', '249', '250', '287', '289', '290', '487', '489', '490', '507', '607', '609', '610', '649', '650']
['9', '29', '69', '109', '149', '189', '229', '269', '409', '429', '469', '529', '569', '629', '28', '30', '31', '68', '70', '71', '108', '110', '111', '148', '150', '151', '188', '190', '191', '228', '230', '231', '268', '270', '271', '408', '410', '411', '428', '430', '431', '468', '528', '530', '568', '628', '630']
['310', '330', '350', '370', '390', '450', '470', '510', '550', '570', '590', '670', '690', '309', '311', '329', '331', '349', '351', '369', '371', '389', '391', '448', '449', '451', '471', '509', '511', '548', '549', '551', '571', '588', '589', '591', '669', '671', '689', '691']
['11', '51', '91', '131', '171', '211', '251', '291', '491', '531', '611', '631', '651', '12', '52', '92', '132', '172', '212', '252', '292', '492', '532', '612', '632', '652']
['32', '72', '112', '152', '192', '232', '272', '312', '332', '352', '372', '392', '412', '432', '452', '472', '512', '552', '572', '592', '672', '692', '33', '34', '73', '74', '113', '114', '153', '154', '193', '194', '233', '234', '273', '274', '313', '314', '333', '334', '353', '354', '373', '374', '393', '513', '553', '673', '674', '693']
['13', '53', '93', '133', '173', '213', '253', '293', '493', '533', '613', '633', '653', '495', '615', '635', '655']
['14', '54', '94', '134', '174', '214', '254', '294', '394', '414', '434', '454', '474', '494', '514', '534', '554', '574', '594', '614', '634', '654', '694', '413', '415', '433', '435', '453', '455', '473', '475', '573', '575', '593', '595']
['35', '75', '115', '155', '195', '235', '275', '315', '335', '355', '375', '395', '515', '555', '675', '695']
['16', '56', '96', '136', '176', '216', '256', '296', '416', '436', '456', '476', '496', '536', '576', '596', '616', '636', '656', '15', '17', '18', '55', '57', '58', '95', '97', '98', '135', '137', '138', '175', '177', '178', '215', '217', '218', '255', '257', '258', '295', '417', '418', '437', '438', '457', '535', '577']
['37', '77', '117', '157', '197', '237', '277', '317', '357', '397', '517', '557', '677', '697', '36', '38', '39', '76', '78', '79', '116', '118', '119', '156', '158', '159', '196', '198', '199', '236', '238', '239', '276', '278', '279', '316', '318', '356', '396', '516', '518', '519', '556', '558', '559', '676', '678', '679', '696', '698']
['298', '338', '358', '378', '398', '458', '478', '498', '538', '578', '598', '618', '638', '658', '297', '299', '336', '337', '339', '376', '377', '379', '399', '477', '479', '497', '499', '537', '539', '597', '599', '617', '619', '637', '639', '657', '659']
['19', '59', '99', '139', '179', '219', '259', '319', '419', '439', '459', '579', '699']
