['99', '200', '300', '500', '600', '694', '800', '901']
['101', '201', '302', '401', '501', '601', '701', '801', '904']
['102', '202', '303', '402', '502', '602', '702', '802', '905']
['104', '203', '304', '403', '503', '603', '703', '803', '906']
['105', '204', '305', '404', '504', '604', '704', '804', '907']
['106', '205', '306', '405', '505', '606', '705', '805', '908']
['7', '107', '206', '301', '406', '506', '607', '706', '806', '909']
['108', '207', '307', '407', '507', '608', '708', '807', '910']
['109', '208', '308', '408', '508', '605', '709', '808', '911']
['110', '210', '309', '409', '509', '609', '710', '809', '912', '4', '5']
['11', '111', '211', '310', '411', '511', '610', '707', '812', '913']
['113', '212', '311', '412', '512', '611', '711', '813', '897', '2']
['13', '103', '213', '312', '414', '513', '612', '713', '814', '902']
['14', '112', '209', '313', '415', '514', '614', '714', '815', '903', '319', '350']
['15', '114', '214', '314', '416', '515', '615', '715', '816', '914']
['16', '115', '215', '315', '417', '516', '616', '716', '817', '915', '53', '72', '124']
['17', '116', '216', '316', '418', '517', '617', '717', '818', '916']
['18', '117', '217', '317', '410', '518', '618', '718', '819', '917']
['19', '118', '218', '318', '413', '510', '619', '719', '820', '918']
['20', '119', '219', '320', '419', '519', '621', '720', '810', '919']
['21', '120', '220', '321', '420', '520', '613', '712', '811', '920']
['22', '121', '221', '322', '421', '521', '620', '721', '821', '921']
['23', '122', '222', '323', '422', '522', '622', '722', '823', '922']
['24', '123', '223', '324', '423', '524', '623', '723', '824', '923']
['10', '224', '326', '424', '525', '624', '724', '825', '924']
['25', '125', '225', '327', '425', '526', '625', '725', '822', '925', '26']
['126', '227', '328', '426', '527', '627', '726', '826', '926', '8']
['27', '127', '228', '329', '427', '528', '628', '727', '827', '927']
['28', '128', '229', '330', '428', '529', '626', '728', '828', '928', '6']
['29', '129', '231', '331', '430', '523', '629', '729', '829', '929']
['31', '130', '233', '431', '530', '630', '730', '830', '930', '400', '0']
['32', '132', '234', '325', '432', '531', '631', '731', '833', '933']
['33', '133', '235', '332', '433', '532', '632', '732', '834', '935']
['34', '236', '333', '434', '533', '633', '734', '831', '936']
['35', '135', '226', '334', '435', '534', '634', '735', '832', '937']
['36', '136', '230', '335', '436', '535', '635', '736', '835', '938']
['39', '137', '232', '336', '437', '536', '636', '737', '836', '939']
['30', '138', '237', '337', '438', '537', '637', '733', '837', '940']
['139', '238', '338', '439', '538', '638', '738', '838', '941']
['38', '140', '239', '339', '440', '539', '639', '739', '840', '942']
['40', '141', '240', '340', '429', '540', '640', '740', '843', '943', '37', '465']
['41', '142', '241', '341', '441', '541', '641', '741', '844', '931']
['42', '131', '242', '343', '442', '543', '742', '845', '932', '12']
['43', '143', '243', '344', '443', '544', '643', '743', '846', '934']
['144', '244', '345', '444', '545', '644', '744', '847', '944']
['45', '146', '245', '346', '445', '546', '645', '745', '841', '946']
['46', '147', '246', '347', '446', '548', '646', '746', '842', '947']
['47', '148', '247', '348', '447', '549', '648', '747', '839', '949']
['48', '149', '248', '349', '448', '542', '649', '748', '848', '950']
['49', '150', '249', '449', '547', '650', '749', '849', '951']
['50', '151', '250', '342', '450', '550', '652', '750', '850', '952']
['51', '152', '251', '351', '451', '551', '653', '751', '851', '945', '134', '3']
['153', '252', '352', '453', '552', '647', '752', '852', '948']
['154', '253', '353', '454', '553', '651', '753', '853', '953']
['54', '145', '254', '354', '452', '554', '654', '755', '854', '955', '44']
['55', '155', '255', '355', '455', '555', '655', '756', '855', '956']
['56', '156', '257', '356', '457', '556', '656', '757', '856', '957']
['57', '157', '256', '357', '458', '557', '657', '758', '857', '954']
['58', '158', '258', '358', '459', '558', '658', '759', '858', '958']
['59', '159', '259', '359', '461', '559', '659', '760', '859', '959']
['60', '160', '260', '360', '462', '560', '660', '761', '860', '960', '9']
['61', '161', '261', '361', '463', '561', '661', '754', '861', '961']
['62', '162', '262', '362', '464', '562', '662', '762', '862', '962']
['63', '163', '263', '363', '563', '663', '763', '863', '963']
['64', '164', '264', '364', '467', '564', '664', '764', '865', '964']
['65', '165', '265', '365', '468', '565', '665', '765', '866', '965', '1']
['66', '166', '266', '366', '469', '566', '666', '766', '864', '966']
['67', '168', '267', '367', '456', '567', '667', '767', '867', '967', '88', '642']
['68', '169', '268', '368', '460', '568', '668', '769', '868', '968', '52']
['69', '170', '269', '369', '466', '569', '669', '768', '869', '969']
['171', '270', '370', '470', '570', '670', '770', '870', '971']
['71', '172', '271', '371', '471', '571', '671', '772', '871', '972']
['173', '272', '373', '473', '572', '672', '773', '872', '973', '70']
['74', '174', '273', '374', '474', '573', '673', '775', '873', '974']
['75', '175', '274', '375', '475', '574', '674', '776', '874', '975']
['76', '176', '275', '376', '476', '575', '675', '771', '875', '976']
['77', '177', '276', '377', '477', '577', '678', '774', '876', '977']
['78', '167', '277', '378', '478', '578', '679', '777', '877', '978']
['79', '178', '278', '379', '479', '579', '680', '778', '878', '979']
['81', '179', '279', '380', '480', '580', '681', '779', '879', '981']
['83', '180', '280', '372', '481', '581', '682', '780', '880', '982']
['84', '181', '281', '381', '482', '582', '683', '781', '881', '983']
['73', '182', '282', '382', '483', '583', '684', '782', '882', '970']
['80', '183', '283', '383', '472', '576', '676', '783', '884', '980']
['82', '184', '284', '384', '484', '584', '677', '784', '885', '984']
['85', '185', '285', '385', '485', '585', '685', '786', '886', '985']
['86', '186', '286', '386', '486', '586', '686', '787', '887', '986']
['87', '187', '287', '387', '487', '587', '687', '788', '889', '987']
['188', '288', '388', '488', '588', '688', '789', '890', '988']
['89', '189', '290', '389', '489', '589', '689', '791', '892', '989']
['90', '190', '291', '390', '490', '590', '691', '792', '883', '990']
['91', '191', '293', '391', '491', '591', '690', '785', '888', '991']
['92', '192', '294', '392', '492', '592', '692', '790', '891', '992']
['93', '193', '295', '393', '493', '593', '693', '793', '893', '993']
['94', '194', '296', '394', '494', '594', '695', '794', '894', '994']
['95', '195', '297', '395', '495', '595', '696', '795', '895', '995']
['96', '196', '298', '396', '496', '596', '697', '797', '896', '996']
['98', '197', '289', '397', '497', '597', '698', '798', '898', '998']
['100', '198', '292', '398', '498', '598', '699', '799', '899', '999']
['97', '199', '299', '399', '499', '599', '700', '796', '900', '997']
