['0', '145', '290', '435', '580', '725', '870', '140', '287', '434', '574', '721', '868']
['1', '146', '291', '436', '726', '871']
['2', '292', '437', '582', '727', '872', '581']
['3', '148', '293', '438', '583', '873', '10', '147', '150']
['4', '149', '439', '584', '729', '874', '728']
['5', '295', '440', '585', '730', '12', '294', '299']
['6', '151', '296', '586', '731', '876', '875']
['7', '152', '297', '442', '587', '732', '877', '11', '13', '441']
['8', '153', '298', '443', '733', '878']
['9', '444', '589', '734', '879', '588']
['155', '300', '445', '590', '880', '154']
['156', '446', '591', '736', '881', '735']
['157', '302', '447', '592', '737', '301']
['158', '303', '593', '738', '883', '882']
['159', '304', '449', '594', '739', '884', '448']
['15', '160', '305', '450', '740', '885', '14']
['16', '306', '451', '596', '741', '886', '595']
['17', '162', '307', '452', '597', '887', '161']
['18', '163', '453', '598', '743', '888', '742']
['19', '164', '309', '454', '599', '744', '308']
['20', '165', '310', '600', '745', '890', '889']
['166', '311', '456', '601', '746', '891', '455']
['22', '167', '312', '457', '747', '892', '21']
['23', '313', '458', '603', '748', '893', '602']
['24', '169', '314', '459', '604', '894', '168']
['25', '170', '460', '605', '750', '895', '749']
['26', '171', '316', '461', '606', '751', '315']
['27', '172', '317', '607', '752', '897']
['173', '318', '463', '608', '753', '898']
['29', '174', '319', '464', '754', '899']
['30', '320', '465', '610', '755', '900']
['31', '176', '321', '466', '611', '901']
['32', '177', '467', '612', '757', '902', '28', '175', '462', '609', '756', '896']
['33', '178', '323', '468', '613', '758', '322']
['34', '179', '324', '614', '759', '904', '903']
['180', '325', '470', '615', '760', '905', '469']
['36', '181', '326', '471', '761', '906', '35']
['37', '327', '472', '617', '762', '907', '616']
['38', '183', '328', '473', '618', '908', '182']
['39', '184', '474', '619', '764', '909', '763']
['40', '185', '330', '475', '620', '765', '329']
['41', '186', '331', '621', '766', '911', '910']
['187', '332', '477', '622', '767', '912', '476']
['43', '188', '333', '478', '768', '913', '42']
['44', '334', '479', '624', '769', '914', '623']
['45', '190', '335', '480', '625', '915', '189']
['46', '191', '481', '626', '771', '916', '770']
['47', '192', '337', '482', '627', '772', '336']
['48', '193', '338', '628', '773', '918', '917']
['194', '339', '484', '629', '774', '919', '483']
['50', '195', '340', '485', '775', '920', '49']
['51', '341', '486', '631', '776', '921', '630']
['52', '197', '342', '487', '632', '922', '196']
['53', '198', '488', '633', '778', '923', '777']
['54', '199', '344', '489', '634', '779', '343']
['55', '200', '345', '635', '780', '925', '924']
['201', '346', '491', '636', '781', '926', '490']
['57', '202', '347', '492', '782', '927', '56']
['58', '348', '493', '638', '783', '928', '637']
['59', '204', '349', '494', '639', '929']
['60', '205', '495', '640', '785', '930']
['61', '206', '351', '496', '641', '786']
['62', '207', '352', '642', '787', '932']
['208', '353', '498', '643', '788', '933']
['64', '209', '354', '499', '789', '934', '63', '203', '350', '497', '784', '931']
['65', '355', '500', '645', '790', '935', '644']
['66', '211', '356', '501', '646', '936', '210']
['67', '212', '502', '647', '792', '937', '791']
['68', '213', '358', '503', '648', '793', '357']
['69', '214', '359', '649', '794', '939', '938']
['215', '360', '505', '650', '795', '940', '504']
['71', '216', '361', '506', '796', '941', '70']
['72', '362', '507', '652', '797', '942', '651']
['73', '218', '363', '508', '653', '943', '217']
['74', '219', '509', '654', '799', '944', '798']
['75', '220', '365', '510', '655', '800', '364']
['76', '221', '366', '656', '801', '946', '945']
['222', '367', '512', '657', '802', '947', '511']
['78', '223', '368', '513', '803', '948', '77']
['79', '369', '514', '659', '804', '949', '658']
['80', '225', '370', '515', '660', '950', '224']
['81', '226', '516', '661', '806', '951', '805']
['82', '227', '372', '517', '662', '807', '371']
['83', '228', '373', '663', '808', '953', '952']
['229', '374', '519', '664', '809', '954', '518']
['85', '230', '375', '520', '810', '955', '84']
['86', '376', '521', '666', '811', '956', '665']
['87', '232', '377', '522', '667', '957', '231']
['88', '233', '523', '668', '813', '958', '812']
['89', '234', '379', '524', '669', '814', '378']
['90', '235', '380', '670', '815', '960', '959']
['236', '381', '526', '671', '816', '961']
['92', '237', '382', '527', '817', '962']
['93', '383', '528', '673', '818', '963']
['94', '239', '384', '529', '674', '964']
['95', '240', '530', '675', '820', '965']
['96', '241', '386', '531', '676', '821', '91', '238', '385', '525', '672', '819']
['97', '242', '387', '677', '822', '967', '966']
['243', '388', '533', '678', '823', '968', '532']
['99', '244', '389', '534', '824', '969', '98']
['100', '390', '535', '680', '825', '970', '679']
['101', '246', '391', '536', '681', '971', '245']
['102', '247', '537', '682', '827', '972', '826']
['103', '248', '393', '538', '683', '828', '392']
['104', '249', '394', '684', '829', '974', '973']
['250', '395', '540', '685', '830', '975', '539']
['106', '251', '396', '541', '831', '976', '105']
['107', '397', '542', '687', '832', '977', '686']
['108', '253', '398', '543', '688', '978', '252']
['109', '254', '544', '689', '834', '979', '833']
['110', '255', '400', '545', '690', '835', '399']
['111', '256', '401', '691', '836', '981', '980']
['257', '402', '547', '692', '837', '982', '546']
['113', '258', '403', '548', '838', '983', '112']
['114', '404', '549', '694', '839', '984', '693']
['115', '260', '405', '550', '695', '985', '259']
['116', '261', '551', '696', '841', '986', '840']
['117', '262', '407', '552', '697', '842', '406']
['118', '263', '408', '698', '843', '988', '987']
['264', '409', '554', '699', '844', '989', '553']
['120', '265', '410', '555', '845', '990', '119']
['121', '411', '556', '701', '846', '991', '700']
['122', '267', '412', '557', '702', '992', '266']
['123', '268', '558', '703', '848', '993']
['124', '269', '414', '559', '704', '849']
['125', '270', '415', '705', '850']
['271', '416', '561', '706', '851']
['127', '272', '417', '562', '852']
['128', '418', '563', '708', '853', '126', '413', '560', '707', '847']
['129', '274', '419', '564', '709', '273']
['130', '275', '565', '710', '855', '854']
['131', '276', '421', '566', '711', '856', '420']
['132', '277', '422', '712', '857']
['278', '423', '568', '713', '858', '567']
['134', '279', '424', '569', '859', '133']
['135', '425', '570', '715', '860', '714']
['136', '281', '426', '571', '716', '280']
['137', '282', '572', '717', '862', '861']
['138', '283', '428', '573', '718', '863', '427']
['139', '284', '429', '719', '864']
['285', '430', '575', '720', '865']
['141', '286', '431', '576', '866']
['142', '432', '577', '722', '867']
['143', '288', '433', '578', '723']
['144', '289', '579', '724', '869']
