['2', '102', '202', '302', '402', '502', '602', '702', '802', '902', '11', '13', '14', '17', '18', '22', '26', '27', '34', '39']
['3', '203', '303', '403', '503', '603', '703', '803', '903', '19', '21', '29', '31', '37', '43', '57', '63', '73', '87', '111']
['4', '104', '204', '304', '404', '504', '604', '704', '804', '904', '12', '16', '24', '32', '48', '56', '64', '72', '76', '96']
['5', '105', '205', '305', '405', '505', '605', '705', '805', '905', '15', '23', '35', '41', '45', '55', '101', '115', '135', '161']
['6', '206', '306', '406', '506', '606', '706', '806', '906', '103', '151', '353', '412', '453', '618', '824']
['7', '207', '407', '507', '607', '707', '807', '907']
['8', '108', '208', '308', '408', '508', '608', '708', '808']
['9', '209', '309', '509', '609', '709', '809', '909', '927']
['110', '210', '310', '410', '510', '610', '710', '810', '910']
['411', '511', '611', '811', '911']
['112', '312', '512', '612', '712', '812', '912']
['213', '413', '513', '613', '713', '813', '913']
['114', '214', '314', '414', '514', '614', '714', '814', '914', '257', '457']
['215', '315', '415', '515', '615', '715', '815', '915']
['116', '216', '316', '416', '516', '616', '816']
['117', '217', '517', '617', '717', '817', '917', '131']
['118', '418', '518', '718', '818', '918', '359', '409']
['119', '219', '319', '519', '619', '719', '819', '919', '173']
['120', '220', '320', '420', '520', '620', '720', '820', '920']
['121', '221', '321', '521', '621', '721', '821', '921', '307']
['222', '322', '522', '622', '722', '922', '311', '461']
['123', '323', '423', '523', '623', '723', '823', '923']
['124', '224', '324', '424', '524', '624', '724', '924']
['125', '225', '325', '425', '525', '625', '725', '825', '925']
['126', '226', '426', '526', '626', '726', '826', '926', '263', '313', '463']
['327', '427', '527', '627', '727', '827']
['28', '128', '228', '328', '428', '528', '628', '728', '828', '928']
['129', '329', '429', '529', '629', '729', '829', '929']
['30', '130', '230', '330', '430', '530', '630', '730', '830', '930']
['231', '531', '631', '731', '831', '931']
['132', '232', '432', '532', '632', '732', '832', '932']
['33', '133', '333', '533', '633', '733', '833', '933']
['134', '234', '334', '434', '534', '634', '734', '834', '67', '89', '139', '167', '178', '267', '268', '278', '317', '367', '417']
['235', '335', '435', '535', '635', '735', '835', '935', '47', '107', '127']
['36', '136', '236', '336', '436', '536', '636', '736', '836', '936', '53', '106', '109', '159', '212', '218', '318', '872']
['237', '437', '537', '637', '737', '837', '937', '79', '474', '711']
['38', '138', '238', '338', '438', '538', '638', '738', '838', '938', '269', '419']
['339', '539', '639', '739', '839', '939', '113', '678']
['140', '240', '340', '440', '540', '640', '740', '840', '940']
['141', '341', '441', '541', '641', '741', '841', '941']
['42', '242', '342', '442', '542', '642', '742', '842', '271', '421']
['143', '243', '343', '543', '643', '743', '843', '943', '181', '281']
['44', '144', '244', '344', '444', '544', '644', '744', '844', '944', '211', '422']
['145', '245', '345', '445', '545', '645', '745', '845', '945']
['46', '146', '246', '346', '546', '646', '746', '846', '946', '373']
['147', '247', '447', '547', '647', '747', '847', '947']
['148', '248', '348', '448', '648', '748', '848', '948']
['249', '549', '649', '749', '849', '949']
['50', '150', '250', '350', '450', '550', '650', '750', '850', '950', '25']
['51', '351', '451', '551', '651', '751', '851', '951']
['52', '152', '252', '352', '452', '552', '652', '752', '852', '952']
['153', '253', '553', '653', '753', '853', '953', '251']
['54', '154', '254', '354', '454', '554', '654', '754', '854', '954', '227', '277', '908']
['155', '255', '355', '455', '555', '655', '755', '855', '955']
['156', '256', '356', '456', '556', '656', '756', '856']
['357', '557', '657', '757', '857', '957']
['58', '158', '258', '358', '458', '558', '658', '758', '858', '958', '179', '229', '379', '479', '716', '916']
['259', '459', '559', '659', '759', '859', '959']
['60', '160', '260', '360', '460', '560', '660', '760', '860', '960']
['261', '361', '561', '661', '761', '861', '961']
['62', '162', '262', '362', '462', '562', '662', '762', '862', '962', '431']
['363', '563', '663', '763', '863', '963']
['164', '264', '364', '464', '564', '664', '864']
['65', '165', '265', '365', '465', '565', '665', '765', '865', '965']
['66', '166', '266', '366', '466', '566', '666', '766', '866', '966', '61', '83', '122', '183', '233', '283', '332', '383', '433', '498']
['467', '567', '667', '767', '867', '967', '59', '934']
['68', '168', '368', '468', '568', '668', '768', '868', '968', '71', '142', '284']
['69', '169', '369', '469', '569', '669', '769', '869', '969']
['70', '170', '270', '370', '470', '570', '670', '770', '870', '970', '97', '194', '485']
['171', '371', '471', '571', '671', '771', '871', '971', '157', '942']
['172', '272', '372', '472', '572', '672', '972']
['273', '473', '573', '673', '773', '873', '973']
['74', '174', '274', '374', '574', '674', '774', '874', '974', '137', '337', '487', '548', '822']
['75', '175', '275', '375', '475', '575', '675', '775', '875', '975']
['176', '276', '376', '476', '576', '676', '776', '876', '976']
['77', '177', '377', '477', '577', '677', '777', '877', '977']
['78', '378', '478', '578', '778', '878', '978', '163', '239', '326', '389', '439', '489', '956']
['279', '579', '679', '779', '879', '979']
['80', '180', '280', '380', '480', '580', '680', '780', '880', '980']
['81', '381', '481', '581', '681', '781', '881', '981']
['82', '182', '282', '382', '482', '582', '682', '782', '882', '982', '191', '241', '491', '764', '964']
['483', '583', '683', '783', '883', '983']
['84', '184', '384', '484', '584', '684', '784', '884', '984']
['85', '185', '285', '385', '585', '685', '785', '885', '985']
['86', '186', '286', '386', '486', '586', '686', '786', '886', '986', '193', '293', '443', '772']
['187', '287', '387', '587', '687', '787', '887', '987']
['88', '188', '288', '388', '488', '588', '688', '788', '888', '988']
['189', '289', '589', '689', '789', '889', '989']
['90', '190', '290', '390', '490', '590', '690', '790', '890', '990']
['91', '291', '391', '591', '691', '791', '891', '991', '197']
['92', '192', '292', '392', '492', '592', '692', '792', '892', '992', '223', '446']
['93', '393', '493', '593', '693', '793', '893', '993', '331']
['94', '294', '394', '494', '594', '694', '794', '994', '347', '397']
['95', '195', '295', '395', '495', '595', '695', '795', '895', '995']
['196', '296', '396', '496', '696', '896', '996']
['297', '497', '597', '697', '797', '897', '997']
['98', '198', '298', '398', '598', '698', '798', '898', '998', '49', '149', '199', '349', '449', '499', '596', '796', '894']
['99', '299', '399', '599', '699', '799', '899', '999']
['100', '200', '300', '400', '500', '600', '700', '800', '900', '1000', '10', '20', '40']
['201', '301', '401', '501', '601', '701', '801', '901']
