['0', '100', '300', '400', '500', '600', '700', '800', '900', '43']
['1', '201', '301', '401', '501', '601', '701', '801', '901', '13', '15', '65', '97', '177', '197', '200', '232']
['102', '202', '402', '502', '602', '702', '802', '902', '3', '628']
['103', '203', '303', '403', '503', '603', '703', '903', '7', '288', '383']
['104', '204', '304', '404', '504', '604', '704', '804', '904', '24', '55', '388', '881']
['105', '205', '305', '405', '505', '605', '705', '805', '905', '27', '56', '58', '141', '339', '678', '775']
['206', '306', '506', '606', '806', '906']
['107', '207', '307', '407', '507', '607', '707', '807', '907', '147', '923']
['108', '208', '308', '408', '608', '708', '808', '908']
['109', '309', '409', '509', '609', '809', '8']
['210', '310', '510', '610', '710', '810', '910', '5', '22', '35']
['211', '311', '411', '511', '611', '711', '811', '911', '46']
['112', '312', '412', '512', '612', '712', '812', '912', '4', '406', '470', '535', '831']
['213', '313', '413', '513', '613', '713', '813', '913', '159', '251']
['214', '314', '414', '514', '614', '714', '814', '914', '344']
['115', '215', '315', '415', '515', '615', '715', '815', '915', '70', '173']
['16', '116', '216', '316', '416', '516', '616', '716', '816', '916', '428', '508']
['17', '217', '317', '417', '517', '617', '717', '817', '917']
['18', '118', '218', '318', '418', '518', '618', '718', '818', '918']
['119', '219', '319', '419', '519', '619', '719', '819', '919', '53', '111', '570']
['120', '320', '420', '520', '620', '720', '820', '920', '94']
['121', '221', '321', '421', '521', '621', '721', '821', '921', '9']
['122', '322', '422', '522', '622', '722', '822', '922', '290']
['123', '223', '323', '423', '523', '723', '823', '114', '139', '229', '739', '976']
['324', '424', '524', '624', '724', '824', '924', '286', '457']
['225', '325', '425', '525', '625', '725', '825', '925']
['26', '126', '226', '326', '426', '526', '626', '726', '826', '926', '59', '241', '382', '410', '709']
['227', '327', '427', '627', '827', '927']
['128', '228', '328', '528', '728', '828', '928']
['329', '529', '629', '729', '829', '929', '106']
['130', '230', '330', '530', '630', '730', '830', '930', '297', '455']
['231', '331', '431', '531', '631', '731', '931']
['332', '432', '532', '732', '832', '932', '29', '34', '247', '379', '452']
['133', '233', '333', '433', '533', '733', '833', '933', '10', '19', '44', '51', '117']
['134', '234', '334', '434', '534', '634', '734', '834', '934', '2', '25', '179', '746']
['135', '235', '335', '435', '635', '835', '935', '67', '192', '220']
['36', '136', '236', '336', '536', '636', '736', '836', '936', '124', '256', '664']
['37', '237', '337', '437', '537', '637', '737', '837', '937', '60', '157', '436', '584']
['338', '538', '638', '738', '838', '938', '61', '880']
['439', '539', '639', '839', '939', '110']
['40', '140', '240', '340', '440', '540', '640', '740', '840', '940', '12', '281', '553', '632']
['341', '441', '541', '641', '741', '841', '941']
['42', '142', '242', '342', '442', '542', '642', '742', '842', '942', '68', '91', '150', '727', '760']
['143', '243', '343', '443', '543', '643', '743', '843', '943', '182']
['144', '244', '444', '544', '644', '744', '844', '944', '161']
['45', '145', '245', '345', '445', '545', '645', '745', '845', '945']
['146', '246', '346', '446', '546', '646', '846', '946']
['47', '347', '447', '547', '647', '747', '847', '947', '430']
['148', '248', '348', '448', '548', '648', '748', '848', '948']
['49', '249', '349', '449', '649', '749', '849', '949', '291']
['50', '250', '350', '450', '650', '950', '156']
['451', '551', '751', '851', '951', '397']
['152', '252', '352', '552', '652', '752', '852', '952', '113']
['153', '253', '353', '453', '653', '753', '853', '953']
['54', '154', '254', '354', '454', '554', '654', '754', '854', '954']
['155', '255', '355', '555', '755', '855', '955']
['356', '456', '556', '656', '756', '856', '956']
['57', '257', '357', '557', '657', '757', '857', '957', '52']
['358', '458', '558', '658', '758', '858', '958', '238']
['259', '359', '459', '659', '759', '859', '959', '21', '39']
['160', '260', '360', '460', '560', '660', '860', '960', '31', '623']
['261', '361', '461', '561', '661', '761', '861', '961']
['62', '162', '262', '362', '462', '562', '662', '762', '862', '962', '20', '209']
['263', '363', '463', '563', '663', '763', '863', '963', '393', '735']
['164', '264', '364', '464', '564', '764', '864', '964', '33', '181', '527', '575', '997', '998']
['165', '365', '465', '565', '665', '765', '865', '965', '158']
['166', '266', '366', '466', '566', '666', '766', '866', '966', '101', '138', '170', '655']
['267', '467', '567', '667', '767', '867', '967', '41']
['168', '268', '468', '568', '668', '768', '868', '968', '32', '222']
['169', '269', '369', '469', '569', '669', '769', '869', '969', '14', '195', '559', '685']
['370', '670', '770', '870', '970', '84', '125']
['71', '171', '271', '371', '471', '571', '671', '771', '871', '971', '74', '131', '550', '706']
['172', '272', '372', '472', '672', '772', '872', '972', '167', '239']
['273', '373', '473', '573', '673', '773', '873', '973', '89', '127', '149', '803']
['174', '274', '374', '474', '574', '674', '774', '874', '974', '265', '429']
['75', '175', '275', '375', '475', '675', '875', '975', '69', '93', '572', '687']
['76', '176', '276', '376', '476', '576', '676', '776', '876', '11', '23', '132', '283', '368']
['77', '277', '377', '477', '577', '677', '777', '877', '977', '493']
['78', '178', '278', '378', '578', '778', '878', '978', '212', '679']
['79', '279', '479', '579', '779', '879', '979', '302']
['180', '280', '480', '580', '680', '780', '980', '750', '882']
['81', '381', '481', '581', '681', '781', '981', '198', '351', '367']
['482', '582', '682', '782', '982', '64', '137']
['83', '183', '483', '583', '683', '783', '883', '983', '258']
['184', '284', '384', '484', '684', '784', '884', '984', '30', '194', '850']
['185', '285', '385', '485', '585', '785', '885', '985', '6']
['86', '186', '386', '486', '586', '686', '786', '886', '986']
['87', '187', '287', '387', '487', '587', '787', '887', '987', '85']
['88', '188', '488', '588', '688', '788', '888', '988']
['189', '289', '389', '489', '589', '689', '789', '889', '989', '66']
['90', '190', '390', '490', '590', '690', '790', '890', '990', '909']
['191', '391', '491', '591', '691', '791', '891', '991', '478', '549']
['92', '292', '392', '492', '592', '692', '792', '892', '992', '73', '80', '163', '633']
['193', '293', '593', '693', '793', '893', '993']
['294', '394', '494', '594', '694', '794', '894', '994']
['95', '295', '395', '495', '595', '695', '795', '895', '995', '438']
['96', '196', '296', '396', '496', '596', '696', '796', '896', '996', '28', '38', '63', '82', '224', '651']
['497', '597', '697', '797', '897', '282', '380']
['98', '298', '398', '498', '598', '698', '798', '898', '129']
['99', '199', '299', '399', '499', '599', '699', '799', '899', '999', '48', '72', '151', '270']
