['75', '150', '225', '300', '375', '450', '525', '600', '675', '10']
['76', '151', '226', '301', '376', '451', '526', '601', '676', '0']
['77', '152', '227', '302', '377', '452', '527', '602', '677']
['78', '153', '228', '303', '378', '453', '528', '603', '678']
['79', '154', '229', '304', '379', '454', '529', '604', '679']
['80', '155', '230', '305', '380', '455', '530', '605', '680']
['81', '156', '231', '306', '381', '456', '531', '606', '681']
['82', '157', '232', '307', '382', '457', '532', '607', '682']
['83', '158', '233', '308', '383', '458', '533', '608', '683']
['84', '159', '234', '309', '384', '459', '534', '609', '684']
['85', '160', '235', '310', '385', '460', '535', '610', '685']
['86', '161', '236', '311', '461', '536', '611', '686']
['12', '87', '162', '237', '312', '387', '462', '537', '612', '687', '394']
['88', '163', '238', '313', '388', '463', '538', '613', '688']
['89', '164', '239', '314', '389', '464', '539', '614', '689', '13', '4']
['15', '90', '165', '240', '315', '390', '465', '540', '615', '690']
['16', '91', '166', '241', '316', '391', '466', '541', '616', '691']
['17', '92', '167', '242', '317', '392', '467', '542', '617', '692']
['18', '93', '168', '318', '393', '468', '543', '618', '693', '45']
['19', '94', '169', '244', '319', '469', '544', '619', '694']
['20', '170', '245', '320', '395', '470', '545', '620', '695']
['21', '96', '171', '246', '321', '396', '471', '546', '621', '696']
['97', '172', '247', '322', '397', '472', '547', '622', '697']
['23', '98', '173', '248', '323', '398', '473', '548', '623', '698', '6']
['24', '99', '174', '249', '324', '399', '474', '549', '624', '699', '570']
['25', '100', '175', '250', '325', '400', '475', '550', '625', '700']
['26', '101', '176', '326', '401', '476', '551', '626', '701', '14']
['27', '102', '177', '252', '327', '402', '477', '552', '627', '702', '11', '3']
['28', '103', '178', '253', '328', '403', '478', '553', '628', '703']
['29', '104', '179', '254', '329', '404', '479', '554', '629', '704']
['30', '105', '180', '255', '330', '405', '480', '555', '630', '705']
['31', '106', '181', '256', '331', '406', '481', '556', '631', '706', '5', '7']
['32', '182', '257', '332', '407', '482', '557', '632', '707']
['33', '108', '183', '258', '333', '408', '483', '558', '633', '708']
['34', '109', '184', '259', '334', '409', '484', '559', '634', '709', '243']
['35', '110', '185', '260', '335', '410', '485', '560', '635', '710', '9']
['36', '111', '186', '261', '336', '411', '486', '561', '636', '711']
['37', '112', '187', '262', '337', '412', '487', '562', '637', '712', '1', '8']
['38', '113', '188', '263', '338', '413', '488', '563', '638', '713']
['39', '114', '189', '264', '339', '414', '489', '564', '639', '714']
['40', '115', '190', '265', '340', '415', '490', '565', '640', '715']
['41', '116', '191', '266', '341', '416', '491', '566', '641', '716']
['42', '117', '192', '267', '342', '417', '492', '567', '642', '717']
['43', '118', '193', '268', '343', '418', '493', '568', '643', '718']
['44', '119', '194', '269', '344', '419', '494', '569', '644', '719']
['120', '195', '270', '345', '420', '495', '645', '720']
['46', '121', '196', '271', '346', '421', '496', '571', '646', '721']
['47', '122', '197', '272', '347', '422', '497', '572', '647', '722']
['48', '123', '198', '273', '348', '423', '498', '573', '648', '723', '386']
['49', '124', '199', '274', '349', '424', '499', '574', '649', '724']
['50', '125', '200', '275', '350', '425', '500', '575', '650', '725']
['51', '126', '201', '276', '351', '426', '501', '576', '651', '726']
['52', '127', '202', '277', '352', '427', '502', '577', '652', '727', '22', '95', '251', '2']
['53', '128', '203', '278', '353', '428', '503', '578', '653', '728']
['54', '129', '204', '279', '354', '429', '504', '579', '654', '729']
['55', '130', '205', '280', '355', '430', '505', '580', '655', '730']
['56', '131', '206', '281', '356', '431', '506', '581', '656', '731']
['57', '132', '207', '282', '357', '432', '507', '582', '657', '732']
['58', '133', '208', '283', '358', '433', '508', '583', '658', '733']
['59', '134', '209', '284', '359', '434', '509', '584', '659', '734']
['60', '135', '210', '285', '360', '435', '510', '585', '660', '735']
['61', '136', '211', '286', '361', '436', '511', '586', '661', '736']
['62', '137', '212', '287', '362', '437', '512', '587', '662', '737']
['63', '138', '213', '288', '363', '438', '513', '588', '663', '738']
['64', '139', '214', '289', '364', '439', '514', '589', '664', '739']
['65', '140', '215', '290', '365', '440', '515', '590', '665', '740']
['66', '141', '216', '291', '366', '441', '516', '591', '666', '741']
['67', '142', '217', '292', '367', '442', '517', '592', '667', '742']
['68', '143', '218', '293', '368', '443', '518', '593', '668', '743']
['69', '144', '219', '294', '369', '444', '519', '594', '669', '744']
['70', '145', '220', '295', '370', '445', '520', '595', '670', '745']
['71', '146', '221', '296', '371', '446', '521', '596', '671', '746']
['72', '147', '222', '297', '372', '447', '522', '597', '672', '747', '107']
['73', '148', '223', '298', '373', '448', '523', '598', '673', '748']
['74', '149', '224', '299', '374', '449', '524', '599', '674', '749']
