['Amber', 'Hope', 'Guadalupe', 'Helen', 'Felicity', 'Corinne', 'Katarina', 'Mariela', 'Dianna', 'Cydney']
['Mary', 'Brittney', 'Genesis', 'Tiana', 'Tyra', 'Justice', 'Kellie', 'Amani', 'Baby', 'Destany']
['Danielle', 'Lydia', 'Yesenia', 'Cassie', 'Taryn', 'Maia', 'Maribel', 'Maura', 'Lara', 'Gia']
['Gabrielle', 'Hayley', 'Julianna', 'Kayleigh', 'Kaylin', 'Tess', 'Sandy', 'Bella', 'Isabela', 'Keira']
['Jordan', 'Evelyn', 'Skyler', 'Marina', 'Ellen', 'Ciera', 'Joselyn', 'Kaylynn', 'Reina', 'Roxanne']
['Brooke', 'Bethany', 'Alexus', 'Heidi', 'Kiley', 'Maritza', 'Kaelyn', 'Lila', 'Shirley', 'Fabiola']
['Michelle', 'Shannon', 'Tatiana', 'Ivy', 'Jaclyn', 'Abbigail', 'Madisen', 'Armani', 'Jaycee', 'Kaci']
['Sierra', 'Michaela', 'Alana', 'Ashton', 'Rhiannon', 'Ebony', 'Kathy', 'Anissa', 'Silvia', 'Abagail']
['Katelyn', 'Karen', 'Elise', 'Clara', 'Madisyn', 'Lexie', 'Margarita', 'Aubree', 'Tatianna', 'Abigale']
['Andrea', 'Jamie', 'Kirsten', 'Meagan', 'Colleen', 'Isis', 'Carson', 'Kelsi', 'Eryn', 'Janiya']
['Madeline', 'Daniela', 'Nadia', 'Gina', 'Joy', 'Lena', 'Stella', 'Greta', 'Ingrid', 'Odalys']
['Sara', 'Angelina', 'Sandra', 'Linda', 'Pamela', 'Aimee', 'Juliette', 'Kaya', 'Keara', 'Aria']
['Kimberly', 'Kaitlin', 'Dominique', 'Gloria', 'Tania', 'Leticia', 'Devon', 'Kayli', 'Randi', 'Daija']
['Courtney', 'Karina', 'Haylee', 'Jacquelyn', 'Charity', 'Sydni', 'Camila', 'Lillie', 'Reanna', 'Delia']
['Erin', 'Sophie', 'Ruby', 'Ellie', 'Fiona', 'Sarai', 'Donna', 'Willow', 'Kalyn', 'Kameron']
['Brittany', 'Sofia', 'Jayla', 'Jenny', 'Alyson', 'Halie', 'Bria', 'Ansley', 'Lisette', 'Katy']
['Vanessa', 'Diamond', 'Tori', 'Renee', 'Kaila', 'Alivia', 'Helena', 'Lia', 'Monserrat', 'Lourdes']
['Jacqueline', 'Payton', 'Cindy', 'Daniella', 'Annabelle', 'Destiney', 'Lea', 'Catalina', 'Lori', 'Raina']
['Jenna', 'Cynthia', 'Sidney', 'Lizbeth', 'Emely', 'Laurel', 'Jazlyn', 'Maci', 'Abril', 'Ashtyn']
['Caroline', 'Alexia', 'Ella', 'Anahi', 'Alina', 'Edith', 'Jazmyn', 'Shyann', 'Ivana', 'Dayna']
['Faith', 'Valerie', 'Tessa', 'Virginia', 'Angelique', 'Carina', 'Skyla', 'Alysa', 'Maranda', 'Emerald']
['Makayla', 'Monica', 'Carolina', 'Gisselle', 'Regan', 'Fernanda', 'Christy', 'Celina', 'Parker', 'Kirstin']
['Bailey', 'Peyton', 'Jaqueline', 'Kaitlynn', 'Irene', 'Amya', 'Katharine', 'Kasandra', 'Darby', 'Marlee']
['Paige', 'Carly', 'Camille', 'Julissa', 'Johanna', 'Destini', 'Joyce', 'Quinn', 'Darian', 'Neha']
['Shelby', 'Bianca', 'Whitney', 'Cheyanne', 'Janae', 'Aspen', 'Karlie', 'Jaquelin', 'Jasmyn', 'Antoinette']
['Melissa', 'Hanna', 'Carmen', 'Lacey', 'Janelle', 'Nathalie', 'Lexus', 'Cecelia', 'Jaylin', 'Beatrice']
['Kaylee', 'Brenda', 'Vivian', 'Haleigh', 'Madyson', 'Paula', 'Alessandra', 'Hailie', 'Kaela', 'Blair']
['Christina', 'Rebekah', 'Bridget', 'Marie', 'Justine', 'Tanya', 'Delilah', 'Haven', 'Katia', 'Kori']
['Trinity', 'Alejandra', 'Priscilla', 'Eleanor', 'Paris', 'Frances', 'Moriah', 'Kallie', 'Ayla', 'Annamarie']
['Caitlin', 'Mya', 'Celeste', 'Martha', 'Chelsey', 'Tina', 'Salma', 'Maegan', 'Bridgette', 'Breonna']
['Mariah', 'Avery', 'Kiana', 'Kierra', 'Sasha', 'Christian', 'Celine', 'Maeve', 'Hillary', 'Luisa']
['Autumn', 'Brooklyn', 'Makenna', 'Tiara', 'Paulina', 'Elaine', 'Lizeth', 'Mattie', 'Kinsey', 'Rhianna']
['Marissa', 'Ashlyn', 'Alissa', 'Talia', 'Mayra', 'Aniya', 'Beatriz', 'Rocio', 'Yazmin', 'Yasmeen']
['Angela', 'Lindsay', 'Madeleine', 'Kaylie', 'Zaria', 'Ryan', 'Brianne', 'Yolanda', 'Elyssa', 'Yessenia']
['Breanna', 'Ava', 'Natasha', 'Mikaela', 'Skye', 'Shayna', 'Kourtney', 'Chaya', 'Caleigh', 'Breanne']
['Catherine', 'Desiree', 'Miriam', 'Eliza', 'Brisa', 'Essence', 'Sydnie', 'Christa', 'Dayana', 'Laisha']
['Zoe', 'Alondra', 'Ciara', 'Harley', 'Cora', 'Mollie', 'Stacey', 'Gabriel', 'Nikita', 'Leann']
['Briana', 'Camryn', 'Cecilia', 'Jaden', 'Emilie', 'Simone', 'Mariam', 'Noelia', 'Rita', 'Amina']
['Jada', 'Ariel', 'Kassandra', 'Madalyn', 'Felicia', 'Kyleigh', 'Robyn', 'Kari', 'Asha', 'Jailyn']
['Laura', 'Naomi', 'Mercedes', 'Hailee', 'Larissa', 'Nikki', 'Hayden', 'Kaylah', 'Chantel', 'Jayde']
['Claire', 'Jordyn', 'Reagan', 'Kasey', 'Tianna', 'Anya', 'Janessa', 'Nya', 'Reese', 'Jena']
['Alexa', 'Kendra', 'Aliyah', 'Ashlynn', 'Macie', 'Reyna', 'Kenzie', 'Jeanette', 'Stefanie', 'Jill']
['Kelsey', 'Mckenna', 'Josephine', 'Brandi', 'Aurora', 'Kaylyn', 'Jalyn', 'Kennedi', 'Nadine', 'Katlynn']
['Kathryn', 'Holly', 'Charlotte', 'Lesly', 'Sage', 'Nicolette', 'Meaghan', 'Nyah', 'Samara', 'Kaylan']
['Leslie', 'Julie', 'Rylee', 'Elisabeth', 'Lucia', 'Savanah', 'Sheila', 'Presley', 'Unique', 'Kenna']
['Alexandria', 'Kendall', 'Shania', 'Allie', 'Alma', 'Abbie', 'Aisha', 'Yadira', 'Michele', 'Rayna']
['Sabrina', 'Kara', 'Kira', 'Viviana', 'Chasity', 'Kailyn', 'Jaida', 'Marianna', 'Sonya', 'Iyana']
['Mia', 'Jasmin', 'Meredith', 'Cara', 'Ann', 'Montana', 'Estrella', 'Reilly', 'Hazel', 'Keeley']
['Isabel', 'Selena', 'Eva', 'Marisol', 'Nichole', 'Itzel', 'Shawna', 'Shaina', 'Patience', 'Kenia']
['Molly', 'Esmeralda', 'Dakota', 'India', 'Deborah', 'Leila', 'Marley', 'Elissa', 'Cielo', 'Maiya']
['Leah', 'Amaya', 'Lisa', 'Litzy', 'Jayden', 'Cayla', 'Melinda', 'Alize', 'Mireya', 'Mandy']
['Katie', 'Kylee', 'Hallie', 'Tatyana', 'Alanna', 'Stacy', 'Ayana', 'Arlene', 'Paloma', 'Melisa']
['Gabriella', 'Maggie', 'Anne', 'Melody', 'Malia', 'Araceli', 'Karly', 'Amara', 'Aryanna', 'Sky']
['Cheyenne', 'Makenzie', 'Rose', 'Jessie', 'Angie', 'Robin', 'Devyn', 'Izabella', 'Magdalena', 'Adrian']
['Cassandra', 'Claudia', 'Liliana', 'Brandy', 'Carlie', 'Dulce', 'Nataly', 'Lyric', 'Anaya', 'Marlen']
['Tiffany', 'Cameron', 'Kristin', 'Alisha', 'Nora', 'Candace', 'Rosalinda', 'Aiyana', 'Dallas', 'Emily']
['Erica', 'Kyra', 'Marisa', 'Hunter', 'Kailee', 'Noemi', 'Brielle', 'Christiana', 'Arely', 'Madison']
['Lindsey', 'Karla', 'Imani', 'Noelle', 'Carrie', 'Aleah', 'Laney', 'Allyssa', 'Joelle', 'Hannah']
['Kylie', 'Kathleen', 'Kailey', 'Carla', 'Elaina', 'Ally', 'Loren', 'Drew', 'Kaia', 'Ashley']
['Diana', 'Abby', 'Deanna', 'Francesca', 'Sylvia', 'Nayeli', 'Lizette', 'Rachelle', 'Misty', 'Alexis']
['Amy', 'Delaney', 'Annie', 'Tia', 'Sonia', 'Mara', 'Sally', 'Adeline', 'Norma', 'Sarah']
['Cassidy', 'Amelia', 'Nia', 'Layla', 'Genevieve', 'Jewel', 'Lilian', 'Jacklyn', 'Taya', 'Samantha']
['Mikayla', 'Casey', 'Carolyn', 'Krista', 'Kenya', 'Keely', 'Rebeca', 'Jesse', 'Trisha', 'Abigail']
['Ariana', 'Serena', 'Anastasia', 'Zoey', 'Piper', 'Alisa', 'Tracy', 'Liana', 'Deasia', 'Elizabeth']
['Margaret', 'Savanna', 'Brenna', 'Carley', 'Marilyn', 'Karlee', 'Jenifer', 'Citlalli', 'Elsa', 'Olivia']
['Kelly', 'Aaliyah', 'Dana', 'Janet', 'Amari', 'Micaela', 'Chandler', 'Giovanna', 'Alysha', 'Jessica']
['Miranda', 'Giselle', 'Shayla', 'Carissa', 'Macey', 'Desirae', 'Valentina', 'Selina', 'Aracely', 'Taylor']
['Maya', 'Mallory', 'Kassidy', 'Iris', 'Marlene', 'Antonia', 'America', 'Brook', 'Bryana', 'Emma']
['Melanie', 'April', 'Ashlee', 'Kaleigh', 'Tayler', 'Brynn', 'Diane', 'Graciela', 'Dawn', 'Alyssa']
['Audrey', 'Adrianna', 'Alaina', 'Tyler', 'Barbara', 'Jaelyn', 'Abigayle', 'Princess', 'Joana', 'Lauren']
['Jade', 'Raven', 'Rosa', 'Theresa', 'Julianne', 'Judith', 'Candice', 'Cali', 'Brionna', 'Grace']
['Gabriela', 'Christine', 'Wendy', 'Tamara', 'Brooklynn', 'Leanna', 'Susana', 'Elyse', 'Alex', 'Kayla']
['Caitlyn', 'Kristina', 'Logan', 'Yasmine', 'Lorena', 'Katelin', 'Aliya', 'Berenice', 'Katerina', 'Brianna']
['Angel', 'Asia', 'Tabitha', 'Tatum', 'Perla', 'Sienna', 'Casandra', 'Chanel', 'Ali', 'Anna']
['Jillian', 'Nina', 'Paola', 'Susan', 'Elisa', 'Celia', 'Harmony', 'Iliana', 'Bonnie', 'Megan']
['Alicia', 'Natalia', 'Callie', 'Sharon', 'Kaley', 'Raegan', 'Jacey', 'Jolie', 'Hadley', 'Victoria']
['Jocelyn', 'Valeria', 'Addison', 'Alice', 'Leilani', 'Yvette', 'Alena', 'Caitlynn', 'Martina', 'Destiny']
['Erika', 'Aubrey', 'Lucy', 'Yasmin', 'Eden', 'Juliet', 'Aylin', 'Annalise', 'Maryam', 'Sydney']
['Lily', 'Lauryn', 'Gillian', 'Tamia', 'Miracle', 'Emilia', 'Shea', 'Cortney', 'Jazmyne', 'Rachel']
['Heather', 'Kate', 'Clarissa', 'Abbey', 'Devin', 'Anika', 'Aniyah', 'Darlene', 'Shaniya', 'Jasmine']
['Madelyn', 'Jazmin', 'Destinee', 'Alayna', 'Aileen', 'Calista', 'Carol', 'Sarina', 'Alycia', 'Jennifer']
['Adriana', 'Patricia', 'Josie', 'Kali', 'Chyna', 'Eileen', 'Stephany', 'Dasia', 'Dejah', 'Julia']
['Arianna', 'Rachael', 'Denise', 'Bailee', 'Athena', 'Kianna', 'Zoie', 'London', 'Emmalee', 'Isabella']
['Lillian', 'Katelynn', 'Katlyn', 'Lesley', 'Esperanza', 'Carlee', 'Jackeline', 'Yvonne', 'Estefania', 'Morgan']
['Kiara', 'Cierra', 'Esther', 'Lilly', 'Regina', 'Thalia', 'Alia', 'Karley', 'Jakayla', 'Chloe']
['Riley', 'Alison', 'Mariana', 'Mckayla', 'Adrienne', 'Rylie', 'Savana', 'Myah', 'Nyasia', 'Kaitlyn']
['Crystal', 'Macy', 'Bryanna', 'Ayanna', 'Shyanne', 'Daphne', 'Damaris', 'Shaylee', 'Anjali', 'Natalie']
['Mckenzie', 'Nancy', 'Emilee', 'Serenity', 'Luz', 'Kacie', 'Gwendolyn', 'Amira', 'Daisha', 'Hailey']
['Meghan', 'Elena', 'Georgia', 'Karissa', 'Tierra', 'Karli', 'Alexandrea', 'Kristy', 'Lilliana', 'Haley']
['Skylar', 'Kyla', 'Deja', 'Jane', 'Cristal', 'Rosemary', 'Marian', 'Ryleigh', 'Myra', 'Katherine']
['Ana', 'Katrina', 'Kamryn', 'Maddison', 'Clare', 'Ericka', 'Anita', 'Dariana', 'Amiya', 'Nicole']
['Britney', 'Jazmine', 'Ashleigh', 'Precious', 'Eliana', 'Lyndsey', 'Jaime', 'Juanita', 'Belen', 'Sophia']
['Angelica', 'Joanna', 'Cristina', 'Jayda', 'Kelli', 'Hana', 'Violet', 'Teagan', 'Jana', 'Alexandra']
['Kennedy', 'Tara', 'Baylee', 'Kelsie', 'Eve', 'Haylie', 'Jaiden', 'Kiarra', 'Saige', 'Amanda']
['Chelsea', 'Gianna', 'Heaven', 'Lexi', 'Sydnee', 'Jadyn', 'Kristine', 'Ryann', 'Aja', 'Mackenzie']
['Daisy', 'Juliana', 'Raquel', 'Phoebe', 'Madelynn', 'Madilyn', 'Carli', 'Yamilet', 'Scarlett', 'Maria']
['Kristen', 'Fatima', 'Monique', 'Halle', 'Breana', 'Micah', 'Dorothy', 'Alexys', 'Annabel', 'Savannah']
['Veronica', 'Allyson', 'Teresa', 'Kiersten', 'Melina', 'Laila', 'Gretchen', 'Kacey', 'Joanne', 'Stephanie']
['Isabelle', 'Gracie', 'Ruth', 'Kiera', 'Arielle', 'Blanca', 'Janice', 'Shakira', 'Aliza', 'Allison']
['Summer', 'Sadie', 'Krystal', 'Annika', 'Toni', 'Kayley', 'Annette', 'Sheridan', 'Ashly', 'Rebecca']
