['0', '30', '90', '150', '210', '240', '300', '330', '360', '390', '450', '480', '540', '570', '600', '690', '720', '780', '29', '31', '52', '66', '71', '149', '151', '209', '211', '223', '239', '242', '251', '278', '296', '301', '344', '449', '512', '654', '691', '779']
['1', '61', '91', '121', '181', '241', '271', '331', '421', '451', '511', '601', '631', '661', '721', '751', '781', '60', '62', '64', '120', '122', '178', '180', '182', '193', '205', '272', '315', '332', '420', '422', '452', '510', '602', '630', '632', '660', '684', '750']
['2', '32', '152', '212', '302', '362', '392', '482', '542', '572', '692', '722', '48', '153', '171', '213', '361', '391', '481', '483', '541', '543', '571', '693', '723', '739']
['3', '63', '93', '183', '243', '273', '333', '363', '393', '423', '453', '513', '573', '603', '633', '663', '753', '783', '13', '134', '275', '313', '364', '380', '424', '662', '752', '782']
['4', '34', '94', '124', '154', '184', '214', '244', '274', '304', '394', '454', '484', '514', '544', '574', '634', '694', '724', '754', '784', '35', '125', '155', '215', '245', '303', '411', '455', '515']
['5', '65', '95', '185', '305', '335', '365', '425', '485', '545', '575', '605', '635', '665', '695', '725', '755', '785', '54', '127', '261', '338', '359', '486', '532', '606', '696']
['6', '36', '126', '156', '216', '246', '276', '306', '336', '366', '396', '426', '456', '516', '546', '576', '636', '726', '247', '395', '517']
['7', '67', '97', '157', '187', '277', '307', '337', '367', '487', '577', '607', '667', '697', '757', '787', '86', '308']
['8', '38', '68', '128', '218', '248', '368', '398', '428', '458', '488', '518', '548', '578', '638', '668', '728', '788', '11', '24', '33', '37', '39', '129', '217', '219', '229', '249', '397', '399', '403', '427', '429', '437', '457', '459', '477', '637', '727', '789']
['99', '159', '189', '279', '309', '339', '519', '609', '669', '699', '759', '41', '98', '100', '160', '188', '280', '340', '604', '608', '686', '698', '758', '760']
['10', '40', '70', '130', '190', '220', '250', '310', '370', '400', '460', '490', '520', '550', '580', '610', '640', '700', '730', '790', '69', '102', '131', '191', '207', '221', '369', '418', '489', '491', '521', '549', '579', '639', '731', '733', '794', '795']
['101', '161', '281', '341', '371', '431', '461', '551', '611', '641', '671', '701', '761', '791', '50', '162', '430', '434', '612', '617', '792']
['12', '42', '72', '132', '192', '222', '252', '312', '342', '402', '462', '492', '522', '552', '582', '642', '702', '732', '762', '43', '73', '96', '137', '225', '463', '553', '583', '643', '703']
['103', '133', '163', '253', '343', '433', '493', '523', '673', '793', '164', '254', '432']
['14', '44', '74', '104', '194', '224', '284', '314', '374', '404', '464', '524', '554', '584', '614', '644', '674', '704', '734', '764', '9', '22', '283', '613', '773']
['75', '135', '165', '255', '285', '345', '375', '435', '495', '555', '585', '615', '645', '675', '705', '735', '765', '186', '494']
['16', '76', '106', '136', '166', '196', '226', '316', '376', '406', '436', '466', '526', '556', '586', '706', '766', '796', '15', '17', '27', '45', '77', '79', '80', '92', '105', '107', '158', '167', '195', '197', '290', '311', '355', '525', '666', '678', '707', '775']
['47', '257', '287', '347', '467', '497', '527', '587', '647', '677', '737', '767', '797', '46', '256', '258', '286', '346', '373', '468', '496', '498', '528', '616', '646', '672', '676', '798']
['18', '78', '108', '138', '168', '198', '228', '318', '348', '378', '408', '438', '558', '588', '618', '648', '708', '738', '768', '19', '109', '110', '139', '169', '199', '227', '317', '349', '377', '407', '557', '560', '561', '589', '591', '619', '709', '763', '769']
['49', '259', '289', '319', '379', '409', '439', '469', '499', '529', '559', '649', '679', '799', '288', '320', '352', '440', '472', '500', '530', '547', '650', '756']
['20', '140', '170', '200', '230', '260', '350', '410', '590', '620', '680', '710', '740', '770', '21', '141', '231', '771']
['51', '81', '111', '291', '321', '351', '381', '441', '471', '501', '531', '651', '711', '82', '88', '112', '322']
['142', '172', '202', '232', '262', '382', '412', '442', '502', '562', '592', '622', '652', '682', '712', '742', '772', '123', '405', '681', '729']
['23', '53', '83', '293', '323', '353', '383', '473', '533', '563', '593', '653', '683', '415']
['114', '144', '174', '204', '234', '264', '354', '384', '414', '444', '474', '504', '534', '624', '714', '744', '774', '113', '115', '143', '145', '173', '175', '201', '203', '233', '263', '265', '385', '413', '443', '503', '535', '623', '664', '713', '715', '736', '743', '745']
['25', '55', '85', '295', '325', '445', '475', '565', '595', '625', '655', '685', '56', '84', '294', '324', '401', '446', '465', '564', '566', '594', '626', '656']
['26', '146', '176', '206', '236', '266', '326', '356', '386', '416', '476', '506', '536', '596', '716', '746', '776', '147', '235', '237', '327', '334', '357', '372', '417', '470', '505', '537', '581', '777']
['57', '87', '117', '177', '267', '297', '387', '447', '507', '567', '597', '627', '657', '687', '717', '747', '116', '118', '568', '670', '718']
['28', '148', '208', '238', '268', '328', '358', '388', '448', '478', '508', '538', '598', '628', '688', '748', '778', '292', '479', '599', '741', '786']
['59', '89', '119', '179', '269', '299', '329', '389', '419', '509', '539', '569', '629', '659', '689', '719', '749', '58', '270', '282', '298', '621', '658']
