['45', '90', '135', '180', '225', '270', '315', '360', '405', '450', '495', '540', '585', '630', '675', '720', '765', '810', '855']
['46', '91', '136', '181', '226', '271', '316', '361', '406', '451', '496', '541', '586', '631', '676', '721', '766', '811', '856']
['47', '92', '137', '182', '227', '272', '317', '362', '407', '452', '497', '542', '587', '632', '677', '722', '767', '812', '857']
['48', '93', '138', '183', '228', '273', '318', '363', '408', '453', '498', '543', '588', '633', '678', '723', '768', '813', '858', '7', '9']
['49', '94', '139', '184', '229', '274', '319', '364', '409', '454', '499', '544', '589', '634', '679', '724', '769', '814', '859', '5']
['50', '95', '140', '185', '230', '275', '320', '365', '410', '455', '500', '545', '590', '635', '680', '725', '770', '815', '860']
['51', '96', '141', '186', '231', '276', '321', '366', '411', '456', '501', '546', '591', '636', '681', '726', '771', '816', '861']
['52', '97', '142', '187', '232', '277', '322', '367', '412', '457', '502', '547', '592', '637', '727', '772', '817', '862']
['53', '98', '143', '188', '233', '278', '323', '368', '413', '458', '503', '548', '593', '638', '683', '728', '773', '818', '863']
['54', '99', '144', '189', '234', '279', '324', '369', '414', '459', '504', '549', '594', '639', '684', '729', '774', '819', '864']
['10', '55', '100', '145', '190', '235', '280', '325', '370', '415', '460', '505', '550', '595', '640', '685', '730', '775', '820', '865', '2', '86']
['11', '56', '101', '146', '191', '236', '281', '326', '371', '416', '461', '506', '551', '596', '641', '686', '731', '776', '821', '866']
['12', '57', '102', '147', '192', '237', '282', '327', '372', '417', '462', '507', '552', '597', '642', '687', '732', '777', '822', '867']
['13', '58', '103', '148', '193', '238', '283', '328', '373', '418', '463', '508', '553', '598', '643', '688', '733', '778', '823', '868', '6']
['14', '59', '104', '149', '194', '239', '284', '329', '374', '419', '464', '509', '554', '599', '644', '689', '734', '779', '824', '869', '3']
['15', '60', '105', '150', '195', '240', '285', '330', '375', '420', '465', '510', '555', '600', '645', '690', '735', '780', '825', '870']
['16', '61', '106', '151', '196', '241', '286', '331', '376', '421', '466', '511', '556', '601', '646', '691', '736', '781', '826', '871']
['17', '62', '107', '152', '197', '242', '287', '332', '377', '422', '467', '512', '557', '602', '647', '692', '737', '782', '827', '872']
['18', '63', '108', '153', '198', '243', '288', '333', '378', '423', '468', '513', '558', '603', '648', '693', '738', '783', '828', '873', '1', '8']
['19', '64', '109', '154', '199', '244', '289', '334', '379', '424', '469', '514', '559', '604', '649', '694', '739', '784', '829', '874']
['20', '110', '155', '200', '245', '290', '335', '380', '425', '470', '515', '560', '605', '650', '695', '740', '785', '830', '875']
['21', '66', '111', '156', '201', '246', '291', '336', '381', '426', '471', '561', '606', '651', '696', '741', '786', '831', '876']
['22', '67', '112', '157', '202', '247', '292', '337', '382', '427', '472', '517', '562', '607', '652', '697', '742', '787', '832', '877']
['23', '68', '113', '158', '203', '248', '293', '338', '383', '428', '473', '518', '563', '608', '653', '698', '743', '788', '833', '878']
['24', '69', '114', '159', '204', '249', '294', '339', '384', '429', '474', '519', '564', '609', '654', '699', '744', '789', '834', '879']
['25', '70', '115', '160', '205', '250', '295', '340', '385', '430', '475', '520', '565', '610', '655', '700', '745', '790', '835', '880']
['26', '71', '116', '161', '206', '251', '296', '341', '386', '431', '476', '521', '566', '611', '656', '701', '746', '791', '836', '881', '0', '65', '344', '516', '682', '854']
['27', '72', '117', '162', '207', '252', '297', '342', '387', '432', '477', '522', '567', '612', '657', '702', '747', '792', '837', '882']
['28', '73', '118', '163', '208', '253', '298', '343', '388', '433', '478', '523', '568', '613', '658', '703', '748', '793', '838', '883']
['29', '74', '119', '164', '209', '254', '299', '389', '434', '479', '524', '569', '614', '659', '704', '749', '794', '839', '884', '4', '216']
['30', '75', '120', '165', '210', '255', '300', '345', '390', '435', '480', '525', '570', '615', '660', '705', '750', '795', '840', '885']
['31', '76', '121', '166', '211', '256', '301', '346', '391', '436', '481', '526', '571', '616', '661', '706', '751', '796', '841', '886']
['32', '77', '122', '167', '212', '257', '302', '347', '392', '437', '482', '527', '572', '617', '662', '707', '752', '797', '842', '887']
['33', '78', '123', '168', '213', '258', '303', '348', '393', '438', '483', '528', '573', '618', '663', '708', '753', '798', '843']
['34', '79', '124', '169', '214', '259', '304', '349', '394', '439', '484', '529', '574', '619', '664', '709', '754', '799', '844']
['35', '80', '125', '170', '215', '260', '305', '350', '395', '440', '485', '530', '575', '620', '665', '710', '755', '800', '845']
['36', '81', '126', '171', '261', '306', '351', '396', '441', '486', '531', '576', '621', '666', '711', '756', '801', '846']
['37', '82', '127', '172', '217', '262', '307', '352', '397', '442', '487', '532', '577', '622', '667', '712', '757', '802', '847']
['38', '83', '128', '173', '218', '263', '308', '353', '398', '443', '488', '533', '578', '623', '668', '713', '758', '803', '848']
['39', '84', '129', '174', '219', '264', '309', '354', '399', '444', '489', '534', '579', '624', '669', '714', '759', '804', '849']
['40', '85', '130', '175', '220', '265', '310', '355', '400', '445', '490', '535', '580', '625', '670', '715', '760', '805', '850']
['41', '131', '176', '221', '266', '311', '356', '401', '446', '491', '536', '581', '626', '671', '716', '761', '806', '851']
['42', '87', '132', '177', '222', '267', '312', '357', '402', '447', '492', '537', '582', '627', '672', '717', '762', '807', '852']
['43', '88', '133', '178', '223', '268', '313', '358', '403', '448', '493', '538', '583', '628', '673', '718', '763', '808', '853']
['44', '89', '134', '179', '224', '269', '314', '359', '404', '449', '494', '539', '584', '629', '674', '719', '764', '809']
