['0']
['1', '201', '601', '200', '202', '203', '600']
['2', '402', '602', '400', '401', '403']
['3', '603']
['4']
['5', '205', '405', '204', '206', '404']
['6', '406', '606', '604', '605', '607']
['7', '207', '407']
['8', '10', '11']
['9', '209', '609', '208', '210', '211', '608']
['410', '610', '408', '409', '411']
['611']
['612', '613', '614', '615']
['13', '213', '12', '14', '212']
['214', '414', '412', '413']
['15', '215', '415']
['616', '617', '618']
['17', '417', '16', '18', '19', '416']
['218', '418', '216', '217', '219']
['419', '619']
['620', '621', '622', '623']
['21', '221', '20', '22', '220']
['222', '422', '420', '421', '423']
['23', '223']
['624', '625', '626']
['25', '425', '24', '26', '27', '424']
['226', '426', '224', '225', '227']
['427', '627']
['628', '629', '630', '631']
['29', '229', '28', '30', '228']
['230', '430', '428', '429', '431']
['31', '231']
['632', '633', '634']
['33', '433', '32', '34', '35', '432']
['234', '434', '232', '233', '235']
['435', '635']
['636', '637', '638', '639']
['37', '237', '36', '38', '236']
['238', '438', '436', '437', '439']
['39', '239']
['640', '641', '642']
['41', '441', '40', '42', '43', '440']
['242', '442', '240', '241', '243']
['443', '643']
['644', '645', '646', '647']
['45', '245', '44', '46', '244']
['246', '446', '444', '445', '447']
['47', '247']
['648', '649', '650']
['49', '449', '48', '50', '51', '448']
['250', '450', '248', '249', '251']
['451', '651']
['652', '653', '654', '655']
['53', '253', '52', '54', '252']
['254', '454', '452', '453', '455']
['55', '255']
['656', '657', '658']
['57', '457', '56', '58', '59', '456']
['258', '458', '256', '257', '259']
['459', '659']
['660', '661', '662', '663']
['61', '261', '60', '62', '260']
['262', '462', '460', '461', '463']
['63', '263']
['664', '665', '666']
['65', '465', '64', '66', '67', '464']
['266', '466', '264', '265', '267']
['467', '667']
['668', '669', '670', '671']
['69', '269', '68', '70', '268']
['270', '470', '468', '469', '471']
['71', '271']
['672', '673', '674']
['73', '473', '72', '74', '75', '472']
['274', '474', '272', '273', '275']
['475', '675']
['676', '677', '678', '679']
['77', '277', '76', '78', '276']
['278', '478', '476', '477', '479']
['79', '279']
['680', '681', '682']
['81', '481', '80', '82', '83', '480']
['282', '482', '280', '281', '283']
['483', '683']
['684', '685', '686', '687']
['85', '285', '84', '86', '284']
['286', '486', '484', '485', '487']
['87', '287']
['688', '689', '690']
['89', '489', '88', '90', '91', '488']
['290', '490', '288', '289', '291']
['491', '691']
['692', '693', '694', '695']
['93', '293', '92', '94', '292']
['294', '494', '492', '493', '495']
['95', '295']
['696', '697', '698']
['97', '497', '96', '98', '99', '496']
['298', '498', '296', '297', '299']
['499', '699']
['700', '701', '702', '703']
['101', '301', '100', '102', '300']
['302', '502', '500', '501', '503']
['103', '303']
['704', '705', '706']
['105', '505', '104', '106', '107', '504']
['306', '506', '304', '305', '307']
['507', '707']
['708', '709', '710', '711']
['109', '309', '108', '110', '308']
['310', '510', '508', '509', '511']
['111', '311']
['712', '713', '714']
['113', '513', '112', '114', '115', '512']
['314', '514', '312', '313', '315']
['515', '715']
['716', '717', '718', '719']
['117', '317', '116', '118', '316']
['318', '518', '516', '517', '519']
['119', '319']
['720', '721', '722']
['121', '521', '120', '122', '123', '520']
['322', '522', '320', '321', '323']
['523', '723']
['724', '725', '726', '727']
['125', '325', '124', '126', '324']
['326', '526', '524', '525', '527']
['127', '327']
['728', '729', '730']
['129', '529', '128', '130', '131', '528']
['330', '530', '328', '329', '331']
['531', '731']
['732', '733', '734', '735']
['133', '333', '132', '134', '332']
['334', '534', '532', '533', '535']
['135', '335']
['736', '737', '738']
['137', '537', '136', '138', '139', '536']
['338', '538', '336', '337', '339']
['539', '739']
['740', '741', '742', '743']
['141', '341', '140', '142', '340']
['342', '542', '540', '541', '543']
['143', '343']
['744', '745', '746']
['145', '545', '144', '146', '147', '544']
['346', '546', '344', '345', '347']
['547', '747']
['748', '749', '750', '751']
['149', '349', '148', '150', '348']
['350', '550', '548', '549', '551']
['151', '351']
['752', '753', '754']
['153', '553', '152', '154', '155', '552']
['354', '554', '352', '353', '355']
['555', '755']
['756', '757', '758', '759']
['157', '357', '156', '158', '356']
['358', '558', '556', '557', '559']
['159', '359']
['760', '761', '762']
['161', '561', '160', '162', '163', '560']
['362', '562', '360', '361', '363']
['563', '763']
['764', '765', '766', '767']
['165', '365', '164', '166', '364']
['366', '566', '564', '565', '567']
['167', '367']
['768', '769', '770']
['169', '569', '168', '170', '171', '568']
['370', '570', '368', '369', '371']
['571', '771']
['772', '773', '774', '775']
['173', '373', '172', '174', '372']
['374', '574', '572', '573', '575']
['175', '375']
['776', '777', '778']
['177', '577', '176', '178', '179', '576']
['378', '578', '376', '377', '379']
['579', '779']
['780', '781', '782', '783']
['181', '381', '180', '182', '380']
['382', '582', '580', '581', '583']
['183', '383']
['784', '785', '786']
['185', '585', '184', '186', '187', '584']
['386', '586', '384', '385', '387']
['587', '787']
['788', '789', '790', '791']
['189', '389', '188', '190', '388']
['390', '590', '588', '589', '591']
['191', '391']
['792', '793', '794']
['193', '593', '192', '194', '195', '592']
['394', '594', '392', '393', '395']
['595', '795']
['796', '797', '798', '799']
['197', '397', '196', '198', '396']
['398', '598', '596', '597', '599']
['199', '399']
