['0', '90', '120', '150', '210', '240', '270', '300', '360', '390', '420', '450', '480', '510', '540', '570', '600', '660', '720', '750', '780', '810', '840', '870', '900', '930', '22', '50', '54', '67', '106', '111', '113', '123', '128', '154', '185', '187', '197', '228', '258', '319', '328', '353', '394', '409', '666', '721']
['1', '31', '151', '181', '271', '421', '481', '541', '571', '601', '631', '661', '751', '781', '811', '901', '961', '991', '66', '99', '138', '158', '194', '202', '263', '311', '352', '366', '447', '605', '612', '624', '659']
['2', '32', '92', '212', '302', '332', '362', '392', '422', '452', '542', '572', '632', '662', '692', '722', '782', '842', '872', '902', '932', '992', '13', '121', '131', '148', '161', '166', '220', '221', '227', '232', '284', '535', '640', '732', '807', '914', '919', '975', '978']
['3', '63', '93', '183', '213', '243', '303', '333', '393', '423', '513', '543', '573', '603', '633', '663', '693', '723', '753', '783', '813', '843', '873', '903', '933', '963', '993', '42', '62', '88', '125', '146', '278', '375', '388', '425', '474', '517', '558', '625', '635']
['4', '184', '244', '274', '334', '364', '424', '484', '514', '574', '604', '634', '664', '694', '724', '754', '784', '814', '844', '874', '904', '934', '964', '994', '18', '163', '168', '211', '223', '374', '384', '828', '834', '882']
['5', '35', '155', '275', '365', '395', '485', '515', '665', '725', '785', '815', '845', '875', '935', '965', '995', '338', '476', '500', '582', '716', '819']
['6', '126', '216', '276', '306', '396', '426', '456', '486', '516', '546', '576', '756', '786', '816', '846', '876', '906', '936', '966', '34', '188', '215', '217', '298', '381', '501', '656']
['7', '307', '337', '427', '457', '577', '607', '757', '787', '817', '877', '907', '937', '967', '225', '442', '524', '550', '890']
['8', '38', '68', '248', '368', '398', '458', '488', '518', '548', '578', '608', '638', '668', '698', '728', '758', '818', '848', '878', '908', '938', '968', '998', '12', '70', '75', '79', '84', '119', '178', '193', '205', '327', '361', '367', '397', '404', '410', '419', '449', '479', '497', '526', '593', '677', '689', '709', '862', '894']
['39', '69', '129', '309', '339', '399', '429', '459', '489', '519', '609', '669', '699', '729', '759', '789', '849', '879', '909', '939', '969', '999', '59', '74', '86', '186', '234', '252', '325', '347', '348', '438', '454', '529', '554', '645', '770', '798', '895']
['100', '160', '190', '250', '340', '370', '400', '430', '580', '610', '670', '700', '760', '790', '850', '910', '940', '970', '45', '76', '94', '95', '97', '108', '145', '173', '219', '256', '277', '308', '342', '436', '464', '530', '686', '809', '867', '990']
['41', '401', '431', '461', '491', '521', '551', '581', '611', '641', '671', '701', '731', '761', '791', '821', '851', '881', '911', '941', '51', '56', '78', '98', '127', '189', '224', '286', '532', '695', '743', '880', '916']
['132', '162', '192', '222', '312', '372', '402', '462', '492', '552', '642', '702', '762', '792', '822', '852', '912', '942', '972', '23', '36', '107', '133', '204', '296', '434', '568', '678', '737', '748', '776', '949']
['253', '283', '343', '373', '403', '433', '463', '493', '523', '553', '583', '613', '643', '703', '763', '793', '823', '853', '883', '913', '943', '973', '11', '29', '52', '83', '238', '350', '522', '579', '606', '836', '839', '905', '997']
['14', '44', '254', '344', '494', '584', '644', '674', '704', '734', '764', '794', '824', '854', '884', '944', '974', '73', '122', '171', '241', '305', '376', '455', '490', '502', '528', '727']
['15', '135', '165', '195', '255', '285', '315', '435', '465', '495', '525', '555', '585', '615', '675', '705', '735', '795', '825', '855', '915', '945', '16', '89', '96', '273', '417', '527', '826']
['46', '196', '226', '316', '346', '466', '496', '556', '586', '646', '676', '706', '736', '766', '796', '856', '886', '946', '976', '20', '27', '72', '104', '143', '153', '172', '182', '214', '268', '280', '293', '299', '301', '310', '335', '460', '509', '561', '591', '614', '673', '711', '730', '733', '768', '871', '931']
['77', '137', '167', '287', '317', '407', '437', '467', '557', '617', '767', '797', '827', '857', '887', '917', '947', '977', '19', '57', '101', '314', '363', '369', '371', '391', '428', '477', '512', '544', '697']
['198', '288', '318', '378', '468', '498', '618', '648', '708', '738', '858', '888', '918', '948', '164', '208', '249', '597', '637', '647', '667', '800', '820', '847', '971']
['49', '139', '169', '199', '229', '259', '289', '349', '379', '439', '469', '499', '559', '589', '619', '649', '679', '739', '799', '829', '859', '889', '979', '9', '33', '48', '136', '180', '233', '266', '355', '483', '587', '691']
['80', '110', '140', '170', '200', '230', '260', '290', '320', '380', '440', '470', '590', '620', '650', '680', '710', '740', '830', '860', '920', '950', '980', '28', '40', '102', '156', '174', '191', '272', '331', '405', '443', '563', '602', '628', '690']
['21', '81', '141', '231', '261', '321', '351', '411', '441', '471', '531', '621', '651', '741', '771', '801', '831', '861', '891', '921', '951', '981', '10', '109', '117', '130', '245', '257', '313', '451', '627', '630', '718']
['82', '112', '262', '322', '382', '562', '592', '622', '652', '682', '712', '742', '772', '802', '832', '892', '922', '952', '982', '251', '281', '356', '377', '406', '545', '588', '639', '713', '960']
['53', '323', '413', '473', '503', '533', '623', '653', '683', '773', '803', '833', '863', '893', '923', '953', '983', '105', '567', '996']
['24', '114', '144', '264', '294', '324', '414', '444', '504', '534', '564', '594', '654', '684', '714', '744', '774', '804', '864', '954', '984', '17', '37', '64', '71', '124', '203', '218', '242', '247', '279', '304', '408', '472', '681', '726', '755', '841']
['25', '55', '85', '115', '175', '235', '265', '295', '415', '445', '475', '505', '565', '595', '655', '685', '715', '745', '775', '805', '835', '865', '925', '955', '985', '26', '30', '47', '65', '134', '152', '159', '207', '246', '267', '291', '292', '336', '345', '412', '453', '520', '575', '636', '696', '707', '765', '788', '962']
['116', '176', '206', '236', '326', '386', '416', '446', '506', '536', '566', '596', '626', '746', '806', '896', '926', '956', '157', '201', '383', '387', '432', '511', '616', '672', '752']
['87', '147', '177', '237', '297', '357', '537', '657', '687', '717', '747', '777', '837', '897', '927', '957', '987', '43', '60', '61', '103', '282', '330', '478', '482', '487', '549', '812', '924', '986']
['58', '118', '358', '418', '448', '508', '538', '598', '658', '778', '808', '838', '868', '898', '928', '958', '988', '91', '385', '560', '866']
['149', '179', '209', '239', '269', '329', '359', '389', '539', '569', '599', '629', '719', '749', '779', '869', '899', '929', '959', '989', '142', '341', '354', '507', '547', '688', '769', '885']
