['30', '60', '90', '150', '180', '210', '270', '300', '330', '360', '390', '420', '450', '480', '540', '570', '600', '630', '660', '690', '720', '750', '780', '810', '840', '870', '900', '930', '960', '990', '11', '16', '218', '261', '794']
['61', '91', '121', '151', '181', '211', '301', '331', '361', '391', '421', '451', '481', '511', '541', '571', '631', '661', '691', '751', '781', '811', '841', '871', '901', '931', '961', '991', '22', '77', '78', '246', '289', '693', '761']
['32', '122', '152', '182', '212', '242', '272', '302', '332', '362', '392', '422', '452', '482', '512', '542', '572', '602', '632', '662', '692', '722', '752', '812', '842', '872', '902', '962', '992', '14', '79', '95', '141', '790']
['93', '183', '243', '273', '333', '363', '393', '423', '483', '513', '543', '573', '603', '633', '663', '723', '753', '783', '813', '843', '873', '903', '933', '963', '993', '13', '17', '44', '113', '133', '184', '274', '443', '475']
['34', '124', '154', '214', '304', '334', '364', '394', '424', '454', '514', '544', '574', '604', '664', '694', '724', '754', '784', '814', '844', '874', '904', '934', '994', '21', '25', '106', '146', '248', '400', '438', '782']
['125', '155', '215', '275', '335', '365', '425', '455', '485', '515', '545', '575', '605', '635', '665', '695', '725', '755', '785', '815', '845', '905', '935', '965', '995', '10', '57', '62', '96', '148', '247', '797', '806']
['36', '66', '126', '186', '216', '306', '336', '366', '396', '426', '456', '486', '516', '546', '576', '606', '636', '696', '726', '756', '786', '816', '846', '876', '906', '936', '966', '996', '2', '9', '115', '223', '322']
['67', '97', '157', '187', '217', '277', '307', '367', '397', '427', '457', '487', '517', '547', '577', '607', '637', '667', '697', '727', '757', '787', '817', '847', '877', '907', '937', '967', '997', '18', '92', '94', '134', '269', '984']
['38', '128', '188', '278', '308', '398', '428', '458', '488', '518', '548', '578', '608', '638', '668', '698', '728', '758', '788', '818', '848', '878', '908', '938', '968', '998', '31', '33', '159', '224', '228', '355', '714', '767', '964']
['39', '99', '129', '189', '249', '309', '339', '369', '399', '429', '459', '489', '519', '549', '579', '609', '639', '669', '699', '729', '759', '819', '849', '879', '939', '969', '999', '98', '143', '160', '230', '254', '368', '987']
['130', '190', '220', '250', '280', '310', '340', '370', '430', '460', '490', '520', '550', '580', '610', '640', '670', '700', '730', '760', '820', '850', '910', '940', '970', '0', '24', '37', '63', '185', '202', '417', '504']
['41', '71', '101', '131', '161', '191', '221', '281', '311', '341', '371', '401', '431', '461', '491', '521', '551', '581', '611', '641', '671', '731', '791', '821', '851', '881', '911', '941', '971', '40', '162', '165', '506']
['42', '72', '102', '132', '222', '252', '282', '312', '342', '372', '402', '432', '462', '492', '522', '552', '582', '612', '672', '702', '732', '762', '792', '822', '852', '882', '912', '942', '972', '6', '23', '47', '179', '198']
['43', '103', '163', '253', '283', '313', '343', '373', '403', '433', '463', '493', '523', '553', '583', '613', '643', '673', '703', '733', '763', '793', '823', '853', '883', '913', '943', '973', '153', '318', '681', '705', '920']
['164', '194', '284', '314', '344', '374', '404', '434', '464', '494', '524', '554', '584', '614', '644', '674', '704', '734', '764', '824', '854', '884', '914', '944', '974', '1', '26', '50', '156', '238', '240', '294', '601', '625', '932']
['15', '75', '135', '195', '225', '255', '285', '315', '375', '405', '435', '465', '495', '525', '555', '585', '615', '645', '675', '735', '765', '795', '825', '855', '885', '915', '945', '975', '76', '100', '305', '447', '721']
['46', '136', '166', '196', '226', '256', '286', '316', '346', '376', '406', '436', '466', '496', '526', '556', '586', '616', '646', '676', '706', '736', '766', '796', '856', '886', '916', '946', '976', '29', '69', '84', '127', '219', '875']
['107', '167', '227', '257', '287', '317', '347', '377', '407', '437', '467', '497', '527', '557', '587', '617', '677', '707', '737', '827', '857', '887', '917', '947', '977', '12', '241', '510']
['48', '108', '138', '168', '258', '288', '348', '378', '408', '468', '498', '528', '558', '588', '618', '648', '678', '708', '738', '768', '798', '828', '858', '888', '918', '948', '978', '52', '337']
['19', '49', '109', '139', '169', '199', '229', '259', '349', '379', '409', '439', '469', '499', '529', '559', '589', '619', '649', '679', '709', '739', '769', '799', '829', '859', '889', '919', '949', '979', '3', '51', '231', '395']
['80', '110', '140', '200', '260', '290', '320', '350', '410', '440', '470', '500', '530', '560', '590', '620', '650', '680', '710', '740', '770', '800', '830', '860', '890', '950', '980', '65', '484', '653', '701']
['81', '171', '201', '291', '321', '381', '411', '441', '471', '501', '531', '561', '591', '621', '651', '711', '741', '771', '801', '831', '861', '891', '921', '951', '981', '8', '45', '54', '59', '119', '142', '303', '380', '642']
['82', '112', '172', '232', '262', '292', '352', '382', '412', '442', '472', '502', '532', '562', '592', '622', '652', '682', '712', '742', '772', '802', '832', '862', '892', '922', '952', '982', '104', '105', '345', '351', '634', '685']
['53', '83', '173', '203', '233', '263', '293', '323', '353', '383', '413', '473', '503', '533', '563', '593', '623', '683', '713', '743', '773', '803', '833', '863', '893', '923', '953', '983', '4', '35', '87', '118', '245', '453', '777']
['114', '144', '174', '204', '234', '264', '324', '354', '384', '414', '444', '474', '534', '564', '594', '624', '654', '684', '744', '774', '804', '834', '864', '894', '924', '954', '5', '111', '120', '123', '338', '647', '666', '880']
['55', '85', '145', '175', '205', '235', '265', '295', '325', '385', '415', '445', '505', '535', '565', '595', '655', '715', '745', '775', '805', '835', '865', '895', '925', '955', '985', '20', '193', '271']
['56', '86', '116', '176', '206', '236', '266', '296', '326', '356', '386', '416', '446', '476', '536', '566', '596', '626', '656', '686', '716', '746', '776', '836', '866', '896', '926', '956', '986', '28', '58', '64', '158']
['27', '117', '147', '177', '237', '267', '297', '327', '357', '387', '477', '507', '537', '567', '597', '627', '657', '687', '717', '747', '807', '837', '867', '897', '927', '957', '7', '137', '192', '244', '251', '629', '909']
['88', '178', '208', '268', '298', '328', '358', '388', '418', '448', '478', '508', '538', '568', '598', '628', '658', '688', '718', '748', '778', '808', '838', '868', '898', '928', '958', '988', '68', '73', '74', '89', '197', '213', '276']
['149', '209', '239', '299', '329', '359', '389', '419', '449', '479', '509', '539', '569', '599', '659', '689', '719', '749', '779', '809', '839', '869', '899', '929', '959', '989', '70', '170', '207', '279', '319', '789', '826']
