['1', '167', '498', '2', '3', '4', '5', '6', '7', '8', '9', '10', '11', '12', '13', '14', '15', '16', '17', '18', '19', '20', '21', '22', '23', '24', '25', '26', '27', '28', '29', '30', '31', '32', '33', '34', '35', '36', '37', '38', '39', '40', '41', '42', '43', '44', '45', '46', '47', '48', '49', '50', '51', '52', '53', '54', '55', '56', '57', '58', '59', '60', '61', '62', '63', '64', '65', '66', '67', '68', '69', '70', '71', '72', '73', '74', '75', '76', '77', '78', '79', '80', '81', '82', '83', '84', '85', '86', '87', '88', '89', '90', '91', '92', '93', '94', '95', '96', '97', '98', '99', '100', '101', '102', '103', '104', '105', '106', '107', '108', '109', '110', '111', '112', '113', '114', '115', '116', '117', '118', '119', '120', '121', '122', '123', '124', '125', '126', '127', '128', '129', '130', '131', '132', '133', '134', '135', '136', '137', '138', '139', '140', '141', '142', '143', '144', '145', '146', '147', '148', '149', '150', '151', '152', '153', '154', '155', '156', '157', '158', '159', '160', '161', '162', '163', '164', '165', '166', '168']
['9833', '9668', '9502', '9501', '9667']
['333']
['9998', '9832', '9999']
['334']
['9997', '499', '9666']
['169']
['9996']
['336', '335', '337']
['9995', '9830', '9664', '9831', '9829', '9665', '9663']
['171', '170', '172']
['9994']
['338']
['9993', '9828', '9662']
['173']
['9992']
['340', '339', '341']
['9991', '9826', '9660', '9827', '9825', '9661', '9659']
['175', '174', '176']
['9990']
['342']
['9989', '9824', '9658']
['177']
['9988']
['344', '343', '345']
['9987', '9822', '9656', '9823', '9821', '9657', '9655']
['179', '178', '180']
['9986']
['346']
['9985', '9820', '9654']
['181']
['9984']
['348', '347', '349']
['9983', '9818', '9652', '9819', '9817', '9653', '9651']
['183', '182', '184']
['9982']
['350']
['9981', '9816', '9650']
['185']
['9980']
['352', '351', '353']
['9979', '9814', '9648', '9815', '9813', '9649', '9647']
['187', '186', '188']
['9978']
['354']
['9977', '9812', '9646']
['189']
['9976']
['356', '355', '357']
['9975', '9810', '9644', '9811', '9809', '9645', '9643']
['191', '190', '192']
['9974']
['358']
['9973', '9808', '9642']
['193']
['9972']
['360', '359', '361']
['9971', '9806', '9640', '9807', '9805', '9641', '9639']
['195', '194', '196']
['9970']
['362']
['9969', '9804', '9638']
['197']
['9968']
['364', '363', '365']
['9967', '9802', '9636', '9803', '9801', '9637', '9635']
['199', '198', '200']
['9966']
['366']
['9965', '9800', '9634']
['201']
['9964']
['368', '367', '369']
['9963', '9798', '9632', '9799', '9797', '9633', '9631']
['203', '202', '204']
['9962']
['370']
['9961', '9796', '9630']
['205']
['9960']
['372', '371', '373']
['9959', '9794', '9628', '9795', '9793', '9629', '9627']
['207', '206', '208']
['9958']
['374']
['9957', '9792', '9626']
['209']
['9956']
['376', '375', '377']
['9955', '9790', '9624', '9791', '9789', '9625', '9623']
['211', '210', '212']
['9954']
['378']
['9953', '9788', '9622']
['213']
['9952']
['380', '379', '381']
['9951', '9786', '9620', '9787', '9785', '9621', '9619']
['215', '214', '216']
['9950']
['382']
['9949', '9784', '9618']
['217']
['9948']
['384', '383', '385']
['9947', '9782', '9616', '9783', '9781', '9617', '9615']
['219', '218', '220']
['9946']
['386']
['9945', '9780', '9614']
['221']
['9944']
['388', '387', '389']
['9943', '9778', '9612', '9779', '9777', '9613', '9611']
['223', '222', '224']
['9942']
['390']
['9941', '9776', '9610']
['225']
['9940']
['392', '391', '393']
['9939', '9774', '9608', '9775', '9773', '9609', '9607']
['227', '226', '228']
['9938']
['394']
['9937', '9772', '9606']
['229']
['9936']
['396', '395', '397']
['9935', '9770', '9604', '9771', '9769', '9605', '9603']
['231', '230', '232']
['9934']
['398']
['9933', '9768', '9602']
['233']
['9932']
['400', '399', '401']
['9931', '9766', '9600', '9767', '9765', '9601', '9599']
['235', '234', '236']
['9930']
['402']
['9929', '9764', '9598']
['237']
['9928']
['404', '403', '405']
['9927', '9762', '9596', '9763', '9761', '9597', '9595']
['239', '238', '240']
['9926']
['406']
['9925', '9760', '9594']
['241']
['9924']
['408', '407', '409']
['9923', '9758', '9592', '9759', '9757', '9593', '9591']
['243', '242', '244']
['9922']
['410']
['9921', '9756', '9590']
['245']
['9920']
['412', '411', '413']
['9919', '9754', '9588', '9755', '9753', '9589', '9587']
['247', '246', '248']
['9918']
['414']
['9917', '9752', '9586']
['249']
['9916']
['416', '415', '417']
['9915', '9750', '9584', '9751', '9749', '9585', '9583']
['251', '250', '252']
['9914']
['418']
['9913', '9748', '9582']
['253']
['9912']
['420', '419', '421']
['9911', '9746', '9580', '9747', '9745', '9581', '9579']
['255', '254', '256']
['9910']
['422']
['9909', '9744', '9578']
['257']
['9908']
['424', '423', '425']
['9907', '9742', '9576', '9743', '9741', '9577', '9575']
['259', '258', '260']
['9906']
['426']
['9905', '9740', '9574']
['261']
['9904']
['428', '427', '429']
['9903', '9738', '9572', '9739', '9737', '9573', '9571']
['263', '262', '264']
['9902']
['430']
['9901', '9736', '9570']
['265']
['9900']
['432', '431', '433']
['9899', '9734', '9568', '9735', '9733', '9569', '9567']
['267', '266', '268']
['9898']
['434']
['9897', '9732', '9566']
['269']
['9896']
['436', '435', '437']
['9895', '9730', '9564', '9731', '9729', '9565', '9563']
['271', '270', '272']
['9894']
['438']
['9893', '9728', '9562']
['273']
['9892']
['440', '439', '441']
['9891', '9726', '9560', '9727', '9725', '9561', '9559']
['275', '274', '276']
['9890']
['442']
['9889', '9724', '9558']
['277']
['9888']
['444', '443', '445']
['9887', '9722', '9556', '9723', '9721', '9557', '9555']
['279', '278', '280']
['9886']
['446']
['9885', '9720', '9554']
['281']
['9884']
['448', '447', '449']
['9883', '9718', '9552', '9719', '9717', '9553', '9551']
['283', '282', '284']
['9882']
['450']
['9881', '9716', '9550']
['285']
['9880']
['452', '451', '453']
['9879', '9714', '9548', '9715', '9713', '9549', '9547']
['287', '286', '288']
['9878']
['454']
['9877', '9712', '9546']
['289']
['9876']
['456', '455', '457']
['9875', '9710', '9544', '9711', '9709', '9545', '9543']
['291', '290', '292']
['9874']
['458']
['9873', '9708', '9542']
['293']
['9872']
['460', '459', '461']
['9871', '9706', '9540', '9707', '9705', '9541', '9539']
['295', '294', '296']
['9870']
['462']
['9869', '9704', '9538']
['297']
['9868']
['464', '463', '465']
['9867', '9702', '9536', '9703', '9701', '9537', '9535']
['299', '298', '300']
['9866']
['466']
['9865', '9700', '9534']
['301']
['9864']
['468', '467', '469']
['9863', '9698', '9532', '9699', '9697', '9533', '9531']
['303', '302', '304']
['9862']
['470']
['9861', '9696', '9530']
['305']
['9860']
['472', '471', '473']
['9859', '9694', '9528', '9695', '9693', '9529', '9527']
['307', '306', '308']
['9858']
['474']
['9857', '9692', '9526']
['309']
['9856']
['476', '475', '477']
['9855', '9690', '9524', '9691', '9689', '9525', '9523']
['311', '310', '312']
['9854']
['478']
['9853', '9688', '9522']
['313']
['9852']
['480', '479', '481']
['9851', '9686', '9520', '9687', '9685', '9521', '9519']
['315', '314', '316']
['9850']
['482']
['9849', '9684', '9518']
['317']
['9848']
['484', '483', '485']
['9847', '9682', '9516', '9683', '9681', '9517', '9515']
['319', '318', '320']
['9846']
['486']
['9845', '9680', '9514']
['321']
['9844']
['488', '487', '489']
['9843', '9678', '9512', '9679', '9677', '9513', '9511']
['323', '322', '324']
['9842']
['490']
['9841', '9676', '9510']
['325']
['9840']
['492', '491', '493']
['9839', '9674', '9508', '9675', '9673', '9509', '9507']
['327', '326', '328']
['9838']
['494']
['9837', '9672', '9506']
['329']
['9836']
['496', '495', '497']
['9835', '9670', '9504', '9671', '9669', '9505', '9503']
['331', '330', '332']
['9834']
