['838', '643', '430', '758', '323', '503', '657', '732', '406', '766', '263', '267', '798', '628', '175', '222', '851', '595', '403', '513', '73', '39', '46', '504', '605']
['448', '383', '580', '370', '672', '778', '329', '462', '316', '264', '199', '748', '220', '159', '604', '277', '692', '631', '833', '887', '668', '149', '537', '700', '409', '424', '380']
['261', '704', '720', '198', '618', '650', '855', '561', '145', '754', '319', '170', '241', '615', '20', '80', '663', '54', '771', '305', '744', '829', '677', '328', '363']
['205', '225', '587', '1', '831', '137', '802', '824', '410', '5', '800', '236', '623', '324', '772', '379', '794', '272', '740', '109', '297', '480', '252', '208', '153', '446']
['121', '320', '865', '752', '336', '467', '488', '594', '624', '394', '237', '727', '79', '100', '356', '176', '621', '21', '447', '190', '641', '825']
['43', '266', '878', '362', '181', '23', '55', '444', '127', '795', '853', '622', '683', '354', '312', '661', '194', '256', '870', '326', '352', '600', '132', '626', '680', '397', '83']
['583', '154', '609', '299', '240', '106', '551', '61', '475', '721', '89', '257', '71', '138', '453', '578', '347', '718', '576', '716', '799', '836', '196', '505', '230', '479']
['807', '477', '28', '797', '646', '81', '224', '64', '57', '566', '422', '536', '333', '327', '278', '382', '172', '35', '705', '25', '437', '113', '849', '387', '192', '187', '390']
['547', '65', '309', '221', '296', '166', '557', '242', '284', '787', '517', '285', '420', '629', '688', '42', '189', '217', '151', '8', '442', '662', '664', '49', '223', '214']
['401', '163', '703', '140', '47', '682', '125', '630', '307', '412', '815', '510', '881', '801', '364', '534', '44', '130', '426', '712', '530', '265', '765', '126', '620', '539', '2']
['846', '357', '56', '792', '696', '147', '150', '871', '171', '634', '103', '206', '118', '710', '468', '432', '805', '519', '179', '96', '344', '440', '750', '124', '59', '229', '173']
['582', '719', '777', '742', '235', '498', '158', '737', '670', '306', '709', '471', '348', '770', '239', '184', '706', '203', '385', '729', '762', '342', '613', '13', '294', '602', '891']
['314', '53', '773', '26', '6', '58', '495', '195', '739', '763', '283', '182', '414', '848', '769', '569', '449', '764', '515', '820', '308', '830']
['813', '785', '331', '247', '695', '433', '731', '491', '98', '756', '361', '675', '457', '116', '761', '120', '339', '123', '204', '877', '484', '549', '274', '146', '649', '483', '608']
['860', '40', '368', '678', '469', '441', '84', '411', '228', '371', '625', '516', '19', '389', '33', '607', '590', '676', '341', '647', '70', '365', '38', '7', '374', '847', '234']
['724', '726', '24', '310', '879', '72', '861', '553', '728', '280', '298', '899', '11', '575', '88', '92', '37', '454', '429', '844', '781', '556', '499', '522', '30', '152']
['645', '658', '470', '640', '793', '698', '0', '4', '157', '360', '735', '883', '835', '822', '506', '768', '520', '796', '715', '512', '612', '41', '894', '186', '107', '614', '574']
['466', '736', '841', '168', '565', '52', '459', '858', '246', '135', '548', '377', '828', '494', '455', '814', '110', '880', '18', '538', '450', '478', '90', '93', '487', '156', '63']
['32', '550', '804', '212', '862', '345', '507', '563', '349', '262', '369', '857', '423', '544', '238', '863', '29', '656', '353', '16', '707', '845', '596', '51', '882', '827', '525']
['193', '701', '287', '435', '511', '886', '216', '747', '636', '78', '809', '644', '743', '439', '518', '45', '611', '490', '104', '874', '117', '667', '188', '376', '803', '755', '481']
['542', '300', '514', '757', '255', '893', '443', '338', '3', '571', '873', '66', '191', '74', '642', '332', '598', '474', '351', '215', '381', '291', '458', '606', '161', '304', '85']
['783', '301', '776', '586', '492', '82', '292', '834', '591', '653', '528', '209', '129', '472', '496', '91', '438', '95', '691', '655', '311', '810', '593', '373', '355', '725']
['856', '788', '460', '601', '779', '463', '749', '627', '616', '114', '560', '276', '94', '391', '741', '133', '290', '875', '399', '334', '384', '674', '859', '665']
['509', '666', '738', '99', '428', '392', '303', '681', '148', '579', '417', '372', '419', '784', '427', '251', '648', '686', '10', '790', '398', '177', '895', '890', '564', '722', '402']
['597', '898', '343', '832', '532', '425', '273', '555', '531', '535', '570', '697', '105', '244', '501', '543', '330', '210', '619', '866', '540', '876', '219', '546', '180', '660', '27']
['318', '854', '588', '101', '806', '818', '632', '782', '201', '486', '746', '408', '346', '183', '896', '708', '254', '395', '286', '249', '350', '702', '202', '36']
['464', '131', '68', '753', '279', '375', '508', '259', '451', '884', '269', '258', '635', '415', '473', '639', '864', '393', '48', '253', '699', '144', '178', '545', '445', '77', '293']
['554', '687', '485', '711', '671', '888', '250', '233', '791', '405', '659', '603', '102', '812', '218', '452', '200', '811', '526', '573', '167', '493', '654']
['165', '816', '500', '651', '282', '617', '231', '734', '610', '714', '337', '638', '281', '652', '119', '839', '759', '751', '62', '321', '75', '155', '633', '842', '673']
['67', '396', '867', '780', '302', '388', '786', '885', '359', '577', '87', '76', '271', '872', '134', '823', '775', '693', '541', '502', '227', '559', '599', '745']
['581', '760', '418', '141', '552', '669', '34', '317', '366', '128', '270', '892', '139', '358', '431', '869', '533', '850', '723', '400', '476', '260', '86', '456']
['524', '774', '461', '529', '572', '685', '340', '288', '185', '690', '322', '416', '897', '378', '482', '592', '160', '717', '852', '386', '767', '12', '122', '817', '112']
['407', '684', '567', '434', '789', '143', '637', '243', '174', '527', '162', '584', '523', '248', '60', '843', '679', '211', '268', '315', '197', '413', '367', '232', '142', '585', '226']
['15', '207', '868', '521', '111', '421', '568', '213', '22', '589', '169', '313', '17', '115', '689', '295', '821', '733', '730', '562', '819', '97', '275', '69']
['436', '14', '489', '837', '9', '335', '136', '840', '465', '289', '325', '108', '558', '694', '808', '404', '713', '497', '826', '50', '245', '31', '889', '164']
