['D', 'RTUH', 'BJ', 'VOL', 'LZ', 'BCGPM', 'DQMGX', 'RHAL', 'WPDQ', 'KSCJXB', 'BXF', 'CKURLE', 'RZ', 'XQHYLY', 'XJJEMP']
['LVYEPG', 'IQYALQ', 'RADV', 'CPNN', 'JMIRVA', 'VXJA', 'NHEI', 'GB', 'UGGRSF', 'AI', 'WAQUK', 'LE', 'HTRKVL', 'YP', 'PUQPLP']
['IPXF', 'HLPIZ', 'ICKR', 'NQI', 'DOKHQP', 'QX', 'JTVA', 'FLBKSA', 'QIDDC', 'CRAMW', 'FCN', 'ZBC', 'PTYEFH', 'FT', 'HRYBTQ']
['LZPU', 'DKX', 'SZF', 'SH', 'QYGM', 'VQJV', 'GNJXZM', 'NEDR', 'PJS', 'DKI', 'IWQ', 'RIU', 'MLIFD', 'PGTGW', 'PK']
['JGYAV', 'GPWG', 'QT', 'PXOAD', 'NQJUT', 'DPAMFD', 'VEW', 'BOBVEH', 'LHQ', 'BKLUQD', 'SZFE', 'WZVLIU', 'RZWBQ', 'GKSLPF', 'DXIM']
['TD', 'TQEPA', 'XFQCI', 'CYLS', 'MOH', 'BORKE', 'RBTT', 'CQW', 'CXDWFJ', 'UW', 'WA', 'MSY', 'FCH', 'ULYZYS', 'QC']
['OVHY', 'DU', 'NPUTDO', 'JMFXDQ', 'XIS', 'CPXCN', 'FJH', 'ZARFVS', 'XNLRP', 'OHDZ', 'WEFEWV', 'KVDQKA', 'WFFDC', 'EUR', 'MYPZSE']
['WS', 'EL', 'FCW', 'FZVER', 'PPQKM', 'RHVNLM', 'KKVM', 'JS', 'CKOO', 'BY', 'UFMJ', 'TOMX', 'DEUZ', 'HW']
['U', 'A', 'GBTCV', 'FLESMK', 'BDL', 'XOKO', 'VJR', 'KI', 'FVXRX', 'SBHVUO', 'IH', 'DZP', 'KDH']
['LAMQM', 'EV', 'LH', 'RHNSE', 'MIKOWM', 'JAJQTK', 'UFMNWB', 'HGHPUD', 'EBKGGP', 'CZD', 'HER', 'LQJKLH', 'AGOVWE', 'OQV', 'HM']
['KXHCD', 'UO', 'LRGJ', 'CTGL', 'XRNUJH', 'SMN', 'QQ', 'PZKMIY', 'HCDN', 'NU', 'KKUPUT', 'JITAE', 'LXM']
['G', 'QMIC', 'QZTMV', 'NIA', 'JRTSXL', 'ICUXOW', 'TTZDM', 'NVM']
['BZKQ', 'QPDEUN', 'O', 'VOGY', 'RWELAF', 'YEXGF', 'HKCG', 'WCQSF', 'DMJP', 'MAUNXC', 'EXDJ', 'TBEQ', 'DZR', 'MKF']
['RXFUJH', 'TINNN', 'CLG', 'FAXUT', 'LXXMN', 'BLOKFF', 'GQIBEQ', 'TP', 'WBEJA', 'AVF', 'HECKTM', 'PT', 'HMVYIB', 'VI', 'HXUAA']
['I', 'VVN', 'Q', 'FCWKK', 'AO', 'TOAIW', 'FOCO', 'RAUQ', 'FEEIF', 'HPV', 'VPFW', 'HUJ', 'NKPG', 'QAZ']
['AOTR', 'M', 'RJMGB', 'DVL', 'ICJDE', 'OA', 'VHIY', 'PXBVWP', 'AWZMMA', 'WFKJ', 'GO']
['TAJ', 'IBDD', 'QLZ', 'ZGJOG', 'ROD', 'ULPW', 'OPKCPI', 'IWH', 'NOU', 'DVFGAY', 'UGO']
['ZHF', 'KP', 'EMOM', 'GBPB', 'CT', 'YUBU', 'WQ', 'JVN', 'OFZMDV', 'ESBBD', 'WVEMBG']
['WISR', 'NCRT', 'AJ', 'RF', 'NHJIA', 'XAQK', 'MZPJ', 'NWVC', 'RLS', 'DZNGGC', 'JKLZC', 'WT', 'FQII']
['P', 'ZL', 'RFEVG', 'VFJKMK', 'MQR', 'HSU', 'KPA', 'EOQ', 'CUU', 'BKZKQI', 'YDH']
['CTL', 'WNFWJ', 'E', 'RNIWL', 'RCWK', 'ZDWUDN', 'LBEOZ', 'AIGG', 'WEF']
['BS', 'LQYYG', 'JBM', 'WQWBQ', 'YOIOT']
['CR', 'GLP', 'XCPN', 'KPXECX', 'YT', 'XL']
['XFV', 'YHEOEP', 'NTRWJU', 'LXDDV', 'GRXI', 'TI', 'AMED']
['CDCD', 'IM', 'VH', 'BF', 'PB', 'WFOM']
['LWSFT', 'LKF', 'LGOO', 'OV', 'TFJ', 'CKYAWJ', 'HGHXB', 'TKJ']
['CBVM', 'ERELJJ', 'SBNMRS', 'GG', 'DYKA', 'VX']
['L', 'GLPFDA', 'HKLSE', 'GUIET', 'JKC', 'NQ', 'DDUKO', 'XMKVC']
['FJMOCR', 'NHQ', 'YTL', 'KUDND', 'KXJ', 'NAUX', 'UWHOPP', 'OBS', 'XIEKUP']
['LJSQVB', 'CA', 'DIEGC', 'ARNUC', 'ZP', 'ZRXM', 'UPPN']
['GXXJLE', 'BEZW', 'QF', 'GPMB', 'JVVDT', 'KJTB', 'OFNJXS', 'ZLY', 'HSY']
['DLOP', 'CFQ', 'UK', 'FO', 'CXD', 'SHCKZ', 'ZD', 'QZDE', 'LKZT', 'QRGJVT', 'RWCHAF']
['ZGYY', 'RGFRV', 'KEJ', 'ZNII', 'MFYA', 'QHO', 'KS', 'JC', 'VVEY', 'POG', 'KVF', 'HWH', 'IBEEG', 'PF']
['GZ', 'GTETE', 'ACE', 'RYSJ', 'WBBL', 'RGF', 'RFWFI', 'IUBB', 'LNLI', 'HULCO', 'JYDE', 'GAH', 'DO', 'MGQVC']
['MMKT', 'TVXIJP', 'IZXY', 'VOP', 'VK', 'WJZU', 'OJLH', 'FB', 'JJV', 'QQXOE', 'LJLWU', 'HMEAT', 'QEP', 'FSTSU', 'MN']
['CZWTSV', 'KL', 'EXOVOE', 'HSWC', 'XRQVFG', 'OITV', 'JZ', 'ZWFX', 'LZKJ', 'EC', 'HYUOM', 'TRNWAE', 'YMYLNP', 'NRKXSF', 'RQXZE']
['ZCVW', 'BDICG', 'LI', 'VZ', 'HF', 'HL', 'MPPDAX', 'BSB', 'PCHZW', 'QCK', 'HEJ', 'JRW', 'ABMO', 'KABWQD', 'QUBT']
['FN', 'IPE', 'Y', 'OMBK', 'NLV', 'PSCUQN', 'MM', 'NYNO', 'BICTN', 'ABZOZ', 'NJIWI', 'AQGY', 'BSE', 'WGA']
['TTVR', 'WI', 'LVJVBN', 'KEK', 'EOGRE', 'GZV', 'RC', 'DRW', 'UFLGMK', 'FC', 'GGML', 'QCFSUQ', 'JJGZ', 'CKB']
['PMDRY', 'RKAMR', 'JNTSGE', 'JD', 'OTIA', 'SUEY', 'LO', 'NCCM', 'UESLBT', 'KGLX', 'EWYNI', 'ER', 'ZLQ', 'PIUU', 'RBQF']
['UV', 'F', 'SADF', 'SKGAW', 'ILGXAY', 'FAP', 'UEATF', 'FQ', 'FTVSYI', 'SW', 'UCIREG', 'MG', 'CXLN', 'NODUO', 'UXB']
['BFI', 'AKXN', 'BVI', 'KUUHYV', 'GVFC', 'NTH', 'WQIFJ', 'RMP', 'XUY', 'JFI', 'UHN', 'EIX', 'QICRNV', 'DJXQQ', 'SVP']
['XR', 'CRE', 'K', 'QBNQF', 'BDIDDO', 'URWYI', 'YZLB', 'DAC', 'FS', 'TC']
['HGM', 'HUR', 'MTW', 'OKZF', 'DZW', 'OJQR', 'NUV', 'NUZTJO', 'UKG', 'RY', 'LVN', 'IDWS', 'SDHQOO']
['LXW', 'KFVRBD', 'MDP', 'MKFH', 'IYO', 'CDV', 'PLPJX', 'GKT', 'FVCVM', 'OQ', 'DT', 'DJXGWY']
['PHHGS', 'UAAFO', 'ICM', 'YSEKHP', 'TE', 'MPPY', 'TKFJR', 'RRYFB', 'BFHD', 'PUQKP', 'NCIN', 'VS', 'AWQ']
['CVPVRF', 'MK', 'BBSCG', 'YCNGLS', 'ZA', 'NY', 'FH', 'QWEEI', 'CWI', 'OFD', 'HBYUH', 'CVF', 'XMMF']
['MHJBHM', 'OFHA', 'JU', 'FOSFP', 'ATAU', 'UIRH', 'JXCGEA', 'JW', 'MQTP', 'OKCPU', 'NMY', 'RDINYY', 'GNWAP', 'VXYYL']
['R', 'RBLO', 'S', 'QNVTV', 'ALJ', 'FSM', 'UFQNFV', 'KOXT', 'DYYT', 'MURSB']
['DMHKJ', 'KXVNLD', 'BIYQCY', 'AFHY', 'TIZXQE', 'ZQ', 'DM', 'WHFW']
['LUKE', 'X', 'MIHSET', 'RAVJ', 'TZIH', 'JBA', 'ME', 'JFPTF', 'ZTNOH']
['T', 'DBW', 'ZUF', 'MTNV', 'TNO', 'AXNTN', 'LIHCRY']
['N', 'QDB', 'NFL', 'AV', 'SQV', 'JHQXV', 'HNPX', 'TTPWLF', 'NQQ', 'HQ', 'YHO', 'RJVOA', 'YQGH', 'CNB', 'SHLGE']
['PNMTS', 'JFE', 'LWEHAN', 'UTXY', 'PDBQ', 'UXZEDF', 'BUYVB', 'AEZJPF', 'XAXTZP']
['FVEOMN', 'DKAUX', 'ZDKDHY', 'ITZFQK', 'CBM', 'BUNPYK', 'ORL', 'DKC', 'OE', 'QWMUG', 'WSQU']
['WRIRHZ', 'XQQ', 'C', 'XDFYNF', 'XNHKML', 'JPZI', 'WKNO', 'ZGFEU', 'WX', 'ZSC', 'ST', 'CITH']
['SIUEM', 'UP', 'XM', 'B', 'HII', 'ZGA', 'PKCSI', 'OPUZ', 'VCMPPU', 'MDQR', 'SWGOR']
['PXTMN', 'XB', 'SU', 'NYAVP', 'ZS', 'QFNZYJ', 'XW', 'VPL', 'ZZCMBG', 'HEWHYE']
['MIE', 'CRBE', 'IKL', 'ALJGX', 'ZIG', 'MULG', 'KQB', 'VWT', 'UFQ', 'NJTTL', 'HD', 'QLL']
['PKI', 'GU', 'XAQJC', 'CTLR', 'QSRGJZ', 'FRRXC', 'EUPZ', 'IFRVB', 'HZQ', 'NXRYEZ', 'JALH', 'AHEG']
['NNYU', 'BICF', 'KLXH', 'QREUG', 'WDKC', 'DIGJ', 'AJRKR']
['YER', 'GZZ', 'XZ', 'KMCY', 'MLEDX', 'FZQIS', 'IAR']
['WVQ', 'AAZKDE', 'IA', 'HMWLSN', 'FESKYH', 'DI', 'EEO', 'XNBWEA']
['MXBVCY', 'VOPR', 'XLP', 'LXMKI', 'UAJOX', 'NNQPC', 'GKWDB']
['LZTQ', 'RA', 'QJVMSO', 'AJC', 'QLZUVP', 'SPSM', 'XSV', 'HFGUWD', 'NBTNXT', 'YYXQPD', 'LFBKWG', 'LK', 'QDA', 'MNZY', 'XQ']
['KWKJX', 'GDPC', 'EXE', 'TPRJ', 'JAQSYZ', 'CKHO', 'SZO', 'TNJNZI', 'XHA', 'LGXG', 'CNOC', 'AOLAX', 'XDF', 'EYNMW', 'PHVVKX']
['QI', 'LMPGA', 'VP', 'IER', 'GLQ', 'BG', 'ZIGH', 'PODI', 'EWIG', 'UVE', 'TTXZDL', 'AIEJN', 'BE', 'QS', 'JA']
['BCLG', 'QYO', 'PPVLEY', 'GCY', 'CFKSDN', 'ZIVJ', 'MKNPM', 'EVX', 'IY', 'RSO', 'BMW', 'IMMDN', 'XYC', 'LHK', 'PA']
['OS', 'IRRZEF', 'UJTRG', 'KCLG', 'EGCCZ', 'ZVWIGT', 'ATKT', 'DQNA', 'VNM', 'GD', 'UMU', 'XJA', 'RRSCI', 'RROJ', 'MEZVS']
['SJDFDP', 'CVNLM', 'NRDYW', 'HETJG', 'LIO', 'MA', 'UFHV', 'HQYNX', 'MXOVAA', 'KKUL', 'VNPT', 'XVIWH', 'GMO', 'WJDR', 'QKFKPY']
['QCY', 'OB', 'QPHW', 'OEKEWW', 'BVRU', 'BHG', 'DPN', 'LMAD', 'UBYO', 'DDA', 'PWCT', 'BDFHHB', 'DZMIAZ', 'HNDFU']
['KBNKCH', 'NQNU', 'DUJCM', 'GTRVNI', 'QRI', 'PNDPR', 'EMQD', 'FZOO', 'LMDB', 'JKBPRG', 'NCEVSG', 'IVAVSM', 'GUSM', 'PCAG', 'TPFC']
['TZPSJ', 'AEQBYO', 'GJG', 'HCBC', 'LNTTE', 'PWMVP', 'CEN', 'GPLHAJ', 'AYXAC', 'SWYV', 'VUM', 'AOOX', 'KDS', 'IZ']
['DY', 'J', 'XSPT', 'W', 'JMXZ', 'WALJML', 'MZILPS', 'LP', 'UBG', 'IO', 'VA', 'DVBB', 'INEQYV', 'ZNUMS', 'PEFUXT']
['VPGZJO', 'WCALR', 'XC', 'RNIM', 'OURYH', 'HRV', 'HIDSH', 'MCHFU', 'QMNE', 'JNAGC', 'XYOVX', 'WRLAGX', 'XNE', 'RNAZS', 'DEFB']
['WKW', 'KOBP', 'CE', 'VU', 'DXC', 'YGVXCR', 'OKH', 'ENJGYD', 'XEYIK', 'WCXA', 'SMIRZ', 'EEAJ', 'BX', 'VZDU', 'HUJEHQ']
['SX', 'GLI', 'V', 'MF', 'ZZO', 'XHCNVH', 'MHLMD', 'QKDPR', 'DYZXC', 'MBO', 'ZSKAOE', 'RUTMF']
['JXNF', 'PD', 'BTJV', 'AHV', 'IWLH', 'TWQKH', 'KLKP', 'SYR', 'EOIEQ', 'IBSPT', 'RHQTRA', 'ASVIRM', 'XOQT', 'ELCMCJ', 'QVMBU']
['QV', 'TDT', 'CBI', 'H', 'AODSNC', 'WKV', 'OJ', 'MPHP', 'VYNS']
['Z', 'HXUL', 'TRJ', 'EZZ', 'BTQWU', 'NQAC', 'EFT', 'JEF', 'GDUI', 'YN', 'ERAP']
