['BCF', 'O', 'WL', 'BBJ', 'UM', 'WG', 'BHV', 'BHT', 'CH', 'MD']
['LI', 'BHF', 'LE', 'VS', 'PQ', 'ET', 'XF', 'PK', 'DD', 'FA', 'SM', 'SH']
['M', 'RS', 'BDS', 'BLS', 'GH', 'NU', 'SR', 'BDG', 'HU', 'UT', 'SZ']
['CR', 'LJ', 'BHA', 'FB', 'OV', 'BIC', 'UB', 'CA', 'BLX', 'BGS', 'IC']
['HF', 'ZE', 'BGN', 'A']
['GS', 'IV', 'ZP', 'XL', 'IH']
['JS', 'TH', 'IF', 'BJV', 'UK', 'SI', 'BFI']
['SC', 'VH']
['BCR', 'BFR', 'B', 'HO', 'PP']
['MP', 'SG', 'BBE', 'BJF', 'BFS']
['ZU', 'TV', 'NR', 'BJL', 'BLT', 'VC', 'QP', 'ZW', 'RI', 'BDJ']
['DG', 'DT', 'QZ', 'YE']
['BDY', 'BKX', 'BHK', 'BLQ', 'BJO', 'BEZ']
['R', 'RG', 'D', 'UO', 'MC']
['TQ', 'SK', 'OM']
['FZ', 'BDR', 'EI', 'BDV']
['BEP', 'BKJ', 'BET', 'MQ', 'EA']
['KY', 'EK', 'BAJ', 'BHZ', 'BBR']
['J', 'BCQ', 'BFA', 'UA', 'GR', 'SL', 'BKV', 'JP']
['X', 'BLU', 'BDD', 'MB']
['LA', 'TG', 'GQ', 'SS', 'RV']
['BMC', 'VY', 'BKQ', 'DP']
['BDT', 'BFK', 'VF', 'NE']
['RP', 'BLW', 'JB', 'PO', 'HB', 'GC']
['PN', 'JA', 'GU', 'PX', 'GG', 'CQ']
['BGU', 'BAR', 'WS', 'WQ', 'BHE', 'MM', 'BIB', 'BLD', 'SQ', 'NL']
['IR', 'BFB', 'YT', 'BBD', 'BMI', 'OU']
['BY', 'YP', 'EM', 'YD']
['PA', 'PR', 'BLG', 'BGB', 'IP']
['BBM', 'BBU', 'HM', 'NO', 'VV', 'XC']
['WT', 'YJ', 'OR', 'BJB', 'BMH', 'CW', 'NQ', 'BAF']
['QF', 'WP', 'SB']
['KS', 'CU', 'BJW', 'EX', 'KM', 'WJ', 'BLI', 'LG']
['BIY', 'JC', 'MV', 'LZ', 'BJD', 'TL', 'WU']
['W', 'BME', 'BH', 'LC', 'VN', 'MY', 'QO', 'DK', 'SV']
['FF', 'CZ', 'KX', 'BAD', 'BIG']
['U', 'BLV', 'BIJ']
['HK', 'KI', 'KF', 'ZH', 'FM', 'GK']
['XS', 'BAU', 'BIE', 'MI', 'KD', 'KU']
['GL', 'OJ', 'BJK', 'BEV', 'YZ']
['BD', 'VJ', 'CB', 'BHY']
['BDM', 'PZ', 'NH', 'BGG', 'BBY', 'EP', 'NI']
['BLM', 'BEW', 'TM', 'BHL', 'ZS', 'BK', 'LY', 'BKS', 'QN', 'BCA', 'XK']
['YU', 'YG', 'EN']
['FN', 'BMF', 'OH', 'YS', 'BEH', 'YY']
['BCZ', 'RZ', 'IB', 'QK', 'HE']
['HJ', 'XR', 'DS', 'CT', 'VD', 'UQ']
['EB', 'Z', 'BGP', 'BGZ', 'LT', 'OF', 'ME', 'EL']
['BGC', 'BAP', 'TK', 'BFT', 'LH', 'BJY', 'BFC']
['VZ', 'UD', 'SF']
['BCI', 'MX', 'VE', 'BFN', 'BKM', 'BFV']
['RO', 'WC', 'CK', 'BKY', 'BI', 'YI', 'BLA']
['HH', 'BM', 'KB', 'TP', 'BIV']
['BLL', 'BMJ', 'MJ', 'SX', 'BAX']
['ZX', 'LK', 'BAQ', 'WV', 'BEA']
['RC', 'CO', 'BCS', 'BIM', 'BJC', 'IZ']
['JZ', 'BJI', 'BFM', 'BHX', 'BJP', 'I']
['XQ', 'BW', 'BFO', 'NV', 'WI', 'KP']
['V', 'BIQ', 'TE', 'BMK', 'BJQ', 'PC']
['JQ', 'Y', 'CL', 'XH', 'TD', 'ZO', 'BKN', 'ZJ']
['MO', 'TB', 'ZI', 'GP', 'RQ', 'PE']
['Q', 'BFD', 'YH', 'JY', 'VT', 'BEX']
['QB', 'BJG', 'BHD', 'FP', 'BGV']
['BC', 'WY', 'ZV', 'NT', 'ID', 'BLJ']
['HG', 'VI', 'BBA', 'DR', 'TT', 'TF', 'BHB', 'BAS', 'GF', 'BKH', 'BHI', 'BEF']
['E', 'FC', 'QE', 'NK']
['LU', 'BIZ', 'P', 'BCP', 'MW']
['PM', 'RU', 'S', 'PY', 'SD', 'BGM']
['BCE', 'XI', 'BJH', 'FL', 'RT']
['BHH', 'DO', 'UR', 'EF', 'ZN']
['ZB', 'QU', 'BDL', 'IS', 'YC', 'LB', 'HI']
['VG', 'BDI', 'BGW', 'ZM', 'OL', 'BLY', 'ON', 'BFW']
['NM', 'KL', 'BEE', 'ZZ', 'FI', 'GA', 'DC', 'JG']
['SN', 'PV', 'FU', 'QA']
['DE', 'BIA', 'RK', 'BES']
['DH', 'MF', 'BLH', 'BJE', 'BMD']
['BGK', 'HP', 'EU', 'BAH', 'UV']
['BAL', 'JU', 'GB', 'DU']
['PJ', 'BR', 'BLN', 'WW', 'QV']
['IT', 'UY', 'IU', 'BIR', 'KT']
['BMG', 'BIN', 'BIU', 'IA', 'OB']
['BO', 'DF', 'BDB', 'JH']
['BBI', 'BCK', 'BBH', 'KZ', 'NG']
['JM', 'YF', 'BIS', 'QW', 'BLK', 'YM', 'BBO']
['WA', 'TZ', 'BX', 'BDX', 'XO']
['WM', 'BGD', 'VA', 'LP', 'BIT', 'NW']
['OO', 'PT', 'BKW', 'RA', 'BCC', 'BJJ']
['QX', 'BFG', 'TY', 'BLF']
['BCT', 'QH', 'BGA', 'RM', 'IE', 'HQ']
['BEB', 'BIW', 'EQ', 'ZA', 'ZL', 'BEC', 'TS']
['BBQ', 'RR', 'BKC', 'BCB', 'UF']
['H', 'XM', 'BEO', 'OG', 'BAN']
['YV', 'QJ', 'UU', 'BAA', 'UH']
['DI', 'TA', 'BBT', 'RL']
['MK', 'BCO']
['IX', 'NJ', 'BBX', 'BIP', 'BMA']
['RY', 'GY', 'BAW', 'N', 'HV', 'BGO', 'ZQ']
['BDN', 'BBL', 'LD', 'ER', 'UL', 'DW', 'KW']
['BID', 'KG', 'G', 'BKA', 'BFY', 'BAK', 'MU']
['VM', 'BV', 'EE']
['TO', 'BKB', 'BU', 'II', 'QR', 'BKR', 'BHG']
['TR', 'MR', 'MH', 'BBP', 'BGX', 'BGL']
['XU', 'BDC', 'PH', 'FD', 'BHO', 'BCU', 'YK', 'CC']
['BCX', 'ML', 'LL', 'BJR', 'FE', 'FR']
['CD', 'JN', 'BJA', 'QM', 'VB', 'UN']
['RJ', 'ZY', 'GN', 'BIK', 'K', 'BDP']
['YB', 'OS', 'YW', 'BGY', 'TI']
['TC', 'BHR', 'IQ', 'NB']
['KC', 'SY', 'LW']
['CM', 'PF', 'BFL', 'BJZ', 'YL', 'HW', 'OW', 'BLO', 'CG', 'OE', 'BCG', 'BHJ']
['OZ', 'VX', 'DY', 'UC', 'FT', 'XE']
['IO', 'WD', 'BLZ', 'JD']
['BEU', 'UP', 'XD', 'RB', 'OK', 'PD']
['KR', 'TW', 'OI']
['BKT', 'BBZ', 'BHW', 'GI']
['CF', 'BT', 'UE', 'BKK']
['UW', 'FS', 'IK', 'JE']
['BAY', 'BEQ', 'BHU']
['BBN', 'BKE', 'KN', 'BGF']
['BCV', 'WX', 'JR', 'BBW']
['BEG', 'QL', 'F', 'BCL', 'ED', 'BEM']
['UG', 'EJ', 'DQ', 'DJ', 'XA', 'FO']
['SO', 'XN', 'BCJ', 'JO', 'VO']
['BJN', 'SP', 'BBS']
['BKD', 'DB', 'BFU', 'BKP', 'VU']
['BFF', 'BLP', 'BDA', 'CV']
['BZ', 'DM', 'BJ']
['BCM', 'JI', 'GD']
['UI', 'FG', 'GZ', 'OD', 'WR', 'XX']
['UJ', 'VP', 'HC', 'ZF', 'BFJ']
['L', 'BIO', 'HZ', 'CE', 'GW', 'ZR', 'BFP', 'KA', 'SU']
['TU', 'BKI', 'BAM', 'CN']
['VL', 'EY', 'WN', 'GM', 'BFE', 'SW', 'IJ', 'RW']
['BAV', 'HL', 'PU', 'XZ', 'RH']
['MN', 'KE', 'BAB', 'BGT']
['RN', 'IN', 'GX', 'FK', 'ZD']
['BIH', 'BKL', 'QD', 'QG', 'BFQ', 'BKG']
['BLC', 'BEN', 'BGR', 'KO', 'QS', 'KQ']
['BFX', 'BF', 'EO', 'BCY']
['BBB', 'BII', 'BAT', 'QI', 'DX', 'BER', 'JX']
['HS', 'CI', 'FY', 'BFZ', 'XY']
['BDZ', 'BKZ', 'JW', 'VQ']
['JT', 'BGE', 'IG', 'LV', 'XB', 'QC', 'BKF']
['UX', 'NF', 'BDH']
['EZ', 'OQ', 'IM', 'XV']
['BE', 'BHC', 'BIF', 'BEI', 'OX', 'FJ', 'BJU', 'BDE']
['HX', 'LF', 'BLE', 'UZ']
['DL', 'MT', 'BCH', 'BDQ', 'LS']
['YA', 'BMB', 'BHP']
['ES', 'ZG', 'NZ', 'BED', 'BHQ', 'BML', 'PG']
['YO', 'BEL', 'HR', 'KV', 'FV', 'QT']
['BBV', 'WH', 'RE', 'DZ']
['WO', 'BGH', 'T', 'BIX']
['BEK', 'EH', 'BHS', 'FW', 'VR']
['BJS', 'LO', 'WE', 'HA', 'QQ', 'ST', 'NA']
['BDW', 'US', 'MZ', 'BCD', 'IY']
['BKU', 'RX', 'DN', 'DA']
['CS', 'QY', 'ND', 'CX']
['TJ', 'ZK', 'BKO']
['EW', 'BAZ', 'BHN', 'BAO', 'BCN', 'MG', 'BFH', 'JJ', 'HT', 'MS']
['BHM', 'BS', 'BB', 'BBC', 'XW', 'IW', 'KH', 'ZC', 'OC']
['BQ', 'BL', 'CJ', 'JV', 'BN']
['OA', 'YN', 'WB', 'CP', 'WF', 'ZT', 'XT', 'NN', 'BLR', 'JK']
['BBK', 'PB', 'EG', 'YR', 'VK', 'JL']
['BBG', 'BDF', 'NC', 'BAC']
['FX', 'GV', 'PW', 'BIL', 'YQ']
['CY', 'BAI', 'JF', 'NS', 'BAE', 'GO']
['PI', 'GT', 'NY', 'SJ', 'EV', 'SE']
['OY', 'PL', 'NP', 'LM']
['BLB', 'BG', 'LR', 'RF', 'XG', 'BBF']
['BCW', 'TN', 'LQ', 'BDU']
['BGJ', 'WK', 'HD', 'BGI', 'BA', 'MA', 'XJ']
['TX', 'OP', 'FH', 'SA']
['BEY', 'BJM', 'FQ', 'DV', 'BGQ', 'GE']
['BDO', 'C', 'HN', 'GJ']
['LX', 'LN', 'KK', 'WZ']
['OT', 'IL', 'HY', 'NX', 'KJ', 'BJX']
['YX', 'BAG', 'BEJ', 'BP', 'RD', 'XP', 'VW']
['EC', 'BJT', 'PS', 'BDK']
