['499', '630', '111', '700', '356', '112', '18', '274', '524', '654', '537', '436', '164', '73', '641', '464', '303', '422', '543', '80', '242', '583', '102', '345', '366', '367']
['567', '496', '678', '558', '521', '1', '711', '671', '233', '504', '637', '417', '191', '394', '252', '297', '39', '660', '408', '420', '114', '736', '712', '580']
['14', '333', '604', '434', '68', '440', '131', '471', '52', '348', '544', '167', '66', '40', '262', '687', '568', '425', '705', '701', '291', '196', '217', '85', '385', '307']
['284', '351', '125', '460', '306', '46', '536', '646', '501', '522', '629', '450', '498', '743', '335', '740', '325', '603', '230', '634', '703', '355', '334']
['99', '453', '8', '601', '219', '118', '605', '206', '404', '292', '98', '573', '5', '715', '612', '152', '413', '452', '515', '721', '160', '384', '680']
['96', '668', '549', '749', '395', '254', '161', '619', '632', '658', '591', '192', '205', '229', '173', '9', '387', '472', '93', '639', '477', '82', '690', '500', '662', '32', '455', '727', '231', '676']
['737', '4', '441', '78', '25', '479', '124', '198', '659', '128', '684', '565', '403', '275', '86', '90', '584', '359', '123', '728', '286', '263', '428', '512']
['245', '725', '526', '670', '446', '746', '343', '148', '134', '60', '393', '37', '311', '249', '511', '697', '582', '391', '316', '600', '273', '145']
['74', '197', '139', '92', '248', '476', '664', '51', '726', '155', '94', '602', '56', '409', '447', '733', '236', '661', '48', '260', '209', '372', '269', '106']
['541', '81', '190', '614', '702', '75', '332', '566', '65', '17', '295', '677', '208', '175', '373', '117', '672', '695', '313', '551', '377', '36', '412', '724', '488', '259', '20', '159']
['390', '162', '380', '153', '314', '203', '100', '55', '365', '349', '458', '10', '339', '622', '276', '546', '264', '694', '223', '606', '204', '415', '587', '240', '592']
['649', '402', '615', '645', '108', '638', '29', '722', '547', '187', '43', '222', '656', '530', '144', '423', '718', '419', '255', '378', '189', '317', '224', '226', '581', '171']
['41', '389', '7', '290', '213', '596', '347', '143', '640', '439', '221', '62', '561', '451', '625', '675', '542', '50', '371', '666', '147', '138', '699', '433', '734', '181', '679']
['621', '267', '576', '399', '593', '626', '237', '210', '141', '457', '741', '53', '407', '220', '186', '481', '287', '574', '211', '560', '247', '26', '470', '69', '127', '527']
['88', '691', '251', '381', '489', '166', '432', '708', '146', '30', '178', '212', '67', '49', '27', '239', '686', '492', '730', '87', '294', '523', '34', '360', '322']
['35', '644', '731', '627', '363', '113', '444', '529', '23', '76', '301', '533', '719', '570', '270', '692', '710', '195', '12', '449', '228', '426']
['2', '21', '503', '553', '169', '337', '327', '539', '747', '183', '723', '398', '497', '410', '126', '72', '6', '182', '272', '302', '443', '374', '588', '683', '341', '502', '674', '357', '70', '150', '418']
['609', '376', '559', '698', '109', '278', '33', '279', '401', '174', '607', '590', '508', '421', '241', '31', '545', '232', '484', '24', '467', '156', '531', '563', '569']
['104', '375', '163', '11', '386', '682', '44', '748', '456', '140', '258', '388', '516', '554', '194', '624', '266', '709', '298', '520', '77', '151']
['466', '328', '735', '411', '101', '54', '57', '344', '361', '448', '214', '312', '459', '170', '550', '89', '572', '519', '265', '681', '490', '285', '655', '364']
['119', '238', '250', '538', '122', '244', '309', '667', '597', '663', '491', '59', '611', '717', '47', '578', '135', '577', '19', '61', '564', '336', '548', '95', '310']
['594', '149', '352', '185', '442', '121', '280', '636', '83', '651', '435', '562', '427', '184', '64', '289', '300', '180', '400', '579', '379', '188', '342', '91']
['338', '557', '234', '296', '685', '493', '368', '319', '657', '16', '707', '253', '346', '200', '142', '283', '585', '383', '732', '243', '595', '468', '509', '45', '129', '720', '3']
['414', '116', '571', '628', '704', '353', '462', '534', '517', '133', '535', '84', '540', '430', '193', '318', '370', '518', '79', '315', '642', '648', '673', '647', '282']
['340', '688', '288', '179', '299', '201', '176', '369', '63', '256', '132', '13', '58', '742', '586', '669', '513', '745', '729', '473', '424', '750', '589', '665', '706']
['478', '620', '158', '358', '714', '461', '633', '281', '42', '177', '405', '494', '38', '528', '487', '552', '437', '406', '482', '532', '136', '486', '608', '202', '475', '485', '623']
['693', '396', '354', '610', '28', '326', '115', '277', '429', '716', '268', '618', '650', '631', '713', '293', '653', '329', '271', '308', '103', '556']
['172', '323', '120', '15', '168', '130', '304', '438', '261', '506', '744', '235', '305', '507', '246', '320', '392', '454', '154', '382', '165', '105', '157', '652', '643', '480']
['483', '739', '330', '216', '107', '257', '514', '575', '555', '199', '110', '696', '474', '71', '22', '321', '350', '465', '613', '599', '510', '331', '225', '324']
['463', '431', '207', '469', '495', '445', '215', '635', '227', '97', '525', '218', '416', '689', '397', '598', '362', '505', '738', '137', '616', '617']
