['0', '80', '240', '480', '75', '77', '237', '241', '475', '477']
['1', '161', '321', '401', '160', '162', '164', '168', '318']
['2', '82', '242', '322', '482', '84', '85', '320', '323', '481']
['3', '83', '163', '403', '483', '156', '411', '484', '485']
['4', '244', '324', '404', '245', '247']
['5', '165', '405', '167', '400', '402']
['6', '86', '166', '246', '326', '486', '87', '89', '95', '487']
['7']
['8', '88', '248', '328', '408', '488', '10', '81', '406', '407']
['9', '169', '249', '329', '409', '489', '159', '170', '172', '419']
['90', '330', '410', '490', '92', '325', '327', '492']
['11', '91', '171', '491', '12', '14', '20']
['252', '332', '412', '250', '251', '253', '254', '255']
['13', '173', '333', '413']
['94', '174', '414', '494', '493', '495', '496', '497']
['15', '17']
['16', '96', '176', '336', '416', '93', '98', '175', '335']
['97', '177', '257', '417', '178', '179', '256', '258', '415']
['338', '418', '498', '331', '337', '339', '340']
['19', '99', '259', '499', '18']
['180', '260', '420']
['21', '101', '261', '341', '421', '262', '264', '423', '424']
['22', '182', '342', '422']
['103', '183', '263']
['24', '104', '344', '23', '334', '343', '345', '346', '347']
['105', '265', '100', '102', '267']
['26', '186', '266', '426', '25', '27', '28', '29', '185', '425']
['107', '427', '109', '110', '428', '429']
['108', '188', '348', '181', '187', '189', '190']
['269', '349', '268']
['30', '430']
['111', '191', '271', '351']
['32', '192', '272', '432', '31', '33', '34', '35', '270', '431']
['113', '353', '433', '106', '112', '114', '115', '434', '435']
['194', '274', '354', '184', '193', '195', '196', '197', '273']
['355', '350', '352']
['36', '116', '276', '436', '37', '39', '45', '437', '439', '443']
['117', '357']
['38', '198', '278', '358', '438']
['119', '199', '279', '120', '122']
['40', '280', '440', '42', '275', '277', '442']
['41', '121', '201', '361', '441', '118', '200', '202', '203', '360']
['282', '285']
['123', '283', '363', '356', '362', '364', '365']
['44', '124', '204', '444', '445', '447']
['205']
['46', '126', '286', '366', '446', '43', '284', '287', '289', '295']
['47', '367']
['128', '208', '288', '448', '206', '207', '209', '210', '281']
['49', '129', '369', '449', '48', '359', '368', '370', '371', '372']
['130', '290', '125', '127', '292']
['51', '211', '291', '451', '50', '52', '53', '54', '212', '450']
['132', '452', '453', '454']
['133', '213', '373']
['214', '294', '374', '293']
['55', '215', '455', '217']
['136', '216', '296', '135', '137', '139', '143', '298']
['57', '297', '377', '56', '58', '59', '60', '375', '376']
['138', '378', '458', '131', '456', '457', '459', '460']
['219', '299', '379', '218', '220', '221', '222']
['140', '380', '142']
['61', '141', '301', '461']
['382']
['63', '223', '303', '383', '463']
['64', '144', '224', '304', '464', '62', '66', '134', '145', '462']
['65', '305', '465', '67', '300', '302', '467']
['146', '226', '386', '466', '148', '225', '227', '228', '229', '385']
['147', '307', '309', '310']
['308', '388', '381', '387', '389', '390']
['69', '149', '469', '68', '70', '71', '72', '468', '470', '471']
['230']
['311', '391', '312', '314']
['152', '392', '472', '150', '151', '153', '154', '155']
['73', '233', '313', '473', '231', '232', '234', '235', '306']
['74', '394', '474', '384', '395', '397']
['315', '317']
['76', '236', '316', '396', '476', '243', '393']
['157']
['78', '158', '238', '398', '478']
['79', '239', '319', '399', '479']
