['190A16', 'EF6AC9', 'FAD62F', 'CB5628', '58C2AC', '00D12A', '2D0A40', '98BB64', '010A8E', 'B407F0', 'F6C508', 'CFFA39', 'FB1695', '019523', 'C6663A', '742536', 'A80B9C', '7DA204', '25088D', '4C8691']
['91E2DB', '4AF14D', '4BEAA8', '07FD3B', '662386', 'F43598', 'CEA21A', 'D9126C', 'B2B759', '5363FB', 'C9485B', '51C926', '3ED06E', '5EA24C', '8F3267', 'A6A244', 'E72455', 'A0FA13', '9C79D5', '3B32B8']
['00FE8E', 'BB512B', 'C68031', '072F7C', '2B053C', '495837', 'F49FF6', '051447', 'AC2467', '3D0320', '326962', 'C767C4', '19CD8A', 'D0A0C2', '757A98', 'EF2536', '48CF34', '9FF47C', '0250B9', 'F3BDC6']
['09649D', '3E12A4', '3E9EC5', '1884D1', '7E6F84', '3BEA3A', '8E715B', '296950', '465C65', '92EC92', 'B2393E', 'B626AD', '74A63D', 'DFD9A5', '0BB826', '8D2F56', '1992E4', 'A52469', '03EA37', '365F29']
['C164EF', '2C4E8D', '64AB96', '7FD9F3', 'B0C48A', 'C58A5B', '04F658', 'A991D3', '395EFD', '3B2B82', '363BA8', '242129', '804C51', '37CB3D', 'D06E65', 'C78E8E', 'DFE830', '22BF50', '8D520C', 'E2112B']
['E5FA4C', '0A7716', 'EF9229', 'FFBA75', '931958', 'CC99BE', '4F7C41', 'E83F3A', 'B42617', 'BCFA2A', 'FEB106', '8129A2', '198719', 'F6FD02', '88C404', '266181', 'DF1B1B', 'C47FBD', 'DCF1DD', '4B7813']
['3AA1D0', '20CFE1', '167BF9', '107AE3', '166144', '3E7572', 'F09B9E', '49D6E2', '3BB975', '1516C6', '5CE804', 'C9D985', '6E736A', '9A3DF4', '35A3DD', '16E221', '601545', '25D4A2', 'D07EC6', '1C562E']
['CD4EE2', '572039', '8CE750', 'B11AFD', 'BDAE2B', '82B9D6', '6C743B', 'FAFDC0', '74013D', 'E0AB16', '73837C', '06006E', '36B749', '2ECB91', '4F5A07', '9930E3', 'EABD10', '16251E', '506A32', '622A24']
['CDF4D0', '647775', '642B0E', '2355FE', 'D39BF3', 'A6F922', '97EF79', '741295', 'A17316', 'C2EA00', '92F171', '1DEC7F', 'BC7104', 'C974B1', '563DB6', '6AC517', 'E1416D', 'EEF437', '038EC0', '76A32A']
['7DA6ED', 'B5C9B5', '06BCBD', '2193BC', 'E32E1B', 'D670D6', 'F6F022', '2EFA06', 'F90911', '46CA45', 'F2E3D0', 'CBE1F1', 'DE8EFA', '6722C1', 'B926DC', '634699', '4ABFDE', '9C42F7', '8E9F36', '9894EC']
['096240', '4DFAA5', 'D8AF89', '4BC891', '5865B9', '97FEFE', '1A38DA', '8F6917', '5FD5FD', '656CAF', '9353B5', '77A111', '4F3EB0', 'C5983E', '9725D2', 'ECFA70', 'E4BD2F', '5FDD46', 'E47E78', 'B0FDB7']
['FF1F95', '98C570', '60E348', 'DE6D3F', 'B3ADBE', '521A90', '1F3A59', 'DC366B', '40A265', '1B3BB2', 'CCCB2C', '1ACEA4', '0BFA62', '531ABE', 'B8C245', 'BD8A02', '945560', 'D3F62D', '707A9A', '50B2FA']
['6F08B8', 'BDE56F', 'CFBFCE', '8045AB', '25C12B', '4BA3B6', '7774E0', 'C539DA', 'C68A63', 'F7897D', '78C00D', '58B63E', '0E766F', 'B01EFE', '39950D', '112A5D', '5CA11E', '7795A9', '9E88CA', 'C1FAC4']
['FFEF97', '1DA671', 'E23DD5', '77482F', '8E5A74', '2B8168', 'C62B50', '8073AA', '23DE40', 'ACD80A', '0EAC7E', '9536C0', '45FDF9', 'C1CF9D', '4E7A07', '5F9367', '436BBD', '350AEE', '9CF26F', 'BFDE09']
['BE007C', '223FE2', '213FEF', 'B4A785', '8FF82D', '668BD6', '877921', '4B5052', 'ACAF5B', '9FEC07', 'D6B361', '34E68B', 'FDD1F9', '3145DC', 'E4F6D3', 'BB54FA', 'C6B0AC', '9E2E77', '15E761', 'AEAFB7']
['FCB0B1', 'FCBA61', 'EF8B29', '785097', 'D28790', 'BBFBC3', '98EDDE', '197860', 'DCE6D7', '5305DC', '4524C5', 'D68800', 'ABB7E1', 'C2F201', '96E01C', '64FD9D', '3B2F64', 'C2171A', '46B4C1', '6C4504']
['E6554B', '1CAAA7', 'CB9E0F', 'BB45E2', '4DB13D', '2C7824', '047CF0', 'E5B63F', 'D3D709', 'AB0091', '86909F', '1A550D', '816A65', '679AC9', '8BB297', '76859D', 'F29568', 'FB6D61', 'D1F58A', '6D1D20']
['DA15B6', 'E1607C', 'EA9838', '10C212', '6F6150', '20A3C4', 'C75F0A', 'DD8183', 'D9008A', '1EDBBC', '97710D', 'A206B6', '2546CB', '6C77A5', 'A7D95D', '9A7B01', 'C16E96', '593ABC', '7AD05F', '0A10DD']
['546905', '0D4721', '876381', 'F8FB71', 'C41C13', '8FB884', 'F18AC9', '265554', '900972', '43085A', '7D01B0', 'E054B5', 'D99D73', 'CF05B3', '69E65E', '1EF878', '181309', '00FFD9', '6DC908', '4D0388']
['32FB9A', '75800D', '87521E', 'B55315', 'AD30B1', '178D9C', '082B08', '7A7EFA', '71E849', '0459DD', '1EF2C0', '50AF7A', '97D16E', '2478BE', 'A33032', '479F56', '6EE783', 'E1E1DA', 'A65150', 'CD7A0B']
['C84BA1', '446164', '63E927', '5CAA99', 'B30209', '75B5C7', 'D6CFD3', '610C7F', '2A68D5', 'A2F670', '0DF355', 'DCC2EE', 'DFDF35', '3667E1', '13EC64', '204555', '2EE5C3', 'FD7848', '8C0368', '66A26C']
['709407', '6FAC22', 'F56B78', '9BAD1B', 'F6D914', '22C20B', 'A3D059', '4EC392', 'A366A3', '12BCED', 'DEA774', 'C27F13', '2C8695', '0D415E', '3658E6', '46FB99', '900207', 'E11E95', 'A951B8', '161A8B']
['8F5D3D', 'CC66E7', 'A034B6', '4553A6', '54FD50', '916CFB', 'F37473', 'AAF5FB', '87B9A1', '9AB89E', '09960E', '7D1D9A', 'D767A6', 'FA77A1', '595697', '5DB63B', '07D298', 'BB1A0C', '5F9BF4', '12B065']
['EB535E', '78C53F', '1E6481', '299301', '534678', '92DC45', '6FBEA0', '278048', '162D2B', '19DF3C', 'F3C1D1', '45579C', '1AAF3F', '872FB4', '664C7D', '680425', 'A1F0D5', '861C1A', 'ED55AB', '54F50F']
['CBDD58', 'F96372', '26014C', '38BE61', '0B3657', 'D00A38', 'BDD506', '9B0CD1', '58AA7E', '57E8F8', '15B633', 'C9809F', '8D18EB', 'D0F91A', '27C736', '1EEDD4', '2A12DA', '849FA0', '7312E1', '63B3F9']
['F16F4A', 'F1B6B4', '651634', '472DE0', '531609', '814496', '23A208', '210F6B', 'D212D8', '9668A1', '0C7BEA', 'B796A4', 'ABAEBE', '3ABBB3', '6D1C54', 'EE4272', '8303B2', 'D24969', '3FE84E', '22C96E']
['8BC31C', '9F6100', '280EB5', 'A02C94', '874D87', 'A8F831', '174C31', 'B0DDCF', '72AEE2', '0511AF', 'D82EE1', 'B6828A', 'BC9D07', 'ABD913', '01C721', 'F7F7C4', 'E709FE', 'D31AE4', '16C01C', '8FAADE']
['7BEE85', '695D06', 'B81B38', 'AFBC2C', '33FD6F', '40F15B', '46A2DE', '590A13', 'F0EF55', '519BB1', 'D1C86D', '18D38F', 'E17D1E', '3B4E98', 'ED8DEE', '1BF69F', '52AB24', 'FD4C3F', 'BFCF1E', 'BC5257']
['383C1E', '3AC41C', '650124', 'E487A0', '5399B6', '88B4FB', '60E2A5', '42D323', 'D7BAF8', 'E9C0DB', 'F91C0D', '86F423', 'AC005F', 'F589C7', 'B16767', '398249', '23133D', '439661', 'CFDA87', '63F31C']
['24905F', 'D42BCD', 'F7F468', '9BAA32', 'F3B7E8', '601EB2', 'D4FAA1', 'D18846', '85F06F', '56F6B3', '9205E9', 'C70FDA', '0E0621', '5B7555', '267E07', '24D77E', '859141', '345303', '8EF45E', 'A37D21']
['5DB6A7', '4E3749', '593EDD', '67A219', '5044AF', '54F422', '6D7BC4', '2B7BA7', 'DC1AA9', 'DE7A88', 'CD9F8E', 'C78D01', 'FF5526', '3C4F97', '1771FB', '8AB8D0', '0F884F', 'A75FAD', '03FB7D', '35FFC6']
['9CFE0D', 'A3A90E', 'FB8C79', '190D3E', 'E21A9D', '52F44D', '5AE3A2', '805660', '389EF7', '0D6B75', '050755', '8F4B2A', '03900B', 'B84363', '232EA3', '38021A', '93350D', '357F5C', '8C214F', '0551E4']
['E07033', '59BAFE', 'BACB6C', '3A4A63', '10AA93', '02C6C3', 'E23534', '632E21', '184086', '3273D8', '2A4865', '1C498A', '0D4B21', '2F50D4', '08581B', '386499', '190714', '5B3D43', 'B0579B', '05392F']
['4B6D90', 'E32AD7', 'B158EC', 'CBB276', 'E35C77', '51C133', '1745CF', 'D96F17', 'F84737', 'C91A6D', '45DD45', 'ACD48B', '27526A', '4791F8', 'B5EAFE', '6369EA', 'FE82CE', 'A6D718', '140BFF', 'F9A562']
['64143A', 'D6290D', '3B31CD', '5D51EE', '1EDF33', '49FC67', '29B5D2', '642633', '8CCB3C', 'B25ED9', '5627B9', '3AD5AF', 'FB89A6', '9AC33C', '245AE0', 'AF1E12', 'FB93D8', '5CEBC7', '1F7298', '6AFA75']
['880529', 'A9310F', '9A0C55', '38B1BF', '1050A1', 'E5669F', '8BF6EB', '0C32D9', '261610', '824DEE', '6EC7AE', 'AD4751', '5BA9F5', '108A86', '0B4E3F', '8B4C02', 'A947FC', '5DB845', '302AA5', '07940E']
['11D5A0', '2D574D', 'CA62FE', '36C7CB', '21D4EF', '65F1F6', '32FA85', '703C81', 'CC70D1', '8466F4', 'ABA340', '41182D', '8C7D2C', '63F8CA', '731D43', 'C95370', '47F582', '0F2085', '6F7774', 'ABE0D2']
['4B9B0B', 'D0C3F4', 'DBC960', 'F6EB9C', '828A27', '42E761', '72B8D2', 'D61775', '018F88', 'EFBDD9', 'EB1689', 'B93AFC', '4A610E', '8540DA', 'BD7603', 'BE1052', 'D668C6', '0C1FD2', '0E9C0C', '953987']
['8CAEAC', '750C4E', 'F6E8F5', '72155E', 'B4D19E', '0CCD83', 'D01DF2', '5B428C', '405722', '115A9F', '8BCB1E', 'CC92A0', 'D31616', '4CA6E4', 'D5C0D6', '21BDB9', '0E9CE4', 'AFACEA', '820C55', '5B51BE']
['AEAE5D', 'EC1B76', '3F3650', '3B8280', '41C73D', '2B9A39', '38A1EF', '40DBB5', 'FBD021', '6954BC', '085771', '85F08F', '9C4BD0', 'AA8871', '01AF84', '824C3B', 'B012D7', 'D8CD3A', 'CBC0EC', '011BD7']
['70591F', '882A47', 'E89217', '428AF7', '61B4D6', '696CC9', '69C438', 'DC4B9C', 'D7C29A', 'F9E41E', 'E1B1C7', '3DD364', '9AACC7', '25543F', '3ADA19', 'C77820', 'E75414', '816FFB', '969174', '318630']
['DB4FC9', 'E5227F', '2E07B1', 'B90594', '495BB3', '81F252', '5E0297', '37ED7B', 'A18DE2', '9C1F1E', '756883', '9DA776', 'FCE536', 'BA2412', '87148B', 'D69006', '98417C', 'E2FDE6', '429B45', '01DEB5']
['0329C7', 'B392EB', '841AB6', '3C94CF', 'FAC9A5', '704C3B', '93679A', '03C0BF', 'D3A127', '11256D', '655495', '0AC38B', 'C2FEAF', 'B1FF31', 'D8E8AC', '184840', 'D8B4B3', 'DCD046', '94CDAA', '8D59DD']
['4A7BD4', 'FBC777', '5CE483', 'D8ADAB', 'EFE6D4', '3C594A', '89D1DA', '480904', 'FEFBEB', '4D6A27', 'DAF215', 'A9060D', '8EC4A5', '79B660', 'B41BDE', 'F87A8C', '55CCC8', 'F7C362', 'D5F9E6', 'CAE9BF']
['509D15', '23F925', 'DDCFD0', '474359', '5832FE', '504599', '08EAAB', '4B6074', '050F79', 'BA4A32', 'D148BB', 'BC2DF6', 'AED2F4', '4F8B74', '0726F7', 'A439E5', '8B3632', 'C23084', '9DBA7C', '217474']
['667724', 'C8B2D1', 'ED8BA3', 'B94E1C', '294D61', '8EB062', '580B97', '55901D', '0DAAED', 'D27589', '2CFCAD', '682195', '26357C', 'FB0008', 'F2E2E2', '539D6E', '29B795', '922412', 'F13656', '236007']
['930D20', '75FD35', '2AC4B2', '79982A', 'B401D1', '2CA3D9', 'A0A341', '506DA8', '5BCA8F', '5B24C2', 'D87BC7', '866153', '8B1878', 'E16AC8', 'EF9F5B', '319747', 'E5E763', '16BE2F', '198C93', 'DA58DF']
['307E13', '8C1B87', 'FEB03E', '2FBBAD', '06C085', 'D783D0', '99767B', 'AA7CF0', '550D13', '2C9762', '42BBE4', '7D23B1', '589067', '3E63CD', 'BDE1BC', '5C7ADA', '80C664', '144C54', '46AC52', '2B4454']
['19DF4F', 'FC18D5', 'E8F10C', 'F9D4F2', '389A06', '26C52E', 'D46B33', '2DB58E', '2E1A70', '110CAE', 'C06879', '498D35', '518983', '675D0E', '4446DE', '726911', '8B823D', 'CDE5BD', '7D6ABE', '5DDCD0']
['3807D7', '4DF4B9', '6C367E', 'EB6336', 'F6A1FE', '7BB154', '79FD51', '0372B7', '5D2F55', '2A4678', '331C15', '64CB67', 'A15669', '1D2B1D', '2FA5B3', '9DE436', 'BBD65F', 'D074AD', 'B7CCD0', '64CAE8']
