['0', '90', '270', '540', '630', '720', '900', '990', '460', '461', '462', '901']
['1', '91', '181', '271', '451', '541', '631', '721', '811', '991', '464']
['2', '92', '182', '362', '542', '632', '722', '812', '902', '992', '468', '469']
['3', '93', '183', '273', '363', '543', '633', '723', '813', '903', '993', '472']
['4', '94', '274', '544', '634', '724', '814', '904', '994', '476', '477', '478']
['5', '95', '185', '275', '545', '635', '725', '815', '905', '995', '480', '481']
['6', '96', '186', '546', '636', '726', '816', '906', '996', '484', '485', '486']
['7', '97', '187', '367', '547', '637', '727', '817', '907', '997', '488', '489']
['8', '98', '278', '458', '548', '638', '728', '818', '908', '998', '492', '493']
['9', '99', '189', '279', '369', '459', '549', '639', '729', '819', '909', '999']
['100', '190', '370', '550', '640', '730', '820', '910']
['101', '191', '281', '371', '551', '641', '731', '821', '911']
['12', '102', '282', '552', '642', '732', '822', '912', '148']
['13', '103', '193', '283', '463', '553', '643', '733', '823', '913', '152']
['14', '104', '194', '374', '554', '644', '734', '824', '914', '156']
['15', '105', '195', '285', '375', '465', '555', '645', '735', '825', '915', '160']
['16', '106', '286', '466', '556', '646', '736', '826', '916', '164']
['17', '107', '197', '287', '377', '467', '557', '647', '737', '827', '917', '168']
['18', '108', '198', '378', '558', '648', '738', '828', '918', '172']
['19', '109', '199', '289', '379', '559', '649', '739', '829', '919', '176']
['20', '110', '290', '470', '560', '650', '740', '830', '920', '180']
['21', '111', '201', '291', '471', '561', '651', '741', '831', '921', '184']
['22', '112', '202', '562', '652', '742', '832', '922', '188']
['23', '113', '203', '383', '473', '563', '653', '743', '833', '923', '192']
['24', '114', '294', '474', '564', '654', '744', '834', '924', '196']
['25', '115', '205', '295', '475', '565', '655', '745', '835', '925', '200']
['26', '116', '206', '386', '566', '656', '746', '836', '926', '204']
['27', '117', '207', '387', '567', '657', '747', '837', '927', '208']
['28', '118', '298', '568', '658', '748', '838', '928', '212', '213']
['29', '119', '209', '299', '479', '569', '659', '749', '839', '929', '216']
['30', '120', '210', '300', '390', '570', '660', '750', '840', '930', '220']
['31', '121', '211', '301', '391', '571', '661', '751', '841', '931', '224']
['32', '122', '302', '482', '572', '662', '752', '842', '932', '228', '229']
['33', '123', '303', '393', '483', '573', '663', '753', '843', '933', '232', '233']
['34', '124', '214', '394', '574', '664', '754', '844', '934', '236']
['35', '125', '215', '305', '395', '575', '665', '755', '845', '935', '240']
['36', '126', '306', '576', '666', '756', '846', '936', '244', '245']
['37', '127', '217', '307', '487', '577', '667', '757', '847', '937', '248']
['38', '128', '218', '578', '668', '758', '848', '938', '252']
['39', '129', '219', '399', '579', '669', '759', '849', '939', '256']
['40', '130', '310', '490', '580', '670', '760', '850', '940', '260', '261']
['41', '131', '221', '311', '401', '491', '581', '671', '761', '851', '941', '264']
['42', '132', '222', '402', '582', '672', '762', '852', '942', '268']
['43', '133', '223', '403', '583', '673', '763', '853', '943', '272']
['44', '134', '314', '494', '584', '674', '764', '854', '944', '276', '277']
['45', '135', '225', '315', '495', '585', '675', '765', '855', '945', '280']
['46', '136', '226', '316', '406', '496', '586', '676', '766', '856', '946', '284']
['47', '137', '227', '317', '407', '497', '587', '677', '767', '857', '947', '288']
['48', '138', '318', '498', '588', '678', '768', '858', '948', '292', '293']
['49', '139', '319', '409', '499', '589', '679', '769', '859', '949', '296', '297']
['50', '140', '230', '410', '590', '680', '770', '860', '950', '10']
['51', '141', '231', '321', '411', '501', '591', '681', '771', '861', '951', '304']
['52', '142', '322', '502', '592', '682', '772', '862', '952', '308', '309', '500']
['53', '143', '323', '503', '593', '683', '773', '863', '953', '312', '313', '510']
['54', '144', '234', '504', '594', '684', '774', '864', '954', '11']
['55', '145', '235', '415', '505', '595', '685', '775', '865', '955', '320']
['56', '146', '326', '506', '596', '686', '776', '866', '956', '324', '325']
['57', '147', '237', '327', '507', '597', '687', '777', '867', '957', '328']
['58', '238', '418', '508', '598', '688', '778', '868', '958', '332', '333', '334']
['59', '149', '239', '329', '419', '509', '599', '689', '779', '869', '959', '336']
['60', '150', '330', '690', '780', '870', '960', '340', '341']
['61', '151', '241', '331', '511', '601', '691', '781', '871', '961', '344', '600']
['62', '242', '512', '602', '692', '782', '872', '962', '348', '349', '350', '610']
['63', '153', '243', '423', '513', '603', '693', '783', '873', '963', '352', '353']
['64', '154', '514', '604', '694', '784', '874', '964', '356', '357', '358']
['65', '155', '335', '515', '605', '695', '785', '875', '965', '360', '361']
['66', '246', '426', '516', '606', '696', '786', '876', '966', '364', '365', '366']
['67', '157', '247', '337', '427', '517', '607', '697', '787', '877', '967', '368']
['68', '158', '338', '518', '608', '698', '788', '878', '968', '372', '373']
['69', '159', '249', '339', '519', '609', '699', '789', '879', '969', '376']
['70', '250', '520', '790', '880', '970', '380', '381', '382']
['71', '161', '251', '431', '521', '611', '701', '791', '881', '971', '384', '385']
['72', '162', '342', '522', '612', '702', '792', '882', '972', '388', '389', '700']
['73', '163', '253', '343', '523', '613', '703', '793', '883', '973', '392', '710']
['74', '254', '434', '524', '614', '704', '794', '884', '974', '396', '397', '398']
['75', '165', '255', '345', '435', '525', '615', '705', '795', '885', '975', '400']
['76', '166', '346', '526', '616', '706', '796', '886', '976', '404', '405']
['77', '167', '257', '347', '527', '617', '707', '797', '887', '977', '408']
['78', '258', '438', '528', '618', '708', '798', '888', '978', '412', '413', '414']
['79', '169', '259', '439', '529', '619', '709', '799', '889', '979', '416', '417']
['80', '170', '530', '620', '890', '980', '420', '421', '422']
['81', '171', '351', '441', '531', '621', '711', '801', '891', '981', '424', '425']
['82', '262', '442', '532', '622', '712', '802', '892', '982', '428', '429', '430']
['83', '173', '263', '443', '533', '623', '713', '803', '893', '983', '432', '433']
['84', '174', '354', '534', '624', '714', '804', '894', '984', '436', '437', '800']
['85', '175', '265', '355', '535', '625', '715', '805', '895', '985', '440', '810']
['86', '266', '446', '536', '626', '716', '806', '896', '986', '444', '445', '447']
['87', '177', '267', '537', '627', '717', '807', '897', '987', '448', '449', '450']
['88', '178', '538', '628', '718', '808', '898', '988', '452', '453', '454', '455']
['89', '179', '269', '359', '539', '629', '719', '809', '899', '989', '456', '457']
