['42', '84', '126', '168', '210', '252', '294', '336', '378', '420', '462', '504', '546', '588', '630', '672', '714', '756', '798', '840', '882']
['85', '127', '169', '211', '253', '295', '337', '379', '421', '463', '505', '547', '589', '631', '673', '715', '757', '799', '841', '883']
['44', '86', '128', '170', '212', '254', '296', '338', '380', '422', '464', '506', '548', '590', '632', '674', '716', '758', '800', '842', '7']
['45', '87', '129', '171', '213', '255', '297', '339', '381', '423', '465', '507', '549', '591', '633', '675', '717', '759', '801', '843']
['46', '88', '130', '172', '214', '256', '298', '340', '382', '424', '466', '508', '550', '592', '634', '676', '718', '760', '802', '844']
['47', '89', '131', '173', '215', '257', '299', '341', '383', '425', '467', '509', '551', '593', '635', '677', '719', '761', '803', '845']
['48', '90', '132', '174', '216', '258', '300', '342', '384', '426', '468', '510', '552', '594', '636', '678', '720', '762', '804', '846']
['49', '91', '133', '175', '217', '259', '301', '343', '385', '427', '469', '511', '553', '595', '637', '679', '721', '763', '805', '847']
['50', '92', '134', '176', '218', '260', '302', '344', '386', '428', '470', '512', '554', '596', '638', '680', '722', '764', '806', '848']
['51', '93', '135', '177', '219', '261', '303', '345', '387', '429', '471', '513', '555', '597', '639', '681', '723', '765', '807', '849']
['94', '136', '178', '220', '262', '304', '346', '388', '430', '472', '514', '556', '598', '640', '682', '724', '766', '808', '850']
['11', '53', '95', '137', '179', '221', '263', '305', '347', '389', '431', '473', '515', '557', '599', '641', '683', '725', '767', '809', '851', '17', '108']
['54', '96', '138', '222', '264', '306', '348', '390', '432', '474', '516', '558', '600', '642', '684', '726', '768', '810', '852']
['13', '55', '97', '139', '181', '223', '265', '307', '349', '391', '433', '475', '517', '559', '601', '643', '685', '727', '769', '811', '853', '20', '43', '52', '190', '327']
['14', '56', '98', '140', '182', '224', '266', '308', '350', '392', '434', '476', '518', '560', '602', '644', '686', '728', '770', '812', '854', '22', '605', '0']
['15', '57', '99', '141', '183', '225', '267', '309', '351', '393', '435', '477', '519', '561', '603', '645', '687', '729', '771', '813', '855', '12', '23']
['16', '58', '100', '142', '184', '226', '268', '310', '352', '436', '478', '520', '562', '604', '646', '688', '730', '772', '814', '856', '776']
['59', '101', '143', '185', '227', '269', '311', '353', '395', '437', '479', '521', '563', '647', '689', '731', '773', '815', '857', '31']
['18', '60', '102', '144', '186', '228', '270', '312', '354', '396', '438', '480', '522', '564', '606', '648', '690', '732', '774', '816', '858']
['61', '103', '145', '187', '229', '271', '313', '355', '397', '439', '481', '523', '565', '607', '649', '691', '733', '775', '817', '859', '10', '3']
['62', '104', '188', '230', '272', '314', '356', '398', '440', '482', '524', '566', '608', '650', '692', '734', '818', '860']
['21', '63', '105', '147', '189', '231', '273', '315', '357', '399', '441', '483', '525', '567', '609', '651', '693', '735', '777', '819', '861', '19', '146', '180', '414']
['64', '106', '148', '232', '274', '316', '358', '400', '442', '484', '526', '568', '610', '652', '694', '736', '778', '820', '862']
['65', '107', '149', '191', '233', '275', '317', '359', '401', '443', '485', '527', '569', '611', '653', '695', '737', '779', '821', '863']
['24', '66', '150', '192', '234', '276', '318', '360', '402', '444', '486', '528', '570', '612', '654', '696', '738', '780', '822', '864', '29', '8']
['25', '67', '109', '151', '193', '235', '277', '319', '361', '403', '445', '487', '529', '571', '613', '655', '697', '739', '781', '823', '865', '9']
['26', '68', '110', '152', '194', '236', '278', '320', '362', '404', '446', '488', '530', '572', '614', '656', '698', '740', '782', '824', '866']
['27', '69', '111', '153', '195', '237', '279', '321', '363', '405', '447', '489', '531', '573', '615', '657', '699', '741', '783', '825', '867', '38', '1', '4']
['28', '70', '112', '154', '196', '238', '280', '322', '364', '406', '448', '490', '532', '574', '616', '658', '700', '742', '784', '826', '868']
['71', '113', '155', '197', '239', '281', '323', '365', '407', '449', '491', '533', '575', '617', '659', '701', '743', '785', '827', '869', '6']
['30', '72', '114', '156', '198', '240', '282', '324', '366', '408', '450', '492', '534', '576', '618', '660', '702', '744', '786', '828', '870']
['73', '115', '157', '199', '241', '283', '325', '367', '409', '451', '493', '535', '577', '619', '661', '703', '745', '787', '829', '871']
['32', '74', '116', '158', '200', '242', '284', '326', '368', '410', '452', '494', '536', '578', '620', '662', '704', '746', '788', '830', '872']
['33', '75', '117', '159', '201', '243', '285', '369', '411', '453', '495', '537', '579', '621', '663', '705', '747', '789', '831', '873']
['34', '76', '118', '160', '202', '244', '286', '328', '370', '412', '454', '496', '538', '580', '622', '664', '706', '748', '790', '832', '874', '5']
['35', '77', '119', '161', '203', '245', '287', '329', '371', '413', '455', '497', '539', '581', '623', '665', '707', '749', '791', '833', '875']
['36', '78', '120', '162', '204', '246', '288', '330', '372', '456', '498', '540', '582', '624', '666', '708', '750', '792', '834', '876']
['37', '79', '121', '163', '205', '247', '289', '331', '373', '415', '457', '499', '541', '583', '625', '667', '709', '751', '793', '835', '877', '2']
['80', '122', '164', '206', '248', '290', '332', '374', '416', '458', '500', '542', '584', '626', '668', '710', '752', '794', '836', '878']
['39', '81', '123', '165', '207', '249', '291', '333', '375', '417', '459', '501', '543', '585', '627', '669', '711', '753', '795', '837', '879', '394']
['40', '82', '124', '166', '208', '250', '292', '334', '376', '418', '460', '502', '544', '586', '628', '670', '712', '754', '796', '838', '880']
['41', '83', '125', '167', '209', '251', '293', '335', '377', '419', '461', '503', '545', '587', '629', '671', '713', '755', '797', '839', '881']
