['RODOLFO', 'JERALD', 'CLIFF', 'RUTHIE']
['KRISTA', 'ALISHA', 'JONI', 'CHARLEY']
['MYRON', 'EDMOND', 'MARCEL', 'NELDA', 'RODERICK']
['ROXANNE', 'AIMEE', 'RACHELLE', 'MARCELINO']
['EDMUND', 'EMIL', 'ALI', 'MINERVA', 'GRETCHEN']
['ANGELICA', 'RENA', 'LEOLA', 'LANE']
['GARRETT', 'DEWAYNE', 'JACKSON', 'LILLY']
['ISAAC', 'JOHNNIE', 'MYRNA', 'DAPHNE', 'HARRIS', 'VIRGIL', 'CHRISTA']
['TRACEY', 'SALVATORE', 'WILL', 'RAPHAEL', 'TERRIE', 'JULIAN', 'HATTIE']
['ROBYN', 'MARLA', 'ALTA', 'LETHA', 'KENT']
['CEDRIC', 'OTTO', 'BRYON', 'CARLO']
['FRANCIS', 'TAMMIE', 'ESTER', 'HILARY', 'DIANNE', 'EUNICE']
['LOWELL', 'TEDDY', 'ARMAND', 'TRENTON', 'TONI', 'JODI']
['WILLARD', 'ADRIENNE', 'LATASHA', 'PETRA', 'ESTELA']
['GREGG', 'REYNALDO', 'ALVARO', 'KURTIS']
['ROSALIE', 'BONITA', 'GRACIELA', 'VALARIE', 'LETICIA']
['SHERMAN', 'BRET', 'JEFFRY', 'HUNTER']
['ROSS', 'ALEXANDRA', 'PATRICE', 'IMOGENE', 'BRIANNA']
['MIRIAM', 'WILSON', 'MORGAN', 'DANE', 'AURELIO', 'BILLIE']
['BROOKE', 'RONDA', 'JOLENE', 'ROSALYN']
['VELMA', 'DEVIN', 'JESS', 'JOESPH', 'WINFRED', 'MORRIS']
['ANDY', 'BETHANY', 'SHERRIE', 'KEISHA', 'EARLINE']
['SYLVESTER', 'TRENT', 'THURMAN', 'VITO']
['SADIE', 'ADDIE', 'LACEY', 'CATALINA']
['KIM', 'HUMBERTO', 'NED', 'COLLIN']
['SALVADOR', 'BERNADETTE', 'FRANCINE', 'GLENNA', 'AVA', 'BECKY', 'LINWOOD']
['VIOLET', 'ROOSEVELT', 'EMMANUEL', 'SAMMIE', 'DENVER', 'ERIKA']
['PERRY', 'TRACI', 'DELORIS', 'GABRIELA', 'MIA']
['KRISTINA', 'ISRAEL', 'STEPHAN', 'RUSTY', 'CARTER']
['KIRK', 'JODY', 'STACIE', 'KERI', 'CLARISSA', 'SIDNEY', 'MARSHALL', 'SHELLY']
['JERMAINE', 'LOUIE', 'MICHEL', 'LEONEL']
['SERGIO', 'KENDRA', 'ADRIANA', 'URSULA', 'LIDIA']
['FORREST', 'VICENTE', 'MONTY', 'EMORY']
['MARION', 'JASMINE', 'CHERI', 'LIZZIE', 'CORRINE']
['MAE', 'WILBERT', 'LAMONT', 'RORY', 'PASQUALE']
['TRACY', 'NICHOLE', 'SHELBY', 'KIRSTEN', 'ALEXANDRIA', 'STUART']
['LELAND', 'STACY', 'MOHAMMAD']
['RACHAEL', 'ABIGAIL', 'SHANA', 'CONCEPCION']
['DAISY', 'GARLAND', 'REGGIE', 'MARIANO']
['CHELSEA', 'CELESTE', 'ADELINE', 'TIA']
['RAMONA', 'MABLE', 'MILES', 'MASON', 'DANIAL', 'CHRISTIE']
['TERRANCE', 'CLARK', 'JEWEL', 'MAYRA', 'SHARRON']
['SHERRI', 'ERNESTINE', 'MICAH', 'GRAHAM', 'BLAIR', 'DEWEY']
['RENE', 'IRVING', 'CARA', 'JAYNE', 'RAE']
['MURIEL', 'EFRAIN', 'KRIS', 'LANDON']
['EDUARDO', 'CARROLL', 'ADELE', 'JACLYN', 'DONA']
['KATRINA', 'MARCELLA', 'REBEKAH', 'ISAIAH', 'DIRK']
['TERRENCE', 'BRYANT', 'LOGAN', 'GRACIE', 'ERICKA', 'BYRON']
['CLAIRE', 'ELENA', 'LUCINDA', 'VAUGHN', 'BRANDEN']
['ENRIQUE', 'OWEN', 'HEATH', 'SONDRA', 'JAMI']
['KRYSTAL', 'DORTHY', 'GUS', 'ADAN']
['FREDDIE', 'RUFUS', 'RODGER', 'CARMELA', 'ELNORA']
['LINDSAY', 'ANGELINA', 'CHRIS', 'AVERY', 'NUMBERS']
['WADE', 'WOODROW', 'HARLEY', 'MARISA', 'CHANDRA', 'BRANDY', 'OLGA', 'LINDSEY', 'WILBUR', 'BENNIE', 'SIMON']
['GENEVA', 'NADINE', 'EFFIE', 'LOYD', 'CLAIR']
['SAMMY', 'DEMETRIUS', 'ROSALIND', 'LENORE']
['GUADALUPE', 'KARI', 'TRINA', 'DIEGO', 'BUFORD', 'BELINDA']
['KRISTOPHER', 'ETHAN', 'CHARITY', 'NEVA']
['ESTELLE', 'REBA', 'TONIA', 'GERMAN']
['FREDRICK', 'MACK', 'ELDON', 'ADOLPH', 'MARYLOU']
['MARGARITA', 'DIANNA', 'SHAWN', 'BEATRIZ', 'BERNIE', 'DARYL']
['ARTURO', 'LEVI', 'ROCKY', 'NORRIS', 'MELISA']
['SHERYL', 'PAULETTE', 'SALLIE', 'MARISOL', 'WILMER', 'MISTY']
['MARCOS', 'PIERRE', 'MILLARD', 'TABATHA']
['CORA', 'LORA', 'AURORA', 'CLARICE', 'JOAN']
['JACKIE', 'GUSTAVO', 'JUNIOR', 'ROCCO', 'SERENA']
['FAYE', 'MONA', 'LENORA', 'JEANINE', 'EMERSON']
['JOEY', 'JAKE', 'FREDDY', 'GONZALO', 'AVIS']
['ADA', 'DOREEN', 'ETTA', 'SHEENA', 'ZACHERY']
['NICK', 'LIONEL', 'ELI', 'DERICK', 'ALLIE']
['NATASHA', 'ROSEMARIE', 'LOTTIE', 'ANGELINE', 'FLETCHER']
['LUTHER', 'MARTY', 'BRYCE', 'RODRIGO', 'SOFIA']
['SABRINA', 'ANGEL', 'KERRI', 'FRIEDA', 'JACQUES', 'CECILE']
['TAYLOR', 'ANTOINE', 'GERRY', 'JEANIE']
['ISABEL', 'DESIREE', 'TRISHA', 'LILY', 'ERROL']
['JEREMIAH', 'ELLIS', 'ROBBIE', 'STACEY', 'ODESSA']
['MARGUERITE', 'ANTONIA', 'NIKKI', 'CARMEN', 'DALTON', 'SANDY']
['EVAN', 'DALLAS', 'KENDALL', 'SHAUNA', 'NANNIE']
['HOPE', 'ESTELLA', 'WILEY', 'MONROE']
['JULIUS', 'GILBERTO', 'ROYCE', 'MILLIE', 'HARRIETT']
['HARRIET', 'GINGER', 'FRANCISCA', 'RIGOBERTO', 'JOSUE']
['DANA', 'CLINT', 'STERLING', 'CLAUDETTE', 'LORAINE', 'AUSTIN']
['MOLLY', 'JANIS', 'JOSIE', 'ALPHONSO', 'PENELOPE']
['DONNIE', 'NICOLAS', 'MICKEY', 'CATHLEEN', 'EDWARDO']
['CECILIA', 'BETSY', 'TRACIE', 'TY', 'MILAGROS', 'LEONA', 'FABIAN']
['OTIS', 'LAURENCE', 'CHASE', 'ANGELIA', 'BOOKER']
['KRISTI', 'MARISSA', 'GABRIELLE', 'EMILIA']
['SHANNON', 'ISMAEL', 'GROVER', 'RICKIE', 'WILFORD']
['BRANDI', 'FREDA', 'KARIN', 'AUTUMN', 'BENITA', 'SETH']
['TREVOR', 'ORVILLE', 'ELTON', 'NOE', 'SONNY']
['BLANCHE', 'MERCEDES', 'BRITTNEY', 'KATHARINE', 'ALLYSON', 'BOBBIE']
['OLIVER', 'DREW', 'CLEVELAND', 'VERN']
['MEREDITH', 'JANELLE', 'SUMMER']
['LUKE', 'LYNETTE', 'DYLAN', 'JODIE']
['ROSIE', 'ERVIN', 'LOURDES', 'REED']
['HOMER', 'TERI', 'CHUCK', 'STACI']
['JOANNA', 'LAUREL', 'JEFFERSON']
['GERARD', 'CRISTINA', 'DAMIAN', 'LEA']
['IRIS', 'AL', 'HELENE', 'ELVIS']
['DOUG', 'EULA', 'REUBEN', 'CHRISTI']
['WILFRED', 'FERN', 'BERNARDO']
['KENNY', 'LEIGH', 'STAN', 'JIMMIE']
['ANGIE', 'JOSH', 'ELVA', 'MAURICIO']
['HUBERT', 'MEGHAN', 'AUGUST', 'JUSTINE']
['HUGO', 'CORINNE', 'HIRAM']
['ANGELO', 'SOPHIA', 'LEONARDO', 'ELMA']
['LYNDA', 'IGNACIO', 'KELSEY', 'DONOVAN']
['SHAUN', 'ELOISE', 'JASPER', 'LUELLA']
['MADELINE', 'CALEB', 'INA', 'BASIL']
['LYLE', 'ROCHELLE', 'RUSSEL', 'MARGRET']
['AMELIA', 'TOMAS', 'BETTIE', 'RILEY']
['MATT', 'ERWIN', 'DOMINIQUE']
['ALBERTA', 'SHELDON', 'ELISABETH', 'SOCORRO']
['LYNN', 'CECELIA', 'BENITO', 'NICKOLAS']
['GENEVIEVE', 'ERICK', 'AIDA', 'MAYNARD']
['ALFONSO', 'RAQUEL', 'HANS', 'MARTINA']
['MONIQUE', 'FRANKIE', 'CAITLIN', 'SCOT']
['ORLANDO', 'HENRIETTA', 'MONTE', 'MARGO']
['STEWART', 'INGRID', 'VINCE']
['REX', 'ALYSSA', 'BLAINE', 'MAVIS']
['JANIE', 'DOYLE', 'IVA', 'QUINCY']
['CARLTON', 'JANA', 'ERNIE', 'CALLIE']
['MAGGIE', 'DARREL', 'EUGENIA', 'EDDY']
['ERNESTO', 'KELLEY', 'CURT', 'BOBBI', 'SONIA']
['KAYLA', 'ROGELIO', 'SEBASTIAN']
['CAMERON', 'GWEN', 'QUENTIN', 'MARITZA']
['SONYA', 'TERENCE', 'GOLDIE', 'FEDERICO']
['NEAL', 'SANTIAGO', 'AGUSTIN', 'LUCILE']
['JAN', 'JENNA', 'CASSIE', 'ULYSSES']
['PABLO', 'ALONZO', 'MURRAY', 'LEANNE']
['LEE', 'TRICIA', 'MAUDE', 'HERIBERTO']
['LORENZO', 'ELIAS', 'JAMAL', 'JEANNINE']
['KRISTINE', 'LAVERNE', 'JENIFER', 'DONNELL']
['OMAR', 'BERT', 'DEVON', 'DEANA']
['CANDACE', 'OLIVE', 'THERESE', 'COLE']
['ELBERT', 'ADOLFO', 'AILEEN']
['FANNIE', 'ALEXIS', 'HARRISON', 'DENNY']
['BLAKE', 'RAMIRO', 'DENA', 'LORIE', 'ALEJANDRO']
['MARYANN', 'TASHA', 'TYSON', 'DAVIS']
['GRANT', 'CONRAD', 'LORNA', 'LADONNA']
['OPAL', 'SILVIA', 'BURTON', 'GAVIN']
['HORACE', 'ELVIRA', 'JANETTE', 'WILLA']
['ALISON', 'NOAH', 'BRADY', 'EMERY']
['CASEY', 'LATONYA', 'MANUELA']
['YVETTE', 'GRADY', 'ELLIOTT', 'WARD']
['KERRY', 'DELIA', 'CANDY']
['MELODY', 'PHIL', 'WILFREDO', 'ROMEO', 'WENDELL']
['ABRAHAM', 'SOPHIE', 'BART', 'SELMA']
['LUZ', 'CORNELIUS', 'CONSUELO', 'JAYSON']
['WILLIS', 'KATE', 'JARROD', 'DOLLY']
['SUSIE', 'LAMAR', 'TAMIKA', 'DION']
['RICKEY', 'PATTI', 'VANCE', 'SYBIL']
['OLIVIA', 'ROLANDO', 'ROSETTA', 'DANTE']
['JEAN', 'LORENA', 'DENIS', 'ABBY']
['FLORA', 'CLAY', 'DEBORA', 'CLEMENT']
['IRA', 'KELLIE', 'DAMIEN', 'LARA']
['SHELLEY', 'PERCY', 'CHERIE', 'COY']
['ANDRES', 'SONJA', 'JOAQUIN', 'DALE']
['KRISTY', 'DEXTER', 'POLLY', 'ODELL']
['CESAR', 'LILA', 'HARLAN', 'IVY']
['MAMIE', 'BRADFORD', 'DINA', 'MAXWELL', 'FELICIA']
['JOHNATHAN', 'LANA', 'DESMOND', 'DEE', 'CLIFTON']
['LULA', 'MERLE', 'JEWELL', 'JARVIS']
['MALCOLM', 'DARLA', 'ELLIOT', 'WINNIE', 'JENNY']
['LOLA', 'DARIN', 'FAY', 'BRUNO']
['RUDOLPH', 'MAY', 'DARWIN', 'MARCY']
['VERNA', 'AMOS', 'JILLIAN', 'ISSAC']
['DAMON', 'MINDY', 'ASHLEY', 'LUISA']
['BEULAH', 'TERRELL', 'DOROTHEA', 'MARY']
['KELVIN', 'ESSIE', 'GREGORIO', 'JERI']
['ANTOINETTE', 'MOSES', 'NELL', 'DUDLEY']
['RUDY', 'MANDY', 'BUDDY', 'MAGDALENA']
['CANDICE', 'IRVIN', 'TRUDY']
['PRESTON', 'LORENE', 'XAVIER', 'OFELIA', 'GALE']
['JUANA', 'SAUL', 'ESPERANZA', 'SANFORD']
['ELSA', 'KERMIT', 'MEAGAN']
['JEANNETTE', 'ROMAN', 'PATRICA', 'COLBY']
['ARCHIE', 'JOSEFINA', 'ROSCOE', 'AUDRA']
['PAM', 'DARNELL', 'KIMBERLEY', 'CARMELO']
['MARCO', 'JEANNIE', 'ESTEBAN', 'MATILDA']
['KELLI', 'RANDAL', 'SHANNA', 'BARNEY']
['WM', 'MIRANDA', 'ANTON', 'LEILA', 'BROCK']
['HANNAH', 'TOMMIE', 'HELENA', 'NESTOR']
['PETE', 'DIXIE', 'SOLOMON', 'CORNELIA']
['WHITNEY', 'TIMMY', 'CAROLINA', 'HOLLIS']
['RANDOLPH', 'LUCIA', 'SCOTTY', 'BIANCA', 'ALTON']
['BRIDGET', 'DARRIN', 'CLEO', 'STEFAN']
['GARRY', 'MARTA', 'NORBERT', 'SIMONE']
['KARLA', 'WINSTON', 'STEFANIE', 'DONNY']
['GEOFFREY', 'FAITH', 'ELVIN', 'BETTYE']
['CELIA', 'BRENDAN', 'ROSARIO', 'ART']
['JONATHON', 'LELA', 'WILLIAMS', 'RANDI']
['LATOYA', 'TOBY', 'OLA']
['FELIPE', 'JOHANNA', 'NOLAN', 'VIRGIE']
['PATTY', 'VAN', 'JANINE', 'BEAU']
['SHARI', 'CAREY', 'LATISHA']
['SHELIA', 'ABEL', 'MOLLIE', 'WELDON']
['GERARDO', 'CAMILLE', 'ROD', 'BARBRA']
['GAYLE', 'DOMINICK', 'LUPE', 'GALEN']
['ED', 'TAMI', 'QUINTON', 'GEORGINA']
['DELLA', 'BOYD', 'ALISA', 'ISIDRO']
['DOMINIC', 'SHAWNA', 'HAL', 'ELIZA']
['VICKY', 'COURTNEY', 'LOU', 'TRUMAN']
['ROBIN', 'ELISA', 'BRAIN', 'LEANN']
['LYNNE', 'EBONY', 'MARIBEL', 'DELMAR']
['LOREN', 'EMILIO', 'ROB', 'BRIDGETTE']
['SHERI', 'MELBA', 'SUSANNE', 'JOHNATHON']
['DELBERT', 'ELIJAH', 'ELWOOD', 'RHODA']
['MARIANNE', 'ORA', 'BETTE', 'SILAS']
['COLIN', 'CARY', 'KENDRICK', 'HALEY']
['KARA', 'NETTIE', 'SUSANA', 'FREDERIC']
['GUILLERMO', 'DOMINGO', 'DARIUS', 'ADELA']
['JACQUELYN', 'TABITHA', 'ELISE', 'DICK']
['EARNEST', 'SANTOS', 'MOISES', 'NOLA']
['ERMA', 'OLLIE', 'KIRBY', 'INEZ']
['LUCAS', 'AUBREY', 'SON', 'BERNADINE']
['BLANCA', 'JAIME', 'ISABELLE', 'IRWIN']
['BENNY', 'EMMETT', 'MARLIN', 'FLOSSIE']
['MYRA', 'WINIFRED', 'LESLEY', 'CRUZ']
['NOEL', 'MARLON', 'FIDEL', 'ILA']
['KRISTIE', 'JOCELYN', 'MERLIN']
['SPENCER', 'EMANUEL', 'THADDEUS', 'GRETA']
['PAT', 'MARINA', 'PAIGE', 'MERRILL']
