['90', '120', '210', '240', '270', '330', '360', '390', '480', '510', '540', '570', '600', '630', '660', '690', '720', '750', '7', '22', '24', '25', '36', '108', '190', '215', '310', '440', '453']
['61', '91', '151', '181', '211', '271', '331', '361', '391', '421', '451', '481', '511', '541', '601', '631', '661', '691', '721', '781', '9', '14', '23', '26', '52', '208', '259', '359', '657']
['32', '92', '212', '272', '302', '332', '362', '422', '482', '512', '542', '572', '632', '662', '692', '722', '752', '782', '8', '44', '46', '60', '94', '123', '175', '184', '262', '397', '460', '645']
['63', '93', '153', '183', '213', '243', '273', '303', '333', '363', '393', '423', '483', '513', '543', '573', '603', '663', '723', '753', '17', '56', '107', '127', '141', '261', '517', '669', '700']
['124', '154', '214', '304', '364', '394', '424', '454', '484', '514', '544', '574', '604', '634', '664', '694', '754', '784', '11', '27', '33', '50', '78', '158', '172', '220', '606', '611', '621', '736']
['65', '95', '125', '155', '185', '245', '275', '305', '365', '395', '425', '455', '485', '515', '605', '635', '665', '695', '725', '755', '785', '20', '71', '114', '225', '366', '420', '428', '588', '641']
['66', '96', '126', '156', '216', '246', '276', '396', '426', '456', '486', '516', '546', '576', '636', '666', '696', '726', '756', '786', '68', '241', '287', '452', '475', '593', '633', '741']
['97', '157', '187', '247', '307', '337', '367', '427', '457', '487', '547', '577', '607', '637', '697', '727', '757', '787', '3', '10', '64', '89', '386', '780']
['38', '98', '128', '188', '248', '308', '338', '398', '458', '488', '578', '608', '638', '668', '698', '728', '758', '788', '13', '43', '72', '75', '85', '177', '226', '301', '378', '466', '520', '672']
['159', '189', '309', '339', '369', '399', '459', '489', '519', '579', '609', '639', '699', '729', '759', '789', '30', '34', '87', '101', '171', '174', '206', '252', '335', '403', '441', '463', '649', '677']
['40', '70', '160', '250', '280', '340', '370', '400', '550', '580', '610', '640', '670', '730', '760', '790', '12', '54', '84', '86', '111', '186', '239', '257', '327', '479', '762']
['161', '251', '281', '311', '341', '371', '401', '461', '521', '551', '581', '671', '701', '731', '761', '791', '4', '42', '130', '139', '144', '145', '204', '218', '233', '238', '490', '557', '681', '704']
['132', '192', '222', '282', '312', '372', '402', '432', '462', '492', '522', '552', '582', '612', '642', '702', '732', '792', '39', '57', '69', '115', '131', '200', '219', '228', '264', '350', '767']
['73', '103', '133', '163', '223', '253', '313', '343', '373', '433', '553', '583', '613', '643', '673', '703', '763', '793', '49', '102', '113', '147', '549', '571', '795']
['74', '134', '164', '194', '224', '254', '284', '314', '374', '404', '434', '464', '494', '554', '584', '614', '644', '674', '734', '764', '794', '18', '122', '283', '300', '429', '523']
['45', '105', '135', '195', '285', '315', '345', '375', '435', '495', '525', '585', '615', '675', '705', '735', '765', '62']
['16', '106', '136', '196', '256', '286', '316', '346', '376', '406', '436', '526', '556', '586', '616', '646', '676', '706', '766', '796', '1', '48', '51', '67', '79', '203', '279', '470', '503', '751']
['137', '167', '197', '227', '317', '347', '407', '437', '467', '497', '527', '617', '647', '707', '737', '797', '100', '166', '168', '234', '293', '545', '569', '667']
['138', '198', '288', '318', '348', '438', '468', '558', '618', '648', '678', '708', '768', '798', '118', '152', '244', '344', '409', '445', '555']
['169', '199', '229', '289', '319', '349', '379', '439', '469', '499', '529', '559', '619', '679', '709', '739', '769', '799', '31', '37', '41', '76', '82', '178', '217', '524', '587', '592', '738']
['80', '110', '170', '260', '320', '380', '410', '500', '530', '560', '590', '620', '650', '680', '710', '740', '770', '0', '77', '121', '129', '191', '277', '405', '430', '774']
['21', '81', '201', '231', '291', '321', '351', '381', '411', '471', '501', '531', '561', '591', '651', '711', '771', '2', '99', '193', '274', '408']
['112', '142', '202', '232', '292', '322', '352', '382', '412', '442', '472', '502', '532', '562', '622', '682', '712', '742', '772', '58', '104', '221', '263', '297', '336', '496', '718']
['53', '83', '173', '323', '353', '383', '413', '443', '473', '533', '563', '653', '683', '713', '743', '773', '6', '109', '148', '162', '268', '278', '334', '368', '594']
['294', '324', '354', '384', '414', '444', '474', '504', '534', '564', '624', '654', '684', '714', '744', '15', '249', '258', '290', '623', '652', '724', '733']
['55', '205', '235', '265', '295', '355', '385', '415', '505', '535', '565', '595', '625', '655', '685', '715', '745', '775', '5', '19', '29', '35', '47', '119', '180', '182', '255', '377', '493', '602']
['146', '236', '266', '296', '326', '356', '416', '446', '476', '506', '536', '566', '596', '626', '656', '686', '716', '746', '776', '28', '230', '298', '306', '342', '392', '450', '465', '491', '498', '528']
['117', '207', '237', '267', '357', '387', '417', '447', '477', '507', '537', '567', '597', '627', '687', '717', '747', '777', '143', '176', '242', '325', '328', '431', '509', '518', '589', '598', '693', '783']
['88', '388', '418', '448', '478', '508', '538', '568', '628', '658', '688', '748', '165', '548', '575']
['59', '149', '179', '209', '269', '299', '329', '389', '419', '449', '539', '599', '629', '659', '689', '719', '749', '779', '116', '140', '150', '358', '778']
