['0', '230', '276', '322', '368', '414', '506', '552', '598', '690', '736', '874', '63', '91', '231', '275', '301', '302', '330', '331', '413', '505', '509', '510', '527', '553', '582', '599', '735', '846', '875']
['1', '47', '139', '185', '277', '323', '369', '415', '461', '507', '645', '783', '921', '23', '46', '48', '138', '153', '154', '184', '304', '333', '370', '396', '416', '460', '637', '646', '811', '812', '920']
['2', '94', '232', '278', '324', '462', '508', '554', '600', '738', '830', '876', '306', '335', '451', '463', '513', '514', '601', '824', '831', '842', '843', '877']
['3', '49', '95', '141', '187', '325', '371', '417', '555', '647', '923', '157', '158', '326', '337', '529', '556', '648', '665', '666', '922', '924']
['4', '96', '142', '234', '280', '464', '602', '694', '740', '832', '878', '10', '143', '160', '465', '716', '741']
['5', '51', '97', '327', '373', '419', '557', '603', '649', '695', '787', '879', '925', '12', '25', '52', '328', '340', '341', '343', '372', '418', '420', '698', '699', '880', '926']
['6', '144', '190', '236', '282', '466', '512', '650', '742', '788', '212', '237']
['7', '53', '145', '191', '329', '375', '421', '559', '651', '697', '789', '881', '927', '194', '195', '344', '345', '374', '376', '531', '560', '703']
['8', '100', '146', '238', '284', '468', '606', '652', '744', '790', '836', '882', '101', '167', '168', '239', '283', '285', '497', '675', '676', '718', '743', '745', '791', '819', '837', '854', '855', '883', '884']
['9', '55', '147', '193', '377', '423', '469', '515', '561', '607', '929', '27', '54', '56', '170', '192', '198', '199', '422', '562', '928']
['102', '148', '240', '286', '332', '378', '470', '516', '654', '700', '746', '792', '838', '930', '214', '241', '287', '350', '351', '379', '380', '441', '501', '680', '696', '701', '747', '858', '859']
['11', '57', '103', '425', '471', '517', '563', '609', '793', '839', '885', '58', '608']
['150', '196', '242', '288', '334', '426', '472', '518', '564', '610', '656', '702', '748', '794', '840', '886', '176', '243', '533', '534', '565', '720', '749', '795', '891', '892']
['13', '59', '105', '151', '197', '381', '473', '519', '611', '841', '887', '933', '60', '104', '106', '511', '520', '535', '536', '612']
['152', '244', '336', '382', '474', '566', '658', '704', '750', '796', '888', '387', '388']
['61', '107', '245', '291', '383', '429', '475', '521', '613', '705', '797', '935']
['16', '62', '108', '200', '292', '338', '384', '568', '660', '706', '752', '798', '844', '890', '936', '33', '34', '293', '362', '363', '392', '567', '569', '570', '571', '644', '659', '691', '692', '751', '799', '870']
['109', '155', '201', '339', '431', '477', '523', '615', '707', '753', '845', '186', '365', '430', '476', '478', '544', '614', '722', '723', '754', '872', '873']
['18', '64', '156', '202', '248', '294', '386', '432', '524', '616', '662', '800', '938', '38', '188', '295', '433', '661', '937']
['65', '203', '249', '479', '525', '617', '663', '709', '755', '801', '847', '893', '939', '68', '69', '218', '219', '250', '618', '708']
['20', '112', '296', '342', '434', '480', '526', '572', '664', '710', '756', '802', '940', '728', '729', '941']
['21', '67', '113', '159', '205', '251', '389', '435', '481', '573', '619', '711', '849', '895', '204', '482', '833', '848']
['22', '252', '436', '528', '574', '620', '758', '850', '942']
['161', '207', '299', '391', '483', '575', '621', '667', '713', '805', '851', '897']
['24', '70', '116', '162', '208', '254', '300', '346', '438', '530', '576', '668', '714', '760', '852', '898', '50', '66', '71', '78', '79', '163', '229', '253', '437', '558', '669', '737', '757', '759', '889']
['117', '209', '255', '347', '393', '485', '577', '623', '715', '807', '853', '118', '259', '260', '385', '394', '409', '410', '484', '622', '739', '806']
['26', '72', '164', '210', '256', '348', '486', '532', '624', '670', '762', '808', '900', '165', '233', '671']
['119', '211', '303', '349', '395', '487', '579', '625', '717', '763', '809', '901', '235', '488', '771', '772']
['28', '74', '120', '166', '258', '442', '672', '764', '810', '856', '902', '673']
['29', '75', '121', '213', '305', '397', '443', '489', '581', '627', '719', '857', '903', '14', '30', '596', '597', '626', '628']
['76', '352', '398', '490', '674', '766', '904']
['77', '123', '169', '215', '261', '307', '353', '399', '445', '491', '537', '583', '629', '721', '813', '92', '93', '122', '124']
['32', '308', '400', '538', '630', '768', '814', '860', '906', '15', '31', '279', '309', '401', '424', '539', '631', '632', '693', '761', '767', '769', '781', '782', '784', '861', '905', '931', '932']
['125', '171', '217', '263', '355', '447', '493', '585', '677', '907', '172', '216', '246', '247', '257', '262', '264', '354', '446', '454', '455', '492', '584', '586', '604', '605', '653', '678', '894', '908', '934']
['80', '126', '310', '356', '402', '448', '494', '540', '724', '770', '816', '862', '98', '99', '127', '128', '189', '427', '428', '444', '449', '456', '457', '467', '495', '785', '786', '815', '817', '863']
['35', '81', '173', '265', '311', '357', '403', '541', '587', '633', '679', '725', '909', '17', '36', '82', '149', '174', '266', '281', '312', '358', '390', '404', '522', '542', '588', '726', '910']
['220', '450', '496', '634', '818', '864', '639', '640', '865']
['37', '83', '129', '175', '221', '267', '313', '359', '405', '543', '589', '635', '681', '727', '773', '911', '222', '314', '406', '642', '655', '682', '774']
['84', '130', '268', '360', '452', '498', '590', '636', '820', '866', '912', '73', '85', '135', '136', '578', '591', '896', '943', '944']
['39', '131', '177', '223', '269', '361', '407', '453', '545', '683', '775', '821', '867', '19', '40', '765', '776']
['86', '132', '224', '270', '316', '408', '500', '592', '638', '730', '868', '914', '87', '110', '111', '140', '206', '225', '271', '289', '290', '315', '317', '318', '319', '439', '440', '499', '593', '731', '913', '915']
['41', '179', '547', '685', '777', '823', '869', '42', '178', '180', '546', '548', '657', '684', '686', '778', '822', '828', '829']
['88', '134', '226', '272', '364', '502', '594', '732', '916', '89', '114', '115', '133', '227', '503', '580', '595', '712', '733']
['43', '181', '273', '411', '549', '641', '687', '779', '825', '871', '917', '550', '688', '803', '804', '899', '918']
['90', '182', '228', '274', '320', '366', '412', '458', '504', '734', '780', '826', '297', '298', '834', '835']
['45', '137', '183', '321', '367', '459', '551', '643', '689', '827', '919', '44']
