['126', '376', '501', '626', '751', '5', '34', '44', '317']
['127', '252', '377', '502', '627', '752', '877', '7', '20', '25']
['253', '378', '503', '753', '878', '63', '133', '176', '360']
['129', '379', '504', '629', '879', '22', '79', '128', '423']
['380', '755', '880', '102', '135', '216', '282', '354', '625', '881']
['381', '506', '631', '756', '184', '246', '254', '271', '306']
['132', '257', '382', '507', '757', '882', '52', '57', '416', '923']
['258', '508', '633', '758', '883', '414']
['134', '259', '384', '509', '759', '884']
['385', '510', '635', '760', '885', '247', '876']
['261', '386', '511', '636', '761', '886']
['262', '387', '512', '637', '762', '887', '41', '776']
['388', '513', '638', '763', '888', '6']
['139', '264', '389', '514', '639', '764', '889', '71', '198']
['265', '390', '515', '640', '765', '890', '2', '85', '370', '949']
['266', '391', '516', '641', '766', '891', '93', '120', '383', '712']
['142', '392', '517', '767', '892', '141', '152', '443', '628', '696']
['143', '393', '518', '643', '768', '893']
['269', '394', '644', '769', '894']
['270', '395', '520', '645', '770', '895']
['396', '521', '646', '771', '896']
['522', '647', '772']
['273', '398', '523', '648', '773', '898', '963']
['524', '649', '774']
['150', '275', '400', '525', '650', '775', '900', '151']
['276', '526', '651']
['277', '527', '652', '777', '902', '107', '131']
['28', '153', '278', '403', '528', '653', '778', '903', '66']
['29', '154', '279', '404', '529', '654', '779', '904']
['280', '405', '530', '655', '780', '905', '87', '137']
['31', '156', '281', '406', '531', '656', '781', '906']
['407', '532', '782']
['158', '283', '408', '533', '658', '783', '908', '26', '51', '140']
['284', '409', '534', '659', '784', '909', '15', '18', '89', '268']
['160', '410', '535', '660', '785', '910', '21', '95', '157', '302']
['161', '286', '411', '536', '661', '786', '911', '14', '50', '182']
['37', '287', '412', '537', '787', '912', '10', '88', '255', '938']
['163', '288', '413', '538', '663', '788', '913', '56', '183', '194']
['39', '164', '289', '664', '789', '914', '189', '497']
['40', '165', '290', '415', '540', '665', '790', '915', '144', '219']
['166', '291', '666', '791', '916', '293', '397', '472', '613', '657']
['42', '292', '417', '542', '667', '792', '917', '33', '45', '325']
['418', '543', '793', '918', '285', '561']
['294', '419', '544', '669', '794', '919']
['170', '420', '545', '670', '795', '920', '121']
['46', '171', '296', '421', '546', '671', '796', '921', '74', '541']
['47', '172', '297', '422', '547', '672', '797', '922', '16', '82']
['173', '548', '673', '798', '43']
['49', '174', '424', '549', '674', '799', '924', '104', '145', '754']
['300', '425', '550', '675', '800', '925', '901']
['301', '426', '551', '676', '801', '926']
['177', '427', '552', '677', '802', '927', '630']
['53', '178', '303', '553', '678', '803', '928']
['54', '179', '304', '429', '554', '679', '804', '929']
['180', '305', '430', '555', '680', '805', '930', '556']
['181', '681', '806', '931']
['307', '432', '557', '682', '807', '932']
['58', '558', '683', '808', '933', '13', '519']
['59', '309', '434', '559', '684', '809', '934', '402', '968']
['185', '310', '435', '560', '685', '810', '935']
['186', '436', '686', '811', '936']
['187', '312', '437', '562', '687', '812', '937', '298']
['188', '313', '438', '563', '688', '813', '230']
['64', '314', '564', '689', '939']
['65', '315', '440', '565', '690', '815', '940', '11', '78', '202']
['191', '316', '441', '566', '691', '816', '941', '24', '36', '105']
['192', '442', '567', '692', '817', '942', '19', '91', '114', '632']
['193', '318', '693', '818', '159', '213', '233']
['319', '444', '569', '694', '819', '944', '75', '149', '225', '431']
['70', '195', '445', '570', '820', '945', '243', '274']
['196', '321', '446', '571', '946', '256', '399', '433']
['72', '197', '322', '447', '572', '697', '822', '251', '272']
['73', '323', '448', '573', '698', '823', '948', '68', '175', '349']
['199', '324', '449', '574', '699', '824', '539', '598', '844']
['200', '450', '575', '700', '825', '950', '38', '814']
['201', '451', '576', '701', '826', '951', '897', '899', '907']
['77', '327', '452', '577', '702', '827', '952', '662']
['203', '328', '453', '703', '828', '953', '147', '155', '167', '846']
['204', '329', '454', '579', '704', '829', '954', '55', '237', '326']
['80', '205', '330', '455', '580', '705', '830', '955']
['81', '331', '456', '581', '706', '831', '956']
['207', '332', '457', '582', '707', '832', '957']
['83', '208', '333', '458', '583', '708', '833', '958', '3', '30']
['209', '334', '459', '584', '709', '834', '959']
['210', '335', '460', '585', '710', '835', '960', '375']
['211', '336', '461', '586', '711', '836', '961', '60', '206', '308']
['212', '337', '462', '587', '837', '962']
['338', '588', '713', '838']
['214', '464', '589', '714', '964', '295']
['90', '215', '340', '465', '590', '715', '840', '965', '69', '190']
['341', '466', '591', '716', '841', '966', '488']
['92', '217', '592', '717', '842', '967', '27', '84', '344']
['218', '343', '468', '593', '843']
['94', '469', '719', '839']
['220', '345', '470', '595', '720', '970']
['96', '221', '346', '471', '596', '721', '971', '8', '267']
['222', '347', '597', '722', '847', '972', '17', '35', '138']
['98', '223', '348', '473', '723', '848', '973', '122', '146', '849']
['224', '474', '599', '724', '974', '86', '311', '463', '695', '947']
['100', '350', '475', '600', '725', '850', '975', '48', '169', '320']
['101', '226', '351', '476', '601', '726', '851', '976', '9', '23']
['227', '477', '602', '727', '852', '977', '61', '401', '568', '634']
['228', '353', '478', '603', '728', '853', '978', '12', '136', '148']
['229', '479', '604', '729', '854', '979', '62']
['355', '480', '605', '730', '855', '980', '32', '439', '969']
['106', '231', '356', '481', '606', '731', '856', '981', '428', '467']
['232', '357', '482', '607', '732', '857', '982']
['358', '483', '608', '733', '858', '983', '162', '263', '352', '594']
['109', '234', '359', '484', '609', '734', '859', '984', '4', '130']
['110', '235', '485', '610', '735', '860', '985', '943']
['111', '236', '361', '486', '611', '736', '861', '986', '642', '718']
['112', '362', '487', '612', '737', '862', '987', '342', '505']
['113', '238', '363', '738', '863', '988']
['239', '364', '489', '614', '739', '864', '989', '76', '99']
['115', '240', '365', '490', '615', '740', '865', '990', '103']
['116', '241', '366', '616', '741', '866', '991', '168', '339']
['117', '242', '367', '492', '617', '742', '867', '992', '578', '845']
['368', '493', '618', '743', '868', '993', '108']
['119', '244', '369', '494', '619', '744', '869', '994', '1', '67']
['245', '495', '620', '745', '870', '995']
['371', '496', '621', '746', '871', '996']
['372', '622', '747', '872', '997', '299', '668', '821']
['123', '248', '373', '498', '623', '748', '873', '998', '260', '491']
['124', '249', '374', '499', '624', '749', '874', '999', '97', '118']
['125', '250', '500', '750', '875', '1000']
