['Norene', 'Colette', 'Thomasin', 'Rici', 'Hollyanne', 'Melisse', 'Susana', 'Clary', 'Lurette', 'Eddi', 'Miguelita', 'Cherice', 'Bonnee', 'Channa', 'Donna', 'Charline', 'Brietta', 'Mercie', 'Beret', 'Evie']
['Janel', 'Brittany', 'Matilda', 'Gianna', 'Melisa', 'Lucienne', 'Alexina', 'Martita', 'Lanae', 'Mandi', 'Dianemarie', 'Joni', 'Beryl', 'Nolana', 'Rosanna', 'Cissy', 'Rosette', 'Ranee', 'Carmel', 'Rycca']
['Dita', 'Tonie', 'Cherlyn', 'Moyra', 'Dorey', 'Tally', 'Nydia', 'Lynnet', 'Winnifred', 'Petronille', 'Farica', 'Anestassia', 'Alisa', 'Daveta', 'Nicoli', 'Steffie', 'Marybelle', 'Deerdre', 'Miran', 'Jaynell']
['Leonanie', 'Josefina', 'Sibylla', 'Sally', 'Elyn', 'Kristy', 'Johnna', 'Thomasine', 'Tabbi', 'Analise', 'Perrine', 'Franny', 'Natividad', 'Eugine', 'Caye', 'Mickie', 'Ollie', 'Meghan', 'Cindy', 'Venus']
['Austina', 'Wilona', 'Evangelina', 'Bambie', 'Gennie', 'Marlyn', 'Josi', 'Linea', 'Anissa', 'Allix', 'DeeDee', 'Danita', 'Camila', 'Hestia', 'Laurene', 'Kelsey', 'Kassia', 'Yvette', 'Liva', 'Mollee']
['Kasey', 'Modestine', 'Kip', 'Shela', 'Mirabella', 'Rosemary', 'Joycelin', 'Ashil', 'Mufi', 'Francoise', 'Nani', 'Rasia', 'Doroteya', 'Ebony', 'Mitzi', 'Bonnie', 'Debi', 'Adi', 'Bethina', 'Gilemette']
['Adrienne', 'Wallie', 'Maighdiln', 'Gusta', 'Brittni', 'Kiersten', 'Lori', 'Agnella', 'Letisha', 'Lillis', 'Alethea', 'Stephie', 'Shalne', 'Enid', 'Yvonne', 'Pris', 'Noelani', 'Alessandra', 'Trenna', 'Reeta']
['Dody', 'Roxy', 'Viki', 'Glynda', 'Melody', 'Bernice', 'Mara', 'Hedi', 'Bee', 'Gabbie', 'Bliss', 'Ann', 'Lesli', 'Arlette', 'Leonie', 'Veda', 'Janey', 'Dorrie', 'Leonore', 'Lonni']
['Cati', 'Bari', 'Patrizia', 'Henrieta', 'Lian', 'Atlante', 'Jodee', 'Felicity', 'Aleen', 'Janetta', 'Farra', 'Ertha', 'Fredericka', 'Rachelle', 'Eilis', 'Kaela', 'Tierney', 'Alysa', 'Kali', 'Leandra']
['Phelia', 'Elnore', 'Brigitte', 'Philis', 'Gabi', 'Tatum', 'Eadie', 'Sophie', 'Milka', 'Kerrill', 'Eleonore', 'Arlinda', 'Bernie', 'Mirna', 'Kat', 'Theresina', 'Lotte', 'Donielle', 'Sarajane', 'Laryssa']
['Phyllys', 'Celesta', 'Malia', 'Doralyn', 'Arabele', 'Arly', 'Malissa', 'Caitrin', 'Georgena', 'Helaina', 'Roxana', 'Erina', 'Nanni', 'Jorie', 'Andromache', 'Ethelind', 'Andree', 'Maribeth', 'Cinderella', 'Kerianne']
['Yolanthe', 'Willow', 'Tiphanie', 'Etheline', 'Benedicta', 'Gussi', 'Randene', 'Arabella', 'Kitti', 'Bettina', 'Bibbie', 'Madelene', 'Dania', 'Serene', 'Kamila', 'Olenka', 'Aggie', 'Nat', 'Emera', 'Cherise']
['Almeta', 'Tonye', 'Caprice', 'Cassey', 'Jonie', 'Lura', 'Shirl', 'Georgie', 'Debby', 'Lianne', 'Sybilla', 'Hermia', 'Lynelle', 'Daffy', 'Terza', 'Alie', 'Danice', 'Deane', 'Ema', 'Tarra']
['Roseanne', 'Vera', 'Kenna', 'Joye', 'Natalee', 'Selestina', 'Peggy', 'Clair', 'Sella', 'Ardys', 'Imogen', 'Alisun', 'Tisha', 'Kora', 'Linette', 'Ysabel', 'Hailee', 'Berta', 'Cariotta', 'Gerianna']
['Lela', 'Carena', 'Alecia', 'Mary', 'Dode', 'Aura', 'Livvyy', 'Willie', 'Nalani', 'Cristie', 'Hildegaard', 'Nora', 'Laverna', 'Leora', 'Elvira', 'Joeann', 'Morgan', 'Cherianne', 'Gelya', 'Geneva']
['Clara', 'Cristal', 'Kathrine', 'Marlene', 'Merci', 'Ermina', 'Leontyne', 'Jess', 'Agathe', 'Roanne', 'Leland', 'Sissie', 'Dyanne', 'Agneta', 'Sal', 'Xenia', 'Kerri', 'Fina', 'Wally', 'Dorothea']
['Allianora', 'Brandie', 'Alida', 'Eve', 'Krissy', 'Winnie', 'Quintilla', 'Minta', 'Leeanne', 'Vivi', 'Austin', 'Kalinda', 'Yoko', 'Donica', 'Rozalie', 'Perl', 'Benny', 'Lydia', 'Klarrisa', 'Blondelle']
['Krystyna', 'Rorie', 'Norri', 'Natala', 'Judi', 'Marline', 'Mirabelle', 'Gayel', 'Abra', 'Aurelea', 'Karine', 'Roseanna', 'Moira', 'Chrysa', 'Ilka', 'Gratiana', 'Ardisj', 'Jobyna', 'Lisbeth', 'Binni']
['Chelsy', 'Prudi', 'Lenora', 'Jazmin', 'Kelila', 'Tomi', 'Rosamond', 'Sibyl', 'Alison', 'Gloria', 'Klara', 'Elinor', 'Sharlene', 'Nicholle', 'Sybil', 'Reta', 'Adara', 'Vikky', 'Phoebe', 'Marlena']
['Galina', 'Lissi', 'Tabbatha', 'Trescha', 'Caria', 'Manon', 'Vanna', 'Norrie', 'Caren', 'Peta', 'Selena', 'Aili', 'Shelby', 'Veronica', 'Consolata', 'Leila', 'Buffy', 'Esme', 'Lorie', 'Sabra']
['Emmie', 'Angelica', 'Brandise', 'Katerine', 'Clarabelle', 'Neely', 'Alex', 'Gracia', 'Sherrie', 'Annissa', 'Denny', 'Ursa', 'Cordie', 'Konstance', 'Allene', 'Aprilette', 'Raquel', 'Margi', 'Chiquita', 'Donni']
['Suzette', 'Saloma', 'Elnora', 'Tracie', 'Kandace', 'Joellen', 'Cindelyn', 'Sela', 'Eleanora', 'Nathalia', 'Georgia', 'Danit', 'Jaquelyn', 'Freddy', 'Wynny', 'Tiffi', 'Berget', 'Daria', 'Marjie', 'Lauralee']
['Edith', 'Keriann', 'Luciana', 'Camille', 'Merry', 'Regina', 'Emmye', 'Julietta', 'Heddi', 'Latrina', 'Bunnie', 'Rachel', 'Claudia', 'Esmaria', 'Fay', 'Mella', 'Tanhya', 'Marcelle', 'Mercy', 'Clementina']
['Abagael', 'Celestina', 'Val', 'Estrella', 'Trixy', 'Shir', 'Aubine', 'Heida', 'Paloma', 'Angelle', 'Simonne', 'Ellie', 'Teodora', 'Ivonne', 'Damita', 'Elaina', 'Melinde', 'Becka', 'Casi', 'Aggi']
['Torie', 'Drusi', 'Debor', 'Tobye', 'Nyssa', 'Hinda', 'Jerrine', 'Vittoria', 'Philippe', 'Misty', 'Leonelle', 'Arlene', 'Katheryn', 'Debera', 'Kaile', 'Melantha', 'Giuditta', 'Christine', 'Jerrylee', 'Dulciana']
['Iona', 'Naoma', 'Celka', 'Karlotte', 'Rivkah', 'Georgeanna', 'Valery', 'Greta', 'Alvina', 'Modesta', 'Gwendolen', 'Grayce', 'Linnea', 'Cyndy', 'Ramonda', 'Adrea', 'Jacquetta', 'Keely', 'Merrile', 'Hatty']
['Luce', 'Chrissie', 'Maisie', 'Nichole', 'Jackqueline', 'Carmencita', 'Wilhelmine', 'Charmine', 'Maria', 'Tasia', 'Wendy', 'Britte', 'Marcile', 'Cornie', 'Kandy', 'Vernice', 'Abigale', 'Arlen', 'Ediva', 'Mathilda']
['Lonnie', 'Grissel', 'Wendie', 'Ginelle', 'Ruthi', 'Adele', 'Penny', 'Frayda', 'Marsha', 'Evita', 'Hazel', 'Jacenta', 'Giselle', 'Cora', 'Winnah', 'Bibi', 'Chery', 'Louisette', 'Terri', 'Caroline']
['Linnie', 'Brana', 'Arline', 'Lorry', 'Marna', 'Diannne', 'Ninette', 'Jolene', 'Chandal', 'Sandye', 'Willa', 'Clari', 'Anabella', 'Hephzibah', 'Shaylynn', 'Shannah', 'Elisa', 'Romola', 'Poppy', 'Arlina']
['Moina', 'Veronike', 'Janith', 'Colline', 'Lola', 'Lacey', 'Rivi', 'Fern', 'Constantine', 'Ki', 'Rosaleen', 'Analiese', 'Jolynn', 'Nada', 'Pat', 'Breanne', 'Lorita', 'Mariana', 'Theressa', 'Eden']
['Olivette', 'Deena', 'Gayleen', 'Pru', 'Zoe', 'Erinn', 'Glori', 'Ines', 'Minne', 'Adriaens', 'De', 'Mia', 'Shelli', 'Charissa', 'Maxie', 'Meg', 'Kyle', 'Elka', 'Dru', 'Kinna']
['Cyb', 'Doe', 'Cammy', 'Sena', 'Fanchette', 'Adorne', 'Sophia', 'Cassandra', 'Polly', 'Margette', 'Wendeline', 'Biddy', 'Ludovika', 'Vevay', 'Henriette', 'Clarice', 'Karlotta', 'Quentin', 'Mada', 'Andria']
['Indira', 'Una', 'Margaret', 'Blanca', 'Nelly', 'Milissent', 'Jojo', 'Vannie', 'Sianna', 'Carmen', 'Lulita', 'Ronda', 'Gertrudis', 'Cristabel', 'Gladi', 'Jayme', 'Mikaela', 'Ericka', 'Maegan', 'Jenny']
['Leigh', 'Wilma', 'Zorine', 'Lorianne', 'Dorice', 'Emalee', 'Isa', 'Ainslee', 'Celene', 'Giana', 'Aleta', 'Tessie', 'Leshia', 'Irene', 'Annabel', 'Genevra', 'Fifine', 'Muriel', 'Dorise', 'Yasmeen']
['Teddi', 'Roz', 'Bobbye', 'Maurizia', 'Penni', 'Helena', 'Del', 'AnnaDiana', 'Tiertza', 'Calida', 'Violante', 'Lenka', 'Ginnifer', 'Cathie', 'Frankie', 'Dorie', 'Kattie', 'Ralina', 'Tiffany', 'Issie']
['Glenn', 'Adore', 'Bridget', 'Mattie', 'Odelle', 'Aime', 'Latrena', 'Christel', 'Faydra', 'Evey', 'Andra', 'Tilly', 'Minnnie', 'Merilee', 'Page', 'Paolina', 'Jennilee', 'Delphine', 'Adena', 'Brooks']
['Hilary', 'Lexie', 'Harmonie', 'Enriqueta', 'Friederike', 'Pierrette', 'Gilli', 'Ros', 'Ara', 'Dredi', 'Domeniga', 'Phebe', 'Kessiah', 'Griselda', 'Dominga', 'Ninnetta', 'Keelia', 'Sarita', 'Nikoletta', 'Dionne']
['Lorianna', 'HelenElizabeth', 'Jacqueline', 'Ladonna', 'Norina', 'Angil', 'Kass', 'Marissa', 'Vida', 'Arleta', 'Dolorita', 'Adel', 'Marcellina', 'Vania', 'Megan', 'Mab', 'Noelle', 'Starla', 'Astra', 'Jacquelyn']
['Max', 'Rebeka', 'Elisabetta', 'Briana', 'Shandie', 'Christa', 'Biddie', 'Cecilia', 'Marleah', 'Avis', 'Tiphany', 'Fallon', 'Lindsay', 'Oona', 'Mariejeanne', 'Georgeta', 'Michaela', 'Lurleen', 'Dniren', 'Iolanthe']
['Lise', 'Masha', 'Ddene', 'Cecil', 'Cortney', 'Goldina', 'Liv', 'Audrye', 'Estella', 'Gale', 'Nollie', 'Goldarina', 'Inesita', 'Blakelee', 'Deanna', 'Ricca', 'Bethena', 'Emili', 'Charin', 'Vyky']
