['0', '825', '730', '483', '484', '789', '981', '726', '565', '851', '29']
['846', '762', '486', '496', '793', '987', '731', '583', '25', '778', '86', '946']
['10', '776', '497', '796', '38', '757', '660', '39', '546', '200', '211', '212']
['859', '525', '498', '804', '41', '770', '760', '79', '568', '78', '735']
['862', '786', '528', '513', '822', '53', '781', '773', '272', '358', '344', '108', '725', '284']
['866', '529', '535', '827', '782', '340', '695', '721']
['867', '806', '552', '542', '835', '101', '828', '795', '351', '98']
['897', '561', '566', '118', '829', '819', '372', '245', '157']
['898', '821', '573', '578', '865', '124', '840', '842', '452', '427']
['901', '833', '577', '593', '873', '131', '876', '861', '628', '505', '703']
['903', '843', '587', '618', '889', '138', '887', '905', '638', '834', '6', '333', '647', '665', '72', '393', '893', '18']
['911', '845', '608', '626', '184', '894', '948', '666', '133']
['139', '912', '849', '610', '656', '900', '199', '922', '954', '674', '188', '137']
['914', '856', '620', '671', '902', '210', '927', '963', '677', '499', '20', '604', '59']
['921', '870', '673', '906', '217', '939', '966', '696', '407']
['933', '875', '651', '697', '910', '234', '958', '986', '741', '886', '132', '545']
['938', '880', '652', '701', '915', '246', '961', '17', '91', '614', '857', '575']
['171', '940', '881', '653', '705', '918', '256', '27', '57', '170', '204', '145']
['956', '890', '657', '729', '926', '265', '48', '69', '181', '616']
['969', '896', '676', '930', '267', '64', '85', '502']
['979', '917', '679', '746', '934', '278', '142', '105', '739', '808']
['1', '928', '692', '764', '945', '298', '180', '235', '811']
['14', '932', '693', '780', '947', '313', '225', '258', '820', '685']
['222', '19', '944', '717', '798', '951', '324', '229', '261', '630', '58']
['21', '949', '719', '815', '957', '335', '236', '302', '44', '624']
['720', '818', '965', '352', '266', '305', '237', '219']
['254', '96', '953', '823', '356', '330', '311', '530']
['277', '109', '955', '733', '850', '982', '373', '439', '327', '582', '403']
['280', '110', '959', '858', '992', '376', '475', '518', '642']
['282', '111', '990', '752', '878', '998', '383', '596', '919', '241']
['293', '128', '991', '755', '884', '5', '405', '550', '732', '90', '221', '970']
['129', '994', '761', '885', '8', '410', '551', '797', '135', '490']
['314', '130', '996', '763', '891', '9', '411', '599', '191']
['136', '999', '772', '913', '16', '433', '641', '839', '382']
['328', '141', '2', '774', '923', '50', '438', '655', '916', '523', '791']
['329', '149', '4', '783', '929', '52', '446', '659', '524', '699', '974', '989']
['159', '11', '800', '62', '473', '684', '115', '576']
['343', '164', '12', '831', '975', '77', '500', '724', '126', '585']
['167', '15', '976', '92', '517', '737', '178', '686', '270']
['389', '183', '24', '841', '977', '93', '569', '745', '186', '790', '76']
['404', '193', '32', '854', '983', '122', '591', '883', '214', '810', '49', '424', '306']
['195', '33', '855', '985', '125', '592', '907', '248', '355', '600', '816']
['203', '36', '863', '35', '127', '597', '937', '301', '742', '848']
['430', '46', '864', '140', '606', '964', '319', '807']
['462', '231', '47', '869', '60', '151', '622', '968', '332', '80']
['463', '244', '55', '879', '75', '161', '625', '54', '350', '623']
['466', '56', '920', '84', '165', '702', '68', '398', '669']
['467', '263', '967', '94', '198', '710', '87', '421', '297']
['479', '61', '95', '202', '744', '201', '423', '477']
['493', '274', '71', '988', '123', '213', '747', '238', '440', '571', '428', '743', '847']
['509', '283', '993', '224', '765', '260', '491', '240', '243']
['516', '295', '82', '995', '153', '242', '768', '337', '531', '519']
['526', '296', '83', '3', '158', '252', '809', '384', '539', '553', '838']
['532', '303', '104', '26', '163', '257', '817', '425', '556', '643', '112', '683']
['533', '304', '34', '189', '312', '824', '441', '564', '690']
['538', '315', '114', '37', '196', '317', '445', '603', '853', '661']
['540', '316', '116', '51', '218', '371', '872', '501', '639', '134']
['543', '318', '117', '70', '226', '380', '874', '522', '645', '308', '169', '326', '777']
['331', '119', '89', '279', '392', '892', '548', '722', '419']
['549', '336', '99', '290', '399', '574', '728', '480']
['554', '346', '147', '106', '292', '408', '908', '580', '749', '601']
['560', '354', '148', '107', '325', '417', '909', '617', '792', '775']
['581', '359', '155', '154', '347', '426', '924', '635', '803', '826']
['586', '365', '162', '156', '369', '451', '950', '675', '904', '836']
['594', '367', '166', '174', '370', '453', '962', '736', '943', '971', '310', '63']
['378', '168', '465', '972', '801', '978', '74']
['391', '172', '177', '386', '474', '7', '877', '22', '364']
['609', '397', '173', '179', '387', '495', '13', '931', '23', '714', '81']
['612', '402', '176', '185', '504', '42', '941', '66', '882', '521']
['619', '182', '192', '418', '544', '43', '97', '28']
['415', '187', '220', '429', '559', '45', '40', '103', '30', '144']
['631', '420', '194', '251', '436', '567', '67', '121', '206']
['633', '432', '197', '253', '457', '579', '143', '102', '275', '390', '113']
['637', '443', '205', '469', '595', '150', '146', '299', '860']
['644', '448', '209', '262', '481', '598', '160', '190', '385', '942', '379']
['458', '233', '264', '485', '621', '208', '216', '394']
['681', '488', '269', '271', '487', '646', '247', '223', '450', '997', '152', '215']
['682', '492', '273', '285', '507', '654', '268', '227', '663', '73']
['503', '287', '547', '658', '286', '230', '680', '555']
['688', '506', '322', '289', '570', '662', '339', '232', '694', '605', '952', '634', '259', '799', '431', '341']
['510', '323', '291', '572', '668', '342', '239', '759']
['700', '511', '357', '300', '584', '691', '348', '276', '844', '678', '255']
['527', '362', '307', '590', '706', '349', '935', '899']
['704', '541', '309', '611', '723', '353', '320', '973', '925', '65']
['557', '395', '345', '615', '740', '360', '321', '984', '120']
['727', '563', '396', '361', '627', '756', '366', '334', '249', '31', '100', '406']
['748', '401', '374', '632', '771', '377', '338', '607', '228']
['750', '589', '413', '400', '640', '787', '381', '363', '713', '288']
['751', '636', '434', '412', '650', '802', '409', '368', '830', '753']
['754', '649', '444', '435', '667', '832', '422', '375', '207', '758']
['766', '664', '455', '437', '687', '837', '464', '416', '250', '784']
['767', '456', '442', '707', '852', '537', '281', '88']
['785', '670', '460', '447', '715', '868', '558', '478', '414', '515']
['788', '672', '461', '449', '718', '871', '613', '489', '494', '536', '175']
['794', '689', '468', '454', '734', '888', '648', '508', '514', '629']
['805', '708', '470', '459', '738', '936', '698', '512', '520', '294']
['813', '711', '472', '471', '769', '960', '709', '534', '588', '388']
['814', '716', '482', '476', '779', '980', '712', '562', '812', '602', '895']
