['a', 'ddddddddddddd', 'hhhhhhhhh', 'lllll', 'p', 'sssssssssssss', 'wwwwwwwww', 'AAAAA', 'E', 'HHHHHHHHHHHHH', 'LLLLLLLLL', 'PPPPP', 'T', 'WWWWWWWWWWWWW', '111111111', '55555']
['aa', 'dddddddddddddd', 'hhhhhhhhhh', 'llllll', 'pp', 'ssssssssssssss', 'wwwwwwwwww', 'AAAAAA', 'EE', 'HHHHHHHHHHHHHH', 'LLLLLLLLLL', 'PPPPPP', 'TT', 'WWWWWWWWWWWWWW', '1111111111', '555555']
['aaa', 'ddddddddddddddd', 'hhhhhhhhhhh', 'lllllll', 'ppp', 'sssssssssssssss', 'wwwwwwwwwww', 'AAAAAAA', 'EEE', 'HHHHHHHHHHHHHHH', 'LLLLLLLLLLL', 'PPPPPPP', 'TTT', 'WWWWWWWWWWWWWWW', '11111111111', '5555555']
['aaaa', 'dddddddddddddddd', 'hhhhhhhhhhhh', 'llllllll', 'pppp', 'ssssssssssssssss', 'wwwwwwwwwwww', 'AAAAAAAA', 'EEEE', 'HHHHHHHHHHHHHHHH', 'LLLLLLLLLLLL', 'PPPPPPPP', 'TTTT', 'WWWWWWWWWWWWWWWW', '111111111111', '55555555']
['aaaaa', 'e', 'hhhhhhhhhhhhh', 'lllllllll', 'ppppp', 't', 'wwwwwwwwwwwww', 'AAAAAAAAA', 'EEEEE', 'I', 'LLLLLLLLLLLLL', 'PPPPPPPPP', 'TTTTT', 'X', '1111111111111', '555555555']
['aaaaaa', 'ee', 'hhhhhhhhhhhhhh', 'llllllllll', 'pppppp', 'tt', 'wwwwwwwwwwwwww', 'AAAAAAAAAA', 'EEEEEE', 'II', 'LLLLLLLLLLLLLL', 'PPPPPPPPPP', 'TTTTTT', 'XX', '11111111111111', '5555555555']
['aaaaaaa', 'eee', 'hhhhhhhhhhhhhhh', 'lllllllllll', 'ppppppp', 'ttt', 'wwwwwwwwwwwwwww', 'AAAAAAAAAAA', 'EEEEEEE', 'III', 'LLLLLLLLLLLLLLL', 'PPPPPPPPPPP', 'TTTTTTT', 'XXX', '111111111111111', '55555555555']
['aaaaaaaa', 'eeee', 'hhhhhhhhhhhhhhhh', 'llllllllllll', 'pppppppp', 'tttt', 'wwwwwwwwwwwwwwww', 'AAAAAAAAAAAA', 'EEEEEEEE', 'IIII', 'LLLLLLLLLLLLLLLL', 'PPPPPPPPPPPP', 'TTTTTTTT', 'XXXX', '1111111111111111', '555555555555']
['aaaaaaaaa', 'eeeee', 'i', 'lllllllllllll', 'ppppppppp', 'ttttt', 'x', 'AAAAAAAAAAAAA', 'EEEEEEEEE', 'IIIII', 'M', 'PPPPPPPPPPPPP', 'TTTTTTTTT', 'XXXXX', '2', '5555555555555']
['aaaaaaaaaa', 'eeeeee', 'ii', 'llllllllllllll', 'pppppppppp', 'tttttt', 'xx', 'AAAAAAAAAAAAAA', 'EEEEEEEEEE', 'IIIIII', 'MM', 'PPPPPPPPPPPPPP', 'TTTTTTTTTT', 'XXXXXX', '22', '55555555555555']
['aaaaaaaaaaa', 'eeeeeee', 'iii', 'lllllllllllllll', 'ppppppppppp', 'ttttttt', 'xxx', 'AAAAAAAAAAAAAAA', 'EEEEEEEEEEE', 'IIIIIII', 'MMM', 'PPPPPPPPPPPPPPP', 'TTTTTTTTTTT', 'XXXXXXX', '222', '555555555555555']
['aaaaaaaaaaaa', 'eeeeeeee', 'iiii', 'llllllllllllllll', 'pppppppppppp', 'tttttttt', 'xxxx', 'AAAAAAAAAAAAAAAA', 'EEEEEEEEEEEE', 'IIIIIIII', 'MMMM', 'PPPPPPPPPPPPPPPP', 'TTTTTTTTTTTT', 'XXXXXXXX', '2222', '5555555555555555']
['aaaaaaaaaaaaa', 'eeeeeeeee', 'iiiii', 'm', 'ppppppppppppp', 'ttttttttt', 'xxxxx', 'B', 'EEEEEEEEEEEEE', 'IIIIIIIII', 'MMMMM', 'Q', 'TTTTTTTTTTTTT', 'XXXXXXXXX', '22222', '6']
['aaaaaaaaaaaaaa', 'eeeeeeeeee', 'iiiiii', 'mm', 'pppppppppppppp', 'tttttttttt', 'xxxxxx', 'BB', 'EEEEEEEEEEEEEE', 'IIIIIIIIII', 'MMMMMM', 'QQ', 'TTTTTTTTTTTTTT', 'XXXXXXXXXX', '222222', '66']
['aaaaaaaaaaaaaaa', 'eeeeeeeeeee', 'iiiiiii', 'mmm', 'ppppppppppppppp', 'ttttttttttt', 'xxxxxxx', 'BBB', 'EEEEEEEEEEEEEEE', 'IIIIIIIIIII', 'MMMMMMM', 'QQQ', 'TTTTTTTTTTTTTTT', 'XXXXXXXXXXX', '2222222', '666']
['aaaaaaaaaaaaaaaa', 'eeeeeeeeeeee', 'iiiiiiii', 'mmmm', 'pppppppppppppppp', 'tttttttttttt', 'xxxxxxxx', 'BBBB', 'EEEEEEEEEEEEEEEE', 'IIIIIIIIIIII', 'MMMMMMMM', 'QQQQ', 'TTTTTTTTTTTTTTTT', 'XXXXXXXXXXXX', '22222222', '6666']
['b', 'eeeeeeeeeeeee', 'iiiiiiiii', 'mmmmm', 'q', 'ttttttttttttt', 'xxxxxxxxx', 'BBBBB', 'F', 'IIIIIIIIIIIII', 'MMMMMMMMM', 'QQQQQ', 'U', 'XXXXXXXXXXXXX', '222222222', '66666']
['bb', 'eeeeeeeeeeeeee', 'iiiiiiiiii', 'mmmmmm', 'qq', 'tttttttttttttt', 'xxxxxxxxxx', 'BBBBBB', 'FF', 'IIIIIIIIIIIIII', 'MMMMMMMMMM', 'QQQQQQ', 'UU', 'XXXXXXXXXXXXXX', '2222222222', '666666']
['bbb', 'eeeeeeeeeeeeeee', 'iiiiiiiiiii', 'mmmmmmm', 'qqq', 'ttttttttttttttt', 'xxxxxxxxxxx', 'BBBBBBB', 'FFF', 'IIIIIIIIIIIIIII', 'MMMMMMMMMMM', 'QQQQQQQ', 'UUU', 'XXXXXXXXXXXXXXX', '22222222222', '6666666']
['bbbb', 'eeeeeeeeeeeeeeee', 'iiiiiiiiiiii', 'mmmmmmmm', 'qqqq', 'tttttttttttttttt', 'xxxxxxxxxxxx', 'BBBBBBBB', 'FFFF', 'IIIIIIIIIIIIIIII', 'MMMMMMMMMMMM', 'QQQQQQQQ', 'UUUU', 'XXXXXXXXXXXXXXXX', '222222222222', '66666666']
['bbbbb', 'f', 'iiiiiiiiiiiii', 'mmmmmmmmm', 'qqqqq', 'u', 'xxxxxxxxxxxxx', 'BBBBBBBBB', 'FFFFF', 'J', 'MMMMMMMMMMMMM', 'QQQQQQQQQ', 'UUUUU', 'Y', '2222222222222', '666666666']
['bbbbbb', 'ff', 'iiiiiiiiiiiiii', 'mmmmmmmmmm', 'qqqqqq', 'uu', 'xxxxxxxxxxxxxx', 'BBBBBBBBBB', 'FFFFFF', 'JJ', 'MMMMMMMMMMMMMM', 'QQQQQQQQQQ', 'UUUUUU', 'YY', '22222222222222', '6666666666']
['bbbbbbb', 'fff', 'iiiiiiiiiiiiiii', 'mmmmmmmmmmm', 'qqqqqqq', 'uuu', 'xxxxxxxxxxxxxxx', 'BBBBBBBBBBB', 'FFFFFFF', 'JJJ', 'MMMMMMMMMMMMMMM', 'QQQQQQQQQQQ', 'UUUUUUU', 'YYY', '222222222222222', '66666666666']
['bbbbbbbb', 'ffff', 'iiiiiiiiiiiiiiii', 'mmmmmmmmmmmm', 'qqqqqqqq', 'uuuu', 'xxxxxxxxxxxxxxxx', 'BBBBBBBBBBBB', 'FFFFFFFF', 'JJJJ', 'MMMMMMMMMMMMMMMM', 'QQQQQQQQQQQQ', 'UUUUUUUU', 'YYYY', '2222222222222222', '666666666666']
['bbbbbbbbb', 'fffff', 'j', 'mmmmmmmmmmmmm', 'qqqqqqqqq', 'uuuuu', 'y', 'BBBBBBBBBBBBB', 'FFFFFFFFF', 'JJJJJ', 'N', 'QQQQQQQQQQQQQ', 'UUUUUUUUU', 'YYYYY', '3', '6666666666666']
['bbbbbbbbbb', 'ffffff', 'jj', 'mmmmmmmmmmmmmm', 'qqqqqqqqqq', 'uuuuuu', 'yy', 'BBBBBBBBBBBBBB', 'FFFFFFFFFF', 'JJJJJJ', 'NN', 'QQQQQQQQQQQQQQ', 'UUUUUUUUUU', 'YYYYYY', '33', '66666666666666']
['bbbbbbbbbbb', 'fffffff', 'jjj', 'mmmmmmmmmmmmmmm', 'qqqqqqqqqqq', 'uuuuuuu', 'yyy', 'BBBBBBBBBBBBBBB', 'FFFFFFFFFFF', 'JJJJJJJ', 'NNN', 'QQQQQQQQQQQQQQQ', 'UUUUUUUUUUU', 'YYYYYYY', '333', '666666666666666']
['bbbbbbbbbbbb', 'ffffffff', 'jjjj', 'mmmmmmmmmmmmmmmm', 'qqqqqqqqqqqq', 'uuuuuuuu', 'yyyy', 'BBBBBBBBBBBBBBBB', 'FFFFFFFFFFFF', 'JJJJJJJJ', 'NNNN', 'QQQQQQQQQQQQQQQQ', 'UUUUUUUUUUUU', 'YYYYYYYY', '3333', '6666666666666666']
['bbbbbbbbbbbbb', 'fffffffff', 'jjjjj', 'n', 'qqqqqqqqqqqqq', 'uuuuuuuuu', 'yyyyy', 'C', 'FFFFFFFFFFFFF', 'JJJJJJJJJ', 'NNNNN', 'R', 'UUUUUUUUUUUUU', 'YYYYYYYYY', '33333', '7']
['bbbbbbbbbbbbbb', 'ffffffffff', 'jjjjjj', 'nn', 'qqqqqqqqqqqqqq', 'uuuuuuuuuu', 'yyyyyy', 'CC', 'FFFFFFFFFFFFFF', 'JJJJJJJJJJ', 'NNNNNN', 'RR', 'UUUUUUUUUUUUUU', 'YYYYYYYYYY', '333333', '77']
['bbbbbbbbbbbbbbb', 'fffffffffff', 'jjjjjjj', 'nnn', 'qqqqqqqqqqqqqqq', 'uuuuuuuuuuu', 'yyyyyyy', 'CCC', 'FFFFFFFFFFFFFFF', 'JJJJJJJJJJJ', 'NNNNNNN', 'RRR', 'UUUUUUUUUUUUUUU', 'YYYYYYYYYYY', '3333333', '777']
['bbbbbbbbbbbbbbbb', 'ffffffffffff', 'jjjjjjjj', 'nnnn', 'qqqqqqqqqqqqqqqq', 'uuuuuuuuuuuu', 'yyyyyyyy', 'CCCC', 'FFFFFFFFFFFFFFFF', 'JJJJJJJJJJJJ', 'NNNNNNNN', 'RRRR', 'UUUUUUUUUUUUUUUU', 'YYYYYYYYYYYY', '33333333', '7777']
['c', 'fffffffffffff', 'jjjjjjjjj', 'nnnnn', 'r', 'uuuuuuuuuuuuu', 'yyyyyyyyy', 'CCCCC', 'G', 'JJJJJJJJJJJJJ', 'NNNNNNNNN', 'RRRRR', 'V', 'YYYYYYYYYYYYY', '333333333', '77777']
['cc', 'ffffffffffffff', 'jjjjjjjjjj', 'nnnnnn', 'rr', 'uuuuuuuuuuuuuu', 'yyyyyyyyyy', 'CCCCCC', 'GG', 'JJJJJJJJJJJJJJ', 'NNNNNNNNNN', 'RRRRRR', 'VV', 'YYYYYYYYYYYYYY', '3333333333', '777777']
['ccc', 'fffffffffffffff', 'jjjjjjjjjjj', 'nnnnnnn', 'rrr', 'uuuuuuuuuuuuuuu', 'yyyyyyyyyyy', 'CCCCCCC', 'GGG', 'JJJJJJJJJJJJJJJ', 'NNNNNNNNNNN', 'RRRRRRR', 'VVV', 'YYYYYYYYYYYYYYY', '33333333333', '7777777']
['cccc', 'ffffffffffffffff', 'jjjjjjjjjjjj', 'nnnnnnnn', 'rrrr', 'uuuuuuuuuuuuuuuu', 'yyyyyyyyyyyy', 'CCCCCCCC', 'GGGG', 'JJJJJJJJJJJJJJJJ', 'NNNNNNNNNNNN', 'RRRRRRRR', 'VVVV', 'YYYYYYYYYYYYYYYY', '333333333333', '77777777']
['ccccc', 'g', 'jjjjjjjjjjjjj', 'nnnnnnnnn', 'rrrrr', 'v', 'yyyyyyyyyyyyy', 'CCCCCCCCC', 'GGGGG', 'K', 'NNNNNNNNNNNNN', 'RRRRRRRRR', 'VVVVV', 'Z', '3333333333333', '777777777']
['cccccc', 'gg', 'jjjjjjjjjjjjjj', 'nnnnnnnnnn', 'rrrrrr', 'vv', 'yyyyyyyyyyyyyy', 'CCCCCCCCCC', 'GGGGGG', 'KK', 'NNNNNNNNNNNNNN', 'RRRRRRRRRR', 'VVVVVV', 'ZZ', '33333333333333', '7777777777']
['ccccccc', 'ggg', 'jjjjjjjjjjjjjjj', 'nnnnnnnnnnn', 'rrrrrrr', 'vvv', 'yyyyyyyyyyyyyyy', 'CCCCCCCCCCC', 'GGGGGGG', 'KKK', 'NNNNNNNNNNNNNNN', 'RRRRRRRRRRR', 'VVVVVVV', 'ZZZ', '333333333333333', '77777777777']
['cccccccc', 'gggg', 'jjjjjjjjjjjjjjjj', 'nnnnnnnnnnnn', 'rrrrrrrr', 'vvvv', 'yyyyyyyyyyyyyyyy', 'CCCCCCCCCCCC', 'GGGGGGGG', 'KKKK', 'NNNNNNNNNNNNNNNN', 'RRRRRRRRRRRR', 'VVVVVVVV', 'ZZZZ', '3333333333333333', '777777777777']
['ccccccccc', 'ggggg', 'k', 'nnnnnnnnnnnnn', 'rrrrrrrrr', 'vvvvv', 'z', 'CCCCCCCCCCCCC', 'GGGGGGGGG', 'KKKKK', 'O', 'RRRRRRRRRRRRR', 'VVVVVVVVV', 'ZZZZZ', '4', '7777777777777']
['cccccccccc', 'gggggg', 'kk', 'nnnnnnnnnnnnnn', 'rrrrrrrrrr', 'vvvvvv', 'zz', 'CCCCCCCCCCCCCC', 'GGGGGGGGGG', 'KKKKKK', 'OO', 'RRRRRRRRRRRRRR', 'VVVVVVVVVV', 'ZZZZZZ', '44', '77777777777777']
['ccccccccccc', 'ggggggg', 'kkk', 'nnnnnnnnnnnnnnn', 'rrrrrrrrrrr', 'vvvvvvv', 'zzz', 'CCCCCCCCCCCCCCC', 'GGGGGGGGGGG', 'KKKKKKK', 'OOO', 'RRRRRRRRRRRRRRR', 'VVVVVVVVVVV', 'ZZZZZZZ', '444', '777777777777777']
['cccccccccccc', 'gggggggg', 'kkkk', 'nnnnnnnnnnnnnnnn', 'rrrrrrrrrrrr', 'vvvvvvvv', 'zzzz', 'CCCCCCCCCCCCCCCC', 'GGGGGGGGGGGG', 'KKKKKKKK', 'OOOO', 'RRRRRRRRRRRRRRRR', 'VVVVVVVVVVVV', 'ZZZZZZZZ', '4444', '7777777777777777']
['ccccccccccccc', 'ggggggggg', 'kkkkk', 'o', 'rrrrrrrrrrrrr', 'vvvvvvvvv', 'zzzzz', 'D', 'GGGGGGGGGGGGG', 'KKKKKKKKK', 'OOOOO', 'S', 'VVVVVVVVVVVVV', 'ZZZZZZZZZ', '44444', '8']
['cccccccccccccc', 'gggggggggg', 'kkkkkk', 'oo', 'rrrrrrrrrrrrrr', 'vvvvvvvvvv', 'zzzzzz', 'DD', 'GGGGGGGGGGGGGG', 'KKKKKKKKKK', 'OOOOOO', 'SS', 'VVVVVVVVVVVVVV', 'ZZZZZZZZZZ', '444444', '88']
['ccccccccccccccc', 'ggggggggggg', 'kkkkkkk', 'ooo', 'rrrrrrrrrrrrrrr', 'vvvvvvvvvvv', 'zzzzzzz', 'DDD', 'GGGGGGGGGGGGGGG', 'KKKKKKKKKKK', 'OOOOOOO', 'SSS', 'VVVVVVVVVVVVVVV', 'ZZZZZZZZZZZ', '4444444', '888']
['cccccccccccccccc', 'gggggggggggg', 'kkkkkkkk', 'oooo', 'rrrrrrrrrrrrrrrr', 'vvvvvvvvvvvv', 'zzzzzzzz', 'DDDD', 'GGGGGGGGGGGGGGGG', 'KKKKKKKKKKKK', 'OOOOOOOO', 'SSSS', 'VVVVVVVVVVVVVVVV', 'ZZZZZZZZZZZZ', '44444444', '8888']
['d', 'ggggggggggggg', 'kkkkkkkkk', 'ooooo', 's', 'vvvvvvvvvvvvv', 'zzzzzzzzz', 'DDDDD', 'H', 'KKKKKKKKKKKKK', 'OOOOOOOOO', 'SSSSS', 'W', 'ZZZZZZZZZZZZZ', '444444444', '88888']
['dd', 'gggggggggggggg', 'kkkkkkkkkk', 'oooooo', 'ss', 'vvvvvvvvvvvvvv', 'zzzzzzzzzz', 'DDDDDD', 'HH', 'KKKKKKKKKKKKKK', 'OOOOOOOOOO', 'SSSSSS', 'WW', 'ZZZZZZZZZZZZZZ', '4444444444', '888888']
['ddd', 'ggggggggggggggg', 'kkkkkkkkkkk', 'ooooooo', 'sss', 'vvvvvvvvvvvvvvv', 'zzzzzzzzzzz', 'DDDDDDD', 'HHH', 'KKKKKKKKKKKKKKK', 'OOOOOOOOOOO', 'SSSSSSS', 'WWW', 'ZZZZZZZZZZZZZZZ', '44444444444', '8888888']
['dddd', 'gggggggggggggggg', 'kkkkkkkkkkkk', 'oooooooo', 'ssss', 'vvvvvvvvvvvvvvvv', 'zzzzzzzzzzzz', 'DDDDDDDD', 'HHHH', 'KKKKKKKKKKKKKKKK', 'OOOOOOOOOOOO', 'SSSSSSSS', 'WWWW', 'ZZZZZZZZZZZZZZZZ', '444444444444', '88888888']
['ddddd', 'h', 'kkkkkkkkkkkkk', 'ooooooooo', 'sssss', 'w', 'zzzzzzzzzzzzz', 'DDDDDDDDD', 'HHHHH', 'L', 'OOOOOOOOOOOOO', 'SSSSSSSSS', 'WWWWW', '1', '4444444444444', '888888888']
['dddddd', 'hh', 'kkkkkkkkkkkkkk', 'oooooooooo', 'ssssss', 'ww', 'zzzzzzzzzzzzzz', 'DDDDDDDDDD', 'HHHHHH', 'LL', 'OOOOOOOOOOOOOO', 'SSSSSSSSSS', 'WWWWWW', '11', '44444444444444', '8888888888']
['ddddddd', 'hhh', 'kkkkkkkkkkkkkkk', 'ooooooooooo', 'sssssss', 'www', 'zzzzzzzzzzzzzzz', 'DDDDDDDDDDD', 'HHHHHHH', 'LLL', 'OOOOOOOOOOOOOOO', 'SSSSSSSSSSS', 'WWWWWWW', '111', '444444444444444', '88888888888']
['dddddddd', 'hhhh', 'kkkkkkkkkkkkkkkk', 'oooooooooooo', 'ssssssss', 'wwww', 'zzzzzzzzzzzzzzzz', 'DDDDDDDDDDDD', 'HHHHHHHH', 'LLLL', 'OOOOOOOOOOOOOOOO', 'SSSSSSSSSSSS', 'WWWWWWWW', '1111', '4444444444444444', '888888888888']
['ddddddddd', 'hhhhh', 'l', 'ooooooooooooo', 'sssssssss', 'wwwww', 'A', 'DDDDDDDDDDDDD', 'HHHHHHHHH', 'LLLLL', 'P', 'SSSSSSSSSSSSS', 'WWWWWWWWW', '11111', '5', '8888888888888']
['dddddddddd', 'hhhhhh', 'll', 'oooooooooooooo', 'ssssssssss', 'wwwwww', 'AA', 'DDDDDDDDDDDDDD', 'HHHHHHHHHH', 'LLLLLL', 'PP', 'SSSSSSSSSSSSSS', 'WWWWWWWWWW', '111111', '55', '88888888888888']
['ddddddddddd', 'hhhhhhh', 'lll', 'ooooooooooooooo', 'sssssssssss', 'wwwwwww', 'AAA', 'DDDDDDDDDDDDDDD', 'HHHHHHHHHHH', 'LLLLLLL', 'PPP', 'SSSSSSSSSSSSSSS', 'WWWWWWWWWWW', '1111111', '555', '888888888888888']
['dddddddddddd', 'hhhhhhhh', 'llll', 'oooooooooooooooo', 'ssssssssssss', 'wwwwwwww', 'AAAA', 'DDDDDDDDDDDDDDDD', 'HHHHHHHHHHHH', 'LLLLLLLL', 'PPPP', 'SSSSSSSSSSSSSSSS', 'WWWWWWWWWWWW', '11111111', '5555', '8888888888888888']
