['0', '70', '210', '350', '420', '490', '560', '630', '700', '770', '980', '145', '289', '868']
['1', '281', '351', '421', '491', '631', '701', '841', '911', '981', '79', '176', '272']
['2', '72', '142', '212', '422', '492', '562', '632', '702', '772', '842', '912', '982', '312', '384']
['3', '73', '283', '353', '423', '493', '563', '703', '773', '843', '983', '265', '445', '652']
['4', '144', '284', '354', '424', '494', '564', '634', '704', '774', '844', '914', '984', '85', '285']
['5', '215', '355', '425', '565', '635', '705', '775', '845', '915', '985', '724']
['6', '76', '216', '286', '356', '496', '566', '636', '706', '776', '846', '916', '986', '213', '497']
['7', '77', '147', '287', '357', '427', '567', '637', '777', '847', '917', '275', '509', '769']
['8', '148', '288', '358', '428', '498', '568', '638', '708', '778', '918', '988', '134', '245', '976']
['9', '149', '219', '429', '499', '639', '709', '779', '849', '919', '989', '128', '381', '574', '799']
['10', '80', '290', '360', '430', '500', '570', '640', '710', '780', '850', '990', '237', '554']
['151', '291', '361', '431', '571', '641', '711', '781', '921', '47', '150', '260', '657', '933']
['82', '152', '222', '292', '362', '432', '502', '572', '642', '712', '852', '992', '39', '913', '972']
['13', '83', '293', '363', '433', '503', '573', '643', '713', '783', '853', '993', '189', '798', '938']
['84', '154', '364', '434', '504', '644', '714', '784', '854', '924', '994', '38', '343', '489', '684']
['15', '155', '225', '295', '435', '505', '575', '645', '715', '785', '855', '925', '995', '105', '446']
['86', '156', '226', '296', '436', '506', '576', '646', '716', '786', '856', '926', '996', '90', '398']
['227', '297', '367', '507', '577', '857', '927', '997', '71', '94', '163', '447', '668', '762', '848']
['88', '158', '228', '298', '368', '508', '578', '648', '718', '788', '858', '928', '998', '29', '553']
['159', '229', '299', '439', '579', '649', '719', '929', '999', '180', '236', '707', '782']
['160', '230', '300', '370', '440', '510', '650', '720', '790', '860', '930', '61', '201', '294', '605']
['161', '301', '371', '441', '511', '581', '651', '721', '791', '861', '931', '20', '619', '807']
['22', '162', '232', '302', '372', '442', '512', '582', '722', '792', '862', '932', '91', '122', '952']
['233', '303', '513', '583', '653', '723', '793', '863']
['234', '304', '374', '444', '514', '584', '654', '794', '934', '81', '97', '115', '192', '818', '920']
['95', '165', '305', '375', '515', '655', '795', '865', '49', '57', '252', '458', '604', '749', '949']
['96', '166', '306', '376', '516', '586', '726', '796', '866', '936', '12', '141', '416', '495', '666']
['307', '377', '517', '587', '727', '797', '867', '937', '121', '181', '195', '217', '472', '473', '878']
['98', '168', '238', '378', '448', '518', '588', '658', '728', '40', '143', '393', '910']
['99', '169', '309', '379', '449', '519', '589', '729', '869', '939', '14', '92', '329', '717', '809']
['30', '100', '170', '240', '310', '380', '450', '520', '590', '660', '730', '800', '870', '940', '184']
['171', '451', '591', '661', '731', '801', '871', '941', '43', '59', '113', '396', '501', '689', '922']
['172', '242', '382', '452', '522', '592', '662', '732', '802', '942', '25', '75', '104', '347', '987']
['173', '383', '453', '593', '663', '733', '803', '873', '943', '211', '308', '321', '426', '612', '872']
['34', '314', '454', '524', '594', '664', '734', '804', '874', '944', '74', '277', '280', '373', '438']
['35', '175', '385', '455', '525', '595', '665', '735', '805', '875', '945', '24', '220', '923', '965']
['246', '316', '386', '456', '526', '596', '736', '806', '876', '946', '203', '209', '224', '251', '672']
['37', '107', '177', '247', '387', '527', '597', '667', '737', '877', '947', '27', '369', '468', '892']
['178', '248', '388', '528', '598', '738', '808', '948', '214', '569', '771', '886']
['109', '179', '249', '319', '389', '459', '529', '599', '669', '739', '879', '102', '325', '977']
['110', '250', '320', '390', '460', '530', '600', '670', '740', '810', '880', '950', '11', '140', '330']
['391', '461', '531', '601', '671', '811', '881', '951', '31', '44', '130', '198', '253', '549', '827']
['112', '182', '322', '392', '462', '602', '742', '812', '882', '66', '106', '315', '561', '761', '991']
['183', '323', '463', '533', '603', '673', '743', '813', '883', '953', '146', '157', '349', '365', '523']
['114', '254', '324', '394', '464', '534', '674', '744', '814', '884', '954', '26', '103', '243', '610']
['45', '185', '255', '395', '465', '535', '675', '745', '815', '885', '955', '64', '244', '326', '606']
['46', '116', '186', '256', '466', '536', '676', '746', '816', '956', '19', '344', '443', '753']
['117', '187', '257', '327', '397', '607', '677', '747', '817', '887', '957', '18', '60', '483', '828']
['48', '118', '188', '258', '328', '538', '608', '678', '748', '888', '958', '21', '407', '521', '830']
['259', '399', '469', '539', '609', '679', '889', '959', '239', '317', '437', '543', '787', '789']
['50', '190', '400', '470', '540', '680', '750', '820', '890', '960', '17', '167', '313', '340', '633']
['51', '191', '261', '331', '401', '541', '611', '681', '751', '821', '891', '961', '54', '935']
['52', '262', '332', '402', '542', '682', '752', '822', '962', '28', '164']
['53', '123', '193', '263', '333', '403', '613', '683', '823', '893', '963', '231', '580', '656', '859']
['124', '194', '264', '334', '404', '474', '544', '614', '754', '824', '894', '467']
['125', '335', '405', '475', '545', '685', '755', '825', '895', '42', '153', '208', '318', '741']
['56', '126', '196', '336', '406', '476', '546', '616', '686', '756', '826', '896', '966', '16', '311']
['127', '197', '267', '337', '477', '617', '687', '757', '897', '967', '23', '108', '457', '559', '851']
['58', '268', '338', '408', '478', '548', '618', '688', '758', '898', '968', '32', '174', '241', '840']
['129', '199', '269', '339', '409', '479', '759', '899', '969', '55', '67', '585', '819', '864', '964']
['200', '270', '410', '480', '550', '620', '690', '760', '900', '970', '101', '119', '235', '647', '901']
['131', '271', '341', '411', '481', '551', '621', '691', '831', '971', '33', '120', '532']
['62', '132', '202', '342', '412', '482', '552', '622', '692', '832', '902', '218', '274', '829']
['63', '133', '273', '413', '623', '693', '763', '833', '903', '973', '41', '266', '471', '547', '615']
['204', '414', '484', '624', '694', '764', '834', '904', '974', '36', '221', '223', '537', '625']
['65', '135', '205', '345', '415', '485', '555', '695', '765', '835', '905', '975', '89', '282', '725']
['136', '206', '276', '346', '486', '556', '626', '696', '766', '836', '906', '78', '87', '418', '978']
['137', '207', '417', '487', '557', '627', '697', '767', '837', '907', '93', '111', '359', '366']
['68', '138', '278', '348', '488', '558', '628', '698', '768', '838', '908', '69', '352', '659']
['139', '279', '419', '629', '699', '839', '909', '979']
