['0', '501', '513', '520', '523', '527', '556', '565', '567', '611', '644', '648', '649', '666', '674', '681', '691', '726', '823', '852', '866', '896', '977']
['502']
['2', '503', '516', '553', '558', '671', '714', '751', '972', '980']
['504']
['505']
['506']
['507']
['508']
['8', '509']
['510']
['10', '511', '7', '698']
['11', '512', '9']
['12']
['13', '711']
['14']
['15']
['16', '517']
['17', '518']
['18', '519', '6', '673']
['19']
['20']
['21', '522', '3']
['22']
['23']
['24']
['25', '526', '5', '604', '609']
['26']
['27', '528']
['28', '529', '1', '552', '603', '661', '737', '764', '774', '905']
['29', '530']
['30']
['31', '532']
['32', '533']
['33']
['34', '535']
['35', '536']
['36', '537']
['37', '538']
['38', '539', '4', '656', '813']
['39']
['40']
['41']
['42', '543']
['43', '544']
['44']
['45']
['46']
['47']
['48', '549']
['49', '550']
['50']
['51']
['52']
['53', '554']
['54', '555']
['55']
['56', '557']
['57']
['58']
['59']
['60']
['61']
['62']
['63']
['64']
['65', '566']
['66']
['67']
['68', '569']
['69']
['70', '571']
['71', '572']
['72', '573']
['73', '574']
['74', '575']
['75', '576']
['76', '577']
['77']
['78', '579']
['79']
['80']
['81', '582']
['82', '583']
['83', '584']
['84', '585']
['85']
['86']
['87', '588']
['88']
['89', '590']
['90']
['91', '592']
['92']
['93']
['94', '595']
['95']
['96', '597']
['97']
['98']
['99', '600']
['100', '601']
['101', '602']
['102']
['103']
['104', '605']
['105', '606']
['106', '607']
['107']
['108']
['109', '610']
['110']
['111']
['112', '613']
['113']
['114', '615']
['115']
['116', '617']
['117', '618']
['118', '619']
['119']
['120']
['121', '622']
['122', '623']
['123']
['124', '625']
['125', '626']
['126', '627']
['127']
['128', '531', '545', '560', '580', '589', '650', '654', '675', '679', '718', '721', '723', '784', '825', '840', '849', '857', '878', '908', '940', '953', '970', '971', '973']
['129', '630', '521', '599', '608', '734', '736', '738', '742', '759', '772', '783', '799', '832', '881', '892', '991']
['130', '631', '540', '559', '591', '612', '629', '688', '775', '780', '811', '818', '869', '871', '897', '904', '911', '941']
['131', '632', '586', '635', '687', '820', '841', '929', '938', '960', '998']
['132', '633', '515', '720', '868', '876', '886', '937', '995']
['133', '634']
['134', '992']
['135', '636', '524', '922']
['136']
['137']
['138']
['139', '640', '950']
['140', '641']
['141', '642']
['142', '643']
['143']
['144', '645']
['145']
['146', '979']
['147']
['148', '717']
['149']
['150']
['151', '652']
['152']
['153']
['154']
['155']
['156', '657']
['157', '658']
['158', '659']
['159']
['160']
['161', '662']
['162', '663']
['163']
['164', '665']
['165']
['166', '667']
['167']
['168']
['169', '670']
['170']
['171', '672']
['172']
['173']
['174']
['175', '676']
['176', '677']
['177', '678']
['178']
['179']
['180']
['181', '682']
['182']
['183']
['184']
['185', '686']
['186']
['187']
['188', '689']
['189']
['190']
['191']
['192', '693']
['193']
['194']
['195', '696']
['196', '697']
['197']
['198', '699']
['199', '700']
['200', '701']
['201']
['202', '703']
['203', '704']
['204', '705']
['205', '706']
['206', '707']
['207', '708']
['208', '709']
['209', '710']
['210']
['211', '712']
['212', '713']
['213']
['214']
['215', '716']
['216']
['217']
['218', '719']
['219']
['220']
['221']
['222']
['223', '724']
['224', '725']
['225']
['226']
['227', '728']
['228', '729']
['229']
['230']
['231', '732']
['232']
['233']
['234', '735']
['235']
['236']
['237']
['238']
['239', '740']
['240']
['241']
['242', '743']
['243', '744']
['244', '745']
['245']
['246']
['247']
['248', '749']
['249']
['250']
['251']
['252']
['253', '754']
['254']
['255']
['256', '525', '534', '546', '564', '680', '715', '730', '750', '787', '812', '891', '919', '925', '983']
['257', '758', '548', '551', '570', '614', '653', '660', '733', '755', '794', '845', '872', '978']
['258', '722', '741', '747', '816', '821', '936', '997']
['259', '760', '514', '702', '757', '829', '917']
['260', '761', '561', '647', '651', '752', '802', '873', '949']
['261', '762']
['262', '763']
['263', '692']
['264', '765', '563', '683', '906']
['265']
['266', '767']
['267', '768', '748']
['268', '769']
['269']
['270', '771']
['271']
['272', '773']
['273']
['274']
['275', '776']
['276', '777']
['277', '778']
['278', '779']
['279']
['280']
['281']
['282']
['283']
['284', '785']
['285', '786']
['286']
['287', '788']
['288', '789']
['289', '790']
['290', '791']
['291', '792']
['292', '793']
['293']
['294']
['295', '796']
['296']
['297']
['298']
['299', '800']
['300', '801']
['301']
['302', '803']
['303', '804']
['304', '805']
['305', '806']
['306', '807']
['307']
['308', '809']
['309', '810']
['310']
['311']
['312']
['313', '814']
['314', '815']
['315']
['316', '817']
['317']
['318', '819']
['319']
['320']
['321', '822']
['322']
['323', '824']
['324']
['325', '826']
['326', '827']
['327', '828']
['328']
['329']
['330', '831']
['331']
['332', '833']
['333', '834']
['334', '835']
['335']
['336', '837']
['337', '838']
['338', '839']
['339']
['340']
['341', '842']
['342', '843']
['343', '844']
['344']
['345']
['346', '847']
['347', '848']
['348']
['349', '850']
['350', '851']
['351']
['352', '853']
['353']
['354']
['355', '856']
['356']
['357', '858']
['358', '859']
['359', '860']
['360', '861']
['361', '862']
['362', '863']
['363', '864']
['364', '865']
['365']
['366', '867']
['367']
['368']
['369', '870']
['370']
['371']
['372']
['373', '874']
['374', '875']
['375']
['376', '877']
['377']
['378', '879']
['379', '880']
['380']
['381', '882']
['382', '883', '542']
['383', '884']
['384', '547', '562', '568', '581', '587', '593', '620', '621', '628', '646', '655', '669', '684', '690', '694', '695', '731', '756', '795', '854', '855', '902', '907', '923', '969', '985', '988']
['385', '594', '668', '746', '846', '888', '994']
['386', '887', '616', '637', '638', '664', '753', '766', '808', '830', '885']
['387', '578', '596', '639', '685', '782', '836', '996']
['388', '889', '727', '797', '798']
['389', '890', '598', '739']
['390', '624']
['391', '541', '770']
['392', '893', '781']
['393', '894', '935']
['394', '895']
['395']
['396']
['397', '898', '900']
['398', '899']
['399']
['400', '901']
['401']
['402', '903']
['403']
['404']
['405']
['406']
['407']
['408', '909']
['409', '910']
['410']
['411', '912']
['412', '913']
['413', '914']
['414', '915']
['415', '916']
['416']
['417', '918']
['418']
['419', '920']
['420', '921']
['421']
['422']
['423', '924']
['424']
['425', '926']
['426', '927']
['427', '928']
['428']
['429', '930']
['430', '931']
['431', '932']
['432', '933']
['433', '934']
['434']
['435']
['436']
['437']
['438', '939']
['439']
['440']
['441', '942']
['442', '943']
['443', '944']
['444', '945']
['445', '946']
['446', '947']
['447', '948']
['448']
['449']
['450', '951']
['451', '952']
['452']
['453', '954']
['454', '955']
['455', '956']
['456', '957']
['457', '958']
['458', '959']
['459']
['460', '961']
['461', '962']
['462', '963']
['463', '964']
['464', '965']
['465', '966']
['466', '967']
['467', '968']
['468']
['469']
['470']
['471']
['472']
['473', '974']
['474', '975']
['475', '976']
['476']
['477']
['478']
['479']
['480', '981']
['481', '982']
['482']
['483', '984']
['484']
['485', '986']
['486', '987']
['487']
['488', '989']
['489', '990']
['490']
['491']
['492', '993']
['493']
['494']
['495']
['496']
['497']
['498', '999']
['499']
['500']
