['40', '80', '120', '200', '280', '320', '360', '400', '440', '480', '520', '560', '600', '640', '680', '720', '800', '840', '880', '920', '769']
['41', '121', '161', '201', '241', '281', '321', '361', '401', '441', '481', '561', '601', '641', '681', '721', '761', '801', '841', '881', '921', '961', '96', '387', '979']
['42', '162', '242', '282', '322', '362', '402', '442', '482', '522', '562', '602', '642', '682', '722', '762', '842', '882', '922', '962', '93', '195', '312']
['43', '123', '163', '203', '243', '323', '363', '403', '443', '483', '523', '563', '603', '643', '683', '723', '763', '803', '883', '923', '963', '388']
['84', '124', '164', '204', '244', '284', '324', '364', '404', '444', '484', '524', '564', '604', '644', '684', '724', '764', '804', '844', '884', '924', '964', '82', '83', '108', '176', '229', '232', '236', '264', '338', '347', '369', '422', '517', '539', '756']
['5', '45', '85', '125', '165', '205', '245', '325', '365', '405', '445', '485', '525', '565', '605', '645', '685', '765', '805', '885', '925', '965', '29', '110', '118']
['46', '86', '126', '166', '206', '246', '286', '326', '366', '406', '446', '486', '566', '606', '646', '726', '766', '806', '846', '886', '926', '966', '106']
['47', '87', '127', '167', '207', '247', '287', '367', '407', '447', '487', '527', '567', '607', '647', '687', '727', '767', '807', '847', '887', '927', '967']
['48', '88', '128', '168', '248', '288', '328', '368', '408', '448', '488', '528', '568', '608', '648', '688', '728', '768', '808', '848', '888', '928', '968', '7', '179', '279', '748']
['49', '89', '129', '169', '209', '249', '329', '409', '449', '489', '529', '569', '609', '649', '689', '729', '809', '849', '889', '929', '969', '28']
['10', '90', '130', '170', '210', '250', '290', '330', '370', '410', '450', '490', '530', '570', '610', '650', '690', '730', '770', '810', '850', '890', '930', '970', '289', '845']
['11', '51', '91', '131', '171', '211', '251', '291', '331', '371', '411', '451', '491', '531', '571', '611', '651', '691', '731', '771', '811', '851', '891', '931', '971', '74', '438', '526', '798', '802']
['12', '52', '92', '132', '172', '212', '252', '292', '332', '372', '412', '492', '532', '612', '652', '732', '772', '812', '852', '892', '932', '972', '78', '148']
['13', '53', '133', '213', '293', '333', '373', '413', '453', '493', '533', '573', '613', '653', '693', '733', '773', '813', '853', '893', '933', '973', '572']
['14', '54', '94', '134', '174', '214', '254', '294', '334', '374', '414', '454', '494', '534', '574', '614', '654', '694', '734', '774', '814', '854', '894', '934', '974', '3', '419']
['15', '55', '95', '135', '175', '215', '255', '295', '335', '375', '415', '455', '495', '535', '575', '615', '655', '695', '775', '815', '855', '895', '935', '975', '81', '578']
['16', '56', '136', '216', '256', '296', '336', '376', '416', '456', '496', '536', '576', '616', '656', '696', '736', '776', '816', '856', '896', '936', '976', '6', '8', '544', '939']
['17', '97', '137', '177', '217', '257', '297', '337', '377', '417', '457', '497', '537', '577', '617', '657', '697', '737', '777', '817', '857', '897', '937', '977', '2', '31', '308', '314', '437', '452', '459', '467', '470', '473', '843', '868']
['18', '58', '98', '138', '178', '218', '298', '378', '418', '458', '498', '538', '618', '658', '698', '738', '778', '818', '858', '898', '938', '978']
['19', '59', '139', '219', '299', '339', '379', '499', '579', '619', '659', '699', '739', '779', '819', '859', '899']
['20', '60', '100', '180', '220', '260', '300', '340', '380', '420', '460', '500', '540', '580', '620', '660', '700', '740', '780', '820', '860', '900', '940', '980', '104', '259']
['21', '61', '101', '141', '181', '221', '261', '301', '341', '381', '461', '501', '541', '661', '701', '741', '781', '821', '861', '901', '981', '9']
['22', '62', '102', '142', '182', '222', '262', '342', '382', '462', '502', '542', '582', '622', '662', '702', '742', '782', '822', '862', '902', '942', '982', '4', '258']
['23', '63', '103', '143', '183', '223', '263', '303', '343', '383', '423', '463', '543', '583', '623', '663', '703', '743', '783', '823', '863', '903', '943', '983', '99', '122', '140', '285', '941']
['24', '64', '144', '184', '224', '304', '344', '384', '424', '464', '504', '584', '624', '664', '704', '744', '784', '824', '864', '904', '944', '984', '253', '283', '421']
['25', '65', '105', '145', '185', '225', '265', '305', '345', '385', '425', '465', '505', '545', '585', '625', '665', '705', '745', '785', '825', '865', '905', '945', '985', '0', '160', '194', '202', '503', '581', '595', '621', '677', '686', '692', '706', '718', '725', '735', '760', '836', '909']
['26', '66', '186', '226', '266', '306', '346', '386', '426', '466', '506', '546', '586', '626', '666', '746', '786', '826', '866', '906', '946', '986']
['27', '67', '107', '147', '187', '227', '267', '307', '427', '507', '547', '587', '627', '667', '707', '747', '787', '827', '867', '907', '947', '987', '913']
['68', '188', '228', '268', '348', '428', '468', '508', '548', '588', '628', '668', '708', '788', '828', '908', '948', '988']
['69', '109', '149', '189', '269', '309', '349', '389', '429', '469', '509', '549', '589', '629', '669', '709', '749', '789', '829', '869', '949', '989', '173', '327']
['30', '70', '150', '190', '230', '270', '310', '350', '390', '430', '510', '550', '590', '630', '670', '710', '750', '790', '830', '870', '910', '950', '990', '33', '44', '50', '57', '302', '433']
['71', '111', '151', '191', '271', '311', '351', '391', '431', '471', '511', '551', '591', '631', '671', '711', '751', '791', '831', '871', '911', '951', '991']
['32', '72', '112', '152', '192', '272', '352', '432', '472', '512', '552', '592', '632', '672', '712', '752', '792', '832', '872', '912', '952', '992', '146']
['73', '113', '153', '193', '233', '273', '313', '353', '393', '513', '553', '593', '633', '673', '713', '753', '793', '833', '873', '953', '993']
['34', '114', '154', '234', '274', '354', '394', '434', '474', '514', '554', '594', '634', '674', '714', '754', '794', '834', '874', '914', '954', '994', '960']
['35', '75', '115', '155', '235', '275', '315', '355', '395', '435', '475', '515', '555', '635', '675', '715', '755', '795', '835', '875', '915', '955', '995', '208', '231', '240']
['36', '76', '116', '156', '196', '276', '316', '356', '396', '436', '476', '516', '556', '596', '636', '676', '716', '796', '876', '916', '956', '996']
['37', '77', '117', '157', '197', '237', '277', '317', '357', '397', '477', '557', '597', '637', '717', '757', '797', '837', '877', '917', '957', '997', '1', '392', '521']
['38', '158', '198', '238', '278', '318', '358', '398', '478', '518', '558', '598', '638', '678', '758', '838', '878', '918', '958', '998']
['39', '79', '119', '159', '199', '239', '319', '359', '399', '439', '479', '519', '559', '599', '639', '679', '719', '759', '799', '839', '879', '919', '959', '999']
