['Thea2', 'Ubaldo8', 'Fiorentino9', 'Gregorio0', 'Marco6', 'Loredana4', 'Egisto6', 'Terzo2', 'Monia0', 'Cira9', 'Cassiopea6', 'Priamo9', 'Tazio1', 'Joshua8', 'Gianmarco9', 'Giorgio1', 'Joannes6', 'Piererminio3', 'Tommaso8', 'Bortolo7', 'Erminio6', 'Nabil9', 'Maruska9', 'Giulietta8', 'Violante3']
['Leone4', 'Odino6', 'Mietta2', 'Ivonne0', 'Violante2', 'Antonio3', 'Costanzo6', 'Secondo0', 'Sue3', 'Kris1', 'Danuta9', 'Amos9', 'Umberto2', 'Quasimodo5', 'Modesto2', 'Mariano0', 'Joseph9', 'Fatima0', 'Rudy1', 'Tosca4', 'Sasha9', 'Osvaldo6', 'Secondo3', 'Luce6', 'Kai1']
['Artemide4', 'Ludovico8', 'Carlo5', 'Battista4', 'Albino9', 'Gaetano9', 'Timoteo1', 'Graziano2', 'Davide7', 'Lorenzo8', 'Pablo1', 'Sandro1', 'Priamo2', 'Rebecca5', 'Sue4', 'Liborio7', 'Vinicio6', 'Patrizio2', 'Odino9', 'Siro7', 'Isabel0', 'Manuele3', 'Ubaldo6', 'Loris8', 'Rebecca6']
['Oreste8', 'Noemi8', 'Harry9', 'Lucrezia2', 'Oreste7', 'Matilde1', 'Fiorentino2', 'Marina7', 'Ercole2', 'Mercedes2', 'Tancredi4', 'Guido5', 'Bernardo3', 'Cristyn3', 'Fulvio0', 'Furio1', 'Mauro8', 'Rufo9', 'Ettore3', 'Doriana5', 'Irene2', 'Timothy1', 'Vinicio4', 'Sue7', 'Eriberto8']
['Claudia4', 'Miriana8', 'Olimpia7', 'Ninfa1', 'Gelsomina3', 'Bettino0', 'Costanzo0', 'Tommaso5', 'Sue8', 'Olo2', 'Abramo8', 'Albino4', 'Thea1', 'Maika5', 'Eufemia2', 'Rebecca2', 'Ivonne6', 'Clodovea9', 'Guido6', 'Marvin4', 'Primo1', 'Rosalino8', 'Laura3', 'Timoteo3', 'Danthon1']
['Rudy3', 'Damiana5', 'Anastasio3', 'Giovanna8', 'Manfredi2', 'Nayade8', 'Enzo3', 'Kris8', 'Eliziario7', 'Piersilvio6', 'Samira2', 'Genziana5', 'Romolo5', 'Joseph6', 'Samira3', 'Demis6', 'Marieva2', 'Luna3', 'Alighiero7', 'Cristyn4', 'Isira8', 'Augusto2', 'Genziana2', 'Guido3', 'Mariapia4']
['Lazzaro5', 'Radames6', 'Amos3', 'Harry0', 'Gianriccardo1', 'Osvaldo3', 'Olo8', 'Fernando5', 'Giorgio0', 'Akira0', 'Lidia0', 'Laerte3', 'Gianmarco4', 'Costantino2', 'Matilde9', 'Giobbe0', 'Lorenzo4', 'Assia7', 'Ulrico1', 'Mecren5', 'Anastasio9', 'Silverio2', 'Aroldo0', 'Silverio3', 'Mariagiulia5']
['Guido8', 'Eusebio5', 'Shaira6', 'Vania3', 'Erminio5', 'Tristano5', 'Quarto8', 'Loredana3', 'Giobbe2', 'Lia8', 'Piererminio7', 'Abramo6', 'Alan5', 'Mirco8', 'Gastone7', 'Tristano8', 'Ippolito5', 'Eusebio0', 'Raoul2', 'Gregorio8', 'Piccarda4', 'Rocco2', 'Ursula5', 'Olo3', 'Renzo5']
['Dylan1', 'Noel5', 'Furio2', 'Laerte6', 'Priamo5', 'Doriana2', 'Loredana8', 'Rosolino3', 'Antonio4', 'Penelope5', 'Matteo5', 'Marino1', 'Jelena7', 'Omar3', 'Giacobbe1', 'Demis0', 'Benedetta8', 'Isabel6', 'Audenico5', 'Serse5', 'Modesto1', 'Tosca6', 'Elda9', 'Danny6', 'Oretta6']
['Jarno1', 'Tolomeo0', 'Piererminio9', 'Ileana6', 'Sibilla1', 'Marieva0', 'Nico9', 'Sesto4', 'Emilia6', 'Fiorentino5', 'Nestore4', 'Gianmaria3', 'Noel9', 'Mecren2', 'Bacchisio1', 'Giacinta8', 'Alessandro8', 'Eriberto3', 'Kayla5', 'Matteo1', 'Erminio2', 'Lorenzo3', 'Mirko2', 'Artemide0', 'Pierfrancesco8']
['Augusto0', 'Jacopo8', 'Danthon7', 'Vera8', 'Giorgio7', 'Alighieri9', 'Giordano1', 'Romolo7', 'Bortolo0', 'Bortolo8', 'Giancarlo9', 'Clodovea1', 'Emilia4', 'Audenico7', 'Vitalba5', 'Omar0', 'Demi6', 'Mercedes7', 'Davis0', 'Noemi4', 'Bibiana7', 'Sabatino6', 'Zaccaria3', 'Rosolino9', 'Tristano1']
['Ludovico2', 'Terzo3', 'Ethan0', 'Artemide8', 'Eustachio5', 'Fatima1', 'Egidio7', 'Leonardo6', 'Bettino5', 'Selvaggia5', 'Graziano4', 'Santo9', 'Rosalino5', 'Olimpia9', 'Mirko4', 'Isira7', 'Raniero4', 'Assia4', 'Nadir2', 'Osvaldo7', 'Nunzia0', 'Vania2', 'Ivonne3', 'Giacinta5', 'Marcella4']
['Rosolino4', 'Pietro1', 'Demi9', 'Yago0', 'Lisa0', 'Rosalino1', 'Folco6', 'Vienna6', 'Nestore9', 'Cecco8', 'Azue2', 'Fulvio7', 'Jole7', 'Grazia6', 'Lucrezia5', 'Karim1', 'Sebastian1', 'Costantino4', 'Miriana6', 'Graziano9', 'Kris3', 'Nico7', 'Matteo9', 'Aroldo5', 'Gastone3']
['Max4', 'Augusto3', 'Lisa8', 'Irene6', 'Kristel0', 'Diamante2', 'Romeo0', 'Lamberto7', 'Giacinta1', 'Ileana9', 'Fiorentino1', 'Gastone1', 'Valdo5', 'Violante6', 'Boris8', 'Naomi6', 'Lino7', 'Sarita6', 'Lauro5', 'Dylan2', 'Furio7', 'Harry2', 'Amedeo8', 'Ruth0', 'Filomena8']
['Damiana0', 'Liborio8', 'Cira2', 'Marvin6', 'Pacifico2', 'Alessio4', 'Isabel5', 'Clea5', 'Ivonne4', 'Ortensia4', 'Silvano1', 'Enzo8', 'Lia4', 'Rosita1', 'Grazia0', 'Maria6', 'Gregorio6', 'Benedetta7', 'Helga1', 'Alighiero5', 'Lucrezia8', 'Zaccaria7', 'Noemi1', 'Pacifico1', 'Piererminio4']
['Costanzo5', 'Kociss8', 'Abramo4', 'Umberto7', 'Mietta7', 'Lia1', 'Ferdinando2', 'Tancredi3', 'Elsa1', 'Evangelista5', 'Teseo0', 'Demis2', 'Danny7', 'Shaira0', 'Maika6', 'Ortensia0', 'Adriano4', 'Pericle1', 'Piererminio5', 'Fabio1', 'Lamberto5', 'Eliziario8', 'Sabino4', 'Carmelo9', 'Alighieri2']
['Irene4', 'Michele1', 'Elio1', 'Ariel6', 'Pericle4', 'Quasimodo8', 'Arduino9', 'Evita2', 'Pablo6', 'Ingrid9', 'Penelope3', 'Michael0', 'Sebastian6', 'Assia6', 'Filomena3', 'Ciro8', 'Primo3', 'Diamante4', 'Sandro4', 'Jelena2', 'Samira5', 'Damiano9', 'Fiorenzo5', 'Mirco7', 'Alighieri6']
['Iacopo1', 'Eusebio3', 'Sirio7', 'Jelena3', 'Soriana4', 'Gavino6', 'Ferdinando0', 'Jack4', 'Sue0', 'Trevis3', 'Gioacchino3', 'Marino4', 'Ariel9', 'Giuliano2', 'Joey7', 'Ettore7', 'Rosaria5', 'Sebastian3', 'Gianmaria5', 'Genziana8', 'Joey0', 'Morgana9', 'Demi2', 'Rosolino8', 'Bortolo1']
['Monia1', 'Harry3', 'Ubaldo1', 'Mariapia6', 'Noel7', 'Noel3', 'Olo1', 'Moreno5', 'Ruth2', 'Nicoletta5', 'Giordano7', 'Isabel8', 'Primo2', 'Alberto8', 'Lucia7', 'Ausonio5', 'Sesto2', 'Lino8', 'Nadir3', 'Marcella1', 'Gianleonardo2', 'Assia9', 'Germano9', 'Arduino0', 'Concetta7']
['Demian6', 'Dante8', 'Sandro7', 'Marianita6', 'Rufo2', 'Nick8', 'Quasimodo1', 'Samira0', 'Mirco0', 'Ciro1', 'Joannes8', 'Patrizio1', 'Silvano0', 'Gianriccardo0', 'Audenico1', 'Leonardo5', 'Diana0', 'Manuele4', 'Oretta7', 'Amos5', 'Akira8', 'Furio6', 'Isira2', 'Tancredi2', 'Tristano4']
['Giorgio5', 'Moreno8', 'Mauro5', 'Olimpia1', 'Flaviana2', 'Rodolfo6', 'Edipo6', 'Pietro2', 'Lauro0', 'Anselmo0', 'Nabil5', 'Joey2', 'Jari8', 'Samira9', 'Mecren7', 'Demis9', 'Matteo8', 'Teseo2', 'Edvige2', 'Shaira8', 'Lino5', 'Ciro5', 'Joseph8', 'Teseo4', 'Quasimodo7']
['Edilio3', 'Nazzareno8', 'Flaviana3', 'Siro9', 'Giorgio2', 'Kris9', 'Erminio9', 'Olimpia0', 'Walter4', 'Fortunata8', 'Osvaldo0', 'Marianita0', 'Nabil4', 'Giacinta7', 'Eriberto4', 'Sibilla4', 'Trevis0', 'Costanzo4', 'Audenico4', 'Fiorenzo8', 'Michael6', 'Aaron7', 'Jole2', 'Giancarlo8', 'Arturo3']
['Demian2', 'Fatima7', 'Isira1', 'Lucrezia7', 'Sandro0', 'Marvin8', 'Jelena6', 'Tolomeo5', 'Adriano0', 'Giulietta0', 'Ingrid7', 'Romeo4', 'Isabel9', 'Ippolito6', 'Alan3', 'Eufemia8', 'Arturo1', 'Ettore9', 'Isabel4', 'Lino9', 'Mecren0', 'Loris3', 'Pablo7', 'Bibiana4', 'Enrica3']
['Ausonio9', 'Nazzareno0', 'Maika0', 'Monia9', 'Mercedes0', 'Edilio0', 'Luigi4', 'Marzio5', 'Lino1', 'Terzo6', 'Fulvio6', 'Antonino4', 'Tristano7', 'Luna8', 'Violante4', 'Antimo3', 'Matteo7', 'Arturo8', 'Diana7', 'Egidio1', 'Umberto8', 'Danny5', 'Ian2', 'Giordano0', 'Max3']
['Olo0', 'Cassiopea7', 'Piccarda1', 'Quarto0', 'Pericle9', 'Patrizio9', 'Giacinto1', 'Ethan4', 'Celeste2', 'Bortolo3', 'Gelsomina5', 'Alighieri1', 'Lisa1', 'Moreno0', 'Noah8', 'Tancredi0', 'Giovanna7', 'Romeo6', 'Graziano0', 'Genziana0', 'Concetta9', 'Jarno9', 'Santo5', 'Celeste3', 'Giordano8']
['Antonio8', 'Marino2', 'Gaetano3', 'Olimpia4', 'Flaviana9', 'Kristel7', 'Samuel0', 'Hector7', 'Nestore2', 'Carlo6', 'Cleopatra4', 'Loris7', 'Caligola8', 'Lauro9', 'Evita0', 'Samira7', 'Ivonne9', 'Evita5', 'Arduino7', 'Rosalino0', 'Manfredi4', 'Karim7', 'Radames1', 'Lazzaro0', 'Orfeo5']
['Carlo0', 'Gerlando6', 'Laura6', 'Maria4', 'Tazio5', 'Benedetta3', 'Odone4', 'Caio5', 'Fiorenzo9', 'Doriana8', 'Mirko8', 'Eufemia7', 'Ulrico8', 'Secondo7', 'Helga9', 'Liborio5', 'Morgana0', 'Cristyn0', 'Dimitri0', 'Neri6', 'Rosolino5', 'Caio4', 'Demis5', 'Cirino7', 'Quarto6']
['Rocco0', 'Bettino4', 'Isira0', 'Elio6', 'Max2', 'Muzio8', 'Amos1', 'Danny9', 'Flaviana4', 'Battista6', 'Diana4', 'Lamberto0', 'Amedeo3', 'Alighiero1', 'Rudy7', 'Guendalina8', 'Folco7', 'Naomi7', 'Rudy6', 'Enrica2', 'Edipo8', 'Tosca3', 'Furio9', 'Ursula8', 'Kai2']
['Fabiano7', 'Gioacchino1', 'Ariel1', 'Emidio3', 'Artes9', 'Clea7', 'Gianleonardo3', 'Kris5', 'Ruth8', 'Maruska1', 'Kai8', 'Ciro9', 'Renzo0', 'Flavio2', 'Luce3', 'Quasimodo3', 'Aroldo1', 'Egisto2', 'Aaron1', 'Eusebio8', 'Sarita5', 'Cira3', 'Joshua1', 'Giuliano5', 'Arcibaldo1']
['Tommaso9', 'Bernardo2', 'Giovanna3', 'Timoteo7', 'Osvaldo2', 'Demian5', 'Mercedes1', 'Carmelo4', 'Miriana4', 'Irene7', 'Sabatino0', 'Vinicio0', 'Odone7', 'Rosita8', 'Karim4', 'Romolo3', 'Ione8', 'Caligola2', 'Tommaso4', 'Noemi5', 'Thea6', 'Doriana1', 'Patrizio6', 'Mauro2', 'Giacinto4']
['Joshua5', 'Bortolo9', 'Tazio0', 'Ermes0', 'Vitalba9', 'Elga8', 'Leonardo9', 'Boris2', 'Mariagiulia3', 'Joshua3', 'Raniero1', 'Oretta9', 'Moreno2', 'Ingrid4', 'Rosalba5', 'Priamo6', 'Lisa3', 'Concetta1', 'Arturo2', 'Alighiero4', 'Raoul0', 'Noah0', 'Kayla1', 'Sabino1', 'Rosaria1']
['Tazio4', 'Pierfrancesco4', 'Piersilvio4', 'Ausonio7', 'Jack2', 'Oretta8', 'Mauro1', 'Aroldo3', 'Osvaldo1', 'Serse7', 'Giacobbe9', 'Gavino8', 'Secondo6', 'Cleros0', 'Marvin7', 'Liborio0', 'Ivano9', 'Costantino5', 'Antimo2', 'Trevis7', 'Renato0', 'Dylan0', 'Ermes4', 'Vera4', 'Danuta6']
['Bacchisio5', 'Zelida1', 'Claudia2', 'Sibilla3', 'Gianleonardo8', 'Dimitri1', 'Nathan4', 'Odino5', 'Cleopatra6', 'Arduino8', 'Nestore5', 'Radio2', 'Renzo6', 'Fiorentino0', 'Ubaldo2', 'Harry5', 'Genziana1', 'Rosita4', 'Jelena4', 'Marianita1', 'Giuliano7', 'Elda6', 'Laura4', 'Odino2', 'Maria7']
['Piccarda2', 'Giacobbe5', 'Rita2', 'Nabil1', 'Iacopo0', 'Carmelo7', 'Ivano1', 'Gaetano7', 'Shaira5', 'Neri3', 'Giobbe4', 'Violante9', 'Sabatino2', 'Dindo9', 'Rosalino7', 'Gabriele3', 'Fernando7', 'Antonino9', 'Valdo2', 'Fortunata3', 'Jacopo6', 'Mirko1', 'Yago5', 'Silverio7', 'Jarno3']
['Domiziano6', 'Mauro4', 'Jelena8', 'Enrica1', 'Michele5', 'Noemi3', 'Abramo3', 'Thea7', 'Luigi7', 'Fatima3', 'Mercedes3', 'Lazzaro4', 'Damiana7', 'Emilia5', 'Maristella5', 'Loris9', 'Alighiero8', 'Artes0', 'Alan9', 'Gerlando4', 'Rocco5', 'Nadir0', 'Rufo5', 'Maristella6', 'Ercole1']
['Brigitta5', 'Lauro6', 'Ileana8', 'Ethan2', 'Kayla9', 'Filomena1', 'Ivano4', 'Teseo5', 'Dimitri8', 'Walter8', 'Lia3', 'Giulietta7', 'Gioacchino8', 'Danthon6', 'Nabil0', 'Ruth9', 'Gaetano1', 'Cleopatra7', 'Pericle7', 'Giulio9', 'Lucrezia0', 'Giovanna5', 'Olo4', 'Kris0', 'Nestore7']
['Noel6', 'Ettore5', 'Baldassarre7', 'Filomena9', 'Marino0', 'Emilia2', 'Lauro1', 'Azue3', 'Muzio1', 'Folco4', 'Noel1', 'Brigitta1', 'Donatella4', 'Romeo2', 'Albino6', 'Rosolino1', 'Nico6', 'Vitalba2', 'Erminia7', 'Aroldo6', 'Ian3', 'Benedetta5', 'Quirino2', 'Cassiopea3', 'Fulvio8']
['Edvige7', 'Osea0', 'Mecren6', 'Abramo9', 'Rocco6', 'Tazio2', 'Manuele6', 'Carmela2', 'Fiorenzo4', 'Laerte8', 'Cassiopea5', 'Germano3', 'Mattia6', 'Modesto6', 'Antimo8', 'Eustachio6', 'Emidio4', 'Ivonne8', 'Vitalba8', 'Fiorenzo7', 'Maristella0', 'Arcibaldo7', 'Jacopo7', 'Carmela7', 'Pacifico5']
['Nico3', 'Nunzia4', 'Ubaldo0', 'Antonino2', 'Rita9', 'Lia7', 'Bernardo7', 'Gianantonio7', 'Romeo3', 'Luna2', 'Karim3', 'Carmela0', 'Gabriele7', 'Clodovea6', 'Bacchisio2', 'Gianriccardo7', 'Demian8', 'Umberto1', 'Sesto0', 'Cleros2', 'Diamante8', 'Loretta3', 'Edipo9', 'Maggiore1', 'Lidia7']
['Nicoletta7', 'Costantino1', 'Ileana0', 'Marco7', 'Brigitta0', 'Ivano2', 'Donatella8', 'Trevis2', 'Tolomeo2', 'Damiano3', 'Nunzia9', 'Adriano2', 'Loredana6', 'Davide3', 'Sabatino8', 'Primo4', 'Davis2', 'Ermes5', 'Cesidia4', 'Neri1', 'Liborio6', 'Samuel4', 'Elsa0', 'Terzo0', 'Hector1']
