['344', '192', '36', '747', '133', '709', '247', '183', '121', '383', '732', '352', '264', '151']
['345', '270', '35', '555', '132', '704', '246', '180', '779', '122', '384', '735', '351', '269', '426', '150', '626']
['34', '554', '131', '705', '241', '181', '778', '123', '385', '734', '350', '268', '308', '153']
['347', '272', '641', '557', '706', '240', '77', '124', '386', '508', '800', '701', '309', '152']
['340', '273', '640', '556', '137', '707', '243', '187', '76', '125', '387', '509', '359', '59', '300', '155']
['341', '274', '643', '551', '136', '700', '242', '184', '75', '126', '388', '506', '358', '301', '154']
['275', '642', '550', '135', '618', '615', '185', '74', '127', '389', '507', '216', '55', '302', '157']
['343', '276', '645', '553', '134', '249', '652', '73', '128', '784', '504', '217', '54', '303', '156']
['348', '277', '644', '552', '494', '703', '248', '188', '72', '129', '785', '505', '214', '304', '159', '339', '558', '378', '17']
['349', '278', '438', '238', '495', '519', '189', '71', '765', '786', '502', '215', '56', '305', '158']
['595', '279', '439', '239', '139', '392', '518', '658', '70', '414', '787', '503', '212', '51', '306', '609']
['436', '234', '138', '88', '511', '653', '655', '415', '780', '500', '213', '50', '307', '608', '331', '685', '393']
['718', '524', '235', '490', '510', '79', '416', '781', '501', '210', '53', '568', '634', '57']
['717', '525', '236', '491', '397', '513', '651', '78', '417', '782', '630', '211', '52', '569', '399', '592']
['716', '526', '435', '237', '492', '396', '512', '764', '2', '410', '783', '631', '762', '537', '751', '635', '130']
['715', '527', '432', '230', '493', '395', '515', '11', '669', '411', '788', '632', '763', '536', '750', '749', '434', '408']
['714', '520', '433', '231', '24', '394', '514', '10', '668', '412', '789', '633', '760', '535', '757', '398']
['713', '521', '430', '232', '25', '82', '517', '13', '667', '413', '605', '469', '761', '63', '737', '48', '199', '650']
['712', '522', '431', '233', '26', '83', '516', '12', '666', '498', '579', '468', '766', '533', '755', '49', '686']
['711', '523', '1', '27', '80', '458', '15', '665', '418', '578', '636', '767', '532', '754', '46', '719']
['710', '599', '338', '614', '20', '81', '459', '14', '664', '419', '604', '637', '218', '531', '560', '47', '791']
['606', '528', '335', '146', '21', '621', '663', '776', '573', '465', '219', '530', '561', '44', '409']
['594', '334', '147', '22', '87', '620', '16', '662', '499', '572', '464', '289', '539', '562', '45', '628', '208', '311']
['736', '449', '337', '144', '23', '84', '627', '19', '661', '319', '571', '467', '288', '538', '563', '42', '94']
['619', '448', '336', '145', '85', '18', '660', '318', '570', '4', '775', '564', '43', '590', '105', '186']
['298', '443', '142', '797', '625', '659', '313', '577', '281', '774', '565', '40']
['299', '442', '330', '407', '796', '624', '753', '692', '312', '576', '460', '280', '777', '566', '41']
['296', '441', '333', '140', '406', '795', '450', '752', '693', '575', '463', '283', '115', '567', '638']
['297', '440', '332', '141', '405', '794', '451', '62', '690', '310', '574', '462', '282', '114', '739', '5', '549']
['294', '447', '744', '612', '404', '793', '452', '756', '691', '317', '60', '285', '117', '229', '639']
['295', '446', '745', '613', '403', '792', '453', '322', '696', '316', '61', '169', '284', '116', '228', '489', '437', '28', '168']
['292', '445', '748', '610', '402', '454', '323', '697', '315', '258', '164', '287', '111', '227', '488']
['293', '444', '6', '611', '401', '790', '455', '320', '694', '314', '259', '165', '286', '110', '226', '487', '364', '461', '427']
['290', '108', '99', '616', '400', '799', '456', '321', '695', '64', '166', '678', '113', '225', '486']
['291', '109', '98', '617', '629', '798', '457', '326', '698', '497', '65', '167', '679', '112', '224', '485', '86', '58']
['591', '102', '91', '148', '7', '179', '327', '699', '3', '66', '160', '674', '771', '223', '484', '89']
['103', '90', '149', '601', '178', '324', '542', '725', '67', '161', '675', '119', '222', '483', '496']
['593', '100', '93', '768', '607', '177', '325', '543', '368', '252', '162', '676', '118', '221', '482', '375']
['101', '92', '689', '758', '586', '176', '540', '369', '69', '163', '677', '770', '220', '481', '545']
['106', '95', '688', '379', '587', '175', '329', '541', '366', '250', '600', '670', '773', '391', '480', '271']
['198', '107', '584', '174', '759', '546', '367', '251', '9', '671', '772', '726', '472', '342', '466']
['597', '104', '97', '684', '371', '585', '173', '201', '547', '256', '647', '672', '429', '727', '473']
['596', '96', '687', '370', '582', '172', '200', '544', '365', '257', '646', '673', '428', '724', '470']
['195', '39', '740', '373', '583', '171', '203', '362', '254', '649', '263', '534', '390', '471']
['194', '38', '741', '681', '580', '170', '202', '8', '363', '255', '648', '262', '421', '722', '476', '346', '529', '143', '654']
['197', '33', '742', '680', '581', '656', '205', '548', '360', '603', '357', '261', '420', '477']
['196', '32', '743', '683', '374', '588', '657', '204', '361', '602', '356', '260', '423', '720', '474']
['191', '31', '559', '682', '377', '589', '207', '68', '380', '731', '355', '267', '422', '721', '475', '738']
['190', '30', '623', '376', '245', '253', '206', '598', '381', '730', '354', '266', '425', '728', '478', '29', '372', '702', '328', '769', '723']
['193', '37', '746', '622', '708', '244', '182', '209', '120', '382', '733', '353', '265', '424', '729', '479']
