['Vertex540', 'Vertex640', 'Vertex740', 'Vertex840', 'Vertex940', 'Vertex1040', 'Vertex1140', 'Vertex451']
['Vertex541', 'Vertex641', 'Vertex741', 'Vertex841', 'Vertex941', 'Vertex1041', 'Vertex1141', 'Vertex454', 'Vertex465', 'Vertex489', 'Vertex675']
['Vertex542', 'Vertex742', 'Vertex842', 'Vertex942', 'Vertex1042', 'Vertex1142']
['Vertex543', 'Vertex643', 'Vertex743', 'Vertex843', 'Vertex943', 'Vertex1043', 'Vertex1143', 'Vertex446', 'Vertex477']
['Vertex444', 'Vertex544', 'Vertex744', 'Vertex844', 'Vertex944', 'Vertex1044', 'Vertex1144', 'Vertex572', 'Vertex1194']
['Vertex445', 'Vertex545', 'Vertex645', 'Vertex745', 'Vertex845', 'Vertex945', 'Vertex1045', 'Vertex1145', 'Vertex441', 'Vertex459', 'Vertex474', 'Vertex564', 'Vertex644']
['Vertex546', 'Vertex646', 'Vertex746', 'Vertex846', 'Vertex946', 'Vertex1046', 'Vertex1146', 'Vertex866']
['Vertex647', 'Vertex747', 'Vertex847', 'Vertex1047', 'Vertex1147']
['Vertex448', 'Vertex648', 'Vertex748', 'Vertex848', 'Vertex948', 'Vertex1048', 'Vertex1148', 'Vertex443', 'Vertex452', 'Vertex458', 'Vertex463', 'Vertex490', 'Vertex633', 'Vertex703', 'Vertex1015']
['Vertex549', 'Vertex749', 'Vertex849', 'Vertex949', 'Vertex1049', 'Vertex1149', 'Vertex467', 'Vertex548', 'Vertex571', 'Vertex837']
['Vertex550', 'Vertex650', 'Vertex750', 'Vertex850', 'Vertex950', 'Vertex1050']
['Vertex551', 'Vertex651', 'Vertex751', 'Vertex851', 'Vertex951', 'Vertex1051', 'Vertex1151', 'Vertex642']
['Vertex552', 'Vertex652', 'Vertex752', 'Vertex852', 'Vertex952', 'Vertex1152', 'Vertex773']
['Vertex553', 'Vertex653', 'Vertex753', 'Vertex853', 'Vertex953', 'Vertex1053', 'Vertex1153', 'Vertex440', 'Vertex442']
['Vertex554', 'Vertex654', 'Vertex754', 'Vertex854', 'Vertex954', 'Vertex1054', 'Vertex1154', 'Vertex523', 'Vertex886']
['Vertex455', 'Vertex555', 'Vertex655', 'Vertex755', 'Vertex855', 'Vertex955', 'Vertex1055', 'Vertex1155', 'Vertex449', 'Vertex501', 'Vertex957']
['Vertex556', 'Vertex656', 'Vertex756', 'Vertex856', 'Vertex956', 'Vertex1056', 'Vertex1156', 'Vertex453', 'Vertex481']
['Vertex457', 'Vertex557', 'Vertex657', 'Vertex757', 'Vertex857', 'Vertex1057', 'Vertex1157', 'Vertex1052']
['Vertex558', 'Vertex658', 'Vertex858', 'Vertex958', 'Vertex1058', 'Vertex1158']
['Vertex559', 'Vertex659', 'Vertex759', 'Vertex859', 'Vertex959', 'Vertex1059', 'Vertex1159', 'Vertex649']
['Vertex560', 'Vertex660', 'Vertex760', 'Vertex860', 'Vertex960', 'Vertex1060', 'Vertex1160']
['Vertex461', 'Vertex561', 'Vertex661', 'Vertex761', 'Vertex861', 'Vertex961', 'Vertex1061', 'Vertex1161', 'Vertex1136']
['Vertex462', 'Vertex562', 'Vertex662', 'Vertex762', 'Vertex862', 'Vertex962', 'Vertex1062', 'Vertex1162', 'Vertex947']
['Vertex563', 'Vertex663', 'Vertex763', 'Vertex963', 'Vertex1063', 'Vertex1163']
['Vertex464', 'Vertex664', 'Vertex764', 'Vertex864', 'Vertex964', 'Vertex1064', 'Vertex1164']
['Vertex565', 'Vertex765', 'Vertex865', 'Vertex965', 'Vertex1065', 'Vertex1165', 'Vertex521']
['Vertex466', 'Vertex566', 'Vertex666', 'Vertex766', 'Vertex966', 'Vertex1066', 'Vertex1166']
['Vertex567', 'Vertex667', 'Vertex767', 'Vertex967', 'Vertex1067', 'Vertex1167']
['Vertex568', 'Vertex668', 'Vertex768', 'Vertex868', 'Vertex968', 'Vertex1068', 'Vertex1168']
['Vertex569', 'Vertex669', 'Vertex769', 'Vertex869', 'Vertex969', 'Vertex1069', 'Vertex1169']
['Vertex570', 'Vertex670', 'Vertex770', 'Vertex870', 'Vertex1070', 'Vertex1170', 'Vertex456']
['Vertex671', 'Vertex771', 'Vertex871', 'Vertex971', 'Vertex1071', 'Vertex1171', 'Vertex689']
['Vertex672', 'Vertex772', 'Vertex872', 'Vertex972', 'Vertex1072', 'Vertex1172']
['Vertex473', 'Vertex573', 'Vertex673', 'Vertex873', 'Vertex973', 'Vertex1073', 'Vertex1173']
['Vertex574', 'Vertex674', 'Vertex774', 'Vertex874', 'Vertex974', 'Vertex1074', 'Vertex1174']
['Vertex475', 'Vertex575', 'Vertex775', 'Vertex875', 'Vertex975', 'Vertex1075', 'Vertex1175']
['Vertex476', 'Vertex576', 'Vertex676', 'Vertex776', 'Vertex876', 'Vertex976', 'Vertex1076', 'Vertex1176', 'Vertex665']
['Vertex577', 'Vertex677', 'Vertex777', 'Vertex877', 'Vertex977', 'Vertex1077', 'Vertex1177', 'Vertex447', 'Vertex1111']
['Vertex478', 'Vertex578', 'Vertex678', 'Vertex778', 'Vertex878', 'Vertex978', 'Vertex1078', 'Vertex1178']
['Vertex579', 'Vertex679', 'Vertex779', 'Vertex879', 'Vertex979', 'Vertex1079', 'Vertex1179']
['Vertex480', 'Vertex580', 'Vertex680', 'Vertex780', 'Vertex880', 'Vertex980', 'Vertex1080', 'Vertex1180']
['Vertex581', 'Vertex681', 'Vertex781', 'Vertex881', 'Vertex981', 'Vertex1081', 'Vertex1181', 'Vertex471', 'Vertex867']
['Vertex482', 'Vertex582', 'Vertex682', 'Vertex782', 'Vertex882', 'Vertex982', 'Vertex1082', 'Vertex1182']
['Vertex583', 'Vertex683', 'Vertex783', 'Vertex883', 'Vertex983', 'Vertex1083', 'Vertex1183', 'Vertex460', 'Vertex468']
['Vertex484', 'Vertex584', 'Vertex684', 'Vertex784', 'Vertex884', 'Vertex984', 'Vertex1084', 'Vertex1184']
['Vertex485', 'Vertex585', 'Vertex685', 'Vertex785', 'Vertex885', 'Vertex985', 'Vertex1085', 'Vertex1185', 'Vertex509', 'Vertex722']
['Vertex486', 'Vertex586', 'Vertex686', 'Vertex786', 'Vertex986', 'Vertex1086', 'Vertex1186']
['Vertex487', 'Vertex587', 'Vertex687', 'Vertex787', 'Vertex887', 'Vertex987', 'Vertex1087', 'Vertex1187', 'Vertex479', 'Vertex900']
['Vertex588', 'Vertex788', 'Vertex888', 'Vertex988', 'Vertex1088', 'Vertex1188', 'Vertex472']
['Vertex589', 'Vertex789', 'Vertex889', 'Vertex989', 'Vertex1089', 'Vertex1189']
['Vertex590', 'Vertex690', 'Vertex790', 'Vertex890', 'Vertex990', 'Vertex1090', 'Vertex1190']
['Vertex591', 'Vertex691', 'Vertex791', 'Vertex891', 'Vertex991', 'Vertex1091', 'Vertex1191']
['Vertex492', 'Vertex592', 'Vertex692', 'Vertex792', 'Vertex892', 'Vertex992', 'Vertex1092', 'Vertex1192', 'Vertex539']
['Vertex493', 'Vertex593', 'Vertex693', 'Vertex793', 'Vertex893', 'Vertex993', 'Vertex1093', 'Vertex1193']
['Vertex494', 'Vertex594', 'Vertex694', 'Vertex794', 'Vertex894', 'Vertex994', 'Vertex1094', 'Vertex547']
['Vertex495', 'Vertex695', 'Vertex795', 'Vertex895', 'Vertex995', 'Vertex1095', 'Vertex1195', 'Vertex469']
['Vertex496', 'Vertex596', 'Vertex696', 'Vertex796', 'Vertex896', 'Vertex996', 'Vertex1096', 'Vertex1196']
['Vertex497', 'Vertex597', 'Vertex697', 'Vertex797', 'Vertex897', 'Vertex997', 'Vertex1097', 'Vertex1197', 'Vertex488']
['Vertex498', 'Vertex598', 'Vertex698', 'Vertex798', 'Vertex898', 'Vertex998', 'Vertex1098', 'Vertex1198', 'Vertex970']
['Vertex499', 'Vertex599', 'Vertex699', 'Vertex799', 'Vertex899', 'Vertex999', 'Vertex1099', 'Vertex1199', 'Vertex688']
['Vertex500', 'Vertex600', 'Vertex700', 'Vertex800', 'Vertex1000', 'Vertex1100', 'Vertex1200']
['Vertex601', 'Vertex701', 'Vertex801', 'Vertex901', 'Vertex1001', 'Vertex1101', 'Vertex1201']
['Vertex502', 'Vertex602', 'Vertex702', 'Vertex802', 'Vertex902', 'Vertex1002', 'Vertex1102', 'Vertex1202']
['Vertex503', 'Vertex603', 'Vertex803', 'Vertex903', 'Vertex1003', 'Vertex1103', 'Vertex1203']
['Vertex504', 'Vertex604', 'Vertex704', 'Vertex804', 'Vertex904', 'Vertex1004', 'Vertex1104', 'Vertex1204']
['Vertex605', 'Vertex805', 'Vertex1005', 'Vertex1105', 'Vertex1205']
['Vertex506', 'Vertex606', 'Vertex706', 'Vertex806', 'Vertex906', 'Vertex1006', 'Vertex1106', 'Vertex1206', 'Vertex536']
['Vertex507', 'Vertex607', 'Vertex707', 'Vertex807', 'Vertex907', 'Vertex1007', 'Vertex1107', 'Vertex1207']
['Vertex508', 'Vertex608', 'Vertex708', 'Vertex808', 'Vertex908', 'Vertex1008', 'Vertex1108', 'Vertex1208']
['Vertex609', 'Vertex709', 'Vertex809', 'Vertex909', 'Vertex1009', 'Vertex1109', 'Vertex1209']
['Vertex510', 'Vertex610', 'Vertex710', 'Vertex810', 'Vertex910', 'Vertex1010', 'Vertex1110', 'Vertex1210', 'Vertex905']
['Vertex511', 'Vertex611', 'Vertex711', 'Vertex811', 'Vertex911', 'Vertex1011', 'Vertex1211']
['Vertex512', 'Vertex612', 'Vertex712', 'Vertex812', 'Vertex912', 'Vertex1012', 'Vertex1112', 'Vertex1212', 'Vertex529']
['Vertex513', 'Vertex613', 'Vertex713', 'Vertex813', 'Vertex913', 'Vertex1013', 'Vertex1113', 'Vertex1213']
['Vertex514', 'Vertex614', 'Vertex814', 'Vertex914', 'Vertex1014', 'Vertex1114', 'Vertex1214']
['Vertex515', 'Vertex615', 'Vertex715', 'Vertex815', 'Vertex915', 'Vertex1115', 'Vertex1215']
['Vertex516', 'Vertex616', 'Vertex716', 'Vertex816', 'Vertex916', 'Vertex1016', 'Vertex1116', 'Vertex1216']
['Vertex517', 'Vertex617', 'Vertex717', 'Vertex817', 'Vertex917', 'Vertex1017', 'Vertex1117', 'Vertex1217']
['Vertex618', 'Vertex718', 'Vertex818', 'Vertex918', 'Vertex1018', 'Vertex1118', 'Vertex1218']
['Vertex519', 'Vertex619', 'Vertex719', 'Vertex819', 'Vertex919', 'Vertex1019', 'Vertex1119', 'Vertex1219']
['Vertex520', 'Vertex620', 'Vertex720', 'Vertex820', 'Vertex920', 'Vertex1020', 'Vertex1120', 'Vertex1220']
['Vertex621', 'Vertex721', 'Vertex821', 'Vertex921', 'Vertex1021', 'Vertex1121', 'Vertex1221']
['Vertex522', 'Vertex622', 'Vertex822', 'Vertex922', 'Vertex1022', 'Vertex1122', 'Vertex1222', 'Vertex491']
['Vertex623', 'Vertex723', 'Vertex823', 'Vertex923', 'Vertex1023', 'Vertex1123', 'Vertex1223', 'Vertex483', 'Vertex505', 'Vertex734', 'Vertex1150']
['Vertex524', 'Vertex624', 'Vertex724', 'Vertex824', 'Vertex924', 'Vertex1024', 'Vertex1124', 'Vertex1224', 'Vertex534']
['Vertex525', 'Vertex625', 'Vertex725', 'Vertex825', 'Vertex925', 'Vertex1025', 'Vertex1125', 'Vertex1225', 'Vertex863']
['Vertex526', 'Vertex626', 'Vertex726', 'Vertex826', 'Vertex926', 'Vertex1026', 'Vertex1126', 'Vertex1226']
['Vertex527', 'Vertex627', 'Vertex727', 'Vertex827', 'Vertex927', 'Vertex1027', 'Vertex1127', 'Vertex1227']
['Vertex528', 'Vertex628', 'Vertex728', 'Vertex828', 'Vertex928', 'Vertex1028', 'Vertex1128', 'Vertex1228']
['Vertex629', 'Vertex729', 'Vertex829', 'Vertex929', 'Vertex1029', 'Vertex1129', 'Vertex1229']
['Vertex530', 'Vertex630', 'Vertex730', 'Vertex830', 'Vertex930', 'Vertex1030', 'Vertex1130', 'Vertex1230']
['Vertex531', 'Vertex631', 'Vertex731', 'Vertex831', 'Vertex931', 'Vertex1031', 'Vertex1131', 'Vertex1231', 'Vertex470', 'Vertex518', 'Vertex758']
['Vertex632', 'Vertex732', 'Vertex832', 'Vertex932', 'Vertex1032', 'Vertex1132', 'Vertex1232']
['Vertex533', 'Vertex733', 'Vertex833', 'Vertex933', 'Vertex1033', 'Vertex1133', 'Vertex1233']
['Vertex634', 'Vertex834', 'Vertex934', 'Vertex1034', 'Vertex1134', 'Vertex1234', 'Vertex705']
['Vertex535', 'Vertex635', 'Vertex735', 'Vertex835', 'Vertex935', 'Vertex1035', 'Vertex1135', 'Vertex1235']
['Vertex636', 'Vertex736', 'Vertex836', 'Vertex936', 'Vertex1036', 'Vertex1236']
['Vertex537', 'Vertex637', 'Vertex737', 'Vertex937', 'Vertex1037', 'Vertex1137', 'Vertex1237', 'Vertex450', 'Vertex532', 'Vertex595', 'Vertex714']
['Vertex538', 'Vertex638', 'Vertex738', 'Vertex838', 'Vertex938', 'Vertex1038', 'Vertex1138', 'Vertex1238']
['Vertex639', 'Vertex739', 'Vertex839', 'Vertex939', 'Vertex1039', 'Vertex1139', 'Vertex1239']
