['0', '50', '100', '150', '200', '250', '300', '350', '450', '500', '498']
['101', '151', '251', '301', '351', '401', '451', '2', '38', '77', '355']
['52', '102', '252', '302', '352', '402', '452', '4', '54', '304', '388']
['103', '253', '303', '353', '403', '453', '35', '56', '58', '202', '221']
['104', '154', '204', '254', '354', '454', '51', '120', '293', '309']
['55', '105', '155', '205', '305', '405', '455', '153', '339']
['106', '156', '206', '256', '306', '356', '406', '456']
['7', '57', '107', '157', '207', '257', '307', '357', '407', '457', '10']
['108', '158', '208', '258', '308', '358', '408', '458', '21', '199', '203']
['59', '109', '159', '209', '359', '409', '459', '224', '238', '267']
['60', '110', '210', '260', '310', '360', '410', '460', '15', '49', '380']
['61', '111', '161', '211', '261', '311', '361', '411', '461', '26', '287']
['62', '112', '162', '212', '262', '312', '362', '412', '462', '79', '91']
['113', '163', '213', '263', '313', '363', '413', '463', '9', '48', '74']
['14', '114', '164', '214', '264', '314', '364', '414', '464', '1', '75']
['115', '165', '265', '315', '365', '415', '6', '255', '436']
['66', '116', '216', '266', '316', '366', '416', '466']
['67', '117', '167', '217', '317', '367', '417', '467', '5', '63', '392']
['18', '68', '218', '268', '318', '368', '418', '468', '3', '259']
['119', '169', '219', '269', '319', '369', '419', '469', '121', '166', '168']
['20', '70', '170', '220', '270', '320', '370', '420', '470', '437', '465']
['171', '321', '371', '421', '471']
['72', '122', '172', '222', '272', '322', '372', '422', '472', '133', '373']
['23', '123', '173', '223', '273', '323', '423', '473', '12', '140']
['124', '174', '274', '324', '374', '424', '474', '8', '486']
['25', '125', '175', '225', '275', '325', '375', '425', '475', '193']
['76', '126', '176', '276', '326', '376', '426', '476', '19', '31', '242']
['177', '227', '277', '327', '377', '427', '477', '39']
['128', '178', '228', '278', '328', '378', '428', '478', '137']
['129', '179', '229', '279', '329', '379', '429', '479']
['80', '130', '180', '230', '280', '330', '430', '480']
['81', '131', '181', '231', '281', '331', '381', '431', '481', '71', '226']
['82', '132', '182', '232', '282', '332', '382', '432', '482', '17', '44']
['83', '183', '233', '283', '333', '383', '433', '483', '16', '53', '215']
['34', '134', '184', '234', '284', '334', '384', '434', '484', '32', '152']
['85', '135', '185', '235', '285', '335', '385', '435', '485', '73', '118']
['36', '86', '136', '186', '236', '286', '336', '386', '24', '446', '491']
['37', '87', '187', '237', '337', '387', '487', '13', '400']
['88', '138', '188', '288', '338', '438', '488', '43', '45', '397']
['89', '139', '189', '239', '289', '389', '439', '489', '30', '160']
['90', '190', '240', '290', '340', '390', '440', '490', '64', '404']
['41', '141', '191', '241', '291', '341', '391', '441', '29', '96']
['42', '92', '142', '192', '292', '442', '492', '40']
['143', '243', '343', '393', '443', '493', '69', '342']
['94', '144', '194', '244', '294', '344', '394', '444', '494', '22', '78']
['95', '145', '195', '245', '295', '345', '395', '445', '495', '28', '84']
['46', '146', '196', '246', '296', '346', '396', '496', '11', '271']
['47', '97', '147', '197', '247', '297', '347', '447', '497', '27']
['98', '148', '198', '248', '298', '348', '398', '448', '65', '127']
['99', '149', '249', '299', '349', '399', '449', '499', '33', '93', '201']
