['Hunter', 'Axel', 'Ryker', 'Jude', 'Graham', 'Kaden', 'Israel', 'Emilio', 'Rylan', 'Jayceon', 'Daxton', 'Ismael', 'Ruben', 'Derrick', 'Drake', 'Rowen', 'Brock', 'Braden', 'Wilder', 'Jalen', 'Roger', 'Noah', 'Dylan', 'Santiago', 'Frank']
['Owen', 'Greyson', 'Tyler', 'Carlos', 'Antonio', 'Kaleb', 'Bryan', 'Matias', 'Walker', 'Muhammad', 'Pedro', 'Hugo', 'Gerardo', 'Lawrence', 'Pierce', 'Quinton', 'Mekhi', 'Santino', 'Axton', 'Daniel', 'Dominick', 'Raiden', 'Ari', 'Nixon', 'Luis']
['Jose', 'Maxwell', 'Alan', 'Jasper', 'Kyle', 'Jorge', 'Theo', 'Cohen', 'Zayn', 'Erik', 'Leland', 'Abram', 'Cade', 'Jayson', 'Leonidas', 'Alonzo', 'Cannon', 'Memphis', 'Case', 'James', 'Josiah', 'Xavier', 'Max', 'Martin', 'Stetson']
['Ezekiel', 'Kingston', 'Elliott', 'Jesse', 'Myles', 'Zander', 'Andre', 'Arlo', 'Collin', 'Odin', 'Malakai', 'Adan', 'Jonas', 'Sage', 'Aden', 'Ayaan', 'Cayson', 'Leonard', 'Douglas', 'Elijah', 'Anthony', 'Brandon', 'Bennett', 'Devin', 'Makai']
['Logan', 'Gabriel', 'Carson', 'Weston', 'Ivan', 'Elliot', 'Matteo', 'Peter', 'Walter', 'Hector', 'Jaylen', 'Quinn', 'Malcolm', 'Khalil', 'Dexter', 'Braylon', 'Julio', 'Dillon', 'Mathew', 'Conrad', 'Alvin', 'Larry', 'Ian', 'Erick', 'Edwin']
['Adrian', 'Miles', 'Waylon', 'Charlie', 'Josue', 'Spencer', 'Dante', 'Dakota', 'Jaxton', 'Alexis', 'Zaiden', 'Kolton', 'Benson', 'Darius', 'Uriel', 'Kellan', 'Kaison', 'Issac', 'Crosby', 'Mason', 'Isaac', 'Kayden', 'Gunner', 'Ace', 'Phillip']
['Asher', 'Maverick', 'Wesley', 'Juan', 'Xander', 'Zayden', 'Kyrie', 'Cayden', 'Chance', 'Raymond', 'Kyler', 'Prince', 'Dalton', 'Augustus', 'Moses', 'Johan', 'Dustin', 'Niko', 'Kyree', 'Bo', 'Jacob', 'Joshua', 'Kendrick', 'Jimmy', 'Eli']
['Grayson', 'Cameron', 'Bryson', 'Nathaniel', 'Ashton', 'Timothy', 'Preston', 'Thiago', 'Holden', 'Phoenix', 'Maximiliano', 'Garrett', 'Johnny', 'Nehemiah', 'Porter', 'Marcos', 'Hank', 'Alijah', 'Deacon', 'Gianni', 'Edison', 'Soren', 'Quincy', 'Ethan', 'Aiden']
['Jack', 'Jace', 'Harrison', 'Victor', 'August', 'Brian', 'Griffin', 'Colt', 'Anderson', 'Donovan', 'Kayson', 'Sullivan', 'Philip', 'Tate', 'Rhys', 'Cason', 'Roland', 'Izaiah', 'Mack', 'Nelson', 'Lucas', 'Jaxson', 'Killian', 'Fabian', 'Fletcher']
['Theodore', 'Cooper', 'Rowan', 'Bryce', 'Oscar', 'Kenneth', 'Arthur', 'Tanner', 'Ronan', 'Seth', 'Cruz', 'Grady', 'Trenton', 'Otto', 'Danny', 'Landyn', 'Jerry', 'Bryant', 'Samson', 'Joseph', 'Caleb', 'Emmett', 'Zachariah', 'Ayden']
['Levi', 'Cole', 'Kaiden', 'Finn', 'Jeremy', 'Andres', 'Leon', 'Stephen', 'Lane', 'Jeffrey', 'Hendrix', 'Gregory', 'Allen', 'Cyrus', 'Kian', 'Oakley', 'Nikolai', 'Kobe', 'Gustavo', 'Lucian', 'Rex', 'Alexander', 'Adam', 'Maddox']
['Christopher', 'Hudson', 'Parker', 'Declan', 'Giovanni', 'Brantley', 'Alejandro', 'Lukas', 'Felix', 'Kameron', 'Tyson', 'Atticus', 'Andy', 'Esteban', 'Drew', 'Taylor', 'Dorian', 'Jamari', 'Alfredo', 'Alberto', 'Alden', 'Carter', 'Titus', 'Kasen', 'Lance']
['Robert', 'Roman', 'Eric', 'Edward', 'Aidan', 'Remington', 'Tobias', 'Jase', 'Troy', 'Solomon', 'Russell', 'Braylen', 'Mohamed', 'Jaime', 'Alec', 'Emmitt', 'Marvin', 'Cassius', 'Callum', 'Gary', 'John', 'Nathan', 'Zion', 'Kason', 'Derek']
['Andrew', 'Easton', 'Braxton', 'Jesus', 'Abraham', 'Dawson', 'Jax', 'Jake', 'Manuel', 'Travis', 'Desmond', 'Kane', 'Malik', 'Princeton', 'Albert', 'Royal', 'Ryland', 'Mauricio', 'Marcelo', 'Curtis', 'Isaiah', 'Marcus', 'Donald', 'Hamza', 'Eduardo']
['Lincoln', 'Nolan', 'Damian', 'Calvin', 'Patrick', 'Lorenzo', 'Caden', 'Amari', 'Jett', 'Caiden', 'Edgar', 'Rory', 'Winston', 'Bruce', 'Rocco', 'Saul', 'Armani', 'Apollo', 'Ahmad', 'Nikolas', 'Hezekiah', 'Alessandro', 'Henry', 'Sawyer', 'Simon']
['Matthew', 'Mateo', 'Nicholas', 'Chase', 'Silas', 'Abel', 'Grant', 'Messiah', 'Milo', 'Clayton', 'Emerson', 'Ricardo', 'Gage', 'Sergio', 'Clark', 'Kamden', 'Bowen', 'Scott', 'Kieran', 'Aarav', 'Mohammad', 'Brennan', 'Finnley', 'Ares', 'Remy']
['Ryan', 'Ezra', 'Tristan', 'King', 'Karter', 'Paul', 'Sean', 'Bodhi', 'Atlas', 'Kash', 'Reed', 'Roberto', 'Lawson', 'Mathias', 'Brycen', 'Luciano', 'Roy', 'Justice', 'Darren', 'Kashton', 'Everett', 'Damien', 'Rhett', 'Armando', 'Colby']
['Jaxon', 'Colton', 'Gavin', 'Ryder', 'Camden', 'Hayden', 'Maximus', 'Beckett', 'Adriel', 'Cody', 'Gideon', 'Major', 'Marshall', 'Harvey', 'Lennox', 'Jamison', 'Ronald', 'Ariel', 'Omari', 'Duke', 'Trey', 'Jasiah', 'Kamari', 'Bruno', 'Jayden']
['Angel', 'Leonardo', 'Amir', 'Richard', 'River', 'Brady', 'Riley', 'Finley', 'Jaiden', 'Johnathan', 'Zayne', 'Hayes', 'Sterling', 'Francis', 'Enrique', 'Rodrigo', 'Quentin', 'Elian', 'Zeke', 'Jakob', 'Julian', 'Charles', 'George', 'Peyton', 'Briggs']
['Jackson', 'Brayden', 'Blake', 'Miguel', 'Zane', 'Colin', 'Archer', 'Iker', 'Fernando', 'Romeo', 'Jay', 'Finnegan', 'Damon', 'Matthias', 'Arjun', 'Sam', 'Mohammed', 'Lionel', 'Raylan', 'Jeremiah', 'Micah', 'Justin', 'Casey']
['Samuel', 'Jordan', 'Alex', 'Joel', 'Mark', 'Omar', 'Legend', 'Mario', 'Angelo', 'Shane', 'Jared', 'Nasir', 'Gunnar', 'Milan', 'Chandler', 'Ahmed', 'Lewis', 'Sincere', 'Reece', 'Neil', 'Zain', 'Jonathan', 'Bradley', 'Reid', 'Louis']
['Sebastian', 'Thomas', 'Dominic', 'Jameson', 'Brody', 'Gael', 'Brooks', 'Rafael', 'Conor', 'Orion', 'Warren', 'Noel', 'Kade', 'Kyson', 'Maximilian', 'Asa', 'Brendan', 'Tony', 'Yusuf', 'Ty', 'Titan', 'Benjamin', 'Dean', 'Corbin', 'Dax']
['David', 'Austin', 'Kevin', 'Kai', 'Malachi', 'Tucker', 'Nicolas', 'Javier', 'Enzo', 'Nash', 'Keegan', 'Conner', 'Joaquin', 'Shawn', 'Nico', 'Luka', 'Royce', 'Eden', 'Cullen', 'Uriah', 'Arturo', 'Chris', 'Julien', 'Oliver', 'Landon']
['Bentley', 'Emmanuel', 'Paxton', 'Knox', 'Beckham', 'Ali', 'Julius', 'Wade', 'Emanuel', 'Franklin', 'Skyler', 'Davis', 'Raul', 'Dennis', 'Callen', 'Forrest', 'Kellen', 'William', 'Wyatt', 'Leo', 'Evan', 'Jayce', 'Cristian', 'Pablo']
['Zachary', 'Diego', 'Jonah', 'Avery', 'Judah', 'Jaden', 'Francisco', 'Cash', 'Cesar', 'Marco', 'Leonel', 'Ibrahim', 'Landen', 'Ezequiel', 'Corey', 'Keith', 'Raphael', 'Moshe', 'Rayan', 'Korbin', 'Devon', 'Liaam', 'Aaron', 'Connor', 'Jason']
['Christian', 'Elias', 'Luca', 'Beau', 'Steven', 'Emiliano', 'Barrett', 'Dallas', 'Karson', 'Ellis', 'Jensen', 'Trevor', 'Adonis', 'Moises', 'Frederick', 'Ronin', 'Isaias', 'Keaton', 'Tatum', 'Kylan', 'Michael', 'Luke', 'Vincent', 'Carl', 'Wilson']
