['0', '200', '400', '600', '800', '40', '86', '208']
['1', '201', '401', '601', '801']
['402', '602', '802', '36', '380']
['403', '603', '803', '572']
['204', '404', '604', '804', '100']
['205', '405', '605', '805', '8', '116', '119', '122', '674']
['206', '406', '606', '806']
['207', '407', '607', '807', '327']
['408', '608', '808']
['209', '409', '609', '809']
['210', '410', '610', '810']
['11', '211', '411', '611', '811', '64', '133', '146']
['212', '412', '612', '812']
['413', '613', '813', '137', '548']
['214', '414', '614', '814']
['415', '615', '815', '302']
['216', '416', '616', '816']
['617', '817']
['18', '218', '418', '618', '818', '31']
['219', '419', '619', '819']
['20', '220', '420', '620', '820']
['21', '421', '621', '821', '17', '158']
['222', '422', '622', '822', '345']
['223', '423', '623', '823']
['424', '624', '824']
['25', '225', '425', '625', '825', '42', '344']
['226', '426', '626', '826', '39']
['227', '427', '627', '827', '66']
['228', '428', '628', '828']
['229', '429', '629', '829', '63', '724']
['230', '430', '830', '114']
['231', '431', '831']
['32', '232', '432', '632', '832', '75', '221', '398']
['233', '433', '633', '833', '53', '194', '256']
['434', '634', '834', '62']
['35', '435', '835']
['236', '436', '636', '836']
['37', '237', '437', '637', '837', '631']
['238', '438', '638', '838', '331']
['239', '439', '639', '839']
['240', '640', '840']
['41', '241', '441', '641', '841', '217', '281', '417']
['242', '442', '642', '842', '2']
['243', '643', '843']
['244', '444', '644', '844', '650']
['245', '445', '845']
['46', '246', '446', '646']
['247', '447', '647', '847']
['248', '448', '648', '848']
['49', '249', '449', '649', '849', '79', '253']
['50', '250', '450', '850', '19', '108']
['251', '651', '851', '30']
['252', '452', '652', '852', '635']
['453', '653', '853']
['54', '254', '454', '654', '854']
['455', '655', '855']
['56', '456', '656', '856', '47']
['57', '257', '457', '657', '857']
['258', '458', '658', '858', '4', '10', '72']
['59', '259', '459', '659', '859', '686']
['260', '660', '860', '283']
['61', '261', '661', '861']
['462', '662', '862']
['263', '463', '663', '863', '55']
['264', '464', '664', '864', '44']
['65', '465', '665', '865', '97']
['266', '666', '866']
['267', '467', '667']
['268', '468', '668', '868']
['69', '269', '669', '869']
['70', '270', '470', '670', '870']
['71', '271', '471', '671', '871', '332']
['272', '472', '672', '872']
['73', '273', '473', '673', '873', '126', '375', '708']
['74', '274', '474', '874', '142']
['275', '475', '675', '875', '28']
['276', '476', '676', '876', '185']
['77', '277', '477', '677', '877', '51', '567']
['78', '278', '478', '678', '878']
['279', '479', '679', '879', '141']
['80', '480', '680', '880']
['81', '481', '681', '881', '290']
['282', '482', '682', '882', '15']
['83', '483', '683']
['84', '284', '484', '884']
['85', '485', '685', '885']
['286', '486', '886']
['87', '487', '687', '887', '181']
['288', '488', '688', '888']
['89', '289', '489', '689', '889', '580']
['90', '490', '690', '890', '265']
['91', '291', '491', '691', '891', '312']
['292', '492', '692', '892', '68']
['93', '293', '493', '693', '893', '361']
['94', '294', '494', '694', '894']
['95', '295', '495', '695', '895']
['96', '296', '496', '696', '896', '469', '630']
['297', '497', '697', '897', '164', '167', '443', '741']
['98', '298', '498', '698', '898', '451']
['99', '499', '699', '899', '60']
['300', '500', '700', '900']
['101', '301', '501', '701', '391']
['102', '502', '702']
['103', '303', '503', '703']
['104', '304', '704']
['105', '305', '505', '705']
['106', '306', '506', '706', '6', '883']
['107', '307', '507', '707', '5']
['308', '508']
['109', '309', '509', '709', '12', '52', '318', '545']
['110', '310', '510', '710', '88']
['311', '511', '711']
['112', '512', '712', '45']
['113', '313', '513', '713']
['314', '514', '714']
['115', '315', '515', '715']
['316', '516', '716']
['117', '317', '517', '717']
['118', '518', '718']
['319', '519', '719']
['120', '320', '520', '720', '3']
['321', '521', '721']
['322', '522', '722']
['123', '323', '523', '723']
['124', '324', '524']
['125', '325', '525', '725']
['326', '526', '726', '360']
['127', '527', '727']
['528', '728']
['129', '329', '529', '729', '23', '27', '82', '92', '356', '392']
['130', '330', '530', '730', '867']
['131', '531', '731', '38', '255']
['132', '532', '732']
['333', '533', '733', '175', '213', '234']
['334', '534', '734', '563', '846']
['135', '335', '535', '735', '9', '26']
['336', '536', '736', '48', '58', '440']
['337', '537', '737', '215']
['138', '538', '738', '67']
['139', '339', '539', '739', '262']
['140', '340', '540', '740']
['541']
['342', '542']
['143', '343', '543', '743', '280']
['144', '544', '744']
['145', '745']
['346', '546', '746']
['147', '347', '547', '747']
['148', '348', '748', '358']
['349', '549', '749', '33']
['150', '350', '550', '750', '16', '156']
['151', '351', '551', '751', '328']
['152', '352', '552', '752', '136']
['153', '353', '553', '753', '13']
['554', '754']
['155', '555', '755']
['556', '756']
['157', '357', '557', '757', '29']
['558', '758']
['159', '359', '559', '759']
['160', '560', '760']
['161', '561', '761', '76', '121']
['162', '362', '562', '762']
['163', '763']
['364', '564', '764', '22']
['165', '365', '565', '765']
['166', '366', '566', '766', '235']
['367', '767', '460']
['168', '368', '568', '768']
['169', '369', '569', '769', '386']
['170', '370', '570', '770']
['171', '371', '571', '771']
['172', '372', '772', '134']
['173', '373', '573', '773', '355']
['174', '374', '574', '774', '154']
['575', '775']
['176', '376', '576', '776', '149']
['177', '377', '577', '777']
['178', '378', '578', '778']
['179', '379', '579', '779', '202']
['180', '780']
['381', '581', '781', '338']
['182', '382', '582', '782', '43']
['183', '383', '583', '783', '7']
['184', '384', '584', '784']
['385', '585', '785']
['186', '586', '786']
['187', '387', '587', '787', '224']
['188', '388', '588', '788']
['189', '389', '589', '789']
['190', '390', '590', '790', '461']
['191', '591', '791', '203']
['192', '592', '792', '14', '354', '363', '742']
['193', '393', '793', '299']
['394', '594', '794', '645']
['195', '395', '595', '795', '128', '593']
['196', '396', '596', '796', '24', '34', '111', '287']
['197', '397', '597', '797', '285', '466', '684']
['198', '598', '798', '341', '504']
['199', '399', '599', '799']
