['0', '60', '140', '180', '200', '220', '240', '260', '280', '320', '440', '500', '13', '17', '23', '36', '41', '46', '50', '91', '113', '125', '170', '308', '346', '365', '384', '408', '422', '461', '482', '541', '548', '563', '586', '601', '638', '642', '664', '688']
['1', '141', '161', '181', '201', '221', '241', '261', '281', '301', '321', '441', '521', '581', '661', '6', '12', '16', '24', '25', '34', '42', '71', '87', '106', '123', '353', '362', '391', '405', '426', '464', '490', '502', '544', '569', '616', '645', '648', '687']
['2', '62', '202', '222', '242', '262', '302', '442', '522', '582', '602', '622', '662', '33', '35', '49', '51', '78', '81', '94', '107', '136', '157', '249', '252', '255', '290', '339', '350', '374', '406', '416', '437', '465', '532', '559', '573', '574', '657', '691']
['3', '83', '183', '203', '223', '243', '343', '403', '423', '443', '463', '483', '503', '623', '11', '48', '58', '66', '76', '79', '99', '114', '115', '133', '153', '167', '264', '284', '332', '333', '366', '386', '531', '584', '585', '606', '611', '655', '669', '684']
['44', '64', '104', '124', '184', '204', '224', '244', '404', '564', '644', '8', '9', '14', '96', '132', '135', '139', '143', '151', '253', '269', '292', '345', '348', '354', '372', '390', '438', '459', '469', '492', '526', '535', '549', '603', '618', '626', '668', '689']
['45', '85', '105', '205', '225', '325', '385', '425', '565', '665', '10', '15', '20', '43', '52', '53', '80', '86', '127', '149', '238', '251', '257', '266', '297', '311', '347', '367', '407', '447', '468', '493', '508', '538', '553', '588', '620', '628', '652', '693']
['186', '206', '226', '506', '686', '21', '67', '68', '95', '111', '117', '122', '155', '160', '270', '271', '277', '285', '287', '294', '327', '328', '356', '371', '376', '379', '412', '420', '452', '473', '478', '487', '542', '560', '577', '590', '639', '640', '663', '673']
['47', '147', '187', '207', '227', '247', '427', '587', '627', '647', '22', '26', '30', '84', '100', '129', '134', '142', '165', '175', '248', '254', '288', '291', '329', '338', '349', '400', '411', '462', '471', '481', '505', '513', '540', '572', '576', '614', '670']
['28', '168', '188', '208', '228', '568', '38', '73', '93', '102', '116', '121', '138', '152', '245', '246', '267', '274', '278', '286', '295', '357', '373', '380', '415', '421', '430', '435', '457', '479', '495', '523', '537', '550', '592', '617', '637', '653', '680', '695']
['69', '109', '189', '209', '229', '309', '369', '409', '509', '529', '629', '27', '61', '88', '101', '159', '164', '258', '263', '300', '303', '307', '360', '398', '466', '467', '480', '484', '501', '524', '525', '533', '555', '583', '605', '621', '624', '666', '678', '692']
['110', '130', '150', '190', '210', '230', '310', '450', '470', '510', '610', '650', '690', '75', '98', '112', '126', '275', '282', '304', '305', '342', '402', '436', '444', '498', '518', '536', '543', '546', '558', '567', '591', '609', '619', '625', '635', '681']
['31', '171', '191', '211', '231', '331', '351', '451', '491', '511', '551', '571', '651', '671', '118', '128', '144', '166', '315', '322', '323', '326', '375', '383', '424', '458', '507', '530', '552', '579', '580', '612', '641', '674', '683', '696']
['32', '192', '212', '232', '352', '392', '432', '512', '632', '672', '119', '137', '158', '177', '283', '344', '377', '378', '418', '499', '520', '566', '593', '604', '659', '685']
['173', '193', '213', '233', '273', '293', '313', '393', '433', '453', '613', '633', '89', '97', '131', '145', '146', '169', '272', '289', '298', '359', '361', '368', '389', '449', '460', '474', '475', '486', '497', '608', '631', '656', '660']
['54', '74', '154', '174', '194', '214', '234', '334', '394', '434', '454', '494', '514', '534', '634', '694', '5', '37', '59', '108', '172', '276', '358', '370', '382', '429', '445', '607', '682']
['195', '215', '235', '335', '355', '395', '515', '575', '595', '615', '7', '92', '162', '163', '176', '182', '185', '314', '340', '381', '419', '527', '528', '545', '599', '649', '697']
['56', '196', '216', '236', '256', '296', '316', '336', '396', '476', '496', '516', '636', '4', '18', '57', '103', '120', '250', '268', '299', '306', '318', '324', '330', '364', '388', '399', '414', '431', '488', '517', '547', '589', '600', '643']
['197', '217', '237', '317', '397', '417', '477', '557', '597', '677', '29', '63', '70', '82', '90', '312', '341', '455', '456', '472', '504', '554', '562', '570', '596', '630', '699']
['178', '198', '218', '578', '598', '40', '55', '65', '77', '148', '265', '363', '401', '410', '413', '428', '439', '446', '448', '489', '646', '654', '667', '676']
['19', '39', '179', '199', '219', '239', '259', '279', '319', '519', '539', '679', '72', '156', '337', '387', '485', '556', '561', '594', '658', '675', '698']
