['0', '70', '140', '245', '280', '315', '350', '385', '455', '490', '560', '665', '700', '32', '60', '91', '118', '146', '178', '611', '637', '653']
['1', '71', '106', '141', '176', '211', '246', '281', '316', '351', '386', '421', '456', '491', '526', '596', '631', '666', '701', '23', '35', '41', '52', '82', '100', '105', '109', '123', '179', '378', '484', '496', '619']
['107', '142', '212', '247', '282', '317', '352', '457', '492', '527', '562', '597', '632', '667', '702', '17', '27', '65', '76', '93', '114', '147', '191', '202', '373', '450', '689']
['143', '213', '248', '283', '353', '388', '423', '458', '493', '528', '563', '598', '633', '668', '703', '81', '170', '175', '651']
['249', '284', '319', '354', '389', '459', '494', '529', '564', '599', '634', '669', '704', '9', '30', '56', '103', '251', '257', '534']
['110', '145', '180', '215', '250', '285', '320', '355', '390', '425', '460', '495', '530', '565', '600', '635', '670', '705', '14', '29', '37', '39', '171', '230', '254', '263', '446', '549', '643']
['181', '286', '321', '356', '391', '426', '461', '531', '566', '601', '636', '671', '706', '8', '16', '135', '371']
['77', '112', '182', '217', '252', '287', '322', '357', '392', '427', '462', '497', '532', '567', '672', '707', '87', '157', '272', '368', '422']
['78', '148', '183', '253', '288', '323', '428', '463', '498', '533', '568', '603', '638', '673', '708', '20', '111', '117', '594']
['149', '184', '219', '324', '359', '394', '464', '499', '569', '604', '639', '674', '267', '293', '309', '376', '406']
['45', '115', '150', '185', '220', '255', '325', '360', '395', '430', '500', '535', '570', '605', '675', '54', '58', '85', '188', '218']
['116', '151', '186', '221', '256', '361', '536', '571', '606', '641', '676', '21', '43', '125', '195', '210', '412', '420', '465']
['12', '152', '187', '222', '327', '362', '397', '432', '502', '572', '607', '642', '677', '64', '94', '234', '431', '630']
['48', '83', '223', '328', '363', '398', '433', '468', '503', '538', '573', '608', '678', '5', '358', '550']
['119', '154', '224', '294', '329', '364', '399', '434', '504', '539', '574', '609', '644', '679', '10', '34', '127', '440']
['120', '190', '225', '260', '295', '330', '365', '400', '435', '470', '540', '575', '680', '7', '49', '396', '663']
['121', '156', '226', '261', '296', '331', '401', '436', '471', '506', '541', '576', '646', '681', '36', '72', '74', '108', '292', '525', '648']
['122', '227', '262', '297', '332', '367', '402', '437', '472', '507', '542', '577', '612', '647', '682', '62', '69', '369', '393', '466', '501', '505']
['18', '53', '88', '158', '193', '298', '333', '403', '438', '473', '508', '543', '578', '683', '6', '139', '177', '602', '691']
['19', '89', '124', '159', '194', '229', '264', '299', '334', '404', '439', '509', '544', '579', '614', '649', '684', '4', '90', '200', '239']
['160', '265', '300', '335', '370', '405', '475', '510', '545', '580', '615', '650', '685', '228', '610', '645']
['161', '196', '231', '266', '301', '336', '441', '476', '511', '546', '616', '686', '31', '258', '561']
['57', '162', '197', '232', '302', '372', '407', '442', '477', '512', '547', '582', '617', '652', '687', '50']
['128', '198', '233', '268', '338', '408', '443', '478', '513', '548', '583', '618', '84']
['129', '164', '199', '269', '304', '339', '409', '444', '479', '514', '584', '654', '2', '318', '581']
['25', '95', '130', '165', '235', '270', '305', '340', '375', '410', '445', '480', '585', '620', '690', '24', '136', '167', '209', '374', '688']
['61', '96', '166', '201', '236', '271', '306', '341', '411', '481', '516', '551', '586', '621', '656', '79', '86', '189', '661']
['132', '237', '307', '342', '377', '447', '482', '517', '552', '587', '622', '657', '692', '26', '33']
['28', '98', '203', '238', '273', '308', '343', '413', '448', '483', '518', '553', '588', '623', '658', '693', '42', '290']
['99', '169', '204', '274', '344', '379', '414', '449', '519', '554', '589', '624', '659', '694', '15', '55', '144', '303']
['205', '240', '275', '310', '345', '380', '415', '485', '520', '555', '590', '625', '660', '695', '13', '214', '474']
['101', '206', '241', '276', '346', '381', '416', '451', '486', '521', '556', '591', '626', '696', '40', '97', '134', '192', '216', '469']
['67', '137', '172', '207', '242', '277', '312', '347', '417', '452', '487', '557', '592', '627', '662', '697', '3', '44', '46', '47', '63', '66', '73', '75', '104', '126', '155', '168', '259', '291', '326', '349', '387', '467', '595', '613', '640', '655']
['138', '173', '208', '278', '313', '348', '383', '418', '453', '488', '523', '558', '593', '628', '698', '38', '51', '80', '102', '133', '153', '289', '311', '337', '366', '382', '429', '522']
['174', '244', '279', '314', '384', '419', '454', '489', '524', '559', '629', '664', '699', '11', '22', '59', '68', '92', '113', '131', '163', '243', '424', '515', '537']
