['Lazare', 'Ayvree', 'Dayn', 'Stanly', 'Samba', 'Brookley', 'Javin', 'Travelle', 'Xela', 'Basya', 'Jontavious', 'Carine', 'Sima', 'Anju', 'Yasmyn', 'Milia', 'Wilbur', 'Cardyn']
['Aeris', 'Fadi', 'Izaiyah', 'Jakiah', 'Coben', 'Jakaila', 'Irene', 'Ninah', 'Allegra', 'Tejaswini', 'Octaviana', 'Jabaree', 'Tadeja', 'Tavarian', 'Takyra', 'Georgie', 'Aroldo', 'Katurah']
['Caly', 'Senay', 'Aneyah', 'Keyri', 'Zinnia', 'Yoceline', 'Brinton', 'Jeramy', 'Kedus', 'Tahj', 'Rochel', 'Jaslin', 'Haji', 'Aundra', 'Tabatha', 'Labrandon', 'Damariah', 'Ceana']
['Suhail', 'Steven', 'Morghan', 'Anevay', 'Zayvien', 'Malaijah', 'Fatouma', 'Vivian', 'Abygael', 'Alayza', 'Caeley', 'Erandy', 'Constantino', 'Ernestine', 'Drue', 'Lizet', 'Mabry', 'Antoin']
['Genise', 'Yoali', 'Edwen', 'Jali', 'Kenderick', 'Avary', 'Ward', 'Vinicio', 'Ellary', 'Eryanna', 'Bentley', 'Kaleem', 'Akiyah', 'Raiyan', 'Shay', 'Trent', 'Kaija', 'Ascher']
['Miu', 'Adriauna', 'Lajaya', 'Chava', 'Kenniah', 'Kaydynce', 'Janaiyah', 'Kambrea', 'Raylie', 'Rut', 'Jordian', 'Mazee', 'Aseel', 'Ahmyah', 'Mychael', 'Danyal', 'Sai', 'Mckell']
['Loren', 'Evon', 'Waled', 'Jt', 'Aaniah', 'Ivin', 'Madalynn', 'Brecklyn', 'Karli', 'Zamirra', 'Marx', 'Jeffry', 'Jaiona', 'Deavon', 'Temia', 'Westley', 'Herlinda', 'Zaheem']
['Lloyd', 'Kirby', 'Rayson', 'Kadean', 'Devynn', 'Laylene', 'Thristan', 'Azriel', 'Akif', 'Thea', 'Nakaiya', 'Nilaja', 'Heylee', 'Emontae', 'Brinklee', 'Illyana', 'Dariona', 'Kieth']
['Eugenia', 'Elliet', 'Karimah', 'Havanna', 'Keimari', 'Urias', 'Karas', 'Kamal', 'Hopelynn', 'Timber', 'Xoe', 'Raiden', 'Jazzmyne', 'Minal', 'Avriel', 'Anieya', 'Gadge', 'Brecken']
['Julieanne', 'Alexas', 'Takera', 'Dshawn', 'Surabhi', 'Lean', 'Dilraj', 'Katalina', 'Raziya', 'Trang', 'Marques', 'Rayann', 'Jahmad', 'Serjio', 'Arianna', 'Teddy', 'Talisha', 'Caoimhe']
['Jaysiah', 'Tayden', 'Xzavion', 'Lehua', 'Ilma', 'Eljin', 'Kayan', 'Dearies', 'Issabelle', 'Raylon', 'Afia', 'Naidelyn', 'Kiersten', 'Cayde', 'Job', 'Jorge', 'Jaidin', 'Kmya']
['Renata', 'Damaria', 'Nayomie', 'Amanee', 'Klair', 'Jayen', 'Abdalrahman', 'Fatema', 'Katilyn', 'Zaniyla', 'Benson', 'Zahirah', 'Leela', 'Cierrah', 'Orry', 'Annalicia', 'Jemima', 'Jahir']
['Viera', 'Josaiah', 'Semir', 'Everlyn', 'Emalynn', 'Mikye', 'Samah', 'Cailen', 'Tamirra', 'Oktober', 'Olajuwon', 'Trever', 'Ejay', 'Artavis', 'Ingram', 'Jazzlene', 'Kalyn', 'Shirlee']
['Ranvir', 'Perl', 'Genae', 'Natsuki', 'Xena', 'Znya', 'Alayasia', 'Adylin', 'Idaly', 'Kirollos', 'Gamya', 'Breezie', 'Aalayah', 'Makhayla', 'Taaliyah', 'Skyi', 'Zakyrah', 'Adarion']
['Laiyah', 'Emilie', 'Narciso', 'Markevion', 'Trelon', 'Rheagan', 'Miabella', 'Cobe', 'Rosey', 'Guadalupe', 'Khadijatou', 'Tamila', 'Amunique', 'Sevon', 'Jaiyon', 'Jaquavis', 'Sidnei', 'Sharleen']
['Umar', 'Reily', 'Khamar', 'Abrham', 'Nikholas', 'Orlin', 'Aleeha', 'Tamaya', 'Emoree', 'Waneta', 'Elvis', 'Rich', 'Juanmiguel', 'Maddix', 'Kellianne', 'Shyla', 'Pavlos', 'Tais']
['Kawon', 'Rolondo', 'Brittney', 'Hena', 'Aditri', 'Marquasia', 'Karaleigh', 'Katianna', 'Legacy', 'Nitzia', 'Jafari', 'Osias', 'Sommer', 'Karilynn', 'Abdulhadi', 'Alianne', 'Dreson', 'Takeria']
['Amyiah', 'Galina', 'Derron', 'Tilynn', 'Amador', 'Karlette', 'Sharell', 'Demontrell', 'Bodyn', 'Keyashia', 'Salome', 'Niara', 'Jaci', 'Danali', 'Carriana', 'Surafel', 'Izellah', 'Juwon']
['Shahir', 'Gerard', 'Brighid', 'Demarques', 'Kristie', 'Kenniya', 'Aubrieanna', 'Jaqui', 'Arnela', 'Pranjal', 'Zalmen', 'Mikea', 'Madelyne', 'Mishael', 'Gwyneth', 'Taray', 'Poetri', 'Skilar']
['Rheana', 'Tullia', 'Sadeel', 'Ithan', 'Zaaire', 'Jocilynn', 'Ziva', 'Nerik', 'Karsten', 'Janis', 'Zackaria', 'Leiby', 'Grady', 'Vandon', 'Aasiya', 'Mehmet', 'Krystie', 'Elizabethmarie']
['Bayle', 'Alexei', 'Jamy', 'Gayathri', 'Traymon', 'Azaryah', 'Kaitlynne', 'Faybian', 'Yerick', 'Damieon', 'Dolores', 'Siddhant', 'Jasmina', 'Hailyn', 'Olivya', 'Larri', 'Mellony', 'Danyah']
['Evany', 'Ariston', 'Dontavis', 'Raegen', 'Niang', 'Grabiela', 'Quincey', 'Korianna', 'Kasim', 'Keno', 'Abrea', 'Aleyah', 'Akeya', 'Ameerah', 'Abagale', 'Dalli', 'Anahi', 'Journe']
['Marayna', 'Shani', 'Nishi', 'Amilya', 'Keandra', 'Rogelio', 'Ryllie', 'Kwaku', 'Ilai', 'Andalasia', 'Matison', 'Johnson', 'Lavon', 'Raoul', 'Giovann', 'Latricia', 'Naja', 'Jamella']
['Giona', 'Renay', 'Makaylla', 'Ladainian', 'Tlaloc', 'Shatoya', 'Gabe', 'Hazelyn', 'Cristofher', 'Alija', 'Jassiel', 'Maryori', 'Sinead', 'Jasmen', 'Trung', 'Lyliana', 'Quinley', 'Haidon']
['Oluwadara', 'Ambreal', 'Manasvi', 'Malaki', 'Crystin', 'Rigo', 'Jailen', 'Angelene', 'Lazavion', 'Sunday', 'Jarek', 'Siosiua', 'Jeovanny', 'Markavious', 'Harpreet', 'Sequoia', 'Tarron', 'Hagan']
['Isai', 'Mavis', 'Dontrae', 'Dallin', 'Izai', 'Kosta', 'Kiyani', 'Saidi', 'Kavan', 'Albert', 'Myha', 'Ondrej', 'Shevy', 'Rhiannon', 'Ermina', 'Mykenzie', 'Dalia', 'Malaya']
['Eber', 'Shannelle', 'Slaton', 'Zyshaun', 'Fitzgerald', 'Addalina', 'Aayanah', 'Roderick', 'Yoanna', 'Hudsen', 'Cherish', 'Antionette', 'Farrell', 'Cate', 'Jordin', 'Rosali', 'Itzy', 'Zyquez']
['Icker', 'Shya', 'Vida', 'Andin', 'Esli', 'Reganne', 'Aulelei', 'Jacaden', 'Javant', 'Joriel', 'Cato', 'Shavon', 'Amara', 'Brit', 'Emily', 'Jezrael', 'Evy', 'Mirtha']
['Navin', 'Melyssa', 'Eliot', 'Iian', 'Thaddaeus', 'Dionysios', 'Raia', 'Chanze', 'Coryn', 'Dalyn', 'Chrissie', 'Peniel', 'Luay', 'Feliciana', 'Jesua', 'Anoush', 'Guinness', 'Treveon']
['Kailie', 'Tanyiah', 'Librado', 'Tyland', 'Kiahra', 'Joey', 'Anaili', 'Keighan', 'Guiliana', 'Katherin', 'Kenton', 'Eulogio', 'Brogan', 'Malayasia', 'Xzavian', 'Lya', 'Kahleah', 'Nathaniel']
['Gabrianna', 'Jadine', 'Taleia', 'Atreus', 'Sunshine', 'Kaiea', 'Allizzon', 'Eamon', 'Daphnee', 'Ike', 'Zackry', 'Eileen', 'Rossie', 'Rogers', 'Asheton', 'Jakavion', 'Khanh', 'Vedant']
['Reeve', 'Prudence', 'Beauty', 'Talaya', 'Yaniyah', 'Disa', 'Hrishi', 'Oluwanifemi', 'Jonpaul', 'Shemia', 'Amayia', 'Tyreonna', 'Haidy', 'Kadija', 'Nella', 'Davell', 'Kyrillos']
['Mcrae', 'Harshil', 'Jakobie', 'Jalesa', 'Thaine', 'Thaleia', 'Yitzel', 'Kashawna', 'Argel', 'Cobi', 'Jacob', 'Lam', 'Sahib', 'Tyrese', 'Lucca', 'Christy', 'Madox']
['Kaser', 'Nazario', 'Mikko', 'Joeangel', 'Moustapha', 'Kristlyn', 'Raiya', 'Sivad', 'Khaleed', 'Haila', 'Kahliya', 'Jadelyn', 'Cyrus', 'Valente', 'Jaeliah', 'Cytlali', 'Vyncent']
['Giulian', 'Bryleigh', 'Skylee', 'Dexter', 'Cale', 'Timofey', 'Tyasiah', 'Djuan', 'Samajae', 'Kayshia', 'Keyshia', 'Allycia', 'Zalea', 'Severin', 'Torrie', 'Kieron', 'Yengkong']
['Kaimana', 'Siddhanth', 'Leondra', 'Carlia', 'Everson', 'Alexander', 'Gabryel', 'Ingrid', 'Koleigh', 'Tanzania', 'Ender', 'Jerzy', 'Horace', 'Brayten', 'Mckayla', 'Cyarra', 'Ariannah']
['Hellen', 'Mishal', 'Olya', 'William', 'Mally', 'Saxon', 'Shakiya', 'Kore', 'Giacomo', 'Chanda', 'Ahmarie', 'Audrina', 'Katalyna', 'Maile', 'Darlyne', 'Balie', 'Kijuan']
['Amirrah', 'Navy', 'Kiylee', 'Ulyssa', 'Rayleen', 'Tytus', 'Jachob', 'Makalee', 'Shadrach', 'Syria', 'Estella', 'Taleen', 'Avel', 'Jermaya', 'Joanna', 'Hasnain', 'Davarius']
['Lovelee', 'Tierney', 'Deontray', 'Josearmando', 'Jeliyah', 'Fabyan', 'Shivani', 'Jenniyah', 'Lyndee', 'Yancey', 'Anoushka', 'Chazity', 'July', 'Ilani', 'Nathanyal', 'Daffne', 'Dreanna']
['Emah', 'Whitney', 'Camoren', 'Zaliyah', 'Danette', 'Eviana', 'Avinash', 'Yahir', 'Chanie', 'Azhia', 'Kaison', 'Eirene', 'Anfernee', 'Trasean', 'Liesel', 'Shanya', 'Lark']
['Santhosh', 'Llayla', 'Lania', 'Renato', 'Evana', 'Kaeden', 'Colter', 'Zohair', 'Lisseth', 'Sariya', 'Vivika', 'Eziah', 'Zarif', 'Andia', 'Avigail', 'Arali', 'Ilan']
['Edden', 'Analleli', 'Dereonna', 'Dayja', 'Elainah', 'Breia', 'Michaelle', 'Kipp', 'Loghan', 'Khyana', 'Jnya', 'Durham', 'Thayer', 'Austynn', 'Takeru', 'Latravia', 'Tyner']
['Nerissa', 'Javen', 'Rokas', 'Viola', 'Analaura', 'Francella', 'Shephard', 'Jazmaine', 'Zyanya', 'Gabryelle', 'Jonthan', 'Tuesday', 'Kiristen', 'Shanay', 'Matea', 'Keiasia', 'Blaike']
['Yashvi', 'Svanik', 'Ciarah', 'Geovonni', 'Jahvion', 'Brynna', 'Grisham', 'Bellagrace', 'Trason', 'Aideliz', 'Aleise', 'Jeralyn', 'Duwayne', 'Eris', 'Ashar', 'Shannen', 'Gad']
['Willamina', 'Nived', 'Keynia', 'Julliana', 'Rafi', 'Elanah', 'Chananya', 'Willi', 'Vatsal', 'Akia', 'Briajah', 'Yulianna', 'Makayden', 'Stavros', 'Eirik', 'Sumayya', 'Haiden']
['Sylah', 'Bania', 'Nouvelle', 'Eyad', 'Ahilyn', 'Dorianna', 'Kamdon', 'Sylar', 'Savaughn', 'Nazere', 'Yoseline', 'Bhavesh', 'Zila', 'Brady', 'Jesper', 'Brelan', 'Paytn']
['Kirk', 'Lynette', 'Rayniyah', 'Tashaun', 'Janeen', 'Beryl', 'Keelin', 'Malak', 'Zanay', 'Sinay', 'Adalai', 'Keelie', 'Gustabo', 'Donoven', 'Alexandr', 'Winifred', 'Nishka']
['Emrey', 'Nakyla', 'Sissy', 'Calaya', 'Quavon', 'Khailee', 'Jamarrius', 'Liliahna', 'Youcef', 'Wolf', 'Johathan', 'Diangelo', 'Takuma', 'Brando', 'Mitch', 'Elsa', 'Georgianna']
['Rohil', 'Anjani', 'Stiven', 'Ferdinand', 'Kaylla', 'Brien', 'Teniola', 'Atalie', 'Nazire', 'Mainor', 'Zaria', 'Brock', 'Adalyn', 'Ion', 'Ronisha', 'Kadidia', 'Brieann']
['Nicolet', 'Treniyah', 'Pranita', 'Tommaso', 'Jewelian', 'Monzerath', 'Gwynne', 'Mishti', 'Janelli', 'Mylz', 'Alicyn', 'Edwinn', 'Addalee', 'Makaylynn', 'Eliseo', 'Jerry', 'Jorrin']
['Paityn', 'Bence', 'Ivett', 'Yendy', 'Gracelynne', 'Nasean', 'Govani', 'Jasan', 'Filipe', 'Beny', 'Norelle', 'Maelie', 'Yaitza', 'Damiyon', 'Winter', 'Gaylon', 'Tamyrah']
['Envee', 'Paxten', 'Maelin', 'Beatrice', 'Jamorian', 'Jamara', 'Orren', 'Casyn', 'Rye', 'Pratham', 'Haileigh', 'Kotaro', 'Shamal', 'Tameia', 'Shandra', 'Garren', 'Aquil']
['Zvi', 'Tatyiana', 'Rane', 'Ellana', 'Shlomo', 'Chau', 'Kiani', 'Duke', 'Zaniyha', 'Shaley', 'Micael', 'Mert', 'Damarea', 'Kla', 'Nkechi', 'Bellamy', 'Rionna']
['Abshir', 'Kaeliegh', 'Maika', 'Felicia', 'Richie', 'Kip', 'Abbagail', 'Yackelin', 'Johanne', 'Anselm', 'Gabby', 'Kaleya', 'Herbert', 'Genavive', 'Albin', 'Demitrus', 'Holdan']
['Mahum', 'Tearsa', 'Shamaree', 'Daritza', 'Kyrra', 'Zanden', 'Mathews', 'Ankita', 'Cian', 'Jackelynn', 'Kaytlin', 'Falisha', 'Srihita', 'Hadeel', 'Cort', 'Madelin', 'Socorro']
['Lilyanna', 'Lynett', 'Markese', 'Khyla', 'Andy', 'Anaysha', 'Jacque', 'Shakia', 'Kellsie', 'Enmanuel', 'Holland', 'Breylen', 'Havilah', 'Essence', 'Jadah', 'Andriana', 'Jaxon']
['Niera', 'Atiya', 'Torah', 'Jeancarlo', 'Nikiyah', 'Azera', 'Cinthya', 'Brynne', 'Teniya', 'Julea', 'Zariea', 'Jamauria', 'Nardos', 'Ihsaan', 'Aerin', 'Simi', 'Diar']
