['0', '381', '762']
['1', '763', '261', '400', '420', '936', '940']
['383', '764']
['384', '765']
['385', '766']
['767']
['387', '768']
['769']
['770']
['390', '771', '13', '25', '33', '35', '39', '47', '55', '58', '67', '75', '76', '97', '110', '111', '116', '118', '123', '130', '142', '148', '164', '165', '166', '167', '172', '178', '180', '184', '190', '202', '213', '214', '216', '226', '228', '246']
['391', '772', '5', '27', '248', '576', '588', '608', '906']
['11', '773', '2', '4', '8', '9', '16', '18', '19', '20', '21', '24', '29', '48', '53', '54', '59', '62', '70', '73', '87', '92', '99', '101', '104', '109', '117', '121', '122', '125', '131', '133', '136', '141', '144', '145', '151', '405']
['393', '774']
['775']
['395']
['396']
['778']
['779']
['780']
['781']
['401', '782']
['402']
['784']
['404', '785']
['786']
['406', '787']
['407', '788']
['408', '789']
['409', '790']
['791']
['792']
['412']
['794']
['795']
['415', '796']
['797']
['417', '798']
['799']
['38', '419', '800', '60', '68', '79', '105', '114', '119', '134', '160', '173', '176', '182', '237', '239', '266', '267', '279', '281', '289', '290', '331', '399', '486', '491', '579', '595', '598', '630', '637', '643', '760', '776', '783', '882', '921', '963']
['801']
['421']
['803']
['423', '804']
['43', '424', '805', '6', '22', '26', '45', '49', '85', '88', '95', '100', '102', '103', '106', '107', '112', '115', '120', '128', '129', '132', '139', '156', '157', '168', '170', '177', '183', '191', '194', '196', '211', '220', '221', '230', '235', '236']
['425', '806']
['807']
['427']
['809']
['810']
['430', '811']
['431', '812', '699']
['813']
['433', '814']
['815']
['816']
['436', '817']
['437', '818']
['819']
['439']
['440', '821']
['441']
['442', '823']
['443']
['825']
['445', '826']
['446', '827']
['828']
['448', '829']
['830']
['450', '14', '78', '126', '296']
['832']
['833']
['834']
['835']
['836']
['456', '837']
['457', '838']
['458', '839']
['459', '840', '51', '57', '65', '69', '188', '219', '321', '413', '463', '468', '564', '587', '603', '711', '793', '873', '903', '978']
['460']
['842']
['81', '462', '10', '32', '34', '66', '71', '74', '83', '89', '93', '140', '146', '150', '153', '154', '161', '171', '181', '198', '201', '206', '207', '209', '210', '222', '242', '243', '254', '257', '264', '276', '277', '280', '291', '297', '311', '858']
['844']
['845']
['465', '846']
['847']
['848']
['849']
['850', '650']
['851']
['90', '471', '852', '17']
['472', '853']
['473', '854']
['474']
['856']
['857']
['477', '28', '42', '292', '368', '464', '604', '605', '808', '855', '887']
['478', '859', '124', '241', '338', '388', '496', '558', '724', '748', '841']
['860']
['480', '861', '31', '84', '96', '98', '278', '309', '335', '358', '362', '363', '499', '572', '644', '666', '682', '824', '919', '934']
['481', '862']
['863']
['864']
['484']
['485']
['867']
['487', '868']
['488', '869']
['870']
['871']
['872']
['492']
['493', '874', '245']
['494']
['495', '876']
['877']
['497', '878']
['498', '879']
['880']
['881']
['501']
['883']
['503', '884', '351', '901']
['885']
['505', '886']
['506']
['507', '888']
['889']
['890']
['891']
['511', '892', '82']
['893']
['513', '894', '447']
['514', '895']
['515', '896']
['135', '516', '897', '3', '40', '61', '64', '137', '192', '212', '215', '224', '275', '283', '422', '428', '455', '489', '527', '625', '820', '822']
['898']
['518', '899']
['519']
['520']
['521', '902']
['522']
['904']
['905']
['525']
['526', '907']
['908']
['909']
['529', '910']
['530', '911']
['531', '912']
['913']
['533', '914']
['534', '915']
['535', '916']
['536', '917']
['918']
['538']
['920']
['540']
['541', '922']
['542', '923']
['543', '924']
['925']
['545']
['546', '927']
['547', '928']
['548', '929']
['549', '930']
['169', '550', '931']
['932']
['933']
['553']
['935']
['174', '555']
['175', '937']
['557']
['939']
['559']
['560', '941']
['561', '942']
['562', '943']
['944']
['945']
['565', '946']
['185', '566', '947', '143', '204', '272', '315', '398', '416', '552', '580', '601', '721', '777', '926']
['948']
['568']
['569', '950']
['570', '951']
['952']
['953']
['573']
['574', '955']
['575', '956']
['957']
['577', '958']
['197', '959']
['960']
['961']
['581']
['582']
['964']
['203', '965']
['585', '966']
['967']
['968']
['969']
['208', '589', '970']
['590', '971']
['591', '972']
['592', '973']
['593', '974']
['975']
['976']
['596']
['597']
['217', '979']
['599', '980']
['981']
['982']
['602', '983']
['984']
['985']
['986']
['225', '606']
['988']
['989']
['609', '990']
['229', '610', '991', '72', '91', '108', '147', '187', '233', '258', '378', '444', '453', '537', '567', '586', '669', '683', '717', '900', '954']
['611', '992']
['993']
['232', '613']
['614', '995']
['234', '615', '996']
['997']
['998']
['618', '999']
['619']
['620']
['621']
['622']
['623']
['624']
['244']
['626']
['627']
['247']
['629']
['249']
['250', '631']
['251', '632']
['252', '633']
['253']
['635']
['255', '636']
['256']
['638']
['639']
['259']
['260']
['642']
['262']
['263']
['645', '7', '12', '23', '37', '52', '113', '152', '159', '162', '189', '205', '218', '284', '314', '319', '320', '414', '451', '476', '508', '539', '551', '583', '594', '600', '616', '667', '694', '718', '726', '755', '802', '987', '994']
['646']
['647']
['648']
['268', '649']
['269']
['270', '651']
['271', '652']
['653']
['273', '654']
['274', '655']
['656']
['657']
['658']
['659']
['660']
['661']
['662']
['663']
['664']
['665']
['285']
['286']
['287', '668']
['288', '482', '866', '962']
['670']
['671']
['672']
['673']
['674', '449']
['675']
['295', '676']
['677']
['678']
['298', '679']
['299', '680']
['300', '681']
['301']
['302']
['684']
['685']
['305', '686']
['306', '687']
['688']
['308', '689']
['690']
['310', '691']
['692']
['312', '693']
['313']
['695']
['696']
['316', '697']
['317', '698']
['318']
['700']
['701', '77', '200', '307', '470', '556', '571', '612', '640', '714', '949']
['702']
['322', '703', '149', '179', '238', '240', '282', '359', '432', '434', '517', '544', '628', '754', '831', '843', '875', '938', '977']
['323', '704']
['324', '705']
['325', '706', '15', '41', '44', '56', '63', '80', '86', '94', '127', '155', '158', '293', '294', '328', '329', '346', '357', '365', '386', '389', '392', '394', '411', '418', '426', '429', '454', '461', '467', '469', '475', '483', '490', '502', '524', '532']
['326', '707', '265']
['327', '708']
['709', '466']
['710']
['330']
['712']
['713']
['333']
['334', '715']
['716']
['336']
['337']
['719']
['339', '720']
['340']
['722']
['723']
['343']
['725', '30', '138']
['345']
['727']
['347', '728']
['348', '729']
['349', '730']
['731']
['732']
['352', '733']
['353', '734']
['354', '735']
['355', '736']
['356', '737']
['738']
['739']
['740']
['360', '741', '163', '304']
['361', '742']
['743']
['744']
['745']
['746']
['366', '747']
['367']
['749']
['369', '750', '195', '231', '380']
['370', '751', '227', '865']
['371', '752']
['372', '753', '36', '46', '50', '186', '193', '199', '223', '303', '341', '342', '344', '350', '364', '382', '397', '403', '410', '435', '438', '452', '479', '500', '504', '509', '510', '512', '523', '528', '554', '563', '578', '584', '607', '617', '634', '641']
['373']
['374']
['375', '756']
['376', '757', '332']
['377', '758']
['759']
['379']
['761']
