['Jess', 'Barbe', 'Liliane', 'Tracey', 'Margarette', 'Zitella', 'Sena', 'Morna', 'Lark', 'Angelia', 'Nickie', 'Carmita', 'Ayn', 'Bernie', 'Viva', 'Paula', 'Herta', 'Karalynn', 'Zuzana', 'Minda', 'Linea', 'Jeanne', 'Milicent', 'Lezlie', 'Arabelle']
['Ruthanne', 'Harmony', 'Willabella', 'Marsha', 'Brear', 'Pietra', 'Hetti', 'Bee', 'Karilynn', 'Candace', 'Zarla', 'Abbie', 'Tate', 'Dora', 'Blinny', 'Alane', 'Simone', 'Carlin', 'Garnet', 'Rebekah', 'Jacquetta', 'Lexine', 'Rachelle', 'Lynda', 'Jorrie', 'Evangeline', 'Moselle', 'Barbaraanne', 'Paolina', 'Maurita']
['Bernadina', 'Andi', 'Olivie', 'Giorgia', 'Adda', 'Oralle', 'Freddy', 'Charlean', 'Gussy', 'Kaila', 'Tiffany', 'Carrie', 'Tova', 'Terrye', 'Clarey', 'Anabella', 'Portia', 'Kirsteni', 'Sonya', 'Cindelyn']
['Carlye', 'Daniella', 'Kathrine', 'Mabel', 'Jackelyn', 'Bea', 'Nessie', 'Elsy', 'Amelita', 'Melina', 'Marcelle', 'Kayla', 'Marabel', 'Shannen', 'Meta', 'Bel', 'Aurelia', 'Dolores', 'Josey', 'Leanna', 'Correy', 'Vittoria', 'Pierrette', 'Terri']
['Simona', 'Perrine', 'Othilia', 'Timothea', 'Maryann', 'Carolin', 'Opaline', 'Debi', 'Lenore', 'Cecily', 'Leola', 'Dale', 'Ophelie', 'Eadie', 'Lenka', 'Merilee']
['Ines', 'Briny', 'Desiree', 'Chryste', 'Melantha', 'Nita', 'Livvie', 'Raquel', 'Dagmar', 'Kial', 'Marlene', 'Tasia', 'Cacilie', 'Illa', 'Rica', 'Cortney', 'Evania']
['Wally', 'Abra', 'Arabela', 'Karrie', 'Polly', 'Adelina', 'Anastasie', 'Katey', 'Joletta', 'Walliw', 'Susi', 'Rubie', 'Josefina', 'Melody', 'Carly', 'Amil', 'Cecelia', 'Fawnia', 'Charlot', 'Lorri', 'Valeria', 'Drusie', 'Codi', 'Mireille']
['Ollie', 'Erika', 'Krysta', 'Joycelin', 'Charmian', 'Agnese', 'Audry', 'Georgiana', 'Alex', 'Della', 'Zea', 'Ileane', 'Anestassia', 'Enrichetta', 'Jeannie', 'Noami', 'Bella', 'Malia', 'Xylina']
['MarieJeanne', 'Crissie', 'Maribel', 'Evie', 'Jania', 'Emmalynn', 'Odessa', 'Lyndel', 'Glyn', 'Gwenore', 'Mil', 'Agnesse', 'Deeann', 'Diahann', 'Gracia', 'Ardis', 'Rheba', 'JoAnn', 'Susette', 'Ofella', 'Melinda', 'Katerina', 'Lianna', 'Rene', 'Harrietta', 'Charity', 'Emilee', 'Sherrie', 'Carlee', 'Dorris']
['Helli', 'Dode', 'Catie', 'Keeley', 'Karlee', 'Rebeca', 'Ludovika', 'Robena', 'Carline', 'Melessa', 'Erinn', 'Marci', 'Jerrie', 'Veronika', 'Sandi', 'Catlaina', 'Marquita', 'Dallas', 'Gertie', 'Marleen', 'Chiarra', 'Dolley']
['Kerry', 'Carlota', 'Raye', 'Ede', 'Leonore', 'Kassandra', 'Randie', 'Katerine', 'Constantina', 'Ramona', 'Hedy', 'Lily', 'Marcie', 'Letti', 'Darci', 'Mellisa', 'Honey', 'Georgianne', 'Carroll', 'Elisabetta', 'Fionna', 'Feodora', 'Harrie', 'Roxane', 'Gaby', 'Lonni', 'Averil', 'Wallie', 'Ashien']
['Valli', 'Christi', 'Angelina', 'Genna', 'Luci', 'Rosalynd', 'Beverlie', 'Emmeline', 'Elna', 'Jesse', 'Rhea', 'Kissiah', 'Wanda', 'Kriste', 'May', 'Josselyn', 'Chloette', 'Gleda', 'Ingrid', 'Jeri', 'Edie', 'Vonny', 'Brook', 'Juliann', 'Virginie']
['Yovonnda', 'Tricia', 'Minetta', 'Sharl', 'Corrie', 'Rosella', 'Carina', 'Danyette', 'Livy', 'Eloise', 'Chanda', 'Dorotea', 'Nikki', 'Mirna', 'Nance', 'Elicia', 'Ciel', 'Lilllie', 'Priscella', 'Lorry', 'Irma']
['Glenda', 'Bernetta', 'Michaeline', 'Aeriela', 'Emelyne', 'Nichol', 'Corene', 'Adria', 'Dara', 'Elspeth', 'Lesley', 'Harmonie', 'Dulcine', 'Gilberta', 'Moreen', 'Jessy', 'Jilly', 'Samara', 'Wilona', 'Dorie', 'Andreana', 'Starlin', 'Bibi', 'Karla']
['Gianina', 'Farrah', 'Nerita', 'Kaycee', 'Ranna', 'Ronnica', 'Valentia', 'Allegra', 'Shellie', 'Genovera', 'Dorothea', 'Reeba', 'Hesther', 'Bernelle', 'Shannon', 'Rosene', 'Ada']
['Carolina', 'Carree', 'Silvana', 'Ethelyn', 'Eleanor', 'Jena', 'Mariele', 'Kathleen', 'Aeriell', 'Crissy', 'Dalila', 'Vere', 'Kathi', 'Miquela', 'Johanna', 'Rona', 'Raeann', 'Julina', 'Karita', 'Henrieta']
['Dorrie', 'Jammie', 'Corrine', 'Elsinore', 'Vallie', 'Holly', 'Ilse', 'Noell', 'Kippy', 'Clovis', 'Vickie', 'Shanie', 'Herminia', 'Angele', 'Hilliary', 'Reba', 'Yetty', 'Adelice', 'Wenda', 'Stacee', 'Tatiania', 'Wynne', 'Jacquelin', 'Rosaline', 'Leodora', 'Ortensia', 'Ronnie', 'Gwen', 'Thea', 'Tami']
['Amalea', 'Eilis', 'Gilemette', 'Marta', 'Dorthy', 'Lorrayne', 'Kristien', 'Grazia', 'Kristel', 'Augustine', 'Morganica', 'Shirlee', 'Aubree', 'Shelly', 'Meade', 'Danica', 'Amelie', 'Jaquenetta', 'Pam', 'Daune', 'Chastity', 'Gaynor', 'Shayne', 'Cassi', 'Marketa', 'Ardith', 'Bamby', 'Karna', 'Elie', 'Cam']
['Willow', 'Wendeline', 'Chelsae', 'Faydra', 'Twila', 'Beverie', 'Dacey', 'Mirabel', 'Chloris', 'Amitie', 'Ann', 'Fredericka', 'Brandi', 'Joby', 'Lilly', 'Sadella', 'Olimpia', 'Candy', 'Marlena', 'Giana', 'Tamma', 'Gilli', 'Mireielle', 'Elysee', 'Marty', 'Rochette']
['Florie', 'Cal', 'Chelsea', 'Madella', 'Sascha', 'Arleyne', 'Wynnie', 'Billie', 'Coraline', 'Daisi', 'Melany', 'Gene', 'Alexa', 'Sheryl', 'Lorilee', 'Karola', 'Florence', 'Kandy', 'Jayme', 'Beatrix', 'Jayne', 'Josefa', 'Neala', 'Tish', 'Gipsy']
['Sybil', 'Karil', 'Audrye', 'Rodi', 'Leeann', 'Cymbre', 'Cassie', 'Elenore', 'Kristy', 'Coretta', 'Kate', 'Quintana', 'Arly', 'Adore', 'Maitilde', 'Krista', 'Jeniffer', 'Frankie', 'Belle', 'Goldia', 'Francyne', 'Elene', 'Nat']
['Pegeen', 'Connie', 'Janette', 'Candida', 'Bianca', 'Damita', 'Brandais', 'Fifi', 'Jenine', 'Roselle', 'Kacie', 'Ranee', 'Korney', 'Fred', 'Alecia', 'Leslie', 'Ree', 'Eveline', 'Freda', 'Ester', 'Brana', 'Nessa', 'Nissie']
['Mommy', 'Zia', 'Verna', 'Celestia', 'Ladonna', 'Katrine', 'Maggy', 'Wren', 'Joni', 'Eleen', 'Maye', 'Merrielle', 'Rebe', 'Shantee', 'Jobina', 'Zaria', 'Addie', 'Phelia', 'Mabelle', 'Noemi', 'Bari', 'Carin', 'Frederica', 'Elisa', 'Eveleen', 'Deni']
['Grissel', 'Dorine', 'Dee', 'Kattie', 'Trish', 'Babette', 'Geri', 'Sara', 'Sherill', 'Enid', 'Karena', 'Rafa', 'Evvie', 'Charmane', 'Morissa', 'Benoite', 'Brunhilde', 'Trenna', 'Alexi', 'Courtnay', 'Sarina', 'Dorise', 'Melly', 'Arabella']
['Frances', 'Alena', 'Olympe', 'Yoko', 'Ronalda', 'Lillis', 'Windy', 'Yolanda', 'Perle', 'Brooke', 'Julissa', 'Koressa', 'Janaye', 'Denyse', 'Ceciley', 'Marieann', 'Melisa', 'Korrie', 'Evelyn', 'Mandie', 'Edith', 'Deborah', 'Jorry', 'Corrina', 'Lula', 'Rosaleen', 'Erina', 'Faun', 'Lura', 'Kelley']
