['62', '124', '248', '310', '372', '434', '496', '558', '620', '682', '744', '806', '868', '930', '992', '17', '76', '8']
['63', '125', '187', '249', '311', '373', '435', '497', '559', '621', '683', '745', '807', '869', '931', '993', '19', '41']
['64', '126', '188', '250', '312', '374', '436', '498', '560', '622', '684', '746', '808', '870', '932', '994', '24', '60', '258']
['65', '127', '189', '251', '313', '375', '437', '499', '561', '623', '685', '747', '809', '871', '933', '53']
['66', '128', '190', '252', '314', '376', '438', '500', '562', '624', '686', '748', '810', '872', '934']
['67', '129', '191', '253', '315', '377', '439', '501', '563', '625', '687', '749', '811', '873', '935', '406']
['68', '130', '192', '254', '316', '378', '440', '502', '564', '626', '750', '812', '874', '936', '85']
['69', '131', '193', '255', '317', '379', '441', '503', '565', '627', '689', '751', '813', '875', '937']
['70', '132', '194', '256', '318', '380', '442', '504', '566', '628', '690', '752', '814', '876', '938', '61', '990']
['71', '133', '195', '257', '319', '381', '443', '567', '629', '691', '753', '815', '877', '939']
['72', '134', '196', '320', '382', '444', '506', '568', '630', '692', '754', '816', '878', '940', '15', '21']
['73', '135', '197', '259', '321', '383', '445', '507', '569', '631', '693', '755', '817', '879', '941', '12', '93', '159']
['74', '198', '260', '322', '384', '446', '508', '570', '632', '694', '756', '818', '880', '942', '48']
['13', '75', '199', '261', '323', '385', '447', '509', '571', '633', '695', '757', '819', '881', '943', '29', '719']
['138', '200', '262', '324', '386', '448', '510', '572', '634', '696', '758', '820', '882', '944', '57']
['77', '201', '263', '325', '387', '449', '511', '573', '635', '697', '759', '821', '883', '945']
['78', '140', '202', '264', '326', '388', '450', '512', '574', '636', '698', '760', '822', '884', '946', '82']
['79', '141', '203', '265', '327', '389', '451', '513', '575', '637', '699', '761', '823', '885', '947', '10', '139', '826', '0']
['80', '142', '204', '266', '328', '390', '452', '514', '576', '638', '700', '762', '824', '886', '948', '220']
['81', '143', '205', '267', '329', '391', '453', '515', '577', '639', '701', '763', '825', '887', '949', '4']
['20', '144', '206', '268', '330', '392', '454', '516', '578', '640', '702', '764', '888', '950']
['83', '145', '207', '269', '331', '393', '455', '517', '579', '641', '703', '765', '827', '889', '951', '9']
['22', '84', '146', '208', '270', '332', '394', '456', '518', '580', '642', '704', '766', '828', '890', '952']
['23', '147', '209', '271', '333', '395', '457', '519', '581', '643', '705', '767', '829', '891', '953', '230', '708']
['86', '148', '210', '272', '334', '396', '458', '520', '582', '644', '706', '768', '830', '892', '954']
['25', '149', '211', '273', '335', '397', '459', '521', '583', '645', '707', '769', '831', '893', '955', '16']
['88', '150', '212', '274', '336', '398', '460', '522', '584', '646', '770', '832', '894', '956']
['89', '151', '213', '275', '337', '399', '461', '523', '585', '647', '709', '771', '833', '895', '957']
['28', '90', '152', '214', '276', '338', '400', '462', '524', '586', '648', '710', '772', '834', '896', '958']
['91', '153', '215', '277', '339', '401', '463', '525', '587', '649', '711', '773', '835', '897', '959', '26', '47', '965']
['30', '92', '154', '216', '278', '340', '402', '464', '526', '588', '650', '712', '774', '836', '898', '960']
['31', '155', '217', '279', '341', '403', '465', '527', '589', '651', '713', '775', '837', '899', '961', '505']
['32', '94', '156', '218', '280', '342', '404', '528', '590', '652', '714', '776', '838', '900', '962']
['33', '95', '157', '219', '281', '343', '405', '467', '529', '591', '653', '715', '777', '839', '901', '963']
['34', '96', '158', '282', '344', '468', '530', '592', '654', '716', '778', '840', '902', '964']
['97', '221', '283', '345', '407', '531', '593', '655', '717', '779', '841', '903']
['36', '98', '160', '222', '284', '346', '408', '470', '532', '594', '656', '718', '780', '842', '904', '966', '14', '27']
['37', '99', '161', '223', '285', '347', '409', '471', '533', '595', '657', '781', '843', '905', '967']
['38', '100', '162', '224', '286', '348', '410', '472', '534', '596', '658', '720', '782', '844', '906', '968', '118']
['39', '101', '163', '225', '287', '349', '411', '473', '535', '597', '659', '721', '783', '845', '907', '969', '50']
['40', '102', '164', '226', '288', '350', '412', '474', '536', '598', '660', '722', '784', '846', '908', '970', '137', '290']
['103', '227', '289', '351', '413', '475', '537', '599', '661', '723', '785', '847', '909', '971', '35']
['42', '104', '166', '228', '352', '414', '476', '538', '600', '662', '724', '786', '848', '910', '972', '11', '43', '5']
['105', '167', '229', '291', '353', '415', '477', '539', '601', '663', '725', '787', '849', '911', '973', '169', '7']
['44', '106', '168', '292', '354', '416', '478', '540', '602', '664', '726', '788', '850', '912', '974', '136', '165']
['45', '107', '231', '293', '355', '417', '479', '541', '603', '665', '727', '789', '851', '913', '975', '466']
['46', '108', '170', '232', '294', '356', '418', '480', '542', '604', '666', '728', '790', '852', '914', '976']
['109', '171', '233', '295', '357', '419', '481', '543', '605', '667', '729', '791', '853', '915', '977', '6']
['110', '172', '234', '296', '358', '420', '482', '544', '606', '668', '730', '792', '854', '916', '978']
['49', '111', '173', '235', '297', '359', '421', '483', '545', '607', '669', '731', '793', '855', '917', '979']
['112', '174', '236', '298', '360', '422', '484', '546', '608', '670', '732', '794', '856', '918', '980', '87', '469']
['51', '113', '175', '237', '299', '361', '423', '485', '547', '609', '671', '733', '795', '857', '919', '981']
['52', '114', '176', '238', '300', '362', '424', '486', '548', '610', '672', '734', '796', '858', '920', '982', '2']
['115', '177', '239', '301', '363', '425', '487', '549', '611', '673', '735', '797', '859', '921', '983', '241']
['54', '116', '178', '240', '302', '364', '426', '488', '550', '612', '674', '736', '798', '860', '922', '984']
['55', '117', '179', '303', '365', '427', '489', '551', '613', '675', '737', '799', '861', '923', '985', '186', '688']
['56', '180', '242', '304', '366', '428', '490', '552', '614', '676', '738', '800', '862', '924', '986', '3']
['119', '181', '243', '305', '367', '429', '491', '553', '615', '677', '739', '801', '863', '925', '987', '1']
['58', '120', '182', '244', '306', '368', '430', '492', '554', '616', '678', '740', '802', '864', '926', '988']
['59', '121', '183', '245', '307', '369', '431', '493', '555', '617', '679', '741', '803', '865', '927', '989', '18']
['122', '184', '246', '308', '370', '432', '494', '556', '618', '680', '742', '804', '866', '928']
['123', '185', '247', '309', '371', '433', '495', '557', '619', '681', '743', '805', '867', '929', '991']
