['0', '40', '120', '280', '320', '360', '440', '480', '520', '640', '680', '760', '880', '920', '21', '22', '23', '26', '27', '28', '32', '33', '35', '36', '37', '38', '39', '41', '42', '43', '45', '46', '49', '50', '51', '52', '79', '101', '105', '106', '118', '119', '122', '125', '127', '128', '275', '276', '277', '278', '279', '281', '282', '283', '284', '285', '286', '287', '288', '289', '290', '291', '294', '295', '296', '297', '299', '300', '301', '302', '303', '304', '305', '307', '308', '309', '310', '311', '312', '313', '314', '315', '316', '317', '318', '319', '321', '322', '323', '324', '325', '327', '328', '329', '356', '357', '358', '359', '362', '363', '365', '366', '367', '368', '372', '373', '374', '375', '376', '379', '380', '381', '383', '385', '438', '441', '444', '453', '455', '505', '506', '507', '509', '510', '511', '512', '513', '514', '517', '518', '519', '521', '522', '524', '525', '526', '527', '528', '530', '532', '634', '635', '636', '637', '638', '639', '642', '643', '644', '645', '646', '647', '648', '649', '651', '653', '654', '655', '675', '676', '677', '679', '683', '685', '686', '687', '688', '690', '692', '693', '694', '695', '696', '697', '698', '699', '700', '701', '702', '703', '853']
['1', '81', '121', '161', '361', '561', '601', '641', '681', '801', '881', '961', '129', '131', '132', '133', '135', '136', '137', '138', '139', '140', '141', '142', '143', '144', '145', '146', '147', '148', '149', '150', '151', '152', '153', '154', '155', '156', '158', '159', '160', '560', '564', '566', '567', '568', '570', '571', '572', '573', '574', '575', '576', '577', '578', '579', '580', '581', '773', '774', '775', '776', '777', '780', '782', '783', '784', '785', '786', '787', '791', '792', '793', '795', '797', '798', '800', '802', '803', '960', '962', '963', '964', '965', '967', '969', '970', '972', '975', '976', '978']
['2', '82', '442', '562', '682', '722', '762', '842', '437', '720', '721', '724', '726', '728', '729', '730', '731', '732', '733', '735', '736', '738', '740', '741', '743', '745', '746']
['3', '83', '123', '163', '443', '523', '563', '723', '763', '883', '162', '165', '166', '168', '171', '172', '174', '176', '177', '178', '179', '180', '182', '882', '884', '886', '888', '889', '890', '891', '892', '893', '894', '895', '896', '897', '898', '899', '900', '901', '902', '903', '904', '905', '906', '907']
['44', '84', '124', '164', '244', '364', '604', '684', '804']
['85', '405', '445', '565', '725', '885']
['6', '126', '326', '446', '486', '806', '966', '485', '487', '488', '489', '490', '491', '492', '493', '494', '495', '496', '498', '501', '502', '503', '504', '805', '807', '808', '809', '810', '811', '812', '813', '814', '815', '816', '817', '819', '821', '822', '823', '824']
['7', '47', '87', '167', '447', '607', '727', '887']
['8', '48', '88', '448', '968']
['9', '89', '169', '369', '449', '529', '569', '609', '689', '208']
['90', '130', '170', '210', '330', '370', '450', '610', '650', '770', '930', '80', '86', '96', '97', '99', '100', '212']
['11', '91', '211', '371', '451', '531', '691', '971', '5']
['12', '92', '292', '332', '452', '652', '331', '333', '334', '336', '337', '339', '340', '341', '342', '345', '346', '348', '349', '350', '351', '352', '353', '355']
['13', '93', '173', '213', '253', '293', '973']
['14', '54', '94', '134', '214', '414', '454', '534', '614', '734', '854', '934', '974', '56', '533', '535', '536', '537', '538', '540', '541', '542', '543', '544', '545', '546', '547', '549', '550', '551', '552', '554', '555', '557', '558', '559']
['95', '175', '215', '335']
['16', '216', '456', '616', '856']
['17', '57', '217', '377', '457', '497', '737', '937', '977', '4', '10', '15']
['18', '58', '98', '218', '298', '338', '378', '458', '658', '778', '818', '858']
['19', '59', '219', '459', '499', '539', '739', '779', '939']
['20', '60', '220', '260', '420', '460', '500', '620', '820', '860', '940', '980']
['61', '181', '221', '781', '861', '941']
['62', '222', '382', '662', '742', '862', '942', '982']
['63', '103', '183', '223', '343', '423', '863', '943', '855', '857', '859', '869', '871']
['24', '64', '104', '224', '344', '384', '424', '744', '864', '944', '984']
['25', '65', '185', '225', '865', '945']
['226', '266', '306', '706', '866', '946']
['67', '107', '227', '347', '667', '707', '867', '947', '209']
['68', '108', '228', '508', '548', '588', '628', '708', '788', '868', '948', '988', '582', '583', '584', '585', '586', '587', '589', '590', '592', '593', '594', '595', '598', '599', '600', '602', '603', '605', '606', '608', '611', '612', '613']
['29', '69', '109', '229', '269', '469', '669', '749', '789', '949']
['30', '70', '110', '230', '270', '390', '630', '790', '870', '950']
['31', '71', '111', '271', '591', '671', '831', '951', '991']
['72', '112', '192', '232', '272', '392', '432', '472', '632', '672', '712', '752', '832', '872', '912', '952', '992', '53', '55', '66', '102', '184', '186', '187', '188', '189', '190', '191', '193', '194', '196', '197', '198', '199', '200', '201', '202', '203', '204', '205', '206', '207', '231', '233', '235', '236', '237', '238', '239', '240', '241', '242', '243', '245', '246', '247', '248', '249', '250', '251', '252', '254', '255', '256', '257', '258', '259', '261', '262', '263', '264', '265', '267', '268', '273', '274', '386', '387', '388', '389', '391', '394', '397', '399', '400', '401', '402', '403', '404', '406', '407', '408', '409', '410', '411', '412', '413', '415', '416', '417', '418', '419', '421', '422', '425', '426', '427', '428', '429', '430', '431', '433', '434', '435', '436', '461', '462', '463', '464', '465', '466', '467', '468', '470', '471', '475', '477', '478', '479', '481', '482', '483', '484', '615', '617', '618', '619', '621', '622', '623', '624', '625', '626', '627', '629', '631', '633', '656', '657', '659', '660', '661', '663', '664', '665', '666', '668', '670', '674', '704', '705', '709', '710', '711', '713', '714', '715', '717', '718', '747', '748', '750', '751', '753', '754', '757', '758', '761', '764', '765', '766', '767', '768', '769', '771', '772', '825', '826', '827', '828', '829', '830', '834', '835', '836', '838', '839', '840', '841', '843', '844', '845', '846', '847', '848', '849', '850', '851', '852', '908', '909', '910', '911', '914', '915', '917', '918', '919', '921', '922', '923', '924', '925', '926', '927', '928', '929', '931', '932', '933', '938']
['73', '113', '393', '473', '553', '673', '833', '873', '913', '953', '993', '935', '955']
['34', '74', '114', '234', '354', '474', '794', '874', '954', '994', '936', '979', '981', '983', '985', '986', '987', '989', '990', '995', '996', '999']
['75', '115', '195', '395', '515', '755', '875']
['76', '116', '396', '476', '516', '556', '596', '716', '756', '796', '876', '916', '956']
['77', '117', '157', '597', '837', '877', '957', '997']
['78', '398', '678', '878', '958', '998']
['439', '719', '759', '799', '879', '959']
