['40', '80', '160', '200', '240', '280', '360', '440', '480', '520', '600', '640', '680', '720', '760', '800', '840', '920', '17', '37', '41', '48', '79', '95', '147', '150', '199', '201', '210', '239', '273', '281', '340', '346', '439', '484', '594', '614', '616', '718', '721', '757', '764', '825', '830', '835', '846', '923']
['81', '161', '241', '321', '401', '481', '521', '601', '641', '681', '761', '801', '841', '921', '3', '58', '209', '233', '245', '315', '473', '595', '624', '766', '789', '803', '843']
['122', '162', '242', '282', '322', '402', '442', '522', '602', '642', '682', '802', '842', '882', '922', '962', '119', '121', '126', '228', '318', '330', '606', '658', '790', '837', '903', '914']
['43', '83', '163', '203', '243', '283', '323', '403', '523', '563', '603', '643', '683', '763', '883', '8', '42', '82', '159', '198', '325', '390', '514', '518', '583', '620', '758', '864']
['164', '204', '244', '324', '364', '404', '444', '604', '644', '684', '884', '924', '964', '51', '146', '227', '251', '413', '443', '445', '705']
['45', '85', '125', '165', '205', '485', '525', '565', '645', '685', '725', '805', '845', '885', '925', '965', '7', '86', '120', '277', '477', '564', '578', '951']
['46', '246', '286', '326', '366', '406', '446', '486', '646', '806', '886', '926', '383']
['47', '87', '167', '367', '447', '487', '527', '567', '607', '647', '767', '887', '927', '967', '333', '637', '940']
['88', '128', '168', '248', '288', '368', '408', '448', '528', '568', '608', '648', '688', '768', '808', '848', '888', '928', '968', '18', '30', '145', '152', '169', '177', '181', '249', '261', '287', '362', '387', '405', '460', '543', '629', '709', '781', '906']
['329', '369', '449', '529', '569', '609', '649', '769', '809', '849', '889', '929', '328', '536', '542', '549', '559', '582', '636', '728', '817']
['10', '50', '90', '290', '370', '410', '450', '490', '570', '610', '650', '690', '730', '770', '890', '930', '28', '49', '270', '289', '422', '476', '560', '566', '591', '686', '727']
['91', '131', '211', '291', '331', '411', '491', '611', '731', '811', '851', '891', '931', '971', '1', '66', '98', '130', '489', '618', '799', '893', '958']
['172', '332', '372', '412', '492', '532', '612', '732', '772', '852', '932', '972', '432', '771', '909']
['13', '53', '133', '213', '253', '453', '493', '533', '613', '653', '733', '813', '853', '933', '973', '212', '812', '844']
['54', '94', '174', '254', '294', '334', '374', '454', '494', '534', '814', '854', '894', '934', '974', '258', '265', '268', '293', '913']
['15', '135', '175', '295', '335', '415', '455', '495', '535', '575', '615', '655', '695', '735', '775', '815', '855', '895', '975', '16', '44', '556', '734', '783', '985']
['56', '96', '216', '296', '336', '376', '496', '576', '696', '736', '776', '816', '856', '896', '936', '976', '92', '297', '309', '371', '474', '483', '726', '754', '773', '780', '829', '874']
['57', '137', '217', '257', '377', '417', '457', '497', '537', '577', '617', '697', '737', '777', '857', '897', '937', '977', '136', '252', '255', '375', '386', '451', '452', '488', '571', '573', '691', '693']
['178', '218', '378', '458', '498', '538', '698', '738', '778', '818', '858', '898', '938', '978', '176', '461', '689', '724', '810', '892', '966']
['19', '59', '139', '179', '219', '299', '339', '379', '419', '459', '499', '539', '619', '659', '699', '739', '779', '819', '859', '899', '939', '979', '6', '132', '206', '327', '392', '501', '554', '714', '729', '749', '759']
['60', '100', '140', '180', '220', '260', '380', '420', '700', '740', '860', '980', '107', '284', '708']
['21', '61', '141', '221', '341', '541', '581', '661', '701', '741', '821', '861', '901', '941', '981', '540', '919', '935', '996']
['22', '102', '182', '222', '262', '302', '382', '462', '502', '622', '662', '702', '742', '782', '902', '942', '982', '12', '97', '171', '214']
['103', '143', '183', '223', '263', '303', '343', '423', '463', '503', '623', '663', '703', '823', '863', '983', '142', '342', '456', '692']
['64', '104', '144', '184', '304', '384', '424', '464', '504', '544', '584', '704', '744', '784', '904', '944', '984', '99', '127', '166', '185', '310', '363', '365', '530', '561', '605', '722', '905']
['225', '305', '345', '385', '425', '465', '505', '545', '585', '625', '745', '785', '865', '945', '197', '300', '361', '381', '395', '574', '580', '588', '743']
['26', '106', '226', '266', '306', '426', '466', '506', '546', '586', '626', '666', '706', '786', '826', '946', '986', '32', '55', '207', '215', '224', '428', '435', '500', '652', '765', '961', '969']
['67', '187', '267', '307', '347', '427', '507', '547', '587', '707', '747', '787', '827', '907', '947', '62', '65', '344', '526', '562', '579', '746']
['108', '188', '308', '348', '388', '468', '508', '548', '668', '748', '788', '868', '908', '948', '11', '27', '657', '807', '918']
['29', '69', '109', '149', '269', '349', '389', '429', '469', '509', '589', '869', '949', '989', '24', '467']
['70', '230', '350', '430', '470', '510', '550', '590', '630', '670', '710', '750', '910', '950', '990', '229', '664', '954']
['31', '71', '111', '151', '191', '231', '271', '311', '391', '431', '471', '551', '631', '671', '711', '751', '791', '831', '871', '911', '991', '5', '20', '36', '186', '194', '665', '804']
['112', '192', '232', '312', '352', '472', '512', '552', '592', '632', '672', '712', '752', '832', '872', '952', '992', '2', '14', '52', '101', '123', '208', '234', '247', '256', '292', '301', '316', '351', '356', '482', '511', '531', '596', '621', '627', '628', '633', '656', '669', '687', '713', '862', '867', '870', '881', '963']
['33', '73', '113', '153', '193', '313', '393', '433', '513', '553', '593', '673', '753', '793', '833', '873', '953', '993', '23', '34', '68', '72', '76', '93', '105', '110', '129', '134', '138', '148', '170', '202', '250', '259', '298', '398', '400', '407', '416', '418', '651', '660', '667', '762', '774', '822', '824', '970', '987']
['74', '154', '314', '354', '394', '434', '634', '674', '794', '834', '994', '0', '237', '337', '409', '441', '638', '820', '850']
['35', '75', '115', '155', '195', '235', '275', '355', '475', '515', '555', '635', '715', '755', '795', '875', '915', '955', '995', '4', '9', '25', '39', '77', '84', '114', '173', '189', '190', '272', '279', '373', '524', '694', '756', '792', '847', '866', '912', '960']
['156', '196', '236', '276', '396', '436', '516', '676', '716', '796', '836', '876', '916', '956', '38', '285', '421', '675', '723', '879']
['117', '157', '317', '357', '397', '437', '517', '557', '597', '677', '717', '797', '877', '917', '957', '997', '63', '116', '124', '264', '320', '338', '414', '572', '880', '900', '943']
['78', '118', '158', '238', '278', '358', '438', '478', '558', '598', '678', '798', '838', '878', '998', '274', '353', '654', '828']
['319', '359', '399', '479', '519', '599', '639', '679', '719', '839', '959', '999', '89', '988']
