['AIA', 'AOA', 'ASA', 'BBA', 'BDA', 'BFA', 'BHA', 'BJA', 'BLA', 'BNA', 'AAG', 'AAH', 'ABI', 'ABT', 'ACO', 'AFA', 'AFC', 'AGL', 'AHV', 'AKD', 'AMD', 'ARR', 'AWJ', 'AXA', 'AYI']
['AGB', 'AIB', 'AKB', 'ASB', 'AUB', 'AWB', 'AYB', 'BBB', 'BDB', 'BFB', 'BHB', 'BJB', 'BLB', 'BNB', 'AAC', 'AAU', 'ABV', 'AED', 'AEH', 'AEQ', 'AFM', 'AGD', 'ANS', 'AWM', 'AXS']
['ACC', 'AEC', 'AIC', 'AKC', 'AMC', 'AOC', 'AQC', 'AUC', 'AWC', 'AYC', 'BBC', 'BDC', 'BHC', 'BJC', 'BLC', 'BNC', 'AAP', 'ABF', 'ABN', 'ABQ', 'ABS', 'AEO', 'AHN', 'ASR', 'BFY']
['AOD', 'AQD', 'ASD', 'AWD', 'BBD', 'BDD', 'BFD', 'BJD', 'BLD', 'BND']
['AGE', 'AME', 'ASE', 'AUE', 'AYE', 'BBE', 'BDE', 'BFE', 'BHE', 'BJE', 'BLE', 'BNE', 'ACL', 'ADQ', 'AGP', 'AKM', 'AQA', 'AQL', 'ARA', 'ARD', 'ARJ', 'ATQ', 'BBP', 'BEO', 'BGI']
['ACF', 'AIF', 'AQF', 'ASF', 'AUF', 'AWF', 'BDF', 'BFF', 'BHF', 'BJF', 'BLF', 'BNF', 'ACN', 'ACU', 'AFF', 'AKS', 'ALI', 'AOH', 'AOQ', 'APC', 'APK', 'APQ', 'AQW', 'BDI', 'BJK']
['AIG', 'AMG', 'AOG', 'AQG', 'ASG', 'AUG', 'AYG', 'BBG', 'BDG', 'BFG', 'BHG', 'BJG', 'BLG', 'BNG', 'ACS', 'ACT', 'AEA', 'AEM', 'AGF', 'AKA', 'ALC', 'ANC', 'APF', 'AQE', 'AXP']
['AIH', 'AMH', 'ASH', 'AUH', 'AWH', 'BBH', 'BDH', 'BFH', 'BHH', 'BJH', 'BLH', 'BNH', 'BKT']
['AEI', 'AOI', 'ASI', 'AUI', 'AWI', 'BBI', 'BFI', 'BJI', 'BLI', 'BNI']
['AEJ', 'AIJ', 'AKJ', 'AQJ', 'ASJ', 'AYJ', 'BDJ', 'BHJ', 'BJJ', 'BLJ', 'ABD', 'ABK', 'ACK', 'AFL', 'AGA', 'AJB', 'AJF', 'AKU', 'ASW', 'ATI', 'BAG', 'BBS', 'BCQ', 'BHD', 'BOI']
['AEK', 'AMK', 'AOK', 'AQK', 'ASK', 'AWK', 'AYK', 'BBK', 'BFK', 'BHK', 'BLK', 'BNK', 'AAA', 'AEB', 'AGR', 'AIQ', 'AIT', 'APD', 'ATK', 'AVA', 'AVV', 'AVW', 'AWS', 'BEQ', 'BOX']
['AML', 'AOL', 'ASL', 'AUL', 'AWL', 'AYL', 'BBL', 'BDL', 'BFL', 'BHL', 'BJL', 'BLL', 'BNL']
['AGM', 'AIM', 'AOM', 'AQM', 'ASM', 'AYM', 'BBM', 'BDM', 'BFM', 'BHM', 'BJM', 'BLM', 'BNM', 'ACG', 'AEE', 'AFP', 'AGG', 'AKL', 'ALS', 'ALW', 'ANG', 'ANM', 'ANY', 'AXK', 'BBJ']
['AEN', 'AIN', 'AON', 'AUN', 'AYN', 'BBN', 'BDN', 'BFN', 'BHN', 'BJN', 'BLN', 'BNN']
['AGO', 'AIO', 'AOO', 'AQO', 'ASO', 'AWO', 'AYO', 'BBO', 'BDO', 'BFO', 'BHO', 'BJO', 'BLO', 'BNO']
['AKP', 'AOP', 'AQP', 'ASP', 'AUP', 'AWP', 'AYP', 'BDP', 'BFP', 'BHP', 'BJP', 'BLP', 'BNP']
['ACQ', 'AGQ', 'AKQ', 'AQQ', 'ASQ', 'AUQ', 'AWQ', 'BBQ', 'BFQ', 'BHQ', 'BJQ', 'BLQ', 'BNQ', 'ADN', 'ADU', 'ADV', 'AJJ', 'AJK', 'AJP', 'ALT', 'ARI', 'ARQ', 'ARY', 'BAD', 'BDR']
['AER', 'AIR', 'AKR', 'AMR', 'AQR', 'AWR', 'AYR', 'BBR', 'BFR', 'BHR', 'BJR', 'BLR', 'BNR']
['AGS', 'AIS', 'AOS', 'AQS', 'ASS', 'AUS', 'AYS', 'BDS', 'BFS', 'BHS', 'BJS', 'BLS', 'BNS', 'BIC']
['AKT', 'AMT', 'AOT', 'AST', 'AUT', 'AWT', 'BBT', 'BDT', 'BFT', 'BHT', 'BJT', 'BLT', 'BNT']
['AGU', 'AMU', 'AOU', 'AQU', 'ASU', 'AUU', 'AYU', 'BBU', 'BDU', 'BFU', 'BHU', 'BJU', 'BLU', 'BNU', 'AFJ', 'AFR', 'AFW', 'AJM', 'ALP', 'ALR', 'AMN', 'AMP', 'ANU', 'AOR', 'AXY']
['AEV', 'AKV', 'AOV', 'AQV', 'ASV', 'AWV', 'AYV', 'BBV', 'BFV', 'BHV', 'BJV', 'BLV', 'BNV']
['AAW', 'AMW', 'AUW', 'AYW', 'BBW', 'BDW', 'BFW', 'BHW', 'BJW', 'BLW', 'BNW', 'ABO', 'ACA', 'ACJ', 'AHY', 'AKK', 'AKO', 'ALE', 'AMQ', 'AMX', 'AQH', 'AQT', 'ARL', 'AUO', 'BAU']
['AIX', 'AOX', 'ASX', 'AUX', 'AWX', 'AYX', 'BBX', 'BDX', 'BFX', 'BHX', 'BJX', 'BLX', 'BNX']
['AAY', 'ACY', 'AEY', 'AIY', 'AKY', 'AMY', 'AOY', 'AQY', 'ASY', 'AUY', 'AWY', 'AYY', 'BBY', 'BDY', 'BHY', 'BJY', 'BLY', 'BNY', 'AAX', 'ADC', 'ADI', 'ADK', 'AEG', 'AHU', 'BGP']
['ALA', 'ANA', 'APA', 'ATA', 'BAA', 'BCA', 'BGA', 'BIA', 'BKA', 'BMA', 'BOA']
['AFB', 'ALB', 'ANB', 'APB', 'ATB', 'AVB', 'AXB', 'BAB', 'BCB', 'BGB', 'BIB', 'BKB', 'BMB', 'BOB']
['AHC', 'AJC', 'ARC', 'ATC', 'AVC', 'AXC', 'BAC', 'BCC', 'BEC', 'BGC', 'BKC', 'BMC', 'BOC', 'AHE', 'BNJ']
['AJD', 'ALD', 'AND', 'ATD', 'AVD', 'AXD', 'BCD', 'BED', 'BGD', 'BID', 'BKD', 'BMD', 'BOD', 'AIW', 'AKX', 'APU', 'ATH', 'AUA', 'AWG', 'BCG', 'BDK', 'BDQ', 'BEB', 'BEN', 'BII']
['ABE', 'AJE', 'ANE', 'APE', 'ATE', 'AXE', 'BAE', 'BCE', 'BEE', 'BGE', 'BIE', 'BKE', 'BME', 'BOE', 'AAB', 'ABG', 'AEL', 'AGX', 'AHK', 'AQN', 'AUM', 'AVM', 'AWA', 'AWU', 'AXR']
['AHF', 'ALF', 'ANF', 'ARF', 'ATF', 'AVF', 'AXF', 'BAF', 'BCF', 'BEF', 'BGF', 'BIF', 'BKF', 'BMF', 'BOF', 'AHJ']
['AHG', 'AJG', 'APG', 'ATG', 'AVG', 'AXG', 'BEG', 'BGG', 'BKG', 'BMG', 'BOG']
['ABH', 'ADH', 'AFH', 'AHH', 'AJH', 'ANH', 'APH', 'ARH', 'AVH', 'AXH', 'BAH', 'BCH', 'BEH', 'BGH', 'BIH', 'BKH', 'BMH', 'BOH', 'AAI', 'AAQ', 'ABL', 'ABW', 'ABX', 'AMF', 'AUR']
['AHI', 'AJI', 'ANI', 'API', 'AVI', 'AXI', 'BAI', 'BCI', 'BEI', 'BKI', 'BMI', 'AAL', 'ABJ', 'ACH', 'ADX', 'AEW', 'AFG', 'AFT', 'AHQ', 'ALY', 'ARM', 'ATM', 'BGS', 'BIR', 'BOY']
['ANJ', 'APJ', 'ATJ', 'AVJ', 'AXJ', 'BAJ', 'BCJ', 'BEJ', 'BGJ', 'BIJ', 'BKJ', 'BMJ', 'BOJ', 'AAO', 'ACX', 'AEP', 'AGC', 'AGN', 'AHD', 'AIU', 'AKE', 'AKG', 'ALO', 'AMI', 'AUV']
['ALK', 'ANK', 'ARK', 'AVK', 'BAK', 'BEK', 'BGK', 'BIK', 'BKK', 'BMK', 'BOK', 'AAJ', 'ACB', 'ADP', 'AIP', 'AKN', 'ALJ', 'AOW', 'ARE', 'ATV', 'ATW', 'AUK', 'AYT', 'BEA', 'BER']
['AHL', 'AJL', 'ALL', 'ANL', 'APL', 'ATL', 'AVL', 'AXL', 'BAL', 'BCL', 'BEL', 'BGL', 'BIL', 'BKL', 'BML', 'BOL', 'AAT', 'ABY', 'ADF', 'AGK', 'AID', 'AII', 'AIK', 'AIV', 'ASC']
['ADM', 'AHM', 'ALM', 'APM', 'AXM', 'BAM', 'BCM', 'BEM', 'BGM', 'BIM', 'BKM', 'BMM', 'BOM', 'AAN', 'AAV', 'ACD', 'ACP', 'ADD', 'ADL', 'AFS', 'ALG', 'ANN', 'ASN', 'AUD', 'AVS']
['AFN', 'AJN', 'ALN', 'APN', 'ARN', 'ATN', 'AVN', 'AXN', 'BAN', 'BCN', 'BIN', 'BKN', 'BMN', 'BON', 'ABA', 'ADT', 'AET', 'AEX', 'AGW', 'AGY', 'AHA', 'AHX', 'AYA', 'BGV', 'BOV']
['ADO', 'AFO', 'AHO', 'AJO', 'ANO', 'APO', 'ARO', 'ATO', 'AVO', 'AXO', 'BAO', 'BCO', 'BGO', 'BIO', 'BKO', 'BMO', 'BOO', 'AAS', 'AES', 'AFD', 'AGI', 'AKH', 'AKI', 'ALU', 'BGN']
['AHP', 'ANP', 'APP', 'ARP', 'ATP', 'AVP', 'BAP', 'BCP', 'BEP', 'BIP', 'BKP', 'BMP', 'BOP', 'AAF', 'ADJ', 'AJX', 'AMV', 'AOF', 'APS', 'AQB', 'AQI', 'AQX', 'AYF', 'BCK', 'BHI']
['AJQ', 'ALQ', 'ANQ', 'AVQ', 'AXQ', 'BAQ', 'BGQ', 'BIQ', 'BKQ', 'BMQ', 'BOQ', 'AAE', 'AFE', 'AIL', 'AJU', 'ALH', 'ALV', 'AMB', 'AMJ', 'AMO', 'ATY', 'AUJ', 'AVE', 'BDV', 'BEX']
['AHR', 'ANR', 'APR', 'ATR', 'AVR', 'BAR', 'BCR', 'BGR', 'BKR', 'BMR', 'AAK', 'AAR', 'ACI', 'ACV', 'ADA', 'AEF', 'AJW', 'AMM', 'ANX', 'AWE', 'AWW', 'BAT', 'BFC', 'BOT']
['ADS', 'AHS', 'AJS', 'ARS', 'ATS', 'BAS', 'BCS', 'BES', 'BIS', 'BKS', 'BMS', 'BOS', 'ABB', 'ABR', 'ACR', 'ADB', 'ADE', 'AGH', 'AGV', 'AMS', 'AOJ', 'APT', 'AWN', 'AYH', 'BIG']
['AHT', 'AJT', 'ANT', 'ART', 'ATT', 'AVT', 'AXT', 'BCT', 'BET', 'BGT', 'BIT', 'BMT']
['ABU', 'AFU', 'ARU', 'ATU', 'AVU', 'AXU', 'BCU', 'BEU', 'BGU', 'BIU', 'BKU', 'BMU', 'BOU', 'AAD', 'ABM', 'ACM', 'ADG', 'AEU', 'AFI', 'AIE', 'AKW', 'AMA', 'AOB', 'APV', 'BAX']
['AJV', 'ANV', 'ARV', 'AXV', 'BAV', 'BCV', 'BEV', 'BIV', 'BKV', 'BMV']
['ADW', 'AHW', 'ANW', 'APW', 'ARW', 'AXW', 'BAW', 'BCW', 'BEW', 'BGW', 'BIW', 'BKW', 'BMW', 'BOW', 'ABC', 'ADR', 'AFV', 'AFY', 'AGJ', 'AHB', 'AJA', 'APX', 'ARG', 'AXX', 'AYD']
['AFX', 'ALX', 'ARX', 'ATX', 'AVX', 'BCX', 'BGX', 'BIX', 'BKX', 'BMX', 'AAM', 'ABP', 'ACE', 'ACW', 'AFK', 'AFQ', 'AGT', 'AJR', 'AKF', 'AOE', 'ARB', 'AYQ', 'BBF', 'BFJ']
['ADY', 'AJY', 'APY', 'AVY', 'BAY', 'BCY', 'BEY', 'BGY', 'BIY', 'BKY', 'BMY', 'BOR']
