['51', '151', '251', '301', '401', '451', '651', '643', '644', '650']
['152', '202', '252', '302', '402', '452', '552', '602', '652', '902', '952', '206', '213', '228', '551', '553', '554', '556', '559', '560', '569', '572', '573', '575', '601', '604', '608', '610', '611', '613', '616', '642', '901', '905', '907', '909', '951', '957']
['53', '253', '303', '403', '453', '503', '653', '703', '803', '853', '953', '352', '356', '502', '507', '801', '802', '855', '859']
['54', '104', '154', '204', '254', '304', '404', '504', '654', '754', '804', '854', '904', '103', '120', '153', '203', '216', '752', '794', '851', '903']
['55', '255', '305', '355', '405', '455', '555', '655', '805', '955', '372', '398', '647', '791']
['56', '106', '156', '256', '306', '456', '506', '606', '706', '856', '906', '956', '505', '512', '518', '603']
['57', '107', '157', '207', '257', '357', '407', '557', '607', '707', '757', '857', '105', '129', '146', '394', '746']
['58', '158', '208', '258', '358', '408', '458', '508', '558', '708', '758', '808', '858', '908', '958', '501']
['59', '109', '159', '259', '309', '359', '409', '459', '509', '609', '659', '759', '205', '391', '515', '605', '658', '750', '755', '756']
['10', '60', '160', '210', '260', '310', '360', '410', '460', '510', '660', '710', '760', '810', '860', '910', '960', '5', '201', '246', '701', '704', '711', '753', '806', '807', '816', '852', '954', '959']
['11', '61', '161', '211', '261', '361', '411', '511', '561', '661', '811', '7', '17']
['12', '62', '112', '162', '212', '262', '312', '362', '412', '462', '562', '612', '712', '812', '702', '705', '713', '714', '809']
['13', '63', '113', '163', '263', '313', '363', '413', '463', '513', '563', '763', '813', '863', '913', '1', '766', '864', '870']
['14', '64', '164', '214', '264', '314', '414', '464', '564', '614', '664', '764', '814', '2', '20', '23', '50', '52', '765', '775']
['15', '65', '115', '165', '215', '265', '315', '365', '415', '465', '565', '615', '715', '815', '865', '965', '3', '9', '217', '220', '227', '229', '709', '962']
['16', '66', '166', '266', '316', '366', '416', '516', '566', '351', '354']
['67', '117', '167', '267', '317', '367', '417', '467', '517', '567', '617', '667', '767', '817', '867', '917', '967', '209', '656', '662', '665', '761', '762', '769', '862', '866', '915', '964']
['18', '68', '168', '218', '268', '318', '368', '418', '468', '568', '618', '668', '768', '818', '868', '968', '657', '663', '666', '771', '861', '961', '963', '966']
['19', '69', '119', '169', '219', '269', '319', '369', '419', '469', '519', '619', '669', '719', '819', '869', '919', '969', '716', '720', '730', '911', '912', '914', '916', '918']
['70', '270', '320', '370', '420', '470', '520', '570', '620', '670', '770', '820', '920', '970', '353', '364', '377', '406']
['21', '71', '121', '171', '221', '271', '321', '371', '421', '471', '521', '571', '621', '721', '110', '116', '155', '717', '725']
['22', '72', '122', '172', '222', '272', '322', '422', '472', '522', '622', '722', '772', '922', '6', '237', '923', '929']
['73', '123', '173', '223', '273', '323', '373', '423', '473', '523', '623', '673', '723', '773', '823']
['24', '74', '124', '174', '224', '274', '374', '424', '474', '574', '624', '724', '774', '824', '101']
['25', '75', '125', '175', '225', '275', '325', '375', '425', '475', '525', '625', '675', '875', '925', '975', '514', '524', '679', '684', '871', '873', '877', '921', '924', '972']
['26', '76', '126', '176', '226', '376', '476', '676', '726', '826', '876', '926', '976', '825', '974']
['27', '77', '127', '177', '327', '477', '727', '827', '927', '977']
['28', '78', '128', '178', '328', '378', '428', '478', '528', '728', '878', '928', '978', '4', '442', '874', '879']
['29', '79', '179', '279', '329', '379', '479', '529', '579', '629', '729', '779', '829', '979', '718', '973']
['30', '80', '130', '180', '230', '330', '380', '580', '680', '780', '880', '930', '980', '187', '872', '971']
['31', '81', '131', '181', '231', '281', '331', '381', '481', '681', '114', '280', '297', '308']
['32', '82', '182', '232', '332', '382', '482', '532', '582', '632', '682', '782', '832', '882']
['33', '83', '133', '183', '233', '333', '383', '433', '483', '533', '583', '633', '683', '733', '783', '833', '170', '311', '324', '427', '430', '435', '441', '457', '531', '576', '577', '581', '588', '597', '631', '671', '672', '674', '677', '678', '731', '732', '737', '778', '821', '822', '828', '830', '831', '834']
['34', '84', '134', '184', '234', '334', '384', '434', '484', '534', '634', '784', '283', '426', '438', '440', '466', '526', '530', '789']
['35', '85', '135', '185', '235', '335', '385', '485', '535', '585', '635', '685', '735', '785', '835', '935', '985', '540', '546', '550', '626', '627', '628', '630', '734', '736', '744', '777', '790', '934', '983']
['36', '86', '136', '186', '236', '286', '336', '386', '436', '486', '536', '586', '786', '886', '936', '986', '102', '111', '118', '285', '292', '454', '480', '527', '578', '595', '781', '933', '984']
['37', '87', '137', '287', '337', '387', '437', '487', '537', '587', '637', '687', '787', '837', '887', '937', '987', '277', '431', '432', '584', '636', '686', '696', '836', '883', '884', '885', '931', '932']
['38', '88', '138', '238', '288', '388', '488', '538', '638', '688', '738', '788', '888', '938', '988', '776', '981', '982']
['39', '89', '139', '189', '239', '289', '339', '389', '439', '489', '539', '589', '639', '689', '739', '889', '939', '989', '291', '326']
['40', '90', '140', '190', '240', '290', '340', '390', '490', '590', '640', '690', '740', '890', '940', '990', '276', '278', '282', '293', '881']
['41', '91', '141', '191', '241', '341', '491', '541', '591', '741', '841', '838', '839', '848', '849']
['42', '92', '142', '192', '242', '342', '392', '492', '542', '592', '692', '742', '842', '892', '840', '891', '894', '900']
['43', '93', '143', '193', '243', '343', '393', '443', '493', '543', '593', '693', '743', '843', '893', '993', '8', '700']
['44', '94', '144', '194', '244', '294', '344', '444', '494', '544', '594', '694', '844', '944', '338', '429', '943']
['45', '95', '145', '195', '245', '295', '345', '395', '445', '495', '545', '645', '745', '795', '845', '895', '945', '995']
['46', '96', '196', '296', '346', '396', '446', '496', '596', '646', '796', '846', '896', '946', '792']
['47', '97', '147', '197', '247', '347', '397', '447', '497', '547', '697', '797', '847', '897', '947', '997', '108', '132', '698']
['48', '98', '148', '198', '248', '298', '348', '448', '498', '548', '598', '648', '748', '798', '898', '998', '284', '307']
['49', '99', '149', '199', '249', '349', '399', '449', '499', '549', '599', '649', '699', '749', '799', '899', '949', '999', '461', '641', '691', '695', '747', '751', '793', '941', '942', '948', '992', '996']
['100', '150', '200', '250', '300', '350', '400', '450', '500', '600', '800', '850', '950', '1000', '188', '299', '991', '994']
