['0', '200', '400', '600', '193', '196', '575', '597', '783']
['1', '601', '33', '229', '638']
['2', '202', '21', '706']
['3', '203', '403', '603', '132', '303', '765']
['4', '204', '404', '604', '167', '773']
['205', '405', '102', '144']
['406']
['207', '607', '535']
['208', '408', '608']
['409', '609', '165', '489']
['210', '410', '610']
['211', '411', '611']
['212', '412']
['213', '413', '613']
['14', '214', '414', '614']
['415', '615']
['616']
['217', '617']
['218', '418', '618']
['219', '419', '619']
['220', '420', '620', '665']
['421', '621']
['222', '422', '622']
['223', '423', '623']
['224', '424', '624']
['225', '425', '625']
['226', '426', '626']
['27', '227', '427', '627', '492']
['28', '228', '428', '628']
['29', '429', '629']
['30', '230', '430', '630']
['231', '431', '631']
['432', '632', '281', '379', '504']
['633']
['234', '434', '634', '19', '82', '345']
['235', '635', '171', '221']
['436']
['37', '237', '437', '637', '381', '522']
['238']
['239', '439', '639', '17']
['240', '440', '640']
['41', '241', '441', '641', '6', '172', '380', '472']
['42', '242', '642', '201']
['43', '443', '643']
['44', '244', '444', '644', '216']
['45', '245', '445', '645']
['246', '446']
['47', '247', '647']
['248', '448', '215']
['449', '649', '113']
['250', '450', '650']
['51', '251', '451', '651', '456']
['652']
['253', '453', '653']
['54', '254', '454', '654', '479']
['255', '455', '655']
['656', '311']
['257', '457', '657']
['258', '458', '658', '306']
['59', '459', '128']
['60', '260', '460', '660', '40']
['261', '661']
['262', '462', '662']
['63', '263', '463', '663']
['64', '264', '464', '664', '10', '111', '123', '194', '236', '284', '374', '401', '749', '792']
['265', '465', '31', '354', '402', '485', '684']
['66', '266', '466', '666', '125', '126', '159', '178', '198', '279', '283', '605']
['67', '467', '667', '18', '259']
['268', '468', '668', '676']
['269', '469', '669', '299']
['670']
['271', '471', '671']
['72', '272', '672']
['273', '473', '673', '61', '115']
['274', '474', '674']
['275', '675', '92']
['276', '476']
['77', '277', '477', '677', '370']
['278', '478', '678']
['79', '679']
['280', '480', '48']
['481', '681', '442', '758']
['482', '682']
['83', '483', '683']
['84', '484']
['85', '285', '685']
['86', '286', '486', '686']
['87', '287', '487', '687', '62', '69', '99']
['488', '688', '35']
['289', '689']
['290', '490', '690', '407']
['491', '691']
['292', '692']
['93', '293', '493', '693', '65']
['94', '294', '494', '694', '243']
['95', '295', '495', '695', '270']
['96', '296', '496', '696', '57', '71', '142', '233', '267', '282', '452', '502', '577', '612', '782']
['97', '297', '497', '697', '32', '50', '416', '513', '715']
['298', '498', '698', '23', '90', '133', '138', '149']
['499', '699', '55']
['100', '300', '500', '700', '38', '105', '438', '704']
['301', '501', '701', '185']
['302', '702', '9']
['703']
['304', '22', '470']
['305', '505', '705']
['106', '506', '49', '206']
['307', '507', '707', '15', '533']
['108', '308', '508', '708']
['309', '509', '709']
['310', '710']
['511', '711']
['112', '312', '512', '712', '101']
['713', '81']
['314', '514', '714', '249']
['515']
['516', '716']
['117', '317', '517', '717']
['118', '318', '518', '718']
['119', '319', '719']
['120', '320', '520', '766']
['121', '321', '521', '721', '114']
['122', '322']
['323', '523', '723']
['324', '524', '724']
['325', '525', '725']
['326', '526', '726']
['327', '527', '727', '564']
['328', '528', '728', '8', '89', '124', '169', '182', '256', '461']
['129', '329', '529', '729', '187', '417', '680', '720']
['130', '330', '530', '730', '13', '20', '56', '73', '109', '510']
['131', '331', '531', '731', '11', '39', '107', '232']
['332', '532', '732']
['333', '733']
['134', '334', '534', '734', '91', '110']
['135', '335', '735', '5', '316']
['136', '336', '536', '736', '447']
['137', '337', '537']
['338', '538', '738', '545', '599']
['139', '339', '539', '739', '659']
['140', '340', '540', '740']
['141', '341', '541', '741', '209']
['342', '542', '742', '74']
['143', '343', '543', '743']
['344', '544', '744']
['145', '745', '103']
['146', '346', '546', '746', '98']
['147', '347', '547', '747']
['148', '348', '548', '748', '363', '397']
['349', '549']
['350', '550']
['151', '351', '551', '751']
['152', '352', '552', '752']
['153', '353', '553', '753', '46', '435', '750']
['154', '554', '754', '636']
['355', '755']
['156', '556', '756']
['157', '357', '557', '757']
['158', '358', '558']
['359', '559', '759']
['160', '360', '560', '760', '26', '52', '70', '78', '179', '288', '433', '519', '737']
['161', '361', '561', '761', '16', '25', '58', '88', '150', '648']
['162', '362', '562', '762', '68', '252']
['163', '563', '763', '104', '503']
['364', '764', '24', '116']
['365', '565', '646', '722']
['166', '366']
['367', '567', '767']
['168', '368', '568', '768']
['369', '569', '769']
['770']
['371', '571', '771']
['372', '572', '772']
['173', '373', '573']
['574', '774']
['375', '775']
['176', '376', '576', '776', '315']
['177', '377', '777']
['378', '578', '778', '174']
['579', '779']
['180', '580', '780']
['181', '581', '781']
['382', '582']
['183', '383', '583']
['184', '584', '784']
['385', '585', '785']
['186', '386', '586', '786']
['387', '587', '787']
['188', '388', '588', '788', '75']
['389', '589', '789']
['190', '390', '590', '790']
['191', '391', '591', '791', '313']
['192', '392', '592', '7', '127', '155', '164', '566', '602', '606']
['393', '593', '793', '76', '175', '475', '555', '570']
['394', '594', '794', '34', '36', '80', '189', '291', '384']
['195', '395', '595', '795', '12', '53']
['396', '596', '796', '170']
['197', '797']
['398', '598', '798', '356']
['199', '399', '799']
