['node32', 'node94', 'node125', 'node156', 'node187', 'node218', 'node249', 'node311', 'node342', 'node404', 'node435', 'node466', 'node497', 'node528', 'node590', 'node621', 'node652', 'node683', 'node714', 'node745', 'node776', 'node807', 'node838', 'node56', 'node85', 'node103', 'node350', 'node449', 'node646']
['node33', 'node64', 'node95', 'node126', 'node157', 'node188', 'node219', 'node250', 'node281', 'node312', 'node343', 'node374', 'node405', 'node436', 'node467', 'node498', 'node529', 'node560', 'node591', 'node622', 'node653', 'node684', 'node715', 'node746', 'node777', 'node808', 'node839', 'node70', 'node140']
['node34', 'node65', 'node96', 'node127', 'node158', 'node189', 'node220', 'node251', 'node282', 'node313', 'node344', 'node375', 'node406', 'node437', 'node468', 'node499', 'node530', 'node592', 'node623', 'node685', 'node716', 'node747', 'node778', 'node2', 'node84', 'node841']
['node4', 'node35', 'node66', 'node97', 'node128', 'node159', 'node221', 'node314', 'node345', 'node376', 'node407', 'node438', 'node469', 'node500', 'node531', 'node562', 'node624', 'node655', 'node717', 'node748', 'node779', 'node810', 'node141', 'node198', 'node366', 'node373', 'node784', 'node840']
['node36', 'node67', 'node98', 'node129', 'node160', 'node191', 'node222', 'node284', 'node315', 'node346', 'node377', 'node408', 'node439', 'node470', 'node501', 'node532', 'node594', 'node625', 'node656', 'node687', 'node718', 'node749', 'node780', 'node811', 'node842', 'node28', 'node31', 'node283', 'node645']
['node6', 'node37', 'node68', 'node99', 'node130', 'node161', 'node192', 'node223', 'node285', 'node316', 'node347', 'node378', 'node409', 'node440', 'node471', 'node502', 'node564', 'node595', 'node626', 'node657', 'node688', 'node719', 'node750', 'node781', 'node843', 'node143', 'node392']
['node7', 'node38', 'node69', 'node100', 'node131', 'node162', 'node193', 'node255', 'node286', 'node317', 'node348', 'node410', 'node472', 'node503', 'node565', 'node596', 'node627', 'node658', 'node689', 'node720', 'node751', 'node782', 'node813', 'node844', 'node1', 'node364', 'node394', 'node710', 'node721']
['node8', 'node39', 'node101', 'node132', 'node163', 'node194', 'node225', 'node256', 'node287', 'node349', 'node380', 'node411', 'node442', 'node473', 'node535', 'node566', 'node597', 'node628', 'node659', 'node690', 'node783', 'node814', 'node845', 'node113', 'node118', 'node421', 'node701', 'node812', 'node826']
['node9', 'node40', 'node71', 'node102', 'node133', 'node164', 'node195', 'node226', 'node257', 'node288', 'node319', 'node381', 'node412', 'node443', 'node474', 'node536', 'node567', 'node598', 'node629', 'node660', 'node722', 'node753', 'node846', 'node252', 'node504', 'node561']
['node10', 'node41', 'node72', 'node134', 'node165', 'node196', 'node227', 'node258', 'node289', 'node320', 'node351', 'node382', 'node413', 'node444', 'node475', 'node506', 'node537', 'node599', 'node630', 'node661', 'node692', 'node723', 'node754', 'node816', 'node847', 'node154', 'node290', 'node589']
['node11', 'node42', 'node73', 'node104', 'node135', 'node166', 'node197', 'node259', 'node321', 'node352', 'node383', 'node414', 'node445', 'node507', 'node538', 'node569', 'node600', 'node631', 'node662', 'node693', 'node724', 'node755', 'node817', 'node848', 'node112', 'node280', 'node308', 'node673']
['node12', 'node43', 'node74', 'node105', 'node136', 'node167', 'node260', 'node291', 'node322', 'node353', 'node384', 'node415', 'node446', 'node539', 'node570', 'node601', 'node632', 'node663', 'node694', 'node725', 'node756', 'node787', 'node818', 'node849', 'node253', 'node336', 'node397', 'node534', 'node559']
['node13', 'node44', 'node75', 'node106', 'node137', 'node230', 'node261', 'node292', 'node323', 'node354', 'node385', 'node416', 'node447', 'node478', 'node509', 'node540', 'node571', 'node602', 'node633', 'node664', 'node695', 'node726', 'node788', 'node819', 'node850', 'node29', 'node616', 'node620', 'node815']
['node14', 'node45', 'node76', 'node107', 'node138', 'node200', 'node231', 'node262', 'node293', 'node324', 'node355', 'node386', 'node417', 'node448', 'node479', 'node510', 'node541', 'node572', 'node603', 'node634', 'node665', 'node696', 'node727', 'node789', 'node820', 'node420', 'node422', 'node462']
['node15', 'node46', 'node77', 'node108', 'node139', 'node232', 'node263', 'node294', 'node325', 'node356', 'node387', 'node418', 'node480', 'node511', 'node542', 'node573', 'node604', 'node635', 'node666', 'node697', 'node728', 'node759', 'node790', 'node821', 'node3', 'node86', 'node199', 'node477', 'node512']
['node16', 'node47', 'node78', 'node109', 'node171', 'node202', 'node233', 'node264', 'node295', 'node326', 'node357', 'node388', 'node419', 'node543', 'node574', 'node605', 'node636', 'node667', 'node698', 'node760', 'node791', 'node822', 'node170', 'node176', 'node190', 'node593']
['node17', 'node48', 'node79', 'node110', 'node172', 'node234', 'node265', 'node296', 'node327', 'node358', 'node389', 'node451', 'node482', 'node513', 'node544', 'node575', 'node606', 'node637', 'node668', 'node699', 'node730', 'node761', 'node792', 'node823', 'node30', 'node278', 'node763']
['node18', 'node49', 'node80', 'node111', 'node142', 'node173', 'node204', 'node235', 'node266', 'node297', 'node328', 'node359', 'node390', 'node452', 'node483', 'node514', 'node545', 'node576', 'node607', 'node638', 'node669', 'node700', 'node731', 'node762', 'node793', 'node824', 'node310', 'node318']
['node19', 'node50', 'node81', 'node174', 'node205', 'node236', 'node267', 'node298', 'node329', 'node360', 'node391', 'node453', 'node484', 'node515', 'node546', 'node577', 'node608', 'node639', 'node670', 'node732', 'node794', 'node825', 'node340', 'node450']
['node20', 'node51', 'node82', 'node144', 'node175', 'node206', 'node237', 'node268', 'node299', 'node330', 'node361', 'node423', 'node454', 'node485', 'node516', 'node547', 'node578', 'node609', 'node640', 'node671', 'node702', 'node733', 'node764', 'node795', 'node57', 'node58', 'node169', 'node563']
['node21', 'node52', 'node83', 'node114', 'node145', 'node207', 'node238', 'node269', 'node300', 'node331', 'node362', 'node393', 'node424', 'node455', 'node486', 'node517', 'node548', 'node579', 'node610', 'node641', 'node672', 'node703', 'node734', 'node765', 'node796', 'node827', 'node24', 'node228', 'node229']
['node22', 'node53', 'node146', 'node177', 'node208', 'node239', 'node270', 'node301', 'node332', 'node363', 'node425', 'node456', 'node487', 'node518', 'node549', 'node580', 'node611', 'node642', 'node704', 'node766', 'node797', 'node828', 'node757', 'node758', 'node809']
['node23', 'node54', 'node116', 'node147', 'node178', 'node209', 'node240', 'node271', 'node302', 'node333', 'node395', 'node426', 'node457', 'node488', 'node519', 'node550', 'node581', 'node612', 'node643', 'node674', 'node705', 'node767', 'node798', 'node829', 'node568', 'node686', 'node729']
['node55', 'node117', 'node148', 'node179', 'node210', 'node241', 'node272', 'node303', 'node334', 'node365', 'node396', 'node427', 'node458', 'node489', 'node520', 'node551', 'node582', 'node613', 'node644', 'node675', 'node706', 'node737', 'node768', 'node799', 'node830', 'node254', 'node505', 'node508', 'node523']
['node25', 'node87', 'node149', 'node180', 'node211', 'node242', 'node273', 'node304', 'node335', 'node428', 'node459', 'node490', 'node521', 'node552', 'node583', 'node614', 'node707', 'node738', 'node769', 'node800', 'node831', 'node441', 'node476', 'node481', 'node491']
['node26', 'node88', 'node119', 'node150', 'node181', 'node212', 'node243', 'node274', 'node305', 'node367', 'node398', 'node429', 'node460', 'node522', 'node553', 'node584', 'node615', 'node677', 'node708', 'node739', 'node770', 'node801', 'node832', 'node5', 'node168', 'node379', 'node533', 'node588', 'node786']
['node27', 'node89', 'node120', 'node151', 'node182', 'node213', 'node244', 'node275', 'node306', 'node337', 'node368', 'node399', 'node430', 'node461', 'node492', 'node554', 'node585', 'node647', 'node678', 'node709', 'node740', 'node771', 'node802', 'node833', 'node201', 'node203']
['node59', 'node90', 'node121', 'node152', 'node183', 'node214', 'node245', 'node276', 'node307', 'node369', 'node400', 'node431', 'node493', 'node524', 'node555', 'node586', 'node617', 'node648', 'node679', 'node741', 'node772', 'node803', 'node834', 'node115', 'node654', 'node676', 'node691']
['node60', 'node91', 'node122', 'node153', 'node184', 'node215', 'node246', 'node277', 'node339', 'node370', 'node401', 'node432', 'node463', 'node494', 'node525', 'node556', 'node587', 'node618', 'node649', 'node680', 'node711', 'node742', 'node773', 'node804', 'node835', 'node735', 'node736', 'node752', 'node785']
['node61', 'node92', 'node123', 'node185', 'node216', 'node247', 'node371', 'node402', 'node433', 'node464', 'node495', 'node526', 'node557', 'node650', 'node681', 'node712', 'node743', 'node774', 'node805', 'node836', 'node224']
['node62', 'node93', 'node124', 'node155', 'node186', 'node217', 'node248', 'node279', 'node341', 'node372', 'node403', 'node434', 'node465', 'node496', 'node527', 'node558', 'node651', 'node682', 'node713', 'node744', 'node775', 'node806', 'node837', 'node63', 'node309', 'node338', 'node619']
