['2', '677', '169', '687', '584', '416', '219', '570', '426', '462', '90', '400', '675', '756', '820', '835', '89', '175', '610', '587', '390', '653', '927', '178', '247', '959', '912', '759', '631', '133', '229', '28']
['264', '905', '528', '941', '629', '299', '76', '482', '128', '917', '794', '205', '730', '694', '115', '434', '797', '821', '722', '792', '846', '232', '417', '800', '358', '949', '290', '712', '571']
['469', '934', '71', '749', '141', '731', '473', '659', '849', '86', '367', '700', '201', '942', '153', '710', '489', '627', '724', '292', '626', '96', '69', '65', '507', '457', '928']
['617', '23', '850', '412', '288', '129', '834', '666', '343', '564', '646', '936', '404', '883', '211', '536', '953', '217', '549', '599', '323', '592', '754', '533', '555', '376', '688', '676', '625', '931']
['191', '222', '915', '684', '271', '439', '535', '727', '784', '185', '220', '673', '879', '62', '816', '475', '929', '284', '302', '565', '118', '34', '206', '624', '780', '456', '435', '100', '589', '837', '250', '894', '21', '853']
['443', '387', '310', '764', '751', '819', '75', '336', '5', '243', '760', '919', '9', '57', '491', '0', '230', '446', '517', '886', '681', '636', '600', '315', '370', '633', '945', '803', '643', '174']
['22', '861', '691', '732', '504', '155', '137', '197', '548', '342', '845', '672', '335', '725', '914', '449', '190', '110', '32', '778', '111', '372', '874', '576', '545', '789', '246', '29', '228', '607', '67', '48', '541', '140']
['860', '542', '44', '114', '612', '398', '608', '179', '553', '88', '171', '53', '280', '150', '212', '73', '799', '525', '311', '552', '297', '877', '464', '257', '207', '887']
['428', '562', '253', '403', '851', '605', '596', '249', '70', '202', '396', '635', '143', '127', '717', '726', '474', '332', '944', '943', '136', '829', '334', '950', '793', '1', '429', '410', '93', '131', '757', '184', '647', '87', '351']
['660', '679', '496', '831', '614', '946', '285', '840', '188', '566', '226', '711', '320', '910', '568', '467', '574', '686', '444', '375', '847', '547', '454', '265', '172', '663', '54', '337', '577', '920', '569', '590', '215']
['897', '637', '632', '791', '369', '809', '374', '272', '173', '893', '524', '4', '116', '655', '293', '604', '414', '785', '558', '418', '951', '872', '221', '33', '750', '492', '783', '14', '620', '471', '622', '721']
['618', '486', '656', '497', '581', '645', '38', '281', '248', '669', '768', '94', '283', '572', '742', '170', '316', '550', '318', '613', '900', '109', '348', '411', '869', '842', '505', '353', '161', '6', '156', '852']
['19', '216', '413', '690', '408', '787', '298', '864', '291', '603', '812', '932', '56', '811', '329', '3', '485', '546', '383', '312', '843', '805', '526', '876', '36', '263', '723', '661', '409', '509', '66', '182', '166', '628', '448']
['16', '773', '393', '781', '209', '810', '752', '534', '538', '333', '556', '120', '870', '278', '664', '530', '862', '64', '715', '460', '814', '361', '695', '495', '806', '788']
['640', '321', '405', '254', '823', '709', '339', '753', '916', '224', '487', '745', '772', '208', '871', '91', '362', '294', '47', '366', '160', '827', '747', '763', '122', '522', '210', '314']
['697', '488', '858', '167', '674', '344', '145', '884', '395', '357', '223', '148', '262', '453', '616', '330', '345', '826', '227', '240', '46', '158', '911', '500', '707', '324', '765', '478', '415', '107', '755', '78', '373', '767']
['451', '527', '350', '746', '903', '828', '940', '236', '802', '817', '720', '25', '196', '313', '606', '704', '277', '476', '477', '702', '423', '511', '678', '561', '307', '512', '696', '422', '77', '841']
['718', '85', '104', '282', '382', '355', '354', '494', '365', '582', '55', '421', '523', '391', '42', '703', '807', '399', '10', '649', '902', '430', '386', '181', '50', '918', '132', '154', '615', '824', '214', '644', '49', '7', '854', '308', '105', '736', '123']
['241', '392', '388', '157', '113', '340', '117', '35', '952', '863', '641', '51', '498', '531', '200', '484', '479', '102', '904', '798', '255', '385', '939', '833', '501', '639', '225', '591', '245', '31', '287', '808', '588', '801', '513']
['937', '378', '63', '956', '41', '463', '79', '642', '938', '322', '397', '168', '583', '135', '621', '714', '259', '881', '885', '667', '394', '857', '795', '865', '218', '634', '657', '813', '502', '895']
['276', '81', '957', '301', '146', '762', '244', '665', '777', '59', '701', '728', '532', '266', '935', '926', '442', '921', '58', '611', '364', '506', '300', '37', '652', '776', '295', '839', '882', '790', '537', '483', '328', '149', '693']
['898', '98', '544', '775', '231', '539', '623', '177', '401', '267', '758', '24', '770', '580', '437', '13', '194', '554', '515', '510', '602', '836', '769', '286', '233', '26', '163', '273', '735', '431', '896', '705', '260']
['97', '875', '716', '848', '671', '880', '82', '317', '238', '685', '481', '45', '948', '470', '706', '433', '270', '658', '680', '708', '125', '689', '303', '873', '595', '425', '138', '237', '683', '662', '40']
['450', '389', '164', '101', '20', '15', '440', '199', '452', '585', '99', '609', '551', '327', '913', '830', '838', '124', '360', '455', '338', '379', '371', '183', '670', '818', '436', '630', '499', '368', '60', '519', '103', '901']
['84', '186', '384', '947', '786', '180', '890', '578', '213', '142', '274', '734', '761', '908', '252', '825', '193', '447', '139', '268', '899', '867', '402', '347', '516', '187', '520', '204', '493', '955', '514', '239', '593', '126', '17']
['147', '432', '822', '30', '579', '733', '18', '508', '349', '925', '521', '419', '651', '543', '888', '930', '480', '130', '601', '269', '144', '198', '52', '889', '459', '909', '380', '529', '933', '195', '844']
['648', '359', '279', '782', '503', '779', '424', '189', '95', '39', '341', '668', '573', '441', '490', '296', '729', '72', '352', '740', '774', '192', '472', '719', '406', '923', '859', '586', '682', '698', '954', '251', '906']
['922', '11', '597', '855', '856', '638', '771', '331', '958', '866', '575', '162', '325', '289', '121', '465', '319', '878', '407', '739', '61', '804', '363', '43', '557', '458', '106', '748', '261']
['892', '306', '356', '567', '83', '699', '74', '815', '713', '92', '420', '466', '744', '377', '108', '868', '346', '468', '796', '518', '738', '80', '563', '438', '119', '159', '326', '692', '540', '134', '619', '203', '741']
['305', '152', '743', '256', '304', '560', '559', '151', '924', '737', '594', '176', '891', '112', '766', '832', '8', '650', '907', '275', '234', '654', '427', '461', '381', '258', '12', '445', '27', '598', '242', '235', '165', '68', '309']
