['40', '120', '160', '200', '240', '280', '320', '360', '400', '440', '480', '507', '560', '600', '630', '680', '720', '753', '800', '840', '920', '960']
['41', '121', '161', '201', '241', '281', '321', '361', '401', '441', '481', '508', '561', '601', '631', '681', '721', '754', '801', '841', '877', '921', '961', '28', '31', '874']
['42', '82', '122', '162', '242', '282', '322', '362', '402', '442', '482', '509', '562', '602', '632', '682', '722', '755', '802', '842', '878', '922', '962', '159', '998']
['83', '123', '163', '203', '243', '283', '323', '363', '403', '443', '483', '510', '563', '603', '633', '683', '723', '756', '803', '843', '879', '923', '963']
['44', '84', '124', '164', '204', '244', '284', '324', '364', '404', '444', '484', '511', '564', '604', '634', '684', '724', '757', '804', '844', '880', '924', '964', '32', '43', '81']
['45', '85', '128', '165', '205', '245', '285', '325', '365', '405', '445', '485', '525', '565', '605', '635', '685', '725', '758', '805', '845', '881', '925', '965']
['46', '86', '129', '166', '206', '246', '286', '366', '406', '446', '486', '526', '566', '606', '636', '686', '726', '759', '806', '846', '882', '926', '966', '226']
['47', '87', '130', '167', '207', '247', '287', '327', '367', '407', '447', '487', '527', '567', '607', '687', '727', '760', '807', '847', '883', '927', '967', '5']
['48', '88', '131', '168', '208', '248', '288', '328', '368', '408', '448', '488', '528', '568', '608', '638', '688', '728', '761', '808', '848', '884', '928', '968']
['49', '89', '132', '169', '209', '249', '289', '329', '369', '409', '449', '489', '529', '569', '609', '639', '689', '729', '762', '809', '849', '885', '929', '969', '35', '477']
['10', '50', '90', '133', '170', '210', '256', '290', '330', '370', '410', '450', '490', '530', '570', '610', '650', '690', '730', '763', '810', '850', '886', '930', '970']
['11', '91', '134', '171', '211', '257', '291', '331', '371', '411', '451', '491', '531', '571', '611', '651', '691', '731', '764', '811', '851', '887', '931', '971', '57', '770']
['12', '52', '92', '135', '172', '212', '258', '292', '332', '372', '412', '452', '492', '532', '572', '612', '652', '692', '732', '765', '812', '852', '888', '932', '972', '51', '72']
['13', '53', '93', '136', '173', '213', '259', '293', '333', '373', '413', '453', '493', '533', '573', '613', '653', '693', '733', '766', '813', '853', '889', '933', '973', '25', '29', '65', '232', '896']
['14', '54', '94', '137', '174', '214', '260', '294', '334', '374', '414', '454', '494', '534', '574', '614', '654', '694', '734', '767', '814', '854', '890', '934', '974', '296', '643']
['15', '55', '95', '138', '175', '215', '295', '335', '384', '415', '455', '495', '535', '575', '615', '655', '695', '735', '775', '815', '855', '891', '935', '975']
['16', '56', '139', '176', '216', '262', '336', '385', '416', '456', '496', '536', '576', '616', '656', '696', '736', '776', '816', '856', '892', '936', '976', '1']
['17', '97', '177', '217', '263', '297', '337', '386', '417', '457', '497', '537', '577', '617', '657', '697', '737', '777', '817', '857', '893', '937', '977', '312']
['58', '98', '141', '178', '218', '264', '298', '338', '387', '418', '458', '498', '538', '578', '618', '658', '698', '738', '778', '818', '858', '894', '938', '978']
['19', '99', '142', '179', '219', '265', '299', '339', '388', '419', '459', '499', '539', '579', '619', '659', '699', '739', '779', '819', '859', '895', '939', '979', '0', '18', '393']
['20', '60', '100', '143', '180', '220', '266', '300', '340', '389', '420', '460', '512', '540', '580', '620', '660', '700', '740', '780', '820', '860', '900', '940', '980', '876']
['21', '61', '101', '144', '181', '221', '267', '301', '341', '390', '421', '461', '513', '541', '581', '621', '661', '701', '741', '781', '821', '861', '901', '941', '981', '7', '430']
['22', '62', '145', '182', '222', '268', '302', '342', '391', '422', '462', '514', '542', '582', '622', '662', '702', '742', '782', '822', '862', '902', '942', '982']
['23', '63', '103', '146', '183', '223', '269', '303', '343', '392', '423', '463', '515', '543', '583', '623', '663', '703', '743', '783', '823', '863', '903', '943', '983', '2', '4', '96', '119', '192', '798']
['24', '64', '104', '147', '184', '224', '270', '304', '344', '424', '464', '516', '544', '584', '624', '664', '704', '744', '784', '824', '864', '904', '944', '984', '202']
['105', '148', '185', '225', '271', '305', '345', '394', '425', '465', '517', '545', '585', '640', '665', '705', '745', '785', '825', '865', '905', '945', '985', '153']
['26', '66', '106', '149', '186', '272', '306', '346', '395', '426', '466', '518', '546', '586', '641', '666', '706', '746', '786', '826', '866', '906', '946', '986']
['27', '67', '107', '125', '187', '227', '273', '307', '347', '396', '427', '467', '519', '547', '587', '642', '667', '707', '747', '787', '827', '867', '907', '947', '987', '637']
['68', '108', '126', '228', '274', '308', '348', '397', '428', '468', '520', '548', '588', '668', '708', '748', '788', '828', '868', '908', '948', '988']
['69', '109', '127', '189', '229', '250', '309', '349', '398', '429', '469', '521', '549', '589', '644', '669', '709', '749', '789', '829', '869', '909', '949', '989', '188', '261']
['30', '70', '110', '150', '190', '230', '251', '310', '350', '399', '470', '522', '550', '590', '645', '670', '710', '768', '790', '830', '870', '910', '950', '990', '6', '59']
['71', '111', '151', '191', '231', '252', '311', '351', '375', '431', '471', '523', '551', '591', '646', '671', '711', '769', '791', '831', '871', '911', '951', '991', '3', '9']
['112', '152', '253', '352', '376', '432', '472', '524', '552', '592', '647', '672', '712', '792', '832', '872', '912', '952', '992', '102']
['33', '73', '113', '193', '233', '254', '313', '353', '377', '433', '473', '500', '553', '593', '648', '673', '713', '771', '793', '833', '873', '913', '953', '993']
['34', '74', '114', '154', '194', '234', '255', '314', '354', '378', '434', '474', '501', '554', '594', '649', '674', '714', '772', '794', '834', '914', '954', '994']
['75', '115', '155', '195', '235', '275', '315', '379', '435', '475', '502', '555', '595', '625', '675', '715', '773', '795', '835', '915', '955', '995']
['36', '76', '116', '156', '196', '236', '276', '316', '356', '380', '436', '476', '503', '556', '596', '626', '676', '716', '774', '796', '836', '897', '916', '956', '996', '140', '355']
['37', '77', '117', '157', '197', '237', '277', '317', '357', '381', '437', '504', '557', '597', '627', '677', '717', '750', '797', '837', '898', '917', '957', '997', '326']
['38', '78', '118', '158', '198', '238', '278', '318', '358', '382', '438', '478', '505', '558', '598', '628', '678', '718', '751', '838', '899', '918', '958', '80']
['39', '79', '199', '239', '279', '319', '359', '383', '439', '479', '506', '559', '599', '629', '679', '719', '752', '799', '839', '875', '919', '959', '999', '8']
