['0', '30', '60', '150', '180', '210', '240', '270', '300', '330', '420', '450', '480', '510', '570', '600', '660', '690', '720', '750', '810', '840', '870', '900', '930', '960', '10', '11', '12', '13', '14', '15', '241', '242', '443', '444', '658', '659']
['1', '31', '61', '91', '151', '181', '211', '271', '301', '331', '391', '421', '451', '481', '511', '541', '571', '601', '661', '721', '751', '781', '811', '841', '871', '901', '931', '961', '499', '500', '501', '502', '503', '504', '505', '506', '507', '842', '843']
['2', '32', '62', '152', '182', '212', '272', '332', '392', '422', '452', '482', '512', '542', '572', '602', '662', '692', '722', '752', '812', '902', '932', '962', '390', '691', '693', '694', '696', '697', '698', '699', '700', '701', '702', '703', '905']
['3', '33', '63', '153', '183', '213', '243', '273', '303', '333', '393', '423', '453', '483', '513', '573', '603', '633', '663', '723', '753', '813', '873', '903', '933', '963', '80', '302', '304', '305', '306', '307', '308', '309', '872', '874', '875', '876', '877']
['4', '34', '64', '154', '184', '214', '244', '274', '334', '364', '394', '424', '454', '484', '514', '544', '574', '604', '634', '664', '724', '754', '814', '844', '904', '934', '964', '358', '359', '360', '361', '362', '363', '365', '366', '369', '938', '940', '945']
['5', '35', '65', '125', '155', '185', '215', '245', '275', '335', '395', '425', '455', '485', '515', '545', '575', '605', '635', '665', '695', '725', '755', '815', '845', '935', '965', '120', '121', '122', '123', '124', '126', '128']
['6', '36', '66', '156', '186', '216', '246', '276', '336', '396', '426', '456', '486', '516', '576', '606', '636', '666', '726', '756', '786', '816', '846', '936', '966', '764', '772', '773', '774', '779', '780', '782', '783', '784', '785', '788', '789', '790']
['7', '37', '67', '97', '127', '157', '187', '217', '247', '277', '367', '397', '427', '457', '487', '517', '547', '577', '607', '637', '667', '757', '787', '817', '847', '907', '937', '967', '253', '546', '548', '549', '550', '551', '552', '553', '554', '906', '910', '911']
['8', '38', '68', '98', '158', '188', '218', '248', '278', '368', '398', '428', '458', '488', '518', '608', '638', '758', '818', '848', '878', '908', '968']
['9', '39', '69', '99', '129', '159', '189', '219', '249', '279', '339', '399', '429', '459', '489', '519', '609', '639', '669', '729', '759', '819', '849', '879', '909', '939', '969', '578']
['70', '100', '130', '190', '220', '250', '310', '340', '370', '400', '430', '460', '490', '520', '610', '640', '670', '730', '760', '820', '850', '880', '970', '463', '469', '470', '471', '472', '473', '474', '475', '476', '477', '479']
['41', '71', '101', '131', '191', '221', '251', '311', '341', '371', '401', '431', '461', '491', '521', '581', '611', '641', '671', '731', '761', '791', '821', '851', '881', '941', '971', '40', '42', '43', '44', '45', '46', '47', '48', '337', '338', '727', '728']
['72', '102', '132', '162', '192', '222', '252', '282', '312', '342', '372', '402', '432', '462', '492', '522', '582', '612', '642', '672', '732', '762', '792', '822', '852', '882', '912', '942', '972', '160', '161', '163', '164', '165', '166', '167', '168', '169']
['73', '103', '133', '193', '223', '283', '313', '343', '373', '403', '433', '493', '523', '583', '613', '643', '673', '733', '763', '793', '823', '853', '883', '913', '943', '973', '668', '741', '748']
['74', '104', '134', '194', '224', '254', '284', '314', '344', '374', '404', '434', '464', '494', '524', '584', '614', '644', '674', '704', '734', '794', '824', '854', '884', '914', '944', '974', '280', '281', '285', '286', '287', '288', '289', '290', '292', '293']
['75', '105', '135', '195', '225', '255', '315', '345', '375', '405', '435', '465', '495', '525', '555', '585', '615', '645', '675', '705', '735', '765', '795', '825', '855', '885', '915', '975']
['16', '76', '106', '136', '196', '226', '256', '316', '346', '376', '406', '436', '466', '496', '556', '586', '616', '646', '676', '706', '736', '766', '796', '826', '856', '886', '916', '946', '579', '580', '588', '589', '590', '591', '592', '593', '594', '595', '596']
['17', '77', '107', '137', '197', '227', '257', '317', '347', '377', '407', '437', '467', '497', '557', '587', '617', '647', '677', '707', '737', '767', '797', '827', '857', '887', '917', '947', '977']
['18', '78', '108', '138', '198', '228', '258', '318', '348', '378', '438', '468', '498', '558', '648', '678', '708', '738', '768', '798', '828', '858', '888', '918', '948']
['19', '49', '79', '109', '139', '199', '229', '259', '319', '349', '379', '439', '559', '619', '649', '679', '709', '739', '769', '799', '829', '859', '889', '919', '949', '408', '618', '620', '621', '622', '624', '625', '626', '627', '628', '629', '630', '631', '632']
['20', '50', '110', '140', '170', '230', '260', '320', '350', '380', '440', '530', '560', '650', '680', '710', '740', '770', '800', '830', '860', '890', '920', '950', '980', '526', '527', '528', '529', '533', '534', '535', '536', '537', '538', '539', '540', '543']
['21', '51', '111', '141', '171', '201', '231', '261', '291', '321', '351', '381', '411', '441', '531', '561', '651', '681', '711', '771', '831', '861', '891', '921', '951', '981', '200', '202', '203', '204', '206', '207', '208', '209']
['22', '52', '82', '112', '142', '172', '232', '262', '322', '352', '382', '412', '442', '532', '562', '652', '682', '712', '742', '832', '862', '892', '922', '952', '982', '409', '410', '413', '414', '415', '416', '417', '418', '419']
['23', '53', '83', '113', '143', '173', '233', '263', '323', '353', '383', '563', '623', '653', '683', '713', '743', '833', '863', '893', '923', '953']
['24', '54', '84', '114', '144', '174', '234', '264', '294', '324', '354', '384', '564', '654', '684', '714', '744', '834', '864', '894', '924', '954', '984']
['25', '55', '85', '115', '145', '175', '205', '235', '265', '295', '325', '355', '385', '445', '565', '655', '685', '715', '745', '775', '835', '865', '895', '925', '955', '985', '976', '978', '979', '983', '987', '988', '989', '990', '991', '992', '993', '994', '995']
['26', '56', '86', '116', '146', '176', '236', '266', '296', '326', '356', '386', '446', '566', '656', '686', '716', '746', '776', '806', '836', '866', '896', '926', '956', '986', '81', '90', '92', '93', '94', '95', '96', '801', '802', '803', '804', '805', '807', '808']
['27', '57', '87', '117', '147', '177', '237', '267', '297', '327', '357', '387', '447', '567', '597', '657', '687', '717', '747', '777', '837', '867', '897', '927', '957', '389', '869']
['28', '58', '88', '118', '148', '178', '238', '268', '298', '328', '388', '448', '478', '508', '568', '598', '688', '718', '778', '838', '868', '898', '928', '958']
['29', '59', '89', '119', '149', '179', '239', '269', '299', '329', '449', '509', '569', '599', '689', '719', '749', '809', '839', '899', '929', '959']
