['Madison', 'Savanna', 'Marvis', 'Florencio', 'Ambrose', 'David', 'Linnie', 'Karissa', 'Josie', 'Barb', 'Earleen', 'Tarah', 'Kristopher', 'Hortense', 'Shavon', 'Jerica', 'Brenton', 'Charley', 'Delmy', 'Tyesha']
['Nicole', 'Lilly', 'Rolando', 'Rosalee', 'Janetta', 'Sana', 'Lyle', 'Sherman', 'Aleisha', 'Tawanna', 'Faye', 'Darleen', 'Sang', 'Carson', 'Eve', 'Darrel', 'Chrissy', 'Regine', 'Pam', 'Arlene']
['Yevette', 'Carmon', 'Lue', 'Raul', 'Vivien', 'Lucia', 'Danial', 'Kara', 'Carmelita', 'Keshia', 'Jackelyn', 'Prince', 'Georgiana', 'Lisette', 'Kristi', 'Elvie', 'Esther', 'Herman']
['Byron', 'Son', 'Valorie', 'Theo', 'Nickolas', 'Mohamed', 'Clement', 'Marcellus', 'Gilma', 'Martha', 'Kate', 'Emelia', 'Darwin', 'Joanne', 'Clarinda', 'Gus', 'Vanessa', 'Loan', 'Michiko']
['Sharlene', 'Xuan', 'Laticia', 'Joan', 'Rosalba', 'Mariah', 'Angella', 'Ila', 'Antionette', 'Alesha', 'Elinor', 'Danna', 'Jannie', 'Karmen', 'Cortney', 'Soledad', 'Hal', 'Janis', 'Tamica']
['Hilario', 'Inga', 'Alton', 'Elicia', 'Grant', 'Isabel', 'Catherine', 'Sabrina', 'Tricia', 'Dottie', 'Hilma', 'Alden', 'Gaynell', 'Vanita', 'Ettie', 'Dong', 'Celia', 'Pamila']
['Kurtis', 'Winford', 'Robert', 'Travis', 'Tameika', 'Loria', 'Hyun', 'Vita', 'Brain', 'Miriam', 'Vania', 'Charla', 'Vernita', 'Bernadine', 'Xochitl', 'Era', 'Clarissa', 'Lucas', 'Kisha', 'Lela']
['Chan', 'Xavier', 'Doyle', 'Alicia', 'Ella', 'Lashay', 'Jama', 'Shaun', 'Jaqueline', 'Lanora', 'Marilee', 'Sophia', 'Leah', 'Yang', 'Yu', 'Jon', 'Sheron', 'Clifton', 'Rudolf']
['Zoraida', 'Caitlyn', 'Dewayne', 'Wes', 'Fanny', 'Clarice', 'Marcos', 'Teddy', 'Leota', 'Sheena', 'Clarita', 'Kamilah', 'Oleta', 'Idell', 'Jene', 'Jarod', 'Kristen', 'Opal', 'An', 'Kay']
['Marvin', 'Beverley', 'Lasonya', 'Bertha', 'Tanisha', 'Meg', 'Elijah', 'Leandra', 'Alyson', 'Elnora', 'Lynette', 'Tim', 'Rima', 'Jami', 'Neida', 'Dione', 'Bailey', 'Helena', 'Wilburn']
['Alvera', 'Camelia', 'Randall', 'Holley', 'Mack', 'Felecia', 'Emanuel', 'Caryl', 'Justine', 'Dorene', 'Ron', 'Charisse', 'Sheldon', 'Chester', 'Anabel', 'Genesis', 'Cherryl', 'Wendie']
['Ok', 'Jan', 'Reita', 'Raleigh', 'German', 'Harvey', 'Rita', 'Lisbeth', 'Juliette', 'Sanda', 'Ellis', 'Yer', 'Rick', 'Roma', 'Deloras', 'Piedad', 'Shonda', 'Cristi', 'Chase']
['Honey', 'Eufemia', 'Susan', 'Miguel', 'August', 'Louetta', 'Monet', 'Hester', 'Dionne', 'Erna']
['Annabel', 'Heide', 'Destiny', 'Jefferey', 'Hassan', 'Enola', 'Terry', 'Nohemi', 'Edda', 'Karl', 'Maria', 'Carmella', 'Fairy', 'Maybelle', 'Alphonso', 'Gisela', 'Phylis', 'Carolynn']
['Tracie', 'Nieves', 'Cleotilde', 'Easter', 'Bea', 'Krystle', 'Angelina', 'Vicente', 'Jacinto', 'Aline', 'Kermit']
['Jeremy', 'Toya', 'Margart', 'Marcella', 'Marcie', 'Frederic', 'Dorthea', 'Jeanetta', 'Neal', 'Lon', 'Risa', 'Phillip', 'Micha', 'Rasheeda', 'Jodi', 'Tressa', 'Elena', 'Jennie', 'Adolph']
['Hillary', 'Alvin', 'Russell', 'Vada', 'Joeann', 'Dixie', 'Harris', 'Deja', 'Buddy', 'Mckenzie', 'Heriberto', 'Elvin', 'Leilani', 'Lauren', 'Tory', 'Dean', 'Isaura', 'Linda', 'Jimmie']
['Angeline', 'Ema', 'Antoinette', 'Debora', 'Kareem', 'Murray', 'Leonida', 'Salome', 'Lala', 'Eneida', 'Hye', 'Delois', 'Verla', 'Patrick', 'Odell', 'Miranda', 'Kirstin', 'Judie', 'Courtney']
['Oscar', 'Marilynn', 'Florinda', 'Herlinda', 'Andreas', 'Tomi', 'Nelly', 'Vance', 'Dominque', 'Chelsie', 'Vonda', 'Leona', 'Audie', 'Leonard', 'Iliana', 'Suzi', 'Nelda']
['Deana', 'Loura', 'Shelton', 'Logan', 'Tai', 'Mallie', 'Alita', 'Ranee', 'Clementine', 'Vesta', 'Latia', 'Trena', 'Orval', 'Selma', 'Zada', 'Dennis', 'Neva', 'Patricia', 'Shellie']
['Aaron', 'Treena', 'Verona', 'Stanley', 'Renea', 'Stanford', 'Candance', 'Jamila', 'Temika', 'Val', 'Bill', 'Adelaide', 'Ressie', 'Dinah', 'Jenae', 'Marlo', 'Jeanette', 'Charlene', 'Tobi']
['Marci', 'Helene', 'Dewitt', 'Clara', 'Vernon', 'Kirstie', 'Joya', 'Dorathy', 'Antoine', 'Karen', 'Willa', 'Georgina', 'Clarence', 'Lamonica', 'Michaela', 'Beatrice', 'Sandra', 'Thuy', 'Harland', 'Theresa']
['Roxane', 'Jeffrey', 'Porter', 'Marion', 'Lyndon', 'Milissa', 'Tony', 'Thalia', 'Hilda', 'Bridgett', 'Latanya', 'Sung', 'Enriqueta', 'Laurence', 'Tamela', 'Jeniffer', 'Elyse', 'Anya', 'Jaimie', 'Damion']
['Darnell', 'Sharell', 'Kylie', 'Chang', 'Taneka', 'Natividad', 'Sonya', 'Loma', 'Madie', 'Imelda', 'Deena', 'Perry', 'Florencia', 'Charleen', 'Azalee', 'Dorcas', 'Lois', 'Dortha', 'Jaclyn']
['Claretha', 'Joelle', 'Hayden', 'Freddie', 'Antonette', 'Susannah', 'Samara', 'Danilo', 'Randi', 'Sharmaine', 'Gilberto', 'Branden', 'Madlyn', 'Lavette', 'Liane', 'Mazie', 'Alane', 'Leila', 'Lyn', 'Percy']
['Mariette', 'Oneida', 'Laraine', 'Riley', 'Mariano', 'Jennefer', 'Sunday', 'Wilmer', 'Van', 'Guillermina', 'Donna', 'Kymberly', 'Elfrieda', 'Dagmar', 'Hershel', 'Song', 'Tawny', 'Susanna', 'Eartha', 'Diamond']
['Amada', 'Glenda', 'Gerard', 'Sharla', 'Tamala', 'Carline', 'Lillia', 'Majorie', 'Elaine', 'Tena', 'Maris', 'Edythe', 'Dayna', 'Noe', 'Irena', 'Juliet', 'Alec', 'Irene', 'Deshawn']
['Saul', 'Cassie', 'Randa', 'Lola', 'Alexandra', 'Houston', 'Hobert', 'Eduardo', 'Demetrice', 'Rhiannon', 'Dustin', 'Corinna', 'Kathi', 'Erlene', 'Retta', 'Griselda', 'Jesus', 'Edmundo', 'Janyce', 'Jerri']
['Adah', 'Merrill', 'Dion', 'Rheba', 'Jamaal', 'Elsa', 'Paul', 'Enoch', 'Delena', 'Elaina', 'Spencer', 'Lula', 'Lynn']
['Pinkie', 'Danita', 'Arcelia', 'Delmar', 'Kelly', 'Hui', 'Alla', 'Elodia', 'Mitzi', 'Genoveva', 'Otha', 'Marcelo', 'Hubert', 'Genevive', 'Anh', 'Piper', 'Olevia', 'Dusti', 'Guadalupe']
['Vernia', 'Naomi', 'Almeta', 'Janell', 'Cammie', 'Valeria', 'Roslyn', 'Ardis', 'Kristina', 'Providencia']
['Eugene', 'Irma', 'Jacque', 'Alfred', 'Rodger', 'Dexter', 'Virginia', 'Jacquelynn', 'Glory', 'Adrianna', 'Yuk', 'Evelin', 'Kimbra', 'Kris', 'Johnny', 'Fonda', 'Lucretia', 'Birdie']
['Sherwood', 'Flavia', 'June', 'Antonina', 'Magdalene', 'Tanesha', 'Exie', 'Harriet', 'Kurt', 'Gwen', 'Sharolyn', 'Ofelia', 'Clinton', 'Millicent', 'Tina', 'Rodrigo', 'Trey', 'Graham', 'Joline', 'Toby']
['Tiffani', 'Kitty', 'Glenna', 'Lizabeth', 'Vincenzo', 'Lisa', 'Omar', 'Deon', 'Julia', 'Maurine', 'Ara', 'Gil', 'Kylee', 'Amy', 'Ute', 'Horace', 'Zena', 'Rachael', 'Elisabeth']
['Kyung', 'Chas', 'Dora', 'Junior', 'Alpha', 'Theressa', 'Simon', 'Alonzo', 'Cassy', 'Gregoria', 'Cassi', 'Michele', 'Gerardo', 'Hiroko', 'Lana', 'Jae', 'Lane', 'Darius', 'Delta']
['Kendall', 'Ocie', 'Charmaine', 'Renetta', 'In', 'Deedee', 'Stewart', 'Maximo', 'Lennie', 'Alysha', 'Myrtice', 'Elisa', 'Colette', 'Rachel', 'Chun', 'Sharilyn', 'Clyde', 'Leopoldo', 'Edgar']
['Martin', 'Jina', 'Artie', 'Christiane', 'Heath', 'Earline', 'Clay', 'Jorge', 'Nicolas', 'Felicita', 'Gladys', 'Jessenia', 'Elvia', 'Alethia', 'Latoya', 'Dave', 'Rebbeca', 'Marvel', 'Genie']
['Alexa', 'Garland', 'Edmond', 'Esperanza', 'Daron', 'Jerrell', 'Cherise', 'Malka', 'Princess', 'Ryann', 'Kasey', 'Altagracia', 'Pa', 'Latricia', 'India']
['Naida', 'Imogene', 'Leontine', 'Deirdre', 'Lashandra', 'Shayna', 'Carmine', 'Gertie', 'Mariko', 'Christin', 'Earnest', 'Sybil', 'Jacelyn', 'Archie', 'Mirtha']
['Felix', 'Bonnie', 'Eustolia', 'Meagan', 'Pearlie', 'Tammi', 'Vena', 'Thea', 'Catalina', 'Ophelia', 'Norbert', 'Alberto', 'Alex', 'Wallace', 'Brandie', 'Tamar', 'Lelah', 'Luise', 'Estella', 'Tisha']
['Marquis', 'Jay', 'Elenora', 'Tyisha', 'Noreen', 'Rosalie', 'Alfredo', 'Elizebeth', 'Lila', 'Lavon', 'Karina', 'Elvira', 'Osvaldo', 'Loren', 'Bryan', 'Iris', 'Wilford', 'Tabitha', 'Daniel']
['Refugio', 'Garret', 'Tamisha', 'Eloisa', 'Sharan', 'Brendon', 'Akiko', 'Precious', 'Janiece', 'Angela', 'Camilla', 'Cassidy', 'Whitney', 'Louella', 'Emilia', 'Pasquale', 'Tasha', 'Leonor', 'Yanira', 'Janet']
['Emmanuel', 'Lezlie', 'Nathalie', 'Chance', 'Allena', 'Penelope', 'Jonell', 'Selena', 'Coleman', 'Beulah', 'Mauro', 'Daisy', 'Frederica', 'Annamarie', 'Joye', 'Telma', 'Myrtle', 'Ann', 'Lorri']
['Claudie', 'Jade', 'Stephani', 'Nadia', 'Oma', 'Agustin', 'Ezequiel', 'Kiara', 'Roxanne', 'Carlyn', 'Jill', 'Marquitta', 'Lorelei', 'Tarsha', 'Milagros', 'Verna', 'Nina', 'Dalia', 'April', 'Meridith']
['Carolee', 'Aretha', 'Oswaldo', 'Louise', 'Elliott', 'Micheal', 'Maryanne', 'Hanna', 'Zachariah', 'Onie', 'Olimpia', 'Daren', 'Isidro', 'Lonnie', 'Kim', 'Tennille', 'Damian', 'Ebony']
