['0', '500', '99', '333', '471']
['1', '501', '91', '102', '208', '251', '376', '973']
['2', '502', '33']
['3', '503', '239']
['4', '52']
['5', '505', '210']
['6']
['7', '507']
['8', '508', '522']
['9', '509', '103', '428']
['510']
['11', '511', '234', '829']
['512']
['513']
['514']
['515']
['516']
['517']
['518']
['519']
['520']
['521']
['22']
['523']
['524']
['525']
['526']
['527']
['528', '701']
['529']
['530', '755']
['531']
['532', '164', '345', '767']
['533', '499']
['534']
['535', '18', '411']
['536']
['537']
['538']
['39', '539']
['540']
['541', '343']
['42', '542', '864', '915']
['43', '543']
['544']
['545']
['546']
['547']
['548']
['549', '159']
['550']
['551', '134']
['552']
['553', '279']
['554']
['555']
['556', '203']
['557', '315']
['558', '348']
['559']
['560']
['561']
['562']
['563']
['564', '373']
['565', '400']
['566', '119']
['567']
['568']
['569']
['570']
['571']
['72', '572', '62', '435']
['73', '573', '59', '131', '198', '677']
['74', '574']
['575']
['576']
['577']
['78']
['79', '579']
['580']
['581', '746']
['582']
['583']
['584']
['585']
['86', '586']
['587']
['588', '170']
['89', '589']
['590']
['591', '67', '393']
['592']
['593']
['594']
['95', '595']
['596', '140', '858']
['597']
['598', '41', '252']
['599']
['600', '14', '160']
['601']
['602', '817']
['603']
['604', '97']
['605']
['606']
['607']
['108', '608', '163', '196']
['609']
['610', '491']
['611']
['612']
['113', '613', '31']
['614']
['115', '615', '172', '495']
['116', '616', '57', '276']
['617']
['118', '618', '83']
['619']
['120', '620', '32', '166', '793']
['621']
['122', '123']
['623']
['124', '624', '111', '841']
['125', '625']
['626']
['627']
['628', '332', '355']
['629']
['130', '630', '26']
['631', '685']
['132', '632']
['133', '633', '370', '781']
['634', '688']
['135']
['636', '148']
['637']
['638']
['639']
['640']
['641', '80']
['642']
['143', '643', '15']
['644']
['645', '244']
['146', '646']
['147']
['648']
['649']
['150', '650', '350']
['651']
['652', '36']
['153', '653', '127', '366', '925']
['654']
['655']
['656']
['657']
['658']
['659']
['660']
['661', '202']
['162', '662', '275', '496']
['663']
['664']
['665']
['666']
['167', '667']
['168']
['169', '55', '220']
['670']
['171', '671', '377']
['672']
['173', '673']
['674']
['175', '675']
['176', '676', '82', '360']
['177']
['178', '678']
['679']
['680', '347']
['681']
['182', '682']
['683']
['184', '684']
['185', '100', '222']
['686']
['187', '687', '51']
['188']
['189', '689']
['690']
['191', '691']
['192', '692', '16', '296']
['193', '98']
['694', '179']
['695']
['696', '107']
['697']
['698', '308']
['199', '699']
['200', '17', '936']
['201', '77', '469']
['702']
['703', '365']
['204']
['205', '705', '217', '869']
['206', '706']
['707']
['708', '300']
['709']
['710', '494', '889']
['711']
['212', '712']
['213', '713', '310', '905']
['714']
['715']
['216', '716', '195', '309']
['717']
['218', '718', '144', '211', '339']
['219']
['720']
['721']
['722']
['723']
['224', '724', '81', '112', '838', '931']
['725', '719']
['226', '726']
['727']
['228', '233']
['229', '729', '19']
['730']
['231', '731', '151', '934']
['232', '732', '197']
['733', '485']
['734', '63']
['235', '735']
['236', '181']
['237', '737', '156']
['238']
['739']
['240', '24']
['741']
['742', '21']
['243']
['744']
['245', '745']
['246']
['247', '747']
['748']
['749', '250']
['750']
['751']
['752', '128']
['253']
['754']
['255', '227']
['756']
['757']
['758']
['259']
['260', '760', '12', '356']
['261', '761']
['762']
['763', '190']
['264', '764', '142']
['265', '765', '56', '65', '344']
['266', '766', '254', '382', '952']
['267']
['268', '768', '40']
['769']
['270', '770']
['771']
['772', '693']
['273', '773', '75', '117']
['774']
['775']
['776']
['277', '777']
['778']
['779']
['780']
['281']
['282', '782', '53']
['783']
['284', '784']
['285', '785']
['286', '786', '10']
['287']
['288', '788', '50', '186', '242']
['289', '789', '37', '136', '852', '981']
['290', '790']
['291', '791', '209', '379']
['292', '792', '129', '322']
['293', '447']
['794', '506']
['795']
['796']
['297', '704']
['298', '798', '29', '320']
['299', '799', '269', '388']
['800']
['801', '418']
['302', '802', '106']
['303', '803']
['304', '804', '101', '223', '386', '891']
['305', '805', '137']
['806']
['807']
['808', '256']
['809']
['810', '48']
['811']
['812', '336']
['313', '813', '753']
['314', '814', '258']
['815', '88']
['816']
['317', '38']
['818']
['319']
['820', '141', '155', '668']
['821', '635']
['822', '295']
['323', '823', '406']
['324', '824', '104']
['325', '825', '46', '87']
['326']
['327', '827']
['828']
['329', '126', '316']
['830', '152', '154', '241']
['331', '831', '121', '472']
['832']
['833']
['334', '834']
['335']
['836', '149']
['337', '837', '25', '109', '390', '458', '759']
['338', '230']
['839']
['340', '840']
['341', '27']
['342', '842']
['843']
['844', '439']
['845']
['846', '321']
['847']
['848']
['349', '849']
['850', '578']
['851']
['352', '978']
['353', '853']
['354', '854', '60', '263', '301', '318', '403']
['855', '64', '76', '738']
['856', '437']
['357', '857', '249']
['358', '669']
['859']
['860', '736']
['361', '861', '484']
['862']
['863', '908']
['364']
['865', '23']
['866']
['367', '867']
['368', '868', '66', '90', '294']
['369']
['870', '139']
['371', '871']
['372', '872']
['873']
['374', '874']
['875']
['876']
['877']
['378', '878', '728']
['879']
['380']
['881']
['882']
['383', '883']
['384', '884', '85', '94', '423', '442']
['885']
['886']
['387', '887']
['888']
['389', '93']
['890', '953']
['391']
['392', '892', '385']
['893', '30', '248']
['394', '894', '44', '68', '306']
['395', '895', '421']
['396']
['397', '897']
['398', '898']
['399', '899']
['900']
['401', '901']
['902']
['903']
['904']
['405']
['906']
['407', '907']
['408', '92']
['409', '909', '35', '105']
['410', '910', '145']
['911']
['412', '912', '180', '307']
['413', '913']
['414', '914', '438', '835']
['415']
['416', '916', '13', '114', '215']
['417', '917', '96', '262', '271', '351', '647', '819']
['918']
['419', '919', '84']
['420', '920', '47', '787']
['921']
['422', '922', '34', '283']
['923']
['424', '924']
['425']
['426', '926', '430']
['427', '927']
['928', '464']
['429', '929', '740']
['930']
['431']
['432', '932', '272', '312']
['433', '933', '28', '69']
['434']
['935']
['436']
['937']
['938']
['939']
['940']
['441', '941']
['942']
['443', '943', '440']
['444', '944']
['445', '945', '363']
['446', '946']
['947']
['448', '948', '54', '138', '359']
['449', '949', '49']
['450', '950', '71', '797']
['451', '951', '700']
['452']
['453', '280']
['454', '954']
['455', '955']
['456', '956', '165']
['457', '957', '404']
['958', '330']
['459', '959', '158', '989']
['460', '960', '194', '257', '362']
['461', '961', '221']
['462', '962', '110']
['463', '963']
['964', '311']
['465', '965']
['466', '966', '328', '622']
['467', '967', '504']
['468', '968']
['969']
['470', '970', '61']
['971']
['972']
['473']
['474', '974']
['475', '975', '225']
['476', '976']
['977']
['478']
['479', '979', '214']
['480', '980', '45', '381', '477', '896']
['481', '274', '743']
['482', '982', '183', '278']
['483', '983']
['984']
['985', '70']
['486', '986']
['487', '987', '174', '207']
['488', '988', '402']
['489', '58', '157', '880']
['490', '990', '375', '826']
['991']
['492', '992', '161', '346']
['493', '993']
['994']
['995']
['996']
['497', '997', '20']
['498', '998']
['999']
