['0', '100', '200', '400', '600', '700', '800', '900', '80', '101', '137', '302', '307', '330', '388', '399', '419', '511', '534', '601', '675', '698', '755', '799', '955']
['1', '201', '301', '501', '701', '41', '65', '132', '133', '147', '148', '170', '375', '528', '609', '617', '618', '679', '690', '730', '759', '791', '960', '986']
['2', '102', '402', '602', '103', '551', '890']
['3', '203', '303', '703', '803', '903']
['4', '104', '204', '304', '404', '504', '604', '904', '18', '99', '117', '156', '187', '208', '222', '287', '291', '293', '296', '311', '328', '339', '373', '434', '479', '526', '540', '624', '625', '694', '733', '747', '827', '856', '891', '957', '970', '976', '984', '993']
['5', '105', '705', '805', '905', '33', '39', '193', '217', '337', '411', '485', '512', '521', '765', '783', '860', '963']
['6', '206', '306', '406', '506', '806', '162', '405', '482', '653']
['7', '107', '207', '907']
['308', '408', '608', '808']
['9', '109', '509', '709', '809', '909', '257', '335', '336', '453', '497', '499', '665', '883']
['210', '310', '410', '510', '610', '710', '35', '189', '213', '231', '267', '285', '353', '370', '423', '502', '503', '622', '672', '680', '686', '704', '749']
['11', '611', '811', '911', '427', '848']
['112', '212', '312', '412', '712', '812']
['13', '513', '613', '813']
['114', '214', '314', '414', '514', '914', '323', '382', '421', '548', '699', '913']
['615', '715', '815']
['16', '116', '216', '416', '516', '616', '716', '916', '115', '279', '446', '797']
['317', '817', '917']
['118', '318', '418', '518', '718']
['19', '219', '819', '919']
['120', '320', '420', '520', '620', '720', '920', '269', '364', '721', '750', '830', '852', '951', '989']
['221']
['22', '122', '322', '422', '522', '722', '822', '922']
['223', '623']
['24', '124', '324', '424', '524', '824', '924', '23', '71', '72', '165', '234', '260', '468', '692', '926']
['225', '325', '725', '925', '226', '264', '384', '463', '517', '933']
['26', '326', '426', '626', '826', '125', '351', '386', '599', '782', '816', '923']
['527', '727', '927', '126', '241', '271', '523', '538', '769', '801', '874', '915']
['28', '128', '228', '428', '628', '828']
['329', '729', '829']
['30', '230', '430', '630', '930', '31', '380', '444', '458', '717']
['131', '531', '731', '831']
['32', '232', '332', '432', '532', '632', '732', '832', '932', '12', '43', '47', '113', '205', '282', '355', '363', '415', '433', '460', '493', '515', '545', '569', '575', '593', '621', '629', '643', '663', '677', '706', '708', '814', '845', '846', '997']
['233', '533', '833', '84', '94', '106', '129', '215', '313', '409', '491', '525', '682', '688', '711', '752', '818', '834', '836', '868', '872', '953', '991']
['34', '134', '634', '734', '934', '135', '186', '238', '341', '413', '633']
['235', '535', '835']
['36', '136', '436', '636', '736', '936', '154', '305', '359', '542', '638', '670', '753', '789', '820', '878']
['237', '437', '537', '737', '837', '88', '177', '342', '349', '425', '435', '470', '536', '607', '696', '748', '802', '863', '897', '968']
['38', '138', '338', '938', '27', '229', '744']
['439', '539', '739', '839', '673', '707', '995']
['40', '240', '340', '640', '940']
['141', '441', '541', '741', '841', '140', '840']
['42', '242', '642', '942']
['443', '743', '843']
['44', '344', '544', '844', '944', '58', '59', '143', '175', '202', '343', '394', '401', '403', '529', '553', '561', '577', '580', '581', '650', '656', '723', '866']
['245', '445', '645', '745']
['46', '146', '246', '346', '546', '646', '946']
['447', '547', '847']
['48', '248', '448', '648', '948']
['149', '549', '649', '849', '949', '348', '668', '888', '910']
['50', '350', '450', '550', '51', '52', '108', '315', '378', '449', '702', '877', '906', '937']
['151', '651', '751', '851', '75', '249', '309', '331', '407', '478', '566', '582', '724', '726', '825']
['252', '352', '452', '552', '652', '952']
['53', '153', '853']
['254', '354', '554', '754', '954', '255', '262', '431', '438', '635', '823', '921']
['55', '155', '455', '655', '855', '54']
['256', '356', '556', '756', '956']
['57', '157', '457', '557', '657']
['358', '758', '858']
['159', '259', '459', '559', '959']
['60', '360', '660', '760']
['161', '261', '461', '861', '961']
['62', '362', '462', '562', '662', '962', '63', '144', '198', '218', '570', '619', '631', '746']
['163', '263', '563', '763', '77', '127', '466', '475']
['64', '164', '664', '764', '864', '964', '29', '121', '188', '197', '220', '239', '366', '417', '456', '476', '495', '596', '669', '713', '742', '785', '821', '838', '854', '945']
['265', '365', '465', '565', '139', '505', '772', '779', '804', '850', '885']
['66', '166', '666', '766', '966', '277', '507', '641', '761']
['167', '367', '467', '667', '767', '867', '967', '110', '168', '334', '361', '368', '429', '464', '474', '508', '735', '757', '773', '775', '780', '901', '974']
['68', '268', '568', '768', '61', '69', '647']
['169', '369', '469', '869', '969', '17', '25', '243', '605', '637', '777', '870']
['70', '270', '770']
['171', '371', '471', '571', '671', '771', '871', '971', '572', '972']
['272', '372']
['173', '473', '573', '873', '973', '172', '347']
['74', '174', '274', '374', '574', '674', '774', '73', '152', '300', '357', '558', '982']
['875', '975']
['76', '176', '276', '576', '676', '776', '876', '111', '209', '594', '606', '639', '714', '879']
['377', '477', '977']
['278', '578', '678', '778']
['79', '379', '579', '979', '78', '142', '935']
['180', '280', '880', '980']
['81', '281', '381', '481', '681', '781', '981', '8', '67', '150', '224', '319', '442', '480', '589', '614', '807', '928']
['882']
['83', '183', '383', '483', '583', '683', '983']
['284', '484', '584', '784', '884', '20', '21', '145', '179', '250', '251', '258', '295', '321', '454', '644', '762', '931']
['85', '185', '385', '585', '685', '985', '86', '158', '160', '327', '893', '943']
['286', '786', '886']
['387', '487', '587', '687', '887', '987']
['288', '488', '588', '788', '988', '87', '119', '178', '227', '247', '253', '316', '345', '376', '489', '857', '939', '965']
['89', '389', '689', '889']
['190', '290', '490', '590', '790', '990', '191', '275', '658', '738', '787', '918']
['91', '391', '691']
['192', '292', '492', '592', '792', '892', '992', '333', '543', '567', '654', '728', '859', '929', '950', '958', '999']
['93', '393', '693', '793', '14', '15', '56', '82', '244', '273', '283', '392', '486', '500', '530', '564', '740']
['194', '294', '494', '794', '894', '994', '95', '555', '659', '719']
['395', '595', '695', '795']
['96', '196', '396', '496', '796', '896', '996', '10', '97', '123', '181', '182', '195', '266', '390', '440', '591', '603', '612', '627', '810', '862', '881', '895']
['297', '397', '597', '697', '37', '45', '49', '92', '236', '451', '472', '519', '661', '684', '865', '941', '978']
['98', '298', '398', '498', '598', '798', '898', '998', '90', '130', '184', '289', '560', '586', '842', '902', '912', '947']
['199', '299', '899', '211', '908']
