['0', '106', '212', '265', '318', '371', '424', '477', '530', '583', '636', '689', '742', '795', '848', '901', '954', '10', '11', '12', '100', '200']
['1', '54', '107', '213', '266', '372', '478', '531', '584', '637', '690', '743', '796', '849', '902', '955', '40', '53', '55', '260', '360', '460']
['2', '108', '161', '214', '267', '373', '426', '479', '585', '638', '691', '744', '797', '850', '903', '956', '160', '162', '179', '420', '425', '580']
['3', '56', '109', '215', '268', '321', '374', '427', '533', '586', '692', '798', '851', '904', '957', '320', '322', '339', '520', '532', '680', '780']
['4', '57', '110', '163', '216', '269', '375', '428', '481', '534', '587', '693', '746', '799', '905', '958', '480', '482', '499', '740', '745', '900']
['5', '58', '111', '164', '217', '270', '323', '376', '429', '535', '588', '641', '694', '747', '853', '906', '640', '642', '659', '840', '852']
['6', '59', '112', '165', '218', '271', '324', '377', '430', '483', '536', '589', '695', '748', '801', '854', '907', '800', '802', '819']
['7', '113', '166', '219', '272', '325', '378', '431', '484', '537', '590', '643', '696', '749', '855', '908', '961', '960', '962', '979']
['8', '61', '114', '167', '273', '326', '379', '432', '485', '538', '591', '644', '697', '750', '803', '856', '909', '60', '62', '79']
['9', '115', '168', '221', '274', '327', '433', '486', '539', '592', '645', '698', '751', '804', '857', '910', '963', '220', '222', '239']
['63', '116', '169', '275', '328', '381', '434', '487', '593', '646', '699', '752', '805', '858', '911', '964', '380', '382', '399']
['64', '117', '170', '223', '276', '329', '435', '488', '541', '594', '647', '753', '806', '859', '912', '965', '540', '542', '559']
['65', '118', '171', '224', '277', '330', '383', '436', '489', '595', '648', '701', '754', '807', '913', '966', '700', '702', '719']
['13', '66', '119', '172', '225', '278', '331', '384', '437', '490', '543', '596', '649', '755', '808', '861', '914', '967', '14', '860', '862', '879']
['67', '173', '226', '279', '332', '385', '438', '491', '544', '597', '650', '703', '756', '809', '915', '968']
['15', '68', '121', '174', '227', '333', '386', '439', '492', '545', '598', '651', '704', '757', '810', '863', '916', '969']
['69', '122', '175', '228', '281', '334', '387', '493', '546', '599', '652', '705', '758', '811', '864', '917', '970']
['17', '70', '123', '176', '229', '282', '335', '388', '494', '547', '653', '706', '759', '812', '865', '918', '971', '16', '18']
['71', '124', '177', '230', '283', '336', '389', '442', '495', '548', '601', '654', '707', '813', '866', '919', '972', '600', '602', '619']
['19', '72', '125', '178', '231', '284', '337', '390', '443', '496', '549', '655', '708', '761', '814', '867', '973']
['73', '126', '232', '285', '338', '391', '444', '497', '550', '603', '656', '709', '762', '815', '868', '921', '974']
['21', '74', '127', '233', '286', '392', '445', '498', '551', '604', '657', '710', '763', '816', '869', '922', '975']
['22', '75', '128', '181', '234', '287', '393', '446', '552', '605', '658', '711', '764', '817', '870', '923', '976']
['23', '76', '129', '182', '235', '288', '341', '394', '447', '553', '606', '712', '765', '818', '871', '924', '977']
['24', '77', '130', '183', '236', '289', '342', '395', '448', '501', '554', '607', '713', '766', '872', '925', '978']
['25', '78', '131', '184', '237', '290', '343', '396', '449', '502', '555', '608', '661', '714', '767', '873', '926']
['26', '132', '185', '238', '291', '344', '397', '450', '503', '556', '609', '662', '715', '768', '821', '874', '927']
['27', '133', '186', '292', '345', '398', '451', '504', '557', '610', '663', '716', '769', '822', '875', '928', '981']
['28', '81', '134', '187', '293', '346', '452', '505', '558', '611', '664', '717', '770', '823', '876', '929', '982']
['29', '82', '135', '188', '241', '294', '347', '453', '506', '612', '665', '718', '771', '824', '877', '930', '983']
['30', '83', '136', '189', '242', '295', '348', '401', '454', '507', '613', '666', '772', '825', '878', '931', '984']
['84', '137', '190', '243', '296', '349', '402', '455', '508', '561', '614', '667', '773', '826', '932', '985']
['32', '138', '191', '244', '297', '350', '403', '456', '509', '562', '615', '668', '721', '774', '827', '933', '986', '20', '31', '33', '120', '920']
['86', '139', '192', '298', '404', '457', '510', '563', '616', '669', '722', '775', '828', '881', '934', '987', '80', '85', '87', '180', '280', '400']
['34', '193', '246', '299', '352', '405', '458', '511', '564', '617', '670', '723', '776', '829', '882', '935', '988', '240', '245', '247', '340', '351']
['35', '88', '141', '194', '353', '406', '459', '565', '618', '671', '724', '777', '830', '883', '936', '989', '140', '142', '159', '440', '441', '560']
['36', '89', '195', '248', '301', '354', '407', '513', '566', '672', '778', '884', '937', '990', '300', '302', '319', '500', '512', '660', '760', '880']
['37', '90', '143', '196', '249', '355', '408', '461', '514', '567', '673', '726', '779', '832', '885', '938', '720', '725', '727', '820', '831']
['38', '91', '144', '197', '250', '303', '356', '409', '462', '515', '568', '621', '674', '833', '886', '939', '992', '620', '622', '639', '980', '991']
['39', '92', '145', '198', '251', '304', '357', '410', '463', '516', '569', '675', '728', '781', '834', '887', '993']
['93', '146', '199', '252', '305', '358', '411', '464', '517', '570', '623', '676', '729', '782', '835', '888', '941', '994', '940', '942', '959']
['41', '94', '147', '253', '306', '359', '412', '465', '518', '571', '624', '677', '730', '783', '836', '889', '995']
['42', '95', '148', '201', '254', '307', '413', '466', '519', '572', '625', '678', '731', '784', '837', '890', '943', '996']
['43', '96', '149', '202', '255', '308', '361', '414', '467', '573', '626', '679', '732', '785', '838', '891', '944', '997']
['44', '97', '150', '203', '256', '309', '362', '415', '468', '521', '574', '627', '733', '786', '839', '892', '945', '998']
['45', '98', '151', '204', '257', '310', '363', '416', '469', '522', '575', '628', '681', '734', '787', '893', '946', '999']
['46', '99', '152', '205', '258', '311', '364', '417', '470', '523', '576', '629', '682', '735', '788', '841', '894', '947']
['47', '153', '206', '259', '312', '365', '418', '471', '524', '577', '630', '683', '736', '789', '842', '895', '948']
['48', '101', '154', '207', '313', '366', '419', '472', '525', '578', '631', '684', '737', '790', '843', '896', '949']
['49', '102', '155', '208', '261', '314', '367', '473', '526', '579', '632', '685', '738', '791', '844', '897', '950']
['50', '103', '156', '209', '262', '315', '368', '421', '474', '527', '633', '686', '739', '792', '845', '898', '951']
['51', '104', '157', '210', '263', '316', '369', '422', '475', '528', '581', '634', '687', '793', '846', '899', '952']
['52', '105', '158', '211', '264', '317', '370', '423', '476', '529', '582', '635', '688', '741', '794', '847', '953']
