['0', '200', '300', '400', '108']
['1', '301', '302', '303', '305']
['2', '102', '202', '402', '101', '401']
['3', '103', '203', '403', '87', '404']
['4', '204', '304']
['5', '105', '205', '405', '104']
['6', '106', '206', '406', '100', '409']
['7', '107', '207', '407', '201']
['8', '208', '308', '408', '209']
['9', '109', '309', '10', '306']
['210', '310', '410', '211', '213', '307']
['11', '111', '12']
['112', '212', '312', '311', '313']
['13', '113', '413', '110', '411', '412']
['214', '314', '215', '216']
['15', '115', '315', '415', '114']
['16', '116', '316', '416', '14', '414']
['17', '117', '217', '317', '417']
['18', '118', '218', '318', '418']
['19', '119', '319', '419']
['20', '220', '320', '420']
['121', '221', '321', '421', '396']
['22', '122', '222', '322', '422']
['23', '123', '223', '323', '423', '44']
['24', '124', '224', '324', '424', '219']
['25', '125', '225', '325', '425']
['326', '327', '330', '331', '332']
['27', '127', '227', '427', '126']
['28', '128', '228', '428', '29', '429']
['229', '329', '120']
['30', '130', '230', '430', '129']
['31', '131', '231', '431', '226']
['32', '132', '232', '432', '26', '426']
['133', '333', '433', '134', '434']
['34', '234', '334', '33', '233']
['135', '335', '435', '136', '138', '336']
['36', '236', '35', '235']
['137', '337', '437', '436', '438']
['38', '238', '338', '37', '237']
['239', '339', '240', '241', '328']
['40', '140', '340', '440', '39', '439']
['41', '141', '341', '441', '139']
['42', '242', '342', '442']
['143', '243', '443', '67']
['144', '244', '344', '444', '298']
['45', '145', '245', '345', '445', '498']
['146', '246', '346', '446']
['147', '247', '347', '447']
['48', '148', '248', '348', '448', '95']
['49', '149', '249', '349', '449', '199']
['50', '150', '250', '350', '450']
['251', '255', '256', '257']
['52', '152', '352', '452', '51', '351']
['53', '153', '353', '453', '21', '354']
['154', '254', '454']
['55', '155', '355', '455', '54', '451']
['56', '156', '356', '456', '151', '359']
['57', '157', '357', '457', '60', '460']
['158', '258', '358', '159']
['59', '259', '459', '58', '252', '458']
['160', '260', '360', '161', '163']
['61', '461', '62', '462']
['162', '262', '261', '263']
['63', '363', '463', '361', '362']
['264', '253', '265', '266']
['65', '165', '365', '465', '64', '364']
['66', '166', '366', '466', '164', '464']
['167', '267', '367', '467', '46', '343']
['68', '168', '268', '368', '468']
['69', '169', '269', '369', '469']
['170', '270', '370', '470']
['71', '171', '271', '371', '471']
['72', '172', '272', '372', '472', '47']
['73', '173', '273', '373', '473']
['74', '174', '274', '374', '474']
['175', '275', '375', '475']
['276', '277', '278', '280']
['77', '177', '377', '477', '76', '376']
['78', '178', '378', '478', '176', '389']
['179', '279', '479']
['80', '180', '380', '480', '79', '379']
['81', '181', '381', '481', '98', '384']
['82', '182', '382', '482', '85', '476']
['183', '283', '383', '184']
['84', '284', '484', '83', '281', '483']
['185', '285', '385', '186', '282']
['86', '486', '485', '487', '488']
['187', '287', '387', '286', '288']
['88', '188', '388', '70', '386']
['289', '489', '490', '491']
['90', '190', '290', '390', '89']
['91', '191', '291', '391', '189']
['92', '192', '292', '392', '492']
['93', '193', '293', '393', '493', '75']
['94', '194', '294', '394', '494', '142']
['195', '295', '395', '495']
['96', '196', '296', '496']
['97', '197', '297', '397', '497']
['198', '398']
['99', '299', '399', '499', '43']
