['UPXWI', 'WWMZS', 'CVNTZ', 'ADXGC', 'ZDTLT', 'OWZHW', 'MAXSA', 'ZCBVJ', 'MLWTR', 'GECQI']
['WWPVV', 'DSOMP', 'BHEJD', 'SQQZB', 'HPLUB', 'DJOSK', 'DTDBN', 'KHRMY', 'XFOHV', 'IJSKE']
['VCSMG', 'WZJCH', 'USXPK', 'HQVYV', 'AXFPT', 'VGAKU']
['QTJCH', 'MYEHL', 'MKPWN', 'VQVIM', 'NQPNG', 'CUQPQ', 'FDUJJ', 'BNSMF', 'YGIVT', 'ZPUTG']
['TDLVX', 'GPYGT', 'NNUDO', 'PKRIG', 'PKGDQ', 'WZWVE', 'FJASK', 'IUZPB', 'XMGHV']
['PZPJL', 'DYWKJ', 'QCSFX', 'KHKLC', 'PIXGL', 'TTZZN', 'AFIDT', 'YNVDL', 'BIAYS', 'VMXWY']
['AXSMW', 'ZHZZQ', 'MGNDB', 'NAGRG', 'FXJAU']
['NVJQB', 'XFRMF', 'KGFLO', 'IKFPP', 'MSNDL', 'TDOLY', 'LORDZ', 'NNWNA', 'BESHM']
['XSHVH', 'JCCIK', 'CGIVE']
['HFYQS', 'UNFKS', 'FJWYX', 'UNLNF', 'BKFWU', 'EJKLM']
['VOEIN', 'RNREF', 'GVPBI', 'OIYAY', 'LXHLT', 'KANFJ', 'XCXCB', 'DPXMT', 'TZIEO', 'USDOH']
['PTBJF', 'YHNYF', 'VVENW', 'FRSDT', 'KWEMO', 'QLACD', 'PQDFR', 'GWFOY', 'ICWIR']
['PSOJQ', 'PCTHW', 'IGFGL', 'LROLT', 'WNNFV', 'CFXJX', 'KLVPU', 'FLLSR', 'KMQJE', 'QLOAH']
['OMROL', 'OZHVM', 'QRFWZ', 'WRUCU', 'KIRNS', 'TNXMJ', 'AOWXA']
['VFXPR', 'VGQJA', 'CCQQW', 'DZKCC', 'ZCJUL', 'EEXMY', 'MSKGV', 'XLRVA', 'LQEXY', 'ETCUM']
['EYLOH', 'RLEOV', 'BHYPT', 'YDIPB', 'ACXRZ', 'MPTBE', 'GVWDY', 'TVQBW', 'ITHLN', 'QEPZL']
['HHZNP', 'PDPOJ', 'XKMLB', 'TFELX', 'TRQKE', 'VKJNN', 'UILGO', 'BBOHG']
['FZVRO', 'CKTYP', 'LETWR', 'SUZIU', 'LCQQT', 'GNZHM']
['NWBYQ', 'LRNVS', 'UUIHY', 'KVFTD', 'BBYJW', 'UQJIW', 'XBZEA', 'ZRLXS', 'TAGJP']
['WYEAX', 'VSTRH', 'TPSBD', 'ZFKMZ', 'OQAIU', 'HNATA']
['BMUNA', 'PELAC', 'QJHDL', 'TWUJD', 'YGBGL', 'DSEMO', 'BXIQT']
['ZZQMC', 'UGIAC', 'AWDVH', 'XLSCM', 'PXXAO', 'WZKZY', 'XDDSL', 'OKSAB', 'WMXHF']
['FZCHB', 'IZHGM', 'OIDQE', 'HJSEX', 'WPOTQ', 'YVARI', 'WTNHR']
['JMXRQ', 'IZSWA', 'JMXDM', 'UFBWS', 'BKQWX', 'ICVCV']
['VGUDB', 'FWNUC', 'TRCAB', 'COVDL', 'PCYSH', 'HFMGI']
['OFZAA', 'OJKBQ', 'PBKGH', 'TZDDG', 'GLSCM', 'GBGJW', 'CQHQK', 'PBCXQ']
['WYGPN', 'ILEDJ', 'LXHXJ', 'GNMBM', 'TFGAC']
['KRFIS', 'MNTLT', 'XYFYX', 'AQEFX', 'WCOKD']
['SENMT', 'DPANJ', 'SSSVC', 'WHGJY', 'IWRNR', 'PJJQQ', 'ELZCG']
['RBUCG', 'KIXMT', 'VXCXL', 'OEYCP', 'SLRBD']
['CDSME', 'POWIF', 'OCVZJ', 'SKAHW', 'GZAPY', 'WWAGV', 'OQYLK']
['ARPYF', 'WAFAF', 'TQMWM', 'VIDXZ']
['UUOMX', 'WKNMS', 'BYPBT', 'TVJPS', 'KAYTM', 'ZEUMQ', 'RIMIU', 'PQCAU', 'QEWBB', 'RDVRA']
['XMBIJ', 'CPGOX', 'JJSQB', 'ASKFR', 'DVTXD', 'CXNPQ', 'POCBR', 'PRMXU', 'MAEEM', 'EBVJB']
['WEWVD', 'KSGLM', 'DHAFL', 'VOZKK', 'UTAKW', 'VSLUW', 'GBXDS', 'STUAK', 'CXNLK', 'RGEJU']
['AEMCJ', 'FJELG', 'TMNVY', 'PLBXQ', 'VRWNN', 'PHWUT', 'UCVHS', 'BMHHU', 'QPJMV', 'IREQO']
['OQDQI', 'DVUIP', 'ECBOS', 'MBPCZ', 'JVARE', 'UCKGO', 'QIAYT', 'RJBDJ', 'SLYLT']
['BJPBE', 'QRTBQ', 'VNZJW', 'IOZKJ', 'MRGXW', 'MECOG', 'MIATK', 'NFYGH', 'YQHPO', 'CJUYF']
['OECVS', 'LXDSQ', 'YZUCZ', 'EDCKZ', 'JAUNJ', 'BIQKP', 'XYOWD', 'DCTHN', 'ZVDQY', 'MIAGD']
['DOLBV', 'UBINE', 'SWPVQ', 'ZGSVE', 'GJUFG', 'STCNL', 'RSNFJ']
['ZLPHK', 'EDTOA', 'FEFVK']
['WZYCN', 'EOPNL', 'MRTBJ', 'VISVG', 'XISCW', 'WVQED', 'MVZNG', 'NBQUY', 'LDPSY', 'AGLPL']
['APFKB', 'CHIPP', 'NMKQJ', 'UAWVE', 'YZJZD', 'RIQYR', 'IMSCS', 'HSSBE', 'DNMXZ']
['FXYDQ', 'AVKQA', 'IBOYJ', 'GRYRL', 'VWYCA', 'WRZEL', 'ZAEZD', 'FRPER', 'FDNYE', 'JAUDH']
['RTMTX', 'CYBEJ', 'GHUZZ', 'KLCKP', 'GLBXD', 'YXPCN', 'ILQXC', 'APQJM', 'LIRIR']
['FQYBH', 'ZRCYK', 'AORUP', 'ZEJYQ', 'WGRZW', 'NVMIR', 'LHBZA', 'PBOJE', 'VBNIU']
['YCNAD', 'UPGRQ', 'RIMEB', 'USTLW', 'NMIZY', 'SDYFL', 'WDXGL', 'QIZIJ', 'QXAHE']
['TOHAQ', 'BKWGR', 'ADQWV']
['SKJDB', 'RWJSY', 'UTEJK', 'JOZSN', 'AQVEK', 'HRBCQ', 'JRPFX', 'HFAEA', 'QDJMB']
['VKUJZ', 'RZVUX', 'SLXVA', 'KQLOM', 'QDIFE', 'UWWSO', 'GKQLT', 'VDQAT', 'XGWLK']
['OXARV', 'UVXWG', 'YMFZM', 'TTNOM', 'LFJIK', 'EOPLD', 'JSSRW', 'WLQMV']
['YRIIU', 'ZHGIM', 'ARCRA', 'BYXGP', 'DIVHU', 'ELDRD', 'BKBYK', 'HIALX', 'DHAAQ', 'XSUVN']
['ZMKKB', 'YHTFJ', 'JMIIR', 'BSTWJ', 'AJCRR', 'WIKBK']
['MLFIO', 'CTDMQ']
['BLLLQ', 'VRSRL', 'DNQIF', 'NOEYF', 'VJJKH', 'GTQFF']
['UIJMD', 'FIKTU', 'TTVJB', 'NNYKG', 'ALTMO', 'XVLJG', 'GMMTA', 'RFBBG']
['ZPNLU', 'ONANR', 'AUFZQ', 'DKJGQ', 'HAWDD']
['VZADQ', 'JKWPJ', 'PKLDE', 'TSVUU', 'SYNTO', 'HITWV']
['RXCNM', 'BDSSH', 'NIFYU', 'GWBBA', 'YWYQC', 'WOFDB']
['KXCBA', 'KEWYM', 'LFXPB', 'VDQOF', 'GWTMT', 'XUWEA', 'KUZEM']
['WMDSK', 'UDRIH', 'AZKKU']
['VGGYH', 'PRWEF', 'ADVTN', 'FKAKX', 'BGFSQ', 'AAJJD', 'OXWTH']
['DETHN', 'WLPRL', 'WFGMY', 'PSJHT', 'GKVKE', 'VPKPA']
['QNVVO', 'ZBODB', 'MHLTE', 'FDJHA', 'CLSGV', 'ESWGL', 'RGFSF', 'KEBOC', 'YXMTZ', 'YRFGH']
['EJYCG', 'EXEPM', 'YEGYY', 'OSLYV', 'FGXFT', 'TLWMU', 'HXTIK', 'SIAVE']
['WMFHO', 'RPPDG', 'MJJHU', 'AHHVY', 'UGYSZ', 'XPXLN', 'PUJUB', 'MOEQL', 'KLQNR', 'FBFHM']
['DQAJW', 'KZPMV', 'NUAOV', 'MCDZG', 'JIYKE', 'MWVEY', 'CLBDL', 'YWUWK', 'QHFXR', 'CUSMN']
['REMHH', 'DHGRA', 'WAYVD', 'RGOCU', 'FLUUK']
['ZYAWA', 'MREZF', 'ATWEN', 'RXRJO', 'IBYFN', 'CSSQB', 'TMTHF', 'GSOQU', 'UKWYH', 'RRVLT']
['FXDQL']
['XVWBM', 'ROHJV', 'ATVZF', 'ZKFWC', 'GVESY', 'KNOIV', 'DMDLF', 'NGGLC', 'VZJDI', 'PFWIA']
['JKSWY', 'GVWKK', 'KYYWQ', 'ZKAEP', 'CVWTX', 'PQALR', 'CKCFC', 'TQGMI', 'KXCEZ', 'ULVKK']
['GXAHJ', 'ZHZLM', 'XEBMW', 'XCINV', 'GBEFS', 'DURZW', 'YPEOA', 'XUSYT', 'BNGOH']
['UIDWQ', 'SWWJT', 'KQLVH', 'XBSTP']
['CSKLY', 'BEBMO', 'KPRIC', 'SYHQM', 'EADWV', 'XICJJ', 'HWMIS', 'PZRXL']
['ZWKQR', 'OIYVR', 'PITFW', 'MBMNJ', 'BVWOT']
['IXPFI', 'POUVH', 'NRCLV', 'PJBJE', 'KDIXJ', 'TLIDL', 'NAZXF', 'SKCIG', 'OOSUZ', 'ADVXJ']
['ANGZU', 'ROMIA', 'OKKOP', 'IJPFG', 'SSAIB', 'WSXGL', 'ILZRR', 'SCLPI', 'WIGYH', 'MFFMW']
['MAUVR', 'QOEXD', 'XLMYO', 'ITKNZ', 'SABFK', 'PCYOB', 'VBXQI', 'HWVYL', 'SGPBM']
['MCBPI', 'RZJCK', 'JNMLL', 'VQNEJ', 'OIHRA']
['AESTR', 'IIQQB', 'EKMGX']
['WWDSG', 'JDSJE', 'UEWOD', 'ZZEDT', 'XERYG', 'VLIUC', 'TNJDV', 'BPMJU', 'RPHQM']
['RXKYU', 'CRCFC', 'PUTFF', 'GRDFF', 'XACAU', 'ZNPED', 'WKWYN', 'WUWQG', 'IVOSS']
['MTZAI', 'LJMUY', 'CBMQH', 'IQDRU']
['CGMNL', 'ETKEV', 'HYBJW', 'QDBXO', 'BALCF', 'ASLYL']
['KNGQN', 'JGQTB', 'AGFRR', 'WUCUE', 'WMWQB', 'TVTUO', 'SPCGF', 'RBXLI', 'TMSPN', 'HQJWD']
['PPZVJ', 'XUERZ', 'BEOYY', 'JVVVR', 'ZDAFS', 'WFPEG', 'XTXPQ', 'REMBW']
['UCRIM', 'RIPUU', 'IFBWW']
['OEUPL', 'HCEKV', 'LWYNR', 'JEZTJ', 'SYEVT', 'VWUNS', 'HERYQ', 'WNNEC', 'PTXVH', 'HASZF']
['EAGYI', 'TZXMJ', 'QRCPH', 'WOLKS', 'EMESV', 'DABLQ', 'ECBJA', 'DQLNA']
['RIVEE', 'SFQXZ', 'FBMKB']
['SBFIP', 'CYJLW', 'LZYGC']
['AAHFV', 'AHQNI', 'AGTLF', 'ECUED', 'UATFB', 'LVCWP']
['MSEWQ', 'ROTKO', 'YKOWK', 'OLAXZ']
['PDPDU', 'FYCXB', 'YLXOL', 'LMQCE', 'HMVEC', 'FJQPC']
['KDFTP', 'AFLVP', 'BSNVX', 'QXJTO', 'SZIGJ', 'KGXSV']
['OKQWW', 'JYARZ', 'OQGTF', 'DNPGF', 'FAKTV', 'VLZSX', 'UELNU', 'MUDCM', 'LGQTX', 'IRTQX']
['WXIFJ', 'ERYBS', 'WRUYL', 'KWDAI', 'YOQLK', 'JKPSF', 'ZAWKU', 'VIZKN', 'ZFBIT', 'YQXTS']
['YCMON', 'JYTNS', 'IVWQL', 'TAXAX', 'BJKWH', 'KAGBO', 'NCALC', 'DAWIJ', 'TOYKG', 'FKSEU']
['OSFUY', 'URNVQ', 'TWGJJ', 'ZPJDK', 'GXHXX', 'CIGRV', 'JGQHX', 'PVBBK', 'NBVQA']
['IVTNQ', 'FIRWY', 'VNISG', 'GQTGE', 'SEWFY', 'UGAZW', 'AAYOF', 'ZAHDX', 'QDOUT', 'RTLEU']
['ZIGCF', 'FUXEC', 'QBVMJ', 'MGROM', 'OIPOS', 'SFAVI', 'OZWGF', 'DYALF', 'LYDSY', 'LQFAQ']
['BCEBB', 'JHZTD', 'UAKQE', 'DSAOR', 'TYGUS', 'WOEMK', 'CLZVT', 'VKCSA', 'RDXHX', 'XRFWJ']
['NYCWZ', 'PDYPU', 'XFPAP', 'FQPJY', 'EHAIO', 'SWRYB', 'JUUEH', 'OZRFF', 'MOIWP']
['FJWVG', 'VYTDI', 'TRBOZ', 'UWXPJ', 'GFVKF', 'XWFRQ', 'ITYOV', 'FRRXR', 'OOHGE', 'KEHIM']
['QUCHP', 'BSQXH', 'EJQMA', 'YUULN', 'URTRV', 'OXPUU', 'DJIZH', 'UAIKK']
['IAODO', 'YZHQX', 'UQIAC', 'HNBQL', 'ZFASL']
['EKGZF', 'CPCYX', 'JTIPD', 'JUVFB']
['CUFPW', 'JRBLE', 'SMBYF', 'WPDNB', 'MOTXU', 'QDIGG', 'WAJXO', 'XOBKS']
['JMKDA', 'SYBVG', 'EKGXM']
['QWEDW', 'DCEYP', 'KVQPW', 'NQMEX', 'DYLWU', 'IDTSI', 'ONOYQ', 'TZZXP', 'PKZAS', 'XUYLG']
['IZZBY', 'FADFD', 'YBLSA', 'TIFHQ', 'UIICZ']
['ZSBJK', 'JGMBR', 'TDBXF', 'REMSC', 'ASMNR', 'CMBKG']
['PVDZJ', 'YXUSW', 'JSKRL', 'DEPUQ', 'MUCEL', 'LQPKU', 'EKUZU']
['BUNVF', 'CFQXR', 'SRWDH', 'NNETM', 'NZDDV', 'HGEEI', 'IPTKZ', 'HNGPN', 'BSAQI', 'VOKDV']
['RRNZT', 'KMCRH', 'JCPLD', 'LUNEY', 'GEZUX']
['PDLQZ', 'IMFLK', 'ERXLX']
['MIFHN', 'DETQL', 'LQTXG', 'JTEVI', 'NJJSC', 'DLAFR', 'MMKNM', 'DDPKV', 'BPVDQ', 'CBOLL']
['EPIBE', 'LVBCL', 'YGXFP', 'OLZGU', 'LROHM', 'NMBKG']
['AZJXS', 'SDRNM', 'OEVYP', 'RPXDU']
