['AAA', 'ABM', 'ACY', 'AEK', 'AFW', 'AHI', 'AIU', 'AKG', 'ALS', 'ANE', 'AOQ', 'AQC', 'ARO', 'ATA', 'AUM', 'AVY', 'AXK', 'AYW', 'BAI', 'BBU', 'BDG', 'BES', 'BGE', 'BHQ', 'BJC', 'BKO']
['AAB', 'ABN', 'ACZ', 'AEL', 'AFX', 'AHJ', 'AIV', 'AKH', 'ALT', 'ANF', 'AOR', 'AQD', 'ARP', 'ATB', 'AUN', 'AVZ', 'AXL', 'AYX', 'BAJ', 'BBV', 'BDH', 'BET', 'BGF', 'BHR', 'BJD', 'BKP']
['AAC', 'ABO', 'ADA', 'AEM', 'AFY', 'AHK', 'AIW', 'AKI', 'ALU', 'ANG', 'AOS', 'AQE', 'ARQ', 'ATC', 'AUO', 'AWA', 'AXM', 'AYY', 'BAK', 'BBW', 'BDI', 'BEU', 'BGG', 'BHS', 'BJE', 'BKQ']
['AAD', 'ABP', 'ADB', 'AEN', 'AFZ', 'AHL', 'AIX', 'AKJ', 'ALV', 'ANH', 'AOT', 'AQF', 'ARR', 'ATD', 'AUP', 'AWB', 'AXN', 'AYZ', 'BAL', 'BBX', 'BDJ', 'BEV', 'BGH', 'BHT', 'BJF', 'BKR']
['AAE', 'ABQ', 'ADC', 'AEO', 'AGA', 'AHM', 'AIY', 'AKK', 'ALW', 'ANI', 'AOU', 'AQG', 'ARS', 'ATE', 'AUQ', 'AWC', 'AXO', 'AZA', 'BAM', 'BBY', 'BDK', 'BEW', 'BGI', 'BHU', 'BJG', 'BKS']
['AAF', 'ABR', 'ADD', 'AEP', 'AGB', 'AHN', 'AIZ', 'AKL', 'ALX', 'ANJ', 'AOV', 'AQH', 'ART', 'ATF', 'AUR', 'AWD', 'AXP', 'AZB', 'BAN', 'BBZ', 'BDL', 'BEX', 'BGJ', 'BHV', 'BJH', 'BKT']
['AAG', 'ABS', 'ADE', 'AEQ', 'AGC', 'AHO', 'AJA', 'AKM', 'ALY', 'ANK', 'AOW', 'AQI', 'ARU', 'ATG', 'AUS', 'AWE', 'AXQ', 'AZC', 'BAO', 'BCA', 'BDM', 'BEY', 'BGK', 'BHW', 'BJI', 'BKU']
['AAH', 'ABT', 'ADF', 'AER', 'AGD', 'AHP', 'AJB', 'AKN', 'ALZ', 'ANL', 'AOX', 'AQJ', 'ARV', 'ATH', 'AUT', 'AWF', 'AXR', 'AZD', 'BAP', 'BCB', 'BDN', 'BEZ', 'BGL', 'BHX', 'BJJ', 'BKV']
['AAI', 'ABU', 'ADG', 'AES', 'AGE', 'AHQ', 'AJC', 'AKO', 'AMA', 'ANM', 'AOY', 'AQK', 'ARW', 'ATI', 'AUU', 'AWG', 'AXS', 'AZE', 'BAQ', 'BCC', 'BDO', 'BFA', 'BGM', 'BHY', 'BJK', 'BKW']
['AAJ', 'ABV', 'ADH', 'AET', 'AGF', 'AHR', 'AJD', 'AKP', 'AMB', 'ANN', 'AOZ', 'AQL', 'ARX', 'ATJ', 'AUV', 'AWH', 'AXT', 'AZF', 'BAR', 'BCD', 'BDP', 'BFB', 'BGN', 'BHZ', 'BJL', 'BKX']
['AAK', 'ABW', 'ADI', 'AEU', 'AGG', 'AHS', 'AJE', 'AKQ', 'AMC', 'ANO', 'APA', 'AQM', 'ARY', 'ATK', 'AUW', 'AWI', 'AXU', 'AZG', 'BAS', 'BCE', 'BDQ', 'BFC', 'BGO', 'BIA', 'BJM', 'BKY']
['AAL', 'ABX', 'ADJ', 'AEV', 'AGH', 'AHT', 'AJF', 'AKR', 'AMD', 'ANP', 'APB', 'AQN', 'ARZ', 'ATL', 'AUX', 'AWJ', 'AXV', 'AZH', 'BAT', 'BCF', 'BDR', 'BFD', 'BGP', 'BIB', 'BJN', 'BKZ']
['AAM', 'ABY', 'ADK', 'AEW', 'AGI', 'AHU', 'AJG', 'AKS', 'AME', 'ANQ', 'APC', 'AQO', 'ASA', 'ATM', 'AUY', 'AWK', 'AXW', 'AZI', 'BAU', 'BCG', 'BDS', 'BFE', 'BGQ', 'BIC', 'BJO', 'BLA']
['AAN', 'ABZ', 'ADL', 'AEX', 'AGJ', 'AHV', 'AJH', 'AKT', 'AMF', 'ANR', 'APD', 'AQP', 'ASB', 'ATN', 'AUZ', 'AWL', 'AXX', 'AZJ', 'BAV', 'BCH', 'BDT', 'BFF', 'BGR', 'BID', 'BJP', 'BLB']
['AAO', 'ACA', 'ADM', 'AEY', 'AGK', 'AHW', 'AJI', 'AKU', 'AMG', 'ANS', 'APE', 'AQQ', 'ASC', 'ATO', 'AVA', 'AWM', 'AXY', 'AZK', 'BAW', 'BCI', 'BDU', 'BFG', 'BGS', 'BIE', 'BJQ', 'BLC']
['AAP', 'ACB', 'ADN', 'AEZ', 'AGL', 'AHX', 'AJJ', 'AKV', 'AMH', 'ANT', 'APF', 'AQR', 'ASD', 'ATP', 'AVB', 'AWN', 'AXZ', 'AZL', 'BAX', 'BCJ', 'BDV', 'BFH', 'BGT', 'BIF', 'BJR', 'BLD']
['AAQ', 'ACC', 'ADO', 'AFA', 'AGM', 'AHY', 'AJK', 'AKW', 'AMI', 'ANU', 'APG', 'AQS', 'ASE', 'ATQ', 'AVC', 'AWO', 'AYA', 'AZM', 'BAY', 'BCK', 'BDW', 'BFI', 'BGU', 'BIG', 'BJS', 'BLE']
['AAR', 'ACD', 'ADP', 'AFB', 'AGN', 'AHZ', 'AJL', 'AKX', 'AMJ', 'ANV', 'APH', 'AQT', 'ASF', 'ATR', 'AVD', 'AWP', 'AYB', 'AZN', 'BAZ', 'BCL', 'BDX', 'BFJ', 'BGV', 'BIH', 'BJT', 'BLF']
['AAS', 'ACE', 'ADQ', 'AFC', 'AGO', 'AIA', 'AJM', 'AKY', 'AMK', 'ANW', 'API', 'AQU', 'ASG', 'ATS', 'AVE', 'AWQ', 'AYC', 'AZO', 'BBA', 'BCM', 'BDY', 'BFK', 'BGW', 'BII', 'BJU', 'BLG']
['AAT', 'ACF', 'ADR', 'AFD', 'AGP', 'AIB', 'AJN', 'AKZ', 'AML', 'ANX', 'APJ', 'AQV', 'ASH', 'ATT', 'AVF', 'AWR', 'AYD', 'AZP', 'BBB', 'BCN', 'BDZ', 'BFL', 'BGX', 'BIJ', 'BJV', 'BLH']
['AAU', 'ACG', 'ADS', 'AFE', 'AGQ', 'AIC', 'AJO', 'ALA', 'AMM', 'ANY', 'APK', 'AQW', 'ASI', 'ATU', 'AVG', 'AWS', 'AYE', 'AZQ', 'BBC', 'BCO', 'BEA', 'BFM', 'BGY', 'BIK', 'BJW', 'BLI']
['AAV', 'ACH', 'ADT', 'AFF', 'AGR', 'AID', 'AJP', 'ALB', 'AMN', 'ANZ', 'APL', 'AQX', 'ASJ', 'ATV', 'AVH', 'AWT', 'AYF', 'AZR', 'BBD', 'BCP', 'BEB', 'BFN', 'BGZ', 'BIL', 'BJX', 'BLJ']
['AAW', 'ACI', 'ADU', 'AFG', 'AGS', 'AIE', 'AJQ', 'ALC', 'AMO', 'AOA', 'APM', 'AQY', 'ASK', 'ATW', 'AVI', 'AWU', 'AYG', 'AZS', 'BBE', 'BCQ', 'BEC', 'BFO', 'BHA', 'BIM', 'BJY', 'BLK']
['AAX', 'ACJ', 'ADV', 'AFH', 'AGT', 'AIF', 'AJR', 'ALD', 'AMP', 'AOB', 'APN', 'AQZ', 'ASL', 'ATX', 'AVJ', 'AWV', 'AYH', 'AZT', 'BBF', 'BCR', 'BED', 'BFP', 'BHB', 'BIN', 'BJZ', 'BLL']
['AAY', 'ACK', 'ADW', 'AFI', 'AGU', 'AIG', 'AJS', 'ALE', 'AMQ', 'AOC', 'APO', 'ARA', 'ASM', 'ATY', 'AVK', 'AWW', 'AYI', 'AZU', 'BBG', 'BCS', 'BEE', 'BFQ', 'BHC', 'BIO', 'BKA', 'BLM']
['AAZ', 'ACL', 'ADX', 'AFJ', 'AGV', 'AIH', 'AJT', 'ALF', 'AMR', 'AOD', 'APP', 'ARB', 'ASN', 'ATZ', 'AVL', 'AWX', 'AYJ', 'AZV', 'BBH', 'BCT', 'BEF', 'BFR', 'BHD', 'BIP', 'BKB', 'BLN']
['ABA', 'ACM', 'ADY', 'AFK', 'AGW', 'AII', 'AJU', 'ALG', 'AMS', 'AOE', 'APQ', 'ARC', 'ASO', 'AUA', 'AVM', 'AWY', 'AYK', 'AZW', 'BBI', 'BCU', 'BEG', 'BFS', 'BHE', 'BIQ', 'BKC', 'BLO']
['ABB', 'ACN', 'ADZ', 'AFL', 'AGX', 'AIJ', 'AJV', 'ALH', 'AMT', 'AOF', 'APR', 'ARD', 'ASP', 'AUB', 'AVN', 'AWZ', 'AYL', 'AZX', 'BBJ', 'BCV', 'BEH', 'BFT', 'BHF', 'BIR', 'BKD', 'BLP']
['ABC', 'ACO', 'AEA', 'AFM', 'AGY', 'AIK', 'AJW', 'ALI', 'AMU', 'AOG', 'APS', 'ARE', 'ASQ', 'AUC', 'AVO', 'AXA', 'AYM', 'AZY', 'BBK', 'BCW', 'BEI', 'BFU', 'BHG', 'BIS', 'BKE', 'BLQ']
['ABD', 'ACP', 'AEB', 'AFN', 'AGZ', 'AIL', 'AJX', 'ALJ', 'AMV', 'AOH', 'APT', 'ARF', 'ASR', 'AUD', 'AVP', 'AXB', 'AYN', 'AZZ', 'BBL', 'BCX', 'BEJ', 'BFV', 'BHH', 'BIT', 'BKF', 'BLR']
['ABE', 'ACQ', 'AEC', 'AFO', 'AHA', 'AIM', 'AJY', 'ALK', 'AMW', 'AOI', 'APU', 'ARG', 'ASS', 'AUE', 'AVQ', 'AXC', 'AYO', 'BAA', 'BBM', 'BCY', 'BEK', 'BFW', 'BHI', 'BIU', 'BKG', 'BLS']
['ABF', 'ACR', 'AED', 'AFP', 'AHB', 'AIN', 'AJZ', 'ALL', 'AMX', 'AOJ', 'APV', 'ARH', 'AST', 'AUF', 'AVR', 'AXD', 'AYP', 'BAB', 'BBN', 'BCZ', 'BEL', 'BFX', 'BHJ', 'BIV', 'BKH', 'BLT']
['ABG', 'ACS', 'AEE', 'AFQ', 'AHC', 'AIO', 'AKA', 'ALM', 'AMY', 'AOK', 'APW', 'ARI', 'ASU', 'AUG', 'AVS', 'AXE', 'AYQ', 'BAC', 'BBO', 'BDA', 'BEM', 'BFY', 'BHK', 'BIW', 'BKI', 'BLU']
['ABH', 'ACT', 'AEF', 'AFR', 'AHD', 'AIP', 'AKB', 'ALN', 'AMZ', 'AOL', 'APX', 'ARJ', 'ASV', 'AUH', 'AVT', 'AXF', 'AYR', 'BAD', 'BBP', 'BDB', 'BEN', 'BFZ', 'BHL', 'BIX', 'BKJ', 'BLV']
['ABI', 'ACU', 'AEG', 'AFS', 'AHE', 'AIQ', 'AKC', 'ALO', 'ANA', 'AOM', 'APY', 'ARK', 'ASW', 'AUI', 'AVU', 'AXG', 'AYS', 'BAE', 'BBQ', 'BDC', 'BEO', 'BGA', 'BHM', 'BIY', 'BKK', 'BLW']
['ABJ', 'ACV', 'AEH', 'AFT', 'AHF', 'AIR', 'AKD', 'ALP', 'ANB', 'AON', 'APZ', 'ARL', 'ASX', 'AUJ', 'AVV', 'AXH', 'AYT', 'BAF', 'BBR', 'BDD', 'BEP', 'BGB', 'BHN', 'BIZ', 'BKL', 'BLX']
['ABK', 'ACW', 'AEI', 'AFU', 'AHG', 'AIS', 'AKE', 'ALQ', 'ANC', 'AOO', 'AQA', 'ARM', 'ASY', 'AUK', 'AVW', 'AXI', 'AYU', 'BAG', 'BBS', 'BDE', 'BEQ', 'BGC', 'BHO', 'BJA', 'BKM', 'BLY']
['ABL', 'ACX', 'AEJ', 'AFV', 'AHH', 'AIT', 'AKF', 'ALR', 'AND', 'AOP', 'AQB', 'ARN', 'ASZ', 'AUL', 'AVX', 'AXJ', 'AYV', 'BAH', 'BBT', 'BDF', 'BER', 'BGD', 'BHP', 'BJB', 'BKN', 'BLZ']
