['934', '117', '921', '692', '935', '158', '214', '944', '883']
['471', '938', '741', '421', '707', '554', '604', '39', '231', '661', '222', '800']
['647', '773', '416', '64', '130', '212', '915', '807', '969']
['51', '282', '699', '105', '104', '256', '419', '571', '848']
['629', '79', '394', '170', '519', '564', '482', '781']
['207', '886', '765', '302', '135', '708', '257', '73']
['211', '812', '263', '429', '168', '727', '491', '939', '280']
['744', '905', '166', '677', '551', '917', '20', '369', '485', '174']
['425', '984', '577', '362', '725', '861', '823', '710', '601', '608']
['496', '96', '216', '665', '583', '562', '651', '375', '541', '441', '730']
['630', '452', '873', '480', '830', '574', '499', '668']
['639', '530', '403', '817', '430', '834', '221', '983', '35']
['140', '636', '89', '835', '588', '410', '623', '908', '693', '201']
['570', '66', '537', '857', '489', '880', '366', '712', '875', '553', '638']
['85', '507', '566', '124', '721', '37', '993', '125', '572', '735']
['679', '254', '330', '4', '252', '680', '202', '898', '349', '922']
['136', '150', '253', '606', '226', '465', '705', '660', '458', '991', '713', '301']
['560', '968', '320', '528', '495', '849', '928', '762']
['405', '107', '481', '877', '669', '172', '30', '912', '850']
['711', '352', '99', '889', '61', '355', '283', '22', '646', '769']
['205', '401', '279', '814', '34', '717', '881', '534', '422', '525']
['565', '113', '763', '171', '11', '576', '919', '360', '123', '493']
['856', '924', '515', '657', '841', '645', '810', '323', '305']
['662', '197', '402', '267', '897', '242', '602', '98', '774']
['932', '194', '86', '249', '391', '370', '91', '162']
['234', '46', '653', '426', '783', '866', '535', '59', '635', '813', '796']
['333', '339', '882', '278', '87', '640', '778', '913']
['407', '44', '797', '479', '357', '524', '160', '838', '199']
['315', '179', '290', '486', '251', '8', '399', '331', '802']
['911', '789', '764', '858', '300', '187', '191', '473', '95']
['923', '876', '503', '437', '69', '603', '539', '795', '704', '982', '890', '42']
['975', '780', '449', '165', '54', '546', '141', '417', '75', '198', '213']
['77', '664', '196', '157', '455', '733', '206', '925', '161']
['871', '510', '241', '771', '111', '940', '986', '918', '284', '342', '382']
['872', '476', '129', '259', '233', '420', '701', '7', '307']
['972', '131', '148', '378', '575', '381', '770', '406', '501', '907', '767']
['616', '173', '761', '720', '518', '971', '215', '527', '275']
['38', '891', '548', '10', '753', '688', '374', '447', '450', '557', '511']
['793', '334', '190', '40', '801', '445', '112', '836', '272']
['988', '142', '393', '827', '930', '706', '659', '521', '868', '289', '444']
['998', '605', '981', '567', '619', '979', '627', '738', '722', '149', '308']
['593', '454', '432', '994', '943', '400', '63', '791', '328', '561', '264']
['332', '469', '514', '338', '276', '790', '903', '243', '852', '167']
['806', '88', '785', '456', '55', '970', '777', '951', '232']
['336', '100', '927', '58', '304', '502', '673', '825', '388']
['626', '885', '81', '153', '24', '909', '628', '311', '6', '529']
['598', '620', '695', '220', '552', '611', '442', '309', '966', '663']
['457', '490', '93', '52', '250', '549', '787', '974', '997']
['697', '210', '956', '15', '424', '687', '180', '310', '128']
['101', '618', '464', '648', '281', '851', '137', '327', '821', '159', '103']
['188', '955', '772', '387', '319', '729', '146', '228', '656', '758']
['26', '470', '644', '475', '439', '36', '696', '779', '383', '760']
['106', '718', '599', '531', '316', '227', '641', '270', '431', '631']
['847', '855', '746', '805', '492', '21', '900', '643', '397', '351', '728']
['686', '377', '933', '829', '732', '414', '543', '18', '533']
['335', '904', '698', '755', '350', '671', '914', '587', '49', '960', '958']
['757', '487', '522', '716', '154', '434', '340', '392', '110', '365']
['865', '70', '274', '184', '466', '931', '497', '152', '83', '945']
['176', '585', '798', '547', '973', '962', '240', '752', '506', '19', '411', '819']
['948', '396', '670', '509', '614', '53', '12', '569', '346', '164', '737']
['356', '326', '895', '978', '118', '860', '368', '736', '45', '804']
['929', '389', '337', '195', '144', '423', '637', '147', '341']
['163', '246', '74', '134', '122', '967', '453', '685', '596', '953', '887', '624']
['345', '203', '976', '225', '580', '248', '666', '634', '683', '121', '14', '650']
['67', '715', '47', '436', '288', '750', '678', '879', '428', '980']
['719', '899', '545', '655', '446', '893', '526', '612', '949']
['286', '133', '842', '749', '200', '268', '193', '143', '768', '116']
['828', '607', '386', '995', '321', '832', '622', '57', '498', '448']
['766', '408', '734', '183', '478', '484', '344', '786']
['803', '595', '808', '714', '348', '364', '824', '542', '520']
['303', '959', '667', '72', '942', '996', '573', '892', '324', '792', '312']
['739', '229', '119', '260', '652', '291', '754', '731', '538', '43']
['709', '209', '325', '238', '597', '957', '820', '255', '724', '540']
['869', '784', '964', '846', '84', '544', '621', '109', '3', '675', '649']
['937', '359', '743', '23', '126', '33', '258', '550', '145', '76']
['65', '694', '155', '314', '674', '186', '742', '299', '658', '32', '443']
['0', '676', '244', '910', '440', '818', '277', '237', '906', '151']
['632', '751', '138', '181', '799', '120', '512', '936', '367', '223']
['306', '239', '380', '864', '175', '726', '532', '517', '690', '90']
['97', '379', '563', '467', '809', '843', '613', '844', '862', '127', '483']
['376', '494', '262', '413', '513', '318', '472', '723', '94']
['682', '438', '854', '189', '568', '80', '219', '999', '108', '558']
['578', '961', '390', '115', '839', '536', '617', '322', '235', '353', '451']
['859', '418', '745', '582', '863', '833', '31', '609', '204', '317']
['217', '398', '870', '68', '985', '48', '404', '684', '748', '591', '265']
['62', '1', '261', '822', '592', '294', '236', '412', '292', '384']
['372', '916', '460', '27', '926', '775', '433', '295', '13', '208', '500']
['293', '947', '347', '901', '747', '78', '888', '29', '505', '271', '586']
['594', '837', '625', '409', '555', '896', '169', '297', '298', '385', '102', '56', '794']
['584', '139', '285', '884', '523', '782', '504', '989', '114', '581']
['287', '894', '845', '987', '952', '681', '468', '474', '9', '759']
['756', '245', '811', '556', '25', '559', '329', '642', '954', '395']
['965', '177', '459', '92', '941', '230', '977', '920', '840', '269']
['615', '589', '516', '5', '815', '963', '28', '600', '461', '343']
['946', '633', '702', '831', '218', '700', '132', '415', '60', '579']
['358', '224', '488', '992', '50', '463', '435', '689', '826', '788', '182']
['247', '477', '41', '16', '776', '185', '71', '363', '590']
['178', '192', '740', '508', '462', '672', '853', '273', '874', '878']
['266', '816', '82', '373', '313', '371', '354', '156', '691', '17']
['902', '654', '427', '867', '950', '610', '2', '703', '296', '990', '361']
