['0', '157', '231', '314', '393', '466', '531', '50', '219', '366', '537', '261', '91', '202', '4']
['84', '161', '233', '316', '395', '468', '533', '53', '220', '371', '540', '262', '92', '247', '323']
['86', '164', '236', '318', '397', '469', '535', '54', '225', '541', '271', '101', '351', '7']
['88', '165', '239', '319', '398', '471', '536', '61', '228', '374', '543', '272', '102', '130', '5']
['93', '166', '242', '322', '400', '473', '538', '68', '234', '376', '545', '273', '123', '266', '67']
['94', '167', '244', '401', '474', '542', '69', '235', '377', '546', '280', '131', '282']
['95', '168', '245', '324', '402', '475', '544', '71', '237', '386', '547', '294', '148', '284']
['98', '246', '325', '405', '476', '550', '73', '240', '392', '551', '305', '195', '320']
['11', '99', '173', '326', '406', '479', '552', '75', '250', '394', '557', '329', '210', '452']
['105', '175', '249', '328', '408', '480', '554', '81', '256', '399', '560', '335', '229', '518', '46']
['18', '106', '177', '251', '330', '409', '481', '555', '82', '264', '403', '562', '354', '232', '539']
['19', '108', '178', '252', '331', '410', '482', '558', '89', '290', '418', '572', '355', '238', '109', '2']
['20', '110', '179', '253', '334', '411', '484', '559', '96', '291', '424', '574', '356', '243', '257']
['21', '180', '254', '336', '412', '485', '561', '97', '296', '426', '10', '359', '255', '445']
['23', '112', '181', '258', '337', '414', '486', '563', '100', '300', '427', '14', '368', '263', '502', '3', '143']
['24', '113', '187', '259', '338', '416', '487', '564', '103', '301', '428', '15', '370', '265', '580', '45']
['25', '114', '188', '260', '340', '417', '489', '565', '107', '302', '429', '35', '373', '281', '184']
['27', '115', '190', '267', '343', '419', '491', '566', '118', '303', '431', '51', '379', '353', '293', '8', '12', '78', '111', '119', '154', '169']
['28', '116', '193', '268', '344', '420', '492', '567', '136', '304', '433', '58', '396', '381', '446', '196']
['31', '117', '269', '347', '421', '493', '568', '140', '306', '438', '60', '407', '391', '556', '248']
['33', '197', '270', '348', '422', '494', '571', '144', '307', '439', '64', '413', '404', '48', '9', '207']
['34', '120', '198', '274', '349', '423', '496', '573', '146', '310', '440', '66', '415', '430', '276', '43']
['38', '121', '199', '275', '350', '425', '498', '575', '147', '312', '447', '76', '462', '467']
['39', '122', '200', '277', '358', '432', '499', '577', '155', '313', '448', '80', '472', '470']
['44', '125', '201', '278', '360', '434', '500', '578', '158', '315', '451', '90', '483', '517']
['126', '204', '279', '362', '435', '504', '579', '159', '317', '453', '104', '490', '520', '74']
['127', '205', '283', '364', '436', '505', '581', '160', '321', '454', '124', '503', '524']
['128', '285', '367', '437', '508', '1', '163', '327', '459', '135', '506', '530']
['49', '129', '209', '286', '369', '441', '509', '6', '170', '332', '461', '141', '507', '534', '372']
['52', '132', '212', '287', '375', '442', '511', '13', '172', '333', '463', '150', '510', '548']
['55', '133', '213', '288', '378', '443', '512', '16', '174', '339', '465', '153', '516', '553']
['56', '134', '215', '289', '380', '444', '513', '22', '176', '341', '477', '156', '525', '569']
['57', '137', '216', '292', '382', '449', '514', '26', '185', '342', '478', '171', '549', '30', '47']
['59', '138', '218', '295', '383', '450', '515', '29', '186', '345', '488', '182', '570', '36']
['62', '139', '221', '297', '384', '455', '521', '32', '191', '346', '495', '189', '576', '70']
['63', '142', '222', '298', '385', '456', '523', '37', '192', '352', '497', '194', '17', '87']
['223', '299', '387', '457', '526', '40', '203', '357', '501', '211', '65', '145']
['72', '149', '224', '308', '388', '458', '527', '41', '206', '361', '519', '214', '79', '152']
['151', '226', '309', '389', '460', '528', '42', '208', '363', '522', '230', '83', '162']
['77', '227', '311', '390', '464', '529', '217', '365', '532', '241', '85', '183']
