['Mauricio', 'Nona', 'Titus', 'Tommy', 'Eddy', 'Rudy', 'Wally', 'Isabelle', 'Lyle', 'Cassie', 'Josue', 'Jarrett', 'Curtis', 'Ernesto', 'Sonny', 'Christopher', 'Leila', 'Addie', 'Dong', 'Dale']
['Claire', 'Alta', 'Geoffrey', 'Marcellus', 'Katrina', 'Arden', 'Tina', 'Britney', 'Malcom', 'Yvette', 'Freddy', 'Miranda', 'Omar', 'Sheri', 'Ahmed', 'Russell', 'Cleveland', 'Lidia', 'Noble', 'Julie']
['Colleen', 'Lucille', 'Lester', 'Ashley', 'Meredith', 'Nell', 'Katelyn', 'Dominique', 'Danilo', 'Kerry', 'Melanie', 'Florencio', 'Geneva', 'Chung', 'Jim', 'Sammie', 'Rosie', 'Susanne', 'Tuan', 'Mohammad']
['Ben', 'Deana', 'Williams', 'Marion', 'Rhett', 'Twila', 'Ezra', 'Burton', 'Terrell', 'Darwin', 'Beau', 'Duane', 'Leah', 'Jan', 'Dudley', 'Sally', 'Jerrold', 'Elsa', 'Noe', 'Jules']
['Mara', 'Joel', 'Brooks', 'Rod', 'Tara', 'Walker', 'Letitia', 'Luz', 'Susie', 'Otis', 'Jason', 'Roosevelt', 'Melissa', 'Chong', 'Manuel', 'Terrance', 'Agustin', 'Adalberto', 'Jillian', 'Pablo']
['Genaro', 'Blair', 'Brent', 'Patricia', 'Misty', 'Jacklyn', 'Randy', 'Samuel', 'Lelia', 'Terri', 'Tanisha', 'Gavin', 'Myra', 'Therese', 'Dominick', 'Dianne', 'Valentine', 'Cheryl', 'Sondra', 'Erasmo']
['Sandy', 'Kirk', 'Sheryl', 'Augustine', 'Nora', 'Jacquelyn', 'Alton', 'Stuart', 'Deloris', 'Bud', 'Doreen', 'Chris', 'Horace', 'Madge', 'Bernadine', 'Gracie', 'Madeline', 'Mari', 'Carmella', 'Jamel']
['Kelsey', 'Lily', 'Carmine', 'Tyson', 'Herb', 'Ofelia', 'Polly', 'Myron', 'Janet', 'Gabriel', 'Dora', 'Alfonzo', 'Rosalie', 'Lawanda', 'Melva', 'Marie', 'Mai', 'Neva', 'Jonathan', 'Marianne']
['Frank', 'Mable', 'Faustino', 'Britt', 'Minerva', 'Ferdinand', 'Maryann', 'Olga', 'Rogelio', 'Fredrick', 'Numbers', 'Ivy', 'Hester', 'Mack', 'Frederic', 'Patty', 'Willard', 'Fernando', 'Terrie', 'Dixie']
['Faye', 'Alec', 'Carmelo', 'Robyn', 'Lonnie', 'Elva', 'Dorothy', 'Tyree', 'Claudette', 'King', 'Carla', 'Porfirio', 'Lolita', 'Franklyn', 'Valerie', 'Bart', 'Rosetta', 'Odell', 'Brenda', 'Hannah']
['Janis', 'Hosea', 'Rey', 'Ann', 'Nadine', 'Carter', 'Ellsworth', 'Marvin', 'Leann', 'Gregory', 'Mose', 'Waylon', 'Bonnie', 'Lavern', 'Jarod', 'Sebastian', 'Latasha', 'Thad', 'Keven', 'Rich']
['Del', 'Harlan', 'Chi', 'Riley', 'Jared', 'Rita', 'Meghan', 'Rufus', 'Georgina', 'Garret', 'Ruthie', 'Derick', 'Nannie', 'Penny', 'Sasha', 'Grover', 'Carly', 'Kathie', 'Scottie', 'Lamont']
['Darrel', 'Jewell', 'Karina', 'Tonia', 'Tabatha', 'Consuelo', 'Lesley', 'Son', 'Timmy', 'Randell', 'Bobbie', 'Dusty', 'Natasha', 'Imelda', 'Alonso', 'Earlene', 'Angel', 'Ida', 'Tami', 'Bertha']
['Damon', 'Ned', 'Rashad', 'Theresa', 'Cordell', 'Lynwood', 'Demetrius', 'Lino', 'Mauro', 'Jenifer', 'Lena', 'Annie', 'Josie', 'Stephen', 'Clay', 'Maura', 'Gladys', 'Jerald', 'Johnathan', 'Eugenio']
['Charlie', 'Juanita', 'Elise', 'Elwood', 'Corey', 'Paris', 'Raquel', 'Benjamin', 'Ethan', 'Rhoda', 'Janette', 'Roy', 'Josefina', 'Issac', 'Eldon', 'Tyrone', 'Marylou', 'Roxie', 'Toney', 'Prince']
['Ward', 'Jerrod', 'Don', 'Candice', 'Susana', 'Maryellen', 'Clarence', 'Jacinto', 'Guy', 'Marjorie', 'Anibal', 'Bernie', 'Phyllis', 'Napoleon', 'Francesca', 'Ella', 'Avery', 'Louis', 'Emmett', 'Leonel']
['Molly', 'William', 'Cecelia', 'Amado', 'Keenan', 'Leon', 'Herbert', 'Pauline', 'Rob', 'Wilbur', 'Sergio', 'Adrienne', 'Adeline', 'Juan', 'Arthur', 'Sherri', 'Mike', 'Mohamed', 'Simone', 'Houston']
['Andy', 'Brain', 'Antony', 'Cassandra', 'Norris', 'Neal', 'Jake', 'Lenny', 'Kermit', 'Roxanne', 'Randi', 'Howard', 'Trenton', 'Billy', 'Edgar', 'Ernest', 'Ray', 'Lucas', 'Roslyn', 'Hilario']
['Rosanna', 'Andres', 'Melinda', 'Mavis', 'Odis', 'Robby', 'Hope', 'Herminia', 'Armand', 'Jerry', 'Julia', 'Denis', 'Lemuel', 'Jamar', 'Aimee', 'Miquel', 'Theodore', 'Jeanie', 'Kim', 'Sybil']
['Fidel', 'Tim', 'Kendra', 'Alison', 'Blaine', 'Santo', 'Karl', 'Lenard', 'Thomas', 'Shayne', 'Tanner', 'Werner', 'Reginald', 'Annmarie', 'Stevie', 'Cornelius', 'Ricky', 'Winfred', 'Palmer', 'Wm']
['Summer', 'Terrence', 'Matilda', 'Louella', 'Rosalinda', 'Valentin', 'Charles', 'Dane', 'Herschel', 'Lane', 'Enrique', 'Kristy', 'Johanna', 'Julian', 'Ed', 'Josiah', 'Isabel', 'Alyssa', 'Sadie', 'Edwardo']
['Elisabeth', 'Carlo', 'Garland', 'Scotty', 'Ramona', 'Jerrell', 'Trina', 'Lawerence', 'Hung', 'Paula', 'Archie', 'Florentino', 'Noelle', 'Leonard', 'Ladonna', 'Oscar', 'Shane', 'Lawrence', 'Joesph', 'Clint']
['Toby', 'Adolph', 'Phil', 'Gilbert', 'Seth', 'Freeman', 'Julius', 'Deborah', 'Tiffany', 'Elmer', 'Antonia', 'Zachariah', 'Kristie', 'Lucinda', 'Von', 'Jack', 'Pansy', 'Emma', 'Abby', 'Virginia']
['Fritz', 'Alexis', 'Selma', 'Dorthy', 'Rachelle', 'Brian', 'Selena', 'Barry', 'Elias', 'Rory', 'Adela', 'Romeo', 'Tom', 'Jannie', 'Harrison', 'Chang', 'Lindsey', 'Mario', 'Mandy', 'Eli']
['Jayson', 'Hai', 'Franklin', 'Stefan', 'Eloy', 'Edmundo', 'Dion', 'Matthew', 'Rosella', 'Hayden', 'Emilio', 'Josephine', 'Ronny', 'Carlton', 'Preston', 'Lessie', 'Garrett', 'Jesus', 'Candy', 'Aubrey']
['Meagan', 'Sonia', 'Emile', 'Sheena', 'Quincy', 'Frances', 'Allan', 'Irvin', 'Muriel', 'Leandro', 'Lucio', 'Kennith', 'Lacy', 'Arlen', 'Dawn', 'Maxine', 'Amanda', 'Sophie', 'Wilford', 'Christina']
['Kayla', 'Hipolito', 'Ollie', 'Raymond', 'Stacey', 'Collin', 'Norma', 'Arnold', 'Gustavo', 'Reinaldo', 'Marcel', 'Truman', 'Keisha', 'Michele', 'Fletcher', 'Richie', 'Jacqueline', 'Robbie', 'Graciela', 'Quentin']
['Gaston', 'Dustin', 'Cara', 'Kari', 'Evelyn', 'Oliver', 'Katharine', 'Owen', 'Bradly', 'Cindy', 'Kirsten', 'Felton', 'Mac', 'Angelita', 'Neil', 'Millard', 'Nadia', 'Emilia', 'Fermin', 'Briana']
['Murray', 'Allie', 'Tanya', 'Ronda', 'Dwight', 'Lourdes', 'Katherine', 'Leanna', 'Justin', 'Luther', 'Cecilia', 'Santos', 'Jane', 'Monroe', 'Claudine', 'Omer', 'Silvia', 'Victor', 'Sofia', 'Rachael']
['Kathryn', 'Anastasia', 'Tracie', 'Cathryn', 'Conrad', 'Nola', 'Monique', 'Chasity', 'Tisha', 'Jody', 'Mikel', 'Buster', 'Allyson', 'Marty', 'Helene', 'Caroline', 'Edgardo', 'Stella', 'Milagros', 'Rebekah']
['Alexander', 'Hubert', 'Kitty', 'Teresa', 'Boyd', 'Ty', 'Arlene', 'Michelle', 'Lauren', 'Zack', 'Giuseppe', 'Ignacio', 'Bert', 'Bryan', 'Galen', 'Winford', 'Doris', 'Alden', 'Delores', 'Adriana']
['Araceli', 'Carlene', 'Delia', 'Jaime', 'Daniel', 'Lora', 'Audrey', 'Leif', 'Johnnie', 'Iris', 'Diane', 'Kristine', 'Marilyn', 'Simon', 'Eliza', 'Bridgett', 'George', 'Mckinley', 'Joy', 'Oren']
['Keneth', 'Jorge', 'Jon', 'Moses', 'Mathew', 'Aisha', 'Austin', 'Orlando', 'Ramon', 'Merrill', 'Desmond', 'Mason', 'Joan', 'Filiberto', 'Russel', 'Donovan', 'Roberta', 'Donnie', 'Roger', 'Bridgette']
['Fran', 'Ricardo', 'Sherrie', 'Kieth', 'Kent', 'Luis', 'Jeff', 'Albert', 'Vanessa', 'Mark', 'Elijah', 'Stanley', 'Matt', 'Wilton', 'Ilene', 'Rex', 'Brad', 'Clifford', 'Jefferey', 'Marquita']
['Brenton', 'Ada', 'Isiah', 'Lakeisha', 'Ginger', 'Jeannie', 'Cathy', 'Daisy', 'Elisa', 'Kristofer', 'Barrett', 'Minh', 'Isaiah', 'Carmen', 'Bridget', 'Antwan', 'Lynnette', 'Reva', 'Cameron', 'Rosario']
['Ernestine', 'Jaclyn', 'Derek', 'Carrie', 'Kelly', 'Alvaro', 'Vera', 'Dario', 'Clemente', 'Wilfredo', 'Mildred', 'Earle', 'Alberta', 'Ila', 'Sharron', 'Maude', 'Thurman', 'Rosa', 'Ines', 'Wendi']
['Diann', 'Efren', 'Bryce', 'Damian', 'Wendell', 'Freda', 'Heidi', 'Lucia', 'Rene', 'Earline', 'Basil', 'Dan', 'Sol', 'Joanna', 'Bo', 'Pedro', 'Salvador', 'Toni', 'Karen', 'Demarcus']
['Lenore', 'Mattie', 'Calvin', 'Mallory', 'Leona', 'Keith', 'Wiley', 'Harland', 'Shannon', 'Mindy', 'Kay', 'Jenny', 'Tod', 'Donny', 'Charmaine', 'Alana', 'Timothy', 'Charlotte', 'Seymour', 'Althea']
['Krista', 'Diana', 'Andrea', 'Deanna', 'Trinidad', 'Eileen', 'Ulysses', 'Marco', 'Holly', 'Doug', 'Sean', 'Mollie', 'Nanette', 'Bertie', 'Hillary', 'Curt', 'Opal', 'Tricia', 'Marquis', 'Arlie']
['Brandi', 'Reuben', 'Colby', 'Willis', 'Nick', 'Annabelle', 'Florine', 'Sharlene', 'Guadalupe', 'Jeanine', 'Evangelina', 'Eugene', 'Caleb', 'Brittany', 'Lina', 'Shelia', 'Geraldo', 'Phoebe', 'Rueben', 'Adele']
