['51', '153', '255', '357', '459', '510', '612', '714', '816', '918']
['1', '52', '154', '256', '358', '511', '613', '715', '817', '919']
['2', '53', '155', '257', '359', '512', '614', '716', '818']
['3', '54', '156', '258', '513', '615', '717', '819']
['4', '55', '157', '259', '514', '616', '718']
['5', '56', '158', '515', '617', '719']
['6', '57', '159', '516', '618']
['7', '58', '517', '619']
['8', '59', '518']
['9', '519']
['10', '61', '112', '163', '214', '265', '316', '367', '418', '469', '520', '571', '622', '673', '724', '775', '826', '877', '928', '979', '0', '11', '12', '13', '14', '15', '16', '17', '18', '19', '20', '40', '60', '62', '63', '64', '65', '66', '67', '68', '69', '70', '71', '72', '73', '74', '75', '76', '77', '78', '79', '80', '100', '101', '102', '103', '104', '105', '106', '107', '108', '109', '110', '111', '113', '114', '115', '116', '117', '118', '119', '120', '140', '160', '161', '162', '164', '165', '166', '167', '168', '169', '170', '171', '172', '173', '174', '175', '176', '177', '178', '179', '180', '200', '201', '202', '203', '204', '205', '206', '207', '208', '209', '210', '211', '212', '213', '215', '216', '217', '218', '219', '220', '240', '260', '261', '262', '263', '264', '266', '267', '268', '269', '270', '271', '272', '273', '274', '275', '276', '277', '278', '279', '280', '300', '301', '302', '303', '304', '305', '306', '307', '308', '309', '310', '311', '312', '313', '314', '315', '317', '318', '319', '320', '340', '360', '361', '362', '363', '364', '365', '366', '368', '369', '370', '371', '372', '373', '374', '375', '376', '377', '378', '379', '380', '400', '401', '402', '403', '404', '405', '406', '407', '408', '409', '410', '411', '412', '413', '414', '415', '416', '417', '419', '420', '440', '460', '461', '462', '463', '464', '465', '466', '467', '468', '470', '471', '472', '473', '474', '475', '476', '477', '478', '479', '480', '500', '521', '522', '523', '524', '525', '526', '527', '528', '529', '530', '531', '532', '533', '534', '535', '536', '537', '538', '539', '540', '560', '561', '562', '563', '564', '565', '566', '567', '568', '569', '570', '572', '573', '574', '575', '576', '577', '578', '579', '580', '600', '620', '621', '623', '624', '625', '626', '627', '628', '629', '630', '631', '632', '633', '634', '635', '636', '637', '638', '639', '640', '660', '661', '662', '663', '664', '665', '666', '667', '668', '669', '670', '671', '672', '674', '675', '676', '677', '678', '679', '680', '700', '720', '721', '722', '723', '725', '726', '727', '728', '729', '730', '731', '732', '733', '734', '735', '736', '737', '738', '739', '740', '760', '761', '762', '763', '764', '765', '766', '767', '768', '769', '770', '771', '772', '773', '774', '776', '777', '778', '779', '780', '800', '820', '821', '822', '823', '824', '825', '827', '828', '829', '830', '831', '832', '833', '834', '835', '836', '837', '838', '839', '840', '860', '861', '862', '863', '864', '865', '866', '867', '868', '869', '870', '871', '872', '873', '874', '875', '876', '878', '879', '880', '900', '920', '921', '922', '923', '924', '925', '926', '927', '929', '930', '931', '932', '933', '934', '935', '936', '937', '938', '939', '940', '960', '961', '962', '963', '964', '965', '966', '967', '968', '969', '970', '971', '972', '973', '974', '975', '976', '977', '978']
['980', '982', '983', '984', '985', '986', '987', '988', '989', '990', '991', '992', '993', '994', '995', '996', '997', '998', '999']
['981']
['421']
['422', '881']
['321', '423', '882']
['322', '424', '781', '883']
['221', '323', '425', '782', '884']
['222', '324', '426', '681', '783', '885']
['121', '223', '325', '427', '682', '784', '886']
['122', '224', '326', '428', '581', '683', '785', '887']
['21', '123', '225', '327', '429', '582', '684', '786', '888']
['22', '124', '226', '328', '430', '481', '583', '685', '787', '889']
['23', '125', '227', '329', '431', '482', '584', '686', '788', '890', '941']
['24', '126', '228', '330', '381', '432', '483', '585', '687', '789', '891', '942']
['25', '127', '229', '331', '382', '433', '484', '586', '688', '790', '841', '892', '943']
['26', '128', '230', '281', '332', '383', '434', '485', '587', '689', '791', '842', '893', '944']
['27', '129', '231', '282', '333', '384', '435', '486', '588', '690', '741', '792', '843', '894', '945']
['28', '130', '181', '232', '283', '334', '385', '436', '487', '589', '691', '742', '793', '844', '895', '946']
['29', '131', '182', '233', '284', '335', '386', '437', '488', '590', '641', '692', '743', '794', '845', '896', '947']
['30', '81', '132', '183', '234', '285', '336', '387', '438', '489', '591', '642', '693', '744', '795', '846', '897', '948']
['31', '82', '133', '184', '235', '286', '337', '388', '439', '490', '541', '592', '643', '694', '745', '796', '847', '898', '949']
['32', '83', '134', '185', '236', '287', '338', '389', '491', '542', '593', '644', '695', '746', '797', '848', '899', '950']
['33', '84', '135', '186', '237', '288', '339', '390', '441', '492', '543', '594', '645', '696', '747', '798', '849', '951']
['34', '85', '136', '187', '238', '289', '391', '442', '493', '544', '595', '646', '697', '748', '799', '850', '901', '952']
['35', '86', '137', '188', '239', '290', '341', '392', '443', '494', '545', '596', '647', '698', '749', '851', '902', '953']
['36', '87', '138', '189', '291', '342', '393', '444', '495', '546', '597', '648', '699', '750', '801', '852', '903', '954']
['37', '88', '139', '190', '241', '292', '343', '394', '445', '496', '547', '598', '649', '751', '802', '853', '904', '955']
['38', '89', '191', '242', '293', '344', '395', '446', '497', '548', '599', '650', '701', '752', '803', '854', '905', '956']
['39', '90', '141', '192', '243', '294', '345', '396', '447', '498', '549', '651', '702', '753', '804', '855', '906', '957']
['91', '142', '193', '244', '295', '346', '397', '448', '499', '550', '601', '652', '703', '754', '805', '856', '907', '958']
['41', '92', '143', '194', '245', '296', '347', '398', '449', '551', '602', '653', '704', '755', '806', '857', '908', '959']
['42', '93', '144', '195', '246', '297', '348', '399', '450', '501', '552', '603', '654', '705', '756', '807', '858', '909']
['43', '94', '145', '196', '247', '298', '349', '451', '502', '553', '604', '655', '706', '757', '808', '859', '910']
['44', '95', '146', '197', '248', '299', '350', '452', '503', '554', '605', '656', '707', '758', '809', '911']
['45', '96', '147', '198', '249', '351', '453', '504', '555', '606', '657', '708', '759', '810', '912']
['46', '97', '148', '199', '250', '352', '454', '505', '556', '607', '658', '709', '811', '913']
['47', '98', '149', '251', '353', '455', '506', '557', '608', '659', '710', '812', '914']
['48', '99', '150', '252', '354', '456', '507', '558', '609', '711', '813', '915']
['49', '151', '253', '355', '457', '508', '559', '610', '712', '814', '916']
['50', '152', '254', '356', '458', '509', '611', '713', '815', '917']
