['0', '42', '126', '168', '252', '295', '379', '421', '463', '505', '589', '631', '757', '799', '841', '884', '926', '968', '17', '18', '29', '86', '232', '415', '573', '801', '942']
['85', '127', '211', '296', '338', '380', '422', '506', '590', '632', '674', '716', '758', '800', '842', '885', '927', '969', '51', '54', '56', '93', '179', '204', '649', '894']
['128', '170', '212', '254', '297', '381', '423', '465', '549', '633', '717', '759', '843', '886', '928', '970', '36', '50', '106', '159', '315', '373', '384', '855', '946', '966']
['171', '213', '298', '382', '424', '508', '592', '634', '676', '718', '760', '802', '844', '887', '929', '971', '26', '48', '70', '84', '173', '326', '521', '678']
['130', '172', '214', '299', '341', '383', '425', '467', '509', '551', '593', '635', '677', '719', '761', '803', '845', '888', '930', '13', '43', '108', '120', '138', '155', '352']
['47', '131', '215', '257', '300', '342', '426', '468', '510', '552', '594', '636', '720', '762', '804', '846', '889', '931', '973', '15', '72', '139', '161', '162', '201', '470']
['132', '174', '216', '258', '301', '343', '427', '469', '553', '595', '637', '679', '721', '763', '805', '847', '890', '932', '974', '41', '209', '830']
['91', '133', '175', '217', '259', '302', '344', '386', '428', '512', '554', '596', '638', '680', '722', '764', '806', '848', '891', '933', '975', '3', '45', '65', '210', '403', '511']
['92', '134', '176', '218', '260', '303', '345', '387', '429', '471', '513', '555', '597', '639', '681', '723', '765', '807', '849', '892', '934', '976', '12', '40', '77', '90', '275']
['219', '261', '304', '346', '430', '472', '514', '556', '598', '640', '682', '724', '766', '808', '850', '893', '935', '977', '660', '752']
['94', '220', '262', '347', '389', '473', '515', '557', '599', '641', '683', '725', '767', '809', '851', '936', '978', '38', '66', '147', '314', '853', '972']
['53', '95', '221', '263', '306', '348', '390', '432', '474', '516', '600', '642', '684', '726', '768', '810', '852', '895', '937', '979', '31', '46', '52', '189', '268', '288', '605']
['222', '264', '307', '349', '391', '433', '475', '517', '559', '643', '685', '727', '769', '811', '896', '938', '980', '55', '75', '81', '137', '245', '246', '305', '400', '913']
['97', '223', '308', '350', '392', '434', '518', '560', '602', '644', '686', '728', '770', '812', '854', '897', '981', '49', '103', '152', '165', '178', '335']
['140', '182', '224', '266', '309', '351', '435', '477', '519', '561', '603', '645', '687', '729', '771', '813', '898', '940', '982', '80', '256']
['141', '183', '225', '310', '394', '436', '478', '520', '562', '604', '646', '688', '730', '772', '814', '899', '941', '983', '2', '135', '339', '405', '545', '922']
['100', '142', '184', '226', '311', '353', '395', '437', '479', '563', '647', '689', '731', '773', '815', '858', '900', '984', '14', '39', '109', '366', '413', '418', '272']
['59', '101', '143', '185', '227', '269', '312', '354', '396', '438', '480', '522', '564', '606', '648', '690', '732', '774', '816', '859', '901', '943', '985', '37', '385', '466', '692']
['60', '102', '144', '186', '228', '270', '313', '355', '397', '439', '481', '523', '565', '607', '691', '733', '775', '817', '860', '902', '944', '986', '10', '83', '114', '417']
['19', '229', '356', '398', '440', '524', '566', '608', '650', '734', '818', '861', '903', '945', '788']
['104', '230', '273', '399', '441', '483', '525', '567', '609', '651', '693', '735', '777', '819', '862', '904', '988', '675', '708']
['105', '231', '316', '358', '442', '526', '568', '610', '652', '694', '778', '820', '863', '905', '947', '989', '125', '535']
['64', '148', '190', '359', '401', '443', '485', '527', '569', '611', '653', '695', '779', '821', '864', '906', '948', '990', '146', '255', '715', '776']
['23', '107', '191', '233', '318', '360', '402', '444', '486', '528', '570', '612', '654', '696', '738', '780', '822', '865', '907', '949', '991', '96', '98', '99', '206', '265', '332']
['150', '192', '234', '277', '319', '361', '445', '487', '529', '571', '613', '655', '697', '781', '823', '866', '908', '950', '992', '34', '293', '460', '550', '987']
['67', '151', '193', '235', '278', '320', '362', '404', '446', '488', '572', '614', '656', '698', '740', '782', '824', '867', '909', '951', '993', '21', '88', '317', '364', '476', '617']
['68', '110', '236', '279', '321', '447', '489', '531', '615', '657', '699', '741', '783', '868', '910', '952', '994']
['69', '111', '153', '195', '237', '280', '322', '406', '448', '490', '532', '574', '616', '658', '700', '742', '784', '826', '869', '911', '953', '995', '9', '187', '281', '673', '825']
['28', '112', '154', '196', '238', '323', '365', '407', '449', '491', '533', '575', '659', '701', '743', '785', '870', '912', '954', '996', '7']
['71', '113', '197', '239', '282', '324', '408', '450', '492', '534', '576', '618', '702', '744', '786', '828', '871', '955', '997', '121', '452', '739']
['30', '156', '198', '240', '283', '325', '367', '409', '451', '493', '577', '619', '661', '703', '745', '787', '829', '872', '914', '956', '998', '274', '393', '601', '736', '737']
['73', '157', '199', '241', '284', '368', '410', '494', '536', '578', '620', '662', '704', '746', '873', '915', '957', '999', '5', '20', '61', '74', '180', '431']
['158', '200', '285', '327', '369', '411', '453', '495', '537', '579', '621', '663', '705', '747', '789', '831', '874', '916', '958', '856', '22', '25', '62', '149', '357', '482', '591']
['33', '117', '243', '286', '328', '370', '412', '454', '538', '580', '622', '664', '706', '748', '790', '832', '875', '917', '959', '8', '35', '122', '177', '194', '267', '530']
['76', '118', '160', '202', '244', '287', '329', '371', '455', '497', '539', '581', '623', '665', '707', '749', '791', '833', '876', '918', '960', '4', '11', '27', '44', '181', '496']
['119', '203', '330', '372', '414', '456', '498', '540', '582', '624', '666', '750', '792', '834', '877', '919', '961', '58', '129', '145', '247', '290', '484', '547']
['78', '289', '331', '457', '499', '541', '583', '625', '667', '709', '751', '793', '835', '878', '920', '962', '6', '16', '63', '89', '136', '169', '253', '363', '416']
['79', '163', '374', '458', '500', '542', '584', '626', '668', '710', '794', '836', '921', '963', '57', '188', '248', '337']
['164', '291', '333', '375', '459', '501', '543', '585', '627', '669', '711', '753', '795', '837', '880', '964', '87', '205', '548', '879']
['123', '207', '249', '292', '334', '376', '502', '544', '586', '628', '670', '712', '754', '796', '838', '923', '965', '32', '115', '116', '276', '340', '464', '507']
['82', '124', '208', '250', '377', '419', '461', '503', '587', '629', '671', '713', '755', '797', '839', '882', '924', '1', '24', '167', '558', '857', '939']
['251', '294', '336', '378', '420', '462', '504', '546', '588', '630', '672', '714', '756', '798', '840', '883', '925', '967', '166', '242', '271', '388', '827', '881']
