['Bekki', 'Britt', 'Celia', 'Colly', 'Darlene', 'Dosi', 'Emelita', 'Farica', 'Georgette', 'Hannie', 'Jacquenetta', 'Jodi', 'Katee', 'Lacy', 'Lida', 'Maridel', 'Meridith', 'Naoma', 'Oralia', 'Rachael', 'Rosalinde', 'Sheba', 'Tami', 'Trude', 'Wileen', 'Alaine', 'Anastassia', 'Aurelia', 'Barbey']
['Almira', 'Ara', 'Bel', 'Brittan', 'Celinda', 'Constancy', 'Darline', 'Drusilla', 'Emelyne', 'Faun', 'Georgiana', 'Harriette', 'Janean', 'Johna', 'Katherina', 'Ladonna', 'Liesa', 'Lyndsay', 'Mariejeanne', 'Merilee', 'Naomi', 'Orel', 'Raeann', 'Rosamond', 'Sheena', 'Tamiko', 'Trudie', 'Willamina', 'Adel', 'Allx', 'Dani', 'Lyndel']
['Althea', 'Ardath', 'Belia', 'Brittney', 'Chandra', 'Consuelo', 'Darrelle', 'Drusy', 'Emili', 'Fawne', 'Geralda', 'Hedi', 'Jania', 'Johnath', 'Kathryne', 'Laina', 'Lila', 'Lynett', 'Mariette', 'Merilyn', 'Nataline', 'Orelle', 'Rafaela', 'Rose', 'SheilaKathryn', 'Tammy', 'Twila', 'Wilow', 'Alexina', 'Allissa', 'Amelia', 'Antonina', 'Emma']
['Alyce', 'Ardelia', 'Belicia', 'Brunhilda', 'Charis', 'Coral', 'Dayle', 'Dyan', 'Emily', 'Fayina', 'Gerhardine', 'Hedwiga', 'Janice', 'Jolynn', 'Katie', 'Lana', 'Lilian', 'Lynne', 'Marita', 'Merla', 'Natalya', 'Orly', 'Rafaelia', 'Rosie', 'Shela', 'Tansy', 'Ulla', 'Wini', 'Alex', 'Maddalena']
['Ardelle', 'Belva', 'Brunhilde', 'Charleen', 'Coralie', 'Ddene', 'Dyana', 'Emlyn', 'Faythe', 'Gerladina', 'Heidie', 'Janis', 'Jonell', 'Katina', 'Lanna', 'Lillian', 'Marjie', 'Merna', 'Nathalia', 'Paige', 'Rakel', 'Rosmunda', 'Shell', 'Tara', 'Valencia', 'Winni', 'Alida', 'Andrei']
['Amargo', 'Ardene', 'Benetta', 'Bryn', 'Charlena', 'Cordi', 'Deane', 'Dyann', 'Felecia', 'Germain', 'Helaine', 'Janna', 'Jonie', 'Katleen', 'Lanni', 'Lilllie', 'Madelaine', 'Marlee', 'Merrile', 'Neala', 'Pam', 'Ralina', 'Rosy', 'Shena', 'Tarra', 'Valentina', 'Wynnie', 'Annamarie', 'Antonella', 'Carine']
['Ardith', 'Charlotte', 'Corene', 'Dede', 'Eadith', 'Emmey', 'Felicdad', 'Gerry', 'Helen', 'Jannel', 'Jori', 'Katlin', 'Larine', 'Lily', 'Madeline', 'Marlyn', 'Merrilee', 'Neila', 'Pamelina', 'Randene', 'Roxana', 'Sherri', 'Tarrah', 'Valera', 'Xena']
['Ardyth', 'Berni', 'Cal', 'Cherey', 'Corine', 'Deerdre', 'Eartha', 'Emmie', 'Felita', 'Helene', 'Jany', 'Jorie', 'Katrine', 'Larisa', 'Lin', 'Madlin', 'Marrilee', 'Michal', 'Nelle', 'Pamella', 'Ranee', 'Roxie', 'Sheryl', 'Tate', 'Valerie', 'Xylia', 'Aggie', 'Allie', 'Allis', 'Annice']
['Andi', 'Arleen', 'Bernice', 'Calli', 'Cherice', 'Corinna', 'Deeyn', 'Eddie', 'Emyle', 'Gertrud', 'Henryetta', 'Jaquenetta', 'Juana', 'Katya', 'Larissa', 'Lindi', 'Madonna', 'Marrissa', 'Michelina', 'Nerita', 'Pansy', 'Ranique', 'Rubie', 'Shirlene', 'Tatum', 'Valida', 'Yevette']
['Aeriela', 'Andra', 'Arlena', 'Bert', 'Callida', 'Cherida', 'Corliss', 'Dehlia', 'Eddy', 'Enrica', 'Fern', 'Gertrude', 'Hester', 'Jaquenette', 'Judi', 'Kay', 'Latisha', 'Linell', 'Mady', 'Marsiella', 'Milicent', 'Nerte', 'Papagena', 'Ranna', 'Ruperta', 'Sibbie', 'Tedra', 'Vally', 'Yolanda', 'Aarika', 'Barb', 'Brandie', 'Ferdinanda', 'Flore']
['Ashia', 'Berte', 'Candice', 'Cherin', 'Cornie', 'Delcine', 'Edi', 'Ericha', 'Fernande', 'Gianna', 'Hildagarde', 'Jayne', 'Judith', 'Kayla', 'Lauraine', 'Linn', 'Maia', 'Martguerita', 'Min', 'Nessy', 'Paula', 'Raquela', 'Ruth', 'Sibby', 'Teena', 'Valma', 'Yolande', 'Bettine', 'Odetta']
['Andromache', 'Ashlie', 'Berthe', 'Candie', 'Cherish', 'Corny', 'Dell', 'Edyth', 'Ericka', 'Fina', 'Gilligan', 'Hilde', 'Jeannie', 'Julianna', 'Keeley', 'Laural', 'Linnet', 'Maiga', 'Marthena', 'Mindy', 'Netta', 'Paulette', 'Rasla', 'Ruthy', 'Sibeal', 'Terra', 'Valry', 'Yoshiko', 'Adelle', 'Adrian', 'Ally']
['Anestassia', 'Astrid', 'Candy', 'Cherrita', 'Corrianne', 'Delora', 'Elaina', 'Ermina', 'Flor', 'Gipsy', 'Hildegarde', 'Jeannine', 'Junie', 'Kellen', 'Lauralee', 'Lisa', 'Maighdiln', 'Marti', 'Minna', 'Nettie', 'Paulie', 'Ray', 'Sada', 'Sibella', 'Tersina', 'Venita', 'Yvonne', 'Aeriel', 'Anya', 'Aubrie', 'Bari']
['Ailyn', 'Anette', 'Astrix', 'Betta', 'Caprice', 'Chery', 'Cortney', 'Demetria', 'Elana', 'Ernaline', 'Florance', 'Giustina', 'HollyAnne', 'Jena', 'Jyoti', 'Kerrill', 'Lisetta', 'Maisie', 'Martica', 'Minne', 'Netty', 'Pauline', 'Raye', 'Sally', 'Sibley', 'Terza', 'Veradis', 'Zabrina']
['Ange', 'BetteAnn', 'Caresse', 'Cheryl', 'Cosetta', 'Dennie', 'Elane', 'Esmaria', 'Gladi', 'Hollyanne', 'Jeni', 'Kacy', 'Kerstin', 'Laurena', 'Lissie', 'Maitilde', 'Martie', 'Minnie', 'Nevsa', 'Pauly', 'Rebekah', 'Samaria', 'Siobhan', 'Therine', 'Vere', 'Zarla', 'Adoree', 'Cinnamon']
['Angela', 'Audie', 'Betti', 'Chloe', 'Costanza', 'Denny', 'Eleonora', 'Esme', 'Flossie', 'Gladys', 'Honor', 'Jennee', 'Kaile', 'Kettie', 'Lauretta', 'Lissy', 'Mala', 'Martita', 'Mirabella', 'Neysa', 'Pearl', 'Ree', 'Sandie', 'Sioux', 'Tiffani', 'Verina', 'Zelda', 'Alene', 'Annis', 'Berty']
['Audre', 'Carlina', 'Chris', 'Crista', 'Diann', 'Estella', 'Frankie', 'Glenda', 'Hortense', 'Jenni', 'Kaja', 'Ki', 'Laurianne', 'Livia', 'Malinda', 'Marty', 'Missie', 'Nicky', 'Peggy', 'Reeba', 'Sarah', 'Sofia', 'Tiffany', 'Vicki', 'Zena', 'Adriaens', 'Allyce', 'Bernete']
['Alane', 'Ania', 'Audrye', 'Beulah', 'Carlynn', 'Christabella', 'Cristina', 'Dierdre', 'Elfrieda', 'Estrella', 'Fred', 'Glennie', 'Hyacinthie', 'Jennilee', 'Kakalina', 'Kiley', 'Lauryn', 'Lizbeth', 'Malissa', 'Maryjane', 'Modesty', 'Nicola', 'Penny', 'Reena', 'Sarajane', 'Sofie', 'Tildy', 'Viki', 'Zenia', 'Adore']
['Anjanette', 'Augustina', 'Bird', 'Carmelita', 'Christiana', 'Cristine', 'Dixie', 'Elianora', 'Ethelin', 'Freda', 'Glory', 'Idette', 'Jenny', 'Kaleena', 'Kimberly', 'Lavena', 'Loreen', 'Mallissa', 'Maryl', 'Moina', 'Nicolea', 'Peria', 'Renelle', 'Saree', 'Stacey', 'Timmi', 'Vikki', 'Zilvia']
['Anna', 'Aundrea', 'Blair', 'Carmine', 'Christy', 'Crystie', 'Dodi', 'Elinore', 'Ethelind', 'Fredelia', 'Golda', 'Ilene', 'Jeri', 'Kalie', 'Kinna', 'Laverne', 'Lorelei', 'Manda', 'Mathilda', 'Mollee', 'Niki', 'Perl', 'Rhea', 'Sarene', 'Stacie', 'Tine', 'Vikky', 'Zitella', 'Daniella']
['Aleece', 'AnnaDiana', 'Blake', 'Carolee', 'Chrystel', 'Cyndie', 'Dolli', 'Elisabetta', 'Ethelyn', 'Frieda', 'Goldy', 'Illa', 'Jermaine', 'Kally', 'Kipp', 'Layla', 'Lorette', 'Manya', 'Maude', 'Mollie', 'Nina', 'Petrina', 'Rivalee', 'Savina', 'Stefania', 'Tiphani', 'Vilhelmina', 'Gertie']
['Annabal', 'Aurelie', 'Blanca', 'Caroljean', 'Cindee', 'Dacey', 'Dollie', 'Elita', 'Ettie', 'Gabi', 'Grace', 'Ilyse', 'Jerrine', 'Kamilah', 'Kirbee', 'Layney', 'Lorie', 'Marcela', 'Maxi', 'Monah', 'Ninon', 'Phil', 'Robena', 'Scarlett', 'Steffie', 'Tiphany', 'Vin', 'Allene', 'Alyssa']
['Annabell', 'Aurilia', 'Blinny', 'Carroll', 'Daffy', 'Doloritas', 'Eliza', 'Eugine', 'Gabie', 'Grata', 'Imelda', 'Jess', 'Kandy', 'Kirsten', 'Leandra', 'Lorinda', 'Marcelle', 'Maybelle', 'Monika', 'Nissa', 'Philippe', 'Robina', 'Selie', 'Stormie', 'Tisha', 'Viola']
['Annadiana', 'Auroora', 'Blondy', 'Cissy', 'Dagmar', 'Donica', 'Elizabet', 'Evaleen', 'Gabriell', 'Grayce', 'Imogen', 'Jessi', 'Karie', 'Kirstin', 'Leigh', 'Lorri', 'Marchelle', 'Meagan', 'Morissa', 'Nollie', 'Philis', 'Robinett', 'Shandie', 'Sukey', 'Tobi', 'Violetta', 'Ainslee', 'Alanna', 'Aleda']
['Alia', 'Annamaria', 'Ava', 'Bobbette', 'Caryn', 'Clarabelle', 'Donnamarie', 'Elmira', 'Evelina', 'Gabrielle', 'Grazia', 'Indira', 'Jessica', 'Karin', 'Kirstyn', 'Lelah', 'Lou', 'Marci', 'Meaghan', 'Murial', 'Nonnah', 'Phillida', 'Robyn', 'Shane', 'Susan', 'Tommi', 'Virginia']
['Alice', 'Aviva', 'Bobbi', 'Casey', 'Claresta', 'Danice', 'Donnie', 'Elnore', 'Eveline', 'Gabrila', 'Gretel', 'Irene', 'Jessie', 'Karina', 'Kitti', 'Leonelle', 'Louella', 'Marcille', 'Mela', 'Myrah', 'Noreen', 'Phillie', 'Rochell', 'Shannon', 'Susann', 'Tonya', 'Vittoria', 'Abbye']
['Annette', 'Ayn', 'Bobbye', 'Cassandry', 'Clarissa', 'Daniela', 'Doralynn', 'Eloisa', 'Evita', 'Gae', 'Gusta', 'Iris', 'Jessika', 'Karine', 'Konstanze', 'Leontine', 'Luci', 'Mareah', 'Melba', 'Myrilla', 'Norene', 'Philomena', 'Rochette', 'Shanta', 'Susannah', 'Tonye', 'Vivian', 'Agathe', 'Caryl']
['Bobette', 'Cassey', 'Clarisse', 'Dore', 'Eloise', 'Eyde', 'Gale', 'Gusti', 'Irita', 'Jillian', 'Karlotte', 'Koral', 'Leshia', 'Luciana', 'Margaret', 'Melicent', 'Myrta', 'Norrie', 'Phoebe', 'Rodie', 'Sharleen', 'Susanne', 'Torey', 'Vivianne', 'Brynn', 'Elfie']
['Annie', 'Barbette', 'Bonita', 'Cassy', 'Clary', 'Dannie', 'Doria', 'Else', 'Ezmeralda', 'Gay', 'Gweneth', 'Isabel', 'Jilly', 'Karlyn', 'Koralle', 'Leslie', 'Lucky', 'Margarete', 'Melinda', 'Nadia', 'Odele', 'Phyllida', 'Rodina', 'Sharlene', 'Suzanna', 'Tori', 'Vivienne', 'Ainslie', 'Lauree']
['Bonnee', 'Cate', 'Clea', 'Darcee', 'Dorie', 'Elsinore', 'Faina', 'Gayle', 'Gwennie', 'Isidora', 'Jinny', 'Karol', 'Korella', 'Leta', 'Ludovika', 'Margaretha', 'Melisa', 'Nadiya', 'Pietra', 'Ronalda', 'Sharon', 'Suzie', 'Tova', 'Vonni']
['Anselma', 'Barby', 'Catha', 'Clem', 'Darci', 'Doro', 'Elvera', 'Fan', 'Gaylene', 'Hailee', 'Isobel', 'JoAnn', 'Karolina', 'Koren', 'Lethia', 'Luelle', 'Margaretta', 'Melisenda', 'Nalani', 'Odilia', 'Pollyanna', 'Ronna', 'Sharron', 'Sybil', 'Tracey', 'Vyky']
['Bree', 'Catharina', 'Clemence', 'Darcie', 'Dorothy', 'Elyn', 'Fanchette', 'Genevieve', 'Haily', 'Jacintha', 'Joane', 'Karrah', 'Kristel', 'Letitia', 'Lura', 'Margarette', 'Mellisent', 'Nancey', 'Ofella', 'Pooh', 'Roobbie', 'Shawnee', 'Sylvia', 'Tracie', 'Wallie', 'Alikee']
['Antonetta', 'Barrie', 'Bren', 'Catlin', 'Clementine', 'Darelle', 'Dorris', 'Ema', 'Fania', 'Genna', 'Haley', 'Jacinthe', 'Joannes', 'Karrie', 'Kristine', 'Letta', 'Lusa', 'Marget', 'Melodie', 'Nanette', 'Ola', 'Portia', 'Rorie', 'Shayla', 'Tabbie', 'Trina', 'Wandie']
['Antonie', 'Bea', 'Brigitte', 'Cecilia', 'Cleopatra', 'Daria', 'Dorthy', 'Emalia', 'Fannie', 'Gennie', 'Hallie', 'Jackelyn', 'Jobi', 'Kass', 'Kyla', 'Lexy', 'Luz', 'Margie', 'Mercedes', 'Nanine', 'Olva', 'Pris', 'Ros', 'Shaylah', 'Tallia', 'Trix', 'Wandis', 'Angelita']
['Bee', 'Britni', 'Celestine', 'Clotilda', 'Darleen', 'Dory', 'Emeline', 'Farand', 'Georgeta', 'Hanni', 'Jacky', 'Jobina', 'Kate', 'Kyle', 'Lib', 'Lydie', 'Marian', 'Meredithe', 'Nanni', 'Onida', 'Prudence', 'Rosa', 'Shayna', 'Tallou', 'Trixy', 'Wendi', 'Ailis', 'Alison']
