['1', '37', '73', '109', '145', '181', '217', '289', '325', '361', '397', '433', '469', '11', '281']
['2', '74', '146', '182', '218', '290', '362', '398', '72', '76', '148', '292', '364']
['3', '39', '75', '111', '147', '219', '255', '291', '327', '363', '399', '471', '71', '253', '463']
['4', '40', '112', '220', '256', '328', '472', '38', '110', '222', '254', '326', '470', '474']
['5', '41', '77', '149', '185', '221', '257', '293', '329', '401', '437', '473', '141', '143', '393']
['6', '42', '78', '150', '186', '294', '402', '438', '80', '184', '400', '436']
['7', '79', '115', '151', '187', '223', '259', '331', '403', '439', '475', '113', '117', '323', '435']
['8', '116', '188', '224', '260', '332', '368', '476', '114', '258', '330', '366', '370']
['9', '45', '81', '153', '189', '261', '297', '333', '369', '405', '441', '43', '183', '295']
['46', '82', '154', '226', '298', '406', '442', '478', '44', '48', '152', '228', '296', '404', '440']
['47', '83', '119', '191', '227', '263', '299', '335', '371', '443', '479', '225', '229', '231', '477']
['12', '84', '120', '192', '264', '336', '372', '444', '10', '118', '190', '262', '334', '446']
['13', '49', '121', '157', '193', '265', '301', '373', '409', '445', '481', '155', '159', '365', '367']
['14', '50', '158', '230', '266', '302', '374', '410', '482', '52', '156', '300', '408', '412', '480']
['51', '87', '123', '195', '303', '339', '375', '411', '447', '483', '85', '89', '337', '341', '343']
['88', '124', '196', '268', '340', '448', '484', '86', '122', '126', '194', '338', '342']
['17', '53', '125', '161', '233', '269', '305', '377', '413', '485', '15', '267', '271', '407']
['18', '54', '162', '234', '306', '378', '414', '450', '16', '160', '164', '232', '304', '376']
['19', '55', '91', '163', '199', '235', '307', '415', '451', '487', '197', '201', '449', '453', '455']
['56', '92', '200', '272', '308', '344', '416', '488', '90', '94', '198', '202', '270', '418', '486']
['21', '93', '129', '165', '237', '273', '345', '381', '417', '489', '127', '131', '379', '383']
['22', '130', '166', '238', '346', '382', '454', '490', '20', '128', '168', '236', '348', '380', '452']
['23', '59', '95', '167', '203', '275', '311', '347', '419', '57', '309', '313']
['60', '96', '204', '276', '312', '384', '420', '456', '58', '98', '206', '274', '310']
['25', '61', '97', '133', '205', '241', '277', '349', '385', '457', '493', '239', '243', '491', '495']
['26', '134', '242', '314', '350', '422', '494', '24', '132', '136', '240', '244', '316', '424', '492']
['27', '63', '135', '171', '207', '279', '315', '387', '423', '459']
['28', '64', '172', '208', '280', '388', '460', '496', '62', '170', '174', '278', '386', '390', '458']
['65', '137', '173', '209', '245', '317', '353', '389', '425', '461', '497']
['66', '102', '138', '210', '246', '318', '354', '426', '462', '100', '140', '248', '352', '428']
['31', '67', '103', '139', '175', '247', '283', '319', '355', '391', '427', '499']
['32', '176', '284', '356', '392', '464', '500', '30', '178', '282', '358', '466', '498', '502']
['33', '69', '105', '177', '213', '249', '285', '321', '357', '429', '465', '501', '29', '169', '421']
['70', '106', '214', '250', '322', '394', '430', '68', '104', '212', '216', '320', '396']
['35', '107', '179', '215', '251', '287', '359', '395', '431', '467', '503', '99', '101', '211', '351']
['36', '108', '144', '180', '252', '288', '324', '360', '432', '468', '504', '34', '142', '286', '434']
