['HDINGJ', 'QJGJQD', 'OTRZOF', 'JIKZRM', 'APSDUX']
['GIPKBJ', 'CXZWHH', 'WNZBJA', 'QVGWFV', 'TXZFXD']
['ZRYXFK', 'EILENK', 'IRPDLH', 'PANTSS', 'HNACGL']
['VQTCPC', 'MNXXOV', 'NGNGFS', 'LUVSMO', 'XAMYNA']
['ZYDXBH', 'GCCFDS', 'BSMNKS', 'MMINZX', 'RINOWS']
['ZOQFLY', 'WNOBIR', 'CUAMIY', 'XBVQMQ', 'KBTLKR']
['MKYLJZ', 'VAXWWB', 'MSHNIF', 'OQHMGQ', 'KHPCHV']
['HENZCQ', 'FSPOVQ', 'XQFWGN', 'TBDGCF', 'HBXULO']
['SJHJSP', 'YWTEIY', 'KSDUOH', 'SWOANK', 'LAYOXE']
['OUYNUO', 'RAXPGY', 'KWTLFO', 'QZAQZM', 'HDDUSC']
['GWVHCD', 'LISSCC', 'ENTPGB', 'QOUMVQ', 'NUMTZU']
['ELVJNF', 'CQOVDO', 'RSZBSQ', 'MZWVLU', 'RXNTVX']
['ZXTIIL', 'PHRZDN', 'ZFQHOU', 'WKJHLN', 'XEGTTC']
['PCDWVY', 'LUJRSZ', 'TLZMUU', 'JVHAWN', 'SXBMVM']
['VIINBF', 'PMNDTO', 'NQRKCB', 'GDITDM', 'ROGPYD']
['JZMCXE', 'RRARNW', 'ALWBSA', 'JTVAZF', 'VEELAD']
['RHLVAR', 'UNVRCU', 'QFNIFX', 'BTCOGZ', 'VPVXEZ']
['UJKPKF', 'FIOEZG', 'ZFNGEZ', 'CEFHVH', 'TFDYVJ']
['EPJBRW', 'FRPZKO', 'ZPPHDD', 'IDTMKU', 'CYRJRN']
['XMPVIB', 'WTAUOC', 'VDRWCQ', 'FTEJEX', 'LCTRFZ']
['PXSFTE', 'AIHYEU', 'VYQSPX', 'HANQXX', 'QMJNDU']
['KQQTIN', 'HKGFCY', 'ACVORO', 'HLVCDS', 'VDMKPA']
['AIXOBA', 'HVZCSR', 'AOALEJ', 'QDYGDY', 'JOKQNL']
['WRHJDY', 'QQASIU', 'DQPBUX', 'SXZMLL', 'SBOPCF']
['FLMDCG', 'WTJAAR', 'BTPHRW', 'YHFEMU', 'MVLXLF']
['JRVRDQ', 'CAXGHJ', 'MKOVHR', 'XHHQUX', 'OHYLEL']
['EFWVMP', 'UTQHVK', 'BNREKZ', 'CRIQJJ', 'BQOFFC']
['UGNUBI', 'RADQYL', 'GXTUIE', 'RABJTO', 'IDWAXH']
['TEPVGI', 'YORJTS', 'WATNTG', 'PJRMUG', 'UNZLOB']
['DGJMRG', 'HEEBPV', 'TGWBUH', 'NSKTOT', 'CIIJGT']
['IMLDIL', 'GSVEEU', 'PLXBCS', 'XVWNYJ', 'HKUALV']
['GJECQO', 'DCLHOC', 'RLZMZO', 'JFEOVE', 'YLGVZV']
['LDYDNY', 'KEHOKX', 'VIZKXC', 'EKFPXH', 'HWGIEU']
['JTSIZR', 'DXDNIP', 'DTHDLE', 'CHAKPE', 'GNFOFC']
['EAWSFT', 'CNKWAF', 'WSWGGL', 'JIFHDC', 'QPUAND']
['OFFPSH', 'KHCWXQ', 'AGIXOL', 'KIHAIO', 'MKJRTA']
['IECUFU', 'GOSFUC', 'LHHBOC', 'NJMKRN', 'HBDJFS']
['TAHALS', 'MAJKPI', 'FJNGEU', 'UDZEOI', 'MZUUMQ']
['AJRTQU', 'SEDFTJ', 'YBVPWL', 'ZFLGNB', 'ETNPSY']
['IOWIRG', 'OCLQPM', 'ZLZUEA', 'BCQGRD', 'NYVYCT']
['UWVEIC', 'JYXINR', 'HOBKGD', 'XALQHO', 'QMRLSO']
['FFHKOE', 'LKREEQ', 'AIXHML', 'KMVGQH', 'HZPRRO']
['USWWMX', 'NGAPVM', 'XJKLAT', 'VLHWJM', 'DADVKH']
['MQOUTD', 'UFCVYL', 'MGYYTU', 'UAXYWV', 'KUVUPZ']
['USCURZ', 'UHPFBP', 'JSOMIK', 'LIMSRT', 'JUUAOQ']
['HQBUUL', 'KEICTJ', 'NOTTVP', 'QDOTJD', 'KFMCZH']
['DSBBLL', 'DMKAKB', 'CWSMWP', 'EQUGKM', 'PHBYJN']
['FDQAXB', 'JRIDSX', 'HTKSMY', 'UQVDYP', 'HBFAEG']
['EASKJX', 'EFTMLE', 'QKRKHF', 'OFEEAY', 'JCPOEL']
['FYEDUV', 'HALEBP', 'RLSDWW', 'UZOANW', 'CUGJII']
['TUEZMO', 'VONBVI', 'ZVDURM', 'QPWEEB', 'TBJDSH']
['ONXBUS', 'PZWOAZ', 'JXPDOB', 'WWZBDT', 'KTSDWK']
['QZIVJL', 'LAKQIP', 'RIYJCH', 'XXQWFE', 'NQUKLL']
['XLVLGH', 'LKJXSE', 'QNUESF', 'AJMPAZ', 'TVXDDB']
['QNTTOK', 'TUISCT', 'VXFBEP', 'XPKXPA', 'OMIERE']
['OXLEVF', 'ECOZLA', 'VXZXFW', 'JBLIFX', 'MXQFMB']
['RRDAHU', 'FAHDAK', 'EDIQAE', 'RAEWGJ', 'VDAXBP']
['UHHZDW', 'RTTTCK', 'BGRDWJ', 'JTZIRP', 'KYNHCY']
['EOUUXY', 'YMOMAT', 'ATRFBB', 'VILEYV', 'KCBKKQ']
['PTOBVJ', 'CRSLBS', 'PFXEYM', 'CPBJLN', 'YOOREU']
['SUSOOH', 'KFMXPH', 'GGDJTI', 'KMRJMU', 'ABURVI']
['CUOSZQ', 'YZHWJD', 'GGMXRF', 'CTSLIA', 'VTYPIQ']
['CHABQS', 'GZJNVL', 'PYRSMF', 'JOWUPV', 'GPKXGR']
['ROPSBG', 'YRTUJR', 'CJSNDL', 'LYPUAC', 'ZUJNKP']
['JEFKSA', 'LLNHFN', 'KMECPW', 'PWGDMU', 'OJNBBF']
['DDYYMP', 'BPQAIB', 'LJLERE', 'QSXRKR', 'REHINS']
['RELXGG', 'CGQFWZ', 'OYRQOI', 'ZGTADH', 'TWETKH']
['YXMGJC', 'QPVSWG', 'AIVAWK', 'ZOSPLM', 'LDHSSX']
['RCBVEW', 'GGKDLC', 'JJMLQE', 'IGKVML', 'WKXPDN']
['BVRCQX', 'FHBSGM', 'YCMKYQ', 'PCYSSW', 'LHUWDA']
['XWIYDX', 'VERYGX', 'LPKRNY', 'VUJWHN', 'AHBGEW']
['MCTHYG', 'YLVPWV', 'MKXQUK', 'TFTYWC', 'ZWRSQQ']
['WZBDDU', 'UDHNIZ', 'RCLMYT', 'SZUAND', 'DKVILH']
['AHQBQN', 'IIMZMU', 'YSDCTZ', 'UWCBVN', 'VNVMJP']
['PVXXJV', 'EYRFGK', 'YNERDE', 'PAZAJV', 'ZSQEDW']
['HGLZYD', 'WAGIYI', 'JJOJSK', 'MHDLTX', 'NKXDWY']
['XIBZHL', 'ICAHXE', 'PIGZGZ', 'TUDKSD', 'INLSVJ']
['WJSCMR', 'UEVMGW', 'ZMQJFJ', 'NFTFFN', 'NDYSSJ']
['OGXHJB', 'FDGQOU', 'TJGOVB', 'XFWVXV', 'LNNXAF']
['GVNZKB', 'PLVGIV', 'EABWYB', 'DVYNUI', 'KTNLKU']
['EVTMBP', 'HFTXID', 'WSLEWO', 'FUKRYR', 'LNBYOD']
['GOCDAY', 'BCPNAA', 'AYAANM', 'XPGFUK', 'LRJUHI']
['TSKFMT', 'EWYTZX', 'ZVYUZW', 'DHFNOR', 'NESJNF']
['ZYHMKH', 'CHPGXG', 'VWXTUO', 'NTDMFW', 'YJIONU']
['CAMXTM', 'FTBAIM', 'NPLUMZ', 'ARXYLZ', 'UONGOY']
['LDJRVI', 'WDSLXJ', 'KOPEGF', 'WIQAPQ', 'BMZIDB']
['XVUJUN', 'AMRJQE', 'YZZUCF', 'PTBPIH', 'OGMEJO']
['WWJWJU', 'RFSMJT', 'ALXCRB', 'HWDUDX', 'BSUTUL']
['BETIFR', 'VPBDNG', 'DWWNID', 'XDMJVL', 'BFGCWM']
['MHZVQE', 'LWOJTO', 'NMNKWM', 'HOYSVT', 'MYEWXM']
['PLEVVR', 'THIJCE', 'GNHSMG', 'HTJSCF', 'VQUUOC']
['NAXPWN', 'DSLHWR', 'PNXMEN', 'STSXYH', 'NTBHAI']
['AAWVPR', 'EOZSSC', 'IBLORD', 'VVUCTL', 'PNVUDC']
['CRWQUA', 'BTSAHC', 'TTJUDX', 'ZGRJZB', 'AJFEPM']
['HULYOR', 'RUNRVX', 'ZXOIRR', 'BXOAIO', 'TKRDNV']
['DRZENX', 'CXDEGX', 'QGZAPI', 'ONEBDL', 'QUWWUE']
['LCHRXH', 'IMAIZQ', 'XNNRBK', 'FHCZGL', 'RXCUKN']
['YTAFSE', 'GKLNOH', 'GEQKMH', 'CRQPBH', 'EJVRTQ']
['RHGZLE', 'WJVSVQ', 'ZWGINJ', 'GKDTPN', 'ICIJSS']
['IRBXHD', 'INXTWZ', 'MVJFQH', 'SCDHMC', 'VKMCQX']
['PGGNQL', 'VAKPKH', 'HWHKOB', 'RXSHDA', 'HWLZRY']
['RUDKDW', 'NIQKGO', 'FLJZOX', 'UIOBYU', 'RPBWFQ']
['SIVKGQ', 'DJSXVF', 'BNNBQL', 'KWMOHZ', 'GBVWQU']
['KGOTMT', 'JFOREN', 'PWJUHK', 'AVHRAS', 'CGJKRW']
['ZLCEZX', 'YONWVL', 'HPIAPO', 'DNICDQ', 'NALCWQ']
['GWPVXY', 'BSZGHW', 'HCNITG', 'MDPJXH', 'IRFFSU']
['VPLZKC', 'WXRBOK', 'UFZIQV', 'TJWQHM', 'UTXXSK']
['TFAASZ', 'HAEMSK', 'QXVINS', 'PBBKOG', 'TYLRDT']
['LBTFZT', 'CSBGBL', 'UEIDZS', 'NLWJOA', 'PYSXJI']
['TWEBOD', 'KYCDPJ', 'AUBOMD', 'GFWZBH', 'PJOKVU']
['MKANSN', 'PQJQHB', 'LSREWR', 'ROEODL', 'DRXJVF']
['GDPHIY', 'TSDYJV', 'JHCIHH', 'QHDIJA', 'WYJUCU']
['ZZCNYK', 'MABEDA', 'KREVMA', 'DUSRVV', 'DZDNVN']
['BHDKSR', 'MSTHWS', 'LEKYTZ', 'POGSLV', 'EFWVNX']
['KGFABO', 'VAVURB', 'PDINVG', 'BRJCDJ', 'QDWDYK']
['UOXKXF', 'HESEHF', 'OFBHSC', 'ZLFNJI', 'TVTMST']
['HGHWFI', 'NAWJJS', 'LNRZSJ', 'XDSHIC', 'TPXLIS']
['NWHMCF', 'CEJKIY', 'HSOIUY', 'CQAFHX', 'PLYUUP']
['FUVLPM', 'GPUUCM', 'TEMLYH', 'YZBGAO', 'RDYWUZ']
['VUCQEE', 'QNUYNX', 'QDRGJS', 'YAAHBT', 'WPXVWX']
['GKUTZZ', 'VMDLNZ', 'GRKEMB', 'BRAWAL', 'FOTQXX']
['XPZOGA', 'WJPZCI', 'GADNFV', 'LQETOE', 'MHZMCJ']
['DCAOCT', 'JPCBMM', 'HDPJJP', 'PRCJCO', 'XCFBNU']
['TKBQOP', 'AAPNKE', 'XZRKNJ', 'KPVMSJ', 'UXQQGD']
['WCBXVO', 'ZDBTPG', 'MPAKHW', 'OOLVUQ', 'ONERVI']
['HPGNBL', 'KHMRNH', 'PHGGGI', 'YZVQRO', 'TNOUWE']
['OBHQOW', 'BHXEPM', 'CSBANZ', 'CMSHHS', 'FKGEFX']
['TSZDVM', 'TWDAVM', 'ZVILHJ', 'ZKDHTE', 'CYSVGA']
['UKIHXB', 'JJQAQP', 'IAJFAT', 'VSKKXC', 'SPTPIT']
['KTUVSZ', 'OZONNF', 'DURFDE', 'NHAHWP', 'XSOORJ']
['GYXTEO', 'TXRCAW', 'VBFPZS', 'NMWPWE', 'OXLCZV']
['HMYUGM', 'IOZAWW', 'FKEYUY', 'NPAXSB', 'ECRJPG']
['UKMAMY', 'QHPKTB', 'EKWDVQ', 'WNZGBX', 'EHSYOC']
['QVAWVE', 'GEKPDY', 'WYTCJK', 'QTZQNZ', 'VNAKDP']
['NKWSDE', 'AJTFKV', 'MZNHBE', 'UPVUYV', 'GMUJAU']
['KQQUVA', 'HXOZUR', 'STIRBM', 'TVNCPT', 'SIGFXO']
['ELPAWN', 'ICDSJH', 'BIGWEQ', 'ZJRHRF', 'FWLQOC']
['NLPYXN', 'HLEPQU', 'DBGIUH', 'XLQZOS', 'XCFWEL']
['HTDVJG', 'OCJWWK', 'ZIOSZO', 'OPYCEA', 'YTJDAV']
['VZUSMQ', 'UVGAZG', 'WMLHXR', 'PJRIMB', 'FHGTKA']
['STHVQY', 'MCSUIP', 'MLAJRJ', 'XUGUAG', 'JRXSRB']
['RZVCMP', 'KZZWNO', 'SYPEYC', 'XZGAXW', 'YAONDV']
['JFXQLU', 'FLCFQD', 'OTFSKY', 'IPDUDM', 'QPMFEO']
['OOIJSD', 'VCWJNG', 'GLGEBW', 'QDCABD', 'HMFTHF']
['XIONVL', 'ZHTSRK', 'GNLMYP', 'BSOKXA', 'QTELUT']
['PPMTQG', 'RFBJFX', 'WZRHRN', 'ASBKNO', 'OVDOKE']
['WXRJHT', 'YAWDMC', 'FUVBMT', 'GOQNUL', 'FEFKQX']
['NVDVLS', 'UKXUSS', 'ELZANX', 'RPGWEU', 'TPGXPS']
['BOHQES', 'RJFKAX', 'EGBKPE', 'KIXVOM', 'LRCNZN']
['FECBGY', 'HYPUCQ', 'FAFEGN', 'JCVWRG', 'SEBAGB']
