['745', '279', '437', '449', '239', '545', '752', '541', '976', '664', '757', '299', '590', '654', '812', '703', '682', '909', '943', '140', '662', '432', '164', '421', '515', '93', '328', '621', '739', '145', '689', '700', '220', '205', '632', '547', '158']
['425', '651', '255', '349', '285', '103', '534', '777', '931', '608', '773', '805', '551', '869', '619', '655', '885', '560', '631', '250', '248', '784', '579', '710', '531', '848', '500', '707', '49', '38', '721', '754', '149', '891', '228', '61', '185', '857']
['841', '174', '868', '647', '186', '402', '466', '401', '882', '374', '429', '817', '26', '291', '772', '19', '303', '311', '577', '475', '778', '666', '508', '455', '641', '346', '806', '178', '568']
['854', '975', '116', '201', '315', '661', '96', '605', '510', '234', '91', '127', '875', '323', '933', '284', '369', '334', '995', '390', '981', '709', '287', '717', '642', '692', '502', '863', '125', '887', '671', '959']
['90', '630', '443', '480', '11', '448', '194', '616', '288', '412', '204', '957', '878', '774', '960', '101', '329', '108', '168', '865', '578', '325', '358', '472', '585', '232', '45', '212', '327', '847', '674', '27', '509', '183', '552', '468']
['738', '242', '354', '789', '902', '925', '416', '521', '988', '684', '859', '478', '626', '613', '1', '100', '356', '256', '735', '765', '940', '936', '394', '532', '208', '290', '948', '171', '540', '227', '763', '364', '983', '696', '748', '385', '47']
['377', '787', '159', '409', '559', '77', '161', '741', '730', '470', '6', '681', '740', '614', '146', '461', '837', '850', '628', '517', '693', '520', '333', '438', '197', '450', '592', '550', '844', '934', '445', '16', '687', '645', '620']
['946', '588', '876', '484', '298', '755', '350', '884', '268', '71', '513', '92', '576', '488', '953', '691', '130', '444', '815', '51', '636', '264', '276', '191', '609', '945', '861', '903', '246', '415', '759', '602', '698', '569', '695', '823', '233', '533', '570', '97']
['76', '259', '720', '447', '196', '408', '156', '596', '640', '124', '601', '439', '391', '866', '713', '317', '464', '527', '406', '775', '403', '55', '536', '173', '762', '967', '107', '996', '53', '796', '2', '400']
['243', '952', '530', '731', '511', '676', '935', '680', '215', '544', '261', '749', '154', '225', '135', '726', '344', '914', '722', '742', '690', '117', '506', '897', '230', '353', '744', '910', '105', '704', '881', '471', '760', '272', '44', '964']
['610', '8', '166', '814', '683', '656', '324', '893', '427', '638', '941', '335', '280', '673', '491', '184', '896', '404', '635', '481', '892', '336', '32', '580', '660', '89', '677', '782', '919']
['747', '600', '575', '555', '667', '300', '362', '672', '829', '236', '382', '589', '832', '785', '872', '304', '883', '597', '603', '345', '771', '965', '840', '482', '648', '546', '187', '370', '115', '169', '133', '13', '956']
['80', '95', '28', '297', '688', '737', '198', '193', '14', '634', '241', '23', '701', '181', '728', '52', '675', '862', '501', '307', '368', '733', '366', '766', '309', '495']
['479', '363', '736', '392', '514', '992', '278', '270', '114', '33', '210', '607', '265', '921', '240', '937', '275', '519', '918', '386', '88', '453', '352', '894', '245', '524', '216']
['558', '798', '339', '98', '340', '764', '82', '539', '493', '734', '86', '599', '143', '770', '87', '932', '625', '899', '177', '341', '795', '990', '384', '566', '617', '906', '217', '598', '611', '564', '496']
['365', '973', '202', '898', '549', '99', '40', '371', '200', '581', '788', '343', '985', '380', '375', '136', '587', '977', '794', '820', '670', '247', '786', '229', '84', '59', '74', '320', '962']
['213', '67', '888', '286', '446', '65', '456', '462', '606', '424', '595', '584', '351', '182', '938', '563', '42', '867', '163', '835', '244', '151', '144', '947', '207', '842', '48', '556', '131', '797', '423', '305', '871']
['9', '901', '543', '5', '753', '582', '554', '253', '316', '732', '807', '565', '41', '157', '746', '928', '410', '705', '224', '134', '126', '237', '281', '312', '769', '826', '46', '719', '381']
['469', '251', '176', '24', '958', '808', '214', '659', '34', '567', '963', '160', '916', '497', '273', '864', '79', '523', '189', '822', '219', '441', '650', '141', '139', '110']
['718', '63', '644', '322', '961', '430', '669', '17', '359', '376', '633', '486', '622', '852', '222', '395', '106', '694', '751', '912', '969', '431', '476', '36', '43', '414', '923', '262', '819', '535', '274', '57', '557', '776', '986', '338', '702', '463', '195']
['295', '308', '94', '679', '413', '383', '942', '507', '571', '643', '209', '716', '504', '886', '221', '492', '503', '109', '980', '249', '102', '529', '528', '226', '836', '142', '203', '810', '25', '389', '922', '873', '122', '498', '85']
['235', '494', '966', '396', '457', '417', '175', '843', '118', '849', '434', '845', '301', '994', '821', '646', '583', '129', '347', '972', '289', '522', '319', '831', '639', '35', '889', '997', '29', '331']
['179', '743', '306', '974', '104', '30', '451', '926', '397', '761', '505', '668', '70', '984', '911', '804', '768', '724', '615', '277', '686', '454', '834', '920', '828', '296', '998', '148', '361', '649', '372', '332', '483']
['78', '271', '459', '7', '64', '572', '147', '293', '793', '393', '870', '22', '4', '516', '830', '39', '465', '314', '313', '856', '267', '418', '119', '512', '75', '890', '458', '258', '809']
['978', '318', '538', '172', '917', '968', '180', '991', '833', '593', '269', '367', '989', '292', '485', '254', '440', '727', '665', '877', '360', '851', '238', '294', '781', '824', '712', '904', '913', '624', '699', '257', '56', '604']
['310', '949', '951', '525', '629', '436', '477', '3', '490', '618', '378', '708', '767', '714', '880', '120', '839', '562', '218', '723', '379', '420', '779', '652', '711', '18', '750', '811', '302', '54', '373', '66']
['460', '137', '407', '121', '780', '150', '573', '950', '260', '489', '152', '725', '658', '987', '915', '167', '561', '192', '924', '685', '729', '81', '801', '612', '637', '542', '954', '858', '518', '874', '12', '69']
['838', '971', '657', '153', '758', '399', '15', '37', '855', '586', '330', '321', '900', '435', '930', '627', '791', '818', '266', '405', '574', '342', '800', '123', '426', '388', '548', '0', '999']
['907', '623', '927', '706', '58', '790', '199', '816', '21', '355', '132', '422', '827', '387', '982', '653', '929', '452', '803', '357', '206', '594', '223', '526', '813', '31', '553', '155', '73']
['442', '231', '474', '663', '50', '697', '846', '591', '252', '895', '499', '419', '853', '905', '944', '283', '326', '282', '60', '970', '20', '799', '908', '792', '162', '979', '111', '428', '128', '10', '263', '165', '411', '537', '467']
['68', '879', '756', '72', '783', '112', '188', '939', '337', '433', '398', '860', '113', '473', '138', '678', '825', '348', '715', '993', '802', '955', '170', '487', '62', '190', '211', '83']
