['454', '630', '441', '719', '617', '321', '641', '618', '561']
['700', '93', '749', '292', '664', '708', '474', '468', '970', '16', '315']
['609', '973', '49', '133', '312', '928', '840', '626']
['757', '62', '797', '662', '251', '47', '699', '412', '140']
['27', '304', '815', '818', '949', '364', '367', '581', '755']
['282', '168', '547', '866', '167', '548', '498', '545', '573']
['593', '266', '724', '231', '535', '407', '430', '527']
['849', '478', '276', '557', '974', '743', '173', '770', '543', '841', '783']
['354', '935', '311', '986', '473', '687', '378', '892', '54']
['432', '242', '539', '410', '720', '523', '999', '399', '943', '576']
['988', '983', '801', '705', '669', '890', '209', '736', '842']
['224', '832', '911', '84', '930', '924', '861', '215', '853']
['91', '199', '40', '503', '967', '776', '693', '458', '123', '534', '563']
['92', '425', '637', '433', '831', '403', '533', '214', '239', '81']
['274', '856', '126', '405', '193', '544', '760', '731', '96']
['827', '722', '263', '306', '380', '891', '227', '591', '763', '499']
['569', '532', '932', '13', '195', '524', '256', '828', '71', '636', '500', '42', '740']
['165', '822', '905', '954', '867', '345', '359', '148', '762']
['46', '85', '428', '294', '825', '953', '910', '316', '64']
['608', '258', '728', '553', '670', '923', '741', '875', '280', '371']
['225', '481', '695', '129', '310', '640', '517', '482', '789', '98']
['786', '211', '707', '303', '453', '394', '31', '122', '438']
['952', '692', '318', '300', '929', '916', '552', '166', '674']
['72', '704', '677', '901', '619', '980', '285', '471', '469']
['733', '202', '907', '290', '67', '718', '915', '902']
['326', '34', '309', '671', '725', '802', '61', '1', '383', '445', '118']
['18', '933', '805', '489', '417', '33', '997', '334']
['349', '791', '937', '598', '460', '82', '942', '205', '268', '931']
['863', '632', '323', '896', '737', '963', '936', '551', '843', '287']
['710', '487', '434', '995', '305', '681', '232', '961', '203']
['10', '850', '396', '157', '992', '160', '644', '244', '968', '519', '144', '368', '414']
['198', '298', '656', '817', '402', '603', '599', '642', '969', '169', '810']
['439', '922', '982', '291', '587', '374', '565', '976', '9', '190', '844']
['58', '883', '985', '621', '668', '761', '373', '746', '381', '264', '78', '914', '676']
['803', '665', '502', '151', '353', '865', '409', '382', '68']
['391', '302', '873', '362', '156', '571', '684', '253', '685', '857', '204']
['75', '864', '709', '600', '649', '851', '400', '766', '639', '331']
['252', '220', '267', '507', '574', '845', '196', '732', '813', '730', '37']
['579', '219', '586', '577', '558', '404', '102', '675', '768', '174']
['283', '506', '895', '486', '595', '480', '729', '390', '455', '536', '39']
['945', '117', '645', '237', '860', '837', '150', '386', '112', '375', '108']
['602', '994', '388', '397', '488', '181', '835', '451', '360', '989', '86']
['998', '139', '206', '25', '966', '754', '727', '926', '134', '389']
['260', '694', '446', '340', '76', '758', '236', '329', '796']
['295', '135', '661', '658', '925', '235', '8', '655', '424']
['344', '745', '80', '738', '753', '461', '607', '443', '702', '590']
['756', '984', '951', '307', '955', '667', '3', '739']
['981', '99', '652', '350', '213', '149', '484', '158', '601', '941', '44']
['852', '352', '346', '774', '627', '721', '666', '596', '250']
['585', '592', '881', '555', '136', '111', '808', '493', '221', '800']
['872', '128', '990', '792', '518', '946', '888', '162', '847', '987']
['100', '696', '191', '286', '706', '32', '614', '228', '422', '623']
['155', '393', '50', '90', '560', '226', '259', '347', '625', '839', '335', '501']
['216', '194', '436', '450', '212', '57', '660', '904', '314', '490']
['463', '877', '858', '908', '944', '308', '320', '254', '714']
['562', '723', '270', '328', '991', '894', '465', '651', '69', '171', '814', '243']
['176', '947', '356', '773', '110', '823', '262', '365', '769', '750']
['716', '834', '654', '159', '884', '361', '663', '635', '711', '109']
['788', '48', '879', '288', '201', '956', '210', '703', '472', '38', '297']
['646', '152', '567', '682', '787', '899', '21', '752', '30', '342']
['103', '366', '372', '265', '330', '452', '819', '678', '132', '114']
['369', '293', '940', '327', '63', '138', '124', '476', '909']
['829', '246', '836', '546', '35', '958', '564', '339', '379', '269', '313']
['145', '959', '859', '512', '798', '5', '782', '444', '12', '456', '385', '612']
['934', '73', '538', '45', '277', '578', '633', '689', '772', '508']
['742', '248', '767', '457', '631', '51', '913', '222', '854']
['427', '809', '437', '554', '964', '698', '673', '74', '387', '137']
['87', '848', '780', '510', '525', '541', '333', '208', '806', '830']
['22', '906', '70', '464', '550', '338', '530', '170', '777']
['887', '634', '606', '66', '648', '119', '79', '247', '218', '189']
['505', '978', '408', '413', '197', '751', '965', '127', '833', '418']
['24', '187', '643', '336', '376', '824', '920', '572', '615', '559', '229']
['903', '504', '701', '238', '52', '613', '785', '448', '880']
['257', '95', '889', '17', '870', '496', '101', '775', '177', '440', '200', '628']
['726', '475', '36', '192', '416', '568', '467', '105', '83']
['605', '324', '977', '322', '497', '164', '537', '759', '509', '629']
['477', '26', '107', '113', '245', '638', '41', '411', '77']
['624', '912', '271', '317', '449', '531', '549', '11', '659', '898']
['351', '183', '979', '240', '55', '622', '717', '185', '120', '893']
['927', '65', '7', '826', '106', '871', '217', '357', '975', '406']
['279', '653', '771', '104', '184', '358', '781', '679', '60']
['249', '447', '747', '97', '522', '610', '332', '278', '398', '116']
['690', '584', '141', '59', '161', '494', '147', '207', '19', '691']
['620', '188', '420', '153', '121', '179', '125', '483', '918']
['143', '784', '764', '588', '255', '812', '272', '14', '542']
['520', '917', '15', '419', '2', '616', '325', '715', '566', '868']
['515', '178', '495', '570', '281', '697', '874', '712', '795', '748']
['516', '886', '289', '869', '401', '319', '804', '657', '180', '962', '23']
['885', '580', '744', '807', '735', '957', '275', '223', '0', '862', '647', '284']
['130', '337', '175', '734', '939', '370', '597', '650', '28', '20']
['377', '713', '511', '154', '972', '479', '950', '296', '529', '355']
['395', '4', '233', '273', '299', '556', '919', '462', '341', '876']
['793', '115', '163', '528', '900', '343', '686', '855', '971', '996']
['492', '688', '421', '799', '790', '426', '429', '6', '993', '363', '459']
['878', '921', '384', '882', '43', '779', '672', '470', '182', '261']
['521', '960', '514', '575', '765', '241', '423', '301', '583', '589', '131']
['88', '29', '186', '811', '938', '172', '56', '594', '234', '513']
['838', '415', '53', '146', '491', '816', '348', '485', '442', '821']
['435', '794', '540', '604', '948', '778', '680', '392', '526', '820']
['582', '431', '94', '683', '230', '846', '897', '142', '466', '611', '89']
