['732', '348', '250', '219', '426', '222', '925', '319', '242', '800', '344', '739', '885', '473', '508', '109', '251', '553', '45', '81', '142', '96', '27', '503', '936', '464', '61', '782', '362', '328', '628', '699', '172']
['989', '107', '401', '324', '118', '625', '204', '832', '940', '532', '499', '848', '678', '479', '21', '12', '68', '543', '465', '86', '262', '184', '63', '589', '689', '795', '232', '714', '884', '849', '886', '137', '924', '391', '507']
['992', '485', '900', '9', '763', '958', '260', '934', '652', '871', '658', '33', '982', '49', '395', '366', '636', '592', '799', '898', '163', '764', '582', '177', '576', '285', '151', '820', '604', '246', '158']
['635', '819', '162', '816', '672', '32', '659', '509', '733', '969', '633', '456', '705', '892', '985', '954', '28', '519', '634', '882', '489', '973', '496', '90', '8', '165', '923', '409', '956', '770', '931', '579']
['16', '495', '824', '421', '141', '912', '87', '273', '812', '238', '42', '402', '501', '108', '447', '93', '644', '933', '369', '435', '29', '725', '990', '289', '128', '943', '588', '176', '382']
['869', '545', '850', '745', '700', '206', '868', '91', '256', '591', '830', '904', '434', '803', '318', '987', '187', '878', '171', '524', '233', '684', '573', '619', '570', '438']
['771', '269', '906', '19', '548', '914', '587', '360', '31', '404', '559', '357', '266', '603', '798', '979', '375', '327', '787', '540', '77', '601', '946', '393', '899', '993', '502', '240']
['100', '306', '178', '757', '866', '998', '808', '751', '101', '147', '1', '554', '995', '466', '895', '632', '541', '834', '294', '905', '268', '777', '243', '157']
['828', '510', '194', '354', '379', '127', '44', '201', '813', '662', '326', '428', '17', '34', '338', '276', '776', '314', '378', '526', '281', '337', '698', '556', '825', '649', '512', '575', '323', '210']
['609', '309', '873', '768', '829', '385', '431', '515', '640', '367', '671', '460', '71', '874', '411', '144', '991', '565', '826', '697', '922', '226', '887', '668', '673', '267', '707', '853']
['392', '5', '468', '580', '525', '564', '538', '606', '339', '983', '974', '359', '930', '726', '14', '691', '865', '792', '186', '950', '843', '352', '701', '965', '52', '723', '272', '271', '724', '195', '20', '881', '241', '797', '418', '773', '596', '183', '148', '216']
['454', '336', '666', '918', '386', '704', '196', '123', '664', '610', '602', '487', '467', '984', '864', '173', '908', '231', '80', '544', '546', '363', '717', '752', '432', '783', '807', '469', '629', '780', '870', '571', '54', '333', '364', '193', '844', '331', '307']
['98', '208', '944', '277', '523', '867', '48', '854', '563', '75', '329', '711', '280', '399', '221', '55', '968', '741', '355', '650', '120', '390', '191', '117']
['494', '784', '259', '46', '567', '511', '244', '484', '443', '978', '278', '488', '778', '274', '847', '217', '229', '703', '855', '750', '116', '203', '902', '284']
['838', '897', '458', '653', '376', '95', '115', '365', '637', '135', '794', '298', '126', '896', '692', '598', '929', '961', '788', '43', '951', '674', '429', '840', '164', '199', '572', '581', '762']
['552', '713', '710', '433', '150', '476', '99', '41', '57', '295', '389', '304', '67', '542', '661', '574', '132', '257', '22', '561', '959', '320', '883', '236', '683', '92', '110', '209', '313', '506']
['669', '999', '356', '23', '139', '815', '78', '335', '811', '720', '258', '239', '105', '442', '801', '169', '846', '422', '47', '423', '955', '170', '292', '145', '935', '583', '481', '986']
['316', '761', '317', '642', '755', '810', '214', '975', '537', '103', '471', '303', '396', '237', '560', '910', '412', '842', '497', '88', '957', '143', '624', '670', '791']
['161', '340', '551', '756', '708', '872', '681', '675', '119', '230', '207', '302', '686', '293', '814', '907', '728', '806', '729', '437', '39', '862', '102', '616', '746', '377']
['175', '817', '627', '740', '536', '283', '79', '111', '639', '166', '168', '474', '394', '397', '641', '419', '10', '358', '403', '253', '300', '455', '264', '685', '486', '152', '38']
['441', '192', '967', '159', '483', '4', '112', '827', '734', '709', '879', '557', '24', '200', '549', '425', '500', '30', '255', '513', '953', '880', '676', '702', '938', '568', '13', '620', '716', '535']
['522', '786', '518', '980', '593', '121', '58', '730', '53', '942', '322', '876', '398', '528', '205', '197', '706', '805', '263', '188', '550', '917', '921', '660', '457']
['113', '802', '62', '665', '891', '408', '420', '407', '796', '877', '405', '301', '211', '595', '64', '104', '66', '167', '966', '994', '747', '453', '738', '677', '809', '735', '349']
['680', '505', '265', '122', '928', '835', '736', '621', '228', '235', '614', '651', '388', '76', '343', '769', '461', '370', '607', '654', '417', '901', '492', '212', '663', '133', '949']
['712', '413', '858', '449', '373', '83', '577', '913', '911', '687', '996', '346', '555', '445', '330', '353', '345', '261', '452', '656', '224', '400', '920', '35', '2', '94', '562']
['749', '245', '451', '470', '321', '140', '694', '472', '937', '3', '860', '789', '51', '436', '291', '374', '612', '332', '615', '760', '56', '533', '174', '893']
['430', '134', '275', '406', '387', '480', '894', '215', '153', '475', '586', '804', '459', '125', '424', '312', '863', '114', '15', '781', '40', '947', '498', '688', '65', '74', '341', '890']
['282', '156', '154', '772', '350', '371', '909', '584', '82', '106', '597', '439', '727', '945', '334', '25', '696', '715', '225', '415', '427', '220', '785', '372', '758', '182', '490', '594', '585']
['963', '297', '851', '305', '939', '605', '919', '521', '252', '539', '310', '856', '774', '657', '667', '822', '648', '903', '520', '718', '384', '531', '964', '383', '744', '731', '368', '977']
['722', '600', '311', '450', '493', '818', '463', '97', '889', '988', '754', '737', '679', '286', '446', '569', '766', '146', '952', '857', '618', '875', '960', '655', '249', '234', '11', '59', '477']
['60', '836', '841', '504', '299', '89', '138', '136', '690', '529', '7', '823', '852', '325', '721', '444', '84', '693', '859', '50', '73', '748', '608', '645', '130', '695', '380']
['410', '646', '558', '254', '767', '18', '719', '622', '279', '308', '765', '351', '290', '742', '623', '617', '948', '296', '630', '227', '839', '491', '478', '971', '821', '590', '179', '218', '916', '414']
['185', '976', '861', '287', '926', '962', '124', '190', '288', '793', '578', '342', '631', '915', '72', '448', '129', '547', '6', '972', '779', '482', '131', '247', '160', '180']
['997', '638', '440', '753', '643', '155', '932', '626', '70', '361', '202', '248', '566', '941', '759', '599', '517', '888', '315', '647', '149', '26', '0', '462', '833', '837', '189', '36', '381']
['516', '37', '775', '613', '530', '527', '845', '743', '347', '790', '534', '611', '213', '682', '831', '416', '970', '514', '181', '69', '270', '223', '981', '927', '198', '85']
