['228', '371', '258', '359', '28', '235', '522', '262', '457', '377', '194', '9', '378', '630', '208', '414', '213', '389', '6', '116', '470', '31']
['416', '78', '210', '421', '513', '0', '139', '559', '126', '461', '440', '399', '263', '509', '368', '348', '634', '230', '605', '486', '625', '49', '444']
['387', '458', '186', '170', '304', '585', '129', '417', '550', '428', '310', '8', '122', '552', '436', '445', '400', '147', '409', '79', '405', '169', '45', '331', '106']
['398', '92', '223', '315', '534', '180', '34', '53', '30', '644', '95', '523', '204', '218', '455', '531', '119', '308', '581', '595', '190', '274', '640', '597']
['12', '47', '320', '413', '510', '612', '64', '385', '20', '76', '99', '93', '536', '627', '69', '314', '283', '551', '502', '296', '565', '260', '254', '489', '199']
['1', '117', '29', '250', '360', '27', '482', '183', '255', '232', '327', '234', '292', '112', '309', '615', '52', '402', '454', '527', '174', '583', '138', '639', '298', '215']
['206', '372', '340', '72', '282', '273', '641', '22', '300', '67', '115', '2', '68', '614', '279', '158', '574', '354', '244', '132', '272', '338', '319', '163']
['318', '245', '176', '560', '189', '103', '391', '166', '376', '358', '346', '187', '164', '157', '313', '19', '133', '84', '459', '488', '288', '326', '567']
['46', '312', '618', '419', '42', '632', '406', '410', '602', '14', '642', '184', '297', '621', '37', '529', '420', '128', '152', '193', '364', '379', '412', '643', '361', '423', '121', '336', '165', '353', '637', '576', '161']
['113', '451', '317', '149', '146', '456', '82', '125', '438', '526', '41', '271', '231', '335', '539', '246', '87', '104', '604', '205', '600', '542', '570', '50', '179']
['109', '124', '442', '311', '259', '329', '198', '396', '499', '275', '481', '564', '111', '98', '66', '566', '48', '269', '73', '553', '591', '628', '563', '214', '18', '265', '322', '192']
['181', '631', '240', '598', '492', '350', '343', '337', '267', '289', '635', '484', '418', '393', '81', '500', '16', '477', '422', '468', '558', '483', '142', '549', '23', '519', '638', '256']
['5', '491', '284', '305', '173', '291', '415', '242', '382', '306', '321', '408', '463', '212', '383', '466', '307', '144', '524', '266', '105', '85', '601', '636', '507', '579']
['167', '515', '107', '10', '177', '301', '535', '473', '316', '118', '578', '390', '498', '568', '363', '154', '425', '619', '503', '188', '203', '596', '435', '96', '303', '347', '324', '243']
['32', '155', '366', '280', '437', '450', '609', '248', '401', '175', '606', '541', '7', '160', '332', '375', '367', '207', '575', '624', '97', '544', '136', '472', '479', '241', '365', '577']
['77', '431', '238', '249', '63', '137', '505', '629', '156', '611', '38', '339', '349', '159', '610', '355', '587', '512', '75', '145', '270', '546', '253', '537', '56', '3', '532']
['196', '356', '233', '299', '362', '392', '369', '495', '397', '61', '571', '43', '91', '33', '120', '202', '494', '381', '617', '141', '171', '334', '71', '403', '330']
['439', '277', '433', '573', '58', '236', '607', '452', '195', '429', '517', '70', '59', '623', '110', '224', '475', '506', '645', '496', '135', '357', '60', '102', '209', '582', '478', '545', '497', '17', '130']
['80', '226', '394', '294', '281', '153', '221', '603', '55', '57', '51', '561', '370', '620', '342', '352', '44', '185', '25', '613', '562', '191', '556', '197']
['511', '201', '592', '462', '252', '594', '217', '302', '276', '83', '62', '633', '384', '237', '540', '525', '469', '328', '35', '538', '432', '374', '200', '278', '521', '590', '471']
['520', '88', '395', '586', '407', '434', '430', '504', '134', '554', '219', '325', '341', '608', '427', '490', '351', '593', '178', '251', '569', '467', '172', '257', '264', '131']
['268', '528', '285', '150', '616', '148', '547', '588', '108', '100', '74', '476', '11', '94', '287', '293', '86', '101', '143', '533', '216', '388', '626', '373', '211']
['220', '543', '443', '26', '516', '229', '247', '227', '380', '13', '447', '487', '548', '114', '36', '465', '449', '15', '89', '168', '589', '4', '514', '448', '464']
['572', '493', '386', '508', '222', '21', '404', '530', '424', '584', '290', '54', '474', '225', '501', '446', '140', '123', '411', '151', '460', '622', '580', '65']
['555', '182', '24', '162', '599', '441', '39', '239', '344', '295', '286', '261', '40', '480', '518', '345', '485', '557', '333', '453', '426', '323', '127', '90']
