['916', '834', '803', '561', '690', '697', '17', '182', '92', '588', '428', '417', '723', '356', '167', '474', '471', '840', '783', '547', '736', '305', '496', '528', '327', '82', '798', '418', '399', '60', '843', '285', '824', '743', '118', '294', '75', '301', '338', '493', '627', '632', '621', '148', '910', '789', '389', '626', '235', '185', '862', '207', '189', '28', '894', '133', '505', '181', '589', '221', '114', '366', '728', '230', '35', '47', '498', '128', '652', '812', '226', '238', '94', '635', '342', '171', '292', '762', '70', '569', '822', '119', '295', '535', '262', '68']
['909', '497', '525', '50', '284', '459', '296', '538', '814', '435', '823', '61', '546', '499', '123', '298', '559', '388', '877']
['396', '267', '521', '660', '367', '64', '614', '607', '209', '858', '65', '469', '281', '878', '202', '397', '330', '886', '761', '97', '228', '906']
['574', '274', '744', '595', '755', '240', '639', '346', '454', '85', '96', '485', '733', '875', '820', '78', '602', '191', '790', '903', '545', '847', '752', '689', '668', '478', '776', '320', '592', '326', '914', '786', '591', '856', '183', '904', '11', '647', '53', '704', '168', '340', '426', '143', '507', '866', '370', '368', '504', '69', '345', '556', '577', '127', '316', '163', '457', '518', '771', '385', '924', '275', '187', '437', '460', '759', '196', '512', '923', '411', '376', '523', '450', '713', '633', '606', '487', '530', '571', '838', '101', '766', '93', '335', '738', '883', '334', '445', '797', '481', '116', '772', '721', '307', '317', '575', '832', '712', '819', '620', '423', '854', '427', '601', '694', '268', '76', '3', '612', '151', '249', '677', '19', '104', '456', '868', '269', '902', '131', '656', '693', '280', '364', '201', '480', '88', '815', '23', '494', '26', '36', '319', '198', '174', '680', '554', '38', '872', '623', '597', '483', '482', '874', '651', '328', '767', '913', '717', '779', '699', '718', '548', '371', '764', '529', '10', '220', '729', '468', '290', '358', '476', '48', '117', '293']
['611', '673', '563', '839', '887', '492', '42']
['640', '306', '768', '297', '245', '147', '424', '898', '315', '214', '648', '835', '176', '67', '465', '288']
['622', '782', '661', '429', '787', '372', '688', '273', '59', '170', '56', '637', '888', '98', '83', '1']
['393', '650', '439', '806', '645', '162', '321', '208', '73']
['107', '520', '8', '105', '585', '491', '312', '379', '891', '799', '664', '419', '726', '629', '22', '45', '140', '157', '255', '333', '265', '438', '555', '836', '770', '299', '412', '89', '833', '531', '709', '917', '769', '617', '929', '700', '404', '126', '880', '490', '653', '553', '29', '665', '605', '263', '300', '642', '804', '513', '71', '361', '109', '566', '681', '357', '560', '775', '287', '277', '544', '152']
['583', '156', '205', '158', '519', '138', '616', '324', '844', '402', '484', '331', '377', '206', '387', '532', '203', '848', '444', '724', '160', '353', '649', '102', '727', '225', '845', '380', '609']
['506', '777', '283', '134', '81', '758', '4', '355', '537', '241', '449', '352', '763', '15', '360', '33']
['434', '381', '794', '624', '907', '581', '549', '882', '252', '403', '224', '511', '867', '177', '613', '264', '503', '701', '829', '669', '625', '237', '347', '436', '451', '760']
['791', '576', '322', '582', '746', '751', '702', '594', '927', '311', '125', '337', '343', '618', '383', '25', '431', '453']
['808', '232', '194', '166', '897', '781', '213', '136', '425', '827', '747', '846', '278', '864', '517', '500', '12', '683', '801', '860', '204', '172', '551', '39', '809', '884', '495']
['303', '149', '630', '51', '103', '732', '354', '737', '558', '233']
['447', '234', '682', '248', '323', '406', '243', '448', '470', '2', '414']
['5', '472', '610', '926', '852', '572', '646', '135', '730', '514', '251', '662', '643', '679', '719', '584', '892', '663', '369', '851', '223', '509', '270', '678', '710', '515', '670', '77', '873', '310', '818', '473', '84', '339', '112', '286', '753', '870', '276', '212', '580', '598', '72', '246', '912', '915', '146', '313', '604', '533', '145', '20', '271', '879', '600', '155', '332', '231', '893', '921', '350', '186', '821', '66']
['86', '731', '467', '190', '667', '0', '863', '210', '557', '501', '9', '489', '153', '154', '855', '817', '91', '169', '40', '788', '705', '570', '674', '247', '715', '442', '374', '486', '920', '420']
['756', '415', '475', '596', '124', '34', '543', '810', '49', '615', '106', '707', '722', '100', '641']
['542', '659', '43', '908', '865', '129', '711', '120', '164', '37', '159', '325', '881', '552', '440', '784', '441', '644', '395', '193', '516', '911', '363', '7', '901', '742']
['590', '564', '178', '452', '922', '587', '539', '351', '816', '800', '698', '654', '638', '765', '336', '889', '714', '400']
['314', '52', '259', '813', '853', '896', '256', '137', '407', '488', '586', '526', '696', '567', '115', '522', '410', '121', '430', '173', '344', '919']
['432', '348', '666', '458', '365', '291', '703', '890', '579', '741']
['386', '706', '242', '289', '188', '165', '132', '408', '565', '391']
['58', '141', '918', '422', '593', '524', '479', '748', '619', '384', '392', '830', '329', '895', '373', '197', '44', '41', '807', '308', '90', '455', '831', '510', '859', '142', '568', '676', '780', '657', '362', '691', '716', '534', '899', '95', '16', '378', '793', '30', '740', '341', '562', '599', '792', '144', '21', '446', '658', '130', '18', '745', '150', '739', '695', '110', '180', '211', '184', '108', '54', '811', '869', '655']
['825', '13', '573', '318', '31', '837', '215', '463', '841', '502', '416', '805', '218', '222', '113', '672', '861', '304', '309', '754', '687', '409', '541', '634', '443', '55', '828', '774', '216', '421', '826']
['175', '258', '842', '734', '508', '708', '79', '720', '375', '199', '219', '849', '6', '382']
['401', '398', '686', '636', '139', '405', '778', '253', '236', '179', '603', '349', '217', '413', '757', '227', '250', '257', '477', '27', '111', '80', '785', '14', '796', '466', '749']
['63', '239', '692', '608', '161', '857', '282', '871', '527', '905', '32', '272', '461', '433', '394', '540', '62', '74']
['462', '254', '928', '735', '24', '725', '260', '87', '122', '359', '578', '550', '795', '675', '266', '536', '279', '631', '99', '464', '628', '750', '57']
['195', '802', '46', '850', '244', '229', '773', '685', '390']
['684', '876', '671', '200', '885', '925', '261', '900', '302', '192']
