['720', '787', '603', '644', '308', '171', '721', '594', '139', '598', '654', '151', '532', '675', '563', '837', '803', '313', '84', '553', '825', '788', '517', '83', '26', '684', '50', '804', '833', '701', '487', '218', '408', '772', '73']
['696', '105', '756', '604', '398', '155', '87', '527', '403', '245', '717', '258', '224', '82', '35', '432', '797', '619', '27', '5', '3', '753', '845', '442', '373', '456', '666', '262', '538', '277', '65', '407', '162', '42', '497']
['108', '448', '453', '311', '422', '555', '209', '364', '633', '256', '674', '607', '366', '285', '148', '734', '54', '813', '58', '602', '4', '700', '296', '500', '491', '192', '13', '173', '645', '655', '299', '673', '136', '786']
['827', '14', '615', '847', '287', '57', '699', '742', '239', '510', '52', '387', '610', '457', '120', '396', '17', '763', '103', '410', '381', '745', '365', '439', '98', '711', '436', '90', '248', '646', '413', '401', '406', '492']
['630', '278', '425', '762', '587', '715', '71', '799', '138', '128', '125', '479', '836', '465', '64', '284', '210', '179', '156', '306', '537', '469', '629', '526', '504', '766', '145', '578', '305', '133', '225', '48', '470', '846', '161']
['495', '226', '691', '127', '328', '520', '359', '486', '378', '68', '250', '279', '484', '384', '389', '167', '769', '852', '640', '1', '330', '24', '591', '796', '392', '830', '236', '354', '281', '508', '12', '353', '785', '170', '242']
['230', '770', '159', '172', '810', '199', '466', '556', '7', '732', '737', '405', '130', '738', '841', '89', '376', '774', '851', '705', '344', '395', '714', '792', '459', '276', '340', '400', '153', '194', '321', '152', '589', '15', '238']
['169', '29', '49', '69', '227', '367', '444', '11', '760', '550', '614', '443', '664', '814', '259', '623', '544', '820', '445', '657', '418', '314', '427', '77', '599', '592', '234', '540', '501', '363', '414']
['118', '617', '574', '86', '399', '319', '800', '835', '180', '59', '154', '261', '72', '325', '110', '838', '605', '790', '680', '38', '681', '204', '509', '628', '94', '377', '686', '216', '185', '386', '584', '293', '19', '850', '374']
['778', '530', '777', '149', '735', '99', '46', '690', '198', '196', '807', '66', '703', '757', '754', '233', '150', '627', '433', '493', '191', '275', '266', '679', '429', '40', '235', '761', '601', '379', '562', '272', '343']
['552', '689', '677', '267', '519', '310', '140', '698', '417', '571', '186', '361', '676', '824', '61', '10', '247', '323', '731', '549', '178', '840', '193', '229', '346', '729', '324', '464', '485', '650', '636', '515', '435']
['0', '781', '622', '743', '463', '182', '635', '697', '573', '669', '568', '843', '576', '434', '672', '449', '223', '318', '85', '667', '232', '707', '736', '168', '533', '397', '441', '816', '286', '129', '564', '440', '265', '329']
['106', '694', '624', '631', '244', '44', '347', '91', '541', '716', '839', '535', '144', '391', '165', '190', '101', '722', '280', '423', '565', '22', '187', '268', '665', '801', '76', '588', '818', '25', '579', '575', '826', '300', '228']
['531', '112', '349', '6', '142', '320', '447', '33', '548', '212', '146', '450', '849', '249', '39', '147', '60', '545', '499', '2', '312', '768', '706', '475', '597', '480', '740', '855', '206', '126', '712', '237', '252', '687', '382']
['815', '402', '282', '695', '789', '301', '653', '662', '348', '271', '688', '791', '316', '476', '215', '854', '805', '773', '53', '289', '829', '651', '358', '767', '288', '812', '372', '297', '739', '455', '117', '626', '482', '175']
['685', '176', '616', '543', '309', '181', '507', '240', '369', '744', '609', '100', '749', '649', '416', '292', '352', '302', '431', '583', '322', '764', '522', '137', '257', '283', '503', '506', '78', '132', '823', '393', '20', '18', '315']
['45', '9', '75', '828', '107', '114', '141', '412', '702', '512', '613', '394', '201', '254', '572', '831', '375', '424', '683', '746', '122', '253', '558', '23', '798', '56', '131', '51', '802', '586', '437', '294', '551', '16', '92']
['74', '557', '351', '295', '832', '611', '260', '134', '116', '643', '115', '81', '755', '164', '511', '333', '784', '471', '580', '561', '385', '428', '534', '303', '219', '368', '419', '290', '174', '331', '728', '719']
['637', '593', '63', '337', '177', '639', '454', '481', '304', '808', '608', '213', '642', '467', '581', '822', '733', '524', '536', '819', '474', '577', '498', '567', '41', '780', '648', '505', '632', '477', '704', '718', '217', '518']
['251', '559', '502', '188', '380', '844', '426', '211', '451', '750', '560', '752', '124', '43', '102', '411', '34', '759', '31', '638', '641', '751', '96', '371', '542', '692', '166', '547', '621', '724', '221', '848', '663', '317', '494']
['121', '203', '659', '273', '67', '327', '357', '32', '342', '189', '36', '765', '496', '670', '726', '95', '339', '566', '652', '668', '725', '452', '30', '88', '336', '135', '817', '163', '214', '338', '713', '523', '710', '748', '274']
['231', '585', '345', '569', '488', '390', '708', '421', '554', '793', '730', '771', '21', '514', '842', '794', '207', '415', '834', '821', '111', '660', '158', '160', '546', '625', '255', '183', '123', '671', '513', '782', '811', '47']
['468', '356', '332', '420', '658', '291', '462', '360', '529', '195', '472', '741', '37', '682', '143', '460', '307', '113', '620', '119', '853', '490', '438', '79', '446', '184', '246', '678', '388', '80', '693', '539', '362', '270', '334']
['341', '264', '570', '208', '8', '661', '489', '723', '430', '795', '516', '220', '521', '582', '612', '383', '62', '243', '606', '409', '595', '483', '326', '461', '473', '806', '809', '157', '596', '109', '28', '634', '93', '335']
['709', '355', '775', '205', '70', '269', '222', '404', '590', '528', '104', '656', '197', '298', '370', '600', '97', '758', '779', '618', '727', '200', '350', '241', '525', '647', '783', '747', '458', '478', '776', '202', '55', '263']
