['456', '448', '249', '45', '738', '257', '922', '44', '716', '858', '150', '108', '400', '182', '340', '221', '616', '843', '484', '475', '708', '26', '978', '125', '188']
['886', '365', '702', '692', '901', '645', '603', '951', '993', '285', '418', '339', '51', '564', '611', '545', '995', '263', '554', '57', '378', '926', '958', '758', '719']
['819', '152', '59', '404', '910', '148', '238', '939', '181', '709', '691', '215', '19', '457', '11', '159', '810', '239', '614', '362', '870', '665', '316', '555', '936']
['69', '408', '293', '834', '243', '626', '549', '683', '270', '441']
['942', '21', '247', '749', '86', '726', '953', '804', '495', '896', '42', '374', '890', '383', '774', '450', '795', '977', '937', '444', '667', '321', '790', '459', '775']
['307', '427', '867', '945', '903', '754', '64', '67', '907', '846', '445', '402', '112', '115', '822', '696', '591', '649', '969', '747', '98', '523', '170', '175', '70']
['414', '741', '228', '30', '337', '105', '137', '586', '77', '134', '303', '514', '943', '529', '885', '326', '608', '425', '984', '143', '156', '462', '796', '189', '530']
['426', '710', '299', '48', '360', '854', '199', '740', '72', '806', '850', '678']
['516', '346', '187', '3', '416', '699', '309', '130', '60', '145', '20']
['385', '438', '821', '983', '463', '413', '135', '248', '952', '176', '752', '13', '776', '50', '701', '392', '599', '350', '472', '517', '56', '29', '460', '300', '4']
['133', '439', '23', '538', '697', '25', '449', '153', '296', '388', '601', '354', '871', '477', '258', '567', '380', '671', '552', '7', '508', '862', '53', '814', '789']
['652', '332', '379', '136', '605', '206', '695', '833', '855', '973', '927', '411', '501']
['347', '157', '241', '120', '297', '750', '91', '971', '498', '197', '756', '71', '233', '167', '260', '714', '617', '918', '723', '842', '909', '486', '492', '487', '271']
['244', '563', '209', '990', '728', '904', '989', '887', '195', '149', '356', '894', '1']
['292', '338', '368', '764', '629', '35', '272', '829', '863', '142', '480', '37', '721', '729']
['277', '246', '646', '38', '785', '565', '497', '655', '707', '872', '223', '58', '63']
['733', '598', '384', '996', '959', '802', '913', '485', '965', '703', '712', '353', '963', '24', '16', '476', '286', '923', '853', '576', '287', '9', '268', '680', '494']
['192', '803', '423', '461', '291', '515', '174', '781', '527', '669', '924', '899', '960']
['202', '491', '780', '131', '670', '464', '653', '341', '839', '107', '234', '544', '74', '724']
['528', '512', '290', '191', '906', '928', '78', '158', '177', '336', '938', '845', '841']
['391', '358', '566', '160', '638', '730', '761', '831', '879', '478', '111', '676', '778', '179', '888', '668', '912', '999', '89', '82', '28', '997', '930', '848', '451']
['146', '897', '261', '520', '393', '674', '666', '359', '351', '745', '631', '684', '571']
['315', '0', '980', '47', '556', '226', '216', '17', '440', '619', '434', '623', '489', '117', '753', '294', '786', '627', '857', '455', '700', '519', '110', '722', '932']
['654', '694', '102', '355', '908', '335', '467', '184', '382', '568', '513', '522', '289']
['985', '509', '779', '762', '562', '594', '482', '812', '561', '126', '61', '406', '572', '902', '471', '273', '950', '816', '262', '352', '582', '648', '173', '964', '836']
['773', '395', '288', '727', '895', '429', '550', '865', '916', '90', '537']
['22', '767', '236', '739', '139', '222', '453', '163', '334', '377', '540', '742', '14']
['852', '483', '468', '844', '815', '389', '366', '755', '914', '373', '884', '535', '827', '569', '2', '40']
['811', '302', '466', '972', '642', '504', '437', '348', '585', '304', '794', '644', '503', '259', '602', '883', '521', '342', '548', '422', '589', '679', '801', '217', '66']
['269', '693', '144', '581', '828', '994', '933', '329', '600', '672', '84', '541', '698', '800', '490', '214', '511', '866', '165', '664', '141', '592', '954', '659', '253']
['235', '386', '579', '718', '917', '124', '200', '880', '647', '823', '446', '864', '104', '595', '36', '415']
['573', '81', '765', '807', '278', '68', '185', '782', '935', '791', '49']
['590', '662', '558', '424', '873', '371', '944', '311', '155', '507', '799', '787', '596', '372', '230', '266', '324', '231', '97', '575', '474', '610', '32', '443']
['431', '793', '417', '330', '465', '172', '506', '961', '991', '736', '88', '817', '992', '73', '162', '65', '161', '305', '905', '825', '725', '663', '232', '147', '252']
['6', '327', '322', '306', '847', '891', '639', '941', '254', '198', '661', '34', '94', '33', '580', '75', '399', '313', '320', '956', '319', '606', '394', '279', '397']
['196', '704', '369', '344', '539', '345', '597', '168', '328', '856', '219', '868', '635', '976', '390', '690', '127', '310', '547', '218', '732', '280', '643', '398', '194']
['874', '604', '988', '798', '882', '442', '92', '128', '542', '968', '533', '957', '593', '171', '682', '410', '129', '830', '763', '213', '5', '435', '101', '264', '333']
['62', '915', '412', '792', '713', '210', '743', '975', '282', '877', '284', '706', '308', '396', '921', '10', '946', '760', '361', '808', '650', '657', '633', '986', '447']
['458', '251', '317', '201', '245', '634', '39', '675', '154', '737', '878', '502', '551', '276', '80', '824', '140', '281', '227', '419', '207', '193', '87', '947', '651']
['433', '479', '132', '212', '493', '452', '526', '940', '705', '974', '560', '748', '588', '46', '557', '869', '929', '860', '15', '861', '363', '636', '784', '122', '769']
['151', '518', '103', '52', '622', '387', '240', '770', '658', '607', '818', '688', '553', '734', '488', '349', '41', '499', '312', '8', '826', '681', '85', '323', '469']
['618', '751', '409', '119', '925', '54', '100', '673', '18', '559', '496', '123', '820', '717', '298', '109', '106', '967', '621', '656', '911', '536', '962', '190', '772']
['805', '632', '711', '949', '274', '849', '454', '720', '436', '731', '615', '979', '920', '180', '532', '612', '166', '524', '788', '898', '757', '689', '966', '715']
['364', '325', '583', '203', '250', '987', '859', '169', '331', '624', '686', '225', '500', '432', '900', '375', '759', '546', '237', '875', '370', '570', '771', '95', '982']
['525', '76', '96', '164', '876', '531', '318', '403', '481', '510', '430', '948']
['470', '301', '584', '746', '220', '931', '208', '186', '114', '620', '55', '283', '889', '587', '735', '640', '376', '367', '178', '892', '83', '295', '998', '893', '113']
['840', '275', '630', '121', '609', '420', '138', '79', '428']
['256', '851', '797', '981', '934', '766', '783', '229', '574', '224', '628', '578', '660', '613', '204', '255', '625', '205', '211', '832', '768', '505', '405', '534', '27']
['116', '813', '809', '381', '421', '970', '314', '955', '637', '401', '93', '265', '407', '837', '881', '577', '777', '838', '343', '543', '744', '687', '12', '99']
['835', '43', '685', '919', '357', '183', '118', '677', '641', '242', '473', '31', '267']
