['940', '36', '642', '226', '915', '558', '240', '213', '632', '734', '31']
['289', '525', '444', '877', '580', '692', '756', '886', '57', '402', '638', '853', '899', '500', '233', '461']
['336', '174', '599', '528', '722', '344', '252', '365', '423', '418', '672', '170', '89', '850', '204', '177', '898', '691', '829', '744', '104', '612', '322', '178', '929', '619', '868', '265', '781', '316', '325', '462', '234', '662', '808', '340', '5', '947', '576', '187', '368', '228', '219', '235', '703', '835', '323', '110']
['148', '443', '379', '545', '381', '413', '725', '469', '30', '836', '872', '902', '319', '203', '242', '14', '143', '403', '13', '772', '58', '310', '907']
['88', '641', '72', '862', '894', '492', '239', '247', '591', '334', '184', '169', '125', '305', '216', '99', '739', '258', '337', '786', '11', '746', '3', '120', '578', '209', '95', '693', '171', '526', '839', '592', '415', '32', '675', '421']
['33', '126', '185', '2', '180', '154', '150', '910', '710', '74', '281', '659', '251', '878', '750', '713', '698', '69', '579', '888', '826', '199', '467']
['840', '435', '546', '559', '460', '924', '430', '142', '524', '845', '702', '544', '356', '601', '56', '270', '407', '783', '182', '667', '458', '700', '895', '91', '892', '406', '609', '264', '903', '617']
['41', '398', '452', '400', '788', '276', '149', '129', '935', '649', '666', '945', '550', '922', '291', '76', '60', '349', '361', '195', '887', '847', '43', '7', '117', '932', '263', '382', '762', '889', '442', '635', '597']
['230', '173', '721', '514', '351', '455', '625', '377', '494', '158', '764', '803', '450', '792', '48', '821', '688', '298', '717', '844', '480', '357', '385', '283', '648', '44', '353', '287', '434', '583', '198', '510', '139', '806', '796', '274', '388', '23', '329']
['561', '747', '67', '832', '678', '8', '331', '562', '904', '172', '101', '532', '669', '584', '807', '767', '520', '671', '530', '302', '466', '330', '814', '9', '501', '565', '606']
['674', '71', '160', '401', '956', '884', '731', '604', '870', '793', '650', '571', '320', '10', '78', '730', '511', '440', '40', '854', '518', '816', '253', '748', '810', '21', '292', '419', '130', '116', '925']
['134', '236', '373', '38', '457', '39', '431', '22', '660', '842', '484', '503', '304', '405', '227', '77', '938', '595', '574', '98', '107', '488', '476', '622', '156', '615', '596', '193', '820', '70', '97', '208']
['505', '913', '259', '906', '519', '297', '891', '939', '196', '554', '640', '828', '317', '268', '855', '644', '856', '92', '696', '629', '55', '804', '741', '314', '477', '61', '175', '426', '587', '736', '63', '284', '341', '555', '815', '512']
['812', '295', '506', '231', '119', '623', '326', '489', '743', '132', '795', '507', '521', '339', '433', '422', '686', '144', '496', '637', '262', '893', '941', '668', '624', '876', '627']
['296', '529', '901', '670', '109', '474', '390', '513', '614', '254', '427', '106', '49', '613', '451', '864', '393', '464', '927', '354', '37', '777', '563', '478', '916', '350', '611', '472', '944']
['598', '846', '880', '375', '165', '770', '719', '94', '799', '52', '825', '122', '881', '68', '646', '542', '869', '111', '256', '386', '827', '46', '441', '837', '602', '166', '594', '428']
['20', '286', '874', '202', '6', '163', '371', '27', '447', '600', '720', '685', '852', '535', '573', '485', '705', '552', '541', '502', '504', '858', '936', '570', '210', '206', '118', '621', '531', '222', '299', '680', '708']
['549', '395', '568', '883', '448', '324', '643', '417', '757', '733', '293', '875', '181', '791', '321', '190', '860', '946', '369', '789', '300', '315', '628', '873', '727', '25', '923', '630', '942', '701', '960', '138']
['909', '937', '751', '215', '523', '616', '328', '241', '926', '921', '318', '755', '439', '712', '416', '218', '366', '759', '238', '765', '360', '830', '90', '64', '121', '723', '798', '797', '282', '930', '768', '715', '303']
['931', '127', '527', '618', '955', '801', '136', '631', '141', '364', '809', '745', '399', '493', '272', '694', '307', '335', '220', '332', '633', '920', '404', '834', '232', '497', '164', '859', '243', '212', '4', '928', '771', '229', '766', '50']
['250', '689', '479', '288', '456', '152', '459', '29', '490', '275', '586', '851', '567', '538', '740', '917', '536', '437', '408', '539', '47', '677', '131', '224', '454', '778', '774', '843', '509', '53', '682']
['607', '848', '704', '738', '410', '93', '145', '108', '255', '1', '438', '589', '695', '327', '343', '819', '468', '918', '217', '753', '114', '214', '105', '269', '785', '306', '823', '822', '515', '732', '179', '653', '533']
['645', '246', '481', '201', '794', '882', '424', '664', '735', '396', '551', '249', '133', '124', '486', '863', '62', '397', '151', '879', '279', '342', '742', '911', '805', '266', '943', '896', '412', '87', '824', '103', '28', '347']
['871', '636', '811', '225', '123', '729', '308', '313', '392', '951', '54', '140', '463', '658', '787', '897', '168', '271', '543', '359', '425', '157', '65', '81', '866', '374', '205', '912', '312', '16']
['367', '471', '867', '952', '194', '189', '363', '620', '345', '861', '564', '737', '261', '769', '495', '84', '726', '776', '517', '473', '663', '647', '446', '958', '800', '683', '248', '376', '176', '301', '83', '957', '491', '19', '572']
['135', '79', '453', '790', '211', '260', '582', '294', '849', '161', '137', '207', '833', '681', '311', '953', '802', '657', '128', '80', '560', '15', '661', '673', '950', '414', '581', '0', '718', '679', '389', '380', '290', '277', '273']
['18', '338', '714', '841', '280', '498', '831', '24', '420', '761', '948', '147', '17', '245', '566', '394', '838', '763', '865', '665', '707', '779', '45', '716', '782', '499', '651']
['85', '188', '257', '436', '699', '687', '278', '333', '588', '348', '908', '569', '934', '590', '34', '711', '309', '192', '487', '411', '547', '223', '372', '449', '183', '346', '51', '773', '66', '959', '585', '857', '818', '954', '709', '540', '378', '817']
['244', '465', '162', '656', '534', '933', '654', '112', '758', '73', '639', '608', '100', '352', '556', '237', '102', '813', '113', '775', '155', '186', '949', '634', '780', '900', '914', '749', '652', '470', '605', '593']
['760', '728', '197', '626', '82', '445', '522', '391', '697', '153', '285', '115', '575', '167', '159', '676', '508', '919', '752', '577', '885', '537', '432', '12', '724', '905', '603', '890', '655', '690', '610']
['146', '362', '557', '358', '35', '191', '784', '475', '26', '516', '754', '42', '409', '387', '267', '429', '548', '221', '355', '200', '384', '75', '553', '383', '370', '706', '96', '483', '86', '59', '482', '684']
