['638', '176', '920', '415', '368', '711', '816', '123', '51', '192', '784', '675', '767', '46', '787', '130', '272', '124', '558', '27', '245', '548']
['937', '9', '723', '319', '383', '720', '597', '57', '709', '39', '814', '744', '219', '830', '811', '995', '565', '799', '856', '205', '844', '813']
['729', '220', '919', '847', '898', '222', '293', '592', '968', '880', '544', '549', '642', '956', '20', '984', '429', '26', '50', '960', '746', '463']
['927', '322', '706', '918', '438', '115', '484', '482', '819', '798', '662', '275', '883', '427', '924', '528', '587', '402', '988', '29', '79', '739']
['629', '155', '392', '980', '350', '637', '434', '510', '536', '769', '398', '397', '92', '943', '355', '10', '931', '967', '467', '586', '724', '457']
['615', '654', '308', '971', '848', '851', '543', '107', '160', '966', '532', '661', '575', '545', '981', '801', '42', '133', '81', '140', '648']
['631', '325', '774', '136', '255', '547', '962', '111', '251', '965', '852', '554', '157', '836', '502', '878', '125', '775', '623', '740']
['517', '108', '371', '269', '431', '621', '450', '567', '305', '411', '485', '684', '603', '707', '514', '864', '196', '213', '376', '163']
['879', '958', '461', '716', '274', '526', '225', '810', '480', '690', '755', '768', '171', '313', '337', '151', '359', '165', '404', '379']
['945', '360', '855', '800', '215', '698', '267', '882', '100', '877', '288', '905', '837', '644', '589', '110', '304', '796', '682', '52']
['770', '632', '283', '417', '912', '681', '437', '812', '287', '297', '733', '78', '175', '913', '433', '55', '453', '231', '854', '31']
['910', '600', '298', '691', '818', '36', '745', '843', '699', '462', '874', '28', '363', '828', '616', '257', '646', '894', '946', '590']
['906', '314', '409', '725', '454', '941', '680', '300', '645', '970', '540', '162', '469', '935', '527', '695', '131', '407', '987', '152']
['230', '734', '84', '599', '1', '82', '106', '422', '375', '566', '498', '797', '653', '902', '390', '511', '991', '868', '873', '823', '237']
['168', '766', '896', '524', '384', '87', '443', '839', '613', '40', '97', '249', '593', '414', '388', '382', '942']
['167', '824', '138', '25', '865', '664', '606', '663', '236', '821', '853', '893', '145', '156', '805', '58', '229', '751']
['481', '74', '23', '831', '677', '803', '181', '381', '862', '997', '982', '807', '986', '861', '507', '104', '30', '456']
['408', '296', '248', '869', '492', '948', '93', '302', '741', '929', '815', '303', '366', '591', '903', '347', '394']
['279', '817', '185', '135', '974', '963', '435', '400', '208', '916', '153', '696', '897', '320', '173', '227', '917']
['495', '673', '364', '170', '351', '859', '926', '341', '503', '2', '210', '580', '715', '630', '732', '440', '634']
['103', '139', '118', '472', '835', '345', '596', '790', '475', '244', '778', '187', '541', '802', '829', '719', '179']
['934', '425', '362', '378', '858', '985', '277', '522', '516', '3', '184', '928', '749', '704', '143', '38', '702']
['468', '102', '909', '198', '551', '405', '727', '708', '647', '809', '872', '216', '332', '564', '583', '478', '602']
['69', '639', '292', '792', '908', '713', '240', '601', '730', '953', '253', '242', '518', '996', '932', '605', '628']
['686', '387', '538', '776', '121', '884', '568', '940', '370', '705', '718', '692', '4', '44', '655', '101', '598', '754', '609', '786', '406']
['738', '338', '419', '391', '259', '758', '403', '736', '410', '289', '190', '204', '66', '957', '49', '182']
['779', '235', '976', '86', '832', '612', '933', '116', '13', '238', '923', '827', '88', '576', '315', '936']
['321', '105', '128', '866', '529', '333', '674', '899', '885', '794', '761', '324', '0', '361', '850', '442']
['756', '5', '573', '900', '195', '444', '386', '243', '657', '326', '668', '689', '922', '955', '340', '577', '757', '211']
['610', '329', '570', '85', '164', '120', '186', '197', '667', '80', '412', '838', '109', '742', '531', '979']
['43', '714', '643', '652', '11', '146', '763', '291', '328', '791', '949', '330', '990', '539', '448', '48', '520', '15']
['421', '841', '881', '666', '806', '432', '972', '76', '688', '772', '268', '228', '7', '892', '445']
['700', '96', '466', '998', '651', '875', '12', '174', '627', '679', '505', '842', '75', '83', '8', '34', '142', '764', '914', '331', '670', '334']
['349', '290', '285', '150', '358', '658', '857', '722', '37', '278', '218', '94', '458', '280', '420', '614', '491', '343', '777', '546', '212', '221']
['306', '428', '649', '999', '989', '312', '424', '537', '77', '282', '907', '619', '743', '535', '569', '260', '588', '578', '365', '357', '144', '465']
['911', '459', '356', '137', '226', '127', '336', '750', '154', '217', '395', '712', '344', '904', '16', '611', '499', '284', '888', '521', '158', '860']
['396', '826', '506', '676', '825', '525', '659', '119', '73', '694', '582', '112', '262', '697', '247', '656', '508', '635', '62', '501', '671', '952']
['377', '439', '271', '35', '327', '65', '14', '557', '147', '166', '416', '353', '452', '594', '47', '134', '117', '938', '731', '533', '845']
['335', '234', '993', '867', '389', '367', '678', '579', '418', '504', '560', '476', '380', '281', '571', '820', '493', '263', '188', '18', '944', '617']
['693', '342', '17', '21', '193', '876', '871', '258', '915', '901', '441', '753', '494', '523', '530', '626', '556', '795', '189']
['90', '640', '562', '618', '471', '804', '214', '500', '488', '483', '641', '687', '978', '91', '685', '669', '122', '620', '265']
['595', '994', '19', '574', '486', '374', '54', '512', '477', '318', '323', '464', '760', '947', '455', '921', '891', '650', '413']
['833', '203', '983', '925', '992', '22', '771', '264', '373', '113', '273', '232', '64', '70', '789', '451', '542']
['717', '460', '672', '295', '191', '446', '223', '563', '369', '270', '683', '178', '513', '200', '95', '863', '785', '890']
['622', '207', '307', '426', '6', '148', '624', '266', '710', '393', '209', '773', '141', '636', '747', '60', '479', '496']
['126', '449', '487', '703', '286', '56', '721', '608', '348', '808', '735', '372', '67', '553', '977', '339', '161', '183']
['72', '202', '246', '793', '846', '201', '430', '585', '199', '294', '239', '895', '474', '59', '114', '41', '889', '385']
['53', '447', '581', '961', '959', '276', '930', '317', '660', '783', '233', '625', '559', '61', '159', '169', '728']
['762', '969', '939', '436', '759', '180', '250', '206', '149', '788', '224', '973', '782', '310', '849', '633', '423']
['954', '71', '951', '68', '834', '489', '316', '584', '172', '950', '470', '509', '63', '781', '309', '99', '975']
['552', '550', '822', '24', '301', '737', '748', '765', '726', '252', '299', '354', '33', '886', '399', '352', '132']
['701', '177', '572', '473', '665', '32', '607', '89', '964', '45', '129', '241', '497', '194', '256', '401', '887']
['604', '261', '534', '254', '311', '519', '870', '752', '490', '780', '515', '561', '98', '840', '555', '346']
