['851', '564', '791', '701', '104', '321', '680', '167', '425', '563', '976', '624', '603', '866', '58', '219', '762', '687', '807', '699', '817', '261', '128', '468', '485', '46', '848', '579', '160', '33', '573', '326', '368', '372', '479', '90', '537', '615', '470', '294', '313', '177', '645', '67', '108', '298', '178', '398', '782', '448', '189', '718', '48', '896', '488', '747', '678', '344', '793', '81', '528', '363', '328', '255', '513', '466', '246', '291', '924', '506', '565', '555', '806', '740', '296', '297', '259', '636', '151', '588', '30', '413', '319', '464', '913', '416', '809', '465', '605', '623', '63', '359', '99', '946', '399', '360', '884', '557', '94', '2', '834', '350', '351', '24', '849', '599', '878', '728', '842', '688', '798', '158', '237', '581', '612', '317', '647', '920', '47', '180', '888', '894', '960', '841', '608', '137', '55', '703', '598', '388', '200', '478', '192', '100', '617', '966', '524', '994', '993', '983', '812', '577', '418', '509', '85', '106', '870', '585', '621', '921', '184', '391', '453', '1', '450', '708', '696', '211', '134', '774', '233', '902', '731', '268', '390', '257', '284', '39', '409']
['521', '310', '613', '768', '567']
['103']
['19', '307', '822']
['17']
['141', '861', '59']
['951']
['833']
['367', '539', '484']
['886', '846', '783', '941', '280', '462', '671']
['661', '349', '472']
['339']
['554']
['865', '631', '689']
['562']
['927']
['937', '78', '931']
['702', '446', '959', '53', '856', '252', '173']
['82', '126', '144']
['374']
['71']
['256', '756', '272']
['675']
['42']
['544', '668', '662']
['582', '77', '531', '614', '706', '383', '325']
['898', '283', '570']
['371']
['950']
['905', '190', '437']
['50']
['0']
['932', '979', '508']
['761', '494', '600', '619', '281', '616', '362']
['411', '664', '423']
['877']
['736']
['595', '712', '503']
['609']
['80']
['352', '592', '930']
['925', '551', '243', '10', '214', '497', '345']
['153', '646', '476']
['333']
['541']
['13', '626', '355']
['449']
['855']
['640', '967', '253']
['844', '873', '742', '659', '971', '480', '83']
['892', '20', '919']
['777']
['343']
['984', '323', '369']
['155']
['495']
['260', '545', '311']
['254', '105', '831', '968', '373', '209', '264']
['49', '434', '954']
['469']
['149']
['212', '226', '523']
['973']
['936']
['164', '169', '759']
['690', '300', '97', '505', '127', '314', '843']
['225', '232', '837']
['386']
['66']
['945', '405', '794']
['500']
['763']
['683', '899', '91']
['75', '719', '412', '205', '193', '424', '458']
['163', '784', '901']
['302']
['9']
['16', '820', '471']
['86']
['992']
['138', '958', '685']
['559', '140', '641', '301', '143', '610', '787']
['222', '911', '419']
['949']
['381']
['467', '797', '324']
['157']
['741']
['676', '378', '572']
['335', '365', '139', '721', '876', '247', '420']
['93', '711', '669']
['835']
['882']
['263', '122', '840']
['154']
['116']
['912', '510', '273']
['547', '131', '133', '274', '980', '487', '501']
['32', '262', '239']
['145']
['275']
['15', '507', '880']
['447']
['496']
['655', '775', '672']
['961', '819', '248', '376', '601', '117', '730']
['826', '504', '220']
['115']
['574']
['700', '704', '749']
['303']
['558']
['720', '602', '315']
['481', '552', '897', '276', '858', '816', '168']
['529', '717', '785']
['697']
['584']
['944', '282', '404']
['989']
['196']
['454', '860', '14']
['845', '972', '839', '402', '556', '231', '622']
['533', '649', '415']
['172']
['3']
['786', '213', '914']
['714']
['241']
['568', '107', '709']
['755', '45', '439', '926', '758', '790', '796']
['166', '764', '98']
['188']
['630']
['651', '361', '499']
['397']
['724']
['435', '639', '72']
['292', '716', '87', '801', '74', '489', '393']
['779', '576', '546']
['575']
['217']
['76', '331', '723']
['456']
['522']
['625', '43', '37']
['778', '60', '895', '288', '327', '760', '118']
['752', '88', '652']
['18']
['422']
['808', '604', '515']
['642']
['171']
['346', '799', '380']
['148', '890', '634', '65', '461', '990', '129']
['156', '224', '150']
['838']
['366']
['21', '244', '492']
['474']
['735']
['251', '535', '135']
['553', '242', '991', '644', '869', '338', '56']
['498', '713', '35']
['607']
['69']
['692', '279', '526']
['830']
['974']
['342', '68', '174']
['440', '221', '101', '230', '401', '125', '208']
['770', '854', '776']
['240']
['686']
['733', '530', '534']
['725']
['788']
['586', '299', '215']
['407', '743', '753', '853', '818', '594', '473']
['112', '486', '414']
['933']
['23']
['694', '571', '832']
['978']
['827']
['726', '353', '681']
['270', '170', '875', '511', '737', '935', '569']
['781', '389', '627']
['356']
['887']
['879', '258', '332']
['377']
['988']
['863', '857', '227']
['909', '286', '147', '590', '802', '235', '95']
['970', '908', '638']
['36']
['996']
['223', '29', '348']
['657']
['444']
['341', '197', '965']
['632', '293', '203', '648', '385', '738', '514']
['836', '238', '395']
['316']
['320']
['400', '199', '536']
['22']
['597']
['889', '146', '910']
['250', '109', '666', '903', '228', '900', '308']
['382', '963', '26']
['142']
['183']
['394', '829', '715']
['340']
['427']
['477', '8', '734']
['693', '175', '789', '811', '893', '27', '347']
['956', '928', '593']
['986']
['512']
['813', '186', '691']
['823']
['304']
['542', '618', '805']
['111', '550', '357', '969', '182', '549', '934']
['438', '426', '40']
['490']
['729']
['7', '266', '527']
['96']
['732']
['452', '939', '916']
['431', '543', '825', '6', '995', '44', '290']
['358', '883', '62']
['987']
['162']
['982', '287', '684']
['620']
['245']
['165', '918', '754']
['322', '410', '277', '41', '396', '455', '370']
['587', '289', '660']
['493']
['824']
['459', '428', '54']
['997']
['120']
['89', '847', '862']
['874', '202', '532', '159', '792', '583', '977']
['216', '746', '5']
['705']
['948']
['580', '780', '406']
['906']
['124']
['751', '561', '354']
['679', '436', '179', '123', '772', '670', '650']
['305', '525', '38']
['864']
['433']
['79', '606', '52']
['387']
['130']
['119', '11', '379']
['771', '635', '28', '938', '102', '665', '656']
['952', '695', '278']
['84']
['633']
['210', '483', '337']
['643']
['653']
['589', '443', '132']
['330', '682', '985', '152', '4', '904', '800']
['121', '868', '491']
['766']
['218']
['964', '318', '384']
['204']
['769']
['73', '408', '917']
['940', '518', '364', '654', '306', '271', '885']
['628', '267', '891']
['957']
['765']
['403', '92', '236']
['195']
['773']
['185', '981', '872']
['658', '375', '804', '922', '334', '674', '502']
['285', '198', '295']
['336']
['64']
['194', '814', '51']
['516']
['722']
['757', '578', '234']
['482', '923', '707', '953', '915', '520', '12']
['457', '421', '828']
['113']
['955']
['269', '767', '110']
['191']
['460']
['850', '815', '871']
['136', '673', '667', '677', '943', '810', '795']
['611', '392', '34']
['629']
['745']
['710', '744', '750']
['881']
['31']
['176', '312', '207']
['206', '57', '475', '187', '25', '596', '451']
['441', '201', '519']
['538']
['942']
['591', '803', '265']
['429']
['445']
['70', '560', '181']
['637', '566', '540', '161', '329', '821', '517']
['947', '114', '867']
['852']
['430']
['907', '432', '548']
['859']
['417']
['442', '739', '727']
['929', '61', '975', '698', '229', '663', '309']
['962', '463', '249']
['748']
