['527', '261', '351', '434', '658', '69', '256', '646', '616', '789', '700', '32', '471', '974', '349', '868', '629', '446', '930', '492', '765', '31', '957', '577', '869', '254', '698', '104', '520']
['202', '65', '503', '619', '601', '416', '934', '187', '750', '947', '883', '618', '203', '75', '716', '815', '830', '537', '186', '171', '699', '339', '85', '470', '702', '197', '719', '961']
['523', '315', '386', '886', '963', '331', '580', '276', '592', '992', '149', '385', '326', '465', '628', '388', '314', '598', '28', '653', '268', '510', '713']
['24', '784', '206', '924', '952', '846', '285', '834', '637', '107', '461', '984', '41', '110', '531', '943', '986', '648', '494', '634', '576', '545']
['303', '478', '138', '267', '417', '821', '599', '972', '892', '228', '360', '540', '940', '299', '173', '44', '731', '812', '438', '782', '662']
['723', '684', '244', '865', '979', '141', '887', '92', '365', '857', '858', '927', '856', '60', '474', '743', '125', '43', '977', '324', '780', '165', '560', '509', '781', '472', '859', '692', '284']
['802', '456', '364', '553', '310', '369', '890', '292', '828', '257', '40', '775', '66', '473', '512', '680', '403', '12', '50', '239', '929', '554', '377', '45']
['418', '591', '311', '663', '550', '291', '777', '317', '630', '297', '133', '437', '350', '115', '803', '387', '179', '920', '329', '333', '783', '344']
['14', '568', '19', '190', '159', '477', '302', '192', '561', '421', '588', '715', '679', '308', '936', '435', '707', '734', '0', '788', '970', '622', '442', '160']
['491', '18', '236', '53', '189', '902', '932', '227', '112', '98', '755', '397', '897', '651', '585', '30', '99', '264', '687', '778', '641', '436', '976', '824', '447', '466']
['852', '740', '422', '917', '58', '538', '840', '468', '966', '432', '818', '94', '426', '918', '134', '617', '259', '81', '273', '463']
['808', '219', '341', '52', '183', '674', '697', '548', '535', '583', '366', '681', '813', '499', '502', '79', '877', '845', '212', '118', '843', '322']
['814', '623', '25', '594', '318', '458', '270', '735', '193', '501', '345', '609', '543', '655', '696', '293', '423', '989', '683', '571', '806', '450', '68', '895', '174', '96']
['732', '911', '55', '867', '246', '706', '761', '220', '572', '73', '378', '773', '163', '4', '337', '793', '613', '215', '16', '46', '241', '250']
['951', '988', '277', '9', '831', '669', '785', '504', '885', '836', '910', '673', '288', '459', '507', '569', '766', '614', '908', '451', '829', '177', '47', '850', '729', '320', '402', '640']
['275', '272', '804', '294', '539', '462', '170', '410', '508', '717', '34', '475', '905', '841', '621', '922', '904', '334', '48', '753', '255', '147', '928']
['816', '654', '83', '262', '454', '168', '376', '306', '389', '505', '710', '919', '733', '861', '15', '526', '596', '498', '758', '425', '900', '767', '298', '546', '544', '39', '64', '956', '593']
['926', '763', '348', '420', '2', '534', '530', '987', '870', '131', '631', '226', '332', '847', '875', '797', '842', '251', '406', '301', '309', '336', '898', '330', '249', '166', '901', '738', '265']
['647', '776', '245', '328', '258', '70', '162', '126', '201', '516', '374', '677', '555', '558', '772', '213', '874', '281', '362', '982', '657', '532', '208', '180', '675', '233']
['691', '196', '486', '367', '931', '587', '559', '574', '521', '35', '280', '235', '144', '469', '542', '518', '513', '851', '595', '602', '11', '676', '838', '375', '519', '633']
['205', '383', '5', '907', '105', '825', '22', '794', '260', '873', '855', '635', '282', '485', '978', '709', '152', '724', '708', '759', '221', '879', '935', '541', '959']
['721', '80', '1', '747', '612', '849', '528', '937', '283', '488', '164', '817', '158', '358', '946', '449', '415', '355', '467', '493', '195']
['688', '627', '872', '181', '636', '209', '727', '51', '660', '167', '798', '954', '742', '252', '764', '412', '116', '464']
['3', '154', '151', '522', '210', '586', '6', '57', '300', '59', '199', '950', '894', '304', '990', '27', '878', '132', '682', '113', '704', '155', '479', '639', '644', '37']
['178', '991', '575', '286', '188', '394', '921', '182', '891', '670', '604', '102', '552', '968', '455', '148', '89', '671', '801', '805']
['431', '745', '312', '21', '482', '119', '290', '127', '573', '965', '606', '211', '93', '973', '695', '506', '444', '49', '556', '941', '725', '237', '342', '139', '307', '826']
['863', '971', '722', '603', '357', '20', '820', '960', '752', '720', '899', '225', '827', '515', '953', '615', '909']
['243', '287', '36', '967', '130', '711', '600', '650', '13', '896', '111', '407', '579', '343', '140', '923', '346', '103', '224', '916', '232']
['945', '607', '736', '54', '427', '430', '405', '728', '799', '223', '915', '361', '120', '191', '338', '146', '86', '854', '770', '135', '779']
['703', '448', '958', '204', '944', '605', '325', '800', '632', '768', '279', '408', '207', '123', '393', '169', '316', '514', '787']
['774', '238', '143', '938', '811', '741', '76', '368', '194', '404', '323', '809', '985', '229', '819', '176', '484']
['428', '839', '124', '90', '626', '399', '880', '392', '739', '380', '497', '969', '8', '363', '156', '862', '864', '379', '844']
['549', '496', '222', '63', '136', '395', '645', '737', '913', '786', '751', '453', '914', '590', '762', '419', '564', '61', '452', '659', '925', '78', '128', '690']
['396', '56', '242', '796', '536', '7', '500', '832', '445', '790', '791', '685', '769', '578', '866', '122', '705', '746', '792', '837']
['483', '354', '649', '390', '476', '903', '443', '567', '565', '665', '327', '321', '981', '106', '411', '400', '563']
['481', '82', '414', '100', '295', '29', '748', '517', '347', '381', '373', '278', '340', '948', '823', '975', '795']
['589', '672', '121', '401', '175', '667', '889', '955', '335', '88', '38', '370', '712', '441', '72', '296', '853', '433', '266', '161', '668', '129', '566', '95']
['495', '200', '77', '398', '624', '557', '230', '33', '108', '142', '153', '184', '271', '906', '693', '137', '42', '625']
['893', '652', '529', '371', '248', '231', '305', '718', '547', '884', '730', '694', '313', '240', '218', '216', '172', '570']
['269', '91', '661', '460', '876', '157', '319', '17', '610', '822', '686', '353', '656', '835', '581', '942', '611', '689', '150', '439', '562', '714', '253', '274', '247']
['84', '597', '525', '511', '489', '533', '949', '962', '749', '582', '939', '664', '744', '263', '584', '198', '352', '145', '757', '101', '97', '74']
['23', '67', '756', '620', '638', '289', '980', '424', '726', '882', '214', '490', '524', '912', '114', '71', '359', '372', '608', '860', '384', '833', '62']
['760', '413', '382', '754', '643', '964', '480', '234', '10', '391', '356', '109', '429', '888', '871', '678', '87', '642', '666']
['409', '810', '848', '185', '440', '807', '457', '771', '26', '701', '881', '933', '217', '983', '487', '551', '117']
