['568', '419', '92', '852', '16', '984', '295', '260', '851']
['565', '593', '632', '191', '939', '396', '244', '873']
['753', '55', '382', '842', '214', '802', '546']
['557', '624']
['313', '675', '75', '872', '483']
['709', '893', '471', '608', '111', '775', '663', '272', '615']
['747', '584', '915']
['221', '585', '337', '66', '921']
['166', '542', '305', '381', '138', '82', '901', '968', '21', '403', '413']
['599', '953', '279']
['819']
['645', '35', '65']
['142', '264', '522', '503', '718']
['93', '27', '995', '361']
['209', '985', '814']
['277', '947']
['582', '805', '273', '988', '756', '701', '421', '547', '45', '745', '715', '150']
['844', '123', '439', '658', '363', '113']
['442', '462', '183', '437']
['302', '614', '431', '783']
['514', '134', '936']
['218', '476', '446', '375', '34', '319']
['776', '348']
['644', '89', '67']
['255', '629', '555', '170', '196', '725', '812', '627', '918']
['1', '502', '698', '926', '292', '250', '679', '395']
['447', '79', '58']
['899', '181', '147', '43', '762', '121', '392']
['686', '962', '793', '424', '228', '856', '734']
['796']
['50', '266', '303', '738', '287']
['804', '664', '880']
['875', '282', '178', '157', '275', '504', '269']
['331', '81', '306', '535', '136', '643', '69', '966', '517', '782']
['540', '946', '757', '175']
['415', '637', '84', '211', '666']
['324', '263', '824', '343', '866', '801', '888']
['674', '993', '628']
['506', '885', '808', '613', '860']
['9', '631', '391', '327']
['829', '573', '905', '941', '158', '328', '252', '959', '29']
['398', '894', '853', '352', '169', '201', '464', '291']
['484', '634', '733', '781']
['289', '227', '510', '589', '265']
['525', '548', '699', '994', '254', '330']
['456', '490', '900', '326']
['965', '349', '131']
['112']
['187', '837', '972', '702', '394', '655', '122', '990', '937', '549', '407']
['927']
['832', '898', '591', '156', '28', '36', '610', '482']
['207', '662', '998', '878', '193']
['0', '229', '369', '919']
['497', '577', '98', '417']
['882', '233', '470', '144']
['286', '293', '139']
['197', '97', '846', '119', '167', '708']
['104', '892', '41', '435', '650', '586', '397', '731', '441']
['660', '764', '410', '102', '380', '616']
['308', '357', '648', '451']
['48', '243', '987', '344']
['836', '639']
['891', '519', '332']
['25', '241', '815', '934', '896']
['951', '799', '461', '386']
['897', '379', '848', '625', '276', '268', '210', '874', '225', '595', '740']
['468', '346', '355', '871', '356']
['944', '22', '823', '790', '333']
['153', '737', '281', '531', '539']
['238', '239', '399', '320', '889']
['68', '155']
['563', '543']
['492', '688', '511', '769', '317', '932', '736', '532', '174', '999', '505']
['477', '518', '354', '489', '208', '774', '929']
['524', '777', '652', '280', '454', '198']
['865', '428', '37', '654', '914', '596', '359', '223', '257']
['70', '95', '825', '603']
['8', '500']
['567', '607', '137', '449']
['418', '569', '704']
['810', '971', '509', '930', '558', '732', '705', '964']
['11', '598', '284', '771', '232', '159']
['240', '467']
['724', '838']
['235', '849', '575', '697']
['216', '890', '840', '561', '626', '393']
['887', '310', '200']
['57', '487', '425', '296', '526']
['633', '759', '843', '976', '389', '307']
['110', '17', '54', '830', '108', '192', '162', '758', '910', '594', '237', '768']
['494']
['855', '463', '884']
['385', '541', '935', '402', '160']
['44', '6', '39']
['861', '443']
['278', '920', '5', '372']
['212', '574', '188', '47', '450', '151', '30', '741', '707', '334', '528', '928']
['411', '580', '423', '125', '826', '400']
['339', '739', '587', '520', '957']
['656', '90', '342', '811']
['612', '712', '148', '459', '88']
['948', '364']
['271']
['979', '821', '800', '681']
['670', '259', '742', '440', '609', '126', '270', '955']
['521', '916', '496', '791', '246']
['789', '365', '630', '785', '667', '750', '982']
['864', '133', '641']
['474', '954']
['76', '590']
['683', '770']
['678', '205', '922', '544', '809', '152', '99']
['533', '967', '952', '85', '495', '773', '792']
['570', '744', '378', '523', '969', '778', '475', '472']
['409', '797']
['798', '611', '60', '485']
['224', '553', '559', '748']
['854', '755', '387', '61', '401']
['690', '481']
['508', '779', '114', '86', '445', '42']
['448', '822', '438', '245']
['154', '294', '716', '827', '862', '73', '323']
['680', '149', '312']
['262']
['564', '176', '248', '859', '297']
['215', '336', '31', '432', '124', '908', '341']
['551', '62', '924', '530']
['366', '51', '199']
['788', '886', '552', '56', '516', '53', '876', '499', '408', '351']
['321', '416', '33']
['752', '945', '950', '325', '353', '669', '606', '107', '373']
['226', '301', '786', '931']
['765', '623', '427', '673', '377', '103']
['668']
['605', '602', '256', '722', '161', '83', '749']
['925', '579', '714']
['80', '498', '911', '604', '879', '91', '329', '453', '422']
['550', '695', '863', '877']
['13', '78', '406', '444', '426', '581', '687']
['493', '963', '118', '466', '436']
['360', '164', '101', '729']
['433', '906', '46', '977', '536', '685', '106']
['904', '249', '960']
['560', '253', '2', '242', '458']
['182', '727', '554', '970', '368', '59', '583', '77', '38', '177', '537']
['515', '501', '231']
['545', '566', '12', '362', '184', '696', '318']
['983', '754']
['507', '682', '794', '763']
['858', '600', '813', '784']
['903', '556', '347', '236', '529', '713', '72', '100']
['186', '717', '230']
['460', '479', '172', '10', '839', '288']
['973', '636', '677', '638', '190', '817', '746', '881']
['3', '780', '143', '23']
['857', '63', '127', '367', '195', '981']
['869', '706', '452', '455', '374', '895']
['213']
['728', '220', '20', '978', '345']
['120', '322', '4']
['640', '619', '661', '703', '132', '743', '217', '719']
['171', '665', '376', '772', '912']
['974', '32', '141', '512', '635', '692']
['465', '534', '997', '909', '653', '642', '868', '180', '572', '601', '847']
['309', '721', '15', '657']
['761', '185', '617']
['315', '803', '19', '913', '64']
['130', '676', '179', '145', '649']
['938', '473', '274', '412', '300', '202', '261', '991', '163', '816']
['404', '730', '818', '388', '933']
['117', '87', '40', '204', '146', '222']
['358', '298', '956']
['850', '828', '405', '622']
['94', '700', '538', '767']
['469', '283', '833']
['340', '478', '129', '513']
['247', '168', '173', '917', '845', '795', '672']
['693', '620', '923', '975', '766', '390', '870']
['383', '18', '234', '206', '74', '219']
['96', '26', '996']
['883', '689', '370', '958']
['723', '128']
['684', '116', '961']
['621', '647', '835', '711']
['651', '430', '316', '578', '735', '720', '659', '109', '304']
['299', '267', '562', '71', '942', '992', '807']
['588', '414']
['52', '867', '943', '140', '597']
['592', '949']
['105', '806', '429']
['571', '841', '940', '251']
['691', '989']
['671', '834', '726', '907', '24', '420', '290']
['618', '486', '694', '189', '135', '384', '203', '285', '710', '787', '338']
['335', '434', '831', '527', '576']
['760', '14', '311', '457', '314', '646']
['491', '820', '980', '986']
['165', '480', '350', '115', '49', '902', '488']
['7', '258']
['751', '194', '371']
