['404', '222', '500', '459', '154', '381', '487', '398', '486', '316', '363', '571', '379', '196', '97', '297', '183', '135', '121', '425', '539', '449', '179', '278', '197']
['69', '546', '238', '16', '389', '362', '139', '471', '454', '506', '424', '249', '465', '436', '318', '592', '219', '230', '226', '163', '308', '485', '115', '478', '14', '257', '285', '581', '292']
['31', '258', '411', '312', '334', '518', '295', '240', '428', '189', '596', '52', '448', '371', '586', '399', '458', '182', '350']
['12', '524', '220', '64', '422', '320', '33', '423', '47', '237', '327', '590', '138', '591', '110', '273', '235', '90', '59', '80', '513', '310', '223', '67']
['35', '79', '225', '224', '509', '531', '76', '46', '288', '361', '266', '570', '51', '541', '96', '595']
['300', '491', '405', '479', '214', '599', '166', '456', '453', '587', '177', '10', '298', '175', '103', '551', '514']
['598', '397', '392', '118', '77', '526', '45', '374', '274', '340', '554', '497', '170', '507', '347', '495', '358', '493', '365', '555', '66', '130', '402']
['439', '62', '58', '144', '452', '185', '155', '212', '63', '210', '401', '473', '317', '461', '534', '101', '345', '36', '221']
['276', '40', '279', '232', '205', '333', '561', '519', '259', '8', '467', '211', '328', '553', '474', '150', '577', '304', '348', '120', '41', '339', '71', '346', '167', '545', '407', '165', '356', '373']
['26', '0', '410', '443', '440', '470', '216', '383', '194', '186', '445', '527', '82', '522', '191', '572', '234', '444', '372', '369', '344', '123']
['102', '21', '329', '30', '441', '19', '253', '370', '351', '213', '56', '255', '341', '171', '583', '547', '53', '137', '548', '109', '134', '305', '241', '472', '426', '95', '98', '131', '578']
['4', '462', '559', '3', '540', '231', '566', '50', '323', '106', '562', '153', '149', '65', '74', '569', '108', '377', '143', '176', '70', '565', '481', '15', '229', '260', '42']
['537', '466', '532', '286', '528', '99', '332', '313', '37', '575', '117', '83', '484', '442', '515', '236', '198', '468', '72', '432']
['597', '239', '104', '503', '61', '227', '34', '396', '75', '268', '338', '303', '129', '388', '489', '594', '152', '208', '84', '294', '431', '419', '86']
['140', '247', '446', '406', '521', '281', '256', '148', '199', '272', '159', '552', '7', '337', '114', '501', '17', '564']
['25', '394', '181', '476', '567', '201', '122', '364', '9', '359', '244', '151', '543', '178', '400', '558', '418', '494', '187', '250', '89']
['38', '420', '409', '549', '342', '299', '156', '315', '105', '314', '29', '128', '233', '574', '469', '217', '387', '413', '384', '349', '563', '488', '161', '516', '142', '13', '523', '498', '193', '414']
['291', '450', '192', '252', '92', '354', '520', '542', '296', '464', '147', '336', '576', '499', '593', '127', '307', '378', '202', '376', '60', '504', '54', '107', '245', '111', '357', '326', '510', '355']
['533', '20', '343', '417', '174', '475', '73', '289', '267', '573', '44', '87', '93', '215', '319', '195', '382', '560', '270', '126', '275', '204', '477', '433', '200']
['57', '380', '49', '330', '463', '309', '437', '580', '169', '335', '589', '438', '248', '180', '112', '271', '254', '352', '301', '242', '588', '447', '482', '55', '269', '306']
['393', '173', '162', '284', '451', '556', '146', '366', '585', '360', '206', '218', '429', '23', '536', '311', '246', '113', '517', '322', '263', '421', '511']
['24', '457', '22', '262', '6', '11', '385', '5', '492', '136', '525', '538', '133', '287', '27', '434', '145', '280', '261', '550', '530', '416', '483', '435']
['207', '415', '125', '124', '353', '460', '203', '390', '100', '264', '78', '1', '94', '283', '427', '430', '579', '403', '455', '367', '290', '158', '293', '116', '568']
['164', '119', '535', '324', '39', '496', '172', '251', '508', '190', '43', '544', '557', '584', '490', '48', '391', '91', '321', '209', '168', '157', '325', '408', '18']
['282', '529', '505', '28', '32', '395', '2', '184', '160', '502', '512', '375', '243', '141', '81', '412', '331', '302', '277', '132', '228', '480', '188', '368', '386', '265', '88', '582', '85', '68']
