['324', '207', '979', '143', '164', '956', '532', '721', '313', '262', '409', '167', '582', '711', '558', '885', '436', '929', '21', '952', '92', '112', '350', '349', '215', '130', '248', '182', '922']
['505', '137', '379', '887', '821', '908', '390', '33', '453', '637', '214', '264', '478', '503', '829', '407', '55', '363', '778', '476', '501', '325', '310', '598', '84', '750', '917', '464', '634', '756', '873', '947']
['789', '903', '300', '770', '596', '776', '369', '568', '938', '37', '765', '441', '616', '943', '630', '905', '495', '618', '675', '601', '376', '187', '685', '504', '631', '826', '609', '785', '4', '299', '845', '794', '429', '844']
['945', '958', '682', '224', '205', '357', '190', '3', '982', '884', '96', '838', '380', '574', '804', '168', '933', '156', '489', '678', '51', '589', '828', '880', '293', '749', '68', '200', '370', '444']
['842', '72', '745', '641', '622', '403', '580', '593', '237', '993', '818', '714', '499', '493', '659', '488', '460', '546', '795', '473', '367', '925', '393', '969', '543', '813', '431', '707']
['605', '414', '396', '592', '199', '564', '266', '147', '517', '981', '185', '462', '967', '104', '402', '911', '595', '528', '948', '345', '159', '557', '836', '18', '111', '302', '71', '10', '227', '388']
['384', '994', '86', '434', '329', '223', '554', '671', '448', '746', '786', '515', '116', '521', '420', '17', '774', '577', '531', '769', '91', '916', '373', '456', '997']
['73', '737', '466', '114', '644', '585', '183', '837', '783', '165', '984', '277', '83', '253', '719', '193', '343', '689', '24', '404', '32', '690', '563', '544', '125', '974', '565', '150', '151', '893']
['882', '59', '725', '571', '857', '2', '451', '236', '694', '275', '611', '378', '457', '425', '603', '810', '142', '863', '895', '122', '49', '410', '341', '440', '512', '732', '661']
['34', '822', '355', '953', '944', '470', '762', '81', '700', '430', '427', '412', '356', '149', '966', '800', '820', '999', '263', '101', '797', '906', '154', '748', '20', '755', '306', '58', '669', '798', '718', '835', '698', '679']
['382', '127', '483', '734', '195', '617', '806', '587', '665', '594', '36', '904', '308', '340', '119', '733', '235', '697', '894', '853', '825', '208', '878', '465', '204', '525', '244', '172', '613']
['784', '201', '365', '743', '118', '735', '203', '421', '612', '861', '297', '399', '703', '19', '38', '445', '653', '117', '524', '437', '184', '250', '741', '779', '576', '801', '886', '213', '843', '876', '683']
['196', '458', '79', '560', '247', '889', '175', '360', '572', '222', '259', '163', '298', '242', '480', '841', '416', '575', '40', '282', '197', '619', '47', '972', '812', '722', '996', '322', '110', '161', '511']
['221', '166', '670', '323', '246', '767', '16', '991', '712', '923', '381', '513', '338', '211', '760', '502', '43', '668', '230', '752', '537', '252', '978', '518', '516', '315', '523', '642']
['278', '284', '82', '289', '638', '418', '509', '942', '569', '621', '606', '702', '368', '960', '799', '676', '710', '854', '319', '536', '442', '551', '870', '87', '171', '510', '188', '832']
['44', '296', '153', '931', '228', '256', '759', '62', '229', '417', '77', '900', '361', '817', '655', '946', '265', '590', '218', '346', '805', '328', '148', '891', '241', '401', '336', '152', '927', '397']
['763', '985', '85', '394', '316', '173', '645', '66', '542', '768', '120', '435', '108', '226', '527', '570', '625', '728', '294', '452', '273', '52', '176', '757', '138', '41', '672', '53']
['375', '50', '526', '709', '890', '860', '26', '658', '326', '22', '550', '359', '194', '64', '455', '202', '334', '107', '344', '305', '940', '490', '439', '988', '287', '13', '321', '971', '406', '260']
['258', '723', '155', '69', '146', '459', '48', '547', '983', '833', '389', '481', '877', '269', '819', '15', '647', '949', '954', '330', '366', '881', '871', '115', '454', '314', '192', '827']
['140', '285', '295', '910', '660', '387', '962', '63', '992', '970', '802', '662', '600', '12', '907', '232', '840', '449', '179', '257', '921', '930', '157', '924', '158', '839', '337', '276', '936']
['209', '320', '865', '351', '301', '684', '620', '680', '803', '862', '419', '333', '980', '677', '627', '57', '919', '447', '42', '858', '103', '666', '11', '177', '649', '934', '604', '534']
['628', '46', '65', '556', '781', '852', '614', '715', '874', '385', '636', '496', '364', '793', '586', '928', '950', '5', '951', '231', '730', '39', '559', '545', '599', '581', '834', '788', '94']
['80', '632', '169', '964', '699', '579', '327', '123', '777', '656', '392', '514', '249', '814', '162', '729', '696', '283', '646', '726', '520', '391', '198', '178', '823', '61']
['535', '291', '691', '395', '553', '986', '145', '106', '129', '377', '371', '867', '415', '847', '475', '497', '95', '663', '720', '742', '519', '280', '7', '6', '506', '212', '693', '965']
['846', '292', '216', '225', '128', '353', '701', '597', '433', '704', '238', '898', '758', '471', '45', '479', '791', '530', '56', '624', '239', '897', '583', '973', '578', '217', '426']
['855', '635', '70', '727', '975', '88', '78', '251', '339', '932', '307', '133', '100', '261', '492', '808', '303', '787', '113', '610', '643', '27', '990', '98', '963', '482', '0', '54']
['856', '272', '468', '739', '780', '775', '764', '648', '491', '529', '331', '342', '657', '681', '279', '766', '31', '567', '782', '372', '477', '134', '549', '28', '413', '809', '8', '926', '957']
['281', '89', '811', '664', '9', '687', '562', '640', '124', '673', '270', '968', '807', '555', '374', '937', '591', '872', '902', '174', '864', '573', '317', '995', '432', '233']
['584', '716', '332', '288', '629', '913', '790', '566', '875', '180', '899', '615', '74', '883', '191', '859', '633', '796', '941', '892', '561', '75', '131', '1', '411', '245', '866', '761', '912']
['626', '851', '25', '708', '548', '461', '23', '869', '935', '105', '830', '896', '141', '400', '408', '541', '713', '139', '243', '170', '463', '831', '219', '667']
['206', '132', '744', '747', '754', '472', '816', '918', '507', '498', '422', '961', '109', '705', '121', '35', '508', '772', '824', '358', '736', '234', '474', '311', '602', '304']
['312', '271', '901', '467', '500', '695', '849', '909', '486', '102', '888', '189', '639', '90', '848', '450', '538', '987', '335', '386', '274', '255', '879', '522', '552', '383']
['989', '850', '254', '692', '815', '706', '160', '469', '93', '487', '186', '267', '240', '398', '740', '920', '76', '588', '144', '959', '484', '443', '30', '955', '654', '446', '652']
['608', '914', '976', '494', '751', '607', '438', '318', '290', '60', '650', '792', '998', '210', '181', '753', '724', '868', '347', '540', '99', '136', '623', '977', '428', '533', '651', '424']
['717', '352', '126', '97', '773', '268', '771', '423', '29', '135', '67', '309', '348', '354', '731', '539', '485', '738', '686', '220', '939', '674', '405', '362', '14', '688', '286', '915']
