['328', '765', '437', '71', '600']
['256', '479', '447', '444', '894']
['495', '985', '476', '266', '756', '594']
['667', '258', '663', '97', '503']
['820', '383', '893', '978', '694']
['721', '77', '814', '409', '675']
['574', '195', '12', '650', '135', '589']
['586', '274', '326', '112', '110', '72']
['838', '810', '518', '562', '65', '681']
['929', '457', '730', '661', '113', '784']
['98', '54', '676', '467', '443']
['371', '272', '434', '901', '872', '608', '769']
['671', '477', '588', '359', '242']
['976', '203', '633', '619', '826', '327', '726']
['442', '571', '714', '108', '155', '431']
['450', '421', '462', '736', '186', '699', '832']
['115', '517', '559', '435', '934', '610']
['202', '346', '178', '733', '30', '626']
['975', '205', '56', '401', '493', '911', '800']
['625', '840', '908', '469', '330', '144', '494', '891', '983']
['253', '651', '278', '117', '677', '999']
['742', '856', '779', '761', '138', '802', '974']
['356', '18', '854', '275', '968', '57']
['950', '428', '785', '620', '758']
['420', '551', '460', '632', '885', '972']
['563', '755', '19', '334', '490', '545']
['986', '406', '478', '916', '15']
['956', '927', '322', '963', '119', '572']
['920', '522', '952', '344', '965', '647']
['286', '121', '481', '806', '884', '830']
['225', '380', '29', '878', '770', '649']
['39', '794', '512', '657', '638', '109']
['370', '584', '10', '284', '265', '995']
['133', '720', '701', '909', '232', '269']
['88', '255', '436', '452', '750', '848']
['468', '305', '402', '788', '433', '774', '58']
['168', '459', '658', '367', '636', '279']
['864', '668', '63', '705', '93', '992', '365']
['775', '175', '361', '804', '888']
['318', '397', '898', '660', '860', '247', '580', '410']
['533', '993', '154', '980', '378', '595']
['622', '43', '560', '277', '103', '827']
['914', '698', '852', '767', '353', '44']
['922', '408', '455', '598', '249', '577', '741']
['925', '687', '60', '32', '227', '445']
['496', '244', '363', '470', '140', '440']
['943', '873', '530', '128', '544', '654']
['391', '342', '26', '923', '746', '4']
['935', '695', '501', '937', '196', '659']
['723', '836', '645', '311', '82', '213']
['304', '480', '751', '491', '587', '498']
['697', '942', '20', '160', '546']
['7', '204', '611', '876', '33', '21']
['855', '990', '961', '446', '635', '84', '981', '734']
['360', '822', '903', '833', '938', '289', '105']
['55', '137', '264', '198', '711', '390', '181']
['957', '206', '296', '504', '513', '585']
['601', '534', '273', '172', '554', '393']
['616', '824', '851', '931', '773', '173']
['844', '643', '729', '926', '525', '843']
['399', '892', '724', '243', '599', '61']
['863', '403', '414', '471', '641', '655']
['928', '889', '212', '871', '217', '917']
['644', '285', '816', '208', '239', '466']
['754', '541', '696', '497', '614', '75']
['23', '439', '187', '581', '818', '199']
['415', '411', '664', '398', '912', '456']
['710', '906', '704', '70', '164']
['214', '14', '674', '197', '100', '819']
['881', '744', '368', '45', '123', '716']
['300', '333', '487', '505', '781']
['260', '689', '877', '583', '147', '829']
['2', '464', '152', '288', '209', '329']
['743', '451', '904', '143', '91', '910']
['80', '575', '748', '516', '549', '890']
['377', '979', '267', '789', '263', '159']
['624', '179', '310', '899', '907', '348']
['139', '732', '40', '811', '634']
['338', '362', '191', '850', '192']
['432', '535', '994', '347', '771', '218']
['254', '53', '688', '953', '95', '292']
['248', '315', '489', '48', '759', '332']
['47', '690', '127', '593', '24', '355']
['971', '62', '483', '782', '308', '156', '293']
['764', '306', '812', '900', '778', '568']
['954', '238', '628', '960', '78', '369']
['508', '299', '780', '339', '808', '573']
['211', '760', '177', '120', '237', '146']
['280', '511', '174', '35', '558', '124']
['692', '51', '73', '902', '396', '762']
['567', '86', '454', '556', '591', '485']
['376', '570', '809', '725', '389', '933']
['553', '375', '176', '290', '321', '386']
['607', '228', '474', '188', '69', '543']
['719', '422', '962', '207', '350', '821']
['233', '85', '792', '458', '200', '354']
['357', '281', '997', '400', '982', '921']
['613', '499', '171', '301', '895', '3']
['597', '297', '987', '797', '542', '817']
['149', '596', '941', '839', '757', '693']
['510', '341', '578', '295', '268', '557']
['602', '702', '683', '707', '700', '989']
['803', '521', '973', '790', '966', '185']
['828', '81', '524', '131', '500', '605']
['246', '387', '129', '680', '924', '631']
['52', '287', '429', '165', '874', '691']
['679', '453', '678', '107', '845', '31']
['648', '59', '465', '145', '618', '536']
['438', '162', '684', '868', '6', '539']
['423', '652', '313', '130', '887']
['673', '538', '11', '988', '940', '862']
['419', '183', '967', '998', '745', '5']
['381', '157', '153', '548', '320', '825']
['262', '388', '915', '111', '373', '880']
['50', '372', '786', '897', '104', '463', '407']
['405', '592', '94', '87', '604']
['49', '482', '1', '831', '83']
['842', '201', '875', '302', '514']
['170', '240', '946', '282', '805']
['947', '385', '325', '738', '194']
['815', '847', '430', '948', '713']
['41', '79', '945', '114', '932']
['251', '169', '685', '312', '426']
['394', '576', '221', '261', '882']
['639', '526', '930', '958', '340']
['550', '749', '271', '540', '0']
['28', '116', '858', '865', '343']
['364', '905', '150', '223', '366']
['102', '9', '234', '216', '984']
['612', '529', '776', '739', '735']
['537', '382', '944', '969', '337']
['22', '134', '913', '413', '345']
['615', '763', '841', '294', '488']
['515', '665', '629', '324', '42']
['229', '236', '706', '374', '141']
['621', '68', '425', '475', '148']
['392', '807', '753', '669', '314']
['520', '951', '879', '395', '949']
['896', '523', '795', '118', '416']
['106', '834', '722', '853', '36']
['609', '189', '252', '67', '867']
['492', '532', '617', '646', '13']
['231', '215', '427', '939', '768']
['37', '331', '441', '869', '747']
['220', '424', '226', '317', '666']
['977', '670', '166', '319', '752']
['276', '715', '448', '672', '235']
['126', '653', '835', '182', '656']
['74', '34', '64', '125', '606']
['731', '919', '507', '303', '623']
['561', '566', '336', '222', '316']
['918', '603', '964', '528', '565']
['727', '728', '484', '686', '883']
['193', '270', '25', '737', '219']
['16', '417', '718', '358', '798']
['96', '158', '630', '823', '163']
['813', '519', '283', '473']
['708', '662', '352', '564', '291']
['142', '936', '637', '509', '323']
['309', '412', '787', '886', '857']
['245', '90', '861', '547', '772']
['959', '461', '579', '531', '122']
['241', '351', '379', '38']
['384', '709', '849', '76', '99']
['703', '449', '555', '801', '8']
['859', '502', '184', '996', '640']
['870', '17', '307', '190', '167']
['799', '335', '866', '590', '712']
['89', '846', '682', '259', '766']
['717', '777', '627', '791', '569']
['796', '793', '837', '349']
['404', '180', '472', '66', '46']
['740', '298', '101', '642', '27']
['552', '161', '230', '132', '970']
['92', '257', '136', '582', '418']
['486', '527', '955', '991', '783']
['151', '224', '250', '210', '506']
