['102', '468', '376', '891', '722']
['498', '244', '310', '345', '77']
['790', '632', '41']
['926', '325', '31', '603']
['766', '922', '811', '764']
['476', '530', '250']
['643', '483', '257', '924', '184', '646', '131', '66']
['886', '295', '12', '763']
['115', '241', '103']
['559', '670', '421', '460', '550']
['831', '568', '906', '237']
['535', '803', '573', '599', '358']
['126', '666', '417', '561', '537']
['275', '943', '605', '25']
['98', '437', '112']
['934', '877', '213', '851']
['773', '312', '86', '160', '770']
['39', '6', '849']
['306', '51', '486', '380']
['930', '865', '85', '825']
['164', '294', '20', '333']
['280', '727', '769', '481']
['677', '456', '751', '38']
['902', '619', '635', '791']
['910', '882', '163', '339']
['371', '277', '218', '245', '678']
['209', '477', '388']
['707', '55', '941', '196']
['4', '634']
['189', '492', '509']
['53', '255', '253', '804', '543', '519']
['72', '373', '454', '668']
['745', '84', '122', '563']
['628', '819', '753', '302', '202']
['912', '487', '688', '919']
['173', '675', '523', '29', '750']
['755', '290', '400', '317']
['89', '74', '162', '639']
['754', '904', '601', '540']
['298', '633', '80', '236']
['408', '291', '762', '911']
['56', '578', '121', '916']
['607', '433', '520', '653']
['699', '936', '510', '3']
['111', '494', '81', '522']
['288', '574', '258', '65']
['515', '208', '660', '370']
['758', '264', '327', '266']
['505', '888', '546', '647']
['374', '785', '323', '331']
['654', '178', '353', '347']
['564', '286', '720', '516']
['658', '427', '413', '782']
['845', '60', '950', '191']
['955', '415', '671']
['367', '59', '15', '318']
['228', '715', '192', '441']
['799', '805', '843', '725']
['87', '775', '806', '274']
['828', '716', '114', '238']
['296', '542', '665', '346']
['821', '360', '478', '142']
['390', '861', '272', '656']
['795', '79', '1', '354', '792']
['243', '407', '301', '582']
['203', '18', '837', '0']
['188', '827', '386', '645']
['292', '71', '748', '287']
['128', '914', '117', '455']
['558', '497', '141', '846']
['600', '381', '23', '91']
['322', '648', '90', '554']
['389', '689', '631', '344']
['920', '469', '412', '385']
['338', '402', '425', '749']
['584', '885', '829', '560']
['399', '368', '690', '611']
['176', '179', '110', '108']
['794', '714', '583']
['95', '915', '130', '642']
['752', '224', '309', '329']
['190', '167', '687', '685']
['401', '547', '180', '265']
['147', '249', '651', '328']
['398', '759', '789', '570']
['531', '411', '713', '99']
['430', '473', '69', '96']
['200', '449', '457', '251']
['784', '444', '440', '356']
['17', '383', '50', '452']
['808', '134', '940', '636']
['132', '174', '649', '536']
['788', '145', '92', '396']
['13', '840', '106', '349']
['952', '866', '747', '655']
['340', '786', '893', '704']
['617', '772', '489', '480']
['873', '123', '852', '596']
['735', '194', '479', '116']
['320', '28', '609', '881']
['908', '405', '201', '204']
['620', '104', '326', '139']
['181', '230', '736', '949']
['931', '800', '222', '552']
['890', '35', '42', '311']
['698', '615', '692', '393']
['22', '506', '416', '594']
['82', '418']
['438', '155', '500', '637']
['420', '518', '616', '109']
['366', '225', '526', '917']
['921', '270', '718', '5']
['252', '663', '447', '118']
['702', '765', '623', '428']
['64', '172', '768', '625']
['807', '34', '627', '797']
['737', '307', '377', '527']
['369', '168', '761', '697']
['610', '364', '850', '136']
['24', '474', '195', '923']
['938', '357', '835', '488']
['166', '44', '612', '414']
['495', '728', '896']
['942', '157', '395', '729']
['61', '630', '40', '544']
['581', '621', '267', '657']
['419', '740', '622', '431']
['874', '577', '158', '739']
['458', '512', '379', '406']
['499', '590', '262', '355']
['862', '839', '879', '776']
['508', '816', '422', '343']
['378', '818', '387', '424']
['68', '175', '496', '703']
['872', '640', '466', '787']
['925', '246', '308', '154']
['7', '432', '152', '871']
['269', '575', '742', '330']
['860', '493', '894', '700']
['361', '348', '443', '293']
['724', '836', '629', '895']
['556', '682', '525', '375']
['146', '256', '641', '868']
['726', '124', '514', '606']
['593', '565', '529', '780']
['802', '263', '234', '247']
['842', '363', '403', '394']
['501', '156', '719', '43']
['16', '442', '33', '391']
['278', '820', '216', '767']
['937', '384', '283', '471']
['664', '248', '46', '870']
['781', '289', '485']
['667', '538', '187', '362']
['304', '19', '235', '434']
['823', '756', '183', '595']
['227', '57', '903', '864']
['148', '683', '946', '741']
['159', '149', '618', '143']
['282', '933', '566', '746']
['445', '276', '409', '313']
['397', '859', '54', '812']
['798', '11', '783', '199']
['198', '826', '100', '502']
['757', '182', '439', '841']
['170', '907', '913', '93']
['662', '856', '464', '260']
['135', '215', '129', '185']
['259', '58', '359', '153']
['669', '673', '701', '239']
['220', '809', '551', '524']
['63', '534', '712', '268']
['232', '221', '193', '446']
['507', '32', '705', '140']
['652', '337', '226', '838']
['242', '94', '695', '899']
['863', '70', '279', '319']
['572', '233', '589', '101']
['815', '644', '45', '567']
['900', '598', '935', '137']
['672', '691', '177', '579']
['585', '67', '229', '814']
['83', '532', '779', '557']
['869', '30', '271', '107']
['482', '210', '503', '711']
['956', '813', '517', '171']
['693', '76', '120', '854']
['738', '448', '592', '597']
['21', '2', '36', '771']
['533', '97', '511', '14']
['26', '555', '721', '848']
['436', '125', '461', '382']
['694', '608', '8', '730']
['706', '217', '491', '545']
['659', '638', '661', '743']
['231', '161', '9', '796']
['880', '206', '284', '372']
['723', '588', '341', '905']
['352', '47', '426', '105']
['214', '254', '453', '580']
['451', '778', '708', '883']
['10', '734', '709', '686']
['624', '27', '717', '392']
['832', '521', '62', '676']
['944', '73', '857', '774']
['932', '909', '240', '303']
['878', '205', '335', '332']
['569', '710', '470', '541']
['898', '571', '549', '760']
['953', '314', '305', '650']
['928', '733', '336', '219']
['731', '324', '945', '947']
['604', '435', '462', '350']
['562', '613', '490', '844']
['351', '948', '939', '281']
['822', '591', '133', '929']
['954', '680', '744', '847']
['75', '273', '49', '901']
['429', '197', '300', '150']
['151', '732', '793', '165']
['681', '211', '297', '586']
['465', '830', '334', '48']
['817', '927', '138', '321']
['504', '834', '897', '824']
['207', '119', '674', '576']
['472', '553', '410', '365']
['548', '423', '810', '223']
['484', '858', '463', '887']
['113', '855', '875', '144']
['342', '884', '467', '450']
['513', '475', '684', '951']
['626', '853', '212', '777']
['801', '614', '315', '528']
['696', '679', '892', '404']
['78', '261', '459', '918']
['88', '889', '37', '539']
['833', '867', '316', '52']
['299', '876', '169', '186']
['587', '602', '285', '127']
