['563', '273', '505']
['711', '663', '351', '704', '371', '535']
['19', '193', '266', '57', '17']
['319', '616']
['332', '635', '409', '447']
['288', '774', '792', '290', '63']
['315', '396', '190', '382', '495']
['370', '95']
['104', '672', '194']
['512', '349', '120', '506', '566', '32']
['143', '157', '554', '579', '334']
['502', '187']
['55', '484', '790', '415']
['705', '101', '302', '253', '709']
['659', '152', '52', '608', '559']
['98', '524']
['248', '546', '534']
['691', '107', '173', '90', '84', '246']
['276', '466', '735', '794', '758']
['618', '346']
['732', '81', '768', '109']
['584', '682', '463', '215', '625']
['27', '115', '373', '82', '203']
['402', '558']
['775', '327']
['633', '708', '6', '759', '239', '765', '755']
['498', '175', '592', '449', '549']
['177', '340']
['557', '521', '103', '610']
['322', '571', '317', '219', '374']
['368', '585', '192', '244', '67']
['460', '163']
['37', '436', '750']
['448', '233', '416', '269', '432', '411']
['217', '439', '389', '456', '795']
['237', '213']
['260', '662', '624', '513']
['650', '42', '738', '367', '79']
['778', '200', '376', '316', '196']
['594', '44']
['797', '383', '407']
['15', '86', '568', '344', '136', '97']
['509', '118', '734', '403', '212']
['565', '773']
['356', '392', '148', '112']
['741', '41', '788', '242', '397']
['757', '609', '318', '702', '777']
['638', '501']
['538', '598', '766']
['492', '385', '544', '156', '183', '575']
['158', '254', '514', '676', '719']
['333', '615']
['267', '61', '123', '468']
['720', '5', '111', '793', '607']
['285', '620', '479', '352', '106']
['646', '631']
['779', '14', '323']
['789', '398', '658', '138', '697', '350']
['21', '679', '573', '324', '320']
['364', '296']
['725', '255', '365', '418']
['286', '43', '744', '400', '489']
['154', '29', '499', '345', '560']
['399', '742']
['179', '519', '171']
['330', '250', '119', '184', '83', '717']
['629', '87', '640', '503']
['8', '75', '235']
['678', '159', '277', '526']
['228', '263', '1', '114', '338', '390']
['280', '582', '178', '47']
['670', '581']
['553', '197', '31']
['198', '10', '798', '548', '545', '66']
['722', '454', '586', '700', '787']
['357', '275']
['799', '306', '134', '264']
['60', '7', '59', '335', '604']
['540', '784', '487', '589', '300']
['117', '191']
['360', '639', '12']
['500', '336', '781', '231', '337', '272']
['699', '354', '38', '642', '427']
['133', '341']
['384', '692', '298', '634']
['151', '185', '307', '24', '146']
['576', '574', '753', '293', '532']
['247', '4']
['297', '379', '619']
['737', '23', '189', '299', '122', '637']
['504', '256', '226', '369', '91']
['64', '170']
['76', '591', '388', '408']
['731', '234', '422', '667', '279']
['770', '769', '593', '132', '600']
['144', '748']
['529', '431', '394']
['174', '457', '736', '483', '656', '641']
['180', '791', '443', '531', '497']
['493', '380']
['240', '99', '653', '785']
['430', '783', '669', '363', '62']
['515', '452', '166', '168', '238']
['362', '423']
['726', '401', '561']
['342', '46', '733', '137', '377', '674']
['648', '712', '225', '13', '764']
['405', '683']
['760', '310', '511', '343']
['206', '739', '599', '262', '410']
['530', '675', '665', '56', '387']
['496', '406']
['701', '207', '440']
['446', '105', '477', '142', '205', '25']
['113', '85', '614', '419', '72']
['108', '752']
['126', '516', '555', '366']
['69', '569', '660', '628', '482']
['481', '404', '245', '442', '453']
['303', '161']
['257', '713', '223']
['749', '378', '474', '455', '331', '470']
['611', '703', '355', '45', '461']
['716', '740']
['690', '796', '655', '287']
['632', '695', '494', '53', '220']
['131', '313', '595', '685', '258']
['462', '782']
['128', '28', '688']
['96', '747', '74', '116', '150', '630']
['746', '693', '393', '601', '321']
['153', '9']
['577', '583', '572', '612']
['34', '677', '786', '562', '268']
['195', '271', '480', '30', '643']
['50', '304']
['488', '188', '16']
['135', '550', '721', '542', '729', '222']
['689', '251', '664', '149', '522']
['283', '353']
['602', '518', '326', '645']
['391', '412', '252', '20', '281']
['49', '657', '570', '58', '471']
['429', '539']
['325', '621', '348']
['278', '467', '465', '541', '265', '681']
['433', '751', '51', '92', '776']
['413', '694']
['216', '533', '381', '507']
['605', '472', '654', '622', '33']
['199', '687', '647', '284', '230']
['218', '395']
['127', '486', '236']
['211', '417', '445', '78', '730', '274']
['162', '485', '155', '476', '22']
['517', '552']
['673', '668', '435', '224']
['130', '567', '18', '420', '308']
['428', '270', '147', '464', '328']
['475', '65']
['172', '587', '301']
['636', '426', '311', '714', '510', '314']
['48', '491', '438', '329', '202']
['339', '71']
['282', '204', '305', '289']
['666', '551', '294', '70', '386']
['0', '761', '169', '165', '424']
['686', '229']
['473', '527', '626']
['756', '100', '358', '141', '644', '201']
['763', '421', '706', '243', '121']
['160', '537']
['603', '578', '232', '110']
['536', '710', '698', '459', '490']
['140', '434', '564', '372', '724']
['458', '227']
['543', '661', '292']
['754', '186', '54', '684', '259', '606']
['617', '547', '125', '208', '182']
['2', '718']
['295', '11', '680', '651']
['441', '580', '649', '214', '762']
['102', '93', '124', '36', '309']
['40', '210']
['715', '361', '623']
['556', '597', '312', '77', '596', '167']
['359', '528', '425', '671', '450']
['347', '209']
['723', '89', '181', '469']
['129', '525', '375', '707', '176']
['39', '94', '145', '451', '696']
['588', '414']
['139', '627', '221']
['613', '771', '780', '437', '26', '508']
['728', '68', '35', '261', '590']
['88', '523']
['3', '164', '241', '80']
['444', '652', '249', '745', '772', '743', '478']
['767', '291']
['727', '73', '520']
