['54', '837', '964', '657', '23', '505', '694', '417', '483', '969', '305', '671', '190', '167', '71', '992', '725', '291', '480', '524', '712', '797', '194', '199', '704', '323', '607']
['126', '604', '721', '602', '355', '474', '281', '257', '365', '332', '778', '97', '623', '849', '440', '638', '329', '418', '165', '310', '264', '952', '669', '763', '726', '675', '897']
['146', '560', '295', '543', '634', '107', '759', '314', '861', '833', '10', '398', '169', '696', '299', '622', '506', '473', '416', '3', '585', '302', '254', '900', '844', '848', '13']
['644', '412', '535', '904', '477', '910', '673', '546', '352', '105', '838', '739', '29', '697', '648', '296', '24', '605', '968', '111', '187', '245']
['972', '168', '407', '914', '717', '747', '59', '33', '104', '496', '345', '921', '627', '192', '878', '913', '511', '810', '805', '940', '399', '76', '999']
['521', '529', '804', '286', '824', '812', '706', '625', '788', '351', '758', '724', '204', '817', '223', '196', '959', '958', '405', '603', '781', '9', '654', '720', '819']
['300', '99', '468', '454', '173', '619', '793', '679', '888', '189', '87', '432', '130', '612', '966', '70', '256', '356', '836', '62', '22', '445', '243', '917']
['734', '923', '974', '773', '354', '503', '320', '155', '86', '800', '870', '714', '388', '580', '246', '324', '328', '869', '69', '183', '231', '884', '123', '89', '957']
['470', '600', '437', '677', '85', '938', '159', '825', '347', '109', '500', '191', '170', '695', '916', '404', '748', '743', '557', '290', '472', '509', '579', '688', '449', '841']
['92', '466', '786', '858', '308', '230', '670', '193', '75', '39', '138', '30', '202', '908', '582', '924', '807', '796', '898', '298', '421', '498', '890', '334']
['36', '353', '100', '782', '737', '662', '610', '57', '710', '926', '931', '150', '50', '730', '434', '882', '570', '933', '38', '701', '439', '214', '549', '989', '571', '436', '839', '794']
['487', '379', '993', '615', '484', '875', '609', '465', '212', '577', '502', '339', '937', '164', '771', '960', '128', '555', '996', '385', '823', '67', '892']
['762', '953', '163', '129', '490', '929', '78', '240', '575', '239', '935', '753', '233', '629', '866', '331', '144', '156', '639', '5', '380']
['262', '236', '497', '20', '44', '911', '153', '656', '829', '198', '207', '6', '103', '79', '383', '270', '539', '526', '438', '733', '642', '983', '337']
['951', '705', '779', '132', '681', '481', '971', '285', '72', '200', '842', '141', '55', '902', '237', '513', '293', '635', '691', '370', '390', '620', '666', '419', '90', '719']
['253', '488', '158', '119', '930', '403', '135', '292', '772', '566', '745', '306', '209', '40', '8', '61', '690', '326', '918', '143', '932', '742', '723', '944', '979', '973']
['541', '813', '835', '525', '798', '148', '618', '261', '715', '442', '685', '15', '335', '17', '633', '556', '689', '637', '19', '1', '780', '887', '41', '4', '184', '617']
['34', '655', '83', '994', '703', '2', '574', '475', '569', '247', '179', '903', '96', '736', '495', '809', '46', '945', '56', '357', '375', '899', '177', '649']
['486', '161', '769', '73', '49', '149', '45', '573', '760', '259', '855', '626', '242', '576', '840', '832', '338', '775', '544', '377', '232', '409', '501', '14']
['905', '66', '850', '408', '531', '446', '651', '510', '120', '729', '309', '581', '988', '948', '768', '597', '154', '754', '359', '429', '336', '547', '997', '397', '12', '95']
['641', '614', '98', '271', '333', '267', '636', '221', '373', '301', '0', '263', '84', '508', '530', '632', '965', '426', '376', '561', '47', '422', '886', '998', '210', '955', '864', '751']
['211', '873', '26', '116', '616', '702', '827', '792', '982', '984', '686', '219', '515', '611', '80', '789', '514', '48', '749', '330', '830', '124', '166', '687']
['195', '325', '709', '516', '520', '653', '977', '646', '364', '140', '389', '537', '133', '608', '125', '856', '499', '32', '350', '91', '722', '368', '395', '220', '967', '806', '672']
['536', '643', '197', '954', '415', '297', '369', '42', '317', '659', '846', '260', '752', '534', '206', '881', '341', '378', '277', '731', '255', '268', '406']
['182', '462', '770', '282', '160', '628', '790', '567', '879', '668', '995', '411', '134', '587', '114', '176', '485', '795', '987', '318', '674', '108', '235', '527', '382', '865', '713']
['889', '820', '452', '269', '818', '828', '624', '455', '613', '787', '647', '791', '366', '443', '451', '857', '946', '205', '37', '52', '596']
['660', '11', '920', '413', '925', '491', '558', '145', '21', '43', '489', '678', '504', '976', '136', '278', '122', '540', '157', '885', '224', '400', '631', '391']
['783', '630', '589', '893', '943', '279', '284', '801', '538', '362', '811', '227', '430', '891', '907', '939', '700', '68', '548', '744', '203', '895', '591', '226', '463']
['460', '188', '287', '595', '139', '249', '941', '594', '727', '251', '757', '381', '58', '363', '872', '216', '588', '645', '552', '201', '63', '676', '683', '384']
['435', '980', '592', '101', '458', '922', '94', '304', '692', '340', '60', '457', '319', '444', '115', '765', '175', '118', '990', '447', '981', '738', '265', '431', '106', '18']
['358', '970', '218', '652', '912', '272', '343', '664', '598', '826', '523', '562', '868', '542', '448', '294', '392', '831', '578', '420', '88', '814', '402', '876', '151']
['901', '31', '77', '564', '803', '479', '459', '550', '113', '732', '307', '650', '532', '238', '492', '27', '661', '843', '853', '367', '244', '776', '453', '852', '821']
['25', '401', '313', '949', '250', '171', '590', '476', '847', '746', '750', '665', '186', '428', '553', '494', '863', '327', '142', '424', '82', '599', '228', '584', '312']
['241', '467', '565', '117', '528', '936', '252', '131', '414', '275', '215', '593', '545', '950', '464', '147', '735', '478', '658', '551', '663', '112', '874', '896', '273', '711', '854']
['568', '947', '708', '185', '563', '877', '761', '601', '386', '152', '909', '289', '274', '640', '396', '127', '321', '986', '181', '387', '942', '919']
['621', '859', '65', '276', '303', '248', '213', '28', '517', '456', '766', '777', '433', '802', '693', '699', '349', '512', '344', '851', '894', '845', '110', '361', '311', '283', '975', '427', '862', '225', '934', '799', '774', '258']
['234', '137', '915', '288', '698', '961', '606', '816', '172', '586', '978', '985', '162', '229', '348', '469', '522', '450', '493', '883', '707', '767']
['559', '554', '834', '64', '315', '461', '991', '180', '519', '178', '682', '572', '756', '372', '342', '393', '906', '217', '81', '680', '518', '928', '74', '93']
['815', '51', '667', '822', '808', '880', '441', '867', '583', '208', '482', '371', '174', '7', '755', '741', '316', '280', '716', '684', '374', '956', '394', '785']
['927', '471', '53', '784', '533', '222', '35', '728', '121', '507', '423', '410', '102', '764', '963', '860', '740', '718', '425', '322', '346', '266', '16', '962', '871', '360']
