['239', '610', '840', '993', '669', '884', '501', '895', '618', '337', '992', '876', '41', '721', '953', '69', '782', '370', '744', '969', '308', '371', '964', '441', '85', '950', '380', '928', '383', '242', '14', '188', '667', '149', '213', '65', '723', '841']
['108', '599', '392', '983', '864', '384', '686', '151', '332', '911', '912', '427', '512', '946', '315', '967', '810', '39', '5', '659', '137', '637', '460', '61', '485', '7', '426', '402', '777', '434', '642', '763', '344', '541', '197', '861', '712', '403', '831', '935']
['636', '751', '120', '446', '933', '867', '749', '169', '194', '38', '608', '466', '941', '359', '282', '72', '543', '954', '278', '67', '689', '75', '118', '604', '937', '650', '147', '687', '274', '802', '731', '702', '125', '615', '913', '866', '458', '855', '774']
['131', '592', '187', '655', '31', '865', '952', '790', '626', '180', '210', '89', '585', '856', '654', '98', '298', '567', '575', '770', '96', '823', '542', '172', '60', '795', '738', '405', '739', '514', '49', '408', '900', '119', '201', '235', '375', '157', '737']
['316', '718', '464', '229', '311', '101', '272', '25', '808', '940', '252', '286', '859', '901', '863', '382', '182', '607', '508', '537', '155', '236', '759', '716', '668', '785', '688', '442', '671', '362', '268', '417', '325', '914', '363']
['334', '28', '653', '340', '551', '222', '262', '179', '853', '443', '587', '616', '518', '708', '910', '166', '216', '480', '703', '733', '218', '877', '451', '889', '215', '690', '557', '467', '84', '299', '326']
['281', '649', '956', '271', '287', '254', '985', '339', '994', '476', '64', '107', '822', '353', '572', '743', '633', '720', '798', '814', '695', '63', '495', '448', '10', '15', '573', '558', '584', '765', '406', '490', '57', '488', '580', '740', '419', '680']
['706', '791', '301', '113', '982', '882', '303', '390', '701', '497', '745', '472', '259', '398', '517', '516', '156', '44', '48', '589', '93', '816', '939', '81', '152', '192', '290', '500', '705', '595', '97', '830', '921', '257', '146', '360', '645']
['677', '803', '87', '127', '338', '160', '761', '753', '208', '78', '482', '532', '779', '4', '124', '8', '569', '45', '29', '918', '37', '566', '887', '280', '54', '603', '449', '752', '617', '857', '284', '283', '647', '318', '114', '377', '378', '904', '898', '556']
['926', '577', '530', '134', '869', '361', '158', '736', '515', '453', '404', '143', '826', '395', '923', '550', '871', '450', '789', '341', '750', '223', '786', '629', '924']
['977', '697', '511', '369', '270', '183', '602', '323', '21', '379', '92', '862', '991', '505', '623', '715', '117', '730', '962', '386', '908', '547', '462', '762', '94', '644', '643', '391', '68', '775', '100', '698', '538', '431', '588']
['428', '799', '55', '591', '241', '174', '220', '947', '387', '973', '673', '699', '535', '878', '665', '930', '564', '11', '368', '251', '990', '219', '965', '351', '468', '227', '355', '562', '421', '455', '142', '842', '30', '571', '130', '638', '586', '99']
['793', '980', '164', '109', '91', '88', '413', '988', '741', '226', '347', '713', '792', '1', '812', '811', '479', '732', '483', '438', '936', '313', '126', '475', '590', '58', '692', '848', '614', '639', '440', '958', '606', '748', '734', '824', '350']
['796', '245', '165', '265', '758', '524', '159', '418', '153', '519', '780', '444', '582', '529', '330', '291', '756', '231', '533', '660', '230', '945', '73', '881', '486', '349', '685', '346', '527', '682']
['788', '225', '115', '296', '136', '211', '435', '2', '850', '35', '207', '652', '381', '891', '632', '927', '835', '312', '870', '170', '407', '389', '576', '574', '625', '531', '834', '469', '394', '71', '198', '128', '86', '184', '436', '707']
['578', '714', '917', '202', '634', '491', '354', '145', '171', '981', '46', '304', '204', '430', '781', '309', '433', '176', '232', '598', '32', '525', '429', '846', '663', '879', '627']
['357', '896', '161', '986', '447', '943', '47', '217', '327', '894', '203', '333', '70', '289', '620', '664', '553', '520', '199', '269', '818', '414', '17', '683', '560', '916', '285', '805', '717', '506', '163', '961', '177', '260', '206', '90', '397', '292']
['95', '851', '76', '322', '358', '302', '657', '858', '496', '711', '801', '393', '423', '771', '955', '503', '656', '684', '843', '212', '833', '837', '425', '12', '906', '224', '40', '694']
['886', '679', '528', '622', '20', '244', '53', '237', '903', '196', '189', '264', '804', '470', '746', '963', '893', '82', '416', '484', '140', '200', '540', '975', '700']
['195', '729', '522', '261', '80', '769', '548', '367', '960', '307', '809', '874', '794', '56', '819', '661', '477', '473', '243', '205', '135', '976', '178', '193', '545', '83', '42', '931', '77', '619', '445', '409', '728', '984', '972', '897', '112', '674']
['641', '401', '905', '412', '310', '875', '561', '844', '246', '549', '784', '621', '66', '768', '546', '593', '474', '255', '300', '461', '481', '597', '267', '722', '209', '873', '934', '498', '19', '34', '670', '148', '343', '885', '342', '691', '499']
['365', '839', '628', '121', '507', '929', '760', '631', '106', '847', '807', '13', '681', '521', '411', '16', '26', '293', '970', '492', '487', '129', '971', '838', '920', '915', '526', '554', '787', '168', '932', '320', '534', '454']
['726', '238', '907', '385', '922', '0', '825', '727', '797', '523', '555', '559', '974', '138', '806', '821', '662', '105', '919', '704', '494', '596', '133', '502', '263', '601', '181', '845', '783', '139', '987', '50', '162', '925']
['724', '742', '336', '493', '872', '399', '880', '544', '452', '23', '297', '141', '328', '185', '432', '513', '190', '103', '43', '9', '635', '18', '849', '314', '6']
['613', '827', '305', '710', '400', '536', '132', '356', '27', '676', '820', '709', '509', '373', '233', '868', '221', '376', '110', '828', '366', '489', '324', '410']
['317', '59', '22', '345', '52', '250', '594', '420', '959', '854', '552', '144', '319', '167', '747', '773', '478', '944', '672', '630', '459', '778', '256', '279', '422', '754', '817', '122', '563', '364', '62', '321', '979', '989', '966', '968']
['266', '348', '678', '978', '415', '102', '600', '372', '539', '253', '766', '658', '836', '150', '725', '374', '757', '214', '902', '111', '951', '154', '294', '228', '852', '388', '693', '772', '609', '832', '666', '33', '191', '471', '735', '240', '565', '465', '51']
['275', '764', '583', '942', '437', '829', '306', '504', '860', '581', '329', '568', '776', '995', '767', '755', '123', '273', '104', '696', '439', '234', '570', '463', '175', '24', '396']
['648', '892', '288', '424', '888', '510', '247', '186', '624', '579', '173', '352', '249', '116', '890', '277', '948', '74', '815', '457', '3', '813', '675']
['719', '36', '605', '883', '331', '335', '611', '651', '899', '258', '949', '957', '909', '295', '938', '612', '248', '79', '276', '640', '646', '800', '456']
