['417', '2', '46', '232', '148', '314']
['452', '145', '176', '107', '366']
['139', '299', '91', '178', '60', '436']
['262', '105', '31', '6', '381', '41']
['286', '69', '127']
['498', '219', '79', '201', '14', '305']
['486', '240', '34', '272', '437', '47']
['463', '469', '443', '108', '252']
['444', '454', '481']
['277', '324', '102', '403', '99']
['35', '26', '30', '115', '322', '242']
['58', '12', '389']
['320', '438', '371', '54', '383', '466']
['24', '61', '280', '358']
['479', '468', '361']
['236', '497', '238', '205', '266', '217']
['225', '392', '477', '402', '404', '348']
['271', '412', '29', '250', '230']
['185', '160', '365', '345', '376']
['172', '490', '126', '372']
['28', '241', '129', '453']
['78', '103', '186', '135', '153']
['341', '182', '49', '296', '82']
['378', '114', '397', '63', '181', '196']
['5', '131', '155', '284', '42', '74']
['95', '429', '484', '433', '467']
['228', '495', '442', '213', '48']
['307', '164', '212', '384', '120']
['159', '267', '482', '44', '11', '357']
['460', '203', '276']
['27', '329', '375', '133', '499']
['204', '136', '123', '279', '224']
['328', '419', '435', '430', '470', '302']
['458', '330', '246', '374', '326']
['426', '410', '431', '32', '234']
['336', '461', '343', '440', '218', '414']
['292', '478', '455', '338']
['231', '400', '293', '409', '180']
['68', '37', '427', '96', '141']
['382', '40', '388', '317', '97']
['398', '189', '140', '303', '137', '194']
['251', '351', '66', '130', '38']
['111', '408', '146', '208']
['216', '211', '67', '337']
['483', '165', '20', '21', '73']
['19', '214', '283', '179', '226', '360']
['16', '210', '313', '471']
['245', '347', '462', '229']
['18', '101', '22', '76', '298', '112']
['464', '257', '319', '333', '318', '239']
['377', '334', '413', '350', '39']
['448', '121', '407', '359']
['125', '363', '451', '15', '132', '233']
['432', '312', '170', '352', '70', '421']
['57', '370', '423']
['237', '98', '310', '157', '59', '51']
['311', '197', '253', '50', '446', '17']
['0', '117', '459', '199', '87', '445']
['424', '143', '434', '297']
['496', '221', '152', '142', '278', '36']
['465', '309', '247', '92', '244']
['473', '119', '385', '393']
['354', '475', '86', '269']
['9', '405', '364', '258', '396']
['168', '456', '425', '281', '33', '325']
['485', '116', '474', '491', '261']
['255', '56', '1', '23', '84']
['71', '270', '167', '300', '289', '368']
['100', '169', '342', '332', '265']
['134', '149', '106', '25', '450']
['227', '304', '90', '308']
['321', '77', '156', '220', '493']
['187', '209', '346', '315', '161', '171']
['75', '53', '198', '420', '43']
['290', '177', '222', '418', '439']
['118', '52', '83', '285']
['193', '254', '195', '356']
['301', '94', '154', '489', '110', '264']
['344', '387', '380', '399', '291', '288']
['268', '339', '166']
['494', '206', '65', '249', '355', '128']
['449', '72', '147', '7', '259', '273']
['275', '406', '331', '151', '480', '441']
['306', '93', '144', '138']
['62', '373', '391', '162', '353', '45']
['260', '85', '124', '10', '109']
['88', '323', '113', '188', '243', '183']
['340', '335', '422', '223', '369']
['316', '415', '282', '472', '184']
['394', '367', '235', '295']
['401', '192', '3', '207', '476']
['202', '447', '173', '200', '104']
['89', '488', '416', '379', '8']
['191', '256', '248', '457', '150', '274']
['80', '492', '122', '395', '263', '174']
['163', '428', '487', '13']
['158', '215', '175', '64']
['55', '362', '190', '4', '294']
['411', '390']
['349', '81', '287', '327', '386']
