['965', '875', '597', '276', '664', '100', '288', '348', '657', '494']
['627', '650', '816', '427', '762', '54', '117', '162', '992', '403', '619', '975', '735', '224', '454']
['77', '25', '856', '342', '623', '651', '152', '391', '460', '169', '603', '530']
['314', '456', '685', '769', '70', '109', '115', '867', '534']
['524', '385', '434', '708', '733', '583', '389', '472', '595', '63', '251']
['128', '828', '942', '726', '419', '539', '865', '420', '32', '50']
['810', '338', '551', '692', '153', '774', '543', '69', '911']
['104', '437', '135', '515', '869', '477', '582', '717', '447', '155']
['79', '182', '765', '730', '778', '339', '91', '599', '796', '740']
['52', '205', '589', '887', '256', '933', '252', '604', '388', '343', '108']
['966', '979', '311', '630', '341', '972', '443', '281', '773', '830', '962', '428', '677', '340', '225']
['521', '747', '593', '607', '172', '490', '532', '552', '621', '531', '37']
['103', '136', '2', '493', '606', '264', '41', '577', '882', '243', '346']
['92', '151', '968', '459', '299', '893', '146', '956', '353', '414', '555', '588', '916', '328', '655']
['283', '461', '821', '573', '141', '119', '978', '707']
['426', '16', '439', '591', '889', '693', '436', '294', '507', '399', '31']
['565', '649', '464', '967', '14', '297', '165', '296', '330', '756', '706']
['149', '823', '954', '913', '3', '766', '513', '244', '484', '629']
['512', '463', '312', '952', '826', '755', '202', '946', '799', '68', '194']
['209', '140', '273', '204', '891', '319', '322', '118', '563', '686', '519']
['489', '791', '195', '377', '829', '175', '379', '526']
['903', '710', '839', '499', '567', '51', '24', '486', '457']
['846', '48', '228', '371', '997', '725', '667', '156', '614']
['598', '838', '223', '569', '126', '580', '30', '184', '610', '609']
['797', '406', '600', '681', '980', '450', '698', '470', '318', '938']
['65', '467', '971', '789', '374', '860', '218', '101', '921', '186']
['208', '964', '142', '935', '661', '576', '471', '671', '770']
['39', '950', '413', '261', '662', '178', '525', '304', '504', '620']
['145', '854', '498', '167', '335', '236', '777', '833', '241', '936']
['373', '290', '295', '566', '511', '817', '948', '885', '381', '180', '313']
['56', '578', '874', '320', '280', '787', '174', '749', '395', '424', '587', '768', '324', '689', '654']
['309', '556', '22', '959', '358', '641', '669', '684', '834', '157']
['226', '258', '963', '310', '440', '590', '363', '842', '579', '6', '723']
['658', '546', '336', '937', '131', '412', '93', '741', '538', '806', '752']
['699', '719', '7', '987', '523', '316', '981', '329', '509', '415', '947', '605']
['697', '553', '452', '953', '124', '850', '574', '864', '372', '632', '844', '955']
['405', '246', '481', '561', '462', '170', '401', '700', '516', '624']
['976', '894', '809', '233', '46', '701', '491', '200', '611', '742']
['922', '199', '581', '229', '198', '219', '841', '201', '500', '268', '771', '23']
['364', '934', '883', '514', '28', '808', '71', '10', '541', '98']
['506', '653', '759', '633', '19', '775', '302', '687', '919', '503']
['908', '185', '559', '803', '488', '300', '798', '183', '602', '847', '746']
['4', '116', '265', '432', '5', '473', '635', '214', '133', '62']
['138', '425', '90', '9', '989', '274', '73', '291']
['18', '177', '642', '805', '536', '618', '386', '668', '900', '928', '639']
['958', '558', '13', '361', '392', '227', '132', '150', '44', '811']
['362', '435', '714', '230', '448', '67', '213', '548', '78', '613']
['478', '134', '351', '325', '672', '529', '716', '215', '547', '785']
['695', '836', '378', '564', '272', '904', '245', '323']
['85', '715', '988', '430', '876', '222', '807', '761', '843', '275']
['95', '659', '84', '764', '732', '94', '282', '410', '277', '349']
['562', '107', '990', '127', '367', '298', '231', '926']
['886', '832', '250', '468', '97', '75', '660', '691', '382']
['398', '617', '286', '914', '113', '822', '159', '148', '29', '859', '237', '181']
['724', '196', '731', '892', '42', '748', '601', '422', '673', '404']
['915', '35', '722', '58', '814', '637', '496', '873', '918', '445']
['995', '129', '421', '665', '688', '729', '852', '88', '983', '55']
['87', '171', '191', '909', '910', '355', '679', '815', '977', '800', '327']
['114', '535', '433', '675', '884', '387', '753', '912']
['383', '670', '360', '390', '20', '407', '375', '123', '703']
['702', '898', '645', '176', '586', '721', '767', '238', '862', '820', '357']
['284', '939', '594', '160', '418', '130', '211', '757', '626', '837', '712', '544']
['43', '179', '895', '644', '801', '99', '82', '121', '788', '549']
['720', '851', '540', '255', '643', '596', '259', '466', '344', '242', '187']
['676', '870', '840', '652', '188', '944', '397', '147', '301', '871', '359']
['781', '240', '492', '487', '709', '315']
['974', '631', '57', '164', '727', '337', '416', '970', '497']
['270', '495', '423', '917', '332', '776', '431', '333', '482', '951']
['190', '409', '49', '125', '394', '60', '622', '636']
['682', '248', '690', '120', '111', '794', '417', '469']
['998', '666', '920', '986', '825', '334', '278']
['444', '931', '369', '239', '754', '158', '279', '501', '137']
['455', '517', '217', '40', '292', '508', '110', '356', '663', '896', '718', '739', '189', '53']
['640', '331', '858', '154', '932', '786', '960']
['485', '625', '234', '705', '925', '64', '27', '940', '550', '877', '17']
['232', '542', '81', '354', '197', '901', '446', '429', '402']
['831', '76', '161', '985', '750', '734', '568', '957', '308', '812', '163', '656', '285']
['790', '66', '744', '72', '522', '863', '192', '193', '83']
['480', '897', '33', '257', '929', '557', '592', '441', '999', '819']
['61', '738', '220', '872', '345', '961', '207', '984', '144', '74']
['813', '879', '608', '560', '21', '880', '899', '89', '902', '907']
['47', '982', '347', '449', '584', '11', '570', '554', '102', '878', '408']
['483', '206', '866', '458', '849', '616', '321', '737', '15']
['303', '991', '216', '736', '696', '784', '751', '615', '221', '438']
['8', '518', '317', '370', '235', '105', '827', '12', '824', '505']
['263', '254', '376', '945', '396', '537', '680', '848', '743', '782', '783', '262']
['479', '350', '253', '247', '287', '868', '1', '393', '352']
['855', '293', '453', '59', '572', '210', '143', '683', '795', '772']
['728', '943', '306', '266', '674', '366', '168', '763', '520', '212']
['326', '802', '888', '713', '380', '792', '106', '305', '745']
['289', '612', '648', '38', '905', '845', '139', '861', '923', '906']
['760', '465', '646', '86', '994', '112', '34', '711', '400']
['973', '411', '203', '267', '36', '585', '949', '26', '853', '941']
['442', '575', '384', '678', '0', '307', '996', '451', '793', '45', '365']
['533', '634', '969', '704', '857', '993', '368', '804', '890', '96', '269']
['271', '924', '835', '758', '779', '476', '780', '881', '527', '930']
['166', '647', '173', '528', '638', '80', '475', '545']
['474', '927', '122', '628', '818', '571', '249', '510', '502', '260', '694']
