['405', '317', '357', '682', '226', '543', '932', '404', '354', '838', '268', '582', '680', '54', '316', '654', '544', '407', '263', '143', '688', '721', '57', '912', '333', '810', '273', '178', '421', '181', '966', '666', '235', '980', '546', '219', '378', '615', '479', '35', '203', '25', '548', '877', '332', '79', '523', '619', '726', '521', '880', '190', '509', '925', '364', '266', '953', '149', '124', '929', '836', '665', '855', '218', '249', '295', '29', '933', '535', '607', '861', '389', '761', '811', '653', '542', '248', '70', '782', '18', '293', '73', '297', '347', '783', '716', '693', '969', '563', '490', '335', '827', '997', '828', '368', '242', '606', '752', '821', '345', '768', '803', '881', '455', '494', '355', '51', '975', '815', '383', '247', '672', '69', '303', '878', '719', '982', '339', '97', '519', '534', '322', '167', '948', '754', '493', '643', '426', '942', '100', '866', '579', '501', '701', '98', '380', '185', '164', '914', '420', '279', '638', '816', '526', '556', '868', '464', '211', '691', '590', '373', '744', '671', '319', '485', '258', '843', '845', '706', '92', '52', '451', '908', '122', '892', '141', '232', '970', '841', '545', '797', '115', '520', '296', '550', '377', '409']
['456', '885', '510', '31', '697', '245', '956', '385', '842', '554', '930', '685', '302', '751', '386', '58', '919', '281', '26', '286', '596', '310', '191', '562', '755', '398', '667', '55', '584', '767', '207', '390', '212', '905', '114', '713', '979', '737', '829', '394', '341', '152', '47', '277', '742', '102', '690', '603', '38', '612', '984', '497', '148', '188', '193', '403', '967', '895', '964', '145', '799', '65', '627', '196', '105', '77', '300', '467', '917', '239', '169', '856', '53', '393', '896', '552', '75', '384', '262', '110', '487', '500', '916', '703', '794', '265', '946', '400', '170', '954', '911', '197', '720', '657', '620', '622', '334', '401', '712', '138', '758', '28', '795', '901', '684', '686', '732']
['602', '0', '379', '646', '575', '655', '859', '194', '241', '82', '835', '442', '440', '707', '462', '163', '918', '944', '120', '406', '875', '862', '825', '683', '291', '763', '573']
['677', '792', '512', '769', '299', '894', '146', '844', '731', '388', '329', '923', '939', '633', '605', '466', '231', '325', '628', '447', '214', '989', '119', '869', '418', '140', '56', '269', '314', '86', '416', '555', '834', '889', '636', '307', '770', '415', '10', '873', '331', '613', '166', '992', '899']
['863', '974', '537', '42', '831', '675', '40', '6', '48', '996', '968']
['366', '1', '139', '710', '435', '413', '274']
['176', '924', '429', '179', '457', '104', '343', '772', '987', '399', '264', '598', '321', '129', '154', '113', '993', '867', '961', '23', '259', '17', '192', '812', '142', '681', '973', '123', '172', '177', '849', '130', '127', '764', '779', '221', '848', '318', '233']
['234', '806', '513', '773', '106', '217', '132']
['860', '600', '88', '180']
['147', '438', '182', '780', '39', '478', '371', '187', '87']
['473', '275', '306', '952', '591', '728', '624', '198', '922', '595', '566', '822', '729', '791', '301', '71', '775', '488']
['195', '454', '740', '474', '153', '802', '135']
['68', '475', '738', '437', '411', '161', '200', '988', '93', '765', '727', '990', '585', '158', '256', '788', '358', '255', '216', '618', '601', '852', '851']
['524', '876', '700', '516', '538', '12']
['72', '872', '444', '777', '423', '243', '240', '927', '34', '978', '224', '702', '678', '15', '943', '568', '807', '766', '800', '962', '419', '661', '641', '906', '971', '427', '871', '935', '414', '793', '630', '465', '349', '805', '434', '50']
['244', '634', '900', '112', '941']
['468', '778', '786', '175']
['553', '311', '62', '397', '826', '157', '571']
['503', '569', '718', '45', '482', '854', '156', '284', '648', '525', '963']
['376', '283', '787', '330', '557', '711', '270', '49']
['928', '741', '160', '24', '965', '22', '111', '4', '63', '392', '587', '515']
['668', '2', '229', '950', '472', '722', '593']
['830', '37', '351', '589', '372', '222', '150', '276']
['498', '168', '209', '994', '387', '280', '9', '746', '288', '796', '278', '846', '570', '645']
['382', '621', '991', '206', '581', '476', '565', '261', '452', '652', '228']
['250', '748', '909', '723', '883', '508', '708']
['340', '625', '907', '116', '237', '617']
['367', '674', '608', '817', '294', '137', '90', '99', '578']
['747', '717', '644', '847', '353', '460', '985', '313', '724', '391', '757', '396', '561', '931', '560', '536', '926', '60', '762', '350', '920', '312', '492', '443', '162', '13', '527', '507', '285', '453', '254', '824', '32', '959', '567']
['659', '528', '3', '651', '238', '412', '8', '819', '760', '679', '699']
['204', '432', '267', '95', '882', '910', '774', '81', '117', '236']
['202', '574', '134', '118', '857', '424', '903', '610', '430']
['359', '320', '125', '11', '260', '131', '352', '694', '323', '499', '725', '173', '496', '374', '36', '790', '749', '689', '253', '94', '215', '395', '823', '609', '463', '511', '486', '586', '481', '594', '80', '891', '210', '637', '174', '450', '370', '337', '893', '640', '518', '257', '715', '745', '798', '446', '246', '289', '436', '338', '955', '30', '559', '16', '298', '84', '850', '326', '144', '695', '346', '736', '186', '402', '616', '356', '506', '649', '422', '344', '225', '998', '304', '540', '165', '67', '938', '820', '308', '85', '305', '801', '220', '572', '886', '213', '439', '21', '128', '458', '576', '687', '947', '441', '459', '199', '698', '126', '271', '669', '785', '19', '223', '981', '381', '597', '696', '91', '577', '96', '20', '183', '813', '33', '449', '913', '784', '532', '89', '804', '78', '107', '739', '547', '539', '999', '375', '753', '83', '428', '656', '631', '533', '809', '853', '934', '530', '840', '292', '592', '46', '781', '940', '647', '639', '517', '588', '495', '915', '171', '208', '205', '730', '650', '673', '759', '958', '445', '580', '491', '887', '662', '611', '663', '365', '789', '642', '750', '879', '658', '484', '227', '121', '897', '408', '230', '837', '735', '348', '14', '201', '864', '660', '336', '502', '471', '564', '626', '483', '692', '361', '705', '888', '66', '902', '936', '290', '410', '109', '709', '287', '960', '64', '664', '858', '549', '461', '433', '470', '362', '551', '189', '832', '874', '272', '951', '704', '972', '583', '315', '44', '514', '945', '504', '469', '937']
['743', '324', '27', '977', '59', '159', '74', '614', '986', '599', '477', '623']
['529', '604', '670', '734', '309', '43', '431', '327', '360', '425', '995', '921', '904', '733', '814', '76', '41', '151', '676', '714', '108', '976', '133']
['101', '505', '480', '252', '558', '522', '136']
['5', '870', '776', '983', '251', '890', '541', '531', '342', '884', '635', '808', '155', '756']
['632', '957', '949', '771', '417', '818', '363', '448']
['629', '103', '7', '898', '184', '489', '865']
['282', '369', '833', '328', '61', '839']
