['349', '431', '634', '498', '135', '45', '466', '195', '617', '567', '483', '151', '67', '582', '486', '152', '290', '495', '259', '308', '227', '249', '501', '669', '387', '507', '440', '518', '666', '179']
['181', '327', '267', '522', '305', '1', '671', '549', '510', '497', '178', '417', '292', '25', '3', '313', '471', '175', '92', '525', '606', '44', '405', '485', '674', '262', '659', '280', '639', '157']
['50', '136', '558', '193', '199', '352', '480', '489', '423', '257', '407', '201', '164', '162', '289', '83', '512', '390', '613', '137', '686', '691', '81', '424', '295', '263', '275', '109', '402']
['265', '209', '445', '586', '36', '205', '294', '667', '451', '70', '484', '468', '250', '320', '41', '30', '433', '391', '515', '500', '426', '350', '388', '169', '685', '100', '63', '566']
['430', '664', '300', '237', '591', '654', '329', '545', '358', '643', '385', '184', '514', '675', '448', '377', '491', '321', '376', '670', '82', '397', '354', '438', '416']
['513', '373', '516', '62', '616', '134', '359', '128', '9', '344', '59', '106', '543', '460', '351', '246', '564', '274', '150', '115', '120', '478', '214', '383', '161', '422', '57', '629', '544']
['462', '372', '142', '27', '444', '266', '299', '461', '126', '226', '58', '542', '28', '119', '404', '680', '129', '91', '240', '112', '203']
['432', '336', '539', '441', '56', '231', '665', '108', '503', '264', '540', '230', '242', '328', '631', '420', '521', '248', '650']
['118', '537', '287', '218', '172', '4', '368', '587', '191', '156', '140', '269', '581', '113', '366', '73', '347', '211', '216', '375', '699', '158', '625', '365', '116', '43', '651', '673', '348']
['215', '578', '64', '171', '74', '437', '166', '345', '677', '207', '524', '492', '530', '477', '605', '532', '154', '174', '369', '389', '346', '282', '692', '434', '197', '580', '89']
['494', '579', '111', '297', '442', '187', '338', '312', '533', '374', '124', '615', '311', '296', '576', '261', '276', '679', '177', '51', '589', '31', '458', '180', '505', '504']
['285', '569', '29', '283', '360', '208', '608', '141', '652', '273', '60', '228', '97', '278', '160', '583']
['202', '559', '628', '7', '411', '2', '146', '288', '676', '642', '20', '217', '84', '452', '232', '310', '526', '339', '481']
['343', '168', '410', '555', '14', '247', '663', '333', '519', '363', '47', '429', '243', '449', '419', '490', '183', '182', '48', '21', '394', '418', '476', '687']
['315', '597', '607', '46', '637', '662', '122', '541', '306', '588', '332', '35', '133', '80', '688']
['610', '575', '98', '125', '355', '593', '696', '284', '562', '508', '196', '475', '455', '254', '619', '614', '190', '554', '11', '384', '147', '144', '636', '618', '72', '557', '657', '239']
['463', '393', '326', '646', '165', '304', '638', '149', '661', '396', '640', '54', '277', '413', '453', '252', '573', '633', '599', '322', '23', '324']
['17', '22', '531', '255', '8', '632', '206', '454', '16', '436', '167', '79', '690', '697', '123', '698', '493', '335', '78', '86', '371', '32', '408', '479', '303', '256', '194', '88', '334']
['496', '620', '114', '68', '506', '319', '556', '379', '425', '176', '398', '316', '204', '53', '689', '499', '403', '488', '271', '192', '401', '626', '435', '233', '143', '464']
['105', '459', '635', '600', '472', '590', '223', '609', '470', '188', '225', '695', '286', '535', '302', '574', '529', '220', '210', '446']
['40', '96', '598', '563', '585', '382', '520', '61', '85', '428', '400', '37', '219', '392']
['26', '439', '330', '245', '370', '268', '560', '467', '612', '33', '528', '548', '596', '546', '552', '457', '309', '307', '570', '450', '323', '357', '509']
['595', '565', '647', '630', '623', '55', '399', '212', '656', '39', '99', '487', '414', '93', '443', '238', '406', '678', '49', '421', '571', '386']
['660', '213', '465', '75', '132', '90', '561', '367', '341', '94', '131', '577', '155', '624', '621', '550', '395', '584', '412', '645', '474', '130']
['293', '447', '648', '523', '342', '682', '655', '101', '602', '173', '258', '153', '270', '427']
['672', '244', '649', '117', '34', '65', '353', '236', '568', '5', '71', '683', '364', '170', '318', '95', '102', '189', '611', '502', '536', '103', '251', '527', '69', '110', '415']
['42', '224', '658', '641', '378', '314', '234', '668', '222', '681', '362', '272', '186', '601', '38', '473', '622', '684', '104', '148', '291', '340', '301']
['409', '380', '24', '644', '331', '235', '198', '337', '603', '52', '13', '159', '553', '356', '139', '482', '253', '138', '279']
['627', '694', '6', '594', '77', '76', '163', '121', '653', '298', '10', '12', '361', '260', '0', '469', '538', '18', '381', '66', '592']
['221', '693', '87', '185', '572', '229', '534', '127', '551', '107', '511', '547', '456', '15', '325', '604', '241', '317', '19', '200', '517', '145', '281']
