['328', '549', '754', '391', '759', '592', '480', '42', '246', '983']
['479', '896', '529', '495', '18', '834', '469', '91', '879', '68']
['245', '953', '845', '436', '194', '224', '596', '907', '921', '541']
['306', '664', '583', '795', '420', '232', '732', '698', '423']
['916', '202', '587', '849', '628', '762', '527', '930', '58', '237']
['247', '537', '459', '311', '45', '326', '16', '447', '717']
['368', '917', '780', '531', '715', '12', '367', '276', '763', '533']
['846', '545', '650', '369', '59', '645']
['169', '745', '765', '3', '329', '640', '89']
['57', '196', '440', '593', '974', '614', '402']
['242', '286', '552', '867', '437', '96']
['371', '487', '825', '273', '612', '615', '439', '501', '386']
['77', '544', '506', '727', '32']
['733', '955', '354', '990', '898', '812', '750', '585', '234']
['984', '684', '270', '82', '578', '872', '434', '149', '861']
['546', '274', '513', '993', '389', '603', '657', '320', '356', '443']
['751', '411', '843', '575', '327', '960', '806', '801', '197', '72']
['925', '516', '579', '899', '291', '609']
['66', '831', '744', '104']
['94', '177', '547', '406', '38', '236']
['987', '34', '669', '349', '465']
['555', '462', '629']
['315', '358', '387', '25', '134', '875', '519']
['491', '761', '151']
['87', '842', '267', '918', '884', '720', '493', '486']
['988', '543', '159']
['803', '613', '363', '869', '157', '962', '520']
['289', '518', '970', '710', '231', '936', '738', '355', '399']
['634', '417', '342', '393', '839', '162', '827', '559']
['128', '703', '143', '829', '992', '28', '805', '107']
['850', '244', '856', '862', '35', '243', '525', '90']
['672', '793', '573']
['130', '464', '989', '187', '601', '808', '773', '457', '119', '914']
['470', '894', '115', '264', '308', '646', '712', '51', '647', '558']
['888', '48', '101', '398', '824', '799', '725', '312', '753', '515']
['676', '821', '688', '671', '716', '85', '207', '569', '504', '364']
['262', '259', '940', '886', '618', '285', '510', '957', '414', '521']
['891', '466', '446', '530', '352', '5', '283', '502', '694', '110']
['711', '837', '129', '230', '55', '995', '932', '830']
['606', '749', '735', '509', '631', '23', '728', '339', '656', '248']
['147', '702', '915', '484', '782', '561', '13', '507', '929', '677']
['310', '0', '855', '428', '644', '665', '599', '362', '912', '897']
['198', '674', '815', '64', '620', '597', '594']
['127', '666', '394', '883', '496', '122']
['416', '432', '796', '422', '156', '11', '952']
['905', '378', '910', '448', '395', '71', '78', '927', '866', '655']
['730', '76', '707', '494', '272', '240', '10', '538', '670', '913']
['7', '233', '109', '797', '430', '602']
['193', '535', '787', '986', '859', '300', '938', '920', '132', '923']
['60', '43', '475', '86', '550', '235', '204']
['895', '415', '945', '693', '760', '451']
['427', '604', '98', '739', '324', '214', '88']
['709', '979', '878', '967', '173', '322', '383']
['218', '635', '219', '79', '67', '205', '673', '203']
['704', '607', '958', '857', '41', '288', '902', '961']
['158', '944', '408', '876']
['33', '353', '429', '775', '598', '297']
['774', '292', '804', '791', '241', '949', '212']
['404', '307', '124', '141', '973', '83', '568', '652', '947']
['53', '282', '540', '836', '662', '499', '474', '444']
['651', '776', '152', '396', '126']
['39', '44', '892', '384', '570', '453', '277', '954']
['701', '54', '566', '792', '996', '682', '29']
['36', '887', '965', '275', '9']
['586', '946', '305', '617', '323', '178', '138', '74', '539', '117']
['136', '164', '180', '928', '165', '341', '186', '133', '287', '412']
['463', '748', '482', '171', '882', '421', '50', '611', '144', '977']
['757', '75', '835', '637', '154', '413', '840']
['870', '691', '20', '847', '880', '807', '972', '49', '736', '772']
['184', '752', '344', '268', '238', '844', '30', '696']
['113', '153', '779', '226', '370', '926', '563', '14']
['741', '260', '478', '685', '560', '567', '294', '222', '980']
['343', '290', '335', '438', '959', '554', '2', '654', '251', '189']
['8', '588', '213', '467', '681', '148', '858', '667', '397']
['195', '678', '309', '330', '595', '167', '188', '145', '622']
['865', '6', '373', '426', '295', '201', '769', '813', '956', '619']
['734', '729', '919', '316', '713', '641', '176', '280']
['46', '407', '781', '254', '103', '142', '313', '112', '922']
['966', '542', '170', '150', '441', '70', '874', '217', '589', '680']
['770', '293', '265', '333', '365', '123', '722', '766']
['553', '388', '99', '255', '868', '562', '726']
['199', '334', '978', '683', '208', '517', '92']
['140', '376', '26', '663', '833', '325', '901', '455', '419', '471']
['577', '258', '160', '999', '461', '853', '814']
['80', '385', '500', '841', '172', '168', '81', '638']
['723', '379', '822', '526', '935', '299', '571', '69', '816', '503']
['636', '403', '252', '250', '963', '114']
['565', '890', '851', '778']
['653', '832', '687', '771', '460', '794']
['454', '303', '433', '19', '885', '84', '182', '820', '253', '863']
['458', '630', '281', '724', '163', '610', '908']
['489', '708', '483', '860', '62', '37', '347', '97', '605']
['192', '321', '679', '181']
['616', '581', '994']
['345', '648', '721', '934', '937', '737']
['789', '848', '22', '975', '106', '100', '405', '298', '658']
['380', '639', '642', '116', '784', '505', '381', '719', '950']
['24', '931', '63', '633', '877', '810', '982', '190', '191', '621']
['211', '135', '624', '580', '755', '661', '790', '473', '409', '40']
['522', '904', '536', '472', '692', '425', '514', '802', '743', '223']
['139', '968', '690', '73', '390', '838', '17', '266', '511', '418']
['706', '410', '881', '476', '788', '632', '210', '445', '120', '348']
['785', '700', '903', '56', '166', '556', '452', '361', '392', '809']
['52', '481', '375', '697', '185', '823', '263']
['948', '873', '625', '118', '627', '564', '47', '943', '893']
['828', '314', '742', '220', '942', '137', '239', '906', '216', '227']
['864', '366', '359', '209', '278', '689', '21']
['350', '889', '93', '557', '817', '183', '337', '228', '981', '65']
['941', '497', '269', '976', '608', '271', '105', '747', '576', '200']
['377', '401', '490', '528', '659', '551', '498']
['512', '468', '643', '705', '174', '800', '584', '338', '179', '261']
['933', '660', '998', '508', '485', '302', '111', '819', '146']
['798', '534', '161', '649', '985']
['61', '786', '997', '600', '826', '296', '449', '971', '924']
['131', '675', '574', '221', '964', '758', '360', '351']
['257', '279', '374', '95', '951', '304', '623', '332', '714']
['121', '284', '524', '336', '939', '909', '871', '756', '4', '125']
['450', '991', '740', '215', '572', '764', '488']
['155', '102', '435', '319', '695', '699', '746', '777', '582', '911']
['818', '969', '731', '442', '591', '400']
['27', '108', '372', '206', '668', '783']
['477', '854', '548', '256', '175', '301', '852', '346']
['590', '767', '229', '492', '811', '523', '768', '431', '382', '340']
['318', '317', '900', '331', '31', '357', '225', '718', '532', '626']
['1', '424', '249', '456', '15', '686']
