['67', '60', '35']
['298', '137', '694']
['394', '805', '98', '447', '840', '184', '225']
['773', '122', '391', '717']
['615', '812', '506']
['150', '16', '410', '575', '489']
['565', '331', '382']
['599', '291', '504', '819']
['262', '449', '308', '219', '730', '725', '824', '320']
['621', '154', '11']
['753', '422', '6', '633', '552']
['141', '505', '37', '293']
['364', '117', '18', '580', '450', '682']
['629', '487', '832', '715']
['324', '593', '33']
['785', '572', '285', '217', '600']
['330', '797', '261', '696']
['205', '771', '144', '292']
['248', '747', '134', '399', '352', '592']
['699', '102', '369', '493', '94', '532']
['191', '803', '178', '314']
['514', '417', '697']
['670', '794', '668', '547']
['70', '166', '777', '179', '379']
['354', '343', '566']
['121', '165', '214', '288']
['772', '58', '669']
['820', '103', '358', '660', '28', '762']
['169', '130', '344', '452']
['485', '804', '558']
['279', '398', '90']
['421', '174', '471', '215']
['327', '393', '370', '686', '703']
['638', '467', '211', '700']
['289', '236', '46']
['146', '446', '625', '23']
['675', '711', '828']
['632', '223', '465']
['32', '556', '603', '770', '208', '791', '326']
['577', '788', '782', '152']
['182', '588', '818', '380']
['641', '30', '716', '458', '245', '322']
['481', '693', '195', '25', '232', '573']
['646', '192', '372', '635']
['672', '287', '375', '281']
['591', '384', '319', '200']
['731', '155', '425', '695']
['401', '778', '338', '99']
['226', '719', '235', '539']
['376', '404', '416', '136']
['142', '283', '164', '704']
['554', '8', '738', '664']
['310', '590', '673', '234', '616']
['568', '100', '20', '542', '63']
['827', '108', '444', '760']
['821', '482', '409']
['584', '53', '325']
['202', '193', '734', '534']
['499', '461', '587', '125', '1']
['119', '531', '118', '826']
['83', '286', '305', '107']
['831', '196', '62', '639']
['720', '502', '149']
['260', '728', '171', '406', '519', '158']
['2', '270', '671', '768']
['272', '367', '198']
['507', '548', '106', '755']
['626', '115', '50', '113']
['252', '631', '309', '681']
['645', '663', '265', '407', '176']
['605', '470', '524', '495']
['231', '230', '559']
['468', '64']
['751', '498', '92']
['415', '110', '435']
['702', '698']
['140', '123', '209']
['228', '104', '59']
['26', '97', '55']
['190', '138', '433']
['86', '683', '355']
['244', '246']
['796', '781', '472']
['414', '814', '239']
['257', '533', '297']
['569', '763', '649']
['24', '405', '127']
['478', '722', '93']
['492', '413', '815']
['303', '273', '357']
['403', '207', '396']
['301', '570', '475']
['77', '229']
['378', '469', '602']
['280', '333', '508']
['617', '490']
['22', '586', '807']
['825', '553', '610', '766']
['544', '263', '153']
['40', '688', '27']
['74', '757', '390']
['249', '132', '764']
['168', '135', '347']
['143', '253', '441']
['518', '5', '368']
['163', '213', '264']
['836', '687', '427']
['162', '19', '526']
['701', '523', '299']
['654', '756', '563']
['201', '798', '259']
['497', '233', '732']
['73', '535']
['659', '349', '85']
['255', '545', '120']
['45', '721', '161']
['561', '275', '774']
['473', '576', '718']
['636', '479', '371']
['624', '476', '183']
['509', '607', '585']
['240', '540', '147']
['177', '680', '242']
['224', '10', '551']
['512', '0', '151']
['784', '679', '128']
['91', '823']
['359', '388', '736']
['816', '758', '761']
['464', '318', '400']
['4', '742', '562']
['296', '170', '12']
['317', '348', '210']
['7', '48', '363']
['705', '105', '583']
['172', '611', '328']
['491', '714', '381']
['267', '830', '57']
['276', '811', '339']
['665', '41', '515']
['727', '194']
['754', '789', '43']
['529', '594', '786']
['3', '342', '112']
['111', '685', '817']
['748', '543', '530']
['743', '737', '676']
['690', '648', '729']
['88', '684']
['750', '101', '397']
['628', '689']
['139', '116', '666']
['581', '295', '247']
['79', '692', '724']
['658', '336', '440']
['31', '423', '157']
['294', '254', '436']
['84', '596', '483']
['456', '674', '251']
['744', '72', '637']
['537', '222', '589']
['131', '250', '87']
['614', '839', '78']
['243', '34', '494']
['541', '571', '56']
['608', '460', '808']
['377', '745', '822']
['787', '49', '39']
['574', '81', '36']
['564', '188', '661']
['434', '95', '613']
['361', '741', '511']
['68', '75']
['443', '480']
['691', '560', '419']
['496', '810', '463']
['383', '706', '148']
['266', '311', '759']
['300', '634', '284']
['256', '799', '221']
['739', '598', '329']
['779', '175']
['353', '835', '89']
['582', '366', '713']
['462', '557', '345']
['340', '726', '302']
['418', '387', '385']
['708', '432', '341']
['258', '844', '653']
['312', '769', '601']
['346', '126', '65']
['723', '167', '513']
['313', '620', '13']
['612', '29', '597']
['71', '80', '644']
['466', '181', '655']
['486', '712', '474']
['277', '842']
['838', '203', '488']
['282', '218', '362']
['451', '17', '307']
['567', '555', '374']
['841', '316', '96']
['678', '775', '420']
['746', '269', '604']
['813', '765', '647']
['180', '454', '392']
['332', '44', '290']
['627', '356', '740']
['549', '389', '749']
['657', '438', '430']
['667', '51', '793']
['550', '802', '776']
['189', '129', '801']
['82', '402', '156']
['538', '710', '114']
['651', '424', '609']
['9', '623', '521']
['14', '52', '445']
['212', '767', '501']
['274', '206', '304']
['365', '622', '437']
['455', '185', '186']
['652', '54', '216']
['640', '15', '510']
['204', '477', '795']
['199', '133', '69']
['806', '42', '484']
['834', '843', '428']
['733', '429', '109']
['76', '780', '800']
['306', '412', '323']
['619', '334', '197']
['453', '21']
['360', '520', '546']
['448', '618']
['650', '792', '395']
['809', '459', '373']
['790', '159', '187']
['656', '527', '124']
['220', '642', '442']
['837', '677', '439']
['662', '47', '66']
['241', '315', '227']
['38', '606', '386']
['643', '752', '160']
['238', '237', '525']
['173', '426', '145']
['351', '833', '457']
['335', '579', '408']
['503', '707', '595']
['61', '431', '578']
['411', '268', '528']
['522', '271', '735']
['500', '517', '829']
['783', '630', '536']
['350', '516', '278']
['337', '709', '321']
