['693', '595', '990', '452', '52', '138', '155', '162', '883', '303', '372', '22', '671', '946', '356']
['550', '251', '909', '633', '643', '222', '11', '467', '68', '743', '105', '401', '685', '187']
['649', '772', '784', '577', '904', '239', '639', '333', '555', '32', '585', '823']
['715', '166', '492', '514', '95', '321', '706', '51', '776']
['816', '496', '713', '214', '330', '113', '156', '497', '977']
['988', '114', '858', '522', '380', '562', '971']
['268', '917', '178', '871', '902', '712', '177']
['656', '565', '964', '636', '545', '832', '876', '227', '599', '678', '412']
['442', '366', '257', '689', '61', '247', '231', '654', '605']
['500', '408', '993', '800', '572', '167', '600', '2', '589', '78', '173', '184', '449', '391', '456']
['674', '747', '879', '792', '31', '264', '75', '115', '965']
['626', '428', '295', '769', '895', '834']
['460', '866', '280', '174', '628', '46', '864', '606', '235', '749', '775', '328', '414', '153', '523']
['549', '622', '88', '736', '243', '191', '319', '106', '849']
['0', '136', '935', '718', '729', '476', '564', '400', '262']
['910', '952', '369']
['34', '684', '884', '416', '737', '433']
['703', '598', '826', '230', '799', '503', '579', '134']
['574', '581', '417', '316', '997', '975', '732', '915', '582', '482']
['774', '672', '493', '940', '398', '817', '783', '161']
['724', '976', '317', '780', '4', '91', '422', '750', '122']
['820', '480', '856', '421', '204', '881', '53', '148', '244', '785']
['998', '186', '969', '84', '524', '234', '367', '485', '758']
['851', '146', '727', '537', '679', '529', '541', '16', '731']
['941', '19', '838', '930', '508', '711', '957', '809', '224']
['213', '681', '556', '651', '288', '64', '608', '687', '116']
['663', '897', '865', '836', '894', '25', '489', '343', '28']
['457', '648', '491', '350', '735', '315', '898']
['287', '779', '999', '318', '475', '169', '436', '483', '781', '625']
['484', '120', '763', '236', '847', '300', '344', '841', '371', '275']
['226', '439', '927', '627', '432', '603', '405', '911', '575']
['250', '139', '591', '922', '450', '96', '313', '547', '123']
['771', '906', '9', '567', '346', '673', '434', '644', '751', '807', '782', '246']
['759', '220', '789', '66', '873', '325', '77', '804', '142', '518', '248', '855', '707', '793', '302']
['956', '448', '444', '409', '907', '141', '359', '530']
['955', '638', '65', '511', '536', '569', '38', '797', '690', '494', '110', '985', '580', '825', '306']
['203', '54', '307', '26', '552', '206']
['542', '446', '121', '361', '363', '710', '509', '58']
['928', '312', '973', '92', '642', '423', '111', '686', '936', '768']
['164', '145', '677', '290', '73', '458', '878', '738', '546', '223']
['35', '10', '24', '465', '189', '140', '259', '882', '165', '970']
['479', '557', '535', '461', '696', '69', '30']
['119', '426', '746', '271', '914', '850', '867', '978', '845', '176', '192']
['966', '469', '592', '521', '787', '874', '748', '221', '798']
['127', '190', '526', '385', '242', '796', '722']
['132', '395', '803', '149', '379', '611', '704', '157', '413']
['404', '354', '418', '310', '937', '607', '815', '254', '888', '983', '129', '70']
['390', '766', '351', '89', '548', '635', '241', '43', '905', '777']
['827', '327', '842', '554', '98', '358', '963']
['504', '945', '276', '802', '440', '373', '279', '767', '532', '347', '669', '355']
['478', '719', '296', '701', '664', '435', '601', '445', '891', '282', '265', '108']
['311', '950', '786', '991', '255', '216', '944', '610', '857']
['621', '20', '573', '59', '455', '17', '278', '83', '662']
['698', '515', '553', '720', '225', '172', '692', '890', '615']
['980', '885', '833', '886', '397', '597', '947']
['788', '468', '382', '757', '267', '229', '256', '104']
['794', '929', '67', '588', '443', '596', '117', '292', '135', '301', '868']
['741', '613', '694', '939', '901', '760', '961', '215', '578', '583', '374']
['63', '384', '559', '683', '7', '810', '233', '266']
['42', '3', '118', '97', '875', '128', '212', '342']
['490', '56', '846', '453', '837', '334', '520', '995']
['680', '57', '510', '198', '790', '284', '217', '932', '974', '740']
['365', '188', '753', '137', '860', '818']
['517', '322', '670', '953', '101', '337', '159', '730']
['320', '544', '12', '377', '82', '614', '125', '249', '745', '407', '660']
['721', '36', '586', '762', '808', '714', '778', '447', '375', '100', '60', '637', '507', '667', '505']
['240', '814', '568', '926', '466', '182', '551', '571', '85', '949', '506', '163', '171', '629', '691']
['587', '516', '378', '852', '23', '989', '8', '18', '211', '828', '179']
['726', '640', '274', '495', '923', '464', '200', '821', '634', '666', '812', '462', '913', '987']
['41', '854', '618', '419', '470', '297']
['835', '540', '283', '717', '962', '584', '754', '908', '744', '406', '74', '80', '228', '967', '819']
['665', '764', '144', '94', '981', '387', '695', '62', '393', '252', '853']
['709', '381', '332', '829', '454', '742', '594', '700', '806', '202']
['604', '289', '471', '756', '410', '168', '903', '619', '528', '862', '109', '859', '40', '219', '353']
['15', '630', '646', '770', '389', '308', '658', '415', '181', '840', '477']
['357', '21', '175', '566', '942', '209', '620', '488', '87']
['152', '273', '844', '72', '298', '396', '47', '160', '887']
['513', '877', '675', '245', '402', '863', '773', '958', '616', '609', '984', '705', '752']
['253', '725', '811', '1', '269', '55', '498', '870', '207', '368', '285']
['795', '154', '437', '916', '880', '5', '199', '602', '533', '48', '512', '438', '112']
['653', '362', '39', '431', '201', '403', '960', '183', '502', '348']
['76', '429', '765', '131', '210', '6', '531', '921', '130']
['323', '349', '474', '919', '539', '326', '889', '277']
['560', '430', '294', '563', '933', '13', '697', '335', '813', '205', '920', '459']
['345', '314', '761', '258', '147', '943', '79', '982', '45', '979']
['647', '331', '237', '473', '561', '657', '50', '839', '185', '924', '472']
['364', '441', '645', '570', '107', '143', '208', '329', '420', '631']
['951', '716', '286', '848', '986', '831', '194', '151', '399', '299', '81', '44']
['232', '180', '734', '900', '655', '593', '90']
['938', '102', '340', '624', '994', '388', '424']
['370', '623', '805', '27', '338', '824', '291', '304', '487']
['612', '196', '934', '525', '755', '893', '632', '133', '272', '843', '576']
['197', '383', '29', '519', '193', '733', '892', '14']
['263', '527', '959', '392', '899', '702', '861', '71', '830', '481']
['352', '869', '341', '538', '324', '261', '499', '425', '309', '925']
['954', '534', '543', '791', '93', '218', '931', '948', '641', '238']
['463', '103', '676', '996', '124', '170', '972', '912', '339', '699', '682', '739', '158', '427', '501']
['305', '801', '293', '86', '723', '394', '270', '668', '451', '992', '652', '659', '376', '650']
['99', '558', '281', '728', '37', '968', '486', '33', '872', '360', '49', '260', '195', '150', '896']
['661', '822', '617', '126', '411', '918', '708', '336', '688', '590', '386']
