['954', '106', '236', '174', '534', '400', '603', '148', '89', '855', '635', '208', '24', '636', '270', '384', '38', '926', '41', '928', '682', '374', '609', '398', '225', '229', '940', '756', '233', '265', '542', '744']
['18', '740', '659', '706', '925', '673', '906', '467', '254', '133', '679', '684', '961', '379', '4', '678', '826', '474', '310', '442', '510', '151', '671', '446', '988', '218', '453', '185', '759', '677', '922', '437', '661', '336', '263', '239', '303']
['504', '819', '57', '927', '854', '113', '889', '942', '989', '694', '749', '655', '488', '461', '865', '907', '506', '190', '172', '551', '203', '397', '139', '804', '649', '508', '699', '704', '903', '537', '631', '803', '786', '692', '23', '95', '910', '584', '629']
['403', '653', '700', '877', '953', '642', '863', '259', '121', '196', '897', '415', '773', '13', '93', '890', '663', '335', '755', '228', '666', '597', '313', '742', '576', '718', '112', '837', '512', '913', '619', '658', '213']
['543', '627', '509', '140', '448', '14', '767', '116', '724', '432', '247', '58', '487', '392', '226', '980', '312', '750', '115', '480', '404', '242', '822', '107', '674', '565', '817', '72', '411', '367', '570', '176', '831', '353', '522', '386']
['61', '931', '274', '75', '498', '630', '211', '147', '156', '184', '571', '205', '22', '708', '383', '696', '748', '216', '33', '378', '525', '536', '423', '726', '886', '952', '37', '363', '471']
['261', '98', '262', '455', '667', '290', '324', '760', '547', '864', '956', '951', '50', '460', '761', '137', '237', '662', '670', '65', '698', '52', '582', '964', '390', '361', '425', '118', '479', '11', '657', '279', '340', '871', '145']
['917', '27', '434', '850', '142', '212', '120', '675', '553', '606', '499', '796', '945', '204', '365', '257', '289', '709', '69', '253', '899', '881', '916', '387', '436', '277', '715', '878', '155', '92', '418', '283']
['308', '349', '519', '977', '997', '979', '394', '301', '128', '138', '318', '757', '200', '721', '207', '8', '746', '710', '999', '325', '110', '210', '685', '564', '489', '652', '119', '20', '572', '573', '97']
['167', '586', '723', '957', '17', '860', '556', '763', '429', '654', '201', '918', '493', '644', '529', '321', '84', '329', '346', '810', '170', '841', '851', '359', '464', '947', '252', '975', '29', '515', '362', '327', '844', '193']
['244', '90', '738', '314', '163', '129', '875', '282', '341', '350', '149', '686', '250', '114', '258', '450', '105', '507', '243', '779', '633', '660', '934', '516', '191', '99', '266', '162', '593', '134', '949']
['15', '83', '866', '560', '888', '235', '538', '422', '47', '62', '621', '1', '554', '173', '921', '690', '923', '298', '445', '25', '21', '884', '911', '835', '441', '591', '60', '360', '209', '40', '933', '482']
['972', '559', '599', '735', '727', '772', '843', '150', '330', '614', '585', '419', '101', '420', '280', '590', '555', '296', '818', '982', '123', '443', '784', '996', '268', '859', '743', '7', '513', '935', '856', '891', '285', '717', '215', '188']
['348', '930', '549', '550', '867', '64', '306', '273', '347', '136', '798', '882', '978', '795', '85', '175', '32', '376', '753', '501', '725', '785', '734', '567', '638', '122', '10', '462', '337', '618', '656', '186', '357', '814', '527']
['402', '63', '53', '719', '198', '102', '780', '948', '424', '391', '438', '368', '375', '409', '695', '836', '433', '771', '643', '130', '255', '941', '829', '30', '973', '475', '154', '885', '969', '821', '31', '447', '607']
['858', '872', '469', '745', '80', '514', '291', '495', '66', '311', '435', '366', '905', '427', '990', '998', '171', '701', '764', '847', '981', '728', '293', '82', '840', '639', '924', '100', '199', '581', '932', '800', '478', '812']
['839', '465', '797', '650', '302', '960', '91', '789', '187', '339', '528', '562', '520', '6', '898', '580', '117', '733', '511', '76', '929', '281', '620', '264', '714', '637', '985', '853', '518', '605', '141', '596', '221', '805']
['781', '893', '683', '736', '909', '634', '343', '127', '984', '88', '288', '936', '410', '517', '356', '758', '879', '299', '955', '611', '477', '754', '59', '545', '869', '646', '532', '412', '159', '463', '777', '774', '604', '987']
['900', '232', '39', '788', '546', '426', '807', '317', '995', '834', '787', '333', '828', '815', '485', '319', '192', '938', '561', '521', '294', '158', '180', '895', '887', '309', '26', '976', '946', '601', '481', '406', '272']
['126', '3', '782', '124', '497', '197', '35', '77', '965', '189', '231', '417', '645', '5', '712', '457', '544', '540', '617', '801', '459', '240', '600', '466', '331', '583', '472', '768']
['96', '28', '304', '470', '624', '862', '2', '575', '747', '484', '823', '385', '950', '202', '852', '338', '214', '78', '691', '531', '230', '589', '731', '849', '713', '316', '676', '579', '825', '762', '401', '535', '894']
['355', '793', '741', '300', '194', '612', '421', '602', '287', '223', '295', '765', '687', '574', '962', '380', '594', '503', '876', '414', '305', '974', '792', '901', '241', '737', '249', '959', '286', '732', '51', '284', '680']
['344', '103', '703', '413', '267', '370', '902', '490', '505', '770', '395', '500', '440', '776', '651', '168', '494', '608', '783', '830', '530', '892', '558', '693', '408', '992', '832', '473', '373', '848', '320', '0', '74', '970', '246', '912', '971', '381', '108', '388']
['9', '688', '452', '524', '34', '278', '227', '345', '716', '358', '548', '182', '54', '68', '220', '526', '393', '697', '454', '628', '104', '874', '824', '352', '44', '963', '396', '873', '622', '904', '994']
['720', '967', '539', '87', '896', '943', '707', '820', '806', '626', '502', '224', '937', '672', '166', '43', '588', '705', '993', '334', '991', '568', '563', '315', '681', '919', '71', '640', '920', '16', '364', '983']
['944', '81', '833', '160', '179', '769', '332', '496', '730', '751', '342', '328', '152', '67', '578', '439', '552', '958', '811', '430', '722', '322', '405', '217', '802', '143', '451', '219', '377', '351', '641', '669', '664']
['307', '372', '165', '914', '260', '369', '131', '880', '146', '752', '183', '813', '178', '915', '256', '153', '135', '79', '12', '354', '577', '857', '595', '323', '610', '86', '428', '46', '42', '206']
['625', '492', '177', '48', '939', '842', '157', '791', '297', '468', '883', '248', '668', '70', '276', '809', '966', '533', '109', '94', '968', '491', '523', '49', '615', '458', '161', '613', '449', '766', '846', '729', '908', '711']
['808', '587', '55', '799', '382', '794', '399', '647', '164', '775', '275', '36', '648', '557', '169', '665', '19', '416', '689', '616', '623', '486', '269', '632', '845', '456', '702', '778', '407', '592', '790', '144']
['222', '861', '868', '838', '234', '125', '195', '476', '271', '326', '45', '986', '245', '111', '56', '566', '389', '371', '569', '238', '827', '292', '870', '444', '132', '483', '541', '739', '251', '181', '598', '73', '431', '816']
