['55', '152', '70', '146', '48', '115', '105', '280', '219', '135', '22', '58', '450', '400', '82', '40', '336', '355', '35', '124']
['288', '166', '68', '248', '361', '215', '438', '222', '485', '178', '235', '52', '405', '419', '292', '342', '350', '139', '483', '158', '441', '244', '479']
['339', '254', '377', '347', '291', '302', '371', '15', '430', '57', '75', '428', '112', '445', '439', '321', '289', '368', '426', '93']
['312', '356', '230', '195', '462', '306', '323', '227', '332', '351', '423', '177', '161', '328', '343', '458', '31', '252', '346', '120', '182', '46', '200']
['132', '18', '447', '310', '50', '456', '486', '133', '304', '278', '416', '110', '389', '196', '154', '145', '378', '464', '380', '341', '275', '299', '232', '399']
['397', '144', '256', '408', '237', '1', '224', '386', '24', '241', '148', '153', '229', '305', '352', '322', '179', '38', '226', '287', '217', '258']
['129', '379', '393', '309', '201', '285', '295', '131', '203', '359', '391', '335', '174', '176', '168', '364', '357', '466', '138', '19', '170', '83', '434', '100']
['262', '482', '163', '433', '147', '489', '107', '253', '308', '88', '167', '290', '293', '367', '369', '307', '255', '134', '186', '125', '69', '250', '87', '327', '33', '453', '231', '218', '17', '202', '79', '249']
['213', '221', '206', '243', '281', '435', '108', '245', '442', '372', '150', '67', '216', '315', '156', '0', '318', '491']
['431', '204', '338', '365', '444', '349', '476', '331', '181', '499', '270', '283', '72', '494', '472', '424', '454', '242', '264', '266', '53', '136']
['3', '64', '214', '422', '101', '251', '259', '396', '418', '481', '406', '360', '496', '490', '274', '425', '497', '78', '187', '194', '49', '480', '54']
['410', '208', '143', '383', '113', '14', '268', '90', '169', '492', '5', '76', '344', '104', '294', '71', '233', '300', '32', '301', '80', '452', '197', '85', '198', '440', '21']
['477', '277', '81', '284', '29', '212', '185', '220', '436', '387', '191', '272', '84', '36', '2', '271', '74', '329', '8', '126', '333', '376', '103', '421', '137', '159', '314', '240', '62', '56', '316', '319', '303']
['61', '282', '381', '12', '25', '257', '45', '297', '388', '192', '130', '469', '111', '4', '228', '398', '495', '141', '42', '382', '311']
['417', '51', '119', '116', '171', '10', '363', '488', '412', '325', '96', '99', '140', '455', '23', '247', '180', '415', '414', '463', '465', '353', '77', '121', '459', '225']
['94', '446', '373', '437', '358', '11', '427', '73', '484', '211', '109', '269', '409', '375', '122', '473', '429', '128', '9', '234', '330', '337', '402', '39']
['118', '403', '276', '92', '449', '265', '209', '155', '324', '127', '432', '183', '162', '114', '461', '340', '407', '390', '151', '106', '65', '385', '395', '102', '6', '172', '392', '47', '263', '354', '374']
['475', '210', '43', '394', '451', '468', '260', '60', '239', '236', '117', '205', '313', '267', '157', '457', '193', '471', '411', '460', '188', '149', '362', '498', '44', '467', '298', '238', '164', '420', '366', '41', '478', '334']
['207', '59', '448', '98', '89', '487', '142', '443', '413', '470', '160', '184', '37', '286', '189', '7', '27', '273', '26', '474', '261', '223', '63', '20', '320', '296', '370', '279']
['28', '384', '199', '86', '246', '91', '13', '404', '165', '173', '175', '66', '317', '348', '401', '95', '97', '34', '345', '326', '16', '123', '30', '190', '493']
