['798', '188', '553', '668', '724', '369', '670', '795', '642', '673', '570', '354', '122', '319', '483', '712', '338']
['523', '787', '533', '310', '486', '764', '554', '356', '653', '678', '198', '288', '731', '560', '652', '626']
['344', '521', '64', '91', '438', '256', '15', '45', '433', '514', '426', '772', '478', '496', '90', '659', '98']
['292', '19', '34', '632', '439', '300', '146', '789', '194', '41', '385', '525', '401', '709', '635']
['156', '110', '247', '698', '607', '609', '665', '675', '388', '688', '379', '400', '211', '191', '195', '204']
['565', '244', '405', '573', '226', '825', '185', '821', '624', '22', '547', '827', '708', '683', '512']
['127', '278', '645', '66', '464', '633', '81', '166', '429', '802', '96', '591', '427', '383', '561', '285', '101', '318', '622']
['148', '164', '0', '259', '227', '594', '135', '171', '456', '112', '838', '562', '121', '24', '352', '374']
['508', '754', '743', '757', '421', '687', '201', '477', '343', '575', '180', '725', '324', '286', '710']
['582', '824', '14', '412', '805', '618', '203', '629', '756', '696', '217', '655', '296', '68', '295', '23', '569']
['5', '248', '773', '358', '812', '47', '557', '750', '445', '793', '208', '397', '339', '88', '694', '196']
['160', '251', '138', '271', '375', '330', '761', '828', '410', '159', '638', '585', '274', '612', '499', '437', '131']
['393', '69', '61', '129', '663', '788', '106', '474', '830', '430', '454', '51', '6', '466', '368', '711', '679', '682', '86']
['267', '739', '740', '695', '36', '738', '154', '671', '380', '643', '11', '674', '175', '276', '587', '9', '704']
['707', '588', '257', '681', '145', '644', '25', '548', '392', '481', '182', '606', '579', '359', '448', '498', '669']
['134', '366', '811', '308', '279', '614', '241', '727', '202', '546', '360', '493', '99', '124', '664', '232', '140', '783', '162']
['357', '527', '529', '768', '390', '70', '293', '246', '58', '713', '322', '104', '67', '649', '63', '436']
['268', '714', '580', '563', '172', '60', '197', '415', '658', '446', '734', '728', '116', '254', '522', '611', '600', '303', '119', '559', '384']
['462', '760', '449', '467', '89', '398', '648', '651', '209', '506', '667', '815', '656', '755', '331', '452']
['50', '173', '556', '500', '85', '237', '450', '641', '65', '411', '447', '742', '56', '810', '534', '758', '832']
['190', '692', '458', '602', '302', '503', '72', '341', '8', '806', '46', '261', '280', '126', '33', '1', '373']
['43', '551', '492', '220', '693', '650', '117', '161', '526', '413', '407', '837', '337', '723', '120', '265']
['781', '365', '549', '214', '744', '494', '605', '435', '304', '617', '170', '519', '592', '538', '703', '364', '3']
['378', '142', '586', '125', '733', '608', '155', '17', '258', '472', '786', '351', '524', '418', '219', '491']
['817', '705', '305', '784', '59', '342', '647', '370', '495', '153', '77', '130', '578', '225', '581', '323', '408']
['48', '192', '596', '79', '796', '769', '706', '294', '178', '479', '598', '230', '419', '332', '803', '177', '95']
['785', '21', '87', '597', '455', '516', '619', '540', '543', '329', '141', '475', '2', '111', '601', '28', '113', '646', '631']
['18', '165', '809', '264', '83', '566', '502', '263', '289', '623', '721', '223', '625', '726', '470']
['639', '152', '443', '595', '555', '44', '577', '139', '505', '487', '336', '680', '621', '147', '181', '103', '528']
['252', '476', '151', '386', '463', '406', '312', '349', '509', '299', '513', '158', '73', '518', '377', '603', '250', '40']
['353', '593', '488', '799', '759', '144', '371', '480', '473', '469', '640', '536', '74', '53', '468', '767', '249']
['836', '422', '169', '29', '489', '808', '82', '732', '434', '84', '515', '424', '105', '794', '282', '212']
['460', '10', '97', '193', '451', '137', '839', '355', '396', '729', '167', '741', '459', '239', '316', '702', '255', '753', '583', '517']
['233', '118', '133', '362', '262', '504', '345', '814', '791', '571', '290', '833', '780', '335', '800', '206', '613', '539', '572', '722']
['243', '829', '441', '834', '552', '545', '660', '584', '530', '765', '42', '440', '123', '831', '719', '376', '367']
['270', '176', '792', '309', '484', '823', '381', '620', '71', '39', '301', '771', '382', '189', '269', '485', '453', '797']
['822', '627', '507', '213', '779', '661', '697', '200', '654', '273', '55', '749', '835', '770', '537', '224', '425']
['228', '297', '616', '465', '391', '409', '615', '277', '20', '234', '350', '314', '184', '776', '718', '685']
['78', '168', '782', '691', '102', '532', '747', '62', '128', '291', '395', '298', '92', '567', '363', '100', '284']
['30', '775', '762', '346', '774', '13', '672', '281', '746', '235', '199', '215', '589', '272', '38', '347']
['818', '531', '231', '174', '115', '260', '431', '686', '75', '35', '610', '820', '701', '804', '245', '501']
['325', '699', '387', '57', '216', '544', '416', '4', '149', '690', '677', '222', '334', '813', '321']
['541', '745', '520', '490', '720', '576', '510', '748', '218', '221', '423', '93', '497', '666', '150', '511']
['684', '275', '31', '27', '107', '432', '80', '574', '328', '634', '136', '340', '442', '599', '52', '179']
['326', '790', '590', '763', '737', '735', '389', '306', '535', '716', '657', '550', '752', '12', '287', '16']
['420', '348', '482', '636', '630', '689', '7', '49', '819', '327', '751', '826', '94', '542', '157', '183']
['700', '186', '205', '444', '778', '207', '311', '403', '457', '404', '210', '564', '471', '114', '417', '313']
['26', '766', '816', '54', '402', '414', '315', '604', '32', '777', '242', '143', '399', '76', '132', '394']
['317', '428', '361', '37', '187', '283', '730', '558', '807', '163', '238', '801', '662', '307', '717', '333']
['568', '229', '266', '372', '637', '320', '715', '461', '109', '253', '236', '676', '240', '628', '108', '736']
