['753', '674', '407', '994', '995', '228', '554', '352', '364', '610', '990', '391', '774', '171', '711', '261', '233', '874', '308', '899', '609', '723', '600', '221', '130', '791', '684', '232', '406', '984', '467', '211']
['933', '960', '713', '226', '331', '777', '31', '342', '731', '347', '583', '515', '473', '450', '863', '234', '928', '481', '321', '54', '859', '277', '66', '528', '34', '909', '497', '394', '842', '979', '808', '281']
['335', '121', '269', '283', '118', '30', '453', '382', '779', '879', '585', '810', '161', '987', '945', '212', '263', '780', '778', '785', '694', '830', '16', '661', '881', '254', '682', '978', '744', '135', '381', '430']
['542', '6', '646', '74', '514', '825', '123', '253', '551', '302', '319', '970', '56', '165', '988', '87', '747', '851', '903', '2', '883', '543', '199', '432', '143', '955', '885', '442', '853', '105', '516', '522']
['53', '136', '344', '993', '597', '884', '231', '586', '95', '485', '929', '887', '550', '806', '412', '607', '619', '823', '193', '526', '462', '754', '742', '103', '475', '726', '238', '536', '204', '815', '941', '781']
['862', '549', '517', '805', '513', '846', '564', '274', '888', '926', '760', '582', '748', '182', '666', '388', '869', '258', '217', '599', '968', '359', '518', '468', '365', '474', '429', '991', '880', '327', '912', '576']
['456', '829', '13', '57', '590', '270', '894', '435', '827', '876', '387', '575', '169', '349', '580', '84', '642', '519', '948', '976', '299', '770', '687', '35', '75', '487', '256', '203', '259', '268', '577', '77']
['500', '338', '241', '665', '390', '547', '111', '363', '966', '616', '951', '190', '814', '572', '931', '94', '844', '905', '890', '455', '695', '632', '418', '917', '718', '660', '460', '686', '378', '489', '996', '454']
['565', '776', '592', '849', '640', '904', '346', '276', '845', '896', '444', '683', '246', '129', '176', '878', '562', '286', '235', '397', '820', '393', '413', '304', '858', '587', '452', '701', '953', '611', '67', '58']
['404', '247', '328', '981', '100', '243', '131', '150', '972', '309', '28', '210', '483', '174', '809', '7', '133', '637', '618', '146', '652', '488', '21', '605', '732', '375', '838', '570', '992', '958', '848', '735']
['23', '924', '626', '677', '847', '865', '798', '65', '264', '230', '963', '425', '4', '250', '285', '91', '843', '249', '509', '971', '175', '325', '139', '265', '678', '20', '530', '645', '85', '593', '763']
['184', '822', '746', '354', '663', '266', '886', '895', '405', '559', '739', '158', '490', '635', '149', '698', '37', '255', '148', '55', '438', '314', '229', '712', '520', '857', '244', '215', '291', '977', '358']
['511', '578', '61', '373', '496', '493', '288', '664', '588', '505', '353', '937', '465', '897', '676', '553', '140', '788', '499', '0', '422', '172', '591', '910', '721', '956', '952', '836', '245', '88', '156', '320']
['197', '278', '680', '566', '870', '313', '873', '361', '639', '720', '151', '192', '573', '434', '521', '589', '959', '877', '936', '448', '925', '116', '43', '44', '138', '102', '835', '408', '568', '49', '166', '697']
['124', '311', '538', '260', '343', '33', '415', '630', '298', '445', '872', '170', '411', '614', '240', '3', '128', '656', '152', '997', '523', '402', '401', '287', '927', '280', '946', '715', '900', '602', '297', '710']
['257', '76', '419', '850', '392', '915', '70', '546', '935', '153', '470', '216', '340', '773', '183', '503', '954', '9', '973', '108', '537', '367', '160', '398', '32', '218', '25', '802', '980', '195', '421', '439']
['104', '222', '186', '860', '750', '982', '83', '799', '700', '194', '627', '930', '198', '428', '318', '441', '544', '743', '649', '322', '831', '622', '832', '79', '728', '961', '974', '689', '119', '752', '638', '855']
['574', '157', '478', '191', '693', '558', '792', '127', '420', '502', '643', '506', '644', '650', '772', '724', '722', '662', '667', '137', '431', '617', '828', '967', '595', '491', '893', '679', '341', '628', '400', '416']
['332', '377', '371', '608', '495', '106', '534', '47', '920', '606', '451', '154', '902', '380', '208', '262', '423', '854', '69', '63', '699', '867', '372', '762', '552', '540', '579', '60', '507', '741', '706', '345']
['42', '307', '535', '821', '598', '120', '837', '383', '337', '457', '922', '86', '436', '224', '804', '107', '117', '433', '351', '440', '793', '745', '651', '749', '999', '40', '252', '691', '494', '310', '296', '236']
['812', '625', '141', '841', '145', '273', '220', '658', '329', '527', '179', '767', '26', '81', '636', '209', '932', '374', '477', '668', '5', '295', '560', '755', '303', '864', '97', '648', '603', '239', '486']
['324', '797', '705', '464', '531', '180', '14', '813', '631', '167', '279', '942', '817', '384', '913', '90', '112', '613', '427', '472', '569', '463', '634', '561', '147', '790', '998', '866', '362', '908', '294']
['52', '357', '807', '98', '24', '22', '267', '272', '766', '12', '207', '541', '370', '601', '306', '834', '725', '671', '784', '957', '557', '655', '819', '765', '366', '480', '921', '89', '709', '969', '949', '80']
['36', '653', '826', '623', '59', '1', '93', '333', '771', '15', '620', '811', '96', '476', '556', '596', '196', '114', '51', '173', '188', '71', '461', '604', '316', '305', '938', '356', '417', '737', '950']
['803', '223', '907', '545', '282', '177', '717', '708', '702', '685', '944', '471', '498', '719', '615', '800', '612', '162', '168', '524', '962', '533', '775', '214', '801', '975', '225', '284', '816', '10', '18', '714']
['758', '740', '64', '916', '875', '796', '414', '289', '11', '581', '142', '360', '584', '213', '510', '871', '751', '27', '484', '783', '159', '729', '403', '672', '690', '983', '986', '355', '458', '730', '326', '479']
['39', '759', '501', '934', '424', '125', '92', '898', '339', '704', '787', '317', '449', '29', '386', '19', '906', '396', '72', '861', '647', '443', '529', '271', '399', '122', '738', '840', '756', '99', '155', '101']
['940', '164', '919', '201', '248', '624', '833', '555', '539', '818', '736', '275', '242', '8', '892', '469', '205', '206', '17', '68', '437', '675', '571', '659', '727', '786', '46', '189', '292', '219', '733']
['839', '629', '41', '594', '178', '512', '200', '757', '312', '889', '113', '185', '901', '50', '943', '882', '891', '300', '48', '45', '426', '447', '567', '761', '716', '657', '336', '379', '985', '923', '911']
['703', '187', '251', '789', '965', '795', '852', '459', '315', '144', '856', '548', '389', '110', '824', '621', '385', '62', '202', '368', '78', '330', '350', '769', '38']
['132', '696', '947', '376', '134', '964', '633', '673', '669', '410', '707', '163', '782', '670', '939', '641', '290', '508', '334', '227', '868', '914', '764', '409', '301', '466', '532', '688', '181', '654']
['504', '82', '492', '734', '918', '681', '348', '794', '109', '115', '126', '369', '73', '446', '989', '395', '563', '237', '525', '482', '323', '768', '293', '692']
