['181']
['42']
['125']
['191']
['97', '194']
['247', '428']
['437', '238']
['212', '357']
['415', '137']
['484', '499']
['146', '249']
['277', '254']
['412', '61', '3']
['492', '276']
['406', '464']
['563', '281']
['565', '425', '60', '381', '49']
['540', '583']
['586', '203']
['200', '134']
['530', '517']
['111', '4', '489']
['378', '413', '141', '322', '353', '33', '272', '198', '290', '217', '90', '24', '44', '440', '301', '592', '434', '117', '474', '278', '536', '480', '268', '331', '29', '438', '466', '444', '161', '561', '554', '509', '145', '379', '20', '396', '11', '188', '62', '529', '429', '189', '452', '534', '77', '471', '588', '426', '445', '551', '158', '72', '420', '155', '334', '359', '190', '271', '543', '144', '597', '221', '372', '93', '387', '573', '242', '250', '193', '80', '596', '298', '314', '315', '122', '180', '333', '36', '470', '21', '274', '319', '202', '309', '599', '213', '67', '374', '199', '542', '32', '422', '341', '251', '176', '580', '515', '166', '215', '370']
['502', '164']
['171', '139']
['398', '2', '261']
['270', '575']
['594', '207']
['9', '490']
['252', '497']
['228', '148']
['133', '82']
['493', '512']
['318', '154']
['7', '116']
['79', '508']
['257', '308']
['330', '409']
['553', '92']
['416', '163']
['210', '43']
['421', '441', '550']
['17', '206']
['16', '459']
['587', '149']
['380', '219']
['223', '6', '506']
['26', '27']
['168', '414']
['201', '100']
['239', '450']
['317', '369']
['569', '153']
['405', '182']
['142', '525']
['590', '495']
['1', '568']
['245', '243']
['431', '296']
['103', '394']
['0', '432']
['494', '591']
['585', '118']
['59', '384']
['519', '537']
['472', '402']
['488', '535']
['289', '328']
['91', '345']
['581', '404']
['337', '510']
['307', '255']
['152', '260']
['8', '53']
['233', '266']
['458', '312']
['461', '360']
['362', '338']
['76', '300']
['442', '115']
['518', '482']
['498', '121']
['211', '325']
['481', '114']
['465', '40']
['69', '99']
['119', '310']
['399', '279']
['305', '208']
['291', '50']
['487', '343']
['386', '196']
['514', '349']
['538', '346']
['14', '197']
['454', '503']
['46', '468']
['361', '108']
['265', '286']
['547', '557']
['545', '355', '462', '165', '138', '383', '75', '342', '447', '51', '567', '183', '295', '58', '448', '288', '126', '240', '324', '236', '244', '582', '373', '130', '574', '443', '70', '294', '358', '224', '123', '85', '418', '64', '411', '280', '560', '593', '321', '348', '527', '453', '140', '347', '135', '283', '132', '483', '391', '12', '521', '316', '555', '170', '162', '311', '313', '475', '528', '595', '104', '507', '173', '419', '214', '505', '177', '439', '371', '504', '476', '222', '96', '541', '491', '531', '159', '157', '128', '253', '532', '304', '229', '524', '167', '446', '408', '209', '30', '433', '385', '38']
['558', '564']
['22']
['516', '486']
['336', '293']
['127', '339', '237']
['172', '401']
['572', '395']
['88', '205']
['467', '45']
['264', '377']
['84', '427']
['299', '5', '292']
['451', '457', '522']
['382', '120']
['323', '259']
['473', '230']
['284', '28']
['559', '195']
['81', '13', '109']
['169', '520']
['15', '367']
['174', '496']
['65', '147']
['256', '477']
['178', '340']
['175', '303']
['143', '376']
['526', '302']
['523', '248']
['68', '397']
['436', '552']
['479', '106']
['350', '578']
['589', '95', '335']
['110', '388']
['98', '548', '393']
['566', '423']
['556', '25']
['267', '48']
['501', '187']
['455', '232']
['417', '37']
['73', '354']
['285', '539', '410']
['23', '112']
['485', '204']
['34', '366']
['368', '435']
['216', '186', '63', '113', '598']
['407', '19']
['544', '478']
['71', '10']
['86', '234']
['218', '351']
['576', '227']
['364', '262']
['102', '577']
['579', '160']
['275', '273']
['57', '39']
['329', '287']
['424', '151']
['463', '363']
['83', '150']
['78', '269']
['241', '533']
['87', '101']
['246', '66']
['460', '549']
['94', '500']
['89', '31']
['326', '306']
['56', '282']
['107', '185']
['403', '356']
['184', '258']
['562', '390']
['430', '55']
['263', '179']
['52', '513']
['389', '469']
['231', '571']
['156', '226']
['41', '365']
['344', '54']
['225', '352']
['297', '192']
['332', '35']
['131', '375']
['235', '570']
['18']
['392', '449']
['327', '584']
['320', '136']
['47', '124']
['511', '129']
['220', '74']
['105', '400']
['546', '456']
