['108', '93', '961', '847', '746', '682', '726', '496', '910', '553', '103', '940', '308', '878', '111', '838', '454', '557', '109', '187', '98', '731', '338', '301', '914', '455', '637', '296', '634', '591', '692']
['559', '872', '828', '511', '83', '882', '252', '302', '911', '14', '599', '852', '733', '107', '233', '903', '367', '768', '389', '876', '279', '165', '257', '642', '833', '337', '446', '110', '226', '46', '722', '948']
['193', '61', '888', '270', '272', '125', '449', '932', '798', '491', '685', '154', '80', '515', '463', '772', '702', '473', '66', '130', '643', '434', '492', '535', '101', '102', '703', '575', '536', '186', '368', '247']
['336', '474', '781', '21', '480', '404', '268', '127', '887', '245', '18', '39', '143', '249', '960', '893', '477', '408', '753', '352', '373', '139', '621', '282', '170', '727', '785', '663', '297', '425', '385']
['691', '522', '47', '891', '312', '138', '382', '664', '153', '462', '205', '912', '88', '527', '353', '959', '796', '748', '763', '293', '925', '646', '681', '173', '44', '859', '381', '743', '147', '40', '372', '744']
['569', '831', '704', '181', '424', '273', '323', '212', '633', '923', '581', '775', '604', '36', '953', '451', '289', '941', '568', '113', '603', '427', '369', '432', '285', '783', '725', '63', '472', '161', '194', '586']
['10', '223', '423', '500', '344', '710', '736', '716', '371', '713', '234', '197', '441', '243', '694', '934', '104', '683', '8', '853', '856', '549', '509', '185', '45', '573', '123', '792', '930', '600']
['466', '849', '576', '19', '501', '469', '253', '72', '241', '723', '300', '78', '380', '881', '431', '294', '596', '188', '224', '235', '684', '196', '924', '370', '715', '360', '884', '470', '32', '167', '271', '420']
['649', '880', '590', '393', '359', '819', '797', '366', '426', '841', '764', '564', '52', '13', '458', '190', '124', '320', '507', '305', '751', '306', '322', '288', '412', '818', '351', '752', '414', '159']
['582', '886', '875', '608', '149', '309', '956', '482', '180', '815', '28', '183', '177', '537', '659', '913', '761', '445', '657', '444', '823', '55', '840', '698', '2', '115', '178', '602', '112', '148', '222']
['758', '577', '341', '610', '164', '589', '655', '361', '774', '202', '96', '357', '287', '25', '37', '606', '275', '572', '544', '595', '214', '307', '560', '168', '700', '365', '747', '418']
['952', '794', '754', '116', '706', '182', '789', '483', '329', '422', '672', '237', '921', '724', '30', '890', '151', '278', '869', '769', '459', '403', '790', '718', '839', '547', '543', '561', '232', '690', '324']
['520', '134', '439', '58', '114', '136', '717', '858', '588', '759', '896', '611', '358', '687', '629', '566', '229', '191', '791', '548', '571', '523', '826', '274', '339', '100', '213', '75', '4', '533']
['265', '767', '350', '701', '330', '355', '916', '505', '203', '516', '465', '489', '467', '846', '919', '770', '68', '803', '97', '33', '15', '866', '827', '947', '76', '230', '618', '942', '615', '345', '938', '935']
['707', '765', '519', '641', '579', '529', '295', '638', '773', '714', '192', '239', '452', '395', '832', '860', '917', '679', '836', '738', '784', '945', '808', '291', '376', '362', '741', '221', '739', '227', '879']
['92', '299', '126', '498', '94', '277', '27', '211', '20', '946', '199', '254', '652', '680', '614', '645', '809', '922', '776', '486', '816', '415', '625', '332', '255', '471', '405', '854', '49', '163']
['524', '240', '374', '144', '920', '251', '594', '521', '651', '225', '81', '788', '812', '624', '42', '835', '787', '873', '883', '607', '87', '648', '189', '540', '64', '349', '313', '734', '7', '207', '396', '628']
['1', '43', '152', '954', '335', '688', '410', '135', '54', '450', '711', '195', '850', '644', '490', '67', '457', '453', '208', '583', '804', '574', '742', '172', '802', '630', '757', '627', '901', '874', '461', '343']
['793', '398', '676', '416', '484', '609', '933', '242', '503', '900', '315', '50', '146', '619', '686', '304', '814', '902', '56', '286', '918', '417', '542', '198', '244', '375', '675', '889', '397', '409']
['862', '958', '256', '175', '950', '317', '204', '73', '855', '749', '85', '834', '795', '258', '24', '325', '877', '150', '166', '133', '813', '228', '392', '695', '895', '735', '936', '26', '328', '502', '721', '909']
['263', '48', '248', '140', '401', '554', '745', '267', '512', '699', '23', '518', '531', '898', '250', '708', '478', '635', '728', '156', '799', '493', '844', '342', '266', '506', '429', '528', '897']
['955', '217', '712', '842', '674', '926', '331', '612', '720', '497', '160', '811', '363', '142', '5', '364', '390', '145', '440', '824', '236', '31', '541', '79', '820', '587', '377', '949', '59', '386', '84']
['605', '158', '411', '216', '636', '777', '35', '276', '419', '508', '399', '122', '585', '11', '732', '16', '488', '525', '238', '499', '677', '17', '558', '870', '475', '617', '737', '800', '805', '280', '656']
['384', '290', '868', '647', '697', '209', '555', '201', '601', '671', '118', '476', '504', '456', '709', '179', '864', '929', '91', '6', '760', '443', '69', '584', '71', '613', '766', '106', '402', '53', '928']
['837', '120', '666', '693', '552', '259', '437', '565', '669', '857', '218', '567', '99', '556', '90', '200', '867', '379', '22', '340', '269', '848', '356', '551', '316', '334', '481', '865', '220', '592', '132']
['626', '321', '155', '413', '346', '570', '538', '215', '82', '822', '806', '260', '70', '387', '292', '825', '719', '904', '184', '762', '668', '620', '117', '141', '119', '378', '169', '219', '447', '311', '34']
['394', '485', '206', '598', '801', '779', '400', '284', '829', '845', '12', '460', '303', '729', '9', '689', '77', '661', '157', '597', '510', '821', '262', '673', '0', '391', '327', '654', '937', '756', '861', '128']
['29', '428', '62', '231', '487', '851', '755', '658', '545', '319', '281', '526', '383', '817', '38', '899', '843', '780', '131', '438', '532', '121', '563', '261', '162', '782', '562', '957', '174', '60', '354', '894']
['667', '885', '678', '435', '550', '348', '51', '176', '915', '246', '468', '74', '771', '442', '421', '907', '105', '830', '41', '696', '436', '137', '931', '593', '494', '908', '705', '730', '530', '660', '430', '871']
['326', '863', '513', '632', '892', '298', '333', '129', '943', '388', '314', '464', '310', '750', '944', '495', '433', '318', '3', '670', '578', '57', '283', '448', '653', '778', '616', '534', '517', '347', '786']
['905', '171', '639', '210', '740', '407', '622', '89', '95', '807', '631', '65', '927', '546', '640', '623', '264', '514', '86', '539', '479', '951', '939', '906', '810', '406', '662', '580', '650', '665']
